Paradox, version 3.0, 2008-07-29.
+++ PROBLEM: C:\Users\torsten\GitHub\colore\ontologies\multidim_space_codib\conversions\codib_down.all.tptp
Reading 'C:\Users\torsten\GitHub\colore\ontologies\multidim_space_codib\conversions\codib_down.all.tptp' ... OK
+++ SOLVING: C:\Users\torsten\GitHub\colore\ontologies\multidim_space_codib\conversions\codib_down.all.tptp
domain size 1
domain size 2
+++ BEGIN MODEL
SZS output start FiniteModel for C:\Users\torsten\GitHub\colore\ontologies\multidim_space_codib\conversions\codib_down.all.tptp
% domain size is 2
fof(domain, fi_domain,
  (![X] : (X = "1" | X = "2"))
).

fof(bcont, fi_predicates,
  ( bcont("1","1") <=> $false
  & bcont("1","2") <=> $false
  & bcont("2","1") <=> $false
  & bcont("2","2") <=> $false
  )
).

fof(c, fi_predicates,
  ( c("1","1") <=> $true
  & c("1","2") <=> $false
  & c("2","1") <=> $false
  & c("2","2") <=> $false
  )
).

fof(closed, fi_predicates,
  ( closed("1") <=> $true
  & closed("2") <=> $true
  )
).

fof(cont, fi_predicates,
  ( cont("1","1") <=> $true
  & cont("1","2") <=> $false
  & cont("2","1") <=> $false
  & cont("2","2") <=> $false
  )
).

fof(covers, fi_predicates,
  ( covers("1","1") <=> $false
  & covers("1","2") <=> $true
  & covers("2","1") <=> $false
  & covers("2","2") <=> $false
  )
).

fof(difference, fi_functors,
  ( difference("1","1") = "2"
  & difference("1","2") = "1"
  & difference("2","1") = "2"
  & difference("2","2") = "2"
  )
).

fof(eqdim, fi_predicates,
  ( eqdim("1","1") <=> $true
  & eqdim("1","2") <=> $false
  & eqdim("2","1") <=> $false
  & eqdim("2","2") <=> $true
  )
).

fof(geq, fi_predicates,
  ( geq("1","1") <=> $true
  & geq("1","2") <=> $true
  & geq("2","1") <=> $false
  & geq("2","2") <=> $true
  )
).

fof(gt, fi_predicates,
  ( gt("1","1") <=> $false
  & gt("1","2") <=> $true
  & gt("2","1") <=> $false
  & gt("2","2") <=> $false
  )
).

fof(icont, fi_predicates,
  ( icont("1","1") <=> $true
  & icont("1","2") <=> $false
  & icont("2","1") <=> $false
  & icont("2","2") <=> $false
  )
).

fof(inc, fi_predicates,
  ( inc("1","1") <=> $false
  & inc("1","2") <=> $false
  & inc("2","1") <=> $false
  & inc("2","2") <=> $false
  )
).

fof(intersection, fi_functors,
  ( intersection("1","1") = "1"
  & intersection("1","2") = "2"
  & intersection("2","1") = "2"
  & intersection("2","2") = "2"
  )
).

fof(leq, fi_predicates,
  ( leq("1","1") <=> $true
  & leq("1","2") <=> $false
  & leq("2","1") <=> $true
  & leq("2","2") <=> $true
  )
).

fof(lt, fi_predicates,
  ( lt("1","1") <=> $false
  & lt("1","2") <=> $false
  & lt("2","1") <=> $true
  & lt("2","2") <=> $false
  )
).

fof(max, fi_predicates,
  ( max("1") <=> $true
  & max("2") <=> $false
  )
).

fof(maxdim, fi_predicates,
  ( maxdim("1") <=> $true
  & maxdim("2") <=> $false
  )
).

fof(min, fi_predicates,
  ( min("1") <=> $true
  & min("2") <=> $false
  )
).

fof(mindim, fi_predicates,
  ( mindim("1") <=> $true
  & mindim("2") <=> $false
  )
).

fof(p, fi_predicates,
  ( p("1","1") <=> $true
  & p("1","2") <=> $false
  & p("2","1") <=> $false
  & p("2","2") <=> $false
  )
).

fof(po, fi_predicates,
  ( po("1","1") <=> $true
  & po("1","2") <=> $false
  & po("2","1") <=> $false
  & po("2","2") <=> $false
  )
).

fof(pp, fi_predicates,
  ( pp("1","1") <=> $false
  & pp("1","2") <=> $false
  & pp("2","1") <=> $false
  & pp("2","2") <=> $false
  )
).

fof(s, fi_predicates,
  ( s("1") <=> $true
  & s("2") <=> $true
  )
).

fof(sc, fi_predicates,
  ( sc("1","1") <=> $false
  & sc("1","2") <=> $false
  & sc("2","1") <=> $false
  & sc("2","2") <=> $false
  )
).

fof(tcont, fi_predicates,
  ( tcont("1","1") <=> $false
  & tcont("1","2") <=> $false
  & tcont("2","1") <=> $false
  & tcont("2","2") <=> $false
  )
).

fof(zex, fi_predicates,
  ( zex("1") <=> $false
  & zex("2") <=> $true
  )
).
SZS output end FiniteModel for C:\Users\torsten\GitHub\colore\ontologies\multidim_space_codib\conversions\codib_down.all.tptp
+++ END MODEL
+++ RESULT: Satisfiable
SZS status Satisfiable for C:\Users\torsten\GitHub\colore\ontologies\multidim_space_codib\conversions\codib_down.all.tptp

========================== MACLEOD SUMMARY ===========================
reasoner: C:/Users/torsten/macleod/paradox3
status: MODEL
execution finished: Thu Feb 25 11:59:47 2021
total CPU time used: 0
The command was "C:/Users/torsten/macleod/paradox3 --time 6000 --verbose 2 --model --tstp C:\Users\torsten\GitHub\colore\ontologies\multidim_space_codib\conversions\codib_down.all.tptp"
============================ end of footer ===========================
