============================== Mace4 =================================
Mace4 (32) version Oct-2007, Oct 2007.
Process 6088 was started by torsten on LAPTOP-UF9R3IH7,
Thu Feb 25 11:24:20 2021
The command was "/cygdrive/c/Users/torsten/macleod/mace4 -v0 -t600 -s60 -n2 -N40 -f C:\Users\torsten\GitHub\colore\ontologies\multidim_space_codib\conversions\codib_boundary_nontrivial.all.p9".
============================== end of head ===========================

============================== INPUT =================================

% Reading from file C:\Users\torsten\GitHub\colore\ontologies\multidim_space_codib\conversions\codib_boundary_nontrivial.all.p9


formulas(sos).
(all x all y (Cont(x,boundary(y)) <-> BCont(x,y))).
(exists var1 MinDim(var1)).
(exists var2 -MinDim(var2)).
(exists var3 Max(var3)).
(exists var4 -Max(var4)).
(exists var5 exists var6 (P(var5,var6) & var5 != var6)).
(exists var7 exists var8 (-P(var7,var8) & var7 != var8)).
(exists var9 exists var10 (Inc(var9,var10) & var9 != var10)).
(exists var11 exists var12 (-Inc(var11,var12) & var11 != var12)).
(exists var13 ZEX(var13)).
(exists var14 -ZEX(var14)).
(exists var15 exists var16 (EqDim(var15,var16) & var15 != var16)).
(exists var17 exists var18 (-EqDim(var17,var18) & var17 != var18)).
(exists var19 S(var19)).
(exists var20 -S(var20)).
(exists var21 exists var22 (leq(var21,var22) & var21 != var22)).
(exists var23 exists var24 (-leq(var23,var24) & var23 != var24)).
(exists var25 exists var26 (Cont(var25,var26) & var25 != var26)).
(exists var27 exists var28 (-Cont(var27,var28) & var27 != var28)).
(exists var29 exists var30 (lt(var29,var30) & var29 != var30)).
(exists var31 exists var32 (-lt(var31,var32) & var31 != var32)).
(exists var33 exists var34 (gt(var33,var34) & var33 != var34)).
(exists var35 exists var36 (-gt(var35,var36) & var35 != var36)).
(exists var37 Closed(var37)).
(exists var38 -Closed(var38)).
(exists var39 exists var40 (geq(var39,var40) & var39 != var40)).
(exists var41 exists var42 (-geq(var41,var42) & var41 != var42)).
(exists var43 MaxDim(var43)).
(exists var44 -MaxDim(var44)).
(exists var45 exists var46 (PP(var45,var46) & var45 != var46)).
(exists var47 exists var48 (-PP(var47,var48) & var47 != var48)).
(exists var49 Min(var49)).
(exists var50 -Min(var50)).
(exists var51 exists var52 (C(var51,var52) & var51 != var52)).
(exists var53 exists var54 (-C(var53,var54) & var53 != var54)).
(exists var55 exists var56 (SC(var55,var56) & var55 != var56)).
(exists var57 exists var58 (-SC(var57,var58) & var57 != var58)).
(exists var59 exists var60 (Covers(var59,var60) & var59 != var60)).
(exists var61 exists var62 (-Covers(var61,var62) & var61 != var62)).
(exists var63 exists var64 (PO(var63,var64) & var63 != var64)).
(exists var65 exists var66 (-PO(var65,var66) & var65 != var66)).
(exists var67 exists var68 (BCont(var67,var68) & var67 != var68)).
(exists var69 exists var70 (-BCont(var69,var70) & var69 != var70)).
(all x all y (SC(x,y) -> C(x,y))).
(all x all y (SC(x,y) -> -(exists z (Cont(z,x) & P(z,y))))).
(all x all y (SC(x,y) -> -(exists z (P(z,x) & Cont(z,y))))).
(all x all y (C(x,y) & (all z (-Cont(z,x) | -Cont(z,y) | -P(z,x) & -P(z,y))) -> SC(x,y))).
(all x -SC(x,x)).
(all x all y (SC(x,y) -> SC(y,x))).
(all x all y (SC(x,y) -> (exists z (lt(z,x) & lt(z,y) & Cont(z,x) & Cont(z,y))))).
(all x all y (SC(x,y) <-> (exists z (Cont(z,x) & Cont(z,y))) & (all z (Cont(z,x) & Cont(z,y) -> leq(z,x) & -EqDim(z,x) & leq(z,y) & -EqDim(z,y))))).
(all x all y (EqDim(x,y) <-> leq(x,y) & leq(y,x))).
(all x all y (leq(x,y) -> S(x))).
(all x all y (leq(x,y) -> S(y))).
(all x (ZEX(x) -> S(x))).
(all x (S(x) -> leq(x,x))).
(all x all y all z (leq(x,y) & leq(y,z) -> leq(x,z))).
(all x all y (ZEX(x) & ZEX(y) -> x = y)).
(all x all y (ZEX(x) & S(y) -> leq(x,y))).
(all x all y (Cont(x,y) -> leq(x,y))).
(exists x MinDim(x)).
(all x (MaxDim(x) <-> S(x) & -ZEX(x) & (all y (S(y) -> leq(y,x))))).
(all x (MinDim(x) <-> S(x) & -ZEX(x) & (all y (S(y) & -ZEX(y) -> leq(x,y))))).
(all x (S(x) & -ZEX(x) <-> Cont(x,x))).
(all x all y (Cont(x,y) & Cont(y,x) -> x = y)).
(all x all y all z (Cont(x,y) & Cont(y,z) -> Cont(x,z))).
(all x all y (ZEX(x) -> S(x) & -Cont(y,x) & -Cont(x,y))).
(all x all y (ZEX(x) & ZEX(y) -> x = y)).
(all x all y (P(x,y) <-> Cont(x,y) & EqDim(x,y))).
(all x all y (C(x,y) <-> (exists z (Cont(z,x) & Cont(z,y))))).
(all x -Inc(x,x)).
(all x all y (Inc(x,y) -> Inc(y,x))).
(all x all y (EqDim(x,y) -> -Inc(x,y))).
(all x all y (Inc(x,y) -> lt(x,y) | lt(y,x))).
(all x all y (Cont(x,y) & lt(x,y) -> Inc(x,y))).
(all x all y all z (Inc(x,y) & P(y,z) -> Inc(x,z))).
(all x all y (Inc(x,y) <-> (exists z (leq(z,x) & -EqDim(z,x) & Cont(z,x) & P(z,y))) | (exists z (leq(z,y) & -EqDim(z,y) & Cont(z,y) & P(z,x))))).
(all x (S(x) & -ZEX(x) -> PO(x,x))).
(all x all y (PO(x,y) -> PO(y,x))).
(all x all y (PO(x,y) -> EqDim(x,y))).
(all x all y (PO(x,y) <-> (exists z (P(z,x) & P(z,y))))).
(all x (Max(x) <-> S(x) & -ZEX(x) & (all y -PP(x,y)))).
(all x (Min(x) <-> S(x) & -ZEX(x) & (all y -PP(y,x)))).
(all x all y (PP(x,y) <-> P(x,y) & x != y)).
(all x all y (BCont(x,y) -> Cont(x,y) & -EqDim(x,y))).
(all x all y all v all z (SC(x,y) & Min(x) & P(x,v) & Cont(y,v) & Cont(z,x) & Cont(z,y) -> BCont(z,x))).
(all x all y all z all v (SC(x,y) & P(x,v) & P(y,v) & Cont(z,x) & Cont(z,y) & Covers(v,z) -> -BCont(z,v))).
(all x all y all z (BCont(x,y) & P(y,z) & (all v all w (P(v,z) & -PO(v,y) & P(w,x) -> -Cont(w,v))) -> BCont(x,z))).
(all x all y all z (BCont(x,y) & Cont(z,x) -> BCont(z,y))).
(all x all y (Covers(x,y) <-> lt(y,x) & (all z (S(z) -> -(lt(y,z) & lt(z,x)))))).
(all x all y (gt(x,y) <-> lt(y,x))).
(all x all y (geq(x,y) <-> leq(y,x))).
(all x all y (lt(x,y) <-> leq(x,y) & -EqDim(x,y))).
(all x (Closed(x) <-> (all y -BCont(y,x)))).
end_of_list.

% From the command line: clear(verbose).

% From the command line: assign(max_seconds, 600).

% From the command line: assign(max_seconds_per, 60).

% From the command line: assign(domain_size, 2).

% From the command line: assign(iterate_up_to, 40).

============================== end of input ==========================

============================== PROCESS NON-CLAUSAL FORMULAS ==========

% Formulas that are not ordinary clauses:
1 (all x all y (Cont(x,boundary(y)) <-> BCont(x,y))) # label(non_clause).  [assumption].
2 (exists var1 MinDim(var1)) # label(non_clause).  [assumption].
3 (exists var2 -MinDim(var2)) # label(non_clause).  [assumption].
4 (exists var3 Max(var3)) # label(non_clause).  [assumption].
5 (exists var4 -Max(var4)) # label(non_clause).  [assumption].
6 (exists var5 exists var6 (P(var5,var6) & var5 != var6)) # label(non_clause).  [assumption].
7 (exists var7 exists var8 (-P(var7,var8) & var7 != var8)) # label(non_clause).  [assumption].
8 (exists var9 exists var10 (Inc(var9,var10) & var9 != var10)) # label(non_clause).  [assumption].
9 (exists var11 exists var12 (-Inc(var11,var12) & var11 != var12)) # label(non_clause).  [assumption].
10 (exists var13 ZEX(var13)) # label(non_clause).  [assumption].
11 (exists var14 -ZEX(var14)) # label(non_clause).  [assumption].
12 (exists var15 exists var16 (EqDim(var15,var16) & var15 != var16)) # label(non_clause).  [assumption].
13 (exists var17 exists var18 (-EqDim(var17,var18) & var17 != var18)) # label(non_clause).  [assumption].
14 (exists var19 S(var19)) # label(non_clause).  [assumption].
15 (exists var20 -S(var20)) # label(non_clause).  [assumption].
16 (exists var21 exists var22 (leq(var21,var22) & var21 != var22)) # label(non_clause).  [assumption].
17 (exists var23 exists var24 (-leq(var23,var24) & var23 != var24)) # label(non_clause).  [assumption].
18 (exists var25 exists var26 (Cont(var25,var26) & var25 != var26)) # label(non_clause).  [assumption].
19 (exists var27 exists var28 (-Cont(var27,var28) & var27 != var28)) # label(non_clause).  [assumption].
20 (exists var29 exists var30 (lt(var29,var30) & var29 != var30)) # label(non_clause).  [assumption].
21 (exists var31 exists var32 (-lt(var31,var32) & var31 != var32)) # label(non_clause).  [assumption].
22 (exists var33 exists var34 (gt(var33,var34) & var33 != var34)) # label(non_clause).  [assumption].
23 (exists var35 exists var36 (-gt(var35,var36) & var35 != var36)) # label(non_clause).  [assumption].
24 (exists var37 Closed(var37)) # label(non_clause).  [assumption].
25 (exists var38 -Closed(var38)) # label(non_clause).  [assumption].
26 (exists var39 exists var40 (geq(var39,var40) & var39 != var40)) # label(non_clause).  [assumption].
27 (exists var41 exists var42 (-geq(var41,var42) & var41 != var42)) # label(non_clause).  [assumption].
28 (exists var43 MaxDim(var43)) # label(non_clause).  [assumption].
29 (exists var44 -MaxDim(var44)) # label(non_clause).  [assumption].
30 (exists var45 exists var46 (PP(var45,var46) & var45 != var46)) # label(non_clause).  [assumption].
31 (exists var47 exists var48 (-PP(var47,var48) & var47 != var48)) # label(non_clause).  [assumption].
32 (exists var49 Min(var49)) # label(non_clause).  [assumption].
33 (exists var50 -Min(var50)) # label(non_clause).  [assumption].
34 (exists var51 exists var52 (C(var51,var52) & var51 != var52)) # label(non_clause).  [assumption].
35 (exists var53 exists var54 (-C(var53,var54) & var53 != var54)) # label(non_clause).  [assumption].
36 (exists var55 exists var56 (SC(var55,var56) & var55 != var56)) # label(non_clause).  [assumption].
37 (exists var57 exists var58 (-SC(var57,var58) & var57 != var58)) # label(non_clause).  [assumption].
38 (exists var59 exists var60 (Covers(var59,var60) & var59 != var60)) # label(non_clause).  [assumption].
39 (exists var61 exists var62 (-Covers(var61,var62) & var61 != var62)) # label(non_clause).  [assumption].
40 (exists var63 exists var64 (PO(var63,var64) & var63 != var64)) # label(non_clause).  [assumption].
41 (exists var65 exists var66 (-PO(var65,var66) & var65 != var66)) # label(non_clause).  [assumption].
42 (exists var67 exists var68 (BCont(var67,var68) & var67 != var68)) # label(non_clause).  [assumption].
43 (exists var69 exists var70 (-BCont(var69,var70) & var69 != var70)) # label(non_clause).  [assumption].
44 (all x all y (SC(x,y) -> C(x,y))) # label(non_clause).  [assumption].
45 (all x all y (SC(x,y) -> -(exists z (Cont(z,x) & P(z,y))))) # label(non_clause).  [assumption].
46 (all x all y (SC(x,y) -> -(exists z (P(z,x) & Cont(z,y))))) # label(non_clause).  [assumption].
47 (all x all y (C(x,y) & (all z (-Cont(z,x) | -Cont(z,y) | -P(z,x) & -P(z,y))) -> SC(x,y))) # label(non_clause).  [assumption].
48 (all x -SC(x,x)) # label(non_clause).  [assumption].
49 (all x all y (SC(x,y) -> SC(y,x))) # label(non_clause).  [assumption].
50 (all x all y (SC(x,y) -> (exists z (lt(z,x) & lt(z,y) & Cont(z,x) & Cont(z,y))))) # label(non_clause).  [assumption].
51 (all x all y (SC(x,y) <-> (exists z (Cont(z,x) & Cont(z,y))) & (all z (Cont(z,x) & Cont(z,y) -> leq(z,x) & -EqDim(z,x) & leq(z,y) & -EqDim(z,y))))) # label(non_clause).  [assumption].
52 (all x all y (EqDim(x,y) <-> leq(x,y) & leq(y,x))) # label(non_clause).  [assumption].
53 (all x all y (leq(x,y) -> S(x))) # label(non_clause).  [assumption].
54 (all x all y (leq(x,y) -> S(y))) # label(non_clause).  [assumption].
55 (all x (ZEX(x) -> S(x))) # label(non_clause).  [assumption].
56 (all x (S(x) -> leq(x,x))) # label(non_clause).  [assumption].
57 (all x all y all z (leq(x,y) & leq(y,z) -> leq(x,z))) # label(non_clause).  [assumption].
58 (all x all y (ZEX(x) & ZEX(y) -> x = y)) # label(non_clause).  [assumption].
59 (all x all y (ZEX(x) & S(y) -> leq(x,y))) # label(non_clause).  [assumption].
60 (all x all y (Cont(x,y) -> leq(x,y))) # label(non_clause).  [assumption].
61 (exists x MinDim(x)) # label(non_clause).  [assumption].
62 (all x (MaxDim(x) <-> S(x) & -ZEX(x) & (all y (S(y) -> leq(y,x))))) # label(non_clause).  [assumption].
63 (all x (MinDim(x) <-> S(x) & -ZEX(x) & (all y (S(y) & -ZEX(y) -> leq(x,y))))) # label(non_clause).  [assumption].
64 (all x (S(x) & -ZEX(x) <-> Cont(x,x))) # label(non_clause).  [assumption].
65 (all x all y (Cont(x,y) & Cont(y,x) -> x = y)) # label(non_clause).  [assumption].
66 (all x all y all z (Cont(x,y) & Cont(y,z) -> Cont(x,z))) # label(non_clause).  [assumption].
67 (all x all y (ZEX(x) -> S(x) & -Cont(y,x) & -Cont(x,y))) # label(non_clause).  [assumption].
68 (all x all y (ZEX(x) & ZEX(y) -> x = y)) # label(non_clause).  [assumption].
69 (all x all y (P(x,y) <-> Cont(x,y) & EqDim(x,y))) # label(non_clause).  [assumption].
70 (all x all y (C(x,y) <-> (exists z (Cont(z,x) & Cont(z,y))))) # label(non_clause).  [assumption].
71 (all x -Inc(x,x)) # label(non_clause).  [assumption].
72 (all x all y (Inc(x,y) -> Inc(y,x))) # label(non_clause).  [assumption].
73 (all x all y (EqDim(x,y) -> -Inc(x,y))) # label(non_clause).  [assumption].
74 (all x all y (Inc(x,y) -> lt(x,y) | lt(y,x))) # label(non_clause).  [assumption].
75 (all x all y (Cont(x,y) & lt(x,y) -> Inc(x,y))) # label(non_clause).  [assumption].
76 (all x all y all z (Inc(x,y) & P(y,z) -> Inc(x,z))) # label(non_clause).  [assumption].
77 (all x all y (Inc(x,y) <-> (exists z (leq(z,x) & -EqDim(z,x) & Cont(z,x) & P(z,y))) | (exists z (leq(z,y) & -EqDim(z,y) & Cont(z,y) & P(z,x))))) # label(non_clause).  [assumption].
78 (all x (S(x) & -ZEX(x) -> PO(x,x))) # label(non_clause).  [assumption].
79 (all x all y (PO(x,y) -> PO(y,x))) # label(non_clause).  [assumption].
80 (all x all y (PO(x,y) -> EqDim(x,y))) # label(non_clause).  [assumption].
81 (all x all y (PO(x,y) <-> (exists z (P(z,x) & P(z,y))))) # label(non_clause).  [assumption].
82 (all x (Max(x) <-> S(x) & -ZEX(x) & (all y -PP(x,y)))) # label(non_clause).  [assumption].
83 (all x (Min(x) <-> S(x) & -ZEX(x) & (all y -PP(y,x)))) # label(non_clause).  [assumption].
84 (all x all y (PP(x,y) <-> P(x,y) & x != y)) # label(non_clause).  [assumption].
85 (all x all y (BCont(x,y) -> Cont(x,y) & -EqDim(x,y))) # label(non_clause).  [assumption].
86 (all x all y all v all z (SC(x,y) & Min(x) & P(x,v) & Cont(y,v) & Cont(z,x) & Cont(z,y) -> BCont(z,x))) # label(non_clause).  [assumption].
87 (all x all y all z all v (SC(x,y) & P(x,v) & P(y,v) & Cont(z,x) & Cont(z,y) & Covers(v,z) -> -BCont(z,v))) # label(non_clause).  [assumption].
88 (all x all y all z (BCont(x,y) & P(y,z) & (all v all w (P(v,z) & -PO(v,y) & P(w,x) -> -Cont(w,v))) -> BCont(x,z))) # label(non_clause).  [assumption].
89 (all x all y all z (BCont(x,y) & Cont(z,x) -> BCont(z,y))) # label(non_clause).  [assumption].
90 (all x all y (Covers(x,y) <-> lt(y,x) & (all z (S(z) -> -(lt(y,z) & lt(z,x)))))) # label(non_clause).  [assumption].
91 (all x all y (gt(x,y) <-> lt(y,x))) # label(non_clause).  [assumption].
92 (all x all y (geq(x,y) <-> leq(y,x))) # label(non_clause).  [assumption].
93 (all x all y (lt(x,y) <-> leq(x,y) & -EqDim(x,y))) # label(non_clause).  [assumption].
94 (all x (Closed(x) <-> (all y -BCont(y,x)))) # label(non_clause).  [assumption].

============================== end of process non-clausal formulas ===

============================== CLAUSES FOR SEARCH ====================

formulas(mace4_clauses).
-Cont(x,boundary(y)) | BCont(x,y).
Cont(x,boundary(y)) | -BCont(x,y).
MinDim(c1).
-MinDim(c2).
Max(c3).
-Max(c4).
P(c5,c6).
c6 != c5.
-P(c7,c8).
c8 != c7.
Inc(c9,c10).
c10 != c9.
-Inc(c11,c12).
c12 != c11.
ZEX(c13).
-ZEX(c14).
EqDim(c15,c16).
c16 != c15.
-EqDim(c17,c18).
c18 != c17.
S(c19).
-S(c20).
leq(c21,c22).
c22 != c21.
-leq(c23,c24).
c24 != c23.
Cont(c25,c26).
c26 != c25.
-Cont(c27,c28).
c28 != c27.
lt(c29,c30).
c30 != c29.
-lt(c31,c32).
c32 != c31.
gt(c33,c34).
c34 != c33.
-gt(c35,c36).
c36 != c35.
Closed(c37).
-Closed(c38).
geq(c39,c40).
c40 != c39.
-geq(c41,c42).
c42 != c41.
MaxDim(c43).
-MaxDim(c44).
PP(c45,c46).
c46 != c45.
-PP(c47,c48).
c48 != c47.
Min(c49).
-Min(c50).
C(c51,c52).
c52 != c51.
-C(c53,c54).
c54 != c53.
SC(c55,c56).
c56 != c55.
-SC(c57,c58).
c58 != c57.
Covers(c59,c60).
c60 != c59.
-Covers(c61,c62).
c62 != c61.
PO(c63,c64).
c64 != c63.
-PO(c65,c66).
c66 != c65.
BCont(c67,c68).
c68 != c67.
-BCont(c69,c70).
c70 != c69.
-SC(x,y) | C(x,y).
-SC(x,y) | -Cont(z,x) | -P(z,y).
-SC(x,y) | -P(z,x) | -Cont(z,y).
-C(x,y) | Cont(f1(x,y),x) | SC(x,y).
-C(x,y) | Cont(f1(x,y),y) | SC(x,y).
-C(x,y) | P(f1(x,y),x) | P(f1(x,y),y) | SC(x,y).
-SC(x,x).
-SC(x,y) | SC(y,x).
-SC(x,y) | lt(f2(x,y),x).
-SC(x,y) | lt(f2(x,y),y).
-SC(x,y) | Cont(f2(x,y),x).
-SC(x,y) | Cont(f2(x,y),y).
-SC(x,y) | Cont(f3(x,y),x).
-SC(x,y) | Cont(f3(x,y),y).
-SC(x,y) | -Cont(z,x) | -Cont(z,y) | leq(z,x).
-SC(x,y) | -Cont(z,x) | -Cont(z,y) | -EqDim(z,x).
-SC(x,y) | -Cont(z,x) | -Cont(z,y) | leq(z,y).
-SC(x,y) | -Cont(z,x) | -Cont(z,y) | -EqDim(z,y).
SC(x,y) | -Cont(z,x) | -Cont(z,y) | Cont(f4(x,y),x).
SC(x,y) | -Cont(z,x) | -Cont(z,y) | Cont(f4(x,y),y).
SC(x,y) | -Cont(z,x) | -Cont(z,y) | -leq(f4(x,y),x) | EqDim(f4(x,y),x) | -leq(f4(x,y),y) | EqDim(f4(x,y),y).
-EqDim(x,y) | leq(x,y).
-EqDim(x,y) | leq(y,x).
EqDim(x,y) | -leq(x,y) | -leq(y,x).
-leq(x,y) | S(x).
-leq(x,y) | S(y).
-ZEX(x) | S(x).
-S(x) | leq(x,x).
-leq(x,y) | -leq(y,z) | leq(x,z).
-ZEX(x) | -ZEX(y) | y = x.
-ZEX(x) | -S(y) | leq(x,y).
-Cont(x,y) | leq(x,y).
MinDim(c71).
-MaxDim(x) | S(x).
-MaxDim(x) | -ZEX(x).
-MaxDim(x) | -S(y) | leq(y,x).
MaxDim(x) | -S(x) | ZEX(x) | S(f5(x)).
MaxDim(x) | -S(x) | ZEX(x) | -leq(f5(x),x).
-MinDim(x) | S(x).
-MinDim(x) | -ZEX(x).
-MinDim(x) | -S(y) | ZEX(y) | leq(x,y).
MinDim(x) | -S(x) | ZEX(x) | S(f6(x)).
MinDim(x) | -S(x) | ZEX(x) | -ZEX(f6(x)).
MinDim(x) | -S(x) | ZEX(x) | -leq(x,f6(x)).
-S(x) | ZEX(x) | Cont(x,x).
S(x) | -Cont(x,x).
-ZEX(x) | -Cont(x,x).
-Cont(x,y) | -Cont(y,x) | y = x.
-Cont(x,y) | -Cont(y,z) | Cont(x,z).
-ZEX(x) | S(x).
-ZEX(x) | -Cont(y,x).
-ZEX(x) | -Cont(x,y).
-ZEX(x) | -ZEX(y) | y = x.
-P(x,y) | Cont(x,y).
-P(x,y) | EqDim(x,y).
P(x,y) | -Cont(x,y) | -EqDim(x,y).
-C(x,y) | Cont(f7(x,y),x).
-C(x,y) | Cont(f7(x,y),y).
C(x,y) | -Cont(z,x) | -Cont(z,y).
-Inc(x,x).
-Inc(x,y) | Inc(y,x).
-EqDim(x,y) | -Inc(x,y).
-Inc(x,y) | lt(x,y) | lt(y,x).
-Cont(x,y) | -lt(x,y) | Inc(x,y).
-Inc(x,y) | -P(y,z) | Inc(x,z).
-Inc(x,y) | leq(f8(x,y),x) | leq(f9(x,y),y).
-Inc(x,y) | leq(f8(x,y),x) | -EqDim(f9(x,y),y).
-Inc(x,y) | leq(f8(x,y),x) | Cont(f9(x,y),y).
-Inc(x,y) | leq(f8(x,y),x) | P(f9(x,y),x).
-Inc(x,y) | -EqDim(f8(x,y),x) | leq(f9(x,y),y).
-Inc(x,y) | -EqDim(f8(x,y),x) | -EqDim(f9(x,y),y).
-Inc(x,y) | -EqDim(f8(x,y),x) | Cont(f9(x,y),y).
-Inc(x,y) | -EqDim(f8(x,y),x) | P(f9(x,y),x).
-Inc(x,y) | Cont(f8(x,y),x) | leq(f9(x,y),y).
-Inc(x,y) | Cont(f8(x,y),x) | -EqDim(f9(x,y),y).
-Inc(x,y) | Cont(f8(x,y),x) | Cont(f9(x,y),y).
-Inc(x,y) | Cont(f8(x,y),x) | P(f9(x,y),x).
-Inc(x,y) | P(f8(x,y),y) | leq(f9(x,y),y).
-Inc(x,y) | P(f8(x,y),y) | -EqDim(f9(x,y),y).
-Inc(x,y) | P(f8(x,y),y) | Cont(f9(x,y),y).
-Inc(x,y) | P(f8(x,y),y) | P(f9(x,y),x).
Inc(x,y) | -leq(z,x) | EqDim(z,x) | -Cont(z,x) | -P(z,y).
Inc(x,y) | -leq(z,y) | EqDim(z,y) | -Cont(z,y) | -P(z,x).
-S(x) | ZEX(x) | PO(x,x).
-PO(x,y) | PO(y,x).
-PO(x,y) | EqDim(x,y).
-PO(x,y) | P(f10(x,y),x).
-PO(x,y) | P(f10(x,y),y).
PO(x,y) | -P(z,x) | -P(z,y).
-Max(x) | S(x).
-Max(x) | -ZEX(x).
-Max(x) | -PP(x,y).
Max(x) | -S(x) | ZEX(x) | PP(x,f11(x)).
-Min(x) | S(x).
-Min(x) | -ZEX(x).
-Min(x) | -PP(y,x).
Min(x) | -S(x) | ZEX(x) | PP(f12(x),x).
-PP(x,y) | P(x,y).
-PP(x,y) | y != x.
PP(x,y) | -P(x,y) | y = x.
-BCont(x,y) | Cont(x,y).
-BCont(x,y) | -EqDim(x,y).
-SC(x,y) | -Min(x) | -P(x,z) | -Cont(y,z) | -Cont(u,x) | -Cont(u,y) | BCont(u,x).
-SC(x,y) | -P(x,z) | -P(y,z) | -Cont(u,x) | -Cont(u,y) | -Covers(z,u) | -BCont(u,z).
-BCont(x,y) | -P(y,z) | P(f13(x,y,z),z) | BCont(x,z).
-BCont(x,y) | -P(y,z) | -PO(f13(x,y,z),y) | BCont(x,z).
-BCont(x,y) | -P(y,z) | P(f14(x,y,z),x) | BCont(x,z).
-BCont(x,y) | -P(y,z) | Cont(f14(x,y,z),f13(x,y,z)) | BCont(x,z).
-BCont(x,y) | -Cont(z,x) | BCont(z,y).
-Covers(x,y) | lt(y,x).
-Covers(x,y) | -S(z) | -lt(y,z) | -lt(z,x).
Covers(x,y) | -lt(y,x) | S(f15(x,y)).
Covers(x,y) | -lt(y,x) | lt(y,f15(x,y)).
Covers(x,y) | -lt(y,x) | lt(f15(x,y),x).
-gt(x,y) | lt(y,x).
gt(x,y) | -lt(y,x).
-geq(x,y) | leq(y,x).
geq(x,y) | -leq(y,x).
-lt(x,y) | leq(x,y).
-lt(x,y) | -EqDim(x,y).
lt(x,y) | -leq(x,y) | EqDim(x,y).
-Closed(x) | -BCont(y,x).
Closed(x) | BCont(f16(x),x).
end_of_list.

============================== end of clauses for search =============

% The maximum domain element in the input is 0.

============================== DOMAIN SIZE 2 =========================

=== Mace4 starting on domain size 2. ===

============================== STATISTICS ============================

For domain size 2.

Current CPU time: 0.00 seconds (total CPU time: 0.01 seconds).
Ground clauses: seen=629, kept=531.
Selections=1, assignments=2, propagations=110, current_models=0.
Rewrite_terms=16, rewrite_bools=930, indexes=8.
Rules_from_neg_clauses=14, cross_offs=14.

============================== end of statistics =====================

============================== DOMAIN SIZE 3 =========================

=== Mace4 starting on domain size 3. ===

============================== STATISTICS ============================

For domain size 3.

Current CPU time: 0.00 seconds (total CPU time: 0.05 seconds).
Ground clauses: seen=1577, kept=1382.
Selections=3064, assignments=9190, propagations=5236, current_models=0.
Rewrite_terms=33136, rewrite_bools=19895, indexes=35.
Rules_from_neg_clauses=4650, cross_offs=9341.

============================== end of statistics =====================

============================== DOMAIN SIZE 4 =========================

=== Mace4 starting on domain size 4. ===

========================== MACLEOD SUMMARY ===========================
reasoner: C:/Users/torsten/macleod/mace4
status: 
execution finished: Thu Feb 25 11:24:29 2021
total CPU time used: 0
The command was "C:/Users/torsten/macleod/mace4 -v0 -t600 -s60 -n2 -N40 -f C:\Users\torsten\GitHub\colore\ontologies\multidim_space_codib\conversions\codib_boundary_nontrivial.all.p9"
============================ end of footer ===========================
