============================== Mace4 =================================
Mace4 (32) version Oct-2007, Oct 2007.
Process 15152 was started by torsten on LAPTOP-UF9R3IH7,
Thu Feb 25 11:23:07 2021
The command was "/cygdrive/c/Users/torsten/macleod/mace4 -v0 -t600 -s60 -n2 -N40 -f C:\Users\torsten\GitHub\colore\ontologies\multidim_space_codib\conversions\codib.all.p9".
============================== end of head ===========================

============================== INPUT =================================

% Reading from file C:\Users\torsten\GitHub\colore\ontologies\multidim_space_codib\conversions\codib.all.p9


formulas(sos).
(all x all y (SC(x,y) -> C(x,y))).
(all x all y (SC(x,y) -> -(exists z (Cont(z,x) & P(z,y))))).
(all x all y (SC(x,y) -> -(exists z (P(z,x) & Cont(z,y))))).
(all x all y (C(x,y) & (all z (-Cont(z,x) | -Cont(z,y) | -P(z,x) & -P(z,y))) -> SC(x,y))).
(all x -SC(x,x)).
(all x all y (SC(x,y) -> SC(y,x))).
(all x all y (SC(x,y) -> (exists z (lt(z,x) & lt(z,y) & Cont(z,x) & Cont(z,y))))).
(all x all y (SC(x,y) <-> (exists z (Cont(z,x) & Cont(z,y))) & (all z (Cont(z,x) & Cont(z,y) -> leq(z,x) & -EqDim(z,x) & leq(z,y) & -EqDim(z,y))))).
(all x all y (EqDim(x,y) <-> leq(x,y) & leq(y,x))).
(all x all y (leq(x,y) -> S(x))).
(all x all y (leq(x,y) -> S(y))).
(all x (ZEX(x) -> S(x))).
(all x (S(x) -> leq(x,x))).
(all x all y all z (leq(x,y) & leq(y,z) -> leq(x,z))).
(all x all y (ZEX(x) & ZEX(y) -> x = y)).
(all x all y (ZEX(x) & S(y) -> leq(x,y))).
(all x all y (Cont(x,y) -> leq(x,y))).
(exists x MinDim(x)).
(all x (MaxDim(x) <-> S(x) & -ZEX(x) & (all y (S(y) -> leq(y,x))))).
(all x (MinDim(x) <-> S(x) & -ZEX(x) & (all y (S(y) & -ZEX(y) -> leq(x,y))))).
(all x (S(x) & -ZEX(x) <-> Cont(x,x))).
(all x all y (Cont(x,y) & Cont(y,x) -> x = y)).
(all x all y all z (Cont(x,y) & Cont(y,z) -> Cont(x,z))).
(all x all y (ZEX(x) -> S(x) & -Cont(y,x) & -Cont(x,y))).
(all x all y (ZEX(x) & ZEX(y) -> x = y)).
(all x all y (P(x,y) <-> Cont(x,y) & EqDim(x,y))).
(all x all y (C(x,y) <-> (exists z (Cont(z,x) & Cont(z,y))))).
(all x -Inc(x,x)).
(all x all y (Inc(x,y) -> Inc(y,x))).
(all x all y (EqDim(x,y) -> -Inc(x,y))).
(all x all y (Inc(x,y) -> lt(x,y) | lt(y,x))).
(all x all y (Cont(x,y) & lt(x,y) -> Inc(x,y))).
(all x all y all z (Inc(x,y) & P(y,z) -> Inc(x,z))).
(all x all y (Inc(x,y) <-> (exists z (leq(z,x) & -EqDim(z,x) & Cont(z,x) & P(z,y))) | (exists z (leq(z,y) & -EqDim(z,y) & Cont(z,y) & P(z,x))))).
(all x (S(x) & -ZEX(x) -> PO(x,x))).
(all x all y (PO(x,y) -> PO(y,x))).
(all x all y (PO(x,y) -> EqDim(x,y))).
(all x all y (PO(x,y) <-> (exists z (P(z,x) & P(z,y))))).
(all x (Max(x) <-> S(x) & -ZEX(x) & (all y -PP(x,y)))).
(all x (Min(x) <-> S(x) & -ZEX(x) & (all y -PP(y,x)))).
(all x all y (PP(x,y) <-> P(x,y) & x != y)).
(all x all y (BCont(x,y) -> Cont(x,y) & -EqDim(x,y))).
(all x all y all v all z (SC(x,y) & Min(x) & P(x,v) & Cont(y,v) & Cont(z,x) & Cont(z,y) -> BCont(z,x))).
(all x all y all z all v (SC(x,y) & P(x,v) & P(y,v) & Cont(z,x) & Cont(z,y) & Covers(v,z) -> -BCont(z,v))).
(all x all y all z (BCont(x,y) & P(y,z) & (all v all w (P(v,z) & -PO(v,y) & P(w,x) -> -Cont(w,v))) -> BCont(x,z))).
(all x all y all z (BCont(x,y) & Cont(z,x) -> BCont(z,y))).
(all x all y (Covers(x,y) <-> lt(y,x) & (all z (S(z) -> -(lt(y,z) & lt(z,x)))))).
(all x all y (gt(x,y) <-> lt(y,x))).
(all x all y (geq(x,y) <-> leq(y,x))).
(all x all y (lt(x,y) <-> leq(x,y) & -EqDim(x,y))).
(all x (Closed(x) <-> (all y -BCont(y,x)))).
end_of_list.

% From the command line: clear(verbose).

% From the command line: assign(max_seconds, 600).

% From the command line: assign(max_seconds_per, 60).

% From the command line: assign(domain_size, 2).

% From the command line: assign(iterate_up_to, 40).

============================== end of input ==========================

============================== PROCESS NON-CLAUSAL FORMULAS ==========

% Formulas that are not ordinary clauses:
1 (all x all y (SC(x,y) -> C(x,y))) # label(non_clause).  [assumption].
2 (all x all y (SC(x,y) -> -(exists z (Cont(z,x) & P(z,y))))) # label(non_clause).  [assumption].
3 (all x all y (SC(x,y) -> -(exists z (P(z,x) & Cont(z,y))))) # label(non_clause).  [assumption].
4 (all x all y (C(x,y) & (all z (-Cont(z,x) | -Cont(z,y) | -P(z,x) & -P(z,y))) -> SC(x,y))) # label(non_clause).  [assumption].
5 (all x -SC(x,x)) # label(non_clause).  [assumption].
6 (all x all y (SC(x,y) -> SC(y,x))) # label(non_clause).  [assumption].
7 (all x all y (SC(x,y) -> (exists z (lt(z,x) & lt(z,y) & Cont(z,x) & Cont(z,y))))) # label(non_clause).  [assumption].
8 (all x all y (SC(x,y) <-> (exists z (Cont(z,x) & Cont(z,y))) & (all z (Cont(z,x) & Cont(z,y) -> leq(z,x) & -EqDim(z,x) & leq(z,y) & -EqDim(z,y))))) # label(non_clause).  [assumption].
9 (all x all y (EqDim(x,y) <-> leq(x,y) & leq(y,x))) # label(non_clause).  [assumption].
10 (all x all y (leq(x,y) -> S(x))) # label(non_clause).  [assumption].
11 (all x all y (leq(x,y) -> S(y))) # label(non_clause).  [assumption].
12 (all x (ZEX(x) -> S(x))) # label(non_clause).  [assumption].
13 (all x (S(x) -> leq(x,x))) # label(non_clause).  [assumption].
14 (all x all y all z (leq(x,y) & leq(y,z) -> leq(x,z))) # label(non_clause).  [assumption].
15 (all x all y (ZEX(x) & ZEX(y) -> x = y)) # label(non_clause).  [assumption].
16 (all x all y (ZEX(x) & S(y) -> leq(x,y))) # label(non_clause).  [assumption].
17 (all x all y (Cont(x,y) -> leq(x,y))) # label(non_clause).  [assumption].
18 (exists x MinDim(x)) # label(non_clause).  [assumption].
19 (all x (MaxDim(x) <-> S(x) & -ZEX(x) & (all y (S(y) -> leq(y,x))))) # label(non_clause).  [assumption].
20 (all x (MinDim(x) <-> S(x) & -ZEX(x) & (all y (S(y) & -ZEX(y) -> leq(x,y))))) # label(non_clause).  [assumption].
21 (all x (S(x) & -ZEX(x) <-> Cont(x,x))) # label(non_clause).  [assumption].
22 (all x all y (Cont(x,y) & Cont(y,x) -> x = y)) # label(non_clause).  [assumption].
23 (all x all y all z (Cont(x,y) & Cont(y,z) -> Cont(x,z))) # label(non_clause).  [assumption].
24 (all x all y (ZEX(x) -> S(x) & -Cont(y,x) & -Cont(x,y))) # label(non_clause).  [assumption].
25 (all x all y (ZEX(x) & ZEX(y) -> x = y)) # label(non_clause).  [assumption].
26 (all x all y (P(x,y) <-> Cont(x,y) & EqDim(x,y))) # label(non_clause).  [assumption].
27 (all x all y (C(x,y) <-> (exists z (Cont(z,x) & Cont(z,y))))) # label(non_clause).  [assumption].
28 (all x -Inc(x,x)) # label(non_clause).  [assumption].
29 (all x all y (Inc(x,y) -> Inc(y,x))) # label(non_clause).  [assumption].
30 (all x all y (EqDim(x,y) -> -Inc(x,y))) # label(non_clause).  [assumption].
31 (all x all y (Inc(x,y) -> lt(x,y) | lt(y,x))) # label(non_clause).  [assumption].
32 (all x all y (Cont(x,y) & lt(x,y) -> Inc(x,y))) # label(non_clause).  [assumption].
33 (all x all y all z (Inc(x,y) & P(y,z) -> Inc(x,z))) # label(non_clause).  [assumption].
34 (all x all y (Inc(x,y) <-> (exists z (leq(z,x) & -EqDim(z,x) & Cont(z,x) & P(z,y))) | (exists z (leq(z,y) & -EqDim(z,y) & Cont(z,y) & P(z,x))))) # label(non_clause).  [assumption].
35 (all x (S(x) & -ZEX(x) -> PO(x,x))) # label(non_clause).  [assumption].
36 (all x all y (PO(x,y) -> PO(y,x))) # label(non_clause).  [assumption].
37 (all x all y (PO(x,y) -> EqDim(x,y))) # label(non_clause).  [assumption].
38 (all x all y (PO(x,y) <-> (exists z (P(z,x) & P(z,y))))) # label(non_clause).  [assumption].
39 (all x (Max(x) <-> S(x) & -ZEX(x) & (all y -PP(x,y)))) # label(non_clause).  [assumption].
40 (all x (Min(x) <-> S(x) & -ZEX(x) & (all y -PP(y,x)))) # label(non_clause).  [assumption].
41 (all x all y (PP(x,y) <-> P(x,y) & x != y)) # label(non_clause).  [assumption].
42 (all x all y (BCont(x,y) -> Cont(x,y) & -EqDim(x,y))) # label(non_clause).  [assumption].
43 (all x all y all v all z (SC(x,y) & Min(x) & P(x,v) & Cont(y,v) & Cont(z,x) & Cont(z,y) -> BCont(z,x))) # label(non_clause).  [assumption].
44 (all x all y all z all v (SC(x,y) & P(x,v) & P(y,v) & Cont(z,x) & Cont(z,y) & Covers(v,z) -> -BCont(z,v))) # label(non_clause).  [assumption].
45 (all x all y all z (BCont(x,y) & P(y,z) & (all v all w (P(v,z) & -PO(v,y) & P(w,x) -> -Cont(w,v))) -> BCont(x,z))) # label(non_clause).  [assumption].
46 (all x all y all z (BCont(x,y) & Cont(z,x) -> BCont(z,y))) # label(non_clause).  [assumption].
47 (all x all y (Covers(x,y) <-> lt(y,x) & (all z (S(z) -> -(lt(y,z) & lt(z,x)))))) # label(non_clause).  [assumption].
48 (all x all y (gt(x,y) <-> lt(y,x))) # label(non_clause).  [assumption].
49 (all x all y (geq(x,y) <-> leq(y,x))) # label(non_clause).  [assumption].
50 (all x all y (lt(x,y) <-> leq(x,y) & -EqDim(x,y))) # label(non_clause).  [assumption].
51 (all x (Closed(x) <-> (all y -BCont(y,x)))) # label(non_clause).  [assumption].

============================== end of process non-clausal formulas ===

============================== CLAUSES FOR SEARCH ====================

formulas(mace4_clauses).
-SC(x,y) | C(x,y).
-SC(x,y) | -Cont(z,x) | -P(z,y).
-SC(x,y) | -P(z,x) | -Cont(z,y).
-C(x,y) | Cont(f1(x,y),x) | SC(x,y).
-C(x,y) | Cont(f1(x,y),y) | SC(x,y).
-C(x,y) | P(f1(x,y),x) | P(f1(x,y),y) | SC(x,y).
-SC(x,x).
-SC(x,y) | SC(y,x).
-SC(x,y) | lt(f2(x,y),x).
-SC(x,y) | lt(f2(x,y),y).
-SC(x,y) | Cont(f2(x,y),x).
-SC(x,y) | Cont(f2(x,y),y).
-SC(x,y) | Cont(f3(x,y),x).
-SC(x,y) | Cont(f3(x,y),y).
-SC(x,y) | -Cont(z,x) | -Cont(z,y) | leq(z,x).
-SC(x,y) | -Cont(z,x) | -Cont(z,y) | -EqDim(z,x).
-SC(x,y) | -Cont(z,x) | -Cont(z,y) | leq(z,y).
-SC(x,y) | -Cont(z,x) | -Cont(z,y) | -EqDim(z,y).
SC(x,y) | -Cont(z,x) | -Cont(z,y) | Cont(f4(x,y),x).
SC(x,y) | -Cont(z,x) | -Cont(z,y) | Cont(f4(x,y),y).
SC(x,y) | -Cont(z,x) | -Cont(z,y) | -leq(f4(x,y),x) | EqDim(f4(x,y),x) | -leq(f4(x,y),y) | EqDim(f4(x,y),y).
-EqDim(x,y) | leq(x,y).
-EqDim(x,y) | leq(y,x).
EqDim(x,y) | -leq(x,y) | -leq(y,x).
-leq(x,y) | S(x).
-leq(x,y) | S(y).
-ZEX(x) | S(x).
-S(x) | leq(x,x).
-leq(x,y) | -leq(y,z) | leq(x,z).
-ZEX(x) | -ZEX(y) | y = x.
-ZEX(x) | -S(y) | leq(x,y).
-Cont(x,y) | leq(x,y).
MinDim(c1).
-MaxDim(x) | S(x).
-MaxDim(x) | -ZEX(x).
-MaxDim(x) | -S(y) | leq(y,x).
MaxDim(x) | -S(x) | ZEX(x) | S(f5(x)).
MaxDim(x) | -S(x) | ZEX(x) | -leq(f5(x),x).
-MinDim(x) | S(x).
-MinDim(x) | -ZEX(x).
-MinDim(x) | -S(y) | ZEX(y) | leq(x,y).
MinDim(x) | -S(x) | ZEX(x) | S(f6(x)).
MinDim(x) | -S(x) | ZEX(x) | -ZEX(f6(x)).
MinDim(x) | -S(x) | ZEX(x) | -leq(x,f6(x)).
-S(x) | ZEX(x) | Cont(x,x).
S(x) | -Cont(x,x).
-ZEX(x) | -Cont(x,x).
-Cont(x,y) | -Cont(y,x) | y = x.
-Cont(x,y) | -Cont(y,z) | Cont(x,z).
-ZEX(x) | S(x).
-ZEX(x) | -Cont(y,x).
-ZEX(x) | -Cont(x,y).
-ZEX(x) | -ZEX(y) | y = x.
-P(x,y) | Cont(x,y).
-P(x,y) | EqDim(x,y).
P(x,y) | -Cont(x,y) | -EqDim(x,y).
-C(x,y) | Cont(f7(x,y),x).
-C(x,y) | Cont(f7(x,y),y).
C(x,y) | -Cont(z,x) | -Cont(z,y).
-Inc(x,x).
-Inc(x,y) | Inc(y,x).
-EqDim(x,y) | -Inc(x,y).
-Inc(x,y) | lt(x,y) | lt(y,x).
-Cont(x,y) | -lt(x,y) | Inc(x,y).
-Inc(x,y) | -P(y,z) | Inc(x,z).
-Inc(x,y) | leq(f8(x,y),x) | leq(f9(x,y),y).
-Inc(x,y) | leq(f8(x,y),x) | -EqDim(f9(x,y),y).
-Inc(x,y) | leq(f8(x,y),x) | Cont(f9(x,y),y).
-Inc(x,y) | leq(f8(x,y),x) | P(f9(x,y),x).
-Inc(x,y) | -EqDim(f8(x,y),x) | leq(f9(x,y),y).
-Inc(x,y) | -EqDim(f8(x,y),x) | -EqDim(f9(x,y),y).
-Inc(x,y) | -EqDim(f8(x,y),x) | Cont(f9(x,y),y).
-Inc(x,y) | -EqDim(f8(x,y),x) | P(f9(x,y),x).
-Inc(x,y) | Cont(f8(x,y),x) | leq(f9(x,y),y).
-Inc(x,y) | Cont(f8(x,y),x) | -EqDim(f9(x,y),y).
-Inc(x,y) | Cont(f8(x,y),x) | Cont(f9(x,y),y).
-Inc(x,y) | Cont(f8(x,y),x) | P(f9(x,y),x).
-Inc(x,y) | P(f8(x,y),y) | leq(f9(x,y),y).
-Inc(x,y) | P(f8(x,y),y) | -EqDim(f9(x,y),y).
-Inc(x,y) | P(f8(x,y),y) | Cont(f9(x,y),y).
-Inc(x,y) | P(f8(x,y),y) | P(f9(x,y),x).
Inc(x,y) | -leq(z,x) | EqDim(z,x) | -Cont(z,x) | -P(z,y).
Inc(x,y) | -leq(z,y) | EqDim(z,y) | -Cont(z,y) | -P(z,x).
-S(x) | ZEX(x) | PO(x,x).
-PO(x,y) | PO(y,x).
-PO(x,y) | EqDim(x,y).
-PO(x,y) | P(f10(x,y),x).
-PO(x,y) | P(f10(x,y),y).
PO(x,y) | -P(z,x) | -P(z,y).
-Max(x) | S(x).
-Max(x) | -ZEX(x).
-Max(x) | -PP(x,y).
Max(x) | -S(x) | ZEX(x) | PP(x,f11(x)).
-Min(x) | S(x).
-Min(x) | -ZEX(x).
-Min(x) | -PP(y,x).
Min(x) | -S(x) | ZEX(x) | PP(f12(x),x).
-PP(x,y) | P(x,y).
-PP(x,y) | y != x.
PP(x,y) | -P(x,y) | y = x.
-BCont(x,y) | Cont(x,y).
-BCont(x,y) | -EqDim(x,y).
-SC(x,y) | -Min(x) | -P(x,z) | -Cont(y,z) | -Cont(u,x) | -Cont(u,y) | BCont(u,x).
-SC(x,y) | -P(x,z) | -P(y,z) | -Cont(u,x) | -Cont(u,y) | -Covers(z,u) | -BCont(u,z).
-BCont(x,y) | -P(y,z) | P(f13(x,y,z),z) | BCont(x,z).
-BCont(x,y) | -P(y,z) | -PO(f13(x,y,z),y) | BCont(x,z).
-BCont(x,y) | -P(y,z) | P(f14(x,y,z),x) | BCont(x,z).
-BCont(x,y) | -P(y,z) | Cont(f14(x,y,z),f13(x,y,z)) | BCont(x,z).
-BCont(x,y) | -Cont(z,x) | BCont(z,y).
-Covers(x,y) | lt(y,x).
-Covers(x,y) | -S(z) | -lt(y,z) | -lt(z,x).
Covers(x,y) | -lt(y,x) | S(f15(x,y)).
Covers(x,y) | -lt(y,x) | lt(y,f15(x,y)).
Covers(x,y) | -lt(y,x) | lt(f15(x,y),x).
-gt(x,y) | lt(y,x).
gt(x,y) | -lt(y,x).
-geq(x,y) | leq(y,x).
geq(x,y) | -leq(y,x).
-lt(x,y) | leq(x,y).
-lt(x,y) | -EqDim(x,y).
lt(x,y) | -leq(x,y) | EqDim(x,y).
-Closed(x) | -BCont(y,x).
Closed(x) | BCont(f16(x),x).
end_of_list.

============================== end of clauses for search =============

% The maximum domain element in the input is 0.

============================== DOMAIN SIZE 2 =========================

=== Mace4 starting on domain size 2. ===

============================== MODEL =================================

interpretation( 2, [number=1, seconds=0], [

        function(c1, [ 0 ]),

        function(f5(_), [ 0, 0 ]),

        function(f6(_), [ 0, 0 ]),

        function(f11(_), [ 0, 0 ]),

        function(f12(_), [ 0, 0 ]),

        function(f16(_), [ 0, 0 ]),

        function(f1(_,_), [
			   0, 0,
			   0, 0 ]),

        function(f2(_,_), [
			   0, 0,
			   0, 0 ]),

        function(f3(_,_), [
			   0, 0,
			   0, 0 ]),

        function(f4(_,_), [
			   0, 0,
			   0, 0 ]),

        function(f7(_,_), [
			   0, 0,
			   0, 0 ]),

        function(f8(_,_), [
			   0, 0,
			   0, 0 ]),

        function(f9(_,_), [
			   0, 0,
			   0, 0 ]),

        function(f10(_,_), [
			   0, 0,
			   0, 0 ]),

        function(f15(_,_), [
			   0, 0,
			   0, 0 ]),

        function(f13(_,_,_), [
			   0, 0,
			   0, 0,
			   0, 0,
			   0, 0 ]),

        function(f14(_,_,_), [
			   0, 0,
			   0, 0,
			   0, 0,
			   0, 0 ]),

        relation(Closed(_), [ 1, 1 ]),

        relation(Max(_), [ 1, 0 ]),

        relation(MaxDim(_), [ 1, 0 ]),

        relation(Min(_), [ 1, 0 ]),

        relation(MinDim(_), [ 1, 0 ]),

        relation(S(_), [ 1, 0 ]),

        relation(ZEX(_), [ 0, 0 ]),

        relation(BCont(_,_), [
			   0, 0,
			   0, 0 ]),

        relation(C(_,_), [
			   1, 0,
			   0, 0 ]),

        relation(Cont(_,_), [
			   1, 0,
			   0, 0 ]),

        relation(Covers(_,_), [
			   0, 0,
			   0, 0 ]),

        relation(EqDim(_,_), [
			   1, 0,
			   0, 0 ]),

        relation(Inc(_,_), [
			   0, 0,
			   0, 0 ]),

        relation(P(_,_), [
			   1, 0,
			   0, 0 ]),

        relation(PO(_,_), [
			   1, 0,
			   0, 0 ]),

        relation(PP(_,_), [
			   0, 0,
			   0, 0 ]),

        relation(SC(_,_), [
			   0, 0,
			   0, 0 ]),

        relation(geq(_,_), [
			   1, 0,
			   0, 0 ]),

        relation(gt(_,_), [
			   0, 0,
			   0, 0 ]),

        relation(leq(_,_), [
			   1, 0,
			   0, 0 ]),

        relation(lt(_,_), [
			   0, 0,
			   0, 0 ])
]).

============================== end of model ==========================

============================== STATISTICS ============================

For domain size 2.

Current CPU time: 0.00 seconds (total CPU time: 0.03 seconds).
Ground clauses: seen=551, kept=453.
Selections=66, assignments=66, propagations=67, current_models=1.
Rewrite_terms=215, rewrite_bools=684, indexes=42.
Rules_from_neg_clauses=2, cross_offs=2.

============================== end of statistics =====================

------ process 15152 exit (max_models) ------

User_CPU=0.03, System_CPU=0.01, Wall_clock=0.

Exiting with 1 model.

Process 15152 exit (max_models) Thu Feb 25 11:23:07 2021
The process finished Thu Feb 25 11:23:07 2021

========================== MACLEOD SUMMARY ===========================
reasoner: C:/Users/torsten/macleod/mace4
status: MODEL
execution finished: Thu Feb 25 11:23:17 2021
total CPU time used: 0
The command was "C:/Users/torsten/macleod/mace4 -v0 -t600 -s60 -n2 -N40 -f C:\Users\torsten\GitHub\colore\ontologies\multidim_space_codib\conversions\codib.all.p9"
============================ end of footer ===========================
