Paradox, version 3.0, 2008-07-29.
+++ PROBLEM: C:\Users\torsten\GitHub\colore\ontologies\multidim_space_dim\conversions\dim_prime_linear.all.tptp
Reading 'C:\Users\torsten\GitHub\colore\ontologies\multidim_space_dim\conversions\dim_prime_linear.all.tptp' ... OK
+++ SOLVING: C:\Users\torsten\GitHub\colore\ontologies\multidim_space_dim\conversions\dim_prime_linear.all.tptp
domain size 1
+++ BEGIN MODEL
SZS output start FiniteModel for C:\Users\torsten\GitHub\colore\ontologies\multidim_space_dim\conversions\dim_prime_linear.all.tptp
% domain size is 1
fof(domain, fi_domain,
  (![X] : (X = "1"))
).

fof(leq, fi_predicates,
  ( leq("1","1") <=> $true
  )
).

fof(maxdim, fi_predicates,
  ( maxdim("1") <=> $true
  )
).

fof(mindim, fi_predicates,
  ( mindim("1") <=> $true
  )
).

fof(s, fi_predicates,
  ( s("1") <=> $true
  )
).

fof(zex, fi_predicates,
  ( zex("1") <=> $false
  )
).
SZS output end FiniteModel for C:\Users\torsten\GitHub\colore\ontologies\multidim_space_dim\conversions\dim_prime_linear.all.tptp
+++ END MODEL
+++ RESULT: Satisfiable
SZS status Satisfiable for C:\Users\torsten\GitHub\colore\ontologies\multidim_space_dim\conversions\dim_prime_linear.all.tptp

========================== MACLEOD SUMMARY ===========================
reasoner: C:/Users/torsten/macleod/paradox3
status: MODEL
execution finished: Tue Feb 09 05:52:32 2021
total CPU time used: 0
The command was "C:/Users/torsten/macleod/paradox3 --time 30 --verbose 2 --model --tstp C:\Users\torsten\GitHub\colore\ontologies\multidim_space_dim\conversions\dim_prime_linear.all.tptp"
============================ end of footer ===========================
