Hi Geoff, go and have some cold beer while I am trying to solve this very hard problem!
% remaining time: 2999 next slice time: 3
dis-4_5_bd=off:bs=off:ep=RST:fde=none:lcm=predicate:n=on:nicw=on:nwc=2:ptb=off:sio=off:spl=backtracking:ss=included:ssec=off:st=5:updr=off_3 on C:\Users\torsten\GitHub\colore\ontologies\multidim_space_dim\conversions\dim_prime_linear.all
Refutation not found with incomplete strategy!
------------------------------
Version: Vampire 0.6 (revision 903)
Termination reason: Refutation not found, incomplete strategy

Active clauses: 31
Passive clauses: 33
Generated clauses: 45
Final active clauses: 31
Input formulas: 10
Initial clauses: 22

Selected by SInE selection: 10
SInE iterations: 1

Fw subsumption resolutions: 7

Simple tautologies: 5
Forward subsumptions: 2

Binary resolution: 16

Memory used: 127KB
Time elapsed: 0.003 s
------------------------------
% remaining time: 2999 next slice time: 13
dis-1010_2_bs=off:ep=on:n=on:nwc=1.5:sgo=on:sp=occurrence:ss=included:sswn=on:sswsr=on:st=1.5_13 on C:\Users\torsten\GitHub\colore\ontologies\multidim_space_dim\conversions\dim_prime_linear.all
Time limit reached!
------------------------------
Version: Vampire 0.6 (revision 903)
Termination reason: Time limit

Active clauses: 215
Passive clauses: 309
Generated clauses: 2087
Final active clauses: 215
Final passive clauses: 25
Input formulas: 10
Initial clauses: 21

Selected by SInE selection: 10
SInE iterations: 1

Duplicate literals: 58
Fw subsumption resolutions: 56

Simple tautologies: 178
Equational tautologies: 1
Forward subsumptions: 1544

Binary resolution: 947
Factoring: 936
Forward superposition: 68
Backward superposition: 2

Memory used: 639KB
Time elapsed: 1.405 s
------------------------------
% remaining time: 2985 next slice time: 32
lrs+11_14_bd=off:bs=off:bsr=on:cond=on:drc=off:fde=none:fsr=off:gsp=input_only:lcm=reverse:n=on:nwc=10:ptb=off:sfv=off:sgo=on:sio=off:sos=on:sp=reverse_arity:spl=backtracking:ssec=off:stl=81_32 on C:\Users\torsten\GitHub\colore\ontologies\multidim_space_dim\conversions\dim_prime_linear.all
Refutation not found with incomplete strategy!
------------------------------
Version: Vampire 0.6 (revision 903)
Termination reason: Refutation not found, incomplete strategy

Active clauses: 19
Final active clauses: 19
Input formulas: 10
Initial clauses: 19

Memory used: 127KB
Time elapsed: 0.002 s
------------------------------
% remaining time: 2985 next slice time: 95
dis+2_4_bs=off:ep=on:n=on:nicw=on:nwc=1.5:ptb=off:sac=on:sio=off:spl=backtracking:ssec=off_95 on C:\Users\torsten\GitHub\colore\ontologies\multidim_space_dim\conversions\dim_prime_linear.all
Refutation not found!
------------------------------
Version: Vampire 0.6 (revision 903)
Termination reason: Satisfiable

Active clauses: 35
Passive clauses: 43
Generated clauses: 92
Final active clauses: 31
Input formulas: 10
Initial clauses: 21

Duplicate literals: 1
Fw subsumption resolutions: 5

Simple tautologies: 15
Equational tautologies: 1
Forward subsumptions: 27

Binary resolution: 60

Backtracking splits: 3
Backtracking splits refuted: 2
Backtracking splits refuted at zero level: 2

Memory used: 127KB
Time elapsed: 0.004 s
------------------------------
% remaining time: 2984 next slice time: 4
lrs-1003_12_bms=on:bs=unit_only:bsr=on:cond=fast:drc=off:ep=on:fde=none:lcm=predicate:n=on:nicw=on:nwc=10:sfv=off:sgo=on:sio=off:sp=occurrence:spo=on:ssec=off:stl=81:updr=off_4 on C:\Users\torsten\GitHub\colore\ontologies\multidim_space_dim\conversions\dim_prime_linear.all
Time limit reached!
------------------------------
Version: Vampire 0.6 (revision 903)
Termination reason: Time limit

Active clauses: 189
Passive clauses: 743
Generated clauses: 1265
Final active clauses: 189
Final passive clauses: 554
Input formulas: 10
Initial clauses: 21

Fw subsumption resolutions: 89
Condensations: 37

Simple tautologies: 60
Equational tautologies: 1
Forward subsumptions: 311

Binary resolution: 1091
Factoring: 27

Memory used: 1023KB
Time elapsed: 0.502 s
------------------------------
% remaining time: 2979 next slice time: 22
lrs+1010_50_bs=off:drc=off:flr=on:lcm=predicate:n=on:nwc=1.2:sfv=off:sgo=on:stl=81_22 on C:\Users\torsten\GitHub\colore\ontologies\multidim_space_dim\conversions\dim_prime_linear.all
Refutation not found with incomplete strategy!
------------------------------
Version: Vampire 0.6 (revision 903)
Termination reason: Refutation not found, incomplete strategy

Active clauses: 33
Passive clauses: 33
Generated clauses: 97
Final active clauses: 33
Input formulas: 10
Initial clauses: 19

Duplicate literals: 7
Fw subsumption resolutions: 5

Simple tautologies: 17
Forward subsumptions: 37

Binary resolution: 68

Memory used: 127KB
Time elapsed: 0.007 s
------------------------------
% remaining time: 2979 next slice time: 41
dis-1010_5_bd=off:bs=off:cond=fast:ep=on:fde=none:lcm=predicate:n=on:nicw=on:nwc=1.3:ptb=off:sac=on:sgo=on:sio=off:sos=on:spl=backtracking:ssec=off:updr=off_41 on C:\Users\torsten\GitHub\colore\ontologies\multidim_space_dim\conversions\dim_prime_linear.all
Refutation not found with incomplete strategy!
------------------------------
Version: Vampire 0.6 (revision 903)
Termination reason: Refutation not found, incomplete strategy

Active clauses: 21
Final active clauses: 21
Input formulas: 10
Initial clauses: 21

Memory used: 127KB
Time elapsed: 0.003 s
------------------------------
% remaining time: 2978 next slice time: 237
lrs+1_2:1_bs=off:ep=on:gsp=input_only:lcm=predicate:n=on:nicw=on:nwc=1.1:ptb=off:sac=on:sgo=on:sio=off:sos=on:sp=occurrence:spl=backtracking:spo=on:ssec=off:stl=81:updr=off_237 on C:\Users\torsten\GitHub\colore\ontologies\multidim_space_dim\conversions\dim_prime_linear.all
Refutation not found with incomplete strategy!
------------------------------
Version: Vampire 0.6 (revision 903)
Termination reason: Refutation not found, incomplete strategy

Active clauses: 21
Final active clauses: 21
Input formulas: 10
Initial clauses: 21

Memory used: 127KB
Time elapsed: 0.002 s
------------------------------
% remaining time: 2978 next slice time: 311
lrs+11_40_bd=off:bs=unit_only:bsr=unit_only:drc=off:flr=on:lcm=predicate:n=on:ptb=off:sac=on:sfv=off:spl=backtracking:ssec=off:stl=81:updr=off_311 on C:\Users\torsten\GitHub\colore\ontologies\multidim_space_dim\conversions\dim_prime_linear.all

========================== MACLEOD SUMMARY ===========================
reasoner: C:/Users/torsten/macleod/vampire_win
status: 
execution finished: Tue Feb 09 05:52:32 2021
total CPU time used: 0
The command was "C:/Users/torsten/macleod/vampire_win --mode casc --proof tptp -t 300 --input_file C:\Users\torsten\GitHub\colore\ontologies\multidim_space_dim\conversions\dim_prime_linear.all.tptp"
============================ end of footer ===========================
