Paradox, version 4.0, 2010-06-29.
+++ PROBLEM: /stl/torsten/git/macleod/qs/multidim_mereotopology_codib/consistency/tptp/atomic_loop_curve_all_weak_nontrivial.all.tptp
Reading '/stl/torsten/git/macleod/qs/multidim_mereotopology_codib/consistency/tptp/atomic_loop_curve_all_weak_nontrivial.all.tptp' ... OK
+++ SOLVING: /stl/torsten/git/macleod/qs/multidim_mereotopology_codib/consistency/tptp/atomic_loop_curve_all_weak_nontrivial.all.tptp
domain size 1
domain size 2
domain size 3
domain size 4
Verified 13126 original and 0 eliminated clauses.
+++ BEGIN MODEL
SZS output start FiniteModel for /stl/torsten/git/macleod/qs/multidim_mereotopology_codib/consistency/tptp/atomic_loop_curve_all_weak_nontrivial.all.tptp
% domain size is 4
fof(domain, fi_domain,
  (![X] : (X = "1" | X = "2" | X = "3" | X = "4"))
).

fof(atomicloopcurve, fi_predicates,
  ( (atomicloopcurve("1") <=> $false)
  & (atomicloopcurve("2") <=> $false)
  & (atomicloopcurve("3") <=> $false)
  & (atomicloopcurve("4") <=> $true)
  )
).

fof(bcont, fi_predicates,
  ( (bcont("1","1") <=> $false)
  & (bcont("1","2") <=> $false)
  & (bcont("1","3") <=> $true)
  & (bcont("1","4") <=> $false)
  & (bcont("2","1") <=> $false)
  & (bcont("2","2") <=> $false)
  & (bcont("2","3") <=> $false)
  & (bcont("2","4") <=> $false)
  & (bcont("3","1") <=> $false)
  & (bcont("3","2") <=> $false)
  & (bcont("3","3") <=> $false)
  & (bcont("3","4") <=> $false)
  & (bcont("4","1") <=> $false)
  & (bcont("4","2") <=> $false)
  & (bcont("4","3") <=> $false)
  & (bcont("4","4") <=> $false)
  )
).

fof(c, fi_predicates,
  ( (c("1","1") <=> $true)
  & (c("1","2") <=> $false)
  & (c("1","3") <=> $true)
  & (c("1","4") <=> $true)
  & (c("2","1") <=> $false)
  & (c("2","2") <=> $true)
  & (c("2","3") <=> $true)
  & (c("2","4") <=> $false)
  & (c("3","1") <=> $true)
  & (c("3","2") <=> $true)
  & (c("3","3") <=> $true)
  & (c("3","4") <=> $true)
  & (c("4","1") <=> $true)
  & (c("4","2") <=> $false)
  & (c("4","3") <=> $true)
  & (c("4","4") <=> $true)
  )
).

fof(clifsym1, fi_predicates,
  ( (clifsym1("1","1") <=> $true)
  & (clifsym1("1","2") <=> $false)
  & (clifsym1("1","3") <=> $false)
  & (clifsym1("1","4") <=> $false)
  & (clifsym1("2","1") <=> $true)
  & (clifsym1("2","2") <=> $true)
  & (clifsym1("2","3") <=> $true)
  & (clifsym1("2","4") <=> $true)
  & (clifsym1("3","1") <=> $true)
  & (clifsym1("3","2") <=> $true)
  & (clifsym1("3","3") <=> $true)
  & (clifsym1("3","4") <=> $true)
  & (clifsym1("4","1") <=> $true)
  & (clifsym1("4","2") <=> $true)
  & (clifsym1("4","3") <=> $true)
  & (clifsym1("4","4") <=> $true)
  )
).

fof(clifsym2, fi_predicates,
  ( (clifsym2("1","1") <=> $false)
  & (clifsym2("1","2") <=> $false)
  & (clifsym2("1","3") <=> $false)
  & (clifsym2("1","4") <=> $false)
  & (clifsym2("2","1") <=> $true)
  & (clifsym2("2","2") <=> $false)
  & (clifsym2("2","3") <=> $false)
  & (clifsym2("2","4") <=> $false)
  & (clifsym2("3","1") <=> $true)
  & (clifsym2("3","2") <=> $false)
  & (clifsym2("3","3") <=> $false)
  & (clifsym2("3","4") <=> $false)
  & (clifsym2("4","1") <=> $true)
  & (clifsym2("4","2") <=> $false)
  & (clifsym2("4","3") <=> $false)
  & (clifsym2("4","4") <=> $false)
  )
).

fof(closed, fi_predicates,
  ( (closed("1") <=> $true)
  & (closed("2") <=> $true)
  & (closed("3") <=> $false)
  & (closed("4") <=> $true)
  )
).

fof(cont, fi_predicates,
  ( (cont("1","1") <=> $true)
  & (cont("1","2") <=> $false)
  & (cont("1","3") <=> $true)
  & (cont("1","4") <=> $true)
  & (cont("2","1") <=> $false)
  & (cont("2","2") <=> $true)
  & (cont("2","3") <=> $true)
  & (cont("2","4") <=> $false)
  & (cont("3","1") <=> $false)
  & (cont("3","2") <=> $false)
  & (cont("3","3") <=> $true)
  & (cont("3","4") <=> $false)
  & (cont("4","1") <=> $false)
  & (cont("4","2") <=> $false)
  & (cont("4","3") <=> $false)
  & (cont("4","4") <=> $true)
  )
).

fof(covers, fi_predicates,
  ( (covers("1","1") <=> $false)
  & (covers("1","2") <=> $false)
  & (covers("1","3") <=> $false)
  & (covers("1","4") <=> $false)
  & (covers("2","1") <=> $true)
  & (covers("2","2") <=> $false)
  & (covers("2","3") <=> $false)
  & (covers("2","4") <=> $false)
  & (covers("3","1") <=> $true)
  & (covers("3","2") <=> $false)
  & (covers("3","3") <=> $false)
  & (covers("3","4") <=> $false)
  & (covers("4","1") <=> $true)
  & (covers("4","2") <=> $false)
  & (covers("4","3") <=> $false)
  & (covers("4","4") <=> $false)
  )
).

fof(curve, fi_predicates,
  ( (curve("1") <=> $false)
  & (curve("2") <=> $true)
  & (curve("3") <=> $true)
  & (curve("4") <=> $true)
  )
).

fof(endpoint, fi_predicates,
  ( (endpoint("1","1") <=> $false)
  & (endpoint("1","2") <=> $false)
  & (endpoint("1","3") <=> $true)
  & (endpoint("1","4") <=> $false)
  & (endpoint("2","1") <=> $false)
  & (endpoint("2","2") <=> $false)
  & (endpoint("2","3") <=> $false)
  & (endpoint("2","4") <=> $false)
  & (endpoint("3","1") <=> $false)
  & (endpoint("3","2") <=> $false)
  & (endpoint("3","3") <=> $false)
  & (endpoint("3","4") <=> $false)
  & (endpoint("4","1") <=> $false)
  & (endpoint("4","2") <=> $false)
  & (endpoint("4","3") <=> $false)
  & (endpoint("4","4") <=> $false)
  )
).

fof(eqdim, fi_predicates,
  ( (eqdim("1","1") <=> $true)
  & (eqdim("1","2") <=> $false)
  & (eqdim("1","3") <=> $false)
  & (eqdim("1","4") <=> $false)
  & (eqdim("2","1") <=> $false)
  & (eqdim("2","2") <=> $true)
  & (eqdim("2","3") <=> $true)
  & (eqdim("2","4") <=> $true)
  & (eqdim("3","1") <=> $false)
  & (eqdim("3","2") <=> $true)
  & (eqdim("3","3") <=> $true)
  & (eqdim("3","4") <=> $true)
  & (eqdim("4","1") <=> $false)
  & (eqdim("4","2") <=> $true)
  & (eqdim("4","3") <=> $true)
  & (eqdim("4","4") <=> $true)
  )
).

fof(inc, fi_predicates,
  ( (inc("1","1") <=> $false)
  & (inc("1","2") <=> $false)
  & (inc("1","3") <=> $true)
  & (inc("1","4") <=> $true)
  & (inc("2","1") <=> $false)
  & (inc("2","2") <=> $false)
  & (inc("2","3") <=> $false)
  & (inc("2","4") <=> $false)
  & (inc("3","1") <=> $true)
  & (inc("3","2") <=> $false)
  & (inc("3","3") <=> $false)
  & (inc("3","4") <=> $false)
  & (inc("4","1") <=> $true)
  & (inc("4","2") <=> $false)
  & (inc("4","3") <=> $false)
  & (inc("4","4") <=> $false)
  )
).

fof(leq, fi_predicates,
  ( (leq("1","1") <=> $true)
  & (leq("1","2") <=> $true)
  & (leq("1","3") <=> $true)
  & (leq("1","4") <=> $true)
  & (leq("2","1") <=> $false)
  & (leq("2","2") <=> $true)
  & (leq("2","3") <=> $true)
  & (leq("2","4") <=> $true)
  & (leq("3","1") <=> $false)
  & (leq("3","2") <=> $true)
  & (leq("3","3") <=> $true)
  & (leq("3","4") <=> $true)
  & (leq("4","1") <=> $false)
  & (leq("4","2") <=> $true)
  & (leq("4","3") <=> $true)
  & (leq("4","4") <=> $true)
  )
).

fof(less, fi_predicates,
  ( (less("1","1") <=> $false)
  & (less("1","2") <=> $true)
  & (less("1","3") <=> $true)
  & (less("1","4") <=> $true)
  & (less("2","1") <=> $false)
  & (less("2","2") <=> $false)
  & (less("2","3") <=> $false)
  & (less("2","4") <=> $false)
  & (less("3","1") <=> $false)
  & (less("3","2") <=> $false)
  & (less("3","3") <=> $false)
  & (less("3","4") <=> $false)
  & (less("4","1") <=> $false)
  & (less("4","2") <=> $false)
  & (less("4","3") <=> $false)
  & (less("4","4") <=> $false)
  )
).

fof(max, fi_predicates,
  ( (max("1") <=> $true)
  & (max("2") <=> $false)
  & (max("3") <=> $true)
  & (max("4") <=> $true)
  )
).

fof(maxdim, fi_predicates,
  ( (maxdim("1") <=> $false)
  & (maxdim("2") <=> $true)
  & (maxdim("3") <=> $true)
  & (maxdim("4") <=> $true)
  )
).

fof(min, fi_predicates,
  ( (min("1") <=> $true)
  & (min("2") <=> $true)
  & (min("3") <=> $false)
  & (min("4") <=> $true)
  )
).

fof(mindim, fi_predicates,
  ( (mindim("1") <=> $true)
  & (mindim("2") <=> $false)
  & (mindim("3") <=> $false)
  & (mindim("4") <=> $false)
  )
).

fof(p, fi_predicates,
  ( (p("1","1") <=> $true)
  & (p("1","2") <=> $false)
  & (p("1","3") <=> $false)
  & (p("1","4") <=> $false)
  & (p("2","1") <=> $false)
  & (p("2","2") <=> $true)
  & (p("2","3") <=> $true)
  & (p("2","4") <=> $false)
  & (p("3","1") <=> $false)
  & (p("3","2") <=> $false)
  & (p("3","3") <=> $true)
  & (p("3","4") <=> $false)
  & (p("4","1") <=> $false)
  & (p("4","2") <=> $false)
  & (p("4","3") <=> $false)
  & (p("4","4") <=> $true)
  )
).

fof(po, fi_predicates,
  ( (po("1","1") <=> $true)
  & (po("1","2") <=> $false)
  & (po("1","3") <=> $false)
  & (po("1","4") <=> $false)
  & (po("2","1") <=> $false)
  & (po("2","2") <=> $true)
  & (po("2","3") <=> $true)
  & (po("2","4") <=> $false)
  & (po("3","1") <=> $false)
  & (po("3","2") <=> $true)
  & (po("3","3") <=> $true)
  & (po("3","4") <=> $false)
  & (po("4","1") <=> $false)
  & (po("4","2") <=> $false)
  & (po("4","3") <=> $false)
  & (po("4","4") <=> $true)
  )
).

fof(point, fi_predicates,
  ( (point("1") <=> $true)
  & (point("2") <=> $false)
  & (point("3") <=> $false)
  & (point("4") <=> $false)
  )
).

fof(pp, fi_predicates,
  ( (pp("1","1") <=> $false)
  & (pp("1","2") <=> $false)
  & (pp("1","3") <=> $false)
  & (pp("1","4") <=> $false)
  & (pp("2","1") <=> $false)
  & (pp("2","2") <=> $false)
  & (pp("2","3") <=> $true)
  & (pp("2","4") <=> $false)
  & (pp("3","1") <=> $false)
  & (pp("3","2") <=> $false)
  & (pp("3","3") <=> $false)
  & (pp("3","4") <=> $false)
  & (pp("4","1") <=> $false)
  & (pp("4","2") <=> $false)
  & (pp("4","3") <=> $false)
  & (pp("4","4") <=> $false)
  )
).

fof(sK0_sos10_X11, fi_functors,
  ( (sK0_sos10_X11("1") = "3")
  & (sK0_sos10_X11("2") = "4")
  & (sK0_sos10_X11("3") = "2")
  & (sK0_sos10_X11("4") = "1")
  )
).

fof(sK100_sos420_X421, fi_functors,
  ( (sK100_sos420_X421 = "3")
  )
).

fof(sK101_sos430_X432, fi_functors,
  ( (sK101_sos430_X432 = "3")
  )
).

fof(sK102_sos430_X431, fi_functors,
  ( (sK102_sos430_X431 = "1")
  )
).

fof(sK103_sos440_X442, fi_functors,
  ( (sK103_sos440_X442 = "2")
  )
).

fof(sK104_sos440_X441, fi_functors,
  ( (sK104_sos440_X441 = "1")
  )
).

fof(sK105_sos450_X451, fi_functors,
  ( (sK105_sos450_X451 = "4")
  )
).

fof(sK106_sos460_X461, fi_functors,
  ( (sK106_sos460_X461 = "1")
  )
).

fof(sK107_sos470_X471, fi_functors,
  ( (sK107_sos470_X471 = "1")
  )
).

fof(sK108_sos480_X481, fi_functors,
  ( (sK108_sos480_X481 = "2")
  )
).

fof(sK109_sos490_X491, fi_functors,
  ( (sK109_sos490_X491 = "1")
  )
).

fof(sK110_sos500_X501, fi_functors,
  ( (sK110_sos500_X501 = "3")
  )
).

fof(sK111_sos510_X511, fi_functors,
  ( (sK111_sos510_X511 = "1")
  )
).

fof(sK112_sos520_X521, fi_functors,
  ( (sK112_sos520_X521 = "3")
  )
).

fof(sK113_sos530_X531, fi_functors,
  ( (sK113_sos530_X531 = "4")
  )
).

fof(sK114_sos540_X541, fi_functors,
  ( (sK114_sos540_X541 = "1")
  )
).

fof(sK115_sos550_X552, fi_functors,
  ( (sK115_sos550_X552 = "2")
  )
).

fof(sK116_sos550_X551, fi_functors,
  ( (sK116_sos550_X551 = "3")
  )
).

fof(sK117_sos560_X562, fi_functors,
  ( (sK117_sos560_X562 = "1")
  )
).

fof(sK118_sos560_X561, fi_functors,
  ( (sK118_sos560_X561 = "2")
  )
).

fof(sK119_sos570_X572, fi_functors,
  ( (sK119_sos570_X572 = "2")
  )
).

fof(sK120_sos570_X571, fi_functors,
  ( (sK120_sos570_X571 = "3")
  )
).

fof(sK121_sos580_X582, fi_functors,
  ( (sK121_sos580_X582 = "1")
  )
).

fof(sK122_sos580_X581, fi_functors,
  ( (sK122_sos580_X581 = "3")
  )
).

fof(sK123_sos590_X591, fi_functors,
  ( (sK123_sos590_X591 = "4")
  )
).

fof(sK124_sos600_X601, fi_functors,
  ( (sK124_sos600_X601 = "2")
  )
).

fof(sK125_sos610_X612, fi_functors,
  ( (sK125_sos610_X612 = "3")
  )
).

fof(sK126_sos610_X611, fi_functors,
  ( (sK126_sos610_X611 = "2")
  )
).

fof(sK127_sos620_X622, fi_functors,
  ( (sK127_sos620_X622 = "4")
  )
).

fof(sK128_sos620_X621, fi_functors,
  ( (sK128_sos620_X621 = "2")
  )
).

fof(sK129_sos630_X632, fi_functors,
  ( (sK129_sos630_X632 = "3")
  )
).

fof(sK130_sos630_X631, fi_functors,
  ( (sK130_sos630_X631 = "2")
  )
).

fof(sK131_sos640_X642, fi_functors,
  ( (sK131_sos640_X642 = "2")
  )
).

fof(sK132_sos640_X641, fi_functors,
  ( (sK132_sos640_X641 = "1")
  )
).

fof(sK133_sos650_X652, fi_functors,
  ( (sK133_sos650_X652 = "4")
  )
).

fof(sK134_sos650_X651, fi_functors,
  ( (sK134_sos650_X651 = "1")
  )
).

fof(sK135_sos660_X662, fi_functors,
  ( (sK135_sos660_X662 = "2")
  )
).

fof(sK136_sos660_X661, fi_functors,
  ( (sK136_sos660_X661 = "3")
  )
).

fof(sK137_sos670_X672, fi_functors,
  ( (sK137_sos670_X672 = "2")
  )
).

fof(sK138_sos670_X671, fi_functors,
  ( (sK138_sos670_X671 = "1")
  )
).

fof(sK139_sos680_X682, fi_functors,
  ( (sK139_sos680_X682 = "1")
  )
).

fof(sK140_sos680_X681, fi_functors,
  ( (sK140_sos680_X681 = "3")
  )
).

fof(sK141_sos690_X692, fi_functors,
  ( (sK141_sos690_X692 = "4")
  )
).

fof(sK142_sos690_X691, fi_functors,
  ( (sK142_sos690_X691 = "3")
  )
).

fof(sK143_sos700_X702, fi_functors,
  ( (sK143_sos700_X702 = "2")
  )
).

fof(sK144_sos700_X701, fi_functors,
  ( (sK144_sos700_X701 = "1")
  )
).

fof(sK145_sos710_X712, fi_functors,
  ( (sK145_sos710_X712 = "3")
  )
).

fof(sK146_sos710_X711, fi_functors,
  ( (sK146_sos710_X711 = "4")
  )
).

fof(sK147_sos720_X722, fi_functors,
  ( (sK147_sos720_X722 = "2")
  )
).

fof(sK148_sos720_X721, fi_functors,
  ( (sK148_sos720_X721 = "1")
  )
).

fof(sK149_sos730_X732, fi_functors,
  ( (sK149_sos730_X732 = "1")
  )
).

fof(sK150_sos730_X731, fi_functors,
  ( (sK150_sos730_X731 = "2")
  )
).

fof(sK151_sos740_X742, fi_functors,
  ( (sK151_sos740_X742 = "3")
  )
).

fof(sK152_sos740_X741, fi_functors,
  ( (sK152_sos740_X741 = "4")
  )
).

fof(sK153_sos750_X752, fi_functors,
  ( (sK153_sos750_X752 = "1")
  )
).

fof(sK154_sos750_X751, fi_functors,
  ( (sK154_sos750_X751 = "2")
  )
).

fof(sK155_sos760_X762, fi_functors,
  ( (sK155_sos760_X762 = "2")
  )
).

fof(sK156_sos760_X761, fi_functors,
  ( (sK156_sos760_X761 = "4")
  )
).

fof(sK157_sos770_X772, fi_functors,
  ( (sK157_sos770_X772 = "4")
  )
).

fof(sK158_sos770_X771, fi_functors,
  ( (sK158_sos770_X771 = "3")
  )
).

fof(sK159_sos780_X782, fi_functors,
  ( (sK159_sos780_X782 = "2")
  )
).

fof(sK160_sos780_X781, fi_functors,
  ( (sK160_sos780_X781 = "1")
  )
).

fof(sK161_sos790_X792, fi_functors,
  ( (sK161_sos790_X792 = "2")
  )
).

fof(sK162_sos790_X791, fi_functors,
  ( (sK162_sos790_X791 = "3")
  )
).

fof(sK163_sos800_X802, fi_functors,
  ( (sK163_sos800_X802 = "1")
  )
).

fof(sK164_sos800_X801, fi_functors,
  ( (sK164_sos800_X801 = "2")
  )
).

fof(sK165_sos810_X811, fi_functors,
  ( (sK165_sos810_X811 = "1")
  )
).

fof(sK166_sos820_X821, fi_functors,
  ( (sK166_sos820_X821 = "3")
  )
).

fof(sK167_sos830_X832, fi_functors,
  ( (sK167_sos830_X832 = "2")
  )
).

fof(sK168_sos830_X831, fi_functors,
  ( (sK168_sos830_X831 = "3")
  )
).

fof(sK169_sos840_X842, fi_functors,
  ( (sK169_sos840_X842 = "3")
  )
).

fof(sK170_sos840_X841, fi_functors,
  ( (sK170_sos840_X841 = "1")
  )
).

fof(sK171_sos850_X852, fi_functors,
  ( (sK171_sos850_X852 = "3")
  )
).

fof(sK172_sos850_X851, fi_functors,
  ( (sK172_sos850_X851 = "2")
  )
).

fof(sK173_sos860_X862, fi_functors,
  ( (sK173_sos860_X862 = "3")
  )
).

fof(sK174_sos860_X861, fi_functors,
  ( (sK174_sos860_X861 = "1")
  )
).

fof(sK175_sos870_X871, fi_functors,
  ( (sK175_sos870_X871 = "1")
  )
).

fof(sK176_sos880_X881, fi_functors,
  ( (sK176_sos880_X881 = "3")
  )
).

fof(sK177_sos890_X892, fi_functors,
  ( (sK177_sos890_X892 = "1")
  )
).

fof(sK178_sos890_X891, fi_functors,
  ( (sK178_sos890_X891 = "3")
  )
).

fof(sK179_sos900_X902, fi_functors,
  ( (sK179_sos900_X902 = "3")
  )
).

fof(sK180_sos900_X901, fi_functors,
  ( (sK180_sos900_X901 = "4")
  )
).

fof(sK181_sos910_X912, fi_functors,
  ( (sK181_sos910_X912 = "1")
  )
).

fof(sK182_sos910_X911, fi_functors,
  ( (sK182_sos910_X911 = "3")
  )
).

fof(sK183_sos920_X922, fi_functors,
  ( (sK183_sos920_X922 = "3")
  )
).

fof(sK184_sos920_X921, fi_functors,
  ( (sK184_sos920_X921 = "2")
  )
).

fof(sK185_sos930_X932, fi_functors,
  ( (sK185_sos930_X932 = "4")
  )
).

fof(sK186_sos930_X931, fi_functors,
  ( (sK186_sos930_X931 = "2")
  )
).

fof(sK187_sos940_X942, fi_functors,
  ( (sK187_sos940_X942 = "2")
  )
).

fof(sK188_sos940_X941, fi_functors,
  ( (sK188_sos940_X941 = "1")
  )
).

fof(sK189_sos950_X952, fi_functors,
  ( (sK189_sos950_X952 = "3")
  )
).

fof(sK190_sos950_X951, fi_functors,
  ( (sK190_sos950_X951 = "2")
  )
).

fof(sK191_sos960_X962, fi_functors,
  ( (sK191_sos960_X962 = "2")
  )
).

fof(sK192_sos960_X961, fi_functors,
  ( (sK192_sos960_X961 = "1")
  )
).

fof(sK193_sos970_X973, fi_functors,
  ( (sK193_sos970_X973("1","1") = "1")
  & (sK193_sos970_X973("1","2") = "3")
  & (sK193_sos970_X973("1","3") = "1")
  & (sK193_sos970_X973("1","4") = "3")
  & (sK193_sos970_X973("2","1") = "4")
  & (sK193_sos970_X973("2","2") = "1")
  & (sK193_sos970_X973("2","3") = "4")
  & (sK193_sos970_X973("2","4") = "3")
  & (sK193_sos970_X973("3","1") = "1")
  & (sK193_sos970_X973("3","2") = "1")
  & (sK193_sos970_X973("3","3") = "2")
  & (sK193_sos970_X973("3","4") = "2")
  & (sK193_sos970_X973("4","1") = "3")
  & (sK193_sos970_X973("4","2") = "3")
  & (sK193_sos970_X973("4","3") = "3")
  & (sK193_sos970_X973("4","4") = "3")
  )
).

fof(sK197_sos980_X983, fi_functors,
  ( (sK197_sos980_X983("1","1") = "1")
  & (sK197_sos980_X983("1","2") = "1")
  & (sK197_sos980_X983("1","3") = "1")
  & (sK197_sos980_X983("1","4") = "1")
  & (sK197_sos980_X983("2","1") = "4")
  & (sK197_sos980_X983("2","2") = "1")
  & (sK197_sos980_X983("2","3") = "1")
  & (sK197_sos980_X983("2","4") = "4")
  & (sK197_sos980_X983("3","1") = "4")
  & (sK197_sos980_X983("3","2") = "2")
  & (sK197_sos980_X983("3","3") = "2")
  & (sK197_sos980_X983("3","4") = "2")
  & (sK197_sos980_X983("4","1") = "4")
  & (sK197_sos980_X983("4","2") = "3")
  & (sK197_sos980_X983("4","3") = "4")
  & (sK197_sos980_X983("4","4") = "3")
  )
).

fof(sK198_sos980_X983, fi_functors,
  ( (sK198_sos980_X983("1","1") = "1")
  & (sK198_sos980_X983("1","2") = "3")
  & (sK198_sos980_X983("1","3") = "1")
  & (sK198_sos980_X983("1","4") = "4")
  & (sK198_sos980_X983("2","1") = "3")
  & (sK198_sos980_X983("2","2") = "3")
  & (sK198_sos980_X983("2","3") = "3")
  & (sK198_sos980_X983("2","4") = "1")
  & (sK198_sos980_X983("3","1") = "1")
  & (sK198_sos980_X983("3","2") = "3")
  & (sK198_sos980_X983("3","3") = "2")
  & (sK198_sos980_X983("3","4") = "3")
  & (sK198_sos980_X983("4","1") = "1")
  & (sK198_sos980_X983("4","2") = "4")
  & (sK198_sos980_X983("4","3") = "3")
  & (sK198_sos980_X983("4","4") = "3")
  )
).

fof(sK206_sos990_X993, fi_functors,
  ( (sK206_sos990_X993("1","1") = "1")
  & (sK206_sos990_X993("1","2") = "1")
  & (sK206_sos990_X993("1","3") = "1")
  & (sK206_sos990_X993("1","4") = "1")
  & (sK206_sos990_X993("2","1") = "2")
  & (sK206_sos990_X993("2","2") = "2")
  & (sK206_sos990_X993("2","3") = "2")
  & (sK206_sos990_X993("2","4") = "4")
  & (sK206_sos990_X993("3","1") = "1")
  & (sK206_sos990_X993("3","2") = "2")
  & (sK206_sos990_X993("3","3") = "1")
  & (sK206_sos990_X993("3","4") = "1")
  & (sK206_sos990_X993("4","1") = "1")
  & (sK206_sos990_X993("4","2") = "3")
  & (sK206_sos990_X993("4","3") = "1")
  & (sK206_sos990_X993("4","4") = "1")
  )
).

fof(sK210_sos1000_X1003, fi_functors,
  ( (sK210_sos1000_X1003("1","1") = "1")
  & (sK210_sos1000_X1003("1","2") = "2")
  & (sK210_sos1000_X1003("1","3") = "3")
  & (sK210_sos1000_X1003("1","4") = "3")
  & (sK210_sos1000_X1003("2","1") = "1")
  & (sK210_sos1000_X1003("2","2") = "2")
  & (sK210_sos1000_X1003("2","3") = "2")
  & (sK210_sos1000_X1003("2","4") = "3")
  & (sK210_sos1000_X1003("3","1") = "3")
  & (sK210_sos1000_X1003("3","2") = "2")
  & (sK210_sos1000_X1003("3","3") = "3")
  & (sK210_sos1000_X1003("3","4") = "3")
  & (sK210_sos1000_X1003("4","1") = "1")
  & (sK210_sos1000_X1003("4","2") = "1")
  & (sK210_sos1000_X1003("4","3") = "4")
  & (sK210_sos1000_X1003("4","4") = "4")
  )
).

fof(sK214_sos1010_X1011, fi_functors,
  ( (sK214_sos1010_X1011("1") = "4")
  & (sK214_sos1010_X1011("2") = "3")
  & (sK214_sos1010_X1011("3") = "4")
  & (sK214_sos1010_X1011("4") = "3")
  )
).

fof(sK217_sos1020_X1021, fi_functors,
  ( (sK217_sos1020_X1021("1") = "4")
  & (sK217_sos1020_X1021("2") = "2")
  & (sK217_sos1020_X1021("3") = "2")
  & (sK217_sos1020_X1021("4") = "1")
  )
).

fof(sK222_sos1040_X1043, fi_functors,
  ( (sK222_sos1040_X1043("1","1") = "1")
  & (sK222_sos1040_X1043("1","2") = "2")
  & (sK222_sos1040_X1043("1","3") = "2")
  & (sK222_sos1040_X1043("1","4") = "4")
  & (sK222_sos1040_X1043("2","1") = "2")
  & (sK222_sos1040_X1043("2","2") = "2")
  & (sK222_sos1040_X1043("2","3") = "1")
  & (sK222_sos1040_X1043("2","4") = "1")
  & (sK222_sos1040_X1043("3","1") = "3")
  & (sK222_sos1040_X1043("3","2") = "3")
  & (sK222_sos1040_X1043("3","3") = "3")
  & (sK222_sos1040_X1043("3","4") = "4")
  & (sK222_sos1040_X1043("4","1") = "4")
  & (sK222_sos1040_X1043("4","2") = "2")
  & (sK222_sos1040_X1043("4","3") = "4")
  & (sK222_sos1040_X1043("4","4") = "2")
  )
).

fof(sK236_sos1100_X1101, fi_functors,
  ( (sK236_sos1100_X1101("1") = "1")
  & (sK236_sos1100_X1101("2") = "3")
  & (sK236_sos1100_X1101("3") = "4")
  & (sK236_sos1100_X1101("4") = "2")
  )
).

fof(sK253_sos1160_X1164, fi_functors,
  ( (sK253_sos1160_X1164("1","1","1") = "1")
  & (sK253_sos1160_X1164("1","1","2") = "1")
  & (sK253_sos1160_X1164("1","1","3") = "2")
  & (sK253_sos1160_X1164("1","1","4") = "3")
  & (sK253_sos1160_X1164("1","2","1") = "1")
  & (sK253_sos1160_X1164("1","2","2") = "3")
  & (sK253_sos1160_X1164("1","2","3") = "1")
  & (sK253_sos1160_X1164("1","2","4") = "3")
  & (sK253_sos1160_X1164("1","3","1") = "1")
  & (sK253_sos1160_X1164("1","3","2") = "4")
  & (sK253_sos1160_X1164("1","3","3") = "3")
  & (sK253_sos1160_X1164("1","3","4") = "4")
  & (sK253_sos1160_X1164("1","4","1") = "3")
  & (sK253_sos1160_X1164("1","4","2") = "4")
  & (sK253_sos1160_X1164("1","4","3") = "3")
  & (sK253_sos1160_X1164("1","4","4") = "3")
  & (sK253_sos1160_X1164("2","1","1") = "1")
  & (sK253_sos1160_X1164("2","1","2") = "1")
  & (sK253_sos1160_X1164("2","1","3") = "1")
  & (sK253_sos1160_X1164("2","1","4") = "3")
  & (sK253_sos1160_X1164("2","2","1") = "3")
  & (sK253_sos1160_X1164("2","2","2") = "4")
  & (sK253_sos1160_X1164("2","2","3") = "1")
  & (sK253_sos1160_X1164("2","2","4") = "3")
  & (sK253_sos1160_X1164("2","3","1") = "1")
  & (sK253_sos1160_X1164("2","3","2") = "3")
  & (sK253_sos1160_X1164("2","3","3") = "2")
  & (sK253_sos1160_X1164("2","3","4") = "2")
  & (sK253_sos1160_X1164("2","4","1") = "3")
  & (sK253_sos1160_X1164("2","4","2") = "4")
  & (sK253_sos1160_X1164("2","4","3") = "3")
  & (sK253_sos1160_X1164("2","4","4") = "3")
  & (sK253_sos1160_X1164("3","1","1") = "1")
  & (sK253_sos1160_X1164("3","1","2") = "4")
  & (sK253_sos1160_X1164("3","1","3") = "3")
  & (sK253_sos1160_X1164("3","1","4") = "3")
  & (sK253_sos1160_X1164("3","2","1") = "3")
  & (sK253_sos1160_X1164("3","2","2") = "3")
  & (sK253_sos1160_X1164("3","2","3") = "1")
  & (sK253_sos1160_X1164("3","2","4") = "3")
  & (sK253_sos1160_X1164("3","3","1") = "3")
  & (sK253_sos1160_X1164("3","3","2") = "3")
  & (sK253_sos1160_X1164("3","3","3") = "1")
  & (sK253_sos1160_X1164("3","3","4") = "3")
  & (sK253_sos1160_X1164("3","4","1") = "1")
  & (sK253_sos1160_X1164("3","4","2") = "3")
  & (sK253_sos1160_X1164("3","4","3") = "3")
  & (sK253_sos1160_X1164("3","4","4") = "3")
  & (sK253_sos1160_X1164("4","1","1") = "1")
  & (sK253_sos1160_X1164("4","1","2") = "3")
  & (sK253_sos1160_X1164("4","1","3") = "4")
  & (sK253_sos1160_X1164("4","1","4") = "4")
  & (sK253_sos1160_X1164("4","2","1") = "4")
  & (sK253_sos1160_X1164("4","2","2") = "3")
  & (sK253_sos1160_X1164("4","2","3") = "3")
  & (sK253_sos1160_X1164("4","2","4") = "3")
  & (sK253_sos1160_X1164("4","3","1") = "4")
  & (sK253_sos1160_X1164("4","3","2") = "4")
  & (sK253_sos1160_X1164("4","3","3") = "3")
  & (sK253_sos1160_X1164("4","3","4") = "4")
  & (sK253_sos1160_X1164("4","4","1") = "2")
  & (sK253_sos1160_X1164("4","4","2") = "3")
  & (sK253_sos1160_X1164("4","4","3") = "3")
  & (sK253_sos1160_X1164("4","4","4") = "4")
  )
).

fof(sK254_sos1160_X1165, fi_functors,
  ( (sK254_sos1160_X1165("1","1","1") = "1")
  & (sK254_sos1160_X1165("1","1","2") = "1")
  & (sK254_sos1160_X1165("1","1","3") = "1")
  & (sK254_sos1160_X1165("1","1","4") = "3")
  & (sK254_sos1160_X1165("1","2","1") = "1")
  & (sK254_sos1160_X1165("1","2","2") = "1")
  & (sK254_sos1160_X1165("1","2","3") = "3")
  & (sK254_sos1160_X1165("1","2","4") = "3")
  & (sK254_sos1160_X1165("1","3","1") = "3")
  & (sK254_sos1160_X1165("1","3","2") = "3")
  & (sK254_sos1160_X1165("1","3","3") = "2")
  & (sK254_sos1160_X1165("1","3","4") = "3")
  & (sK254_sos1160_X1165("1","4","1") = "3")
  & (sK254_sos1160_X1165("1","4","2") = "2")
  & (sK254_sos1160_X1165("1","4","3") = "4")
  & (sK254_sos1160_X1165("1","4","4") = "3")
  & (sK254_sos1160_X1165("2","1","1") = "1")
  & (sK254_sos1160_X1165("2","1","2") = "1")
  & (sK254_sos1160_X1165("2","1","3") = "1")
  & (sK254_sos1160_X1165("2","1","4") = "3")
  & (sK254_sos1160_X1165("2","2","1") = "3")
  & (sK254_sos1160_X1165("2","2","2") = "1")
  & (sK254_sos1160_X1165("2","2","3") = "3")
  & (sK254_sos1160_X1165("2","2","4") = "3")
  & (sK254_sos1160_X1165("2","3","1") = "3")
  & (sK254_sos1160_X1165("2","3","2") = "3")
  & (sK254_sos1160_X1165("2","3","3") = "3")
  & (sK254_sos1160_X1165("2","3","4") = "3")
  & (sK254_sos1160_X1165("2","4","1") = "3")
  & (sK254_sos1160_X1165("2","4","2") = "3")
  & (sK254_sos1160_X1165("2","4","3") = "2")
  & (sK254_sos1160_X1165("2","4","4") = "1")
  & (sK254_sos1160_X1165("3","1","1") = "3")
  & (sK254_sos1160_X1165("3","1","2") = "3")
  & (sK254_sos1160_X1165("3","1","3") = "3")
  & (sK254_sos1160_X1165("3","1","4") = "4")
  & (sK254_sos1160_X1165("3","2","1") = "3")
  & (sK254_sos1160_X1165("3","2","2") = "3")
  & (sK254_sos1160_X1165("3","2","3") = "3")
  & (sK254_sos1160_X1165("3","2","4") = "3")
  & (sK254_sos1160_X1165("3","3","1") = "3")
  & (sK254_sos1160_X1165("3","3","2") = "3")
  & (sK254_sos1160_X1165("3","3","3") = "3")
  & (sK254_sos1160_X1165("3","3","4") = "3")
  & (sK254_sos1160_X1165("3","4","1") = "3")
  & (sK254_sos1160_X1165("3","4","2") = "1")
  & (sK254_sos1160_X1165("3","4","3") = "4")
  & (sK254_sos1160_X1165("3","4","4") = "3")
  & (sK254_sos1160_X1165("4","1","1") = "3")
  & (sK254_sos1160_X1165("4","1","2") = "3")
  & (sK254_sos1160_X1165("4","1","3") = "3")
  & (sK254_sos1160_X1165("4","1","4") = "2")
  & (sK254_sos1160_X1165("4","2","1") = "3")
  & (sK254_sos1160_X1165("4","2","2") = "2")
  & (sK254_sos1160_X1165("4","2","3") = "3")
  & (sK254_sos1160_X1165("4","2","4") = "3")
  & (sK254_sos1160_X1165("4","3","1") = "3")
  & (sK254_sos1160_X1165("4","3","2") = "3")
  & (sK254_sos1160_X1165("4","3","3") = "3")
  & (sK254_sos1160_X1165("4","3","4") = "3")
  & (sK254_sos1160_X1165("4","4","1") = "1")
  & (sK254_sos1160_X1165("4","4","2") = "3")
  & (sK254_sos1160_X1165("4","4","3") = "3")
  & (sK254_sos1160_X1165("4","4","4") = "2")
  )
).

fof(sK26_sos120_X122, fi_functors,
  ( (sK26_sos120_X122 = "1")
  )
).

fof(sK275_sos1250_X1251, fi_functors,
  ( (sK275_sos1250_X1251("1") = "4")
  & (sK275_sos1250_X1251("2") = "4")
  & (sK275_sos1250_X1251("3") = "1")
  & (sK275_sos1250_X1251("4") = "1")
  )
).

fof(sK279_sos1270_X1271, fi_functors,
  ( (sK279_sos1270_X1271 = "1")
  )
).

fof(sK32_sos150_X151, fi_functors,
  ( (sK32_sos150_X151("1") = "4")
  & (sK32_sos150_X151("2") = "4")
  & (sK32_sos150_X151("3") = "4")
  & (sK32_sos150_X151("4") = "1")
  )
).

fof(sK33_sos150_X153, fi_functors,
  ( (sK33_sos150_X153("1","1") = "1")
  & (sK33_sos150_X153("1","2") = "1")
  & (sK33_sos150_X153("1","3") = "1")
  & (sK33_sos150_X153("1","4") = "3")
  & (sK33_sos150_X153("2","1") = "3")
  & (sK33_sos150_X153("2","2") = "3")
  & (sK33_sos150_X153("2","3") = "1")
  & (sK33_sos150_X153("2","4") = "3")
  & (sK33_sos150_X153("3","1") = "1")
  & (sK33_sos150_X153("3","2") = "2")
  & (sK33_sos150_X153("3","3") = "3")
  & (sK33_sos150_X153("3","4") = "4")
  & (sK33_sos150_X153("4","1") = "3")
  & (sK33_sos150_X153("4","2") = "2")
  & (sK33_sos150_X153("4","3") = "3")
  & (sK33_sos150_X153("4","4") = "3")
  )
).

fof(sK34_sos150_X151, fi_functors,
  ( (sK34_sos150_X151("1") = "1")
  & (sK34_sos150_X151("2") = "2")
  & (sK34_sos150_X151("3") = "2")
  & (sK34_sos150_X151("4") = "3")
  )
).

fof(sK35_sos150_X151, fi_functors,
  ( (sK35_sos150_X151("1") = "3")
  & (sK35_sos150_X151("2") = "1")
  & (sK35_sos150_X151("3") = "2")
  & (sK35_sos150_X151("4") = "1")
  )
).

fof(sK3_sos20_X21, fi_functors,
  ( (sK3_sos20_X21("1") = "3")
  & (sK3_sos20_X21("2") = "1")
  & (sK3_sos20_X21("3") = "1")
  & (sK3_sos20_X21("4") = "1")
  )
).

fof(sK54_sos220_X223, fi_functors,
  ( (sK54_sos220_X223("1","1") = "1")
  & (sK54_sos220_X223("1","2") = "3")
  & (sK54_sos220_X223("1","3") = "1")
  & (sK54_sos220_X223("1","4") = "1")
  & (sK54_sos220_X223("2","1") = "1")
  & (sK54_sos220_X223("2","2") = "2")
  & (sK54_sos220_X223("2","3") = "2")
  & (sK54_sos220_X223("2","4") = "1")
  & (sK54_sos220_X223("3","1") = "1")
  & (sK54_sos220_X223("3","2") = "2")
  & (sK54_sos220_X223("3","3") = "3")
  & (sK54_sos220_X223("3","4") = "1")
  & (sK54_sos220_X223("4","1") = "1")
  & (sK54_sos220_X223("4","2") = "1")
  & (sK54_sos220_X223("4","3") = "3")
  & (sK54_sos220_X223("4","4") = "4")
  )
).

fof(sK60_sos250_X253, fi_functors,
  ( (sK60_sos250_X253("1","1") = "3")
  & (sK60_sos250_X253("1","2") = "3")
  & (sK60_sos250_X253("1","3") = "2")
  & (sK60_sos250_X253("1","4") = "3")
  & (sK60_sos250_X253("2","1") = "1")
  & (sK60_sos250_X253("2","2") = "3")
  & (sK60_sos250_X253("2","3") = "2")
  & (sK60_sos250_X253("2","4") = "2")
  & (sK60_sos250_X253("3","1") = "2")
  & (sK60_sos250_X253("3","2") = "3")
  & (sK60_sos250_X253("3","3") = "1")
  & (sK60_sos250_X253("3","4") = "1")
  & (sK60_sos250_X253("4","1") = "1")
  & (sK60_sos250_X253("4","2") = "2")
  & (sK60_sos250_X253("4","3") = "1")
  & (sK60_sos250_X253("4","4") = "3")
  )
).

fof(sK63_sos260_X263, fi_functors,
  ( (sK63_sos260_X263("1","1") = "1")
  & (sK63_sos260_X263("1","2") = "2")
  & (sK63_sos260_X263("1","3") = "3")
  & (sK63_sos260_X263("1","4") = "3")
  & (sK63_sos260_X263("2","1") = "2")
  & (sK63_sos260_X263("2","2") = "1")
  & (sK63_sos260_X263("2","3") = "1")
  & (sK63_sos260_X263("2","4") = "2")
  & (sK63_sos260_X263("3","1") = "1")
  & (sK63_sos260_X263("3","2") = "1")
  & (sK63_sos260_X263("3","3") = "2")
  & (sK63_sos260_X263("3","4") = "1")
  & (sK63_sos260_X263("4","1") = "3")
  & (sK63_sos260_X263("4","2") = "3")
  & (sK63_sos260_X263("4","3") = "1")
  & (sK63_sos260_X263("4","4") = "3")
  )
).

fof(sK64_sos260_X263, fi_functors,
  ( (sK64_sos260_X263("1","1") = "1")
  & (sK64_sos260_X263("1","2") = "1")
  & (sK64_sos260_X263("1","3") = "1")
  & (sK64_sos260_X263("1","4") = "1")
  & (sK64_sos260_X263("2","1") = "2")
  & (sK64_sos260_X263("2","2") = "2")
  & (sK64_sos260_X263("2","3") = "2")
  & (sK64_sos260_X263("2","4") = "4")
  & (sK64_sos260_X263("3","1") = "1")
  & (sK64_sos260_X263("3","2") = "2")
  & (sK64_sos260_X263("3","3") = "2")
  & (sK64_sos260_X263("3","4") = "1")
  & (sK64_sos260_X263("4","1") = "1")
  & (sK64_sos260_X263("4","2") = "4")
  & (sK64_sos260_X263("4","3") = "4")
  & (sK64_sos260_X263("4","4") = "4")
  )
).

fof(sK81_sos330_X332, fi_functors,
  ( (sK81_sos330_X332 = "1")
  )
).

fof(sK82_sos330_X331, fi_functors,
  ( (sK82_sos330_X331 = "4")
  )
).

fof(sK83_sos340_X342, fi_functors,
  ( (sK83_sos340_X342 = "2")
  )
).

fof(sK84_sos340_X341, fi_functors,
  ( (sK84_sos340_X341 = "3")
  )
).

fof(sK85_sos350_X352, fi_functors,
  ( (sK85_sos350_X352 = "1")
  )
).

fof(sK86_sos350_X351, fi_functors,
  ( (sK86_sos350_X351 = "3")
  )
).

fof(sK87_sos360_X362, fi_functors,
  ( (sK87_sos360_X362 = "4")
  )
).

fof(sK88_sos360_X361, fi_functors,
  ( (sK88_sos360_X361 = "2")
  )
).

fof(sK89_sos370_X372, fi_functors,
  ( (sK89_sos370_X372 = "3")
  )
).

fof(sK90_sos370_X371, fi_functors,
  ( (sK90_sos370_X371 = "2")
  )
).

fof(sK91_sos380_X382, fi_functors,
  ( (sK91_sos380_X382 = "1")
  )
).

fof(sK92_sos380_X381, fi_functors,
  ( (sK92_sos380_X381 = "3")
  )
).

fof(sK93_sos390_X392, fi_functors,
  ( (sK93_sos390_X392 = "3")
  )
).

fof(sK94_sos390_X391, fi_functors,
  ( (sK94_sos390_X391 = "2")
  )
).

fof(sK95_sos400_X402, fi_functors,
  ( (sK95_sos400_X402 = "1")
  )
).

fof(sK96_sos400_X401, fi_functors,
  ( (sK96_sos400_X401 = "2")
  )
).

fof(sK97_sos410_X412, fi_functors,
  ( (sK97_sos410_X412 = "3")
  )
).

fof(sK98_sos410_X411, fi_functors,
  ( (sK98_sos410_X411 = "1")
  )
).

fof(sK99_sos420_X422, fi_functors,
  ( (sK99_sos420_X422 = "1")
  )
).

fof(sP199_sos980_or, fi_predicates,
  ( (sP199_sos980_or("1","1") <=> $false)
  & (sP199_sos980_or("1","2") <=> $false)
  & (sP199_sos980_or("1","3") <=> $false)
  & (sP199_sos980_or("1","4") <=> $false)
  & (sP199_sos980_or("2","1") <=> $false)
  & (sP199_sos980_or("2","2") <=> $false)
  & (sP199_sos980_or("2","3") <=> $false)
  & (sP199_sos980_or("2","4") <=> $false)
  & (sP199_sos980_or("3","1") <=> $true)
  & (sP199_sos980_or("3","2") <=> $false)
  & (sP199_sos980_or("3","3") <=> $false)
  & (sP199_sos980_or("3","4") <=> $false)
  & (sP199_sos980_or("4","1") <=> $true)
  & (sP199_sos980_or("4","2") <=> $false)
  & (sP199_sos980_or("4","3") <=> $false)
  & (sP199_sos980_or("4","4") <=> $false)
  )
).

fof(sc, fi_predicates,
  ( (sc("1","1") <=> $false)
  & (sc("1","2") <=> $false)
  & (sc("1","3") <=> $false)
  & (sc("1","4") <=> $false)
  & (sc("2","1") <=> $false)
  & (sc("2","2") <=> $false)
  & (sc("2","3") <=> $false)
  & (sc("2","4") <=> $false)
  & (sc("3","1") <=> $false)
  & (sc("3","2") <=> $false)
  & (sc("3","3") <=> $false)
  & (sc("3","4") <=> $true)
  & (sc("4","1") <=> $false)
  & (sc("4","2") <=> $false)
  & (sc("4","3") <=> $true)
  & (sc("4","4") <=> $false)
  )
).

fof(zex, fi_predicates,
  ( (zex("1") <=> $false)
  & (zex("2") <=> $false)
  & (zex("3") <=> $false)
  & (zex("4") <=> $false)
  )
).
SZS output end FiniteModel for /stl/torsten/git/macleod/qs/multidim_mereotopology_codib/consistency/tptp/atomic_loop_curve_all_weak_nontrivial.all.tptp
+++ END MODEL
+++ RESULT: Satisfiable
SZS status Satisfiable for /stl/torsten/git/macleod/qs/multidim_mereotopology_codib/consistency/tptp/atomic_loop_curve_all_weak_nontrivial.all.tptp
============================= paradox ================================
execution finished: Wed Aug 07 14:35:48 2013
total CPU time used: 41
The command was "paradox --time 300 --verbose 2 --model --tstp /stl/torsten/git/macleod/qs/multidim_mereotopology_codib/consistency/tptp/atomic_loop_curve_all_weak_nontrivial.all.tptp"
Input read from 
============================ end of footer ===========================
