Paradox, version 3.0, 2008-07-29.
+++ PROBLEM: codib\consistency\tptp\codib_updown_nontrivial_simple.all.tptp
Reading 'codib\consistency\tptp\codib_updown_nontrivial_simple.all.tptp' ... OK
+++ SOLVING: codib\consistency\tptp\codib_updown_nontrivial_simple.all.tptp
domain size 1
domain size 2
domain size 3
domain size 4
domain size 5
domain size 6
domain size 7
domain size 8
domain size 9
+++ BEGIN MODEL
SZS output start FiniteModel for codib\consistency\tptp\codib_updown_nontrivial_simple.all.tptp
% domain size is 9
fof(domain, fi_domain,
  (![X] : (X = "1" | X = "2" | X = "3" | X = "4" | X = "5" | X = "6" | X = "7" | X = "8" | X = "9"))
).

fof('BCont', fi_predicates,
  ( 'BCont'("1","1") <=> $false
  & 'BCont'("1","2") <=> $false
  & 'BCont'("1","3") <=> $false
  & 'BCont'("1","4") <=> $false
  & 'BCont'("1","5") <=> $false
  & 'BCont'("1","6") <=> $false
  & 'BCont'("1","7") <=> $false
  & 'BCont'("1","8") <=> $false
  & 'BCont'("1","9") <=> $false
  & 'BCont'("2","1") <=> $false
  & 'BCont'("2","2") <=> $false
  & 'BCont'("2","3") <=> $false
  & 'BCont'("2","4") <=> $false
  & 'BCont'("2","5") <=> $false
  & 'BCont'("2","6") <=> $false
  & 'BCont'("2","7") <=> $false
  & 'BCont'("2","8") <=> $false
  & 'BCont'("2","9") <=> $false
  & 'BCont'("3","1") <=> $false
  & 'BCont'("3","2") <=> $false
  & 'BCont'("3","3") <=> $false
  & 'BCont'("3","4") <=> $false
  & 'BCont'("3","5") <=> $false
  & 'BCont'("3","6") <=> $false
  & 'BCont'("3","7") <=> $false
  & 'BCont'("3","8") <=> $false
  & 'BCont'("3","9") <=> $false
  & 'BCont'("4","1") <=> $false
  & 'BCont'("4","2") <=> $true
  & 'BCont'("4","3") <=> $false
  & 'BCont'("4","4") <=> $false
  & 'BCont'("4","5") <=> $false
  & 'BCont'("4","6") <=> $false
  & 'BCont'("4","7") <=> $false
  & 'BCont'("4","8") <=> $false
  & 'BCont'("4","9") <=> $false
  & 'BCont'("5","1") <=> $false
  & 'BCont'("5","2") <=> $false
  & 'BCont'("5","3") <=> $false
  & 'BCont'("5","4") <=> $false
  & 'BCont'("5","5") <=> $false
  & 'BCont'("5","6") <=> $false
  & 'BCont'("5","7") <=> $false
  & 'BCont'("5","8") <=> $false
  & 'BCont'("5","9") <=> $false
  & 'BCont'("6","1") <=> $false
  & 'BCont'("6","2") <=> $false
  & 'BCont'("6","3") <=> $false
  & 'BCont'("6","4") <=> $false
  & 'BCont'("6","5") <=> $false
  & 'BCont'("6","6") <=> $false
  & 'BCont'("6","7") <=> $false
  & 'BCont'("6","8") <=> $false
  & 'BCont'("6","9") <=> $false
  & 'BCont'("7","1") <=> $false
  & 'BCont'("7","2") <=> $true
  & 'BCont'("7","3") <=> $false
  & 'BCont'("7","4") <=> $false
  & 'BCont'("7","5") <=> $false
  & 'BCont'("7","6") <=> $false
  & 'BCont'("7","7") <=> $false
  & 'BCont'("7","8") <=> $false
  & 'BCont'("7","9") <=> $false
  & 'BCont'("8","1") <=> $false
  & 'BCont'("8","2") <=> $false
  & 'BCont'("8","3") <=> $false
  & 'BCont'("8","4") <=> $false
  & 'BCont'("8","5") <=> $false
  & 'BCont'("8","6") <=> $false
  & 'BCont'("8","7") <=> $false
  & 'BCont'("8","8") <=> $false
  & 'BCont'("8","9") <=> $false
  & 'BCont'("9","1") <=> $false
  & 'BCont'("9","2") <=> $true
  & 'BCont'("9","3") <=> $false
  & 'BCont'("9","4") <=> $true
  & 'BCont'("9","5") <=> $false
  & 'BCont'("9","6") <=> $true
  & 'BCont'("9","7") <=> $true
  & 'BCont'("9","8") <=> $false
  & 'BCont'("9","9") <=> $false
  )
).

fof('C', fi_predicates,
  ( 'C'("1","1") <=> $true
  & 'C'("1","2") <=> $true
  & 'C'("1","3") <=> $true
  & 'C'("1","4") <=> $true
  & 'C'("1","5") <=> $false
  & 'C'("1","6") <=> $true
  & 'C'("1","7") <=> $true
  & 'C'("1","8") <=> $false
  & 'C'("1","9") <=> $true
  & 'C'("2","1") <=> $true
  & 'C'("2","2") <=> $true
  & 'C'("2","3") <=> $true
  & 'C'("2","4") <=> $true
  & 'C'("2","5") <=> $false
  & 'C'("2","6") <=> $true
  & 'C'("2","7") <=> $true
  & 'C'("2","8") <=> $false
  & 'C'("2","9") <=> $true
  & 'C'("3","1") <=> $true
  & 'C'("3","2") <=> $true
  & 'C'("3","3") <=> $true
  & 'C'("3","4") <=> $true
  & 'C'("3","5") <=> $true
  & 'C'("3","6") <=> $true
  & 'C'("3","7") <=> $true
  & 'C'("3","8") <=> $false
  & 'C'("3","9") <=> $true
  & 'C'("4","1") <=> $true
  & 'C'("4","2") <=> $true
  & 'C'("4","3") <=> $true
  & 'C'("4","4") <=> $true
  & 'C'("4","5") <=> $false
  & 'C'("4","6") <=> $true
  & 'C'("4","7") <=> $true
  & 'C'("4","8") <=> $false
  & 'C'("4","9") <=> $true
  & 'C'("5","1") <=> $false
  & 'C'("5","2") <=> $false
  & 'C'("5","3") <=> $true
  & 'C'("5","4") <=> $false
  & 'C'("5","5") <=> $true
  & 'C'("5","6") <=> $true
  & 'C'("5","7") <=> $false
  & 'C'("5","8") <=> $false
  & 'C'("5","9") <=> $false
  & 'C'("6","1") <=> $true
  & 'C'("6","2") <=> $true
  & 'C'("6","3") <=> $true
  & 'C'("6","4") <=> $true
  & 'C'("6","5") <=> $true
  & 'C'("6","6") <=> $true
  & 'C'("6","7") <=> $true
  & 'C'("6","8") <=> $false
  & 'C'("6","9") <=> $true
  & 'C'("7","1") <=> $true
  & 'C'("7","2") <=> $true
  & 'C'("7","3") <=> $true
  & 'C'("7","4") <=> $true
  & 'C'("7","5") <=> $false
  & 'C'("7","6") <=> $true
  & 'C'("7","7") <=> $true
  & 'C'("7","8") <=> $false
  & 'C'("7","9") <=> $true
  & 'C'("8","1") <=> $false
  & 'C'("8","2") <=> $false
  & 'C'("8","3") <=> $false
  & 'C'("8","4") <=> $false
  & 'C'("8","5") <=> $false
  & 'C'("8","6") <=> $false
  & 'C'("8","7") <=> $false
  & 'C'("8","8") <=> $false
  & 'C'("8","9") <=> $false
  & 'C'("9","1") <=> $true
  & 'C'("9","2") <=> $true
  & 'C'("9","3") <=> $true
  & 'C'("9","4") <=> $true
  & 'C'("9","5") <=> $false
  & 'C'("9","6") <=> $true
  & 'C'("9","7") <=> $true
  & 'C'("9","8") <=> $false
  & 'C'("9","9") <=> $true
  )
).

fof('Closed', fi_predicates,
  ( 'Closed'("1") <=> $true
  & 'Closed'("2") <=> $false
  & 'Closed'("3") <=> $true
  & 'Closed'("4") <=> $false
  & 'Closed'("5") <=> $true
  & 'Closed'("6") <=> $false
  & 'Closed'("7") <=> $false
  & 'Closed'("8") <=> $true
  & 'Closed'("9") <=> $true
  )
).

fof('Con', fi_predicates,
  ( 'Con'("1") <=> $true
  & 'Con'("2") <=> $true
  & 'Con'("3") <=> $true
  & 'Con'("4") <=> $true
  & 'Con'("5") <=> $true
  & 'Con'("6") <=> $false
  & 'Con'("7") <=> $true
  & 'Con'("8") <=> $true
  & 'Con'("9") <=> $true
  )
).

fof('Cont', fi_predicates,
  ( 'Cont'("1","1") <=> $true
  & 'Cont'("1","2") <=> $false
  & 'Cont'("1","3") <=> $true
  & 'Cont'("1","4") <=> $false
  & 'Cont'("1","5") <=> $false
  & 'Cont'("1","6") <=> $false
  & 'Cont'("1","7") <=> $false
  & 'Cont'("1","8") <=> $false
  & 'Cont'("1","9") <=> $false
  & 'Cont'("2","1") <=> $false
  & 'Cont'("2","2") <=> $true
  & 'Cont'("2","3") <=> $true
  & 'Cont'("2","4") <=> $false
  & 'Cont'("2","5") <=> $false
  & 'Cont'("2","6") <=> $false
  & 'Cont'("2","7") <=> $false
  & 'Cont'("2","8") <=> $false
  & 'Cont'("2","9") <=> $false
  & 'Cont'("3","1") <=> $false
  & 'Cont'("3","2") <=> $false
  & 'Cont'("3","3") <=> $true
  & 'Cont'("3","4") <=> $false
  & 'Cont'("3","5") <=> $false
  & 'Cont'("3","6") <=> $false
  & 'Cont'("3","7") <=> $false
  & 'Cont'("3","8") <=> $false
  & 'Cont'("3","9") <=> $false
  & 'Cont'("4","1") <=> $true
  & 'Cont'("4","2") <=> $true
  & 'Cont'("4","3") <=> $true
  & 'Cont'("4","4") <=> $true
  & 'Cont'("4","5") <=> $false
  & 'Cont'("4","6") <=> $true
  & 'Cont'("4","7") <=> $true
  & 'Cont'("4","8") <=> $false
  & 'Cont'("4","9") <=> $false
  & 'Cont'("5","1") <=> $false
  & 'Cont'("5","2") <=> $false
  & 'Cont'("5","3") <=> $true
  & 'Cont'("5","4") <=> $false
  & 'Cont'("5","5") <=> $true
  & 'Cont'("5","6") <=> $true
  & 'Cont'("5","7") <=> $false
  & 'Cont'("5","8") <=> $false
  & 'Cont'("5","9") <=> $false
  & 'Cont'("6","1") <=> $false
  & 'Cont'("6","2") <=> $false
  & 'Cont'("6","3") <=> $true
  & 'Cont'("6","4") <=> $false
  & 'Cont'("6","5") <=> $false
  & 'Cont'("6","6") <=> $true
  & 'Cont'("6","7") <=> $false
  & 'Cont'("6","8") <=> $false
  & 'Cont'("6","9") <=> $false
  & 'Cont'("7","1") <=> $true
  & 'Cont'("7","2") <=> $true
  & 'Cont'("7","3") <=> $true
  & 'Cont'("7","4") <=> $false
  & 'Cont'("7","5") <=> $false
  & 'Cont'("7","6") <=> $false
  & 'Cont'("7","7") <=> $true
  & 'Cont'("7","8") <=> $false
  & 'Cont'("7","9") <=> $false
  & 'Cont'("8","1") <=> $false
  & 'Cont'("8","2") <=> $false
  & 'Cont'("8","3") <=> $false
  & 'Cont'("8","4") <=> $false
  & 'Cont'("8","5") <=> $false
  & 'Cont'("8","6") <=> $false
  & 'Cont'("8","7") <=> $false
  & 'Cont'("8","8") <=> $false
  & 'Cont'("8","9") <=> $false
  & 'Cont'("9","1") <=> $true
  & 'Cont'("9","2") <=> $true
  & 'Cont'("9","3") <=> $true
  & 'Cont'("9","4") <=> $true
  & 'Cont'("9","5") <=> $false
  & 'Cont'("9","6") <=> $true
  & 'Cont'("9","7") <=> $true
  & 'Cont'("9","8") <=> $false
  & 'Cont'("9","9") <=> $true
  )
).

fof('Covers', fi_predicates,
  ( 'Covers'("1","1") <=> $false
  & 'Covers'("1","2") <=> $false
  & 'Covers'("1","3") <=> $false
  & 'Covers'("1","4") <=> $false
  & 'Covers'("1","5") <=> $false
  & 'Covers'("1","6") <=> $false
  & 'Covers'("1","7") <=> $true
  & 'Covers'("1","8") <=> $false
  & 'Covers'("1","9") <=> $false
  & 'Covers'("2","1") <=> $false
  & 'Covers'("2","2") <=> $false
  & 'Covers'("2","3") <=> $false
  & 'Covers'("2","4") <=> $false
  & 'Covers'("2","5") <=> $false
  & 'Covers'("2","6") <=> $false
  & 'Covers'("2","7") <=> $true
  & 'Covers'("2","8") <=> $false
  & 'Covers'("2","9") <=> $false
  & 'Covers'("3","1") <=> $true
  & 'Covers'("3","2") <=> $true
  & 'Covers'("3","3") <=> $false
  & 'Covers'("3","4") <=> $false
  & 'Covers'("3","5") <=> $false
  & 'Covers'("3","6") <=> $false
  & 'Covers'("3","7") <=> $false
  & 'Covers'("3","8") <=> $false
  & 'Covers'("3","9") <=> $false
  & 'Covers'("4","1") <=> $false
  & 'Covers'("4","2") <=> $false
  & 'Covers'("4","3") <=> $false
  & 'Covers'("4","4") <=> $false
  & 'Covers'("4","5") <=> $false
  & 'Covers'("4","6") <=> $false
  & 'Covers'("4","7") <=> $false
  & 'Covers'("4","8") <=> $false
  & 'Covers'("4","9") <=> $true
  & 'Covers'("5","1") <=> $false
  & 'Covers'("5","2") <=> $false
  & 'Covers'("5","3") <=> $false
  & 'Covers'("5","4") <=> $false
  & 'Covers'("5","5") <=> $false
  & 'Covers'("5","6") <=> $false
  & 'Covers'("5","7") <=> $false
  & 'Covers'("5","8") <=> $false
  & 'Covers'("5","9") <=> $true
  & 'Covers'("6","1") <=> $false
  & 'Covers'("6","2") <=> $false
  & 'Covers'("6","3") <=> $false
  & 'Covers'("6","4") <=> $false
  & 'Covers'("6","5") <=> $false
  & 'Covers'("6","6") <=> $false
  & 'Covers'("6","7") <=> $false
  & 'Covers'("6","8") <=> $false
  & 'Covers'("6","9") <=> $true
  & 'Covers'("7","1") <=> $false
  & 'Covers'("7","2") <=> $false
  & 'Covers'("7","3") <=> $false
  & 'Covers'("7","4") <=> $true
  & 'Covers'("7","5") <=> $true
  & 'Covers'("7","6") <=> $true
  & 'Covers'("7","7") <=> $false
  & 'Covers'("7","8") <=> $false
  & 'Covers'("7","9") <=> $false
  & 'Covers'("8","1") <=> $false
  & 'Covers'("8","2") <=> $false
  & 'Covers'("8","3") <=> $false
  & 'Covers'("8","4") <=> $false
  & 'Covers'("8","5") <=> $false
  & 'Covers'("8","6") <=> $false
  & 'Covers'("8","7") <=> $false
  & 'Covers'("8","8") <=> $false
  & 'Covers'("8","9") <=> $false
  & 'Covers'("9","1") <=> $false
  & 'Covers'("9","2") <=> $false
  & 'Covers'("9","3") <=> $false
  & 'Covers'("9","4") <=> $false
  & 'Covers'("9","5") <=> $false
  & 'Covers'("9","6") <=> $false
  & 'Covers'("9","7") <=> $false
  & 'Covers'("9","8") <=> $true
  & 'Covers'("9","9") <=> $false
  )
).

fof('EqDim', fi_predicates,
  ( 'EqDim'("1","1") <=> $true
  & 'EqDim'("1","2") <=> $true
  & 'EqDim'("1","3") <=> $false
  & 'EqDim'("1","4") <=> $false
  & 'EqDim'("1","5") <=> $false
  & 'EqDim'("1","6") <=> $false
  & 'EqDim'("1","7") <=> $false
  & 'EqDim'("1","8") <=> $false
  & 'EqDim'("1","9") <=> $false
  & 'EqDim'("2","1") <=> $true
  & 'EqDim'("2","2") <=> $true
  & 'EqDim'("2","3") <=> $false
  & 'EqDim'("2","4") <=> $false
  & 'EqDim'("2","5") <=> $false
  & 'EqDim'("2","6") <=> $false
  & 'EqDim'("2","7") <=> $false
  & 'EqDim'("2","8") <=> $false
  & 'EqDim'("2","9") <=> $false
  & 'EqDim'("3","1") <=> $false
  & 'EqDim'("3","2") <=> $false
  & 'EqDim'("3","3") <=> $true
  & 'EqDim'("3","4") <=> $false
  & 'EqDim'("3","5") <=> $false
  & 'EqDim'("3","6") <=> $false
  & 'EqDim'("3","7") <=> $false
  & 'EqDim'("3","8") <=> $false
  & 'EqDim'("3","9") <=> $false
  & 'EqDim'("4","1") <=> $false
  & 'EqDim'("4","2") <=> $false
  & 'EqDim'("4","3") <=> $false
  & 'EqDim'("4","4") <=> $true
  & 'EqDim'("4","5") <=> $true
  & 'EqDim'("4","6") <=> $true
  & 'EqDim'("4","7") <=> $false
  & 'EqDim'("4","8") <=> $false
  & 'EqDim'("4","9") <=> $false
  & 'EqDim'("5","1") <=> $false
  & 'EqDim'("5","2") <=> $false
  & 'EqDim'("5","3") <=> $false
  & 'EqDim'("5","4") <=> $true
  & 'EqDim'("5","5") <=> $true
  & 'EqDim'("5","6") <=> $true
  & 'EqDim'("5","7") <=> $false
  & 'EqDim'("5","8") <=> $false
  & 'EqDim'("5","9") <=> $false
  & 'EqDim'("6","1") <=> $false
  & 'EqDim'("6","2") <=> $false
  & 'EqDim'("6","3") <=> $false
  & 'EqDim'("6","4") <=> $true
  & 'EqDim'("6","5") <=> $true
  & 'EqDim'("6","6") <=> $true
  & 'EqDim'("6","7") <=> $false
  & 'EqDim'("6","8") <=> $false
  & 'EqDim'("6","9") <=> $false
  & 'EqDim'("7","1") <=> $false
  & 'EqDim'("7","2") <=> $false
  & 'EqDim'("7","3") <=> $false
  & 'EqDim'("7","4") <=> $false
  & 'EqDim'("7","5") <=> $false
  & 'EqDim'("7","6") <=> $false
  & 'EqDim'("7","7") <=> $true
  & 'EqDim'("7","8") <=> $false
  & 'EqDim'("7","9") <=> $false
  & 'EqDim'("8","1") <=> $false
  & 'EqDim'("8","2") <=> $false
  & 'EqDim'("8","3") <=> $false
  & 'EqDim'("8","4") <=> $false
  & 'EqDim'("8","5") <=> $false
  & 'EqDim'("8","6") <=> $false
  & 'EqDim'("8","7") <=> $false
  & 'EqDim'("8","8") <=> $true
  & 'EqDim'("8","9") <=> $false
  & 'EqDim'("9","1") <=> $false
  & 'EqDim'("9","2") <=> $false
  & 'EqDim'("9","3") <=> $false
  & 'EqDim'("9","4") <=> $false
  & 'EqDim'("9","5") <=> $false
  & 'EqDim'("9","6") <=> $false
  & 'EqDim'("9","7") <=> $false
  & 'EqDim'("9","8") <=> $false
  & 'EqDim'("9","9") <=> $true
  )
).

fof('ICont', fi_predicates,
  ( 'ICont'("1","1") <=> $true
  & 'ICont'("1","2") <=> $false
  & 'ICont'("1","3") <=> $true
  & 'ICont'("1","4") <=> $false
  & 'ICont'("1","5") <=> $false
  & 'ICont'("1","6") <=> $false
  & 'ICont'("1","7") <=> $false
  & 'ICont'("1","8") <=> $false
  & 'ICont'("1","9") <=> $false
  & 'ICont'("2","1") <=> $false
  & 'ICont'("2","2") <=> $false
  & 'ICont'("2","3") <=> $true
  & 'ICont'("2","4") <=> $false
  & 'ICont'("2","5") <=> $false
  & 'ICont'("2","6") <=> $false
  & 'ICont'("2","7") <=> $false
  & 'ICont'("2","8") <=> $false
  & 'ICont'("2","9") <=> $false
  & 'ICont'("3","1") <=> $false
  & 'ICont'("3","2") <=> $false
  & 'ICont'("3","3") <=> $true
  & 'ICont'("3","4") <=> $false
  & 'ICont'("3","5") <=> $false
  & 'ICont'("3","6") <=> $false
  & 'ICont'("3","7") <=> $false
  & 'ICont'("3","8") <=> $false
  & 'ICont'("3","9") <=> $false
  & 'ICont'("4","1") <=> $true
  & 'ICont'("4","2") <=> $false
  & 'ICont'("4","3") <=> $true
  & 'ICont'("4","4") <=> $false
  & 'ICont'("4","5") <=> $false
  & 'ICont'("4","6") <=> $false
  & 'ICont'("4","7") <=> $false
  & 'ICont'("4","8") <=> $false
  & 'ICont'("4","9") <=> $false
  & 'ICont'("5","1") <=> $false
  & 'ICont'("5","2") <=> $false
  & 'ICont'("5","3") <=> $true
  & 'ICont'("5","4") <=> $false
  & 'ICont'("5","5") <=> $true
  & 'ICont'("5","6") <=> $true
  & 'ICont'("5","7") <=> $false
  & 'ICont'("5","8") <=> $false
  & 'ICont'("5","9") <=> $false
  & 'ICont'("6","1") <=> $false
  & 'ICont'("6","2") <=> $false
  & 'ICont'("6","3") <=> $true
  & 'ICont'("6","4") <=> $false
  & 'ICont'("6","5") <=> $false
  & 'ICont'("6","6") <=> $false
  & 'ICont'("6","7") <=> $false
  & 'ICont'("6","8") <=> $false
  & 'ICont'("6","9") <=> $false
  & 'ICont'("7","1") <=> $true
  & 'ICont'("7","2") <=> $false
  & 'ICont'("7","3") <=> $true
  & 'ICont'("7","4") <=> $false
  & 'ICont'("7","5") <=> $false
  & 'ICont'("7","6") <=> $false
  & 'ICont'("7","7") <=> $false
  & 'ICont'("7","8") <=> $false
  & 'ICont'("7","9") <=> $false
  & 'ICont'("8","1") <=> $false
  & 'ICont'("8","2") <=> $false
  & 'ICont'("8","3") <=> $false
  & 'ICont'("8","4") <=> $false
  & 'ICont'("8","5") <=> $false
  & 'ICont'("8","6") <=> $false
  & 'ICont'("8","7") <=> $false
  & 'ICont'("8","8") <=> $false
  & 'ICont'("8","9") <=> $false
  & 'ICont'("9","1") <=> $true
  & 'ICont'("9","2") <=> $false
  & 'ICont'("9","3") <=> $true
  & 'ICont'("9","4") <=> $false
  & 'ICont'("9","5") <=> $false
  & 'ICont'("9","6") <=> $false
  & 'ICont'("9","7") <=> $false
  & 'ICont'("9","8") <=> $false
  & 'ICont'("9","9") <=> $true
  )
).

fof('Inc', fi_predicates,
  ( 'Inc'("1","1") <=> $false
  & 'Inc'("1","2") <=> $false
  & 'Inc'("1","3") <=> $true
  & 'Inc'("1","4") <=> $true
  & 'Inc'("1","5") <=> $false
  & 'Inc'("1","6") <=> $true
  & 'Inc'("1","7") <=> $true
  & 'Inc'("1","8") <=> $false
  & 'Inc'("1","9") <=> $true
  & 'Inc'("2","1") <=> $false
  & 'Inc'("2","2") <=> $false
  & 'Inc'("2","3") <=> $true
  & 'Inc'("2","4") <=> $true
  & 'Inc'("2","5") <=> $false
  & 'Inc'("2","6") <=> $true
  & 'Inc'("2","7") <=> $true
  & 'Inc'("2","8") <=> $false
  & 'Inc'("2","9") <=> $true
  & 'Inc'("3","1") <=> $true
  & 'Inc'("3","2") <=> $true
  & 'Inc'("3","3") <=> $false
  & 'Inc'("3","4") <=> $true
  & 'Inc'("3","5") <=> $true
  & 'Inc'("3","6") <=> $true
  & 'Inc'("3","7") <=> $true
  & 'Inc'("3","8") <=> $false
  & 'Inc'("3","9") <=> $true
  & 'Inc'("4","1") <=> $true
  & 'Inc'("4","2") <=> $true
  & 'Inc'("4","3") <=> $true
  & 'Inc'("4","4") <=> $false
  & 'Inc'("4","5") <=> $false
  & 'Inc'("4","6") <=> $false
  & 'Inc'("4","7") <=> $true
  & 'Inc'("4","8") <=> $false
  & 'Inc'("4","9") <=> $true
  & 'Inc'("5","1") <=> $false
  & 'Inc'("5","2") <=> $false
  & 'Inc'("5","3") <=> $true
  & 'Inc'("5","4") <=> $false
  & 'Inc'("5","5") <=> $false
  & 'Inc'("5","6") <=> $false
  & 'Inc'("5","7") <=> $false
  & 'Inc'("5","8") <=> $false
  & 'Inc'("5","9") <=> $false
  & 'Inc'("6","1") <=> $true
  & 'Inc'("6","2") <=> $true
  & 'Inc'("6","3") <=> $true
  & 'Inc'("6","4") <=> $false
  & 'Inc'("6","5") <=> $false
  & 'Inc'("6","6") <=> $false
  & 'Inc'("6","7") <=> $true
  & 'Inc'("6","8") <=> $false
  & 'Inc'("6","9") <=> $true
  & 'Inc'("7","1") <=> $true
  & 'Inc'("7","2") <=> $true
  & 'Inc'("7","3") <=> $true
  & 'Inc'("7","4") <=> $true
  & 'Inc'("7","5") <=> $false
  & 'Inc'("7","6") <=> $true
  & 'Inc'("7","7") <=> $false
  & 'Inc'("7","8") <=> $false
  & 'Inc'("7","9") <=> $true
  & 'Inc'("8","1") <=> $false
  & 'Inc'("8","2") <=> $false
  & 'Inc'("8","3") <=> $false
  & 'Inc'("8","4") <=> $false
  & 'Inc'("8","5") <=> $false
  & 'Inc'("8","6") <=> $false
  & 'Inc'("8","7") <=> $false
  & 'Inc'("8","8") <=> $false
  & 'Inc'("8","9") <=> $false
  & 'Inc'("9","1") <=> $true
  & 'Inc'("9","2") <=> $true
  & 'Inc'("9","3") <=> $true
  & 'Inc'("9","4") <=> $true
  & 'Inc'("9","5") <=> $false
  & 'Inc'("9","6") <=> $true
  & 'Inc'("9","7") <=> $true
  & 'Inc'("9","8") <=> $false
  & 'Inc'("9","9") <=> $false
  )
).

fof('LEQ', fi_predicates,
  ( 'LEQ'("1","1") <=> $true
  & 'LEQ'("1","2") <=> $true
  & 'LEQ'("1","3") <=> $true
  & 'LEQ'("1","4") <=> $false
  & 'LEQ'("1","5") <=> $false
  & 'LEQ'("1","6") <=> $false
  & 'LEQ'("1","7") <=> $false
  & 'LEQ'("1","8") <=> $false
  & 'LEQ'("1","9") <=> $false
  & 'LEQ'("2","1") <=> $true
  & 'LEQ'("2","2") <=> $true
  & 'LEQ'("2","3") <=> $true
  & 'LEQ'("2","4") <=> $false
  & 'LEQ'("2","5") <=> $false
  & 'LEQ'("2","6") <=> $false
  & 'LEQ'("2","7") <=> $false
  & 'LEQ'("2","8") <=> $false
  & 'LEQ'("2","9") <=> $false
  & 'LEQ'("3","1") <=> $false
  & 'LEQ'("3","2") <=> $false
  & 'LEQ'("3","3") <=> $true
  & 'LEQ'("3","4") <=> $false
  & 'LEQ'("3","5") <=> $false
  & 'LEQ'("3","6") <=> $false
  & 'LEQ'("3","7") <=> $false
  & 'LEQ'("3","8") <=> $false
  & 'LEQ'("3","9") <=> $false
  & 'LEQ'("4","1") <=> $true
  & 'LEQ'("4","2") <=> $true
  & 'LEQ'("4","3") <=> $true
  & 'LEQ'("4","4") <=> $true
  & 'LEQ'("4","5") <=> $true
  & 'LEQ'("4","6") <=> $true
  & 'LEQ'("4","7") <=> $true
  & 'LEQ'("4","8") <=> $false
  & 'LEQ'("4","9") <=> $false
  & 'LEQ'("5","1") <=> $true
  & 'LEQ'("5","2") <=> $true
  & 'LEQ'("5","3") <=> $true
  & 'LEQ'("5","4") <=> $true
  & 'LEQ'("5","5") <=> $true
  & 'LEQ'("5","6") <=> $true
  & 'LEQ'("5","7") <=> $true
  & 'LEQ'("5","8") <=> $false
  & 'LEQ'("5","9") <=> $false
  & 'LEQ'("6","1") <=> $true
  & 'LEQ'("6","2") <=> $true
  & 'LEQ'("6","3") <=> $true
  & 'LEQ'("6","4") <=> $true
  & 'LEQ'("6","5") <=> $true
  & 'LEQ'("6","6") <=> $true
  & 'LEQ'("6","7") <=> $true
  & 'LEQ'("6","8") <=> $false
  & 'LEQ'("6","9") <=> $false
  & 'LEQ'("7","1") <=> $true
  & 'LEQ'("7","2") <=> $true
  & 'LEQ'("7","3") <=> $true
  & 'LEQ'("7","4") <=> $false
  & 'LEQ'("7","5") <=> $false
  & 'LEQ'("7","6") <=> $false
  & 'LEQ'("7","7") <=> $true
  & 'LEQ'("7","8") <=> $false
  & 'LEQ'("7","9") <=> $false
  & 'LEQ'("8","1") <=> $true
  & 'LEQ'("8","2") <=> $true
  & 'LEQ'("8","3") <=> $true
  & 'LEQ'("8","4") <=> $true
  & 'LEQ'("8","5") <=> $true
  & 'LEQ'("8","6") <=> $true
  & 'LEQ'("8","7") <=> $true
  & 'LEQ'("8","8") <=> $true
  & 'LEQ'("8","9") <=> $true
  & 'LEQ'("9","1") <=> $true
  & 'LEQ'("9","2") <=> $true
  & 'LEQ'("9","3") <=> $true
  & 'LEQ'("9","4") <=> $true
  & 'LEQ'("9","5") <=> $true
  & 'LEQ'("9","6") <=> $true
  & 'LEQ'("9","7") <=> $true
  & 'LEQ'("9","8") <=> $false
  & 'LEQ'("9","9") <=> $true
  )
).

fof('LESS', fi_predicates,
  ( 'LESS'("1","1") <=> $false
  & 'LESS'("1","2") <=> $false
  & 'LESS'("1","3") <=> $true
  & 'LESS'("1","4") <=> $false
  & 'LESS'("1","5") <=> $false
  & 'LESS'("1","6") <=> $false
  & 'LESS'("1","7") <=> $false
  & 'LESS'("1","8") <=> $false
  & 'LESS'("1","9") <=> $false
  & 'LESS'("2","1") <=> $false
  & 'LESS'("2","2") <=> $false
  & 'LESS'("2","3") <=> $true
  & 'LESS'("2","4") <=> $false
  & 'LESS'("2","5") <=> $false
  & 'LESS'("2","6") <=> $false
  & 'LESS'("2","7") <=> $false
  & 'LESS'("2","8") <=> $false
  & 'LESS'("2","9") <=> $false
  & 'LESS'("3","1") <=> $false
  & 'LESS'("3","2") <=> $false
  & 'LESS'("3","3") <=> $false
  & 'LESS'("3","4") <=> $false
  & 'LESS'("3","5") <=> $false
  & 'LESS'("3","6") <=> $false
  & 'LESS'("3","7") <=> $false
  & 'LESS'("3","8") <=> $false
  & 'LESS'("3","9") <=> $false
  & 'LESS'("4","1") <=> $true
  & 'LESS'("4","2") <=> $true
  & 'LESS'("4","3") <=> $true
  & 'LESS'("4","4") <=> $false
  & 'LESS'("4","5") <=> $false
  & 'LESS'("4","6") <=> $false
  & 'LESS'("4","7") <=> $true
  & 'LESS'("4","8") <=> $false
  & 'LESS'("4","9") <=> $false
  & 'LESS'("5","1") <=> $true
  & 'LESS'("5","2") <=> $true
  & 'LESS'("5","3") <=> $true
  & 'LESS'("5","4") <=> $false
  & 'LESS'("5","5") <=> $false
  & 'LESS'("5","6") <=> $false
  & 'LESS'("5","7") <=> $true
  & 'LESS'("5","8") <=> $false
  & 'LESS'("5","9") <=> $false
  & 'LESS'("6","1") <=> $true
  & 'LESS'("6","2") <=> $true
  & 'LESS'("6","3") <=> $true
  & 'LESS'("6","4") <=> $false
  & 'LESS'("6","5") <=> $false
  & 'LESS'("6","6") <=> $false
  & 'LESS'("6","7") <=> $true
  & 'LESS'("6","8") <=> $false
  & 'LESS'("6","9") <=> $false
  & 'LESS'("7","1") <=> $true
  & 'LESS'("7","2") <=> $true
  & 'LESS'("7","3") <=> $true
  & 'LESS'("7","4") <=> $false
  & 'LESS'("7","5") <=> $false
  & 'LESS'("7","6") <=> $false
  & 'LESS'("7","7") <=> $false
  & 'LESS'("7","8") <=> $false
  & 'LESS'("7","9") <=> $false
  & 'LESS'("8","1") <=> $true
  & 'LESS'("8","2") <=> $true
  & 'LESS'("8","3") <=> $true
  & 'LESS'("8","4") <=> $true
  & 'LESS'("8","5") <=> $true
  & 'LESS'("8","6") <=> $true
  & 'LESS'("8","7") <=> $true
  & 'LESS'("8","8") <=> $false
  & 'LESS'("8","9") <=> $true
  & 'LESS'("9","1") <=> $true
  & 'LESS'("9","2") <=> $true
  & 'LESS'("9","3") <=> $true
  & 'LESS'("9","4") <=> $true
  & 'LESS'("9","5") <=> $true
  & 'LESS'("9","6") <=> $true
  & 'LESS'("9","7") <=> $true
  & 'LESS'("9","8") <=> $false
  & 'LESS'("9","9") <=> $false
  )
).

fof('Max', fi_predicates,
  ( 'Max'("1") <=> $true
  & 'Max'("2") <=> $true
  & 'Max'("3") <=> $true
  & 'Max'("4") <=> $false
  & 'Max'("5") <=> $false
  & 'Max'("6") <=> $true
  & 'Max'("7") <=> $true
  & 'Max'("8") <=> $false
  & 'Max'("9") <=> $true
  )
).

fof('MaxDim', fi_predicates,
  ( 'MaxDim'("1") <=> $false
  & 'MaxDim'("2") <=> $false
  & 'MaxDim'("3") <=> $true
  & 'MaxDim'("4") <=> $false
  & 'MaxDim'("5") <=> $false
  & 'MaxDim'("6") <=> $false
  & 'MaxDim'("7") <=> $false
  & 'MaxDim'("8") <=> $false
  & 'MaxDim'("9") <=> $false
  )
).

fof('Min', fi_predicates,
  ( 'Min'("1") <=> $true
  & 'Min'("2") <=> $true
  & 'Min'("3") <=> $true
  & 'Min'("4") <=> $true
  & 'Min'("5") <=> $true
  & 'Min'("6") <=> $false
  & 'Min'("7") <=> $true
  & 'Min'("8") <=> $false
  & 'Min'("9") <=> $true
  )
).

fof('MinDim', fi_predicates,
  ( 'MinDim'("1") <=> $false
  & 'MinDim'("2") <=> $false
  & 'MinDim'("3") <=> $false
  & 'MinDim'("4") <=> $false
  & 'MinDim'("5") <=> $false
  & 'MinDim'("6") <=> $false
  & 'MinDim'("7") <=> $false
  & 'MinDim'("8") <=> $false
  & 'MinDim'("9") <=> $true
  )
).

fof('P', fi_predicates,
  ( 'P'("1","1") <=> $true
  & 'P'("1","2") <=> $false
  & 'P'("1","3") <=> $false
  & 'P'("1","4") <=> $false
  & 'P'("1","5") <=> $false
  & 'P'("1","6") <=> $false
  & 'P'("1","7") <=> $false
  & 'P'("1","8") <=> $false
  & 'P'("1","9") <=> $false
  & 'P'("2","1") <=> $false
  & 'P'("2","2") <=> $true
  & 'P'("2","3") <=> $false
  & 'P'("2","4") <=> $false
  & 'P'("2","5") <=> $false
  & 'P'("2","6") <=> $false
  & 'P'("2","7") <=> $false
  & 'P'("2","8") <=> $false
  & 'P'("2","9") <=> $false
  & 'P'("3","1") <=> $false
  & 'P'("3","2") <=> $false
  & 'P'("3","3") <=> $true
  & 'P'("3","4") <=> $false
  & 'P'("3","5") <=> $false
  & 'P'("3","6") <=> $false
  & 'P'("3","7") <=> $false
  & 'P'("3","8") <=> $false
  & 'P'("3","9") <=> $false
  & 'P'("4","1") <=> $false
  & 'P'("4","2") <=> $false
  & 'P'("4","3") <=> $false
  & 'P'("4","4") <=> $true
  & 'P'("4","5") <=> $false
  & 'P'("4","6") <=> $true
  & 'P'("4","7") <=> $false
  & 'P'("4","8") <=> $false
  & 'P'("4","9") <=> $false
  & 'P'("5","1") <=> $false
  & 'P'("5","2") <=> $false
  & 'P'("5","3") <=> $false
  & 'P'("5","4") <=> $false
  & 'P'("5","5") <=> $true
  & 'P'("5","6") <=> $true
  & 'P'("5","7") <=> $false
  & 'P'("5","8") <=> $false
  & 'P'("5","9") <=> $false
  & 'P'("6","1") <=> $false
  & 'P'("6","2") <=> $false
  & 'P'("6","3") <=> $false
  & 'P'("6","4") <=> $false
  & 'P'("6","5") <=> $false
  & 'P'("6","6") <=> $true
  & 'P'("6","7") <=> $false
  & 'P'("6","8") <=> $false
  & 'P'("6","9") <=> $false
  & 'P'("7","1") <=> $false
  & 'P'("7","2") <=> $false
  & 'P'("7","3") <=> $false
  & 'P'("7","4") <=> $false
  & 'P'("7","5") <=> $false
  & 'P'("7","6") <=> $false
  & 'P'("7","7") <=> $true
  & 'P'("7","8") <=> $false
  & 'P'("7","9") <=> $false
  & 'P'("8","1") <=> $false
  & 'P'("8","2") <=> $false
  & 'P'("8","3") <=> $false
  & 'P'("8","4") <=> $false
  & 'P'("8","5") <=> $false
  & 'P'("8","6") <=> $false
  & 'P'("8","7") <=> $false
  & 'P'("8","8") <=> $false
  & 'P'("8","9") <=> $false
  & 'P'("9","1") <=> $false
  & 'P'("9","2") <=> $false
  & 'P'("9","3") <=> $false
  & 'P'("9","4") <=> $false
  & 'P'("9","5") <=> $false
  & 'P'("9","6") <=> $false
  & 'P'("9","7") <=> $false
  & 'P'("9","8") <=> $false
  & 'P'("9","9") <=> $true
  )
).

fof('PO', fi_predicates,
  ( 'PO'("1","1") <=> $true
  & 'PO'("1","2") <=> $false
  & 'PO'("1","3") <=> $false
  & 'PO'("1","4") <=> $false
  & 'PO'("1","5") <=> $false
  & 'PO'("1","6") <=> $false
  & 'PO'("1","7") <=> $false
  & 'PO'("1","8") <=> $false
  & 'PO'("1","9") <=> $false
  & 'PO'("2","1") <=> $false
  & 'PO'("2","2") <=> $true
  & 'PO'("2","3") <=> $false
  & 'PO'("2","4") <=> $false
  & 'PO'("2","5") <=> $false
  & 'PO'("2","6") <=> $false
  & 'PO'("2","7") <=> $false
  & 'PO'("2","8") <=> $false
  & 'PO'("2","9") <=> $false
  & 'PO'("3","1") <=> $false
  & 'PO'("3","2") <=> $false
  & 'PO'("3","3") <=> $true
  & 'PO'("3","4") <=> $false
  & 'PO'("3","5") <=> $false
  & 'PO'("3","6") <=> $false
  & 'PO'("3","7") <=> $false
  & 'PO'("3","8") <=> $false
  & 'PO'("3","9") <=> $false
  & 'PO'("4","1") <=> $false
  & 'PO'("4","2") <=> $false
  & 'PO'("4","3") <=> $false
  & 'PO'("4","4") <=> $true
  & 'PO'("4","5") <=> $false
  & 'PO'("4","6") <=> $true
  & 'PO'("4","7") <=> $false
  & 'PO'("4","8") <=> $false
  & 'PO'("4","9") <=> $false
  & 'PO'("5","1") <=> $false
  & 'PO'("5","2") <=> $false
  & 'PO'("5","3") <=> $false
  & 'PO'("5","4") <=> $false
  & 'PO'("5","5") <=> $true
  & 'PO'("5","6") <=> $true
  & 'PO'("5","7") <=> $false
  & 'PO'("5","8") <=> $false
  & 'PO'("5","9") <=> $false
  & 'PO'("6","1") <=> $false
  & 'PO'("6","2") <=> $false
  & 'PO'("6","3") <=> $false
  & 'PO'("6","4") <=> $true
  & 'PO'("6","5") <=> $true
  & 'PO'("6","6") <=> $true
  & 'PO'("6","7") <=> $false
  & 'PO'("6","8") <=> $false
  & 'PO'("6","9") <=> $false
  & 'PO'("7","1") <=> $false
  & 'PO'("7","2") <=> $false
  & 'PO'("7","3") <=> $false
  & 'PO'("7","4") <=> $false
  & 'PO'("7","5") <=> $false
  & 'PO'("7","6") <=> $false
  & 'PO'("7","7") <=> $true
  & 'PO'("7","8") <=> $false
  & 'PO'("7","9") <=> $false
  & 'PO'("8","1") <=> $false
  & 'PO'("8","2") <=> $false
  & 'PO'("8","3") <=> $false
  & 'PO'("8","4") <=> $false
  & 'PO'("8","5") <=> $false
  & 'PO'("8","6") <=> $false
  & 'PO'("8","7") <=> $false
  & 'PO'("8","8") <=> $false
  & 'PO'("8","9") <=> $false
  & 'PO'("9","1") <=> $false
  & 'PO'("9","2") <=> $false
  & 'PO'("9","3") <=> $false
  & 'PO'("9","4") <=> $false
  & 'PO'("9","5") <=> $false
  & 'PO'("9","6") <=> $false
  & 'PO'("9","7") <=> $false
  & 'PO'("9","8") <=> $false
  & 'PO'("9","9") <=> $true
  )
).

fof('PP', fi_predicates,
  ( 'PP'("1","1") <=> $false
  & 'PP'("1","2") <=> $false
  & 'PP'("1","3") <=> $false
  & 'PP'("1","4") <=> $false
  & 'PP'("1","5") <=> $false
  & 'PP'("1","6") <=> $false
  & 'PP'("1","7") <=> $false
  & 'PP'("1","8") <=> $false
  & 'PP'("1","9") <=> $false
  & 'PP'("2","1") <=> $false
  & 'PP'("2","2") <=> $false
  & 'PP'("2","3") <=> $false
  & 'PP'("2","4") <=> $false
  & 'PP'("2","5") <=> $false
  & 'PP'("2","6") <=> $false
  & 'PP'("2","7") <=> $false
  & 'PP'("2","8") <=> $false
  & 'PP'("2","9") <=> $false
  & 'PP'("3","1") <=> $false
  & 'PP'("3","2") <=> $false
  & 'PP'("3","3") <=> $false
  & 'PP'("3","4") <=> $false
  & 'PP'("3","5") <=> $false
  & 'PP'("3","6") <=> $false
  & 'PP'("3","7") <=> $false
  & 'PP'("3","8") <=> $false
  & 'PP'("3","9") <=> $false
  & 'PP'("4","1") <=> $false
  & 'PP'("4","2") <=> $false
  & 'PP'("4","3") <=> $false
  & 'PP'("4","4") <=> $false
  & 'PP'("4","5") <=> $false
  & 'PP'("4","6") <=> $true
  & 'PP'("4","7") <=> $false
  & 'PP'("4","8") <=> $false
  & 'PP'("4","9") <=> $false
  & 'PP'("5","1") <=> $false
  & 'PP'("5","2") <=> $false
  & 'PP'("5","3") <=> $false
  & 'PP'("5","4") <=> $false
  & 'PP'("5","5") <=> $false
  & 'PP'("5","6") <=> $true
  & 'PP'("5","7") <=> $false
  & 'PP'("5","8") <=> $false
  & 'PP'("5","9") <=> $false
  & 'PP'("6","1") <=> $false
  & 'PP'("6","2") <=> $false
  & 'PP'("6","3") <=> $false
  & 'PP'("6","4") <=> $false
  & 'PP'("6","5") <=> $false
  & 'PP'("6","6") <=> $false
  & 'PP'("6","7") <=> $false
  & 'PP'("6","8") <=> $false
  & 'PP'("6","9") <=> $false
  & 'PP'("7","1") <=> $false
  & 'PP'("7","2") <=> $false
  & 'PP'("7","3") <=> $false
  & 'PP'("7","4") <=> $false
  & 'PP'("7","5") <=> $false
  & 'PP'("7","6") <=> $false
  & 'PP'("7","7") <=> $false
  & 'PP'("7","8") <=> $false
  & 'PP'("7","9") <=> $false
  & 'PP'("8","1") <=> $false
  & 'PP'("8","2") <=> $false
  & 'PP'("8","3") <=> $false
  & 'PP'("8","4") <=> $false
  & 'PP'("8","5") <=> $false
  & 'PP'("8","6") <=> $false
  & 'PP'("8","7") <=> $false
  & 'PP'("8","8") <=> $false
  & 'PP'("8","9") <=> $false
  & 'PP'("9","1") <=> $false
  & 'PP'("9","2") <=> $false
  & 'PP'("9","3") <=> $false
  & 'PP'("9","4") <=> $false
  & 'PP'("9","5") <=> $false
  & 'PP'("9","6") <=> $false
  & 'PP'("9","7") <=> $false
  & 'PP'("9","8") <=> $false
  & 'PP'("9","9") <=> $false
  )
).

fof('SC', fi_predicates,
  ( 'SC'("1","1") <=> $false
  & 'SC'("1","2") <=> $true
  & 'SC'("1","3") <=> $false
  & 'SC'("1","4") <=> $false
  & 'SC'("1","5") <=> $false
  & 'SC'("1","6") <=> $false
  & 'SC'("1","7") <=> $false
  & 'SC'("1","8") <=> $false
  & 'SC'("1","9") <=> $false
  & 'SC'("2","1") <=> $true
  & 'SC'("2","2") <=> $false
  & 'SC'("2","3") <=> $false
  & 'SC'("2","4") <=> $false
  & 'SC'("2","5") <=> $false
  & 'SC'("2","6") <=> $false
  & 'SC'("2","7") <=> $false
  & 'SC'("2","8") <=> $false
  & 'SC'("2","9") <=> $false
  & 'SC'("3","1") <=> $false
  & 'SC'("3","2") <=> $false
  & 'SC'("3","3") <=> $false
  & 'SC'("3","4") <=> $false
  & 'SC'("3","5") <=> $false
  & 'SC'("3","6") <=> $false
  & 'SC'("3","7") <=> $false
  & 'SC'("3","8") <=> $false
  & 'SC'("3","9") <=> $false
  & 'SC'("4","1") <=> $false
  & 'SC'("4","2") <=> $false
  & 'SC'("4","3") <=> $false
  & 'SC'("4","4") <=> $false
  & 'SC'("4","5") <=> $false
  & 'SC'("4","6") <=> $false
  & 'SC'("4","7") <=> $false
  & 'SC'("4","8") <=> $false
  & 'SC'("4","9") <=> $false
  & 'SC'("5","1") <=> $false
  & 'SC'("5","2") <=> $false
  & 'SC'("5","3") <=> $false
  & 'SC'("5","4") <=> $false
  & 'SC'("5","5") <=> $false
  & 'SC'("5","6") <=> $false
  & 'SC'("5","7") <=> $false
  & 'SC'("5","8") <=> $false
  & 'SC'("5","9") <=> $false
  & 'SC'("6","1") <=> $false
  & 'SC'("6","2") <=> $false
  & 'SC'("6","3") <=> $false
  & 'SC'("6","4") <=> $false
  & 'SC'("6","5") <=> $false
  & 'SC'("6","6") <=> $false
  & 'SC'("6","7") <=> $false
  & 'SC'("6","8") <=> $false
  & 'SC'("6","9") <=> $false
  & 'SC'("7","1") <=> $false
  & 'SC'("7","2") <=> $false
  & 'SC'("7","3") <=> $false
  & 'SC'("7","4") <=> $false
  & 'SC'("7","5") <=> $false
  & 'SC'("7","6") <=> $false
  & 'SC'("7","7") <=> $false
  & 'SC'("7","8") <=> $false
  & 'SC'("7","9") <=> $false
  & 'SC'("8","1") <=> $false
  & 'SC'("8","2") <=> $false
  & 'SC'("8","3") <=> $false
  & 'SC'("8","4") <=> $false
  & 'SC'("8","5") <=> $false
  & 'SC'("8","6") <=> $false
  & 'SC'("8","7") <=> $false
  & 'SC'("8","8") <=> $false
  & 'SC'("8","9") <=> $false
  & 'SC'("9","1") <=> $false
  & 'SC'("9","2") <=> $false
  & 'SC'("9","3") <=> $false
  & 'SC'("9","4") <=> $false
  & 'SC'("9","5") <=> $false
  & 'SC'("9","6") <=> $false
  & 'SC'("9","7") <=> $false
  & 'SC'("9","8") <=> $false
  & 'SC'("9","9") <=> $false
  )
).

fof('TCont', fi_predicates,
  ( 'TCont'("1","1") <=> $false
  & 'TCont'("1","2") <=> $false
  & 'TCont'("1","3") <=> $false
  & 'TCont'("1","4") <=> $false
  & 'TCont'("1","5") <=> $false
  & 'TCont'("1","6") <=> $false
  & 'TCont'("1","7") <=> $false
  & 'TCont'("1","8") <=> $false
  & 'TCont'("1","9") <=> $false
  & 'TCont'("2","1") <=> $false
  & 'TCont'("2","2") <=> $true
  & 'TCont'("2","3") <=> $false
  & 'TCont'("2","4") <=> $false
  & 'TCont'("2","5") <=> $false
  & 'TCont'("2","6") <=> $false
  & 'TCont'("2","7") <=> $false
  & 'TCont'("2","8") <=> $false
  & 'TCont'("2","9") <=> $false
  & 'TCont'("3","1") <=> $false
  & 'TCont'("3","2") <=> $false
  & 'TCont'("3","3") <=> $false
  & 'TCont'("3","4") <=> $false
  & 'TCont'("3","5") <=> $false
  & 'TCont'("3","6") <=> $false
  & 'TCont'("3","7") <=> $false
  & 'TCont'("3","8") <=> $false
  & 'TCont'("3","9") <=> $false
  & 'TCont'("4","1") <=> $false
  & 'TCont'("4","2") <=> $true
  & 'TCont'("4","3") <=> $false
  & 'TCont'("4","4") <=> $true
  & 'TCont'("4","5") <=> $false
  & 'TCont'("4","6") <=> $true
  & 'TCont'("4","7") <=> $true
  & 'TCont'("4","8") <=> $false
  & 'TCont'("4","9") <=> $false
  & 'TCont'("5","1") <=> $false
  & 'TCont'("5","2") <=> $false
  & 'TCont'("5","3") <=> $false
  & 'TCont'("5","4") <=> $false
  & 'TCont'("5","5") <=> $false
  & 'TCont'("5","6") <=> $false
  & 'TCont'("5","7") <=> $false
  & 'TCont'("5","8") <=> $false
  & 'TCont'("5","9") <=> $false
  & 'TCont'("6","1") <=> $false
  & 'TCont'("6","2") <=> $false
  & 'TCont'("6","3") <=> $false
  & 'TCont'("6","4") <=> $false
  & 'TCont'("6","5") <=> $false
  & 'TCont'("6","6") <=> $true
  & 'TCont'("6","7") <=> $false
  & 'TCont'("6","8") <=> $false
  & 'TCont'("6","9") <=> $false
  & 'TCont'("7","1") <=> $false
  & 'TCont'("7","2") <=> $true
  & 'TCont'("7","3") <=> $false
  & 'TCont'("7","4") <=> $false
  & 'TCont'("7","5") <=> $false
  & 'TCont'("7","6") <=> $false
  & 'TCont'("7","7") <=> $true
  & 'TCont'("7","8") <=> $false
  & 'TCont'("7","9") <=> $false
  & 'TCont'("8","1") <=> $false
  & 'TCont'("8","2") <=> $false
  & 'TCont'("8","3") <=> $false
  & 'TCont'("8","4") <=> $false
  & 'TCont'("8","5") <=> $false
  & 'TCont'("8","6") <=> $false
  & 'TCont'("8","7") <=> $false
  & 'TCont'("8","8") <=> $false
  & 'TCont'("8","9") <=> $false
  & 'TCont'("9","1") <=> $false
  & 'TCont'("9","2") <=> $true
  & 'TCont'("9","3") <=> $false
  & 'TCont'("9","4") <=> $true
  & 'TCont'("9","5") <=> $false
  & 'TCont'("9","6") <=> $true
  & 'TCont'("9","7") <=> $true
  & 'TCont'("9","8") <=> $false
  & 'TCont'("9","9") <=> $false
  )
).

fof('TSum', fi_predicates,
  ( 'TSum'("1","1","1") <=> $false
  & 'TSum'("1","1","2") <=> $false
  & 'TSum'("1","1","3") <=> $false
  & 'TSum'("1","1","4") <=> $false
  & 'TSum'("1","1","5") <=> $false
  & 'TSum'("1","1","6") <=> $false
  & 'TSum'("1","1","7") <=> $false
  & 'TSum'("1","1","8") <=> $false
  & 'TSum'("1","1","9") <=> $false
  & 'TSum'("1","2","1") <=> $false
  & 'TSum'("1","2","2") <=> $false
  & 'TSum'("1","2","3") <=> $false
  & 'TSum'("1","2","4") <=> $false
  & 'TSum'("1","2","5") <=> $false
  & 'TSum'("1","2","6") <=> $false
  & 'TSum'("1","2","7") <=> $false
  & 'TSum'("1","2","8") <=> $false
  & 'TSum'("1","2","9") <=> $false
  & 'TSum'("1","3","1") <=> $false
  & 'TSum'("1","3","2") <=> $false
  & 'TSum'("1","3","3") <=> $true
  & 'TSum'("1","3","4") <=> $false
  & 'TSum'("1","3","5") <=> $false
  & 'TSum'("1","3","6") <=> $false
  & 'TSum'("1","3","7") <=> $false
  & 'TSum'("1","3","8") <=> $false
  & 'TSum'("1","3","9") <=> $false
  & 'TSum'("1","4","1") <=> $true
  & 'TSum'("1","4","2") <=> $false
  & 'TSum'("1","4","3") <=> $false
  & 'TSum'("1","4","4") <=> $false
  & 'TSum'("1","4","5") <=> $false
  & 'TSum'("1","4","6") <=> $false
  & 'TSum'("1","4","7") <=> $false
  & 'TSum'("1","4","8") <=> $false
  & 'TSum'("1","4","9") <=> $false
  & 'TSum'("1","5","1") <=> $true
  & 'TSum'("1","5","2") <=> $false
  & 'TSum'("1","5","3") <=> $false
  & 'TSum'("1","5","4") <=> $false
  & 'TSum'("1","5","5") <=> $false
  & 'TSum'("1","5","6") <=> $false
  & 'TSum'("1","5","7") <=> $false
  & 'TSum'("1","5","8") <=> $false
  & 'TSum'("1","5","9") <=> $false
  & 'TSum'("1","6","1") <=> $true
  & 'TSum'("1","6","2") <=> $false
  & 'TSum'("1","6","3") <=> $false
  & 'TSum'("1","6","4") <=> $false
  & 'TSum'("1","6","5") <=> $false
  & 'TSum'("1","6","6") <=> $false
  & 'TSum'("1","6","7") <=> $false
  & 'TSum'("1","6","8") <=> $false
  & 'TSum'("1","6","9") <=> $false
  & 'TSum'("1","7","1") <=> $true
  & 'TSum'("1","7","2") <=> $false
  & 'TSum'("1","7","3") <=> $false
  & 'TSum'("1","7","4") <=> $false
  & 'TSum'("1","7","5") <=> $false
  & 'TSum'("1","7","6") <=> $false
  & 'TSum'("1","7","7") <=> $false
  & 'TSum'("1","7","8") <=> $false
  & 'TSum'("1","7","9") <=> $false
  & 'TSum'("1","8","1") <=> $true
  & 'TSum'("1","8","2") <=> $false
  & 'TSum'("1","8","3") <=> $false
  & 'TSum'("1","8","4") <=> $false
  & 'TSum'("1","8","5") <=> $false
  & 'TSum'("1","8","6") <=> $false
  & 'TSum'("1","8","7") <=> $false
  & 'TSum'("1","8","8") <=> $false
  & 'TSum'("1","8","9") <=> $false
  & 'TSum'("1","9","1") <=> $true
  & 'TSum'("1","9","2") <=> $false
  & 'TSum'("1","9","3") <=> $false
  & 'TSum'("1","9","4") <=> $false
  & 'TSum'("1","9","5") <=> $false
  & 'TSum'("1","9","6") <=> $false
  & 'TSum'("1","9","7") <=> $false
  & 'TSum'("1","9","8") <=> $false
  & 'TSum'("1","9","9") <=> $false
  & 'TSum'("2","1","1") <=> $false
  & 'TSum'("2","1","2") <=> $false
  & 'TSum'("2","1","3") <=> $false
  & 'TSum'("2","1","4") <=> $false
  & 'TSum'("2","1","5") <=> $false
  & 'TSum'("2","1","6") <=> $false
  & 'TSum'("2","1","7") <=> $false
  & 'TSum'("2","1","8") <=> $false
  & 'TSum'("2","1","9") <=> $false
  & 'TSum'("2","2","1") <=> $false
  & 'TSum'("2","2","2") <=> $false
  & 'TSum'("2","2","3") <=> $false
  & 'TSum'("2","2","4") <=> $false
  & 'TSum'("2","2","5") <=> $false
  & 'TSum'("2","2","6") <=> $false
  & 'TSum'("2","2","7") <=> $false
  & 'TSum'("2","2","8") <=> $false
  & 'TSum'("2","2","9") <=> $false
  & 'TSum'("2","3","1") <=> $false
  & 'TSum'("2","3","2") <=> $false
  & 'TSum'("2","3","3") <=> $true
  & 'TSum'("2","3","4") <=> $false
  & 'TSum'("2","3","5") <=> $false
  & 'TSum'("2","3","6") <=> $false
  & 'TSum'("2","3","7") <=> $false
  & 'TSum'("2","3","8") <=> $false
  & 'TSum'("2","3","9") <=> $false
  & 'TSum'("2","4","1") <=> $false
  & 'TSum'("2","4","2") <=> $true
  & 'TSum'("2","4","3") <=> $false
  & 'TSum'("2","4","4") <=> $false
  & 'TSum'("2","4","5") <=> $false
  & 'TSum'("2","4","6") <=> $false
  & 'TSum'("2","4","7") <=> $false
  & 'TSum'("2","4","8") <=> $false
  & 'TSum'("2","4","9") <=> $false
  & 'TSum'("2","5","1") <=> $false
  & 'TSum'("2","5","2") <=> $true
  & 'TSum'("2","5","3") <=> $false
  & 'TSum'("2","5","4") <=> $false
  & 'TSum'("2","5","5") <=> $false
  & 'TSum'("2","5","6") <=> $false
  & 'TSum'("2","5","7") <=> $false
  & 'TSum'("2","5","8") <=> $false
  & 'TSum'("2","5","9") <=> $false
  & 'TSum'("2","6","1") <=> $false
  & 'TSum'("2","6","2") <=> $true
  & 'TSum'("2","6","3") <=> $false
  & 'TSum'("2","6","4") <=> $false
  & 'TSum'("2","6","5") <=> $false
  & 'TSum'("2","6","6") <=> $false
  & 'TSum'("2","6","7") <=> $false
  & 'TSum'("2","6","8") <=> $false
  & 'TSum'("2","6","9") <=> $false
  & 'TSum'("2","7","1") <=> $false
  & 'TSum'("2","7","2") <=> $true
  & 'TSum'("2","7","3") <=> $false
  & 'TSum'("2","7","4") <=> $false
  & 'TSum'("2","7","5") <=> $false
  & 'TSum'("2","7","6") <=> $false
  & 'TSum'("2","7","7") <=> $false
  & 'TSum'("2","7","8") <=> $false
  & 'TSum'("2","7","9") <=> $false
  & 'TSum'("2","8","1") <=> $false
  & 'TSum'("2","8","2") <=> $true
  & 'TSum'("2","8","3") <=> $false
  & 'TSum'("2","8","4") <=> $false
  & 'TSum'("2","8","5") <=> $false
  & 'TSum'("2","8","6") <=> $false
  & 'TSum'("2","8","7") <=> $false
  & 'TSum'("2","8","8") <=> $false
  & 'TSum'("2","8","9") <=> $false
  & 'TSum'("2","9","1") <=> $false
  & 'TSum'("2","9","2") <=> $true
  & 'TSum'("2","9","3") <=> $false
  & 'TSum'("2","9","4") <=> $false
  & 'TSum'("2","9","5") <=> $false
  & 'TSum'("2","9","6") <=> $false
  & 'TSum'("2","9","7") <=> $false
  & 'TSum'("2","9","8") <=> $false
  & 'TSum'("2","9","9") <=> $false
  & 'TSum'("3","1","1") <=> $false
  & 'TSum'("3","1","2") <=> $false
  & 'TSum'("3","1","3") <=> $true
  & 'TSum'("3","1","4") <=> $false
  & 'TSum'("3","1","5") <=> $false
  & 'TSum'("3","1","6") <=> $false
  & 'TSum'("3","1","7") <=> $false
  & 'TSum'("3","1","8") <=> $false
  & 'TSum'("3","1","9") <=> $false
  & 'TSum'("3","2","1") <=> $false
  & 'TSum'("3","2","2") <=> $false
  & 'TSum'("3","2","3") <=> $true
  & 'TSum'("3","2","4") <=> $false
  & 'TSum'("3","2","5") <=> $false
  & 'TSum'("3","2","6") <=> $false
  & 'TSum'("3","2","7") <=> $false
  & 'TSum'("3","2","8") <=> $false
  & 'TSum'("3","2","9") <=> $false
  & 'TSum'("3","3","1") <=> $false
  & 'TSum'("3","3","2") <=> $false
  & 'TSum'("3","3","3") <=> $true
  & 'TSum'("3","3","4") <=> $false
  & 'TSum'("3","3","5") <=> $false
  & 'TSum'("3","3","6") <=> $false
  & 'TSum'("3","3","7") <=> $false
  & 'TSum'("3","3","8") <=> $false
  & 'TSum'("3","3","9") <=> $false
  & 'TSum'("3","4","1") <=> $false
  & 'TSum'("3","4","2") <=> $false
  & 'TSum'("3","4","3") <=> $true
  & 'TSum'("3","4","4") <=> $false
  & 'TSum'("3","4","5") <=> $false
  & 'TSum'("3","4","6") <=> $false
  & 'TSum'("3","4","7") <=> $false
  & 'TSum'("3","4","8") <=> $false
  & 'TSum'("3","4","9") <=> $false
  & 'TSum'("3","5","1") <=> $false
  & 'TSum'("3","5","2") <=> $false
  & 'TSum'("3","5","3") <=> $true
  & 'TSum'("3","5","4") <=> $false
  & 'TSum'("3","5","5") <=> $false
  & 'TSum'("3","5","6") <=> $false
  & 'TSum'("3","5","7") <=> $false
  & 'TSum'("3","5","8") <=> $false
  & 'TSum'("3","5","9") <=> $false
  & 'TSum'("3","6","1") <=> $false
  & 'TSum'("3","6","2") <=> $false
  & 'TSum'("3","6","3") <=> $true
  & 'TSum'("3","6","4") <=> $false
  & 'TSum'("3","6","5") <=> $false
  & 'TSum'("3","6","6") <=> $false
  & 'TSum'("3","6","7") <=> $false
  & 'TSum'("3","6","8") <=> $false
  & 'TSum'("3","6","9") <=> $false
  & 'TSum'("3","7","1") <=> $false
  & 'TSum'("3","7","2") <=> $false
  & 'TSum'("3","7","3") <=> $true
  & 'TSum'("3","7","4") <=> $false
  & 'TSum'("3","7","5") <=> $false
  & 'TSum'("3","7","6") <=> $false
  & 'TSum'("3","7","7") <=> $false
  & 'TSum'("3","7","8") <=> $false
  & 'TSum'("3","7","9") <=> $false
  & 'TSum'("3","8","1") <=> $false
  & 'TSum'("3","8","2") <=> $false
  & 'TSum'("3","8","3") <=> $true
  & 'TSum'("3","8","4") <=> $false
  & 'TSum'("3","8","5") <=> $false
  & 'TSum'("3","8","6") <=> $false
  & 'TSum'("3","8","7") <=> $false
  & 'TSum'("3","8","8") <=> $false
  & 'TSum'("3","8","9") <=> $false
  & 'TSum'("3","9","1") <=> $false
  & 'TSum'("3","9","2") <=> $false
  & 'TSum'("3","9","3") <=> $true
  & 'TSum'("3","9","4") <=> $false
  & 'TSum'("3","9","5") <=> $false
  & 'TSum'("3","9","6") <=> $false
  & 'TSum'("3","9","7") <=> $false
  & 'TSum'("3","9","8") <=> $false
  & 'TSum'("3","9","9") <=> $false
  & 'TSum'("4","1","1") <=> $true
  & 'TSum'("4","1","2") <=> $false
  & 'TSum'("4","1","3") <=> $false
  & 'TSum'("4","1","4") <=> $false
  & 'TSum'("4","1","5") <=> $false
  & 'TSum'("4","1","6") <=> $false
  & 'TSum'("4","1","7") <=> $false
  & 'TSum'("4","1","8") <=> $false
  & 'TSum'("4","1","9") <=> $false
  & 'TSum'("4","2","1") <=> $false
  & 'TSum'("4","2","2") <=> $true
  & 'TSum'("4","2","3") <=> $false
  & 'TSum'("4","2","4") <=> $false
  & 'TSum'("4","2","5") <=> $false
  & 'TSum'("4","2","6") <=> $false
  & 'TSum'("4","2","7") <=> $false
  & 'TSum'("4","2","8") <=> $false
  & 'TSum'("4","2","9") <=> $false
  & 'TSum'("4","3","1") <=> $false
  & 'TSum'("4","3","2") <=> $false
  & 'TSum'("4","3","3") <=> $true
  & 'TSum'("4","3","4") <=> $false
  & 'TSum'("4","3","5") <=> $false
  & 'TSum'("4","3","6") <=> $false
  & 'TSum'("4","3","7") <=> $false
  & 'TSum'("4","3","8") <=> $false
  & 'TSum'("4","3","9") <=> $false
  & 'TSum'("4","4","1") <=> $false
  & 'TSum'("4","4","2") <=> $false
  & 'TSum'("4","4","3") <=> $false
  & 'TSum'("4","4","4") <=> $true
  & 'TSum'("4","4","5") <=> $false
  & 'TSum'("4","4","6") <=> $false
  & 'TSum'("4","4","7") <=> $false
  & 'TSum'("4","4","8") <=> $false
  & 'TSum'("4","4","9") <=> $false
  & 'TSum'("4","5","1") <=> $false
  & 'TSum'("4","5","2") <=> $false
  & 'TSum'("4","5","3") <=> $false
  & 'TSum'("4","5","4") <=> $false
  & 'TSum'("4","5","5") <=> $false
  & 'TSum'("4","5","6") <=> $true
  & 'TSum'("4","5","7") <=> $false
  & 'TSum'("4","5","8") <=> $false
  & 'TSum'("4","5","9") <=> $false
  & 'TSum'("4","6","1") <=> $false
  & 'TSum'("4","6","2") <=> $false
  & 'TSum'("4","6","3") <=> $false
  & 'TSum'("4","6","4") <=> $false
  & 'TSum'("4","6","5") <=> $false
  & 'TSum'("4","6","6") <=> $true
  & 'TSum'("4","6","7") <=> $false
  & 'TSum'("4","6","8") <=> $false
  & 'TSum'("4","6","9") <=> $false
  & 'TSum'("4","7","1") <=> $false
  & 'TSum'("4","7","2") <=> $false
  & 'TSum'("4","7","3") <=> $false
  & 'TSum'("4","7","4") <=> $false
  & 'TSum'("4","7","5") <=> $false
  & 'TSum'("4","7","6") <=> $false
  & 'TSum'("4","7","7") <=> $true
  & 'TSum'("4","7","8") <=> $false
  & 'TSum'("4","7","9") <=> $false
  & 'TSum'("4","8","1") <=> $false
  & 'TSum'("4","8","2") <=> $false
  & 'TSum'("4","8","3") <=> $false
  & 'TSum'("4","8","4") <=> $true
  & 'TSum'("4","8","5") <=> $false
  & 'TSum'("4","8","6") <=> $false
  & 'TSum'("4","8","7") <=> $false
  & 'TSum'("4","8","8") <=> $false
  & 'TSum'("4","8","9") <=> $false
  & 'TSum'("4","9","1") <=> $false
  & 'TSum'("4","9","2") <=> $false
  & 'TSum'("4","9","3") <=> $false
  & 'TSum'("4","9","4") <=> $true
  & 'TSum'("4","9","5") <=> $false
  & 'TSum'("4","9","6") <=> $false
  & 'TSum'("4","9","7") <=> $false
  & 'TSum'("4","9","8") <=> $false
  & 'TSum'("4","9","9") <=> $false
  & 'TSum'("5","1","1") <=> $true
  & 'TSum'("5","1","2") <=> $false
  & 'TSum'("5","1","3") <=> $false
  & 'TSum'("5","1","4") <=> $false
  & 'TSum'("5","1","5") <=> $false
  & 'TSum'("5","1","6") <=> $false
  & 'TSum'("5","1","7") <=> $false
  & 'TSum'("5","1","8") <=> $false
  & 'TSum'("5","1","9") <=> $false
  & 'TSum'("5","2","1") <=> $false
  & 'TSum'("5","2","2") <=> $true
  & 'TSum'("5","2","3") <=> $false
  & 'TSum'("5","2","4") <=> $false
  & 'TSum'("5","2","5") <=> $false
  & 'TSum'("5","2","6") <=> $false
  & 'TSum'("5","2","7") <=> $false
  & 'TSum'("5","2","8") <=> $false
  & 'TSum'("5","2","9") <=> $false
  & 'TSum'("5","3","1") <=> $false
  & 'TSum'("5","3","2") <=> $false
  & 'TSum'("5","3","3") <=> $true
  & 'TSum'("5","3","4") <=> $false
  & 'TSum'("5","3","5") <=> $false
  & 'TSum'("5","3","6") <=> $false
  & 'TSum'("5","3","7") <=> $false
  & 'TSum'("5","3","8") <=> $false
  & 'TSum'("5","3","9") <=> $false
  & 'TSum'("5","4","1") <=> $false
  & 'TSum'("5","4","2") <=> $false
  & 'TSum'("5","4","3") <=> $false
  & 'TSum'("5","4","4") <=> $false
  & 'TSum'("5","4","5") <=> $false
  & 'TSum'("5","4","6") <=> $true
  & 'TSum'("5","4","7") <=> $false
  & 'TSum'("5","4","8") <=> $false
  & 'TSum'("5","4","9") <=> $false
  & 'TSum'("5","5","1") <=> $false
  & 'TSum'("5","5","2") <=> $false
  & 'TSum'("5","5","3") <=> $false
  & 'TSum'("5","5","4") <=> $false
  & 'TSum'("5","5","5") <=> $false
  & 'TSum'("5","5","6") <=> $false
  & 'TSum'("5","5","7") <=> $false
  & 'TSum'("5","5","8") <=> $false
  & 'TSum'("5","5","9") <=> $false
  & 'TSum'("5","6","1") <=> $false
  & 'TSum'("5","6","2") <=> $false
  & 'TSum'("5","6","3") <=> $false
  & 'TSum'("5","6","4") <=> $false
  & 'TSum'("5","6","5") <=> $false
  & 'TSum'("5","6","6") <=> $true
  & 'TSum'("5","6","7") <=> $false
  & 'TSum'("5","6","8") <=> $false
  & 'TSum'("5","6","9") <=> $false
  & 'TSum'("5","7","1") <=> $false
  & 'TSum'("5","7","2") <=> $false
  & 'TSum'("5","7","3") <=> $false
  & 'TSum'("5","7","4") <=> $false
  & 'TSum'("5","7","5") <=> $false
  & 'TSum'("5","7","6") <=> $false
  & 'TSum'("5","7","7") <=> $true
  & 'TSum'("5","7","8") <=> $false
  & 'TSum'("5","7","9") <=> $false
  & 'TSum'("5","8","1") <=> $false
  & 'TSum'("5","8","2") <=> $false
  & 'TSum'("5","8","3") <=> $false
  & 'TSum'("5","8","4") <=> $false
  & 'TSum'("5","8","5") <=> $true
  & 'TSum'("5","8","6") <=> $false
  & 'TSum'("5","8","7") <=> $false
  & 'TSum'("5","8","8") <=> $false
  & 'TSum'("5","8","9") <=> $false
  & 'TSum'("5","9","1") <=> $false
  & 'TSum'("5","9","2") <=> $false
  & 'TSum'("5","9","3") <=> $false
  & 'TSum'("5","9","4") <=> $false
  & 'TSum'("5","9","5") <=> $true
  & 'TSum'("5","9","6") <=> $false
  & 'TSum'("5","9","7") <=> $false
  & 'TSum'("5","9","8") <=> $false
  & 'TSum'("5","9","9") <=> $false
  & 'TSum'("6","1","1") <=> $true
  & 'TSum'("6","1","2") <=> $false
  & 'TSum'("6","1","3") <=> $false
  & 'TSum'("6","1","4") <=> $false
  & 'TSum'("6","1","5") <=> $false
  & 'TSum'("6","1","6") <=> $false
  & 'TSum'("6","1","7") <=> $false
  & 'TSum'("6","1","8") <=> $false
  & 'TSum'("6","1","9") <=> $false
  & 'TSum'("6","2","1") <=> $false
  & 'TSum'("6","2","2") <=> $true
  & 'TSum'("6","2","3") <=> $false
  & 'TSum'("6","2","4") <=> $false
  & 'TSum'("6","2","5") <=> $false
  & 'TSum'("6","2","6") <=> $false
  & 'TSum'("6","2","7") <=> $false
  & 'TSum'("6","2","8") <=> $false
  & 'TSum'("6","2","9") <=> $false
  & 'TSum'("6","3","1") <=> $false
  & 'TSum'("6","3","2") <=> $false
  & 'TSum'("6","3","3") <=> $true
  & 'TSum'("6","3","4") <=> $false
  & 'TSum'("6","3","5") <=> $false
  & 'TSum'("6","3","6") <=> $false
  & 'TSum'("6","3","7") <=> $false
  & 'TSum'("6","3","8") <=> $false
  & 'TSum'("6","3","9") <=> $false
  & 'TSum'("6","4","1") <=> $false
  & 'TSum'("6","4","2") <=> $false
  & 'TSum'("6","4","3") <=> $false
  & 'TSum'("6","4","4") <=> $false
  & 'TSum'("6","4","5") <=> $false
  & 'TSum'("6","4","6") <=> $true
  & 'TSum'("6","4","7") <=> $false
  & 'TSum'("6","4","8") <=> $false
  & 'TSum'("6","4","9") <=> $false
  & 'TSum'("6","5","1") <=> $false
  & 'TSum'("6","5","2") <=> $false
  & 'TSum'("6","5","3") <=> $false
  & 'TSum'("6","5","4") <=> $false
  & 'TSum'("6","5","5") <=> $false
  & 'TSum'("6","5","6") <=> $true
  & 'TSum'("6","5","7") <=> $false
  & 'TSum'("6","5","8") <=> $false
  & 'TSum'("6","5","9") <=> $false
  & 'TSum'("6","6","1") <=> $false
  & 'TSum'("6","6","2") <=> $false
  & 'TSum'("6","6","3") <=> $false
  & 'TSum'("6","6","4") <=> $false
  & 'TSum'("6","6","5") <=> $false
  & 'TSum'("6","6","6") <=> $true
  & 'TSum'("6","6","7") <=> $false
  & 'TSum'("6","6","8") <=> $false
  & 'TSum'("6","6","9") <=> $false
  & 'TSum'("6","7","1") <=> $false
  & 'TSum'("6","7","2") <=> $false
  & 'TSum'("6","7","3") <=> $false
  & 'TSum'("6","7","4") <=> $false
  & 'TSum'("6","7","5") <=> $false
  & 'TSum'("6","7","6") <=> $false
  & 'TSum'("6","7","7") <=> $true
  & 'TSum'("6","7","8") <=> $false
  & 'TSum'("6","7","9") <=> $false
  & 'TSum'("6","8","1") <=> $false
  & 'TSum'("6","8","2") <=> $false
  & 'TSum'("6","8","3") <=> $false
  & 'TSum'("6","8","4") <=> $false
  & 'TSum'("6","8","5") <=> $false
  & 'TSum'("6","8","6") <=> $true
  & 'TSum'("6","8","7") <=> $false
  & 'TSum'("6","8","8") <=> $false
  & 'TSum'("6","8","9") <=> $false
  & 'TSum'("6","9","1") <=> $false
  & 'TSum'("6","9","2") <=> $false
  & 'TSum'("6","9","3") <=> $false
  & 'TSum'("6","9","4") <=> $false
  & 'TSum'("6","9","5") <=> $false
  & 'TSum'("6","9","6") <=> $true
  & 'TSum'("6","9","7") <=> $false
  & 'TSum'("6","9","8") <=> $false
  & 'TSum'("6","9","9") <=> $false
  & 'TSum'("7","1","1") <=> $true
  & 'TSum'("7","1","2") <=> $false
  & 'TSum'("7","1","3") <=> $false
  & 'TSum'("7","1","4") <=> $false
  & 'TSum'("7","1","5") <=> $false
  & 'TSum'("7","1","6") <=> $false
  & 'TSum'("7","1","7") <=> $false
  & 'TSum'("7","1","8") <=> $false
  & 'TSum'("7","1","9") <=> $false
  & 'TSum'("7","2","1") <=> $false
  & 'TSum'("7","2","2") <=> $true
  & 'TSum'("7","2","3") <=> $false
  & 'TSum'("7","2","4") <=> $false
  & 'TSum'("7","2","5") <=> $false
  & 'TSum'("7","2","6") <=> $false
  & 'TSum'("7","2","7") <=> $false
  & 'TSum'("7","2","8") <=> $false
  & 'TSum'("7","2","9") <=> $false
  & 'TSum'("7","3","1") <=> $false
  & 'TSum'("7","3","2") <=> $false
  & 'TSum'("7","3","3") <=> $true
  & 'TSum'("7","3","4") <=> $false
  & 'TSum'("7","3","5") <=> $false
  & 'TSum'("7","3","6") <=> $false
  & 'TSum'("7","3","7") <=> $false
  & 'TSum'("7","3","8") <=> $false
  & 'TSum'("7","3","9") <=> $false
  & 'TSum'("7","4","1") <=> $false
  & 'TSum'("7","4","2") <=> $false
  & 'TSum'("7","4","3") <=> $false
  & 'TSum'("7","4","4") <=> $false
  & 'TSum'("7","4","5") <=> $false
  & 'TSum'("7","4","6") <=> $false
  & 'TSum'("7","4","7") <=> $true
  & 'TSum'("7","4","8") <=> $false
  & 'TSum'("7","4","9") <=> $false
  & 'TSum'("7","5","1") <=> $false
  & 'TSum'("7","5","2") <=> $false
  & 'TSum'("7","5","3") <=> $false
  & 'TSum'("7","5","4") <=> $false
  & 'TSum'("7","5","5") <=> $false
  & 'TSum'("7","5","6") <=> $false
  & 'TSum'("7","5","7") <=> $true
  & 'TSum'("7","5","8") <=> $false
  & 'TSum'("7","5","9") <=> $false
  & 'TSum'("7","6","1") <=> $false
  & 'TSum'("7","6","2") <=> $false
  & 'TSum'("7","6","3") <=> $false
  & 'TSum'("7","6","4") <=> $false
  & 'TSum'("7","6","5") <=> $false
  & 'TSum'("7","6","6") <=> $false
  & 'TSum'("7","6","7") <=> $true
  & 'TSum'("7","6","8") <=> $false
  & 'TSum'("7","6","9") <=> $false
  & 'TSum'("7","7","1") <=> $false
  & 'TSum'("7","7","2") <=> $false
  & 'TSum'("7","7","3") <=> $false
  & 'TSum'("7","7","4") <=> $false
  & 'TSum'("7","7","5") <=> $false
  & 'TSum'("7","7","6") <=> $false
  & 'TSum'("7","7","7") <=> $true
  & 'TSum'("7","7","8") <=> $false
  & 'TSum'("7","7","9") <=> $false
  & 'TSum'("7","8","1") <=> $false
  & 'TSum'("7","8","2") <=> $false
  & 'TSum'("7","8","3") <=> $false
  & 'TSum'("7","8","4") <=> $false
  & 'TSum'("7","8","5") <=> $false
  & 'TSum'("7","8","6") <=> $false
  & 'TSum'("7","8","7") <=> $true
  & 'TSum'("7","8","8") <=> $false
  & 'TSum'("7","8","9") <=> $false
  & 'TSum'("7","9","1") <=> $false
  & 'TSum'("7","9","2") <=> $false
  & 'TSum'("7","9","3") <=> $false
  & 'TSum'("7","9","4") <=> $false
  & 'TSum'("7","9","5") <=> $false
  & 'TSum'("7","9","6") <=> $false
  & 'TSum'("7","9","7") <=> $true
  & 'TSum'("7","9","8") <=> $false
  & 'TSum'("7","9","9") <=> $false
  & 'TSum'("8","1","1") <=> $true
  & 'TSum'("8","1","2") <=> $false
  & 'TSum'("8","1","3") <=> $false
  & 'TSum'("8","1","4") <=> $false
  & 'TSum'("8","1","5") <=> $false
  & 'TSum'("8","1","6") <=> $false
  & 'TSum'("8","1","7") <=> $false
  & 'TSum'("8","1","8") <=> $false
  & 'TSum'("8","1","9") <=> $false
  & 'TSum'("8","2","1") <=> $false
  & 'TSum'("8","2","2") <=> $true
  & 'TSum'("8","2","3") <=> $false
  & 'TSum'("8","2","4") <=> $false
  & 'TSum'("8","2","5") <=> $false
  & 'TSum'("8","2","6") <=> $false
  & 'TSum'("8","2","7") <=> $false
  & 'TSum'("8","2","8") <=> $false
  & 'TSum'("8","2","9") <=> $false
  & 'TSum'("8","3","1") <=> $false
  & 'TSum'("8","3","2") <=> $false
  & 'TSum'("8","3","3") <=> $true
  & 'TSum'("8","3","4") <=> $false
  & 'TSum'("8","3","5") <=> $false
  & 'TSum'("8","3","6") <=> $false
  & 'TSum'("8","3","7") <=> $false
  & 'TSum'("8","3","8") <=> $false
  & 'TSum'("8","3","9") <=> $false
  & 'TSum'("8","4","1") <=> $false
  & 'TSum'("8","4","2") <=> $false
  & 'TSum'("8","4","3") <=> $false
  & 'TSum'("8","4","4") <=> $true
  & 'TSum'("8","4","5") <=> $false
  & 'TSum'("8","4","6") <=> $false
  & 'TSum'("8","4","7") <=> $false
  & 'TSum'("8","4","8") <=> $false
  & 'TSum'("8","4","9") <=> $false
  & 'TSum'("8","5","1") <=> $false
  & 'TSum'("8","5","2") <=> $false
  & 'TSum'("8","5","3") <=> $false
  & 'TSum'("8","5","4") <=> $false
  & 'TSum'("8","5","5") <=> $true
  & 'TSum'("8","5","6") <=> $false
  & 'TSum'("8","5","7") <=> $false
  & 'TSum'("8","5","8") <=> $false
  & 'TSum'("8","5","9") <=> $false
  & 'TSum'("8","6","1") <=> $false
  & 'TSum'("8","6","2") <=> $false
  & 'TSum'("8","6","3") <=> $false
  & 'TSum'("8","6","4") <=> $false
  & 'TSum'("8","6","5") <=> $false
  & 'TSum'("8","6","6") <=> $true
  & 'TSum'("8","6","7") <=> $false
  & 'TSum'("8","6","8") <=> $false
  & 'TSum'("8","6","9") <=> $false
  & 'TSum'("8","7","1") <=> $false
  & 'TSum'("8","7","2") <=> $false
  & 'TSum'("8","7","3") <=> $false
  & 'TSum'("8","7","4") <=> $false
  & 'TSum'("8","7","5") <=> $false
  & 'TSum'("8","7","6") <=> $false
  & 'TSum'("8","7","7") <=> $true
  & 'TSum'("8","7","8") <=> $false
  & 'TSum'("8","7","9") <=> $false
  & 'TSum'("8","8","1") <=> $false
  & 'TSum'("8","8","2") <=> $false
  & 'TSum'("8","8","3") <=> $false
  & 'TSum'("8","8","4") <=> $false
  & 'TSum'("8","8","5") <=> $false
  & 'TSum'("8","8","6") <=> $false
  & 'TSum'("8","8","7") <=> $false
  & 'TSum'("8","8","8") <=> $true
  & 'TSum'("8","8","9") <=> $false
  & 'TSum'("8","9","1") <=> $false
  & 'TSum'("8","9","2") <=> $false
  & 'TSum'("8","9","3") <=> $false
  & 'TSum'("8","9","4") <=> $false
  & 'TSum'("8","9","5") <=> $false
  & 'TSum'("8","9","6") <=> $false
  & 'TSum'("8","9","7") <=> $false
  & 'TSum'("8","9","8") <=> $false
  & 'TSum'("8","9","9") <=> $true
  & 'TSum'("9","1","1") <=> $true
  & 'TSum'("9","1","2") <=> $false
  & 'TSum'("9","1","3") <=> $false
  & 'TSum'("9","1","4") <=> $false
  & 'TSum'("9","1","5") <=> $false
  & 'TSum'("9","1","6") <=> $false
  & 'TSum'("9","1","7") <=> $false
  & 'TSum'("9","1","8") <=> $false
  & 'TSum'("9","1","9") <=> $false
  & 'TSum'("9","2","1") <=> $false
  & 'TSum'("9","2","2") <=> $true
  & 'TSum'("9","2","3") <=> $false
  & 'TSum'("9","2","4") <=> $false
  & 'TSum'("9","2","5") <=> $false
  & 'TSum'("9","2","6") <=> $false
  & 'TSum'("9","2","7") <=> $false
  & 'TSum'("9","2","8") <=> $false
  & 'TSum'("9","2","9") <=> $false
  & 'TSum'("9","3","1") <=> $false
  & 'TSum'("9","3","2") <=> $false
  & 'TSum'("9","3","3") <=> $true
  & 'TSum'("9","3","4") <=> $false
  & 'TSum'("9","3","5") <=> $false
  & 'TSum'("9","3","6") <=> $false
  & 'TSum'("9","3","7") <=> $false
  & 'TSum'("9","3","8") <=> $false
  & 'TSum'("9","3","9") <=> $false
  & 'TSum'("9","4","1") <=> $false
  & 'TSum'("9","4","2") <=> $false
  & 'TSum'("9","4","3") <=> $false
  & 'TSum'("9","4","4") <=> $true
  & 'TSum'("9","4","5") <=> $false
  & 'TSum'("9","4","6") <=> $false
  & 'TSum'("9","4","7") <=> $false
  & 'TSum'("9","4","8") <=> $false
  & 'TSum'("9","4","9") <=> $false
  & 'TSum'("9","5","1") <=> $false
  & 'TSum'("9","5","2") <=> $false
  & 'TSum'("9","5","3") <=> $false
  & 'TSum'("9","5","4") <=> $false
  & 'TSum'("9","5","5") <=> $true
  & 'TSum'("9","5","6") <=> $false
  & 'TSum'("9","5","7") <=> $false
  & 'TSum'("9","5","8") <=> $false
  & 'TSum'("9","5","9") <=> $false
  & 'TSum'("9","6","1") <=> $false
  & 'TSum'("9","6","2") <=> $false
  & 'TSum'("9","6","3") <=> $false
  & 'TSum'("9","6","4") <=> $false
  & 'TSum'("9","6","5") <=> $false
  & 'TSum'("9","6","6") <=> $true
  & 'TSum'("9","6","7") <=> $false
  & 'TSum'("9","6","8") <=> $false
  & 'TSum'("9","6","9") <=> $false
  & 'TSum'("9","7","1") <=> $false
  & 'TSum'("9","7","2") <=> $false
  & 'TSum'("9","7","3") <=> $false
  & 'TSum'("9","7","4") <=> $false
  & 'TSum'("9","7","5") <=> $false
  & 'TSum'("9","7","6") <=> $false
  & 'TSum'("9","7","7") <=> $true
  & 'TSum'("9","7","8") <=> $false
  & 'TSum'("9","7","9") <=> $false
  & 'TSum'("9","8","1") <=> $false
  & 'TSum'("9","8","2") <=> $false
  & 'TSum'("9","8","3") <=> $false
  & 'TSum'("9","8","4") <=> $false
  & 'TSum'("9","8","5") <=> $false
  & 'TSum'("9","8","6") <=> $false
  & 'TSum'("9","8","7") <=> $false
  & 'TSum'("9","8","8") <=> $false
  & 'TSum'("9","8","9") <=> $true
  & 'TSum'("9","9","1") <=> $false
  & 'TSum'("9","9","2") <=> $false
  & 'TSum'("9","9","3") <=> $false
  & 'TSum'("9","9","4") <=> $false
  & 'TSum'("9","9","5") <=> $false
  & 'TSum'("9","9","6") <=> $false
  & 'TSum'("9","9","7") <=> $false
  & 'TSum'("9","9","8") <=> $false
  & 'TSum'("9","9","9") <=> $true
  )
).

fof('Uni', fi_functors,
  ( 'Uni' = "3"
  )
).

fof('ZEX', fi_predicates,
  ( 'ZEX'("1") <=> $false
  & 'ZEX'("2") <=> $false
  & 'ZEX'("3") <=> $false
  & 'ZEX'("4") <=> $false
  & 'ZEX'("5") <=> $false
  & 'ZEX'("6") <=> $false
  & 'ZEX'("7") <=> $false
  & 'ZEX'("8") <=> $true
  & 'ZEX'("9") <=> $false
  )
).

fof(difference, fi_functors,
  ( difference("1","1") = "8"
  & difference("1","2") = "1"
  & difference("1","3") = "8"
  & difference("1","4") = "1"
  & difference("1","5") = "1"
  & difference("1","6") = "1"
  & difference("1","7") = "1"
  & difference("1","8") = "1"
  & difference("1","9") = "1"
  & difference("2","1") = "2"
  & difference("2","2") = "8"
  & difference("2","3") = "8"
  & difference("2","4") = "2"
  & difference("2","5") = "2"
  & difference("2","6") = "2"
  & difference("2","7") = "2"
  & difference("2","8") = "2"
  & difference("2","9") = "2"
  & difference("3","1") = "3"
  & difference("3","2") = "3"
  & difference("3","3") = "8"
  & difference("3","4") = "3"
  & difference("3","5") = "3"
  & difference("3","6") = "3"
  & difference("3","7") = "3"
  & difference("3","8") = "3"
  & difference("3","9") = "3"
  & difference("4","1") = "8"
  & difference("4","2") = "8"
  & difference("4","3") = "8"
  & difference("4","4") = "8"
  & difference("4","5") = "4"
  & difference("4","6") = "8"
  & difference("4","7") = "8"
  & difference("4","8") = "4"
  & difference("4","9") = "4"
  & difference("5","1") = "5"
  & difference("5","2") = "5"
  & difference("5","3") = "8"
  & difference("5","4") = "5"
  & difference("5","5") = "8"
  & difference("5","6") = "8"
  & difference("5","7") = "5"
  & difference("5","8") = "5"
  & difference("5","9") = "5"
  & difference("6","1") = "5"
  & difference("6","2") = "5"
  & difference("6","3") = "8"
  & difference("6","4") = "5"
  & difference("6","5") = "4"
  & difference("6","6") = "8"
  & difference("6","7") = "5"
  & difference("6","8") = "6"
  & difference("6","9") = "6"
  & difference("7","1") = "8"
  & difference("7","2") = "8"
  & difference("7","3") = "8"
  & difference("7","4") = "7"
  & difference("7","5") = "7"
  & difference("7","6") = "7"
  & difference("7","7") = "8"
  & difference("7","8") = "7"
  & difference("7","9") = "7"
  & difference("8","1") = "8"
  & difference("8","2") = "8"
  & difference("8","3") = "8"
  & difference("8","4") = "8"
  & difference("8","5") = "8"
  & difference("8","6") = "8"
  & difference("8","7") = "8"
  & difference("8","8") = "8"
  & difference("8","9") = "8"
  & difference("9","1") = "8"
  & difference("9","2") = "8"
  & difference("9","3") = "8"
  & difference("9","4") = "8"
  & difference("9","5") = "9"
  & difference("9","6") = "8"
  & difference("9","7") = "8"
  & difference("9","8") = "9"
  & difference("9","9") = "8"
  )
).

fof(intersection, fi_functors,
  ( intersection("1","1") = "1"
  & intersection("1","2") = "7"
  & intersection("1","3") = "1"
  & intersection("1","4") = "4"
  & intersection("1","5") = "8"
  & intersection("1","6") = "4"
  & intersection("1","7") = "7"
  & intersection("1","8") = "8"
  & intersection("1","9") = "9"
  & intersection("2","1") = "7"
  & intersection("2","2") = "2"
  & intersection("2","3") = "2"
  & intersection("2","4") = "4"
  & intersection("2","5") = "8"
  & intersection("2","6") = "4"
  & intersection("2","7") = "7"
  & intersection("2","8") = "8"
  & intersection("2","9") = "9"
  & intersection("3","1") = "1"
  & intersection("3","2") = "2"
  & intersection("3","3") = "3"
  & intersection("3","4") = "4"
  & intersection("3","5") = "5"
  & intersection("3","6") = "6"
  & intersection("3","7") = "7"
  & intersection("3","8") = "8"
  & intersection("3","9") = "9"
  & intersection("4","1") = "4"
  & intersection("4","2") = "4"
  & intersection("4","3") = "4"
  & intersection("4","4") = "4"
  & intersection("4","5") = "8"
  & intersection("4","6") = "4"
  & intersection("4","7") = "4"
  & intersection("4","8") = "8"
  & intersection("4","9") = "9"
  & intersection("5","1") = "8"
  & intersection("5","2") = "8"
  & intersection("5","3") = "5"
  & intersection("5","4") = "8"
  & intersection("5","5") = "5"
  & intersection("5","6") = "5"
  & intersection("5","7") = "8"
  & intersection("5","8") = "8"
  & intersection("5","9") = "8"
  & intersection("6","1") = "4"
  & intersection("6","2") = "4"
  & intersection("6","3") = "6"
  & intersection("6","4") = "4"
  & intersection("6","5") = "5"
  & intersection("6","6") = "6"
  & intersection("6","7") = "4"
  & intersection("6","8") = "8"
  & intersection("6","9") = "9"
  & intersection("7","1") = "7"
  & intersection("7","2") = "7"
  & intersection("7","3") = "7"
  & intersection("7","4") = "4"
  & intersection("7","5") = "8"
  & intersection("7","6") = "4"
  & intersection("7","7") = "7"
  & intersection("7","8") = "8"
  & intersection("7","9") = "9"
  & intersection("8","1") = "8"
  & intersection("8","2") = "8"
  & intersection("8","3") = "8"
  & intersection("8","4") = "8"
  & intersection("8","5") = "8"
  & intersection("8","6") = "8"
  & intersection("8","7") = "8"
  & intersection("8","8") = "8"
  & intersection("8","9") = "8"
  & intersection("9","1") = "9"
  & intersection("9","2") = "9"
  & intersection("9","3") = "9"
  & intersection("9","4") = "9"
  & intersection("9","5") = "8"
  & intersection("9","6") = "9"
  & intersection("9","7") = "9"
  & intersection("9","8") = "8"
  & intersection("9","9") = "9"
  )
).
SZS output end FiniteModel for codib\consistency\tptp\codib_updown_nontrivial_simple.all.tptp
+++ END MODEL
+++ RESULT: Satisfiable
SZS status Satisfiable for codib\consistency\tptp\codib_updown_nontrivial_simple.all.tptp
