Paradox, version 3.0, 2008-07-29.
+++ PROBLEM: codib\consistency\tptp\codi_bcont_nontrivial.all.tptp
Reading 'codib\consistency\tptp\codi_bcont_nontrivial.all.tptp' ... OK
+++ SOLVING: codib\consistency\tptp\codi_bcont_nontrivial.all.tptp
domain size 1
domain size 2
domain size 3
domain size 4
+++ BEGIN MODEL
SZS output start FiniteModel for codib\consistency\tptp\codi_bcont_nontrivial.all.tptp
% domain size is 4
fof(domain, fi_domain,
  (![X] : (X = "1" | X = "2" | X = "3" | X = "4"))
).

fof('BCont', fi_predicates,
  ( 'BCont'("1","1") <=> $false
  & 'BCont'("1","2") <=> $false
  & 'BCont'("1","3") <=> $false
  & 'BCont'("1","4") <=> $false
  & 'BCont'("2","1") <=> $false
  & 'BCont'("2","2") <=> $false
  & 'BCont'("2","3") <=> $false
  & 'BCont'("2","4") <=> $false
  & 'BCont'("3","1") <=> $true
  & 'BCont'("3","2") <=> $true
  & 'BCont'("3","3") <=> $false
  & 'BCont'("3","4") <=> $false
  & 'BCont'("4","1") <=> $false
  & 'BCont'("4","2") <=> $false
  & 'BCont'("4","3") <=> $false
  & 'BCont'("4","4") <=> $false
  )
).

fof('C', fi_predicates,
  ( 'C'("1","1") <=> $true
  & 'C'("1","2") <=> $true
  & 'C'("1","3") <=> $true
  & 'C'("1","4") <=> $true
  & 'C'("2","1") <=> $true
  & 'C'("2","2") <=> $true
  & 'C'("2","3") <=> $true
  & 'C'("2","4") <=> $true
  & 'C'("3","1") <=> $true
  & 'C'("3","2") <=> $true
  & 'C'("3","3") <=> $true
  & 'C'("3","4") <=> $true
  & 'C'("4","1") <=> $true
  & 'C'("4","2") <=> $true
  & 'C'("4","3") <=> $true
  & 'C'("4","4") <=> $true
  )
).

fof('Cont', fi_predicates,
  ( 'Cont'("1","1") <=> $true
  & 'Cont'("1","2") <=> $false
  & 'Cont'("1","3") <=> $false
  & 'Cont'("1","4") <=> $true
  & 'Cont'("2","1") <=> $false
  & 'Cont'("2","2") <=> $true
  & 'Cont'("2","3") <=> $false
  & 'Cont'("2","4") <=> $true
  & 'Cont'("3","1") <=> $true
  & 'Cont'("3","2") <=> $true
  & 'Cont'("3","3") <=> $true
  & 'Cont'("3","4") <=> $true
  & 'Cont'("4","1") <=> $false
  & 'Cont'("4","2") <=> $false
  & 'Cont'("4","3") <=> $false
  & 'Cont'("4","4") <=> $true
  )
).

fof('Covers', fi_predicates,
  ( 'Covers'("1","1") <=> $false
  & 'Covers'("1","2") <=> $false
  & 'Covers'("1","3") <=> $true
  & 'Covers'("1","4") <=> $false
  & 'Covers'("2","1") <=> $false
  & 'Covers'("2","2") <=> $false
  & 'Covers'("2","3") <=> $true
  & 'Covers'("2","4") <=> $false
  & 'Covers'("3","1") <=> $false
  & 'Covers'("3","2") <=> $false
  & 'Covers'("3","3") <=> $false
  & 'Covers'("3","4") <=> $false
  & 'Covers'("4","1") <=> $false
  & 'Covers'("4","2") <=> $false
  & 'Covers'("4","3") <=> $true
  & 'Covers'("4","4") <=> $false
  )
).

fof('EqDim', fi_predicates,
  ( 'EqDim'("1","1") <=> $true
  & 'EqDim'("1","2") <=> $true
  & 'EqDim'("1","3") <=> $false
  & 'EqDim'("1","4") <=> $true
  & 'EqDim'("2","1") <=> $true
  & 'EqDim'("2","2") <=> $true
  & 'EqDim'("2","3") <=> $false
  & 'EqDim'("2","4") <=> $true
  & 'EqDim'("3","1") <=> $false
  & 'EqDim'("3","2") <=> $false
  & 'EqDim'("3","3") <=> $true
  & 'EqDim'("3","4") <=> $false
  & 'EqDim'("4","1") <=> $true
  & 'EqDim'("4","2") <=> $true
  & 'EqDim'("4","3") <=> $false
  & 'EqDim'("4","4") <=> $true
  )
).

fof('Inc', fi_predicates,
  ( 'Inc'("1","1") <=> $false
  & 'Inc'("1","2") <=> $false
  & 'Inc'("1","3") <=> $true
  & 'Inc'("1","4") <=> $false
  & 'Inc'("2","1") <=> $false
  & 'Inc'("2","2") <=> $false
  & 'Inc'("2","3") <=> $true
  & 'Inc'("2","4") <=> $false
  & 'Inc'("3","1") <=> $true
  & 'Inc'("3","2") <=> $true
  & 'Inc'("3","3") <=> $false
  & 'Inc'("3","4") <=> $true
  & 'Inc'("4","1") <=> $false
  & 'Inc'("4","2") <=> $false
  & 'Inc'("4","3") <=> $true
  & 'Inc'("4","4") <=> $false
  )
).

fof('LEQ', fi_predicates,
  ( 'LEQ'("1","1") <=> $true
  & 'LEQ'("1","2") <=> $true
  & 'LEQ'("1","3") <=> $false
  & 'LEQ'("1","4") <=> $true
  & 'LEQ'("2","1") <=> $true
  & 'LEQ'("2","2") <=> $true
  & 'LEQ'("2","3") <=> $false
  & 'LEQ'("2","4") <=> $true
  & 'LEQ'("3","1") <=> $true
  & 'LEQ'("3","2") <=> $true
  & 'LEQ'("3","3") <=> $true
  & 'LEQ'("3","4") <=> $true
  & 'LEQ'("4","1") <=> $true
  & 'LEQ'("4","2") <=> $true
  & 'LEQ'("4","3") <=> $false
  & 'LEQ'("4","4") <=> $true
  )
).

fof('LESS', fi_predicates,
  ( 'LESS'("1","1") <=> $false
  & 'LESS'("1","2") <=> $false
  & 'LESS'("1","3") <=> $false
  & 'LESS'("1","4") <=> $false
  & 'LESS'("2","1") <=> $false
  & 'LESS'("2","2") <=> $false
  & 'LESS'("2","3") <=> $false
  & 'LESS'("2","4") <=> $false
  & 'LESS'("3","1") <=> $true
  & 'LESS'("3","2") <=> $true
  & 'LESS'("3","3") <=> $false
  & 'LESS'("3","4") <=> $true
  & 'LESS'("4","1") <=> $false
  & 'LESS'("4","2") <=> $false
  & 'LESS'("4","3") <=> $false
  & 'LESS'("4","4") <=> $false
  )
).

fof('Max', fi_predicates,
  ( 'Max'("1") <=> $false
  & 'Max'("2") <=> $false
  & 'Max'("3") <=> $true
  & 'Max'("4") <=> $true
  )
).

fof('MaxDim', fi_predicates,
  ( 'MaxDim'("1") <=> $true
  & 'MaxDim'("2") <=> $true
  & 'MaxDim'("3") <=> $false
  & 'MaxDim'("4") <=> $true
  )
).

fof('Min', fi_predicates,
  ( 'Min'("1") <=> $true
  & 'Min'("2") <=> $true
  & 'Min'("3") <=> $true
  & 'Min'("4") <=> $false
  )
).

fof('MinDim', fi_predicates,
  ( 'MinDim'("1") <=> $false
  & 'MinDim'("2") <=> $false
  & 'MinDim'("3") <=> $true
  & 'MinDim'("4") <=> $false
  )
).

fof('P', fi_predicates,
  ( 'P'("1","1") <=> $true
  & 'P'("1","2") <=> $false
  & 'P'("1","3") <=> $false
  & 'P'("1","4") <=> $true
  & 'P'("2","1") <=> $false
  & 'P'("2","2") <=> $true
  & 'P'("2","3") <=> $false
  & 'P'("2","4") <=> $true
  & 'P'("3","1") <=> $false
  & 'P'("3","2") <=> $false
  & 'P'("3","3") <=> $true
  & 'P'("3","4") <=> $false
  & 'P'("4","1") <=> $false
  & 'P'("4","2") <=> $false
  & 'P'("4","3") <=> $false
  & 'P'("4","4") <=> $true
  )
).

fof('PO', fi_predicates,
  ( 'PO'("1","1") <=> $true
  & 'PO'("1","2") <=> $false
  & 'PO'("1","3") <=> $false
  & 'PO'("1","4") <=> $true
  & 'PO'("2","1") <=> $false
  & 'PO'("2","2") <=> $true
  & 'PO'("2","3") <=> $false
  & 'PO'("2","4") <=> $true
  & 'PO'("3","1") <=> $false
  & 'PO'("3","2") <=> $false
  & 'PO'("3","3") <=> $true
  & 'PO'("3","4") <=> $false
  & 'PO'("4","1") <=> $true
  & 'PO'("4","2") <=> $true
  & 'PO'("4","3") <=> $false
  & 'PO'("4","4") <=> $true
  )
).

fof('PP', fi_predicates,
  ( 'PP'("1","1") <=> $false
  & 'PP'("1","2") <=> $false
  & 'PP'("1","3") <=> $false
  & 'PP'("1","4") <=> $true
  & 'PP'("2","1") <=> $false
  & 'PP'("2","2") <=> $false
  & 'PP'("2","3") <=> $false
  & 'PP'("2","4") <=> $true
  & 'PP'("3","1") <=> $false
  & 'PP'("3","2") <=> $false
  & 'PP'("3","3") <=> $false
  & 'PP'("3","4") <=> $false
  & 'PP'("4","1") <=> $false
  & 'PP'("4","2") <=> $false
  & 'PP'("4","3") <=> $false
  & 'PP'("4","4") <=> $false
  )
).

fof('SC', fi_predicates,
  ( 'SC'("1","1") <=> $false
  & 'SC'("1","2") <=> $true
  & 'SC'("1","3") <=> $false
  & 'SC'("1","4") <=> $false
  & 'SC'("2","1") <=> $true
  & 'SC'("2","2") <=> $false
  & 'SC'("2","3") <=> $false
  & 'SC'("2","4") <=> $false
  & 'SC'("3","1") <=> $false
  & 'SC'("3","2") <=> $false
  & 'SC'("3","3") <=> $false
  & 'SC'("3","4") <=> $false
  & 'SC'("4","1") <=> $false
  & 'SC'("4","2") <=> $false
  & 'SC'("4","3") <=> $false
  & 'SC'("4","4") <=> $false
  )
).

fof('ZEX', fi_predicates,
  ( 'ZEX'("1") <=> $false
  & 'ZEX'("2") <=> $false
  & 'ZEX'("3") <=> $false
  & 'ZEX'("4") <=> $false
  )
).
SZS output end FiniteModel for codib\consistency\tptp\codi_bcont_nontrivial.all.tptp
+++ END MODEL
+++ RESULT: Satisfiable
SZS status Satisfiable for codib\consistency\tptp\codi_bcont_nontrivial.all.tptp
