Hi Geoff, go and have some cold beer while I am trying to solve this very hard problem!
% remaining time: 1199 next slice time: 3
dis-4_5_bd=off:bs=off:ep=RST:fde=none:lcm=predicate:nwc=2.0:nicw=on:ptb=off:ssec=off:ss=included:st=5.0:sio=off:spl=backtracking:updr=off_1 on unknown
Refutation found. Thanks to Tanya!
% SZS status Theorem for unknown
% SZS output start Proof for unknown
fof(f361,plain,(
  $false),
  inference(subsumption_resolution,[],[f359,f237])).
fof(f237,plain,(
  eqdim(sK0,sK1)),
  inference(cnf_transformation,[],[f178])).
fof(f178,plain,(
  eqdim(sK0,sK1) & ~less(sK1,sK0) & ~leq(sK0,sK1)),
  inference(skolemisation,[status(esa)],[f127])).
fof(f127,plain,(
  ? [X0,X1] : (eqdim(X0,X1) & ~less(X1,X0) & ~leq(X0,X1))),
  inference(flattening,[],[f126])).
fof(f126,plain,(
  ? [X0,X1] : (eqdim(X0,X1) & (~less(X1,X0) & ~leq(X0,X1)))),
  inference(ennf_transformation,[],[f46])).
fof(f46,plain,(
  ~! [X0,X1] : (eqdim(X0,X1) => (less(X1,X0) | leq(X0,X1)))),
  inference(flattening,[],[f1])).
fof(f1,negated_conjecture,(
  ~! [X0] : ! [X1] : (eqdim(X0,X1) => (less(X1,X0) | leq(X0,X1)))),
  file(unknown,unknown)).
fof(f359,plain,(
  ~eqdim(sK0,sK1)),
  inference(resolution,[],[f302,f239])).
fof(f239,plain,(
  ~leq(sK0,sK1)),
  inference(cnf_transformation,[],[f178])).
fof(f302,plain,(
  ( ! [X0,X1] : (leq(X0,X1) | ~eqdim(X0,X1)) )),
  inference(cnf_transformation,[],[f221])).
fof(f221,plain,(
  ! [X0,X1] : ((~leq(X0,X1) | less(X0,X1) | eqdim(X0,X1)) & ((~less(X0,X1) & ~eqdim(X0,X1)) | leq(X0,X1)))),
  inference(flattening,[],[f220])).
fof(f220,plain,(
  ! [X0,X1] : ((~leq(X0,X1) | (less(X0,X1) | eqdim(X0,X1))) & ((~less(X0,X1) & ~eqdim(X0,X1)) | leq(X0,X1)))),
  inference(nnf_transformation,[],[f93])).
fof(f93,plain,(
  ! [X0,X1] : (leq(X0,X1) <=> (less(X0,X1) | eqdim(X0,X1)))),
  inference(flattening,[],[f92])).
fof(f92,plain,(
  ! [X0] : ! [X1] : (leq(X0,X1) <=> (less(X0,X1) | eqdim(X0,X1)))),
  inference(rectify,[],[f31])).
fof(f31,axiom,(
  ! [X68] : ! [X69] : (leq(X68,X69) <=> (less(X68,X69) | eqdim(X68,X69)))),
  file(unknown,unknown)).
% SZS output end Proof for unknown
------------------------------
Version: Vampire 0.6 (revision 903)
Termination reason: Refutation

Active clauses: 32
Passive clauses: 107
Generated clauses: 115
Final active clauses: 32
Final passive clauses: 75
Input formulas: 45
Initial clauses: 99

Selected by SInE selection: 45
SInE iterations: 1

Fw subsumption resolutions: 1

Forward subsumptions: 5

Binary resolution: 14
Factoring: 1

Memory used: 127KB
Time elapsed: 0.007 s
------------------------------
% Success in time 0.037 s
