============================== Prover9 ===============================
Prover9 (64) version 2009-11A, November 2009.
Process 11814 was started by cchui on stl1.mie.utoronto.ca,
Tue Jul 16 10:14:39 2013
The command was "prover9 -t 600 -f test/p9/cem_mereology.p9 test/p9/dolce_time_mereology_reduction.p9 test/p9/cm_mereology.p9 test/p9/em_mereology.p9 test/p9/mereology_def.p9 test/p9/sum_mereology.p9 test/p9/prod_mereology.p9 test/p9/m_mereology.p9 test/p9/options.txt test/p9/ex0715_reduction_6.p9".
============================== end of head ===========================

============================== INPUT =================================

% Reading from file test/p9/cem_mereology.p9


formulas(sos).
end_of_list.

% Reading from file test/p9/dolce_time_mereology_reduction.p9


formulas(sos).
(all x (T(x) <-> x = x)).
(all x all y (P(x,y) <-> part(x,y))).
(all x all y (PP(x,y) <-> ppart(x,y))).
(all x all y (O(x,y) <-> overlaps(x,y))).
(all x all y (U(x,y) <-> underlaps(x,y))).
end_of_list.

% Reading from file test/p9/cm_mereology.p9


formulas(sos).
end_of_list.

% Reading from file test/p9/em_mereology.p9


formulas(sos).
(all x all y (-part(x,y) -> (exists z (part(z,x) & disjoint(z,y))))).
end_of_list.

% Reading from file test/p9/mereology_def.p9


formulas(sos).
(all x all y (ppart(x,y) <-> part(x,y) & -part(y,x))).
(all x all y (overlaps(x,y) <-> (exists z (part(z,x) & part(z,y))))).
(all x all y (disjoint(x,y) <-> -overlaps(x,y))).
(all x all y (underlaps(x,y) <-> (exists z (part(x,z) & part(y,z))))).
(all x (atomic_part(x) <-> (all y (part(y,x) -> y = x)))).
(all x all y all z (sum(x,y,z) <-> (all w (overlaps(w,z) <-> overlaps(w,x) | overlaps(w,y))))).
(all x all y all z (prod(x,y,z) <-> (all w (part(w,z) <-> part(w,x) | part(w,y))))).
end_of_list.

% Reading from file test/p9/sum_mereology.p9


formulas(sos).
(all x all y (underlaps(x,y) -> (exists z all v (overlaps(v,z) <-> overlaps(v,x) | overlaps(v,y))))).
end_of_list.

% Reading from file test/p9/prod_mereology.p9


formulas(sos).
(all x all y (overlaps(x,y) -> (exists z all v (ppart(v,z) <-> ppart(v,x) & ppart(v,y))))).
end_of_list.

% Reading from file test/p9/m_mereology.p9


formulas(sos).
(all x part(x,x)).
(all x all y (part(x,y) & part(y,x) -> x = y)).
(all x all y all z (part(x,y) & part(y,z) -> part(x,z))).
end_of_list.

% Reading from file test/p9/options.txt

clear(auto_denials).
clear(print_initial_clauses).
clear(print_kept).
clear(print_given).

% Reading from file test/p9/ex0715_reduction_6.p9


formulas(goals).
(all x all y (T(x) & T(y) & -P(x,y) -> (exists z (T(z) & P(z,x) & -O(z,y))))).
end_of_list.

============================== end of input ==========================

% From the command line: assign(max_seconds, 600).

============================== PROCESS NON-CLAUSAL FORMULAS ==========

% Formulas that are not ordinary clauses:
1 (all x (T(x) <-> x = x)) # label(non_clause).  [assumption].
2 (all x all y (P(x,y) <-> part(x,y))) # label(non_clause).  [assumption].
3 (all x all y (PP(x,y) <-> ppart(x,y))) # label(non_clause).  [assumption].
4 (all x all y (O(x,y) <-> overlaps(x,y))) # label(non_clause).  [assumption].
5 (all x all y (U(x,y) <-> underlaps(x,y))) # label(non_clause).  [assumption].
6 (all x all y (-part(x,y) -> (exists z (part(z,x) & disjoint(z,y))))) # label(non_clause).  [assumption].
7 (all x all y (ppart(x,y) <-> part(x,y) & -part(y,x))) # label(non_clause).  [assumption].
8 (all x all y (overlaps(x,y) <-> (exists z (part(z,x) & part(z,y))))) # label(non_clause).  [assumption].
9 (all x all y (disjoint(x,y) <-> -overlaps(x,y))) # label(non_clause).  [assumption].
10 (all x all y (underlaps(x,y) <-> (exists z (part(x,z) & part(y,z))))) # label(non_clause).  [assumption].
11 (all x (atomic_part(x) <-> (all y (part(y,x) -> y = x)))) # label(non_clause).  [assumption].
12 (all x all y all z (sum(x,y,z) <-> (all w (overlaps(w,z) <-> overlaps(w,x) | overlaps(w,y))))) # label(non_clause).  [assumption].
13 (all x all y all z (prod(x,y,z) <-> (all w (part(w,z) <-> part(w,x) | part(w,y))))) # label(non_clause).  [assumption].
14 (all x all y (underlaps(x,y) -> (exists z all v (overlaps(v,z) <-> overlaps(v,x) | overlaps(v,y))))) # label(non_clause).  [assumption].
15 (all x all y (overlaps(x,y) -> (exists z all v (ppart(v,z) <-> ppart(v,x) & ppart(v,y))))) # label(non_clause).  [assumption].
16 (all x part(x,x)) # label(non_clause).  [assumption].
17 (all x all y (part(x,y) & part(y,x) -> x = y)) # label(non_clause).  [assumption].
18 (all x all y all z (part(x,y) & part(y,z) -> part(x,z))) # label(non_clause).  [assumption].
19 (all x all y (T(x) & T(y) & -P(x,y) -> (exists z (T(z) & P(z,x) & -O(z,y))))) # label(non_clause) # label(goal).  [goal].

============================== end of process non-clausal formulas ===

============================== PROCESS INITIAL CLAUSES ===============

============================== PREDICATE ELIMINATION =================

Eliminating T/1
20 T(x) | x != x.  [clausify(1)].
21 -T(x) | x = x.  [clausify(1)].
22 T(c1).  [deny(19)].
Derived: c1 = c1.  [resolve(22,a,21,a)].
23 T(c2).  [deny(19)].
Derived: c2 = c2.  [resolve(23,a,21,a)].
24 -T(x) | -P(x,c1) | O(x,c2).  [deny(19)].
Derived: -P(x,c1) | O(x,c2) | x != x.  [resolve(24,a,20,a)].
Derived: -P(c1,c1) | O(c1,c2).  [resolve(24,a,22,a)].
Derived: -P(c2,c1) | O(c2,c2).  [resolve(24,a,23,a)].

Eliminating PP/2
25 PP(x,y) | -ppart(x,y).  [clausify(3)].
26 -PP(x,y) | ppart(x,y).  [clausify(3)].

Eliminating O/2
27 O(x,y) | -overlaps(x,y).  [clausify(4)].
28 -O(x,y) | overlaps(x,y).  [clausify(4)].
29 -P(x,c1) | O(x,c2) | x != x.  [resolve(24,a,20,a)].
Derived: -P(x,c1) | x != x | overlaps(x,c2).  [resolve(29,b,28,a)].
30 -P(c1,c1) | O(c1,c2).  [resolve(24,a,22,a)].
Derived: -P(c1,c1) | overlaps(c1,c2).  [resolve(30,b,28,a)].
31 -P(c2,c1) | O(c2,c2).  [resolve(24,a,23,a)].
Derived: -P(c2,c1) | overlaps(c2,c2).  [resolve(31,b,28,a)].

Eliminating U/2
32 U(x,y) | -underlaps(x,y).  [clausify(5)].
33 -U(x,y) | underlaps(x,y).  [clausify(5)].

Eliminating disjoint/2
34 -disjoint(x,y) | -overlaps(x,y).  [clausify(9)].
35 part(x,y) | disjoint(f1(x,y),y).  [clausify(6)].
Derived: -overlaps(f1(x,y),y) | part(x,y).  [resolve(34,a,35,b)].
36 disjoint(x,y) | overlaps(x,y).  [clausify(9)].

Eliminating underlaps/2
37 underlaps(x,y) | -part(x,z) | -part(y,z).  [clausify(10)].
38 -underlaps(x,y) | part(x,f3(x,y)).  [clausify(10)].
39 -underlaps(x,y) | part(y,f3(x,y)).  [clausify(10)].
Derived: -part(x,y) | -part(z,y) | part(x,f3(x,z)).  [resolve(37,a,38,a)].
Derived: -part(x,y) | -part(z,y) | part(z,f3(x,z)).  [resolve(37,a,39,a)].
40 -underlaps(x,y) | -overlaps(z,f7(x,y)) | overlaps(z,x) | overlaps(z,y).  [clausify(14)].
Derived: -overlaps(x,f7(y,z)) | overlaps(x,y) | overlaps(x,z) | -part(y,u) | -part(z,u).  [resolve(40,a,37,a)].
41 -underlaps(x,y) | overlaps(z,f7(x,y)) | -overlaps(z,x).  [clausify(14)].
Derived: overlaps(x,f7(y,z)) | -overlaps(x,y) | -part(y,u) | -part(z,u).  [resolve(41,a,37,a)].
42 -underlaps(x,y) | overlaps(z,f7(x,y)) | -overlaps(z,y).  [clausify(14)].
Derived: overlaps(x,f7(y,z)) | -overlaps(x,z) | -part(y,u) | -part(z,u).  [resolve(42,a,37,a)].

Eliminating atomic_part/1
43 atomic_part(x) | part(f4(x),x).  [clausify(11)].
44 -atomic_part(x) | -part(y,x) | y = x.  [clausify(11)].
Derived: part(f4(x),x) | -part(y,x) | y = x.  [resolve(43,a,44,a)].
45 atomic_part(x) | f4(x) != x.  [clausify(11)].
Derived: f4(x) != x | -part(y,x) | y = x.  [resolve(45,a,44,a)].

Eliminating sum/3
46 sum(x,y,z) | overlaps(f5(x,y,z),z) | overlaps(f5(x,y,z),x) | overlaps(f5(x,y,z),y).  [clausify(12)].
47 -sum(x,y,z) | -overlaps(u,z) | overlaps(u,x) | overlaps(u,y).  [clausify(12)].
48 -sum(x,y,z) | overlaps(u,z) | -overlaps(u,x).  [clausify(12)].
49 -sum(x,y,z) | overlaps(u,z) | -overlaps(u,y).  [clausify(12)].
Derived: overlaps(f5(x,y,z),z) | overlaps(f5(x,y,z),x) | overlaps(f5(x,y,z),y) | -overlaps(u,z) | overlaps(u,x) | overlaps(u,y).  [resolve(46,a,47,a)].
Derived: overlaps(f5(x,y,z),z) | overlaps(f5(x,y,z),x) | overlaps(f5(x,y,z),y) | overlaps(u,z) | -overlaps(u,x).  [resolve(46,a,48,a)].
Derived: overlaps(f5(x,y,z),z) | overlaps(f5(x,y,z),x) | overlaps(f5(x,y,z),y) | overlaps(u,z) | -overlaps(u,y).  [resolve(46,a,49,a)].
50 sum(x,y,z) | -overlaps(f5(x,y,z),z) | -overlaps(f5(x,y,z),x).  [clausify(12)].
Derived: -overlaps(f5(x,y,z),z) | -overlaps(f5(x,y,z),x) | -overlaps(u,z) | overlaps(u,x) | overlaps(u,y).  [resolve(50,a,47,a)].
Derived: -overlaps(f5(x,y,z),z) | -overlaps(f5(x,y,z),x) | overlaps(u,z) | -overlaps(u,x).  [resolve(50,a,48,a)].
Derived: -overlaps(f5(x,y,z),z) | -overlaps(f5(x,y,z),x) | overlaps(u,z) | -overlaps(u,y).  [resolve(50,a,49,a)].
51 sum(x,y,z) | -overlaps(f5(x,y,z),z) | -overlaps(f5(x,y,z),y).  [clausify(12)].
Derived: -overlaps(f5(x,y,z),z) | -overlaps(f5(x,y,z),y) | -overlaps(u,z) | overlaps(u,x) | overlaps(u,y).  [resolve(51,a,47,a)].
Derived: -overlaps(f5(x,y,z),z) | -overlaps(f5(x,y,z),y) | overlaps(u,z) | -overlaps(u,x).  [resolve(51,a,48,a)].
Derived: -overlaps(f5(x,y,z),z) | -overlaps(f5(x,y,z),y) | overlaps(u,z) | -overlaps(u,y).  [resolve(51,a,49,a)].

Eliminating prod/3
52 prod(x,y,z) | part(f6(x,y,z),z) | part(f6(x,y,z),x) | part(f6(x,y,z),y).  [clausify(13)].
53 -prod(x,y,z) | -part(u,z) | part(u,x) | part(u,y).  [clausify(13)].
54 -prod(x,y,z) | part(u,z) | -part(u,x).  [clausify(13)].
55 -prod(x,y,z) | part(u,z) | -part(u,y).  [clausify(13)].
Derived: part(f6(x,y,z),z) | part(f6(x,y,z),x) | part(f6(x,y,z),y) | -part(u,z) | part(u,x) | part(u,y).  [resolve(52,a,53,a)].
Derived: part(f6(x,y,z),z) | part(f6(x,y,z),x) | part(f6(x,y,z),y) | part(u,z) | -part(u,x).  [resolve(52,a,54,a)].
Derived: part(f6(x,y,z),z) | part(f6(x,y,z),x) | part(f6(x,y,z),y) | part(u,z) | -part(u,y).  [resolve(52,a,55,a)].
56 prod(x,y,z) | -part(f6(x,y,z),z) | -part(f6(x,y,z),x).  [clausify(13)].
Derived: -part(f6(x,y,z),z) | -part(f6(x,y,z),x) | -part(u,z) | part(u,x) | part(u,y).  [resolve(56,a,53,a)].
Derived: -part(f6(x,y,z),z) | -part(f6(x,y,z),x) | part(u,z) | -part(u,x).  [resolve(56,a,54,a)].
Derived: -part(f6(x,y,z),z) | -part(f6(x,y,z),x) | part(u,z) | -part(u,y).  [resolve(56,a,55,a)].
57 prod(x,y,z) | -part(f6(x,y,z),z) | -part(f6(x,y,z),y).  [clausify(13)].
Derived: -part(f6(x,y,z),z) | -part(f6(x,y,z),y) | -part(u,z) | part(u,x) | part(u,y).  [resolve(57,a,53,a)].
Derived: -part(f6(x,y,z),z) | -part(f6(x,y,z),y) | part(u,z) | -part(u,x).  [resolve(57,a,54,a)].
Derived: -part(f6(x,y,z),z) | -part(f6(x,y,z),y) | part(u,z) | -part(u,y).  [resolve(57,a,55,a)].

============================== end predicate elimination =============

Term ordering decisions:
Predicate symbol precedence:  predicate_order([ =, part, overlaps, ppart, P ]).
Function symbol precedence:  function_order([ c1, c2, f1, f2, f3, f7, f8, f4, f5, f6 ]).
After inverse_order:  (no changes).
Unfolding symbols: (none).

Auto_inference settings:
  % set(paramodulation).  % (positive equality literals)
  % set(binary_resolution).  % (non-Horn)
  % set(neg_ur_resolution).  % (non-Horn, less than 100 clauses)

Auto_process settings:
  % set(factor).  % (non-Horn)
  % set(unit_deletion).  % (non-Horn)

============================== end of process initial clauses ========

============================== CLAUSES FOR SEARCH ====================

============================== end of clauses for search =============

============================== SEARCH ================================

% Starting search at 0.01 seconds.

============================== PROOF =================================

% Proof 1 at 0.01 (+ 0.00) seconds.
% Length of proof is 23.
% Level of proof is 6.
% Maximum clause weight is 8.000.
% Given clauses 72.

1 (all x (T(x) <-> x = x)) # label(non_clause).  [assumption].
2 (all x all y (P(x,y) <-> part(x,y))) # label(non_clause).  [assumption].
4 (all x all y (O(x,y) <-> overlaps(x,y))) # label(non_clause).  [assumption].
6 (all x all y (-part(x,y) -> (exists z (part(z,x) & disjoint(z,y))))) # label(non_clause).  [assumption].
9 (all x all y (disjoint(x,y) <-> -overlaps(x,y))) # label(non_clause).  [assumption].
19 (all x all y (T(x) & T(y) & -P(x,y) -> (exists z (T(z) & P(z,x) & -O(z,y))))) # label(non_clause) # label(goal).  [goal].
20 T(x) | x != x.  [clausify(1)].
24 -T(x) | -P(x,c1) | O(x,c2).  [deny(19)].
28 -O(x,y) | overlaps(x,y).  [clausify(4)].
29 -P(x,c1) | O(x,c2) | x != x.  [resolve(24,a,20,a)].
34 -disjoint(x,y) | -overlaps(x,y).  [clausify(9)].
35 part(x,y) | disjoint(f1(x,y),y).  [clausify(6)].
59 P(x,y) | -part(x,y).  [clausify(2)].
60 part(x,y) | part(f1(x,y),x).  [clausify(6)].
73 -P(c1,c2).  [deny(19)].
74 -P(x,c1) | x != x | overlaps(x,c2).  [resolve(29,b,28,a)].
75 -P(x,c1) | overlaps(x,c2).  [copy(74),xx(b)].
76 -overlaps(f1(x,y),y) | part(x,y).  [resolve(34,a,35,b)].
121 part(x,y) | P(f1(x,y),x).  [resolve(60,b,59,b)].
132 -part(c1,c2).  [ur(59,a,73,a)].
181 -overlaps(f1(c1,c2),c2).  [ur(76,b,132,a)].
184 -P(f1(c1,c2),c1).  [ur(75,b,181,a)].
274 $F.  [resolve(184,a,121,b),unit_del(a,132)].

============================== end of proof ==========================

============================== STATISTICS ============================

Given=72. Generated=478. Kept=215. proofs=1.
Usable=70. Sos=142. Demods=0. Limbo=0, Disabled=88. Hints=0.
Kept_by_rule=0, Deleted_by_rule=0.
Forward_subsumed=262. Back_subsumed=2.
Sos_limit_deleted=0. Sos_displaced=0. Sos_removed=0.
New_demodulators=0 (0 lex), Back_demodulated=0. Back_unit_deleted=1.
Demod_attempts=0. Demod_rewrites=0.
Res_instance_prunes=0. Para_instance_prunes=0. Basic_paramod_prunes=0.
Nonunit_fsub_feature_tests=1138. Nonunit_bsub_feature_tests=1117.
Megabytes=0.43.
User_CPU=0.01, System_CPU=0.00, Wall_clock=0.

============================== end of statistics =====================

============================== end of search =========================

THEOREM PROVED

Exiting with 1 proof.

Process 11814 exit (max_proofs) Tue Jul 16 10:14:39 2013
