Hi Geoff, go and have some cold beer while I am trying to solve this very hard problem!
% remaining time: 29999 next slice time: 3
dis-4_5_bd=off:bs=off:ep=RST:fde=none:lcm=predicate:nwc=2.0:nicw=on:ptb=off:ssec=off:ss=included:st=5.0:sio=off:spl=backtracking:updr=off_1 on unknown
Refutation found. Thanks to Tanya!
% SZS status Theorem for unknown
% SZS output start Proof for unknown
fof(f598,plain,(
  $false),
  inference(subsumption_resolution,[],[f597,f363])).
fof(f363,plain,(
  atomiccurvesegment(sK0)),
  inference(cnf_transformation,[],[f281])).
fof(f281,plain,(
  atomiccurvesegment(sK0) & atomicloopcurve(sK0)),
  inference(skolemisation,[status(esa)],[f194])).
fof(f194,plain,(
  ? [X0] : (atomiccurvesegment(X0) & atomicloopcurve(X0))),
  inference(ennf_transformation,[],[f1])).
fof(f1,negated_conjecture,(
  ~! [X0] : (~atomiccurvesegment(X0) | ~atomicloopcurve(X0))),
  file(unknown,unknown)).
fof(f597,plain,(
  ~atomiccurvesegment(sK0)),
  inference(resolution,[],[f596,f364])).
fof(f364,plain,(
  atomicloopcurve(sK0)),
  inference(cnf_transformation,[],[f281])).
fof(f596,plain,(
  ( ! [X0] : (~atomicloopcurve(X0) | ~atomiccurvesegment(X0)) )),
  inference(resolution,[],[f595,f405])).
fof(f405,plain,(
  ( ! [X0] : (sP0(X0) | ~atomicloopcurve(X0)) )),
  inference(cnf_transformation,[],[f310])).
fof(f310,plain,(
  ! [X0] : ((~atomicloopcurve(X0) | sP0(X0)) & (~sP0(X0) | atomicloopcurve(X0)))),
  inference(nnf_transformation,[],[f276])).
fof(f276,plain,(
  ! [X0] : (atomicloopcurve(X0) <=> sP0(X0))),
  inference(definition_folding,[],[f275])).
fof(f275,plain,(
  ! [X0] : (sP0(X0) <=> (curve(X0) & ! [X1] : ~pp(X1,X0) & ? [X2] : (point(X2) & cont(X2,X0) & ! [X3] : (~point(X3) | ~cont(X3,X0) | X2 = X3)) & ! [X4] : ~endpoint(X4,X0)))),
  introduced(predicate_definition_introduction,[])).
fof(f595,plain,(
  ( ! [X0] : (~sP0(X0) | ~atomiccurvesegment(X0)) )),
  inference(resolution,[],[f594,f417])).
fof(f417,plain,(
  ( ! [X0] : (sP1(X0) | ~atomiccurvesegment(X0)) )),
  inference(cnf_transformation,[],[f315])).
fof(f315,plain,(
  ! [X0] : ((~atomiccurvesegment(X0) | sP1(X0)) & (~sP1(X0) | atomiccurvesegment(X0)))),
  inference(nnf_transformation,[],[f278])).
fof(f278,plain,(
  ! [X0] : (atomiccurvesegment(X0) <=> sP1(X0))),
  inference(definition_folding,[],[f277])).
fof(f277,plain,(
  ! [X0] : (sP1(X0) <=> (curve(X0) & ! [X1] : ~pp(X1,X0) & ? [X2,X3] : (endpoint(X2,X0) & endpoint(X3,X0) & X2 != X3 & ! [X4] : (~point(X4) | ~cont(X4,X0) | X2 = X4 | X3 = X4))))),
  introduced(predicate_definition_introduction,[])).
fof(f594,plain,(
  ( ! [X0] : (~sP1(X0) | ~sP0(X0)) )),
  inference(resolution,[],[f409,f401])).
fof(f401,plain,(
  ( ! [X4,X0] : (~endpoint(X4,X0) | ~sP0(X0)) )),
  inference(cnf_transformation,[],[f309])).
fof(f309,plain,(
  ! [X0] : ((~sP0(X0) | (curve(X0) & ! [X1] : ~pp(X1,X0) & (point(sK9(X0)) & cont(sK9(X0),X0) & ! [X3] : (~point(X3) | ~cont(X3,X0) | sK9(X0) = X3)) & ! [X4] : ~endpoint(X4,X0))) & (~curve(X0) | pp(sK10(X0),X0) | ! [X6] : (~point(X6) | ~cont(X6,X0) | (point(sK11(X6,X0)) & cont(sK11(X6,X0),X0) & sK11(X6,X0) != X6)) | endpoint(sK12(X0),X0) | sP0(X0)))),
  inference(skolemisation,[status(esa)],[f308])).
fof(f308,plain,(
  ! [X0] : ((~sP0(X0) | (curve(X0) & ! [X1] : ~pp(X1,X0) & ? [X2] : (point(X2) & cont(X2,X0) & ! [X3] : (~point(X3) | ~cont(X3,X0) | X2 = X3)) & ! [X4] : ~endpoint(X4,X0))) & (~curve(X0) | ? [X5] : pp(X5,X0) | ! [X6] : (~point(X6) | ~cont(X6,X0) | ? [X7] : (point(X7) & cont(X7,X0) & X6 != X7)) | ? [X8] : endpoint(X8,X0) | sP0(X0)))),
  inference(rectify,[],[f307])).
fof(f307,plain,(
  ! [X0] : ((~sP0(X0) | (curve(X0) & ! [X1] : ~pp(X1,X0) & ? [X2] : (point(X2) & cont(X2,X0) & ! [X3] : (~point(X3) | ~cont(X3,X0) | X2 = X3)) & ! [X4] : ~endpoint(X4,X0))) & (~curve(X0) | ? [X1] : pp(X1,X0) | ! [X2] : (~point(X2) | ~cont(X2,X0) | ? [X3] : (point(X3) & cont(X3,X0) & X2 != X3)) | ? [X4] : endpoint(X4,X0) | sP0(X0)))),
  inference(flattening,[],[f306])).
fof(f306,plain,(
  ! [X0] : ((~sP0(X0) | (curve(X0) & ! [X1] : ~pp(X1,X0) & ? [X2] : (point(X2) & cont(X2,X0) & ! [X3] : (~point(X3) | ~cont(X3,X0) | X2 = X3)) & ! [X4] : ~endpoint(X4,X0))) & ((~curve(X0) | ? [X1] : pp(X1,X0) | ! [X2] : (~point(X2) | ~cont(X2,X0) | ? [X3] : (point(X3) & cont(X3,X0) & X2 != X3)) | ? [X4] : endpoint(X4,X0)) | sP0(X0)))),
  inference(nnf_transformation,[],[f275])).
fof(f409,plain,(
  ( ! [X0] : (endpoint(sK13(X0),X0) | ~sP1(X0)) )),
  inference(cnf_transformation,[],[f314])).
fof(f314,plain,(
  ! [X0] : ((~sP1(X0) | (curve(X0) & ! [X1] : ~pp(X1,X0) & (endpoint(sK13(X0),X0) & endpoint(sK14(X0),X0) & sK13(X0) != sK14(X0) & ! [X4] : (~point(X4) | ~cont(X4,X0) | sK13(X0) = X4 | sK14(X0) = X4)))) & (~curve(X0) | pp(sK15(X0),X0) | ! [X6,X7] : (~endpoint(X6,X0) | ~endpoint(X7,X0) | X6 = X7 | (point(sK16(X7,X6,X0)) & cont(sK16(X7,X6,X0),X0) & sK16(X7,X6,X0) != X6 & sK16(X7,X6,X0) != X7)) | sP1(X0)))),
  inference(skolemisation,[status(esa)],[f313])).
fof(f313,plain,(
  ! [X0] : ((~sP1(X0) | (curve(X0) & ! [X1] : ~pp(X1,X0) & ? [X2,X3] : (endpoint(X2,X0) & endpoint(X3,X0) & X2 != X3 & ! [X4] : (~point(X4) | ~cont(X4,X0) | X2 = X4 | X3 = X4)))) & (~curve(X0) | ? [X5] : pp(X5,X0) | ! [X6,X7] : (~endpoint(X6,X0) | ~endpoint(X7,X0) | X6 = X7 | ? [X8] : (point(X8) & cont(X8,X0) & X6 != X8 & X7 != X8)) | sP1(X0)))),
  inference(rectify,[],[f312])).
fof(f312,plain,(
  ! [X0] : ((~sP1(X0) | (curve(X0) & ! [X1] : ~pp(X1,X0) & ? [X2,X3] : (endpoint(X2,X0) & endpoint(X3,X0) & X2 != X3 & ! [X4] : (~point(X4) | ~cont(X4,X0) | X2 = X4 | X3 = X4)))) & (~curve(X0) | ? [X1] : pp(X1,X0) | ! [X2,X3] : (~endpoint(X2,X0) | ~endpoint(X3,X0) | X2 = X3 | ? [X4] : (point(X4) & cont(X4,X0) & X2 != X4 & X3 != X4)) | sP1(X0)))),
  inference(flattening,[],[f311])).
fof(f311,plain,(
  ! [X0] : ((~sP1(X0) | (curve(X0) & ! [X1] : ~pp(X1,X0) & ? [X2,X3] : (endpoint(X2,X0) & endpoint(X3,X0) & X2 != X3 & ! [X4] : (~point(X4) | ~cont(X4,X0) | X2 = X4 | X3 = X4)))) & ((~curve(X0) | ? [X1] : pp(X1,X0) | ! [X2,X3] : (~endpoint(X2,X0) | ~endpoint(X3,X0) | X2 = X3 | ? [X4] : (point(X4) & cont(X4,X0) & X2 != X4 & X3 != X4))) | sP1(X0)))),
  inference(nnf_transformation,[],[f277])).
% SZS output end Proof for unknown
------------------------------
Version: Vampire 0.6 (revision 903)
Termination reason: Refutation

Active clauses: 76
Passive clauses: 198
Generated clauses: 218
Final active clauses: 76
Final passive clauses: 121
Input formulas: 72
Initial clauses: 168

Selected by SInE selection: 72
SInE iterations: 1

Fw subsumption resolutions: 1

Simple tautologies: 4
Forward subsumptions: 15

Binary resolution: 49

Memory used: 255KB
Time elapsed: 0.006 s
------------------------------
% Success in time 0.023 s
============================= vampire_lin32 ================================
execution finished: Tue Oct 08 20:12:32 2013
total CPU time used: 0
The command was "vampire_lin32 --mode casc --proof tptp -t 3000"
Input read from  /stl/torsten/git/macleod/qs/multidim_mereotopology_codib/theorems/conversions/atomic_curve_theorems_goal1.all.tptp
============================ end of footer ===========================
