============================== Mace4 =================================
Mace4 (64) version 2009-11A, November 2009.
Process 17252 was started by torsten on stl-ws2,
Tue Oct 23 21:40:57 2012
The command was "mace4 -c -t 600 -s 60 -n 2 -N 20 -f codib/definitions/input/stp.p9 codib/definitions/input/tp.p9 codib/conversions/codib_boundary.p9 codib/conversions/codib_down.p9 codib/conversions/codib.p9 codi/conversions/codi_down.p9 codi/conversions/codi_basic_atomic.p9 codib/definitions/input/icont.p9 codib/definitions/input/tcont.p9 codib/definitions/input/closed.p9 codib/conversions/codi_bcont.p9 codi/conversions/codi_int.p9 codi/conversions/codi_basic.p9 codi/definitions/input/ep.p9 codi/definitions/input/min_max_in_dim.p9 codi/conversions/codi.p9 codi/definitions/input/po.p9 codi/definitions/input/inc.p9 codi/definitions/input/sc.p9 codi/theorems/input/po_theorems.p9 codi/theorems/input/inc_theorems.p9 codi/theorems/input/sc_theorems.p9 codi/conversions/codi_linear.p9 zex/input/zex.p9 dim/conversions/dim_basic.p9 cont/conversions/cont_ext.p9 codi/definitions/input/epp.p9 cont/conversions/cont_c.p9 dim/conversions/dim_prime_linear.p9 cont/conversions/cont_basic.p9 dim/conversions/dim_prime_linear_unbounded.p9 codib/theorems/input/codib_stp_theorems_3.p9".
============================== end of head ===========================

============================== INPUT =================================

% Reading from file codib/definitions/input/stp.p9


formulas(sos).
(all x all y (STP(x,y) <-> TP(x,y) & (exists z (Cont(z,x) & BCont(z,y) & Covers(y,z))))).
end_of_list.

% Reading from file codib/definitions/input/tp.p9


formulas(sos).
(all x all y (TP(x,y) <-> P(x,y) & TCont(x,y))).
end_of_list.

% Reading from file codib/conversions/codib_boundary.p9


formulas(sos).
(all x all y (Cont(x,boundary(y)) <-> BCont(x,y))).
end_of_list.

% Reading from file codib/conversions/codib_down.p9


formulas(sos).
(all x all y (BCont(x,y) <-> -ZEX(x) & (all z (P(z,x) & Min(z) -> BCont(z,y))))).
end_of_list.

% Reading from file codib/conversions/codib.p9


formulas(sos).
end_of_list.

% Reading from file codi/conversions/codi_down.p9


formulas(sos).
(all x all y (-ZEX(difference(x,y)) -> EqDim(x,difference(x,y)))).
(all x all y (y < x -> x = difference(x,y))).
(all x all y all z (x <= y & Cont(z,x) & intersection(z,y) < z -> Cont(z,difference(x,y)))).
(all x all y all z (x <= y & Cont(z,difference(x,y)) -> Cont(z,x))).
(all x all y all z (x <= y & P(z,difference(x,y)) -> intersection(z,y) < z)).
(all x all y (ZEX(difference(x,y)) <-> ZEX(x) | Cont(x,y))).
end_of_list.

% Reading from file codi/conversions/codi_basic_atomic.p9


formulas(sos).
(all x (-ZEX(x) -> (exists y (P(y,x) & Min(y))))).
end_of_list.

% Reading from file codib/definitions/input/icont.p9


formulas(sos).
(all x all y (ICont(x,y) <-> Cont(x,y) & (all z (Cont(z,x) -> -BCont(z,y))))).
end_of_list.

% Reading from file codib/definitions/input/tcont.p9


formulas(sos).
(all x all y (TCont(x,y) <-> Cont(x,y) & (exists z (Cont(z,x) & BCont(z,y))))).
end_of_list.

% Reading from file codib/definitions/input/closed.p9


formulas(sos).
(all x (Closed(x) <-> (all y -BCont(y,x)))).
end_of_list.

% Reading from file codib/conversions/codi_bcont.p9


formulas(sos).
(all x all y (BCont(x,y) -> Cont(x,y) & Inc(x,y))).
(all x all y all v all z (SC(x,y) & Min(x) & P(x,v) & Cont(y,v) & Cont(z,x) & Cont(z,y) -> BCont(z,x))).
(all x all y all z all v (SC(x,y) & P(x,v) & P(y,v) & Cont(z,x) & Cont(z,y) & Covers(v,z) -> -BCont(z,v))).
(all x all y all z (BCont(x,y) & P(y,z) & (all v all w (P(v,z) & -PO(v,y) & P(w,x) -> -Cont(w,v))) -> BCont(x,z))).
(all x all y all z (BCont(x,y) & Cont(z,x) -> BCont(z,y))).
end_of_list.

% Reading from file codi/conversions/codi_int.p9


formulas(sos).
(all x all y (-C(x,y) <-> ZEX(intersection(x,y)))).
(all x all y (-ZEX(intersection(x,y)) -> Cont(intersection(x,y),x))).
(all x all y all z (Cont(z,x) & Cont(z,y) -> z <= intersection(x,y))).
(all x all y all z (Cont(z,x) & Cont(z,y) & EqDim(z,intersection(x,y)) <-> P(z,intersection(x,y)))).
end_of_list.

% Reading from file codi/conversions/codi_basic.p9


formulas(sos).
(all x all y (Cont(x,y) -> x < y | EqDim(x,y))).
end_of_list.

% Reading from file codi/definitions/input/ep.p9


formulas(sos).
(all x all y (P(x,y) <-> Cont(x,y) & EqDim(x,y))).
end_of_list.

% Reading from file codi/definitions/input/min_max_in_dim.p9


formulas(sos).
(all x (Max(x) <-> -ZEX(x) & (all y -PP(x,y)))).
(all x (Min(x) <-> -ZEX(x) & (all y -PP(y,x)))).
end_of_list.

% Reading from file codi/conversions/codi.p9


formulas(sos).
end_of_list.

% Reading from file codi/definitions/input/po.p9


formulas(sos).
(all x all y (PO(x,y) <-> (exists z (P(z,x) & P(z,y))))).
end_of_list.

% Reading from file codi/definitions/input/inc.p9


formulas(sos).
(all x all y (Inc(x,y) <-> (exists z (z < x & Cont(z,x) & P(z,y))) | (exists z (z < y & Cont(z,y) & P(z,x))))).
end_of_list.

% Reading from file codi/definitions/input/sc.p9


formulas(sos).
(all x all y (SC(x,y) <-> (exists z (Cont(z,x) & Cont(z,y))) & (all z (Cont(z,x) & Cont(z,y) -> z < x & z < y)))).
end_of_list.

% Reading from file codi/theorems/input/po_theorems.p9


formulas(sos).
(all x (-ZEX(x) -> PO(x,x))).
(all x all y (PO(x,y) -> PO(y,x))).
(all x all y (PO(x,y) -> EqDim(x,y))).
end_of_list.

% Reading from file codi/theorems/input/inc_theorems.p9


formulas(sos).
(all x -Inc(x,x)).
(all x all y (Inc(x,y) -> Inc(y,x))).
(all x all y (EqDim(x,y) -> -Inc(x,y))).
(all x all y (Inc(x,y) -> x < y | y < x)).
(all x all y (Cont(x,y) & x < y -> Inc(x,y))).
(all x all y all z (Inc(x,y) & P(y,z) -> Inc(x,z))).
end_of_list.

% Reading from file codi/theorems/input/sc_theorems.p9


formulas(sos).
(all x all y (SC(x,y) -> C(x,y))).
(all x all y (SC(x,y) -> -(exists z (Cont(z,x) & P(z,y))))).
(all x all y (SC(x,y) -> -(exists z (P(z,x) & Cont(z,y))))).
(all x all y (C(x,y) & (all z (-Cont(z,x) | -Cont(z,y) | -P(z,x) & -P(z,y))) -> SC(x,y))).
(all x -SC(x,x)).
(all x all y (SC(x,y) -> SC(y,x))).
(all x all y (SC(x,y) -> (exists z (z < x & z < y & Cont(z,x) & Cont(z,y))))).
end_of_list.

% Reading from file codi/conversions/codi_linear.p9


formulas(sos).
(all x all y (Cont(x,y) -> x < y | EqDim(x,y))).
end_of_list.

% Reading from file zex/input/zex.p9


formulas(sos).
(exists x ZEX(x)).
end_of_list.

% Reading from file dim/conversions/dim_basic.p9


formulas(sos).
(all x -(x < x)).
(all x all y (x < y -> -(y < x))).
(all x all y all z (x < y & y < z -> x < z)).
(all x EqDim(x,x)).
(all x all y (EqDim(x,y) -> EqDim(y,x))).
(all x all y all z (EqDim(x,y) & EqDim(y,z) -> EqDim(x,z))).
(all x all y (x < y -> -EqDim(x,y))).
(all x all y all z (EqDim(x,y) -> (z < x -> z < y))).
(all x all y all z (EqDim(x,y) -> (x < z -> y < z))).
(exists x (-ZEX(x) & (all y (y < x -> ZEX(y))))).
(all x all y (ZEX(x) & ZEX(y) -> x = y)).
(all x all y (ZEX(x) & -ZEX(y) -> x < y)).
end_of_list.

% Reading from file cont/conversions/cont_ext.p9


formulas(sos).
(all x all y ((all z (Cont(z,x) <-> Cont(z,y))) -> x = y)).
end_of_list.

% Reading from file codi/definitions/input/epp.p9


formulas(sos).
(all x all y (PP(x,y) <-> P(x,y) & x != y)).
end_of_list.

% Reading from file cont/conversions/cont_c.p9


formulas(sos).
(all x all y (C(x,y) <-> (exists z (Cont(z,x) & Cont(z,y))))).
end_of_list.

% Reading from file dim/conversions/dim_prime_linear.p9


formulas(sos).
(exists x MinDim(x)).
end_of_list.

% Reading from file cont/conversions/cont_basic.p9


formulas(sos).
(all x (-ZEX(x) <-> Cont(x,x))).
(all x all y (Cont(x,y) & Cont(y,x) -> x = y)).
(all x all y all z (Cont(x,y) & Cont(y,z) -> Cont(x,z))).
(all x all y (ZEX(x) -> -Cont(y,x) & -Cont(x,y))).
(all x all y (ZEX(x) & ZEX(y) -> x = y)).
end_of_list.

% Reading from file dim/conversions/dim_prime_linear_unbounded.p9


formulas(sos).
(all x -(x < x)).
(all x all y (x < y -> -(y < x))).
(all x all y all z (x < y & y <= z -> x < z)).
(all x all y (ZEX(x) & ZEX(y) -> x = y)).
(all x all y (ZEX(x) & -ZEX(y) -> x < y)).
(all x all y (EqDim(x,y) <-> -(x < y) & -(y < x))).
(all x all y (x <= y <-> x < y | EqDim(x,y))).
(all x (MaxDim(x) <-> (all y y <= x))).
(all x (MinDim(x) <-> -ZEX(x) & (all y (y < x -> ZEX(y))))).
(all x all y (Covers(x,y) <-> y < x & (all z -(y < z & z < x)))).
end_of_list.

% Reading from file codib/theorems/input/codib_stp_theorems_3.p9


formulas(goals).
(all x all y (TP(x,y) & EqDim(intersection(boundary(x),boundary(y)),boundary(y)) -> STP(x,y))).
end_of_list.

% From the command line: assign(max_seconds, 600).

% From the command line: assign(max_seconds_per, 60).
    % assign(domain_size, 2) -> assign(start_size, 2).
    % assign(domain_size, 2) -> assign(end_size, 2).

% From the command line: assign(domain_size, 2).

% From the command line: assign(end_size, 20).

============================== end of input ==========================

============================== PROCESS NON-CLAUSAL FORMULAS ==========

% Formulas that are not ordinary clauses:
1 (all x all y (STP(x,y) <-> TP(x,y) & (exists z (Cont(z,x) & BCont(z,y) & Covers(y,z))))) # label(non_clause).  [assumption].
2 (all x all y (TP(x,y) <-> P(x,y) & TCont(x,y))) # label(non_clause).  [assumption].
3 (all x all y (Cont(x,boundary(y)) <-> BCont(x,y))) # label(non_clause).  [assumption].
4 (all x all y (BCont(x,y) <-> -ZEX(x) & (all z (P(z,x) & Min(z) -> BCont(z,y))))) # label(non_clause).  [assumption].
5 (all x all y (-ZEX(difference(x,y)) -> EqDim(x,difference(x,y)))) # label(non_clause).  [assumption].
6 (all x all y (y < x -> x = difference(x,y))) # label(non_clause).  [assumption].
7 (all x all y all z (x <= y & Cont(z,x) & intersection(z,y) < z -> Cont(z,difference(x,y)))) # label(non_clause).  [assumption].
8 (all x all y all z (x <= y & Cont(z,difference(x,y)) -> Cont(z,x))) # label(non_clause).  [assumption].
9 (all x all y all z (x <= y & P(z,difference(x,y)) -> intersection(z,y) < z)) # label(non_clause).  [assumption].
10 (all x all y (ZEX(difference(x,y)) <-> ZEX(x) | Cont(x,y))) # label(non_clause).  [assumption].
11 (all x (-ZEX(x) -> (exists y (P(y,x) & Min(y))))) # label(non_clause).  [assumption].
12 (all x all y (ICont(x,y) <-> Cont(x,y) & (all z (Cont(z,x) -> -BCont(z,y))))) # label(non_clause).  [assumption].
13 (all x all y (TCont(x,y) <-> Cont(x,y) & (exists z (Cont(z,x) & BCont(z,y))))) # label(non_clause).  [assumption].
14 (all x (Closed(x) <-> (all y -BCont(y,x)))) # label(non_clause).  [assumption].
15 (all x all y (BCont(x,y) -> Cont(x,y) & Inc(x,y))) # label(non_clause).  [assumption].
16 (all x all y all v all z (SC(x,y) & Min(x) & P(x,v) & Cont(y,v) & Cont(z,x) & Cont(z,y) -> BCont(z,x))) # label(non_clause).  [assumption].
17 (all x all y all z all v (SC(x,y) & P(x,v) & P(y,v) & Cont(z,x) & Cont(z,y) & Covers(v,z) -> -BCont(z,v))) # label(non_clause).  [assumption].
18 (all x all y all z (BCont(x,y) & P(y,z) & (all v all w (P(v,z) & -PO(v,y) & P(w,x) -> -Cont(w,v))) -> BCont(x,z))) # label(non_clause).  [assumption].
19 (all x all y all z (BCont(x,y) & Cont(z,x) -> BCont(z,y))) # label(non_clause).  [assumption].
20 (all x all y (-C(x,y) <-> ZEX(intersection(x,y)))) # label(non_clause).  [assumption].
21 (all x all y (-ZEX(intersection(x,y)) -> Cont(intersection(x,y),x))) # label(non_clause).  [assumption].
22 (all x all y all z (Cont(z,x) & Cont(z,y) -> z <= intersection(x,y))) # label(non_clause).  [assumption].
23 (all x all y all z (Cont(z,x) & Cont(z,y) & EqDim(z,intersection(x,y)) <-> P(z,intersection(x,y)))) # label(non_clause).  [assumption].
24 (all x all y (Cont(x,y) -> x < y | EqDim(x,y))) # label(non_clause).  [assumption].
25 (all x all y (P(x,y) <-> Cont(x,y) & EqDim(x,y))) # label(non_clause).  [assumption].
26 (all x (Max(x) <-> -ZEX(x) & (all y -PP(x,y)))) # label(non_clause).  [assumption].
27 (all x (Min(x) <-> -ZEX(x) & (all y -PP(y,x)))) # label(non_clause).  [assumption].
28 (all x all y (PO(x,y) <-> (exists z (P(z,x) & P(z,y))))) # label(non_clause).  [assumption].
29 (all x all y (Inc(x,y) <-> (exists z (z < x & Cont(z,x) & P(z,y))) | (exists z (z < y & Cont(z,y) & P(z,x))))) # label(non_clause).  [assumption].
30 (all x all y (SC(x,y) <-> (exists z (Cont(z,x) & Cont(z,y))) & (all z (Cont(z,x) & Cont(z,y) -> z < x & z < y)))) # label(non_clause).  [assumption].
31 (all x (-ZEX(x) -> PO(x,x))) # label(non_clause).  [assumption].
32 (all x all y (PO(x,y) -> PO(y,x))) # label(non_clause).  [assumption].
33 (all x all y (PO(x,y) -> EqDim(x,y))) # label(non_clause).  [assumption].
34 (all x -Inc(x,x)) # label(non_clause).  [assumption].
35 (all x all y (Inc(x,y) -> Inc(y,x))) # label(non_clause).  [assumption].
36 (all x all y (EqDim(x,y) -> -Inc(x,y))) # label(non_clause).  [assumption].
37 (all x all y (Inc(x,y) -> x < y | y < x)) # label(non_clause).  [assumption].
38 (all x all y (Cont(x,y) & x < y -> Inc(x,y))) # label(non_clause).  [assumption].
39 (all x all y all z (Inc(x,y) & P(y,z) -> Inc(x,z))) # label(non_clause).  [assumption].
40 (all x all y (SC(x,y) -> C(x,y))) # label(non_clause).  [assumption].
41 (all x all y (SC(x,y) -> -(exists z (Cont(z,x) & P(z,y))))) # label(non_clause).  [assumption].
42 (all x all y (SC(x,y) -> -(exists z (P(z,x) & Cont(z,y))))) # label(non_clause).  [assumption].
43 (all x all y (C(x,y) & (all z (-Cont(z,x) | -Cont(z,y) | -P(z,x) & -P(z,y))) -> SC(x,y))) # label(non_clause).  [assumption].
44 (all x -SC(x,x)) # label(non_clause).  [assumption].
45 (all x all y (SC(x,y) -> SC(y,x))) # label(non_clause).  [assumption].
46 (all x all y (SC(x,y) -> (exists z (z < x & z < y & Cont(z,x) & Cont(z,y))))) # label(non_clause).  [assumption].
47 (all x all y (Cont(x,y) -> x < y | EqDim(x,y))) # label(non_clause).  [assumption].
48 (exists x ZEX(x)) # label(non_clause).  [assumption].
49 (all x -(x < x)) # label(non_clause).  [assumption].
50 (all x all y (x < y -> -(y < x))) # label(non_clause).  [assumption].
51 (all x all y all z (x < y & y < z -> x < z)) # label(non_clause).  [assumption].
52 (all x EqDim(x,x)) # label(non_clause).  [assumption].
53 (all x all y (EqDim(x,y) -> EqDim(y,x))) # label(non_clause).  [assumption].
54 (all x all y all z (EqDim(x,y) & EqDim(y,z) -> EqDim(x,z))) # label(non_clause).  [assumption].
55 (all x all y (x < y -> -EqDim(x,y))) # label(non_clause).  [assumption].
56 (all x all y all z (EqDim(x,y) -> (z < x -> z < y))) # label(non_clause).  [assumption].
57 (all x all y all z (EqDim(x,y) -> (x < z -> y < z))) # label(non_clause).  [assumption].
58 (exists x (-ZEX(x) & (all y (y < x -> ZEX(y))))) # label(non_clause).  [assumption].
59 (all x all y (ZEX(x) & ZEX(y) -> x = y)) # label(non_clause).  [assumption].
60 (all x all y (ZEX(x) & -ZEX(y) -> x < y)) # label(non_clause).  [assumption].
61 (all x all y ((all z (Cont(z,x) <-> Cont(z,y))) -> x = y)) # label(non_clause).  [assumption].
62 (all x all y (PP(x,y) <-> P(x,y) & x != y)) # label(non_clause).  [assumption].
63 (all x all y (C(x,y) <-> (exists z (Cont(z,x) & Cont(z,y))))) # label(non_clause).  [assumption].
64 (exists x MinDim(x)) # label(non_clause).  [assumption].
65 (all x (-ZEX(x) <-> Cont(x,x))) # label(non_clause).  [assumption].
66 (all x all y (Cont(x,y) & Cont(y,x) -> x = y)) # label(non_clause).  [assumption].
67 (all x all y all z (Cont(x,y) & Cont(y,z) -> Cont(x,z))) # label(non_clause).  [assumption].
68 (all x all y (ZEX(x) -> -Cont(y,x) & -Cont(x,y))) # label(non_clause).  [assumption].
69 (all x all y (ZEX(x) & ZEX(y) -> x = y)) # label(non_clause).  [assumption].
70 (all x -(x < x)) # label(non_clause).  [assumption].
71 (all x all y (x < y -> -(y < x))) # label(non_clause).  [assumption].
72 (all x all y all z (x < y & y <= z -> x < z)) # label(non_clause).  [assumption].
73 (all x all y (ZEX(x) & ZEX(y) -> x = y)) # label(non_clause).  [assumption].
74 (all x all y (ZEX(x) & -ZEX(y) -> x < y)) # label(non_clause).  [assumption].
75 (all x all y (EqDim(x,y) <-> -(x < y) & -(y < x))) # label(non_clause).  [assumption].
76 (all x all y (x <= y <-> x < y | EqDim(x,y))) # label(non_clause).  [assumption].
77 (all x (MaxDim(x) <-> (all y y <= x))) # label(non_clause).  [assumption].
78 (all x (MinDim(x) <-> -ZEX(x) & (all y (y < x -> ZEX(y))))) # label(non_clause).  [assumption].
79 (all x all y (Covers(x,y) <-> y < x & (all z -(y < z & z < x)))) # label(non_clause).  [assumption].
80 (all x all y (TP(x,y) & EqDim(intersection(boundary(x),boundary(y)),boundary(y)) -> STP(x,y))) # label(non_clause) # label(goal).  [goal].

============================== end of process non-clausal formulas ===

============================== CLAUSES FOR SEARCH ====================

formulas(mace4_clauses).
-STP(x,y) | TP(x,y).
-STP(x,y) | Cont(f1(x,y),x).
-STP(x,y) | BCont(f1(x,y),y).
-STP(x,y) | Covers(y,f1(x,y)).
STP(x,y) | -TP(x,y) | -Cont(z,x) | -BCont(z,y) | -Covers(y,z).
-TP(x,y) | P(x,y).
-TP(x,y) | TCont(x,y).
TP(x,y) | -P(x,y) | -TCont(x,y).
-Cont(x,boundary(y)) | BCont(x,y).
Cont(x,boundary(y)) | -BCont(x,y).
-BCont(x,y) | -ZEX(x).
-BCont(x,y) | -P(z,x) | -Min(z) | BCont(z,y).
BCont(x,y) | ZEX(x) | P(f2(x,y),x).
BCont(x,y) | ZEX(x) | Min(f2(x,y)).
BCont(x,y) | ZEX(x) | -BCont(f2(x,y),y).
ZEX(difference(x,y)) | EqDim(x,difference(x,y)).
-(x < y) | difference(y,x) = y.
-(x <= y) | -Cont(z,x) | -(intersection(z,y) < z) | Cont(z,difference(x,y)).
-(x <= y) | -Cont(z,difference(x,y)) | Cont(z,x).
-(x <= y) | -P(z,difference(x,y)) | intersection(z,y) < z.
-ZEX(difference(x,y)) | ZEX(x) | Cont(x,y).
ZEX(difference(x,y)) | -ZEX(x).
ZEX(difference(x,y)) | -Cont(x,y).
ZEX(x) | P(f3(x),x).
ZEX(x) | Min(f3(x)).
-ICont(x,y) | Cont(x,y).
-ICont(x,y) | -Cont(z,x) | -BCont(z,y).
ICont(x,y) | -Cont(x,y) | Cont(f4(x,y),x).
ICont(x,y) | -Cont(x,y) | BCont(f4(x,y),y).
-TCont(x,y) | Cont(x,y).
-TCont(x,y) | Cont(f5(x,y),x).
-TCont(x,y) | BCont(f5(x,y),y).
TCont(x,y) | -Cont(x,y) | -Cont(z,x) | -BCont(z,y).
-Closed(x) | -BCont(y,x).
Closed(x) | BCont(f6(x),x).
-BCont(x,y) | Cont(x,y).
-BCont(x,y) | Inc(x,y).
-SC(x,y) | -Min(x) | -P(x,z) | -Cont(y,z) | -Cont(u,x) | -Cont(u,y) | BCont(u,x).
-SC(x,y) | -P(x,z) | -P(y,z) | -Cont(u,x) | -Cont(u,y) | -Covers(z,u) | -BCont(u,z).
-BCont(x,y) | -P(y,z) | P(f7(x,y,z),z) | BCont(x,z).
-BCont(x,y) | -P(y,z) | -PO(f7(x,y,z),y) | BCont(x,z).
-BCont(x,y) | -P(y,z) | P(f8(x,y,z),x) | BCont(x,z).
-BCont(x,y) | -P(y,z) | Cont(f8(x,y,z),f7(x,y,z)) | BCont(x,z).
-BCont(x,y) | -Cont(z,x) | BCont(z,y).
C(x,y) | ZEX(intersection(x,y)).
-C(x,y) | -ZEX(intersection(x,y)).
ZEX(intersection(x,y)) | Cont(intersection(x,y),x).
-Cont(x,y) | -Cont(x,z) | x <= intersection(y,z).
-Cont(x,y) | -Cont(x,z) | -EqDim(x,intersection(y,z)) | P(x,intersection(y,z)).
Cont(x,y) | -P(x,intersection(y,z)).
Cont(x,y) | -P(x,intersection(z,y)).
EqDim(x,intersection(y,z)) | -P(x,intersection(y,z)).
-Cont(x,y) | x < y | EqDim(x,y).
-P(x,y) | Cont(x,y).
-P(x,y) | EqDim(x,y).
P(x,y) | -Cont(x,y) | -EqDim(x,y).
-Max(x) | -ZEX(x).
-Max(x) | -PP(x,y).
Max(x) | ZEX(x) | PP(x,f9(x)).
-Min(x) | -ZEX(x).
-Min(x) | -PP(y,x).
Min(x) | ZEX(x) | PP(f10(x),x).
-PO(x,y) | P(f11(x,y),x).
-PO(x,y) | P(f11(x,y),y).
PO(x,y) | -P(z,x) | -P(z,y).
-Inc(x,y) | f12(x,y) < x | f13(x,y) < y.
-Inc(x,y) | f12(x,y) < x | Cont(f13(x,y),y).
-Inc(x,y) | f12(x,y) < x | P(f13(x,y),x).
-Inc(x,y) | Cont(f12(x,y),x) | f13(x,y) < y.
-Inc(x,y) | Cont(f12(x,y),x) | Cont(f13(x,y),y).
-Inc(x,y) | Cont(f12(x,y),x) | P(f13(x,y),x).
-Inc(x,y) | P(f12(x,y),y) | f13(x,y) < y.
-Inc(x,y) | P(f12(x,y),y) | Cont(f13(x,y),y).
-Inc(x,y) | P(f12(x,y),y) | P(f13(x,y),x).
Inc(x,y) | -(z < x) | -Cont(z,x) | -P(z,y).
Inc(x,y) | -(z < y) | -Cont(z,y) | -P(z,x).
-SC(x,y) | Cont(f14(x,y),x).
-SC(x,y) | Cont(f14(x,y),y).
-SC(x,y) | -Cont(z,x) | -Cont(z,y) | z < x.
-SC(x,y) | -Cont(z,x) | -Cont(z,y) | z < y.
SC(x,y) | -Cont(z,x) | -Cont(z,y) | Cont(f15(x,y),x).
SC(x,y) | -Cont(z,x) | -Cont(z,y) | Cont(f15(x,y),y).
SC(x,y) | -Cont(z,x) | -Cont(z,y) | -(f15(x,y) < x) | -(f15(x,y) < y).
ZEX(x) | PO(x,x).
-PO(x,y) | PO(y,x).
-PO(x,y) | EqDim(x,y).
-Inc(x,x).
-Inc(x,y) | Inc(y,x).
-EqDim(x,y) | -Inc(x,y).
-Inc(x,y) | x < y | y < x.
-Cont(x,y) | -(x < y) | Inc(x,y).
-Inc(x,y) | -P(y,z) | Inc(x,z).
-SC(x,y) | C(x,y).
-SC(x,y) | -Cont(z,x) | -P(z,y).
-SC(x,y) | -P(z,x) | -Cont(z,y).
-C(x,y) | Cont(f16(x,y),x) | SC(x,y).
-C(x,y) | Cont(f16(x,y),y) | SC(x,y).
-C(x,y) | P(f16(x,y),x) | P(f16(x,y),y) | SC(x,y).
-SC(x,x).
-SC(x,y) | SC(y,x).
-SC(x,y) | f17(x,y) < x.
-SC(x,y) | f17(x,y) < y.
-SC(x,y) | Cont(f17(x,y),x).
-SC(x,y) | Cont(f17(x,y),y).
-Cont(x,y) | x < y | EqDim(x,y).
ZEX(c1).
-(x < x).
-(x < y) | -(y < x).
-(x < y) | -(y < z) | x < z.
EqDim(x,x).
-EqDim(x,y) | EqDim(y,x).
-EqDim(x,y) | -EqDim(y,z) | EqDim(x,z).
-(x < y) | -EqDim(x,y).
-EqDim(x,y) | -(z < x) | z < y.
-EqDim(x,y) | -(x < z) | y < z.
-ZEX(c2).
-(x < c2) | ZEX(x).
-ZEX(x) | -ZEX(y) | y = x.
-ZEX(x) | ZEX(y) | x < y.
Cont(f18(x,y),x) | Cont(f18(x,y),y) | y = x.
-Cont(f18(x,y),x) | -Cont(f18(x,y),y) | y = x.
-PP(x,y) | P(x,y).
-PP(x,y) | y != x.
PP(x,y) | -P(x,y) | y = x.
-C(x,y) | Cont(f19(x,y),x).
-C(x,y) | Cont(f19(x,y),y).
C(x,y) | -Cont(z,x) | -Cont(z,y).
MinDim(c3).
ZEX(x) | Cont(x,x).
-ZEX(x) | -Cont(x,x).
-Cont(x,y) | -Cont(y,x) | y = x.
-Cont(x,y) | -Cont(y,z) | Cont(x,z).
-ZEX(x) | -Cont(y,x).
-ZEX(x) | -Cont(x,y).
-ZEX(x) | -ZEX(y) | y = x.
-(x < x).
-(x < y) | -(y < x).
-(x < y) | -(y <= z) | x < z.
-ZEX(x) | -ZEX(y) | y = x.
-ZEX(x) | ZEX(y) | x < y.
-EqDim(x,y) | -(x < y).
-EqDim(x,y) | -(y < x).
EqDim(x,y) | x < y | y < x.
-(x <= y) | x < y | EqDim(x,y).
x <= y | -(x < y).
x <= y | -EqDim(x,y).
-MaxDim(x) | y <= x.
MaxDim(x) | -(f20(x) <= x).
-MinDim(x) | -ZEX(x).
-MinDim(x) | -(y < x) | ZEX(y).
MinDim(x) | ZEX(x) | f21(x) < x.
MinDim(x) | ZEX(x) | -ZEX(f21(x)).
-Covers(x,y) | y < x.
-Covers(x,y) | -(y < z) | -(z < x).
Covers(x,y) | -(y < x) | y < f22(x,y).
Covers(x,y) | -(y < x) | f22(x,y) < x.
TP(c4,c5).
EqDim(intersection(boundary(c4),boundary(c5)),boundary(c5)).
-STP(c4,c5).
end_of_list.

============================== end of clauses for search =============

% There are no natural numbers in the input.

============================== DOMAIN SIZE 2 =========================

============================== STATISTICS ============================

For domain size 2.

Current CPU time: 0.00 seconds (total CPU time: 0.01 seconds).
Ground clauses: seen=746, kept=652.
Selections=2, assignments=3, propagations=90, current_models=0.
Rewrite_terms=187, rewrite_bools=875, indexes=24.
Rules_from_neg_clauses=23, cross_offs=23.

============================== end of statistics =====================

============================== DOMAIN SIZE 3 =========================

============================== STATISTICS ============================

For domain size 3.

Current CPU time: 0.00 seconds (total CPU time: 0.02 seconds).
Ground clauses: seen=2055, kept=1881.
Selections=31, assignments=90, propagations=775, current_models=0.
Rewrite_terms=2495, rewrite_bools=6754, indexes=177.
Rules_from_neg_clauses=243, cross_offs=420.

============================== end of statistics =====================

============================== DOMAIN SIZE 4 =========================

============================== MODEL =================================

interpretation( 4, [number=1, seconds=0], [

        function(c1, [ 0 ]),

        function(c2, [ 1 ]),

        function(c3, [ 1 ]),

        function(c4, [ 2 ]),

        function(c5, [ 2 ]),

        function(boundary(_), [ 0, 0, 1, 0 ]),

        function(f3(_), [ 0, 1, 2, 3 ]),

        function(f6(_), [ 0, 0, 1, 0 ]),

        function(f9(_), [ 0, 0, 0, 0 ]),

        function(f10(_), [ 0, 0, 0, 0 ]),

        function(f20(_), [ 1, 2, 0, 2 ]),

        function(f21(_), [ 0, 0, 1, 1 ]),

        function(difference(_,_), [
			   0, 0, 0, 0,
			   1, 0, 0, 0,
			   2, 2, 0, 2,
			   3, 3, 0, 0 ]),

        function(intersection(_,_), [
			   0, 0, 0, 0,
			   0, 1, 1, 1,
			   0, 1, 2, 3,
			   0, 1, 3, 3 ]),

        function(f1(_,_), [
			   0, 0, 0, 0,
			   0, 0, 0, 0,
			   0, 0, 0, 0,
			   0, 0, 0, 0 ]),

        function(f2(_,_), [
			   0, 0, 0, 0,
			   1, 1, 0, 1,
			   2, 2, 2, 2,
			   3, 3, 3, 3 ]),

        function(f4(_,_), [
			   0, 0, 0, 0,
			   0, 0, 1, 0,
			   0, 0, 1, 0,
			   0, 0, 1, 0 ]),

        function(f5(_,_), [
			   0, 0, 0, 0,
			   0, 0, 1, 0,
			   0, 0, 1, 0,
			   0, 0, 1, 0 ]),

        function(f11(_,_), [
			   0, 0, 0, 0,
			   0, 1, 0, 0,
			   0, 0, 2, 0,
			   0, 0, 0, 3 ]),

        function(f12(_,_), [
			   0, 0, 0, 0,
			   0, 0, 0, 0,
			   0, 1, 0, 3,
			   0, 1, 0, 0 ]),

        function(f13(_,_), [
			   0, 0, 0, 0,
			   0, 0, 1, 1,
			   0, 0, 0, 0,
			   0, 0, 3, 0 ]),

        function(f14(_,_), [
			   0, 0, 0, 0,
			   0, 0, 0, 0,
			   0, 0, 0, 0,
			   0, 0, 0, 0 ]),

        function(f15(_,_), [
			   0, 0, 0, 0,
			   0, 1, 1, 1,
			   0, 1, 2, 3,
			   0, 1, 3, 3 ]),

        function(f16(_,_), [
			   0, 0, 0, 0,
			   0, 1, 1, 1,
			   0, 1, 2, 3,
			   0, 1, 3, 3 ]),

        function(f17(_,_), [
			   0, 0, 0, 0,
			   0, 0, 0, 0,
			   0, 0, 0, 0,
			   0, 0, 0, 0 ]),

        function(f18(_,_), [
			   0, 1, 1, 1,
			   1, 0, 2, 3,
			   1, 2, 0, 2,
			   1, 3, 2, 0 ]),

        function(f19(_,_), [
			   0, 0, 0, 0,
			   0, 1, 1, 1,
			   0, 1, 1, 1,
			   0, 1, 1, 1 ]),

        function(f22(_,_), [
			   0, 0, 0, 0,
			   0, 0, 0, 0,
			   1, 3, 0, 0,
			   1, 0, 0, 0 ]),

        function(f7(_,_,_), [
			   0, 0, 0, 0,
			   0, 0, 0, 0,
			   0, 0, 0, 0,
			   0, 0, 0, 0,
			   0, 0, 0, 0,
			   0, 0, 0, 0,
			   0, 0, 0, 0,
			   0, 0, 0, 0,
			   0, 0, 0, 0,
			   0, 0, 0, 0,
			   0, 0, 0, 0,
			   0, 0, 0, 0,
			   0, 0, 0, 0,
			   0, 0, 0, 0,
			   0, 0, 0, 0,
			   0, 0, 0, 0 ]),

        function(f8(_,_,_), [
			   0, 0, 0, 0,
			   0, 0, 0, 0,
			   0, 0, 0, 0,
			   0, 0, 0, 0,
			   0, 0, 0, 0,
			   0, 0, 0, 0,
			   0, 0, 0, 0,
			   0, 0, 0, 0,
			   0, 0, 0, 0,
			   0, 0, 0, 0,
			   0, 0, 0, 0,
			   0, 0, 0, 0,
			   0, 0, 0, 0,
			   0, 0, 0, 0,
			   0, 0, 0, 0,
			   0, 0, 0, 0 ]),

        relation(Closed(_), [ 1, 1, 0, 1 ]),

        relation(Max(_), [ 0, 1, 1, 1 ]),

        relation(MaxDim(_), [ 0, 0, 1, 0 ]),

        relation(Min(_), [ 0, 1, 1, 1 ]),

        relation(MinDim(_), [ 0, 1, 0, 0 ]),

        relation(ZEX(_), [ 1, 0, 0, 0 ]),

        relation(<(_,_), [
			   0, 1, 1, 1,
			   0, 0, 1, 1,
			   0, 0, 0, 0,
			   0, 0, 1, 0 ]),

        relation(<=(_,_), [
			   1, 1, 1, 1,
			   0, 1, 1, 1,
			   0, 0, 1, 0,
			   0, 0, 1, 1 ]),

        relation(BCont(_,_), [
			   0, 0, 0, 0,
			   0, 0, 1, 0,
			   0, 0, 0, 0,
			   0, 0, 0, 0 ]),

        relation(C(_,_), [
			   0, 0, 0, 0,
			   0, 1, 1, 1,
			   0, 1, 1, 1,
			   0, 1, 1, 1 ]),

        relation(Cont(_,_), [
			   0, 0, 0, 0,
			   0, 1, 1, 1,
			   0, 0, 1, 0,
			   0, 0, 1, 1 ]),

        relation(Covers(_,_), [
			   0, 0, 0, 0,
			   1, 0, 0, 0,
			   0, 0, 0, 1,
			   0, 1, 0, 0 ]),

        relation(EqDim(_,_), [
			   1, 0, 0, 0,
			   0, 1, 0, 0,
			   0, 0, 1, 0,
			   0, 0, 0, 1 ]),

        relation(ICont(_,_), [
			   0, 0, 0, 0,
			   0, 1, 0, 1,
			   0, 0, 0, 0,
			   0, 0, 0, 1 ]),

        relation(Inc(_,_), [
			   0, 0, 0, 0,
			   0, 0, 1, 1,
			   0, 1, 0, 1,
			   0, 1, 1, 0 ]),

        relation(P(_,_), [
			   0, 0, 0, 0,
			   0, 1, 0, 0,
			   0, 0, 1, 0,
			   0, 0, 0, 1 ]),

        relation(PO(_,_), [
			   0, 0, 0, 0,
			   0, 1, 0, 0,
			   0, 0, 1, 0,
			   0, 0, 0, 1 ]),

        relation(PP(_,_), [
			   0, 0, 0, 0,
			   0, 0, 0, 0,
			   0, 0, 0, 0,
			   0, 0, 0, 0 ]),

        relation(SC(_,_), [
			   0, 0, 0, 0,
			   0, 0, 0, 0,
			   0, 0, 0, 0,
			   0, 0, 0, 0 ]),

        relation(STP(_,_), [
			   0, 0, 0, 0,
			   0, 0, 0, 0,
			   0, 0, 0, 0,
			   0, 0, 0, 0 ]),

        relation(TCont(_,_), [
			   0, 0, 0, 0,
			   0, 0, 1, 0,
			   0, 0, 1, 0,
			   0, 0, 1, 0 ]),

        relation(TP(_,_), [
			   0, 0, 0, 0,
			   0, 0, 0, 0,
			   0, 0, 1, 0,
			   0, 0, 0, 0 ])
]).

============================== end of model ==========================

============================== STATISTICS ============================

For domain size 4.

Current CPU time: 0.00 seconds (total CPU time: 0.03 seconds).
Ground clauses: seen=4422, kept=4146.
Selections=342, assignments=402, propagations=495, current_models=1.
Rewrite_terms=3096, rewrite_bools=8135, indexes=117.
Rules_from_neg_clauses=122, cross_offs=404.

============================== end of statistics =====================

User_CPU=0.03, System_CPU=0.01, Wall_clock=0.

Exiting with 1 model.

Process 17252 exit (max_models) Tue Oct 23 21:40:57 2012
The process finished Tue Oct 23 21:40:57 2012
