============================== Prover9 ===============================
Prover9 (64) version 2009-11A, November 2009.
Process 16971 was started by torsten on stl-ws2,
Tue Oct 23 21:39:54 2012
The command was "prover9 -t 600 -f codib/conversions/codib.p9 codib/definitions/input/icont.p9 codib/definitions/input/tcont.p9 codib/definitions/input/closed.p9 codib/conversions/codi_bcont.p9 codi/conversions/codi.p9 codi/definitions/input/min_max_in_dim.p9 codi/definitions/input/po.p9 codi/definitions/input/inc.p9 codi/definitions/input/sc.p9 codi/theorems/input/po_theorems.p9 codi/theorems/input/inc_theorems.p9 codi/theorems/input/sc_theorems.p9 codi/conversions/codi_linear.p9 cont/conversions/cont_c.p9 codi/definitions/input/ep.p9 codi/definitions/input/epp.p9 codi/conversions/codi_basic.p9 dim/conversions/dim_prime_linear.p9 cont/conversions/cont_basic.p9 dim/conversions/dim_basic.p9 cont/conversions/cont_ext.p9 dim/conversions/dim_prime_linear_unbounded.p9 codib/theorems/input/options.txt codib/theorems/input/codib_icont_tcont_theorems_1.p9".
============================== end of head ===========================

============================== INPUT =================================

% Reading from file codib/conversions/codib.p9


formulas(sos).
end_of_list.

% Reading from file codib/definitions/input/icont.p9


formulas(sos).
(all x all y (ICont(x,y) <-> Cont(x,y) & (all z (Cont(z,x) -> -BCont(z,y))))).
end_of_list.

% Reading from file codib/definitions/input/tcont.p9


formulas(sos).
(all x all y (TCont(x,y) <-> Cont(x,y) & (exists z (Cont(z,x) & BCont(z,y))))).
end_of_list.

% Reading from file codib/definitions/input/closed.p9


formulas(sos).
(all x (Closed(x) <-> (all y -BCont(y,x)))).
end_of_list.

% Reading from file codib/conversions/codi_bcont.p9


formulas(sos).
(all x all y (BCont(x,y) -> Cont(x,y) & Inc(x,y))).
(all x all y all v all z (SC(x,y) & Min(x) & P(x,v) & Cont(y,v) & Cont(z,x) & Cont(z,y) -> BCont(z,x))).
(all x all y all z all v (SC(x,y) & P(x,v) & P(y,v) & Cont(z,x) & Cont(z,y) & Covers(v,z) -> -BCont(z,v))).
(all x all y all z (BCont(x,y) & P(y,z) & (all v all w (P(v,z) & -PO(v,y) & P(w,x) -> -Cont(w,v))) -> BCont(x,z))).
(all x all y all z (BCont(x,y) & Cont(z,x) -> BCont(z,y))).
end_of_list.

% Reading from file codi/conversions/codi.p9


formulas(sos).
end_of_list.

% Reading from file codi/definitions/input/min_max_in_dim.p9


formulas(sos).
(all x (Max(x) <-> -ZEX(x) & (all y -PP(x,y)))).
(all x (Min(x) <-> -ZEX(x) & (all y -PP(y,x)))).
end_of_list.

% Reading from file codi/definitions/input/po.p9


formulas(sos).
(all x all y (PO(x,y) <-> (exists z (P(z,x) & P(z,y))))).
end_of_list.

% Reading from file codi/definitions/input/inc.p9


formulas(sos).
(all x all y (Inc(x,y) <-> (exists z (z < x & Cont(z,x) & P(z,y))) | (exists z (z < y & Cont(z,y) & P(z,x))))).
end_of_list.

% Reading from file codi/definitions/input/sc.p9


formulas(sos).
(all x all y (SC(x,y) <-> (exists z (Cont(z,x) & Cont(z,y))) & (all z (Cont(z,x) & Cont(z,y) -> z < x & z < y)))).
end_of_list.

% Reading from file codi/theorems/input/po_theorems.p9


formulas(sos).
(all x (-ZEX(x) -> PO(x,x))).
(all x all y (PO(x,y) -> PO(y,x))).
(all x all y (PO(x,y) -> EqDim(x,y))).
end_of_list.

% Reading from file codi/theorems/input/inc_theorems.p9


formulas(sos).
(all x -Inc(x,x)).
(all x all y (Inc(x,y) -> Inc(y,x))).
(all x all y (EqDim(x,y) -> -Inc(x,y))).
(all x all y (Inc(x,y) -> x < y | y < x)).
(all x all y (Cont(x,y) & x < y -> Inc(x,y))).
(all x all y all z (Inc(x,y) & P(y,z) -> Inc(x,z))).
end_of_list.

% Reading from file codi/theorems/input/sc_theorems.p9


formulas(sos).
(all x all y (SC(x,y) -> C(x,y))).
(all x all y (SC(x,y) -> -(exists z (Cont(z,x) & P(z,y))))).
(all x all y (SC(x,y) -> -(exists z (P(z,x) & Cont(z,y))))).
(all x all y (C(x,y) & (all z (-Cont(z,x) | -Cont(z,y) | -P(z,x) & -P(z,y))) -> SC(x,y))).
(all x -SC(x,x)).
(all x all y (SC(x,y) -> SC(y,x))).
(all x all y (SC(x,y) -> (exists z (z < x & z < y & Cont(z,x) & Cont(z,y))))).
end_of_list.

% Reading from file codi/conversions/codi_linear.p9


formulas(sos).
(all x all y (Cont(x,y) -> x < y | EqDim(x,y))).
end_of_list.

% Reading from file cont/conversions/cont_c.p9


formulas(sos).
(all x all y (C(x,y) <-> (exists z (Cont(z,x) & Cont(z,y))))).
end_of_list.

% Reading from file codi/definitions/input/ep.p9


formulas(sos).
(all x all y (P(x,y) <-> Cont(x,y) & EqDim(x,y))).
end_of_list.

% Reading from file codi/definitions/input/epp.p9


formulas(sos).
(all x all y (PP(x,y) <-> P(x,y) & x != y)).
end_of_list.

% Reading from file codi/conversions/codi_basic.p9


formulas(sos).
(all x all y (Cont(x,y) -> x < y | EqDim(x,y))).
end_of_list.

% Reading from file dim/conversions/dim_prime_linear.p9


formulas(sos).
(exists x MinDim(x)).
end_of_list.

% Reading from file cont/conversions/cont_basic.p9


formulas(sos).
(all x (-ZEX(x) <-> Cont(x,x))).
(all x all y (Cont(x,y) & Cont(y,x) -> x = y)).
(all x all y all z (Cont(x,y) & Cont(y,z) -> Cont(x,z))).
(all x all y (ZEX(x) -> -Cont(y,x) & -Cont(x,y))).
(all x all y (ZEX(x) & ZEX(y) -> x = y)).
end_of_list.

% Reading from file dim/conversions/dim_basic.p9


formulas(sos).
(all x -(x < x)).
(all x all y (x < y -> -(y < x))).
(all x all y all z (x < y & y < z -> x < z)).
(all x EqDim(x,x)).
(all x all y (EqDim(x,y) -> EqDim(y,x))).
(all x all y all z (EqDim(x,y) & EqDim(y,z) -> EqDim(x,z))).
(all x all y (x < y -> -EqDim(x,y))).
(all x all y all z (EqDim(x,y) -> (z < x -> z < y))).
(all x all y all z (EqDim(x,y) -> (x < z -> y < z))).
(exists x (-ZEX(x) & (all y (y < x -> ZEX(y))))).
(all x all y (ZEX(x) & ZEX(y) -> x = y)).
(all x all y (ZEX(x) & -ZEX(y) -> x < y)).
end_of_list.

% Reading from file cont/conversions/cont_ext.p9


formulas(sos).
(all x all y ((all z (Cont(z,x) <-> Cont(z,y))) -> x = y)).
end_of_list.

% Reading from file dim/conversions/dim_prime_linear_unbounded.p9


formulas(sos).
(all x -(x < x)).
(all x all y (x < y -> -(y < x))).
(all x all y all z (x < y & y <= z -> x < z)).
(all x all y (ZEX(x) & ZEX(y) -> x = y)).
(all x all y (ZEX(x) & -ZEX(y) -> x < y)).
(all x all y (EqDim(x,y) <-> -(x < y) & -(y < x))).
(all x all y (x <= y <-> x < y | EqDim(x,y))).
(all x (MaxDim(x) <-> (all y y <= x))).
(all x (MinDim(x) <-> -ZEX(x) & (all y (y < x -> ZEX(y))))).
(all x all y (Covers(x,y) <-> y < x & (all z -(y < z & z < x)))).
end_of_list.

% Reading from file codib/theorems/input/options.txt

clear(auto_denials).
clear(print_initial_clauses).
clear(print_kept).
clear(print_given).

% Reading from file codib/theorems/input/codib_icont_tcont_theorems_1.p9


formulas(goals).
(all x all y (-ICont(x,y) | -TCont(x,y))).
end_of_list.

============================== end of input ==========================

% From the command line: assign(max_seconds, 600).

============================== PROCESS NON-CLAUSAL FORMULAS ==========

% Formulas that are not ordinary clauses:
1 (all x all y (ICont(x,y) <-> Cont(x,y) & (all z (Cont(z,x) -> -BCont(z,y))))) # label(non_clause).  [assumption].
2 (all x all y (TCont(x,y) <-> Cont(x,y) & (exists z (Cont(z,x) & BCont(z,y))))) # label(non_clause).  [assumption].
3 (all x (Closed(x) <-> (all y -BCont(y,x)))) # label(non_clause).  [assumption].
4 (all x all y (BCont(x,y) -> Cont(x,y) & Inc(x,y))) # label(non_clause).  [assumption].
5 (all x all y all v all z (SC(x,y) & Min(x) & P(x,v) & Cont(y,v) & Cont(z,x) & Cont(z,y) -> BCont(z,x))) # label(non_clause).  [assumption].
6 (all x all y all z all v (SC(x,y) & P(x,v) & P(y,v) & Cont(z,x) & Cont(z,y) & Covers(v,z) -> -BCont(z,v))) # label(non_clause).  [assumption].
7 (all x all y all z (BCont(x,y) & P(y,z) & (all v all w (P(v,z) & -PO(v,y) & P(w,x) -> -Cont(w,v))) -> BCont(x,z))) # label(non_clause).  [assumption].
8 (all x all y all z (BCont(x,y) & Cont(z,x) -> BCont(z,y))) # label(non_clause).  [assumption].
9 (all x (Max(x) <-> -ZEX(x) & (all y -PP(x,y)))) # label(non_clause).  [assumption].
10 (all x (Min(x) <-> -ZEX(x) & (all y -PP(y,x)))) # label(non_clause).  [assumption].
11 (all x all y (PO(x,y) <-> (exists z (P(z,x) & P(z,y))))) # label(non_clause).  [assumption].
12 (all x all y (Inc(x,y) <-> (exists z (z < x & Cont(z,x) & P(z,y))) | (exists z (z < y & Cont(z,y) & P(z,x))))) # label(non_clause).  [assumption].
13 (all x all y (SC(x,y) <-> (exists z (Cont(z,x) & Cont(z,y))) & (all z (Cont(z,x) & Cont(z,y) -> z < x & z < y)))) # label(non_clause).  [assumption].
14 (all x (-ZEX(x) -> PO(x,x))) # label(non_clause).  [assumption].
15 (all x all y (PO(x,y) -> PO(y,x))) # label(non_clause).  [assumption].
16 (all x all y (PO(x,y) -> EqDim(x,y))) # label(non_clause).  [assumption].
17 (all x -Inc(x,x)) # label(non_clause).  [assumption].
18 (all x all y (Inc(x,y) -> Inc(y,x))) # label(non_clause).  [assumption].
19 (all x all y (EqDim(x,y) -> -Inc(x,y))) # label(non_clause).  [assumption].
20 (all x all y (Inc(x,y) -> x < y | y < x)) # label(non_clause).  [assumption].
21 (all x all y (Cont(x,y) & x < y -> Inc(x,y))) # label(non_clause).  [assumption].
22 (all x all y all z (Inc(x,y) & P(y,z) -> Inc(x,z))) # label(non_clause).  [assumption].
23 (all x all y (SC(x,y) -> C(x,y))) # label(non_clause).  [assumption].
24 (all x all y (SC(x,y) -> -(exists z (Cont(z,x) & P(z,y))))) # label(non_clause).  [assumption].
25 (all x all y (SC(x,y) -> -(exists z (P(z,x) & Cont(z,y))))) # label(non_clause).  [assumption].
26 (all x all y (C(x,y) & (all z (-Cont(z,x) | -Cont(z,y) | -P(z,x) & -P(z,y))) -> SC(x,y))) # label(non_clause).  [assumption].
27 (all x -SC(x,x)) # label(non_clause).  [assumption].
28 (all x all y (SC(x,y) -> SC(y,x))) # label(non_clause).  [assumption].
29 (all x all y (SC(x,y) -> (exists z (z < x & z < y & Cont(z,x) & Cont(z,y))))) # label(non_clause).  [assumption].
30 (all x all y (Cont(x,y) -> x < y | EqDim(x,y))) # label(non_clause).  [assumption].
31 (all x all y (C(x,y) <-> (exists z (Cont(z,x) & Cont(z,y))))) # label(non_clause).  [assumption].
32 (all x all y (P(x,y) <-> Cont(x,y) & EqDim(x,y))) # label(non_clause).  [assumption].
33 (all x all y (PP(x,y) <-> P(x,y) & x != y)) # label(non_clause).  [assumption].
34 (all x all y (Cont(x,y) -> x < y | EqDim(x,y))) # label(non_clause).  [assumption].
35 (exists x MinDim(x)) # label(non_clause).  [assumption].
36 (all x (-ZEX(x) <-> Cont(x,x))) # label(non_clause).  [assumption].
37 (all x all y (Cont(x,y) & Cont(y,x) -> x = y)) # label(non_clause).  [assumption].
38 (all x all y all z (Cont(x,y) & Cont(y,z) -> Cont(x,z))) # label(non_clause).  [assumption].
39 (all x all y (ZEX(x) -> -Cont(y,x) & -Cont(x,y))) # label(non_clause).  [assumption].
40 (all x all y (ZEX(x) & ZEX(y) -> x = y)) # label(non_clause).  [assumption].
41 (all x -(x < x)) # label(non_clause).  [assumption].
42 (all x all y (x < y -> -(y < x))) # label(non_clause).  [assumption].
43 (all x all y all z (x < y & y < z -> x < z)) # label(non_clause).  [assumption].
44 (all x EqDim(x,x)) # label(non_clause).  [assumption].
45 (all x all y (EqDim(x,y) -> EqDim(y,x))) # label(non_clause).  [assumption].
46 (all x all y all z (EqDim(x,y) & EqDim(y,z) -> EqDim(x,z))) # label(non_clause).  [assumption].
47 (all x all y (x < y -> -EqDim(x,y))) # label(non_clause).  [assumption].
48 (all x all y all z (EqDim(x,y) -> (z < x -> z < y))) # label(non_clause).  [assumption].
49 (all x all y all z (EqDim(x,y) -> (x < z -> y < z))) # label(non_clause).  [assumption].
50 (exists x (-ZEX(x) & (all y (y < x -> ZEX(y))))) # label(non_clause).  [assumption].
51 (all x all y (ZEX(x) & ZEX(y) -> x = y)) # label(non_clause).  [assumption].
52 (all x all y (ZEX(x) & -ZEX(y) -> x < y)) # label(non_clause).  [assumption].
53 (all x all y ((all z (Cont(z,x) <-> Cont(z,y))) -> x = y)) # label(non_clause).  [assumption].
54 (all x -(x < x)) # label(non_clause).  [assumption].
55 (all x all y (x < y -> -(y < x))) # label(non_clause).  [assumption].
56 (all x all y all z (x < y & y <= z -> x < z)) # label(non_clause).  [assumption].
57 (all x all y (ZEX(x) & ZEX(y) -> x = y)) # label(non_clause).  [assumption].
58 (all x all y (ZEX(x) & -ZEX(y) -> x < y)) # label(non_clause).  [assumption].
59 (all x all y (EqDim(x,y) <-> -(x < y) & -(y < x))) # label(non_clause).  [assumption].
60 (all x all y (x <= y <-> x < y | EqDim(x,y))) # label(non_clause).  [assumption].
61 (all x (MaxDim(x) <-> (all y y <= x))) # label(non_clause).  [assumption].
62 (all x (MinDim(x) <-> -ZEX(x) & (all y (y < x -> ZEX(y))))) # label(non_clause).  [assumption].
63 (all x all y (Covers(x,y) <-> y < x & (all z -(y < z & z < x)))) # label(non_clause).  [assumption].
64 (all x all y (-ICont(x,y) | -TCont(x,y))) # label(non_clause) # label(goal).  [goal].

============================== end of process non-clausal formulas ===

============================== PROCESS INITIAL CLAUSES ===============

============================== PREDICATE ELIMINATION =================

Eliminating ICont/2
65 ICont(x,y) | -Cont(x,y) | Cont(f1(x,y),x).  [clausify(1)].
66 -ICont(x,y) | Cont(x,y).  [clausify(1)].
67 -ICont(x,y) | -Cont(z,x) | -BCont(z,y).  [clausify(1)].
Derived: -Cont(x,y) | Cont(f1(x,y),x) | -Cont(z,x) | -BCont(z,y).  [resolve(65,a,67,a)].
68 ICont(x,y) | -Cont(x,y) | BCont(f1(x,y),y).  [clausify(1)].
Derived: -Cont(x,y) | BCont(f1(x,y),y) | -Cont(z,x) | -BCont(z,y).  [resolve(68,a,67,a)].
69 ICont(c3,c4).  [deny(64)].
Derived: Cont(c3,c4).  [resolve(69,a,66,a)].
Derived: -Cont(x,c3) | -BCont(x,c4).  [resolve(69,a,67,a)].

Eliminating TCont/2
70 TCont(x,y) | -Cont(x,y) | -Cont(z,x) | -BCont(z,y).  [clausify(2)].
71 -TCont(x,y) | Cont(x,y).  [clausify(2)].
72 -TCont(x,y) | Cont(f2(x,y),x).  [clausify(2)].
73 -TCont(x,y) | BCont(f2(x,y),y).  [clausify(2)].
Derived: -Cont(x,y) | -Cont(z,x) | -BCont(z,y) | Cont(f2(x,y),x).  [resolve(70,a,72,a)].
Derived: -Cont(x,y) | -Cont(z,x) | -BCont(z,y) | BCont(f2(x,y),y).  [resolve(70,a,73,a)].
74 TCont(c3,c4).  [deny(64)].
Derived: Cont(f2(c3,c4),c3).  [resolve(74,a,72,a)].
Derived: BCont(f2(c3,c4),c4).  [resolve(74,a,73,a)].

Eliminating Closed/1
75 Closed(x) | BCont(f3(x),x).  [clausify(3)].
76 -Closed(x) | -BCont(y,x).  [clausify(3)].
Derived: BCont(f3(x),x) | -BCont(y,x).  [resolve(75,a,76,a)].

Eliminating Min/1
77 Min(x) | ZEX(x) | PP(f7(x),x).  [clausify(10)].
78 -SC(x,y) | -Min(x) | -P(x,z) | -Cont(y,z) | -Cont(u,x) | -Cont(u,y) | BCont(u,x).  [clausify(5)].
79 -Min(x) | -ZEX(x).  [clausify(10)].
80 -Min(x) | -PP(y,x).  [clausify(10)].
Derived: ZEX(x) | PP(f7(x),x) | -SC(x,y) | -P(x,z) | -Cont(y,z) | -Cont(u,x) | -Cont(u,y) | BCont(u,x).  [resolve(77,a,78,b)].
Derived: ZEX(x) | PP(f7(x),x) | -PP(y,x).  [resolve(77,a,80,a)].

Eliminating Covers/2
81 Covers(x,y) | -(y < x) | y < f19(x,y).  [clausify(63)].
82 -SC(x,y) | -P(x,z) | -P(y,z) | -Cont(u,x) | -Cont(u,y) | -Covers(z,u) | -BCont(u,z).  [clausify(6)].
83 -Covers(x,y) | y < x.  [clausify(63)].
84 -Covers(x,y) | -(y < z) | -(z < x).  [clausify(63)].
Derived: -(x < y) | x < f19(y,x) | -SC(z,u) | -P(z,y) | -P(u,y) | -Cont(x,z) | -Cont(x,u) | -BCont(x,y).  [resolve(81,a,82,f)].
Derived: -(x < y) | x < f19(y,x) | -(x < z) | -(z < y).  [resolve(81,a,84,a)].
85 Covers(x,y) | -(y < x) | f19(x,y) < x.  [clausify(63)].
Derived: -(x < y) | f19(y,x) < y | -SC(z,u) | -P(z,y) | -P(u,y) | -Cont(x,z) | -Cont(x,u) | -BCont(x,y).  [resolve(85,a,82,f)].
Derived: -(x < y) | f19(y,x) < y | -(x < z) | -(z < y).  [resolve(85,a,84,a)].

Eliminating Max/1
86 Max(x) | ZEX(x) | PP(x,f6(x)).  [clausify(9)].
87 -Max(x) | -ZEX(x).  [clausify(9)].
88 -Max(x) | -PP(x,y).  [clausify(9)].
Derived: ZEX(x) | PP(x,f6(x)) | -PP(x,y).  [resolve(86,a,88,a)].

Eliminating C/2
89 -C(x,y) | Cont(f13(x,y),x) | SC(x,y).  [clausify(26)].
90 -SC(x,y) | C(x,y).  [clausify(23)].
91 -C(x,y) | Cont(f13(x,y),y) | SC(x,y).  [clausify(26)].
92 -C(x,y) | P(f13(x,y),x) | P(f13(x,y),y) | SC(x,y).  [clausify(26)].
93 -C(x,y) | Cont(f15(x,y),x).  [clausify(31)].
Derived: Cont(f15(x,y),x) | -SC(x,y).  [resolve(93,a,90,b)].
94 -C(x,y) | Cont(f15(x,y),y).  [clausify(31)].
Derived: Cont(f15(x,y),y) | -SC(x,y).  [resolve(94,a,90,b)].
95 C(x,y) | -Cont(z,x) | -Cont(z,y).  [clausify(31)].
Derived: -Cont(x,y) | -Cont(x,z) | Cont(f13(y,z),y) | SC(y,z).  [resolve(95,a,89,a)].
Derived: -Cont(x,y) | -Cont(x,z) | Cont(f13(y,z),z) | SC(y,z).  [resolve(95,a,91,a)].
Derived: -Cont(x,y) | -Cont(x,z) | P(f13(y,z),y) | P(f13(y,z),z) | SC(y,z).  [resolve(95,a,92,a)].
Derived: -Cont(x,y) | -Cont(x,z) | Cont(f15(y,z),y).  [resolve(95,a,93,a)].
Derived: -Cont(x,y) | -Cont(x,z) | Cont(f15(y,z),z).  [resolve(95,a,94,a)].

Eliminating MinDim/1
96 -MinDim(x) | -ZEX(x).  [clausify(62)].
97 MinDim(c1).  [clausify(35)].
Derived: -ZEX(c1).  [resolve(96,a,97,a)].
98 -MinDim(x) | -(y < x) | ZEX(y).  [clausify(62)].
Derived: -(x < c1) | ZEX(x).  [resolve(98,a,97,a)].
99 MinDim(x) | ZEX(x) | f18(x) < x.  [clausify(62)].
Derived: ZEX(x) | f18(x) < x | -(y < x) | ZEX(y).  [resolve(99,a,98,a)].
100 MinDim(x) | ZEX(x) | -ZEX(f18(x)).  [clausify(62)].
Derived: ZEX(x) | -ZEX(f18(x)) | -(y < x) | ZEX(y).  [resolve(100,a,98,a)].

Eliminating MaxDim/1
101 MaxDim(x) | -(f17(x) <= x).  [clausify(61)].
102 -MaxDim(x) | y <= x.  [clausify(61)].
Derived: -(f17(x) <= x) | y <= x.  [resolve(101,a,102,a)].

============================== end predicate elimination =============

Term ordering decisions:
Predicate symbol precedence:  predicate_order([ =, ZEX, Cont, <, P, BCont, SC, Inc, EqDim, PO, PP, <= ]).
Function symbol precedence:  function_order([ c1, c2, c3, c4, f1, f2, f8, f9, f10, f11, f12, f13, f14, f15, f16, f19, f3, f6, f7, f17, f18, f4, f5 ]).
After inverse_order:  (no changes).
Unfolding symbols: (none).

Auto_inference settings:
  % set(paramodulation).  % (positive equality literals)
  % set(binary_resolution).  % (non-Horn)

Auto_process settings:
  % set(factor).  % (non-Horn)
  % set(unit_deletion).  % (non-Horn)

============================== end of process initial clauses ========

============================== CLAUSES FOR SEARCH ====================

============================== end of clauses for search =============

============================== SEARCH ================================

% Starting search at 0.03 seconds.

============================== PROOF =================================

% Proof 1 at 0.04 (+ 0.01) seconds.
% Length of proof is 12.
% Level of proof is 3.
% Maximum clause weight is 6.000.
% Given clauses 86.

1 (all x all y (ICont(x,y) <-> Cont(x,y) & (all z (Cont(z,x) -> -BCont(z,y))))) # label(non_clause).  [assumption].
2 (all x all y (TCont(x,y) <-> Cont(x,y) & (exists z (Cont(z,x) & BCont(z,y))))) # label(non_clause).  [assumption].
64 (all x all y (-ICont(x,y) | -TCont(x,y))) # label(non_clause) # label(goal).  [goal].
67 -ICont(x,y) | -Cont(z,x) | -BCont(z,y).  [clausify(1)].
69 ICont(c3,c4).  [deny(64)].
72 -TCont(x,y) | Cont(f2(x,y),x).  [clausify(2)].
73 -TCont(x,y) | BCont(f2(x,y),y).  [clausify(2)].
74 TCont(c3,c4).  [deny(64)].
185 -Cont(x,c3) | -BCont(x,c4).  [resolve(69,a,67,a)].
188 Cont(f2(c3,c4),c3).  [resolve(74,a,72,a)].
189 BCont(f2(c3,c4),c4).  [resolve(74,a,73,a)].
278 $F.  [resolve(189,a,185,b),unit_del(a,188)].

============================== end of proof ==========================

============================== STATISTICS ============================

Given=86. Generated=258. Kept=175. proofs=1.
Usable=86. Sos=86. Demods=0. Limbo=2, Disabled=153. Hints=0.
Kept_by_rule=0, Deleted_by_rule=0.
Forward_subsumed=82. Back_subsumed=1.
Sos_limit_deleted=0. Sos_displaced=0. Sos_removed=0.
New_demodulators=0 (0 lex), Back_demodulated=0. Back_unit_deleted=0.
Demod_attempts=0. Demod_rewrites=0.
Res_instance_prunes=0. Para_instance_prunes=0. Basic_paramod_prunes=0.
Nonunit_fsub_feature_tests=195. Nonunit_bsub_feature_tests=480.
Megabytes=0.66.
User_CPU=0.04, System_CPU=0.01, Wall_clock=0.

============================== end of statistics =====================

============================== end of search =========================

THEOREM PROVED

Exiting with 1 proof.

Process 16971 exit (max_proofs) Tue Oct 23 21:39:54 2012
