Hi Geoff, go and have some cold beer while I am trying to solve this very hard problem!
% remaining time: 1199 next slice time: 3
dis-4_5_bd=off:bs=off:ep=RST:fde=none:lcm=predicate:nwc=2.0:nicw=on:ptb=off:ssec=off:ss=included:st=5.0:sio=off:spl=backtracking:updr=off_1 on unknown
Time limit reached!
------------------------------
Version: Vampire 0.6 (revision 903)
Termination reason: Time limit
Termination phase: Saturation

Active clauses: 2099
Passive clauses: 22810
Generated clauses: 40392
Input formulas: 38
Initial clauses: 88

Selected by SInE selection: 38
SInE iterations: 1

Duplicate literals: 176
Fw subsumption resolutions: 1685

Simple tautologies: 100
Forward subsumptions: 14483

Binary resolution: 37037
Factoring: 95

Backtracking splits: 933
Backtracking splits refuted: 285
Backtracking splits refuted at zero level: 173

Memory used: 6524KB
Time elapsed: 0.400 s
------------------------------
% remaining time: 1195 next slice time: 13
dis-1010_2_bs=off:ep=on:nwc=1.5:sswn=on:sswsr=on:ss=included:st=1.5:sgo=on:sp=occurrence_9 on unknown
Time limit reached!
------------------------------
Version: Vampire 0.6 (revision 903)
Termination reason: Time limit
Termination phase: Saturation

Active clauses: 2302
Passive clauses: 26454
Generated clauses: 73776
Input formulas: 38
Initial clauses: 87

Selected by SInE selection: 38
SInE iterations: 1

Duplicate literals: 4691
Fw subsumption resolutions: 10694

Simple tautologies: 2384
Equational tautologies: 28
Forward subsumptions: 30324

Binary resolution: 42309
Factoring: 208
Forward superposition: 7190
Backward superposition: 8918

Unique components: 2

Memory used: 10746KB
Time elapsed: 1.400 s
------------------------------
% remaining time: 1181 next slice time: 32
lrs+11_14_bd=off:bs=off:bsr=on:cond=on:drc=off:fsr=off:fde=none:gsp=input_only:lcm=reverse:nwc=10:ptb=off:ssec=off:stl=60:sos=on:sgo=on:sio=off:spl=backtracking:sfv=off:sp=reverse_arity_23 on unknown
Time limit reached!
------------------------------
Version: Vampire 0.6 (revision 903)
Termination reason: Time limit
Termination phase: Saturation

Active clauses: 15295
Passive clauses: 56559
Generated clauses: 294514
Input formulas: 38
Initial clauses: 85

Duplicate literals: 668
Trivial inequalities: 12
Bw subsumption resolutions: 26145
Fw demodulations: 23815
Condensations: 645

Simple tautologies: 1893
Equational tautologies: 2068
Forward subsumptions: 201556

Binary resolution: 179327
Factoring: 32
Forward superposition: 15641
Backward superposition: 10155

Backtracking splits: 1994
Backtracking splits refuted: 1046
Backtracking splits refuted at zero level: 40

Memory used: 41065KB
Time elapsed: 3.300 s
------------------------------
% remaining time: 1148 next slice time: 95
dis+2_4_bs=off:ep=on:nwc=1.5:nicw=on:ptb=off:ssec=off:sac=on:sio=off:spl=backtracking_70 on unknown
Time limit reached!
------------------------------
Version: Vampire 0.6 (revision 903)
Termination reason: Time limit
Termination phase: Saturation

Active clauses: 6012
Passive clauses: 231402
Generated clauses: 692560
Input formulas: 38
Initial clauses: 87

Duplicate literals: 12251
Trivial inequalities: 228
Fw subsumption resolutions: 70510
Fw demodulations: 47035
Bw demodulations: 1033

Simple tautologies: 7502
Equational tautologies: 1129
Forward subsumptions: 329777
Bw demodulations to eq. taut.: 1

Binary resolution: 472087
Factoring: 115
Forward superposition: 28514
Backward superposition: 61784
Self superposition: 20
Equality factoring: 2
Equality resolution: 6

Backtracking splits: 62
Backtracking splits refuted: 28
Backtracking splits refuted at zero level: 10

Memory used: 121149KB
Time elapsed: 9.600 s
------------------------------
% remaining time: 1051 next slice time: 4
lrs-1003_12_bs=unit_only:bsr=on:bms=on:cond=fast:drc=off:ep=on:fde=none:lcm=predicate:nwc=10:nicw=on:ssec=off:stl=60:sgo=on:sio=off:spo=on:sfv=off:sp=occurrence:updr=off_2 on unknown
Time limit reached!
------------------------------
Version: Vampire 0.6 (revision 903)
Termination reason: Time limit
Termination phase: Saturation

Active clauses: 1345
Passive clauses: 5001
Generated clauses: 23486
Input formulas: 38
Initial clauses: 87
Reactivated clauses: 361

Duplicate literals: 82
Fw subsumption resolutions: 785
Bw subsumption resolutions: 3358
Fw demodulations: 1687
Bw demodulations: 12932
Condensations: 263

Simple tautologies: 257
Equational tautologies: 208
Forward subsumptions: 12351
Backward subsumptions: 6573
Bw demodulations to eq. taut.: 412
Subsumed empty clauses: 275
Subsumed by BDD marking: 467

Binary resolution: 16733
Factoring: 26
Forward superposition: 1385
Backward superposition: 2297
Self superposition: 3

Split clauses: 217
Split components: 441
Unique components: 3780
Introduced splitting names: 61
BDD propositional clauses: 329

Memory used: 9338KB
Time elapsed: 0.500 s
------------------------------
% remaining time: 1046 next slice time: 22
lrs+1010_50_bs=off:drc=off:flr=on:lcm=predicate:nwc=1.2:stl=60:sgo=on:sfv=off_16 on unknown
Time limit reached!
------------------------------
Version: Vampire 0.6 (revision 903)
Termination reason: Time limit
Termination phase: Saturation

Active clauses: 4099
Passive clauses: 12358
Generated clauses: 185008
Input formulas: 38
Initial clauses: 85

Duplicate literals: 27967
Fw subsumption resolutions: 18059
Fw literal rewrites: 6338

Simple tautologies: 7473
Equational tautologies: 11
Forward subsumptions: 114588

Binary resolution: 120140
Factoring: 25
Forward superposition: 3849
Backward superposition: 10986
Self superposition: 3
Equality resolution: 1

Unique components: 2

Memory used: 15095KB
Time elapsed: 2.300 s
------------------------------
% remaining time: 1023 next slice time: 41
dis-1010_5_bd=off:bs=off:cond=fast:ep=on:fde=none:lcm=predicate:nwc=1.3:nicw=on:ptb=off:ssec=off:sos=on:sac=on:sgo=on:sio=off:spl=backtracking:updr=off_30 on unknown
Time limit reached!
------------------------------
Version: Vampire 0.6 (revision 903)
Termination reason: Time limit
Termination phase: Saturation

Active clauses: 6678
Passive clauses: 101120
Generated clauses: 138810
Input formulas: 38
Initial clauses: 87

Duplicate literals: 29480
Fw subsumption resolutions: 1275

Simple tautologies: 22
Forward subsumptions: 7841

Binary resolution: 105861
Factoring: 1935
Forward superposition: 397

Backtracking splits: 22
Backtracking splits refuted: 4

Memory used: 66651KB
Time elapsed: 4.200 s
------------------------------
% remaining time: 981 next slice time: 237
lrs+1_2:1_bs=off:ep=on:gsp=input_only:lcm=predicate:nwc=1.1:nicw=on:ptb=off:ssec=off:stl=60:sos=on:sac=on:sgo=on:sio=off:spo=on:spl=backtracking:sp=occurrence:updr=off_175 on unknown
Time limit reached!
------------------------------
Version: Vampire 0.6 (revision 903)
Termination reason: Time limit
Termination phase: Saturation

Active clauses: 10745
Passive clauses: 93330
Generated clauses: 739411
Input formulas: 38
Initial clauses: 87
Discarded non-redundant clauses: 6452

Duplicate literals: 110455
Trivial inequalities: 16
Fw subsumption resolutions: 58616
Fw demodulations: 44168
Bw demodulations: 46525

Simple tautologies: 2117
Equational tautologies: 46
Forward subsumptions: 497553
Bw demodulations to eq. taut.: 2398

Binary resolution: 422732
Factoring: 380
Forward superposition: 60852
Backward superposition: 19803
Self superposition: 36
Equality factoring: 36
Equality resolution: 2

Backtracking splits: 479
Backtracking splits refuted: 155
Backtracking splits refuted at zero level: 7

Memory used: 123324KB
Time elapsed: 23.800 s
------------------------------
% remaining time: 743 next slice time: 311
lrs+11_40_bd=off:bs=unit_only:bsr=unit_only:drc=off:flr=on:lcm=predicate:nwc=1:ptb=off:ssec=off:stl=60:sac=on:spl=backtracking:sfv=off:updr=off_230 on unknown
Time limit reached!
------------------------------
Version: Vampire 0.6 (revision 903)
Termination reason: Time limit
Termination phase: Saturation

Active clauses: 15070
Passive clauses: 137830
Generated clauses: 1169347
Input formulas: 38
Initial clauses: 85
Discarded non-redundant clauses: 781819

Duplicate literals: 15446
Fw subsumption resolutions: 28585
Bw subsumption resolutions: 9
Fw demodulations: 247735
Fw literal rewrites: 15635

Simple tautologies: 888
Equational tautologies: 867
Forward subsumptions: 713397
Backward subsumptions: 4189

Binary resolution: 770856
Factoring: 140
Forward superposition: 48050
Backward superposition: 43819
Self superposition: 4
Equality factoring: 2

Memory used: 167459KB
Time elapsed: 31.200 s
------------------------------
% remaining time: 431 next slice time: 280
lrs-1010_10_bd=off:bs=unit_only:cond=on:flr=on:gsp=input_only:nwc=1:nicw=on:ptb=off:ssec=off:stl=60:sac=on:sio=off:spo=on:spl=backtracking:sfv=off:sp=occurrence_207 on unknown
Refutation found. Thanks to Tanya!
% SZS status Theorem for unknown
% SZS output start Proof for unknown
fof(f85933,plain,(
  $false),
  inference(subsumption_resolution,[],[f85894,f202])).
fof(f202,plain,(
  pp(sK1,sK0)),
  inference(cnf_transformation,[],[f147])).
fof(f147,plain,(
  pp(sK1,sK0) & ~pp(difference(sK0,sK1),sK0)),
  inference(skolemisation,[status(esa)],[f106])).
fof(f106,plain,(
  ? [X0,X1] : (pp(X1,X0) & ~pp(difference(X0,X1),X0))),
  inference(ennf_transformation,[],[f39])).
fof(f39,plain,(
  ~! [X0,X1] : (pp(X1,X0) => pp(difference(X0,X1),X0))),
  inference(flattening,[],[f1])).
fof(f1,negated_conjecture,(
  ~! [X0] : ! [X1] : (pp(X1,X0) => pp(difference(X0,X1),X0))),
  file(unknown,unknown)).
fof(f85894,plain,(
  ~pp(sK1,sK0)),
  inference(resolution,[],[f85863,f1481])).
fof(f1481,plain,(
  ( ! [X10,X11] : (eqdim(X11,X10) | ~pp(X10,X11)) )),
  inference(subsumption_resolution,[],[f1467,f350])).
fof(f350,plain,(
  ( ! [X0,X1] : (~less(X0,X1) | ~pp(X1,X0)) )),
  inference(resolution,[],[f349,f263])).
fof(f263,plain,(
  ( ! [X0,X1] : (p(X0,X1) | ~pp(X0,X1)) )),
  inference(cnf_transformation,[],[f190])).
fof(f190,plain,(
  ! [X0,X1] : ((~pp(X0,X1) | (p(X0,X1) & X0 != X1)) & (~p(X0,X1) | X0 = X1 | pp(X0,X1)))),
  inference(flattening,[],[f189])).
fof(f189,plain,(
  ! [X0,X1] : ((~pp(X0,X1) | (p(X0,X1) & X0 != X1)) & ((~p(X0,X1) | X0 = X1) | pp(X0,X1)))),
  inference(nnf_transformation,[],[f132])).
fof(f132,plain,(
  ! [X0,X1] : (pp(X0,X1) <=> (p(X0,X1) & X0 != X1))),
  inference(ennf_transformation,[],[f83])).
fof(f83,plain,(
  ! [X0,X1] : (pp(X0,X1) <=> (p(X0,X1) & ~X0 = X1))),
  inference(flattening,[],[f82])).
fof(f82,plain,(
  ! [X0] : ! [X1] : (pp(X0,X1) <=> (p(X0,X1) & ~X0 = X1))),
  inference(rectify,[],[f26])).
fof(f26,axiom,(
  ! [X54] : ! [X55] : (pp(X54,X55) <=> (p(X54,X55) & ~X54 = X55))),
  file(unknown,unknown)).
fof(f349,plain,(
  ( ! [X2,X1] : (~p(X2,X1) | ~less(X1,X2)) )),
  inference(resolution,[],[f347,f257])).
fof(f257,plain,(
  ( ! [X0,X1] : (cont(X0,X1) | ~p(X0,X1)) )),
  inference(cnf_transformation,[],[f186])).
fof(f186,plain,(
  ! [X0,X1] : ((~p(X0,X1) | (cont(X0,X1) & eqdim(X0,X1))) & (~cont(X0,X1) | ~eqdim(X0,X1) | p(X0,X1)))),
  inference(flattening,[],[f185])).
fof(f185,plain,(
  ! [X0,X1] : ((~p(X0,X1) | (cont(X0,X1) & eqdim(X0,X1))) & ((~cont(X0,X1) | ~eqdim(X0,X1)) | p(X0,X1)))),
  inference(nnf_transformation,[],[f79])).
fof(f79,plain,(
  ! [X0,X1] : (p(X0,X1) <=> (cont(X0,X1) & eqdim(X0,X1)))),
  inference(flattening,[],[f78])).
fof(f78,plain,(
  ! [X0] : ! [X1] : (p(X0,X1) <=> (cont(X0,X1) & eqdim(X0,X1)))),
  inference(rectify,[],[f25])).
fof(f25,axiom,(
  ! [X52] : ! [X53] : (p(X52,X53) <=> (cont(X52,X53) & eqdim(X52,X53)))),
  file(unknown,unknown)).
fof(f347,plain,(
  ( ! [X0,X1] : (~cont(X0,X1) | ~less(X1,X0)) )),
  inference(subsumption_resolution,[],[f345,f220])).
fof(f220,plain,(
  ( ! [X0,X1] : (~cont(X0,X1) | ~zex(X0)) )),
  inference(cnf_transformation,[],[f112])).
fof(f112,plain,(
  ! [X0,X1] : (~zex(X0) | (~cont(X1,X0) & ~cont(X0,X1)))),
  inference(ennf_transformation,[],[f47])).
fof(f47,plain,(
  ! [X0,X1] : (zex(X0) => (~cont(X1,X0) & ~cont(X0,X1)))),
  inference(flattening,[],[f46])).
fof(f46,plain,(
  ! [X0] : ! [X1] : (zex(X0) => (~cont(X1,X0) & ~cont(X0,X1)))),
  inference(rectify,[],[f38])).
fof(f38,axiom,(
  ! [X87] : ! [X88] : (zex(X87) => (~cont(X88,X87) & ~cont(X87,X88)))),
  file(unknown,unknown)).
fof(f345,plain,(
  ( ! [X0,X1] : (zex(X0) | ~cont(X0,X1) | ~less(X1,X0)) )),
  inference(superposition,[],[f274,f221])).
fof(f221,plain,(
  ( ! [X0,X1] : (difference(X0,X1) = X0 | ~less(X1,X0)) )),
  inference(cnf_transformation,[],[f113])).
fof(f113,plain,(
  ! [X0,X1] : (~less(X1,X0) | difference(X0,X1) = X0)),
  inference(ennf_transformation,[],[f49])).
fof(f49,plain,(
  ! [X0,X1] : (less(X1,X0) => difference(X0,X1) = X0)),
  inference(flattening,[],[f48])).
fof(f48,plain,(
  ! [X0] : ! [X1] : (less(X1,X0) => difference(X0,X1) = X0)),
  inference(rectify,[],[f3])).
fof(f3,axiom,(
  ! [X4] : ! [X5] : (less(X5,X4) => difference(X4,X5) = X4)),
  file(unknown,unknown)).
fof(f274,plain,(
  ( ! [X0,X1] : (zex(difference(X0,X1)) | ~cont(X0,X1)) )),
  inference(cnf_transformation,[],[f197])).
fof(f197,plain,(
  ! [X0,X1] : ((~zex(difference(X0,X1)) | zex(X0) | cont(X0,X1)) & ((~zex(X0) & ~cont(X0,X1)) | zex(difference(X0,X1))))),
  inference(flattening,[],[f196])).
fof(f196,plain,(
  ! [X0,X1] : ((~zex(difference(X0,X1)) | (zex(X0) | cont(X0,X1))) & ((~zex(X0) & ~cont(X0,X1)) | zex(difference(X0,X1))))),
  inference(nnf_transformation,[],[f89])).
fof(f89,plain,(
  ! [X0,X1] : (zex(difference(X0,X1)) <=> (zex(X0) | cont(X0,X1)))),
  inference(flattening,[],[f88])).
fof(f88,plain,(
  ! [X0] : ! [X1] : (zex(difference(X0,X1)) <=> (zex(X0) | cont(X0,X1)))),
  inference(rectify,[],[f7])).
fof(f7,axiom,(
  ! [X15] : ! [X16] : (zex(difference(X15,X16)) <=> (zex(X15) | cont(X15,X16)))),
  file(unknown,unknown)).
fof(f1467,plain,(
  ( ! [X10,X11] : (~pp(X10,X11) | eqdim(X11,X10) | less(X11,X10)) )),
  inference(resolution,[],[f1458,f262])).
fof(f262,plain,(
  ( ! [X0,X1] : (less(X1,X0) | eqdim(X0,X1) | less(X0,X1)) )),
  inference(cnf_transformation,[],[f188])).
fof(f188,plain,(
  ! [X0,X1] : ((~eqdim(X0,X1) | (~less(X0,X1) & ~less(X1,X0))) & (less(X0,X1) | less(X1,X0) | eqdim(X0,X1)))),
  inference(flattening,[],[f187])).
fof(f187,plain,(
  ! [X0,X1] : ((~eqdim(X0,X1) | (~less(X0,X1) & ~less(X1,X0))) & ((less(X0,X1) | less(X1,X0)) | eqdim(X0,X1)))),
  inference(nnf_transformation,[],[f131])).
fof(f131,plain,(
  ! [X0,X1] : (eqdim(X0,X1) <=> (~less(X0,X1) & ~less(X1,X0)))),
  inference(ennf_transformation,[],[f81])).
fof(f81,plain,(
  ! [X0,X1] : (eqdim(X0,X1) <=> (~less(X0,X1) & ~less(X1,X0)))),
  inference(flattening,[],[f80])).
fof(f80,plain,(
  ! [X0] : ! [X1] : (eqdim(X0,X1) <=> (~less(X0,X1) & ~less(X1,X0)))),
  inference(rectify,[],[f20])).
fof(f20,axiom,(
  ! [X41] : ! [X42] : (eqdim(X41,X42) <=> (~less(X41,X42) & ~less(X42,X41)))),
  file(unknown,unknown)).
fof(f1458,plain,(
  ( ! [X2,X3] : (~less(X2,X3) | ~pp(X2,X3)) )),
  inference(resolution,[],[f1456,f263])).
fof(f1456,plain,(
  ( ! [X10,X9] : (~p(X9,X10) | ~less(X9,X10)) )),
  inference(subsumption_resolution,[],[f1455,f257])).
fof(f1455,plain,(
  ( ! [X10,X9] : (~p(X9,X10) | ~cont(X9,X10) | ~less(X9,X10)) )),
  inference(resolution,[],[f248,f434])).
fof(f434,plain,(
  ( ! [X0] : (~sP0(X0,X0)) )),
  inference(duplicate_literal_removal,[],[f432])).
fof(f432,plain,(
  ( ! [X0] : (~sP0(X0,X0) | ~sP0(X0,X0)) )),
  inference(resolution,[],[f414,f247])).
fof(f247,plain,(
  ( ! [X0,X1] : (p(sK11(X1,X0),X0) | ~sP0(X0,X1)) )),
  inference(cnf_transformation,[],[f177])).
fof(f177,plain,(
  ! [X0,X1] : ((~sP0(X0,X1) | (less(sK11(X1,X0),X1) & cont(sK11(X1,X0),X1) & p(sK11(X1,X0),X0))) & (! [X3] : (~less(X3,X1) | ~cont(X3,X1) | ~p(X3,X0)) | sP0(X0,X1)))),
  inference(skolemisation,[status(esa)],[f176])).
fof(f176,plain,(
  ! [X0,X1] : ((~sP0(X0,X1) | ? [X2] : (less(X2,X1) & cont(X2,X1) & p(X2,X0))) & (! [X3] : (~less(X3,X1) | ~cont(X3,X1) | ~p(X3,X0)) | sP0(X0,X1)))),
  inference(rectify,[],[f175])).
fof(f175,plain,(
  ! [X1,X0] : ((~sP0(X1,X0) | ? [X2] : (less(X2,X0) & cont(X2,X0) & p(X2,X1))) & (! [X2] : (~less(X2,X0) | ~cont(X2,X0) | ~p(X2,X1)) | sP0(X1,X0)))),
  inference(nnf_transformation,[],[f145])).
fof(f145,plain,(
  ! [X1,X0] : (sP0(X1,X0) <=> ? [X2] : (less(X2,X0) & cont(X2,X0) & p(X2,X1)))),
  introduced(predicate_definition_introduction,[])).
fof(f414,plain,(
  ( ! [X0,X1] : (~p(sK11(X1,X0),X1) | ~sP0(X0,X1)) )),
  inference(resolution,[],[f365,f258])).
fof(f258,plain,(
  ( ! [X0,X1] : (eqdim(X0,X1) | ~p(X0,X1)) )),
  inference(cnf_transformation,[],[f186])).
fof(f365,plain,(
  ( ! [X8,X9] : (~eqdim(sK11(X9,X8),X9) | ~sP0(X8,X9)) )),
  inference(resolution,[],[f245,f260])).
fof(f260,plain,(
  ( ! [X0,X1] : (~less(X0,X1) | ~eqdim(X0,X1)) )),
  inference(cnf_transformation,[],[f188])).
fof(f245,plain,(
  ( ! [X0,X1] : (less(sK11(X1,X0),X1) | ~sP0(X0,X1)) )),
  inference(cnf_transformation,[],[f177])).
fof(f248,plain,(
  ( ! [X0,X3,X1] : (sP0(X0,X1) | ~p(X3,X0) | ~cont(X3,X1) | ~less(X3,X1)) )),
  inference(cnf_transformation,[],[f177])).
fof(f85863,plain,(
  ~eqdim(sK0,sK1)),
  inference(resolution,[],[f85862,f268])).
fof(f268,plain,(
  ( ! [X0,X1] : (leq(X0,X1) | ~eqdim(X0,X1)) )),
  inference(cnf_transformation,[],[f192])).
fof(f192,plain,(
  ! [X0,X1] : ((~leq(X0,X1) | less(X0,X1) | eqdim(X0,X1)) & ((~less(X0,X1) & ~eqdim(X0,X1)) | leq(X0,X1)))),
  inference(flattening,[],[f191])).
fof(f191,plain,(
  ! [X0,X1] : ((~leq(X0,X1) | (less(X0,X1) | eqdim(X0,X1))) & ((~less(X0,X1) & ~eqdim(X0,X1)) | leq(X0,X1)))),
  inference(nnf_transformation,[],[f85])).
fof(f85,plain,(
  ! [X0,X1] : (leq(X0,X1) <=> (less(X0,X1) | eqdim(X0,X1)))),
  inference(flattening,[],[f84])).
fof(f84,plain,(
  ! [X0] : ! [X1] : (leq(X0,X1) <=> (less(X0,X1) | eqdim(X0,X1)))),
  inference(rectify,[],[f21])).
fof(f21,axiom,(
  ! [X43] : ! [X44] : (leq(X43,X44) <=> (less(X43,X44) | eqdim(X43,X44)))),
  file(unknown,unknown)).
fof(f85862,plain,(
  ~leq(sK0,sK1)),
  inference(subsumption_resolution,[],[f85861,f202])).
fof(f85861,plain,(
  ~pp(sK1,sK0) | ~leq(sK0,sK1)),
  inference(subsumption_resolution,[],[f85801,f305])).
fof(f305,plain,(
  ( ! [X4,X3] : (~pp(X3,X4) | ~zex(X3)) )),
  inference(resolution,[],[f263,f299])).
fof(f299,plain,(
  ( ! [X2,X1] : (~p(X1,X2) | ~zex(X1)) )),
  inference(resolution,[],[f257,f220])).
fof(f85801,plain,(
  ~pp(sK1,sK0) | ~leq(sK0,sK1) | zex(sK1)),
  inference(resolution,[],[f85219,f216])).
fof(f216,plain,(
  ( ! [X0] : (cont(X0,X0) | zex(X0)) )),
  inference(cnf_transformation,[],[f163])).
fof(f163,plain,(
  ! [X0] : ((zex(X0) | cont(X0,X0)) & (~cont(X0,X0) | ~zex(X0)))),
  inference(nnf_transformation,[],[f110])).
fof(f110,plain,(
  ! [X0] : (~zex(X0) <=> cont(X0,X0))),
  inference(ennf_transformation,[],[f44])).
fof(f44,plain,(
  ! [X0] : (~zex(X0) <=> cont(X0,X0))),
  inference(rectify,[],[f35])).
fof(f35,axiom,(
  ! [X81] : (~zex(X81) <=> cont(X81,X81))),
  file(unknown,unknown)).
fof(f85219,plain,(
  ( ! [X196] : (~cont(X196,sK1) | ~pp(X196,sK0) | ~leq(sK0,sK1)) )),
  inference(duplicate_literal_removal,[],[f85157])).
fof(f85157,plain,(
  ( ! [X196] : (~pp(X196,sK0) | ~leq(sK0,sK1) | ~cont(X196,sK1) | ~leq(sK0,sK1)) )),
  inference(superposition,[],[f21445,f84595])).
fof(f84595,plain,(
  difference(sK0,sK1) = sK0 | ~leq(sK0,sK1)),
  inference(backtracking_split_refutation,[],[f23484,f84517_D,f84589])).
fof(f84589,plain,(
  $false | $spl6),
  inference(subsumption_resolution,[],[f84532,f202])).
fof(f84532,plain,(
  ~pp(sK1,sK0) | $spl6),
  inference(resolution,[],[f84521,f698])).
fof(f698,plain,(
  ( ! [X2,X3] : (~cont(X2,X3) | ~pp(X3,X2)) )),
  inference(subsumption_resolution,[],[f694,f264])).
fof(f264,plain,(
  ( ! [X0,X1] : (X0 != X1 | ~pp(X0,X1)) )),
  inference(cnf_transformation,[],[f190])).
fof(f694,plain,(
  ( ! [X2,X3] : (~cont(X2,X3) | X2 = X3 | ~pp(X3,X2)) )),
  inference(resolution,[],[f396,f263])).
fof(f396,plain,(
  ( ! [X2,X1] : (~p(X2,X1) | ~cont(X1,X2) | X1 = X2) )),
  inference(resolution,[],[f226,f257])).
fof(f226,plain,(
  ( ! [X0,X1] : (~cont(X1,X0) | X0 = X1 | ~cont(X0,X1)) )),
  inference(cnf_transformation,[],[f121])).
fof(f121,plain,(
  ! [X0,X1] : (~cont(X0,X1) | ~cont(X1,X0) | X0 = X1)),
  inference(flattening,[],[f120])).
fof(f120,plain,(
  ! [X0,X1] : ((~cont(X0,X1) | ~cont(X1,X0)) | X0 = X1)),
  inference(ennf_transformation,[],[f59])).
fof(f59,plain,(
  ! [X0,X1] : ((cont(X0,X1) & cont(X1,X0)) => X0 = X1)),
  inference(flattening,[],[f58])).
fof(f58,plain,(
  ! [X0] : ! [X1] : ((cont(X0,X1) & cont(X1,X0)) => X0 = X1)),
  inference(rectify,[],[f36])).
fof(f36,axiom,(
  ! [X82] : ! [X83] : ((cont(X82,X83) & cont(X83,X82)) => X82 = X83)),
  file(unknown,unknown)).
fof(f84521,plain,(
  cont(sK0,sK1) | $spl6),
  inference(subsumption_resolution,[],[f84518,f306])).
fof(f306,plain,(
  ~zex(sK0)),
  inference(resolution,[],[f304,f202])).
fof(f304,plain,(
  ( ! [X2,X1] : (~pp(X1,X2) | ~zex(X2)) )),
  inference(resolution,[],[f263,f300])).
fof(f300,plain,(
  ( ! [X4,X3] : (~p(X3,X4) | ~zex(X4)) )),
  inference(resolution,[],[f257,f219])).
fof(f219,plain,(
  ( ! [X0,X1] : (~cont(X1,X0) | ~zex(X0)) )),
  inference(cnf_transformation,[],[f112])).
fof(f84518,plain,(
  zex(sK0) | cont(sK0,sK1) | $spl6),
  inference(resolution,[],[f84517,f272])).
fof(f272,plain,(
  ( ! [X0,X1] : (~zex(difference(X0,X1)) | zex(X0) | cont(X0,X1)) )),
  inference(cnf_transformation,[],[f197])).
fof(f84517,plain,(
  zex(difference(sK0,sK1)) | $spl6),
  inference(cnf_transformation,[],[f84517_D])).
fof(f84517_D,plain,(
  zex(difference(sK0,sK1)) <=> ~$spl6),
  introduced(backtracking_splitting_component,[])).
fof(f23484,plain,(
  difference(sK0,sK1) = sK0 | ~leq(sK0,sK1) | zex(difference(sK0,sK1))),
  inference(subsumption_resolution,[],[f23476,f230])).
fof(f230,plain,(
  ( ! [X0,X1] : (eqdim(X0,difference(X0,X1)) | zex(difference(X0,X1))) )),
  inference(cnf_transformation,[],[f125])).
fof(f125,plain,(
  ! [X0,X1] : (zex(difference(X0,X1)) | eqdim(X0,difference(X0,X1)))),
  inference(ennf_transformation,[],[f65])).
fof(f65,plain,(
  ! [X0,X1] : (~zex(difference(X0,X1)) => eqdim(X0,difference(X0,X1)))),
  inference(flattening,[],[f64])).
fof(f64,plain,(
  ! [X0] : ! [X1] : (~zex(difference(X0,X1)) => eqdim(X0,difference(X0,X1)))),
  inference(rectify,[],[f2])).
fof(f2,axiom,(
  ! [X2] : ! [X3] : (~zex(difference(X2,X3)) => eqdim(X2,difference(X2,X3)))),
  file(unknown,unknown)).
fof(f23476,plain,(
  difference(sK0,sK1) = sK0 | ~eqdim(sK0,difference(sK0,sK1)) | ~leq(sK0,sK1) | zex(difference(sK0,sK1))),
  inference(resolution,[],[f2181,f1013])).
fof(f1013,plain,(
  ( ! [X0,X1] : (cont(difference(X0,X1),X0) | ~leq(X0,X1) | zex(difference(X0,X1))) )),
  inference(resolution,[],[f277,f216])).
fof(f277,plain,(
  ( ! [X2,X0,X1] : (~cont(X2,difference(X0,X1)) | cont(X2,X0) | ~leq(X0,X1)) )),
  inference(cnf_transformation,[],[f138])).
fof(f138,plain,(
  ! [X0,X1,X2] : (~leq(X0,X1) | ~cont(X2,difference(X0,X1)) | cont(X2,X0))),
  inference(flattening,[],[f137])).
fof(f137,plain,(
  ! [X0,X1,X2] : ((~leq(X0,X1) | ~cont(X2,difference(X0,X1))) | cont(X2,X0))),
  inference(ennf_transformation,[],[f95])).
fof(f95,plain,(
  ! [X0,X1,X2] : ((leq(X0,X1) & cont(X2,difference(X0,X1))) => cont(X2,X0))),
  inference(flattening,[],[f94])).
fof(f94,plain,(
  ! [X0] : ! [X1] : ! [X2] : ((leq(X0,X1) & cont(X2,difference(X0,X1))) => cont(X2,X0))),
  inference(rectify,[],[f5])).
fof(f5,axiom,(
  ! [X9] : ! [X10] : ! [X11] : ((leq(X9,X10) & cont(X11,difference(X9,X10))) => cont(X11,X9))),
  file(unknown,unknown)).
fof(f2181,plain,(
  ~cont(difference(sK0,sK1),sK0) | difference(sK0,sK1) = sK0 | ~eqdim(sK0,difference(sK0,sK1))),
  inference(forward_literal_rewriting,[],[f2178,f479])).
fof(f479,plain,(
  ( ! [X10,X9] : (eqdim(X9,X10) | ~eqdim(X10,X9)) )),
  inference(subsumption_resolution,[],[f466,f261])).
fof(f261,plain,(
  ( ! [X0,X1] : (~less(X1,X0) | ~eqdim(X0,X1)) )),
  inference(cnf_transformation,[],[f188])).
fof(f466,plain,(
  ( ! [X10,X9] : (eqdim(X9,X10) | less(X9,X10) | ~eqdim(X10,X9)) )),
  inference(resolution,[],[f262,f260])).
fof(f2178,plain,(
  difference(sK0,sK1) = sK0 | ~eqdim(difference(sK0,sK1),sK0) | ~cont(difference(sK0,sK1),sK0)),
  inference(resolution,[],[f508,f259])).
fof(f259,plain,(
  ( ! [X0,X1] : (p(X0,X1) | ~eqdim(X0,X1) | ~cont(X0,X1)) )),
  inference(cnf_transformation,[],[f186])).
fof(f508,plain,(
  ~p(difference(sK0,sK1),sK0) | difference(sK0,sK1) = sK0),
  inference(resolution,[],[f265,f203])).
fof(f203,plain,(
  ~pp(difference(sK0,sK1),sK0)),
  inference(cnf_transformation,[],[f147])).
fof(f265,plain,(
  ( ! [X0,X1] : (pp(X0,X1) | X0 = X1 | ~p(X0,X1)) )),
  inference(cnf_transformation,[],[f190])).
fof(f21445,plain,(
  ( ! [X17,X15,X16] : (~pp(X15,difference(X17,X16)) | ~leq(X17,X16) | ~cont(X15,X16)) )),
  inference(resolution,[],[f12398,f263])).
fof(f12398,plain,(
  ( ! [X2,X0,X1] : (~p(X0,difference(X2,X1)) | ~cont(X0,X1) | ~leq(X2,X1)) )),
  inference(subsumption_resolution,[],[f12397,f220])).
fof(f12397,plain,(
  ( ! [X2,X0,X1] : (zex(X0) | ~cont(X0,X1) | ~p(X0,difference(X2,X1)) | ~leq(X2,X1)) )),
  inference(forward_literal_rewriting,[],[f12374,f216])).
fof(f12374,plain,(
  ( ! [X2,X0,X1] : (~cont(X0,X0) | ~cont(X0,X1) | ~p(X0,difference(X2,X1)) | ~leq(X2,X1)) )),
  inference(resolution,[],[f1087,f276])).
fof(f276,plain,(
  ( ! [X2,X0,X1] : (less(intersection(X2,X1),X2) | ~p(X2,difference(X0,X1)) | ~leq(X0,X1)) )),
  inference(cnf_transformation,[],[f136])).
fof(f136,plain,(
  ! [X0,X1,X2] : (~leq(X0,X1) | ~p(X2,difference(X0,X1)) | less(intersection(X2,X1),X2))),
  inference(flattening,[],[f135])).
fof(f135,plain,(
  ! [X0,X1,X2] : ((~leq(X0,X1) | ~p(X2,difference(X0,X1))) | less(intersection(X2,X1),X2))),
  inference(ennf_transformation,[],[f93])).
fof(f93,plain,(
  ! [X0,X1,X2] : ((leq(X0,X1) & p(X2,difference(X0,X1))) => less(intersection(X2,X1),X2))),
  inference(flattening,[],[f92])).
fof(f92,plain,(
  ! [X0] : ! [X1] : ! [X2] : ((leq(X0,X1) & p(X2,difference(X0,X1))) => less(intersection(X2,X1),X2))),
  inference(rectify,[],[f6])).
fof(f6,axiom,(
  ! [X12] : ! [X13] : ! [X14] : ((leq(X12,X13) & p(X14,difference(X12,X13))) => less(intersection(X14,X13),X14))),
  file(unknown,unknown)).
fof(f1087,plain,(
  ( ! [X6,X7,X5] : (~less(intersection(X7,X6),X5) | ~cont(X5,X7) | ~cont(X5,X6)) )),
  inference(resolution,[],[f280,f544])).
fof(f544,plain,(
  ( ! [X12,X11] : (~leq(X11,X12) | ~less(X12,X11)) )),
  inference(subsumption_resolution,[],[f532,f261])).
fof(f532,plain,(
  ( ! [X12,X11] : (eqdim(X11,X12) | ~leq(X11,X12) | ~less(X12,X11)) )),
  inference(resolution,[],[f266,f222])).
fof(f222,plain,(
  ( ! [X0,X1] : (~less(X1,X0) | ~less(X0,X1)) )),
  inference(cnf_transformation,[],[f114])).
fof(f114,plain,(
  ! [X0,X1] : (~less(X0,X1) | ~less(X1,X0))),
  inference(ennf_transformation,[],[f51])).
fof(f51,plain,(
  ! [X0,X1] : (less(X0,X1) => ~less(X1,X0))),
  inference(flattening,[],[f50])).
fof(f50,plain,(
  ! [X0] : ! [X1] : (less(X0,X1) => ~less(X1,X0))),
  inference(rectify,[],[f15])).
fof(f15,axiom,(
  ! [X31] : ! [X32] : (less(X31,X32) => ~less(X32,X31))),
  file(unknown,unknown)).
fof(f266,plain,(
  ( ! [X0,X1] : (less(X0,X1) | eqdim(X0,X1) | ~leq(X0,X1)) )),
  inference(cnf_transformation,[],[f192])).
fof(f280,plain,(
  ( ! [X2,X0,X1] : (leq(X2,intersection(X0,X1)) | ~cont(X2,X1) | ~cont(X2,X0)) )),
  inference(cnf_transformation,[],[f144])).
fof(f144,plain,(
  ! [X0,X1,X2] : (~cont(X2,X0) | ~cont(X2,X1) | leq(X2,intersection(X0,X1)))),
  inference(flattening,[],[f143])).
fof(f143,plain,(
  ! [X0,X1,X2] : ((~cont(X2,X0) | ~cont(X2,X1)) | leq(X2,intersection(X0,X1)))),
  inference(ennf_transformation,[],[f101])).
fof(f101,plain,(
  ! [X0,X1,X2] : ((cont(X2,X0) & cont(X2,X1)) => leq(X2,intersection(X0,X1)))),
  inference(flattening,[],[f100])).
fof(f100,plain,(
  ! [X0] : ! [X1] : ! [X2] : ((cont(X2,X0) & cont(X2,X1)) => leq(X2,intersection(X0,X1)))),
  inference(rectify,[],[f10])).
fof(f10,axiom,(
  ! [X21] : ! [X22] : ! [X23] : ((cont(X23,X21) & cont(X23,X22)) => leq(X23,intersection(X21,X22)))),
  file(unknown,unknown)).
% SZS output end Proof for unknown
------------------------------
Version: Vampire 0.6 (revision 903)
Termination reason: Refutation

Active clauses: 3486
Passive clauses: 27402
Generated clauses: 85732
Final active clauses: 3460
Final passive clauses: 23763
Input formulas: 38
Initial clauses: 85

Duplicate literals: 4225
Fw subsumption resolutions: 6096
Fw demodulations: 2
Fw literal rewrites: 890
Condensations: 2657

Simple tautologies: 1089
Equational tautologies: 151
Forward subsumptions: 43304
Backward subsumptions: 134

Binary resolution: 67559
Factoring: 159
Forward superposition: 3019
Backward superposition: 1151
Self superposition: 3
Equality resolution: 1

Backtracking splits: 6
Backtracking splits refuted: 1
Backtracking splits refuted at zero level: 1

Memory used: 26993KB
Time elapsed: 2.322 s
------------------------------
% Success in time 79.2 s
