Hi Geoff, go and have some cold beer while I am trying to solve this very hard problem!
% remaining time: 1199 next slice time: 3
dis-4_5_bd=off:bs=off:ep=RST:fde=none:lcm=predicate:nwc=2.0:nicw=on:ptb=off:ssec=off:ss=included:st=5.0:sio=off:spl=backtracking:updr=off_1 on unknown
Time limit reached!
------------------------------
Version: Vampire 0.6 (revision 903)
Termination reason: Time limit
Termination phase: Saturation

Active clauses: 2515
Passive clauses: 23214
Generated clauses: 37670
Input formulas: 46
Initial clauses: 96

Selected by SInE selection: 46
SInE iterations: 1

Duplicate literals: 118
Fw subsumption resolutions: 1610

Simple tautologies: 181
Forward subsumptions: 11461

Binary resolution: 33986
Factoring: 89

Backtracking splits: 1124
Backtracking splits refuted: 253
Backtracking splits refuted at zero level: 85

Memory used: 6780KB
Time elapsed: 0.400 s
------------------------------
% remaining time: 1195 next slice time: 13
dis-1010_2_bs=off:ep=on:nwc=1.5:sswn=on:sswsr=on:ss=included:st=1.5:sgo=on:sp=occurrence_9 on unknown
Refutation found. Thanks to Tanya!
% SZS status Theorem for unknown
% SZS output start Proof for unknown
fof(f7735,plain,(
  $false),
  inference(subsumption_resolution,[],[f7726,f237])).
fof(f237,plain,(
  pp(sK0,sK1)),
  inference(cnf_transformation,[],[f182])).
fof(f182,plain,(
  pp(sK0,sK1) & ! [X2] : (~p(X2,sK1) | po(X2,sK0))),
  inference(skolemisation,[status(esa)],[f130])).
fof(f130,plain,(
  ? [X0,X1] : (pp(X0,X1) & ! [X2] : (~p(X2,X1) | po(X2,X0)))),
  inference(ennf_transformation,[],[f47])).
fof(f47,plain,(
  ~! [X0,X1] : (pp(X0,X1) => ? [X2] : (p(X2,X1) & ~po(X2,X0)))),
  inference(flattening,[],[f1])).
fof(f1,negated_conjecture,(
  ~! [X0] : ! [X1] : (pp(X0,X1) => ? [X2] : (p(X2,X1) & ~po(X2,X0)))),
  file(unknown,unknown)).
fof(f7726,plain,(
  ~pp(sK0,sK1)),
  inference(resolution,[],[f7700,f463])).
fof(f463,plain,(
  ( ! [X2,X3] : (~zex(difference(X3,X2)) | ~pp(X2,X3)) )),
  inference(resolution,[],[f256,f357])).
fof(f357,plain,(
  ( ! [X0,X1] : (~pp(X0,X1) | ~zex(X0)) )),
  inference(resolution,[],[f354,f305])).
fof(f305,plain,(
  ( ! [X0,X1] : (p(X0,X1) | ~pp(X0,X1)) )),
  inference(cnf_transformation,[],[f228])).
fof(f228,plain,(
  ! [X0,X1] : ((~pp(X0,X1) | (p(X0,X1) & X0 != X1)) & (~p(X0,X1) | X0 = X1 | pp(X0,X1)))),
  inference(flattening,[],[f227])).
fof(f227,plain,(
  ! [X0,X1] : ((~pp(X0,X1) | (p(X0,X1) & X0 != X1)) & ((~p(X0,X1) | X0 = X1) | pp(X0,X1)))),
  inference(nnf_transformation,[],[f162])).
fof(f162,plain,(
  ! [X0,X1] : (pp(X0,X1) <=> (p(X0,X1) & X0 != X1))),
  inference(ennf_transformation,[],[f101])).
fof(f101,plain,(
  ! [X0,X1] : (pp(X0,X1) <=> (p(X0,X1) & ~X0 = X1))),
  inference(flattening,[],[f100])).
fof(f100,plain,(
  ! [X0] : ! [X1] : (pp(X0,X1) <=> (p(X0,X1) & ~X0 = X1))),
  inference(rectify,[],[f34])).
fof(f34,axiom,(
  ! [X74] : ! [X75] : (pp(X74,X75) <=> (p(X74,X75) & ~X74 = X75))),
  file(unknown,unknown)).
fof(f354,plain,(
  ( ! [X2,X1] : (~p(X1,X2) | ~zex(X1)) )),
  inference(resolution,[],[f308,f255])).
fof(f255,plain,(
  ( ! [X0,X1] : (~cont(X0,X1) | ~zex(X0)) )),
  inference(cnf_transformation,[],[f136])).
fof(f136,plain,(
  ! [X0,X1] : (~zex(X0) | (~cont(X1,X0) & ~cont(X0,X1)))),
  inference(ennf_transformation,[],[f55])).
fof(f55,plain,(
  ! [X0,X1] : (zex(X0) => (~cont(X1,X0) & ~cont(X0,X1)))),
  inference(flattening,[],[f54])).
fof(f54,plain,(
  ! [X0] : ! [X1] : (zex(X0) => (~cont(X1,X0) & ~cont(X0,X1)))),
  inference(rectify,[],[f46])).
fof(f46,axiom,(
  ! [X107] : ! [X108] : (zex(X107) => (~cont(X108,X107) & ~cont(X107,X108)))),
  file(unknown,unknown)).
fof(f308,plain,(
  ( ! [X0,X1] : (cont(X0,X1) | ~p(X0,X1)) )),
  inference(cnf_transformation,[],[f230])).
fof(f230,plain,(
  ! [X0,X1] : ((~p(X0,X1) | (cont(X0,X1) & eqdim(X0,X1))) & (~cont(X0,X1) | ~eqdim(X0,X1) | p(X0,X1)))),
  inference(flattening,[],[f229])).
fof(f229,plain,(
  ! [X0,X1] : ((~p(X0,X1) | (cont(X0,X1) & eqdim(X0,X1))) & ((~cont(X0,X1) | ~eqdim(X0,X1)) | p(X0,X1)))),
  inference(nnf_transformation,[],[f103])).
fof(f103,plain,(
  ! [X0,X1] : (p(X0,X1) <=> (cont(X0,X1) & eqdim(X0,X1)))),
  inference(flattening,[],[f102])).
fof(f102,plain,(
  ! [X0] : ! [X1] : (p(X0,X1) <=> (cont(X0,X1) & eqdim(X0,X1)))),
  inference(rectify,[],[f33])).
fof(f33,axiom,(
  ! [X72] : ! [X73] : (p(X72,X73) <=> (cont(X72,X73) & eqdim(X72,X73)))),
  file(unknown,unknown)).
fof(f256,plain,(
  ( ! [X0,X1] : (pp(difference(X0,X1),X0) | ~pp(X1,X0)) )),
  inference(cnf_transformation,[],[f137])).
fof(f137,plain,(
  ! [X0,X1] : (~pp(X1,X0) | pp(difference(X0,X1),X0))),
  inference(ennf_transformation,[],[f57])).
fof(f57,plain,(
  ! [X0,X1] : (pp(X1,X0) => pp(difference(X0,X1),X0))),
  inference(flattening,[],[f56])).
fof(f56,plain,(
  ! [X0] : ! [X1] : (pp(X1,X0) => pp(difference(X0,X1),X0))),
  inference(rectify,[],[f10])).
fof(f10,axiom,(
  ! [X22] : ! [X23] : (pp(X23,X22) => pp(difference(X22,X23),X22))),
  file(unknown,unknown)).
fof(f7700,plain,(
  zex(difference(sK1,sK0))),
  inference(resolution,[],[f7692,f269])).
fof(f269,plain,(
  ( ! [X0,X1] : (p(difference(X0,X1),X0) | zex(difference(X0,X1))) )),
  inference(cnf_transformation,[],[f155])).
fof(f155,plain,(
  ! [X0,X1] : (zex(difference(X0,X1)) | p(difference(X0,X1),X0))),
  inference(ennf_transformation,[],[f81])).
fof(f81,plain,(
  ! [X0,X1] : (~zex(difference(X0,X1)) => p(difference(X0,X1),X0))),
  inference(flattening,[],[f80])).
fof(f80,plain,(
  ! [X0] : ! [X1] : (~zex(difference(X0,X1)) => p(difference(X0,X1),X0))),
  inference(rectify,[],[f8])).
fof(f8,axiom,(
  ! [X18] : ! [X19] : (~zex(difference(X18,X19)) => p(difference(X18,X19),X18))),
  file(unknown,unknown)).
fof(f7692,plain,(
  ( ! [X0] : (~p(difference(X0,sK0),sK1)) )),
  inference(resolution,[],[f7690,f238])).
fof(f238,plain,(
  ( ! [X2] : (po(X2,sK0) | ~p(X2,sK1)) )),
  inference(cnf_transformation,[],[f182])).
fof(f7690,plain,(
  ( ! [X8,X9] : (~po(difference(X8,X9),X9)) )),
  inference(duplicate_literal_removal,[],[f7681])).
fof(f7681,plain,(
  ( ! [X8,X9] : (~po(difference(X8,X9),X9) | ~po(difference(X8,X9),X9)) )),
  inference(resolution,[],[f1017,f297])).
fof(f297,plain,(
  ( ! [X0,X1] : (p(sK13(X1,X0),X1) | ~po(X0,X1)) )),
  inference(cnf_transformation,[],[f221])).
fof(f221,plain,(
  ! [X0,X1] : ((~po(X0,X1) | (p(sK13(X1,X0),X0) & p(sK13(X1,X0),X1))) & (! [X3] : (~p(X3,X0) | ~p(X3,X1)) | po(X0,X1)))),
  inference(skolemisation,[status(esa)],[f220])).
fof(f220,plain,(
  ! [X0,X1] : ((~po(X0,X1) | ? [X2] : (p(X2,X0) & p(X2,X1))) & (! [X3] : (~p(X3,X0) | ~p(X3,X1)) | po(X0,X1)))),
  inference(rectify,[],[f219])).
fof(f219,plain,(
  ! [X0,X1] : ((~po(X0,X1) | ? [X2] : (p(X2,X0) & p(X2,X1))) & (! [X2] : (~p(X2,X0) | ~p(X2,X1)) | po(X0,X1)))),
  inference(nnf_transformation,[],[f95])).
fof(f95,plain,(
  ! [X0,X1] : (po(X0,X1) <=> ? [X2] : (p(X2,X0) & p(X2,X1)))),
  inference(flattening,[],[f94])).
fof(f94,plain,(
  ! [X0] : ! [X1] : (po(X0,X1) <=> ? [X2] : (p(X2,X0) & p(X2,X1)))),
  inference(rectify,[],[f35])).
fof(f35,axiom,(
  ! [X76] : ! [X77] : (po(X76,X77) <=> ? [X78] : (p(X78,X76) & p(X78,X77)))),
  file(unknown,unknown)).
fof(f1017,plain,(
  ( ! [X14,X12,X13] : (~p(sK13(X12,difference(X13,X14)),X14) | ~po(difference(X13,X14),X12)) )),
  inference(resolution,[],[f790,f296])).
fof(f296,plain,(
  ( ! [X0,X1] : (p(sK13(X1,X0),X0) | ~po(X0,X1)) )),
  inference(cnf_transformation,[],[f221])).
fof(f790,plain,(
  ( ! [X2,X0,X1] : (~p(X0,difference(X1,X2)) | ~p(X0,X2)) )),
  inference(resolution,[],[f789,f298])).
fof(f298,plain,(
  ( ! [X0,X3,X1] : (po(X0,X1) | ~p(X3,X1) | ~p(X3,X0)) )),
  inference(cnf_transformation,[],[f221])).
fof(f789,plain,(
  ( ! [X0,X1] : (~po(X1,difference(X0,X1))) )),
  inference(subsumption_resolution,[],[f788,f548])).
fof(f548,plain,(
  ( ! [X0,X1] : (~po(X0,X1) | ~zex(X1)) )),
  inference(resolution,[],[f297,f355])).
fof(f355,plain,(
  ( ! [X4,X3] : (~p(X3,X4) | ~zex(X4)) )),
  inference(resolution,[],[f308,f254])).
fof(f254,plain,(
  ( ! [X0,X1] : (~cont(X1,X0) | ~zex(X0)) )),
  inference(cnf_transformation,[],[f136])).
fof(f788,plain,(
  ( ! [X0,X1] : (~po(X1,difference(X0,X1)) | zex(difference(X0,X1))) )),
  inference(subsumption_resolution,[],[f264,f537])).
fof(f537,plain,(
  ( ! [X0,X1] : (~po(X0,X1) | ~zex(X0)) )),
  inference(resolution,[],[f296,f355])).
fof(f264,plain,(
  ( ! [X0,X1] : (~po(X1,difference(X0,X1)) | zex(difference(X0,X1)) | zex(X1)) )),
  inference(cnf_transformation,[],[f150])).
fof(f150,plain,(
  ! [X0,X1] : (zex(X1) | zex(difference(X0,X1)) | ~po(X1,difference(X0,X1)))),
  inference(flattening,[],[f149])).
fof(f149,plain,(
  ! [X0,X1] : ((zex(X1) | zex(difference(X0,X1))) | ~po(X1,difference(X0,X1)))),
  inference(ennf_transformation,[],[f73])).
fof(f73,plain,(
  ! [X0,X1] : ((~zex(X1) & ~zex(difference(X0,X1))) => ~po(X1,difference(X0,X1)))),
  inference(flattening,[],[f72])).
fof(f72,plain,(
  ! [X0] : ! [X1] : ((~zex(X1) & ~zex(difference(X0,X1))) => ~po(X1,difference(X0,X1)))),
  inference(rectify,[],[f11])).
fof(f11,axiom,(
  ! [X24] : ! [X25] : ((~zex(X25) & ~zex(difference(X24,X25))) => ~po(X25,difference(X24,X25)))),
  file(unknown,unknown)).
% SZS output end Proof for unknown
------------------------------
Version: Vampire 0.6 (revision 903)
Termination reason: Refutation

Active clauses: 756
Passive clauses: 3563
Generated clauses: 7493
Final active clauses: 756
Final passive clauses: 2684
Input formulas: 46
Initial clauses: 95

Selected by SInE selection: 46
SInE iterations: 1

Duplicate literals: 191
Fw subsumption resolutions: 712

Simple tautologies: 193
Equational tautologies: 9
Forward subsumptions: 2953

Binary resolution: 4612
Factoring: 29
Forward superposition: 1808
Backward superposition: 57

Unique components: 2

Memory used: 1535KB
Time elapsed: 0.111 s
------------------------------
% Success in time 0.552 s
