Hi Geoff, go and have some cold beer while I am trying to solve this very hard problem!
% remaining time: 1199 next slice time: 3
dis-4_5_bd=off:bs=off:ep=RST:fde=none:lcm=predicate:nwc=2.0:nicw=on:ptb=off:ssec=off:ss=included:st=5.0:sio=off:spl=backtracking:updr=off_1 on unknown
Time limit reached!
------------------------------
Version: Vampire 0.6 (revision 903)
Termination reason: Time limit
Termination phase: Saturation

Active clauses: 1933
Passive clauses: 21888
Generated clauses: 34621
Input formulas: 38
Initial clauses: 88

Selected by SInE selection: 38
SInE iterations: 1

Duplicate literals: 142
Fw subsumption resolutions: 1726

Simple tautologies: 133
Forward subsumptions: 10011

Binary resolution: 31459
Factoring: 90

Backtracking splits: 792
Backtracking splits refuted: 272
Backtracking splits refuted at zero level: 61

Memory used: 6652KB
Time elapsed: 0.400 s
------------------------------
% remaining time: 1195 next slice time: 13
dis-1010_2_bs=off:ep=on:nwc=1.5:sswn=on:sswsr=on:ss=included:st=1.5:sgo=on:sp=occurrence_9 on unknown
Refutation found. Thanks to Tanya!
% SZS status Theorem for unknown
% SZS output start Proof for unknown
fof(f27868,plain,(
  $false),
  inference(resolution,[],[f27867,f202])).
fof(f202,plain,(
  p(sK2,difference(sK0,sK1))),
  inference(cnf_transformation,[],[f147])).
fof(f147,plain,(
  p(sK2,difference(sK0,sK1)) & ~p(sK2,sK0)),
  inference(skolemisation,[status(esa)],[f106])).
fof(f106,plain,(
  ? [X0,X1,X2] : (p(X2,difference(X0,X1)) & ~p(X2,X0))),
  inference(ennf_transformation,[],[f39])).
fof(f39,plain,(
  ~! [X0,X1,X2] : (p(X2,difference(X0,X1)) => p(X2,X0))),
  inference(flattening,[],[f1])).
fof(f1,negated_conjecture,(
  ~! [X0] : ! [X1] : ! [X2] : (p(X2,difference(X0,X1)) => p(X2,X0))),
  file(unknown,unknown)).
fof(f27867,plain,(
  ( ! [X14] : (~p(sK2,difference(sK0,X14))) )),
  inference(subsumption_resolution,[],[f27855,f309])).
fof(f309,plain,(
  ( ! [X4,X3] : (~p(X3,X4) | ~zex(X4)) )),
  inference(resolution,[],[f263,f219])).
fof(f219,plain,(
  ( ! [X0,X1] : (~cont(X1,X0) | ~zex(X0)) )),
  inference(cnf_transformation,[],[f112])).
fof(f112,plain,(
  ! [X0,X1] : (~zex(X0) | (~cont(X1,X0) & ~cont(X0,X1)))),
  inference(ennf_transformation,[],[f47])).
fof(f47,plain,(
  ! [X0,X1] : (zex(X0) => (~cont(X1,X0) & ~cont(X0,X1)))),
  inference(flattening,[],[f46])).
fof(f46,plain,(
  ! [X0] : ! [X1] : (zex(X0) => (~cont(X1,X0) & ~cont(X0,X1)))),
  inference(rectify,[],[f38])).
fof(f38,axiom,(
  ! [X88] : ! [X89] : (zex(X88) => (~cont(X89,X88) & ~cont(X88,X89)))),
  file(unknown,unknown)).
fof(f263,plain,(
  ( ! [X0,X1] : (cont(X0,X1) | ~p(X0,X1)) )),
  inference(cnf_transformation,[],[f190])).
fof(f190,plain,(
  ! [X0,X1] : ((~p(X0,X1) | (cont(X0,X1) & eqdim(X0,X1))) & (~cont(X0,X1) | ~eqdim(X0,X1) | p(X0,X1)))),
  inference(flattening,[],[f189])).
fof(f189,plain,(
  ! [X0,X1] : ((~p(X0,X1) | (cont(X0,X1) & eqdim(X0,X1))) & ((~cont(X0,X1) | ~eqdim(X0,X1)) | p(X0,X1)))),
  inference(nnf_transformation,[],[f83])).
fof(f83,plain,(
  ! [X0,X1] : (p(X0,X1) <=> (cont(X0,X1) & eqdim(X0,X1)))),
  inference(flattening,[],[f82])).
fof(f82,plain,(
  ! [X0] : ! [X1] : (p(X0,X1) <=> (cont(X0,X1) & eqdim(X0,X1)))),
  inference(rectify,[],[f25])).
fof(f25,axiom,(
  ! [X53] : ! [X54] : (p(X53,X54) <=> (cont(X53,X54) & eqdim(X53,X54)))),
  file(unknown,unknown)).
fof(f27855,plain,(
  ( ! [X14] : (~p(sK2,difference(sK0,X14)) | zex(difference(sK0,X14))) )),
  inference(resolution,[],[f27632,f230])).
fof(f230,plain,(
  ( ! [X0,X1] : (eqdim(X0,difference(X0,X1)) | zex(difference(X0,X1))) )),
  inference(cnf_transformation,[],[f125])).
fof(f125,plain,(
  ! [X0,X1] : (zex(difference(X0,X1)) | eqdim(X0,difference(X0,X1)))),
  inference(ennf_transformation,[],[f65])).
fof(f65,plain,(
  ! [X0,X1] : (~zex(difference(X0,X1)) => eqdim(X0,difference(X0,X1)))),
  inference(flattening,[],[f64])).
fof(f64,plain,(
  ! [X0] : ! [X1] : (~zex(difference(X0,X1)) => eqdim(X0,difference(X0,X1)))),
  inference(rectify,[],[f2])).
fof(f2,axiom,(
  ! [X3] : ! [X4] : (~zex(difference(X3,X4)) => eqdim(X3,difference(X3,X4)))),
  file(unknown,unknown)).
fof(f27632,plain,(
  ( ! [X0] : (~eqdim(sK0,X0) | ~p(sK2,X0)) )),
  inference(resolution,[],[f27523,f264])).
fof(f264,plain,(
  ( ! [X0,X1] : (eqdim(X0,X1) | ~p(X0,X1)) )),
  inference(cnf_transformation,[],[f190])).
fof(f27523,plain,(
  ( ! [X328] : (~eqdim(sK2,X328) | ~eqdim(sK0,X328)) )),
  inference(resolution,[],[f5187,f2511])).
fof(f2511,plain,(
  ~eqdim(sK2,sK0)),
  inference(subsumption_resolution,[],[f2494,f2286])).
fof(f2286,plain,(
  ~eqdim(sK2,sK0) | ~eqdim(sK0,sK1)),
  inference(resolution,[],[f2269,f268])).
fof(f268,plain,(
  ( ! [X0,X1] : (leq(X0,X1) | ~eqdim(X0,X1)) )),
  inference(cnf_transformation,[],[f192])).
fof(f192,plain,(
  ! [X0,X1] : ((~leq(X0,X1) | less(X0,X1) | eqdim(X0,X1)) & ((~less(X0,X1) & ~eqdim(X0,X1)) | leq(X0,X1)))),
  inference(flattening,[],[f191])).
fof(f191,plain,(
  ! [X0,X1] : ((~leq(X0,X1) | (less(X0,X1) | eqdim(X0,X1))) & ((~less(X0,X1) & ~eqdim(X0,X1)) | leq(X0,X1)))),
  inference(nnf_transformation,[],[f85])).
fof(f85,plain,(
  ! [X0,X1] : (leq(X0,X1) <=> (less(X0,X1) | eqdim(X0,X1)))),
  inference(flattening,[],[f84])).
fof(f84,plain,(
  ! [X0] : ! [X1] : (leq(X0,X1) <=> (less(X0,X1) | eqdim(X0,X1)))),
  inference(rectify,[],[f21])).
fof(f21,axiom,(
  ! [X44] : ! [X45] : (leq(X44,X45) <=> (less(X44,X45) | eqdim(X44,X45)))),
  file(unknown,unknown)).
fof(f2269,plain,(
  ~leq(sK0,sK1) | ~eqdim(sK2,sK0)),
  inference(resolution,[],[f2261,f634])).
fof(f634,plain,(
  ~cont(sK2,sK0) | ~eqdim(sK2,sK0)),
  inference(resolution,[],[f265,f203])).
fof(f203,plain,(
  ~p(sK2,sK0)),
  inference(cnf_transformation,[],[f147])).
fof(f265,plain,(
  ( ! [X0,X1] : (p(X0,X1) | ~eqdim(X0,X1) | ~cont(X0,X1)) )),
  inference(cnf_transformation,[],[f190])).
fof(f2261,plain,(
  cont(sK2,sK0) | ~leq(sK0,sK1)),
  inference(resolution,[],[f893,f202])).
fof(f893,plain,(
  ( ! [X6,X8,X7] : (~p(X6,difference(X7,X8)) | ~leq(X7,X8) | cont(X6,X7)) )),
  inference(resolution,[],[f277,f263])).
fof(f277,plain,(
  ( ! [X2,X0,X1] : (~cont(X2,difference(X0,X1)) | cont(X2,X0) | ~leq(X0,X1)) )),
  inference(cnf_transformation,[],[f138])).
fof(f138,plain,(
  ! [X0,X1,X2] : (~leq(X0,X1) | ~cont(X2,difference(X0,X1)) | cont(X2,X0))),
  inference(flattening,[],[f137])).
fof(f137,plain,(
  ! [X0,X1,X2] : ((~leq(X0,X1) | ~cont(X2,difference(X0,X1))) | cont(X2,X0))),
  inference(ennf_transformation,[],[f95])).
fof(f95,plain,(
  ! [X0,X1,X2] : ((leq(X0,X1) & cont(X2,difference(X0,X1))) => cont(X2,X0))),
  inference(flattening,[],[f94])).
fof(f94,plain,(
  ! [X0] : ! [X1] : ! [X2] : ((leq(X0,X1) & cont(X2,difference(X0,X1))) => cont(X2,X0))),
  inference(rectify,[],[f5])).
fof(f5,axiom,(
  ! [X10] : ! [X11] : ! [X12] : ((leq(X10,X11) & cont(X12,difference(X10,X11))) => cont(X12,X10))),
  file(unknown,unknown)).
fof(f2494,plain,(
  ~eqdim(sK2,sK0) | eqdim(sK0,sK1)),
  inference(resolution,[],[f2287,f610])).
fof(f610,plain,(
  less(sK0,sK1) | eqdim(sK0,sK1)),
  inference(resolution,[],[f262,f461])).
fof(f461,plain,(
  ~less(sK1,sK0)),
  inference(subsumption_resolution,[],[f457,f203])).
fof(f457,plain,(
  p(sK2,sK0) | ~less(sK1,sK0)),
  inference(superposition,[],[f202,f221])).
fof(f221,plain,(
  ( ! [X0,X1] : (difference(X0,X1) = X0 | ~less(X1,X0)) )),
  inference(cnf_transformation,[],[f113])).
fof(f113,plain,(
  ! [X0,X1] : (~less(X1,X0) | difference(X0,X1) = X0)),
  inference(ennf_transformation,[],[f49])).
fof(f49,plain,(
  ! [X0,X1] : (less(X1,X0) => difference(X0,X1) = X0)),
  inference(flattening,[],[f48])).
fof(f48,plain,(
  ! [X0] : ! [X1] : (less(X1,X0) => difference(X0,X1) = X0)),
  inference(rectify,[],[f3])).
fof(f3,axiom,(
  ! [X5] : ! [X6] : (less(X6,X5) => difference(X5,X6) = X5)),
  file(unknown,unknown)).
fof(f262,plain,(
  ( ! [X0,X1] : (less(X1,X0) | eqdim(X0,X1) | less(X0,X1)) )),
  inference(cnf_transformation,[],[f188])).
fof(f188,plain,(
  ! [X0,X1] : ((~eqdim(X0,X1) | (~less(X0,X1) & ~less(X1,X0))) & (less(X0,X1) | less(X1,X0) | eqdim(X0,X1)))),
  inference(flattening,[],[f187])).
fof(f187,plain,(
  ! [X0,X1] : ((~eqdim(X0,X1) | (~less(X0,X1) & ~less(X1,X0))) & ((less(X0,X1) | less(X1,X0)) | eqdim(X0,X1)))),
  inference(nnf_transformation,[],[f132])).
fof(f132,plain,(
  ! [X0,X1] : (eqdim(X0,X1) <=> (~less(X0,X1) & ~less(X1,X0)))),
  inference(ennf_transformation,[],[f81])).
fof(f81,plain,(
  ! [X0,X1] : (eqdim(X0,X1) <=> (~less(X0,X1) & ~less(X1,X0)))),
  inference(flattening,[],[f80])).
fof(f80,plain,(
  ! [X0] : ! [X1] : (eqdim(X0,X1) <=> (~less(X0,X1) & ~less(X1,X0)))),
  inference(rectify,[],[f20])).
fof(f20,axiom,(
  ! [X42] : ! [X43] : (eqdim(X42,X43) <=> (~less(X42,X43) & ~less(X43,X42)))),
  file(unknown,unknown)).
fof(f2287,plain,(
  ~less(sK0,sK1) | ~eqdim(sK2,sK0)),
  inference(resolution,[],[f2269,f267])).
fof(f267,plain,(
  ( ! [X0,X1] : (leq(X0,X1) | ~less(X0,X1)) )),
  inference(cnf_transformation,[],[f192])).
fof(f5187,plain,(
  ( ! [X14,X15,X16] : (eqdim(X16,X14) | ~eqdim(X16,X15) | ~eqdim(X14,X15)) )),
  inference(subsumption_resolution,[],[f5164,f1514])).
fof(f1514,plain,(
  ( ! [X2,X0,X1] : (~less(X0,X1) | ~eqdim(X0,X2) | ~eqdim(X1,X2)) )),
  inference(resolution,[],[f704,f268])).
fof(f704,plain,(
  ( ! [X10,X8,X9] : (~leq(X8,X9) | ~less(X10,X8) | ~eqdim(X10,X9)) )),
  inference(resolution,[],[f278,f260])).
fof(f260,plain,(
  ( ! [X0,X1] : (~less(X0,X1) | ~eqdim(X0,X1)) )),
  inference(cnf_transformation,[],[f188])).
fof(f278,plain,(
  ( ! [X2,X0,X1] : (less(X0,X2) | ~leq(X1,X2) | ~less(X0,X1)) )),
  inference(cnf_transformation,[],[f140])).
fof(f140,plain,(
  ! [X0,X1,X2] : (~less(X0,X1) | ~leq(X1,X2) | less(X0,X2))),
  inference(flattening,[],[f139])).
fof(f139,plain,(
  ! [X0,X1,X2] : ((~less(X0,X1) | ~leq(X1,X2)) | less(X0,X2))),
  inference(ennf_transformation,[],[f97])).
fof(f97,plain,(
  ! [X0,X1,X2] : ((less(X0,X1) & leq(X1,X2)) => less(X0,X2))),
  inference(flattening,[],[f96])).
fof(f96,plain,(
  ! [X0] : ! [X1] : ! [X2] : ((less(X0,X1) & leq(X1,X2)) => less(X0,X2))),
  inference(rectify,[],[f16])).
fof(f16,axiom,(
  ! [X34] : ! [X35] : ! [X36] : ((less(X34,X35) & leq(X35,X36)) => less(X34,X36))),
  file(unknown,unknown)).
fof(f5164,plain,(
  ( ! [X14,X15,X16] : (~eqdim(X14,X15) | ~eqdim(X16,X15) | eqdim(X16,X14) | less(X16,X14)) )),
  inference(resolution,[],[f1514,f262])).
% SZS output end Proof for unknown
------------------------------
Version: Vampire 0.6 (revision 903)
Termination reason: Refutation

Active clauses: 1795
Passive clauses: 11222
Generated clauses: 27672
Final active clauses: 1795
Final passive clauses: 9064
Input formulas: 38
Initial clauses: 87

Selected by SInE selection: 38
SInE iterations: 1

Duplicate literals: 1074
Fw subsumption resolutions: 1885

Simple tautologies: 297
Equational tautologies: 11
Forward subsumptions: 13626

Binary resolution: 17978
Factoring: 111
Forward superposition: 6424
Backward superposition: 205

Unique components: 2

Memory used: 4733KB
Time elapsed: 0.356 s
------------------------------
% Success in time 0.793 s
