============================== Prover9 ===============================
Prover9 (64) version 2009-11A, November 2009.
Process 22942 was started by cchui on stl-ws4.mie.utoronto.ca,
Tue Jul 30 21:16:48 2013
The command was "prover9 -t 120 -f test/p9/dolce_temporary_parthood.p9 test/p9/dolce_temporary_parthood2ideal_cem_downward_cem_foliation1.p9 test/p9/dolce_present.p9 test/p9/dolce_time_mereology.p9 test/p9/dolce_taxonomy.p9 test/p9/options.txt test/p9/ex0730_temporary_parthood1_21.p9".
============================== end of head ===========================

============================== INPUT =================================

% Reading from file test/p9/dolce_temporary_parthood.p9


formulas(sos).
(all x all y all t (tP(x,y,t) -> ED(x) & ED(y) & T(t))).
(all x all y all t (tP(x,y,t) -> (PED(x) <-> PED(y)))).
(all x all y all t (tP(x,y,t) -> (NPED(x) <-> NPED(y)))).
(all x all y all z all t (tP(x,y,t) & tP(y,z,t) -> tP(x,z,t))).
(all x all y all z all t (ED(x) & ED(y) & PRE(x,t) & PRE(y,t) & -tP(x,y,t) -> (exists z (tP(z,x,t) & -tO(z,y,t))))).
(all x all t (ED(x) & PRE(x,t) -> tP(x,x,t))).
(all x all y all t (tP(x,y,t) -> PRE(x,t) & PRE(y,t))).
(all x all y all t1 (tP(x,y,t1) -> (all t2 (P(t2,t1) -> tP(x,y,t2))))).
(all x all y all t (ED(x) & ED(y) & PRE(x,t) & PRE(y,t) & -tP(x,y,t) -> (exists z (tP(z,x,t) & tDJ(z,y,t))))).
(all x all y all t (tPP(x,y,t) <-> tP(x,y,t) & -tP(y,x,t))).
(all x all y all t (tO(x,y,t) <-> (exists z (tP(z,x,t) & tP(z,y,t))))).
(all x all y all t (tDJ(x,y,t) <-> -tO(x,y,t))).
(all x all y all t (tU(x,y,t) <-> (exists z (tP(x,z,t) & tP(y,z,t))))).
(all x all t (tAtP(x,t) <-> (all y (tP(y,x,t) -> y = x)))).
(all x all y all t (tU(x,y,t) -> (exists z all v (tO(v,z,t) <-> tO(v,x,t) | tO(v,y,t))))).
(all x all y all t (tO(x,y,t) -> (exists z all v (tPP(v,z,t) <-> tPP(v,x,t) & tPP(v,y,t))))).
end_of_list.

% Reading from file test/p9/dolce_temporary_parthood2ideal_cem_downward_cem_foliation1.p9


formulas(sos).
(all x all y (part1(x,y) <-> P(x,y) & T(x) & T(y))).
(all x all y (in1(x,y) <-> PRE(x,y) & T(y) & PED(x) | PRE(y,x) & T(x) & PED(y) | x = y & (PED(y) | T(y)))).
(all x (point1(x) <-> T(x))).
(all x (line1(x) <-> PED(x))).
(all x all y all z (tpart1(x,y,z) <-> tP(x,y,z) & PED(x) & PED(y))).
(all x (L_1(x) <-> ED(x))).
(all x (L_2(x) <-> PD(x))).
(all x (L_3(x) <-> Q(x))).
(all x (L_4(x) <-> PED(x))).
(all x (L_5(x) <-> NPED(x))).
(all x all y (ppart(x,y) <-> PP(x,y) & T(x) & T(y))).
(all x all y (overlaps(x,y) <-> O(x,y) & T(x) & T(y))).
(all x all y (underlaps(x,y) <-> U(x,y) & T(x) & T(y))).
(all x all y (disjoint(x,y) <-> DJ(x,y) & T(x) & T(y))).
(all x all y all z (sum(x,y,z) <-> SUM(z,x,y) & T(z) & T(x) & T(y))).
(all x all y all t (tppart(x,y,t) <-> tPP(x,y,t))).
(all x all y all t (toverlaps(x,y,t) <-> tO(x,y,t))).
(all x all y all t (tunderlaps(x,y,t) <-> tU(x,y,t))).
(all x all y all t (tdisjoint(x,y,t) <-> -tO(x,y,t))).
end_of_list.

% Reading from file test/p9/dolce_present.p9


formulas(sos).
(all x (ED(x) | PD(x) | Q(x) -> (exists t PRE(x,t)))).
(all x all t all t1 (PRE(x,t) & P(t1,t) -> PRE(x,t1))).
(all x all t (PRE(x,t) -> T(t))).
(all x all t all t1 all t2 (PRE(x,t1) & PRE(x,t2) & SUM(t,t1,t2) -> PRE(x,t))).
end_of_list.

% Reading from file test/p9/dolce_time_mereology.p9


formulas(sos).
(all x all y (P(x,y) -> T(y) & T(y))).
(all x all y (P(x,y) -> (T(x) <-> T(y)))).
(all x all y (T(x) -> P(x,x))).
(all x all y (T(x) & T(y) & P(x,y) & P(y,x) -> x = y)).
(all x all y all z (T(x) & T(y) & P(x,y) & P(y,z) -> P(x,z))).
(all x all y (T(x) & T(y) & -P(x,y) -> (exists z (T(z) & P(z,x) & -O(z,y))))).
(all x all y (T(x) & T(y) & -P(x,y) -> (exists z (P(z,x) & DJ(z,y) & T(z))))).
(all x all y (T(x) & T(y) -> (PP(x,y) <-> P(x,y) & -P(y,x)))).
(all x all y (T(x) & T(y) -> (O(x,y) <-> (exists z (P(z,x) & P(z,y) & T(z)))))).
(all x all y (T(x) & T(y) -> (DJ(x,y) <-> -O(x,y)))).
(all x all y (T(x) & T(y) -> (U(x,y) <-> (exists z (P(x,z) & P(y,z) & T(z)))))).
(all x (AtP(x) <-> T(x) & (all y (T(y) & P(y,x) -> y = x)))).
(all x all y (T(x) & T(y) & U(x,y) -> (exists z (T(z) & (all w (T(w) -> (O(w,z) <-> O(w,x) | O(w,y)))))))).
(all x all y (T(x) & T(y) & O(x,y) -> (exists z (T(z) & (all w (T(w) -> (PP(w,z) <-> PP(w,x) & PP(w,y)))))))).
(all x all y all z (T(x) & T(y) & T(z) -> (SUM(z,x,y) <-> (all w (T(w) -> (O(w,z) <-> O(w,x) | O(w,y))))))).
end_of_list.

% Reading from file test/p9/dolce_taxonomy.p9


formulas(sos).
(all x (ED(x) | PD(x) | Q(x) | AB(x) -> PT(x))).
(all x (PED(x) | NPED(x) | AS(x) -> ED(x))).
(all x (EV(x) | STV(x) -> PD(x))).
(all x (TQ(x) | PQ(x) | AQ(x) -> Q(x))).
(all x (R(x) -> AB(x))).
(all x (M(x) | F(x) | POB(x) -> PED(x))).
(all x (NPOB(x) -> NPED(x))).
(all x (ACH(x) | ACC(x) -> EV(x))).
(all x (ST(x) | PRO(x) -> STV(x))).
(all x (TL(x) -> TQ(x))).
(all x (SL(x) -> PQ(x))).
(all x (TR(x) | PR(x) | AR(x) -> R(x))).
(all x (APO(x) | NAPO(x) -> POB(x))).
(all x (MOB(x) | SOB(x) -> NPOB(x))).
(all x (T(x) -> TR(x))).
(all x (S(x) -> PR(x))).
(all x (ASO(x) | NASO(x) -> SOB(x))).
(all x (SAG(x) | SC(x) -> ASO(x))).
(all x (PT(x) <-> ED(x) | PD(x) | Q(x) | AB(x))).
(all x (ED(x) -> -PD(x) & -Q(x) & -AB(x))).
(all x (PD(x) -> -Q(x) & -AB(x))).
(all x (Q(x) -> -AB(x))).
(all x (ED(x) <-> PED(x) | NPED(x) | AS(x))).
(all x (PED(x) -> -NPED(x) & -AS(x))).
(all x (NPED(x) -> -AS(x))).
(all x (PD(x) <-> EV(x) | STV(x))).
(all x (EV(x) -> -STV(x))).
(all x (Q(x) <-> TQ(x) | PQ(x) | AQ(x))).
(all x (TQ(x) -> -PQ(x) & -AQ(x))).
(all x (PQ(x) -> -AQ(x))).
(all x (PED(x) <-> M(x) | F(x) | POB(x))).
(all x (M(x) -> -F(x) & -POB(x))).
(all x (F(x) -> -POB(x))).
(all x (EV(x) <-> ACH(x) | ACC(x))).
(all x (ACH(x) -> -ACC(x))).
(all x (STV(x) <-> ST(x) | PRO(x))).
(all x (ST(x) -> -PRO(x))).
(all x (R(x) <-> TR(x) | PR(x) | AR(x))).
(all x (TR(x) -> -PR(x) & -AR(x))).
(all x (PR(x) -> -AR(x))).
(all x (POB(x) <-> APO(x) | NAPO(x))).
(all x (APO(x) -> -NAPO(x))).
(all x (NPOB(x) <-> MOB(x) | SOB(x))).
(all x (MOB(x) -> -SOB(x))).
(all x (SOB(x) <-> ASO(x) | NASO(x))).
(all x (ASO(x) -> -NASO(x))).
(all x (ASO(x) <-> SAG(x) | SC(x))).
(all x (SAG(x) -> -SC(x))).
end_of_list.

% Reading from file test/p9/options.txt

clear(auto_denials).
clear(print_initial_clauses).
clear(print_kept).
clear(print_given).

% Reading from file test/p9/ex0730_temporary_parthood1_21.p9


formulas(goals).
(all x all y (point1(x) & point1(y) & -part1(x,y) -> (exists z (point1(z) & part1(z,x) & disjoint(z,y))))).
end_of_list.

============================== end of input ==========================

% From the command line: assign(max_seconds, 120).

============================== PROCESS NON-CLAUSAL FORMULAS ==========

% Formulas that are not ordinary clauses:
1 (all x all y all t (tP(x,y,t) -> ED(x) & ED(y) & T(t))) # label(non_clause).  [assumption].
2 (all x all y all t (tP(x,y,t) -> (PED(x) <-> PED(y)))) # label(non_clause).  [assumption].
3 (all x all y all t (tP(x,y,t) -> (NPED(x) <-> NPED(y)))) # label(non_clause).  [assumption].
4 (all x all y all z all t (tP(x,y,t) & tP(y,z,t) -> tP(x,z,t))) # label(non_clause).  [assumption].
5 (all x all y all z all t (ED(x) & ED(y) & PRE(x,t) & PRE(y,t) & -tP(x,y,t) -> (exists z (tP(z,x,t) & -tO(z,y,t))))) # label(non_clause).  [assumption].
6 (all x all t (ED(x) & PRE(x,t) -> tP(x,x,t))) # label(non_clause).  [assumption].
7 (all x all y all t (tP(x,y,t) -> PRE(x,t) & PRE(y,t))) # label(non_clause).  [assumption].
8 (all x all y all t1 (tP(x,y,t1) -> (all t2 (P(t2,t1) -> tP(x,y,t2))))) # label(non_clause).  [assumption].
9 (all x all y all t (ED(x) & ED(y) & PRE(x,t) & PRE(y,t) & -tP(x,y,t) -> (exists z (tP(z,x,t) & tDJ(z,y,t))))) # label(non_clause).  [assumption].
10 (all x all y all t (tPP(x,y,t) <-> tP(x,y,t) & -tP(y,x,t))) # label(non_clause).  [assumption].
11 (all x all y all t (tO(x,y,t) <-> (exists z (tP(z,x,t) & tP(z,y,t))))) # label(non_clause).  [assumption].
12 (all x all y all t (tDJ(x,y,t) <-> -tO(x,y,t))) # label(non_clause).  [assumption].
13 (all x all y all t (tU(x,y,t) <-> (exists z (tP(x,z,t) & tP(y,z,t))))) # label(non_clause).  [assumption].
14 (all x all t (tAtP(x,t) <-> (all y (tP(y,x,t) -> y = x)))) # label(non_clause).  [assumption].
15 (all x all y all t (tU(x,y,t) -> (exists z all v (tO(v,z,t) <-> tO(v,x,t) | tO(v,y,t))))) # label(non_clause).  [assumption].
16 (all x all y all t (tO(x,y,t) -> (exists z all v (tPP(v,z,t) <-> tPP(v,x,t) & tPP(v,y,t))))) # label(non_clause).  [assumption].
17 (all x all y (part1(x,y) <-> P(x,y) & T(x) & T(y))) # label(non_clause).  [assumption].
18 (all x all y (in1(x,y) <-> PRE(x,y) & T(y) & PED(x) | PRE(y,x) & T(x) & PED(y) | x = y & (PED(y) | T(y)))) # label(non_clause).  [assumption].
19 (all x (point1(x) <-> T(x))) # label(non_clause).  [assumption].
20 (all x (line1(x) <-> PED(x))) # label(non_clause).  [assumption].
21 (all x all y all z (tpart1(x,y,z) <-> tP(x,y,z) & PED(x) & PED(y))) # label(non_clause).  [assumption].
22 (all x (L_1(x) <-> ED(x))) # label(non_clause).  [assumption].
23 (all x (L_2(x) <-> PD(x))) # label(non_clause).  [assumption].
24 (all x (L_3(x) <-> Q(x))) # label(non_clause).  [assumption].
25 (all x (L_4(x) <-> PED(x))) # label(non_clause).  [assumption].
26 (all x (L_5(x) <-> NPED(x))) # label(non_clause).  [assumption].
27 (all x all y (ppart(x,y) <-> PP(x,y) & T(x) & T(y))) # label(non_clause).  [assumption].
28 (all x all y (overlaps(x,y) <-> O(x,y) & T(x) & T(y))) # label(non_clause).  [assumption].
29 (all x all y (underlaps(x,y) <-> U(x,y) & T(x) & T(y))) # label(non_clause).  [assumption].
30 (all x all y (disjoint(x,y) <-> DJ(x,y) & T(x) & T(y))) # label(non_clause).  [assumption].
31 (all x all y all z (sum(x,y,z) <-> SUM(z,x,y) & T(z) & T(x) & T(y))) # label(non_clause).  [assumption].
32 (all x all y all t (tppart(x,y,t) <-> tPP(x,y,t))) # label(non_clause).  [assumption].
33 (all x all y all t (toverlaps(x,y,t) <-> tO(x,y,t))) # label(non_clause).  [assumption].
34 (all x all y all t (tunderlaps(x,y,t) <-> tU(x,y,t))) # label(non_clause).  [assumption].
35 (all x all y all t (tdisjoint(x,y,t) <-> -tO(x,y,t))) # label(non_clause).  [assumption].
36 (all x (ED(x) | PD(x) | Q(x) -> (exists t PRE(x,t)))) # label(non_clause).  [assumption].
37 (all x all t all t1 (PRE(x,t) & P(t1,t) -> PRE(x,t1))) # label(non_clause).  [assumption].
38 (all x all t (PRE(x,t) -> T(t))) # label(non_clause).  [assumption].
39 (all x all t all t1 all t2 (PRE(x,t1) & PRE(x,t2) & SUM(t,t1,t2) -> PRE(x,t))) # label(non_clause).  [assumption].
40 (all x all y (P(x,y) -> T(y) & T(y))) # label(non_clause).  [assumption].
41 (all x all y (P(x,y) -> (T(x) <-> T(y)))) # label(non_clause).  [assumption].
42 (all x all y (T(x) -> P(x,x))) # label(non_clause).  [assumption].
43 (all x all y (T(x) & T(y) & P(x,y) & P(y,x) -> x = y)) # label(non_clause).  [assumption].
44 (all x all y all z (T(x) & T(y) & P(x,y) & P(y,z) -> P(x,z))) # label(non_clause).  [assumption].
45 (all x all y (T(x) & T(y) & -P(x,y) -> (exists z (T(z) & P(z,x) & -O(z,y))))) # label(non_clause).  [assumption].
46 (all x all y (T(x) & T(y) & -P(x,y) -> (exists z (P(z,x) & DJ(z,y) & T(z))))) # label(non_clause).  [assumption].
47 (all x all y (T(x) & T(y) -> (PP(x,y) <-> P(x,y) & -P(y,x)))) # label(non_clause).  [assumption].
48 (all x all y (T(x) & T(y) -> (O(x,y) <-> (exists z (P(z,x) & P(z,y) & T(z)))))) # label(non_clause).  [assumption].
49 (all x all y (T(x) & T(y) -> (DJ(x,y) <-> -O(x,y)))) # label(non_clause).  [assumption].
50 (all x all y (T(x) & T(y) -> (U(x,y) <-> (exists z (P(x,z) & P(y,z) & T(z)))))) # label(non_clause).  [assumption].
51 (all x (AtP(x) <-> T(x) & (all y (T(y) & P(y,x) -> y = x)))) # label(non_clause).  [assumption].
52 (all x all y (T(x) & T(y) & U(x,y) -> (exists z (T(z) & (all w (T(w) -> (O(w,z) <-> O(w,x) | O(w,y)))))))) # label(non_clause).  [assumption].
53 (all x all y (T(x) & T(y) & O(x,y) -> (exists z (T(z) & (all w (T(w) -> (PP(w,z) <-> PP(w,x) & PP(w,y)))))))) # label(non_clause).  [assumption].
54 (all x all y all z (T(x) & T(y) & T(z) -> (SUM(z,x,y) <-> (all w (T(w) -> (O(w,z) <-> O(w,x) | O(w,y))))))) # label(non_clause).  [assumption].
55 (all x (ED(x) | PD(x) | Q(x) | AB(x) -> PT(x))) # label(non_clause).  [assumption].
56 (all x (PED(x) | NPED(x) | AS(x) -> ED(x))) # label(non_clause).  [assumption].
57 (all x (EV(x) | STV(x) -> PD(x))) # label(non_clause).  [assumption].
58 (all x (TQ(x) | PQ(x) | AQ(x) -> Q(x))) # label(non_clause).  [assumption].
59 (all x (R(x) -> AB(x))) # label(non_clause).  [assumption].
60 (all x (M(x) | F(x) | POB(x) -> PED(x))) # label(non_clause).  [assumption].
61 (all x (NPOB(x) -> NPED(x))) # label(non_clause).  [assumption].
62 (all x (ACH(x) | ACC(x) -> EV(x))) # label(non_clause).  [assumption].
63 (all x (ST(x) | PRO(x) -> STV(x))) # label(non_clause).  [assumption].
64 (all x (TL(x) -> TQ(x))) # label(non_clause).  [assumption].
65 (all x (SL(x) -> PQ(x))) # label(non_clause).  [assumption].
66 (all x (TR(x) | PR(x) | AR(x) -> R(x))) # label(non_clause).  [assumption].
67 (all x (APO(x) | NAPO(x) -> POB(x))) # label(non_clause).  [assumption].
68 (all x (MOB(x) | SOB(x) -> NPOB(x))) # label(non_clause).  [assumption].
69 (all x (T(x) -> TR(x))) # label(non_clause).  [assumption].
70 (all x (S(x) -> PR(x))) # label(non_clause).  [assumption].
71 (all x (ASO(x) | NASO(x) -> SOB(x))) # label(non_clause).  [assumption].
72 (all x (SAG(x) | SC(x) -> ASO(x))) # label(non_clause).  [assumption].
73 (all x (PT(x) <-> ED(x) | PD(x) | Q(x) | AB(x))) # label(non_clause).  [assumption].
74 (all x (ED(x) -> -PD(x) & -Q(x) & -AB(x))) # label(non_clause).  [assumption].
75 (all x (PD(x) -> -Q(x) & -AB(x))) # label(non_clause).  [assumption].
76 (all x (Q(x) -> -AB(x))) # label(non_clause).  [assumption].
77 (all x (ED(x) <-> PED(x) | NPED(x) | AS(x))) # label(non_clause).  [assumption].
78 (all x (PED(x) -> -NPED(x) & -AS(x))) # label(non_clause).  [assumption].
79 (all x (NPED(x) -> -AS(x))) # label(non_clause).  [assumption].
80 (all x (PD(x) <-> EV(x) | STV(x))) # label(non_clause).  [assumption].
81 (all x (EV(x) -> -STV(x))) # label(non_clause).  [assumption].
82 (all x (Q(x) <-> TQ(x) | PQ(x) | AQ(x))) # label(non_clause).  [assumption].
83 (all x (TQ(x) -> -PQ(x) & -AQ(x))) # label(non_clause).  [assumption].
84 (all x (PQ(x) -> -AQ(x))) # label(non_clause).  [assumption].
85 (all x (PED(x) <-> M(x) | F(x) | POB(x))) # label(non_clause).  [assumption].
86 (all x (M(x) -> -F(x) & -POB(x))) # label(non_clause).  [assumption].
87 (all x (F(x) -> -POB(x))) # label(non_clause).  [assumption].
88 (all x (EV(x) <-> ACH(x) | ACC(x))) # label(non_clause).  [assumption].
89 (all x (ACH(x) -> -ACC(x))) # label(non_clause).  [assumption].
90 (all x (STV(x) <-> ST(x) | PRO(x))) # label(non_clause).  [assumption].
91 (all x (ST(x) -> -PRO(x))) # label(non_clause).  [assumption].
92 (all x (R(x) <-> TR(x) | PR(x) | AR(x))) # label(non_clause).  [assumption].
93 (all x (TR(x) -> -PR(x) & -AR(x))) # label(non_clause).  [assumption].
94 (all x (PR(x) -> -AR(x))) # label(non_clause).  [assumption].
95 (all x (POB(x) <-> APO(x) | NAPO(x))) # label(non_clause).  [assumption].
96 (all x (APO(x) -> -NAPO(x))) # label(non_clause).  [assumption].
97 (all x (NPOB(x) <-> MOB(x) | SOB(x))) # label(non_clause).  [assumption].
98 (all x (MOB(x) -> -SOB(x))) # label(non_clause).  [assumption].
99 (all x (SOB(x) <-> ASO(x) | NASO(x))) # label(non_clause).  [assumption].
100 (all x (ASO(x) -> -NASO(x))) # label(non_clause).  [assumption].
101 (all x (ASO(x) <-> SAG(x) | SC(x))) # label(non_clause).  [assumption].
102 (all x (SAG(x) -> -SC(x))) # label(non_clause).  [assumption].
103 (all x all y (point1(x) & point1(y) & -part1(x,y) -> (exists z (point1(z) & part1(z,x) & disjoint(z,y))))) # label(non_clause) # label(goal).  [goal].

============================== end of process non-clausal formulas ===

============================== PROCESS INITIAL CLAUSES ===============

============================== PREDICATE ELIMINATION =================

Eliminating tDJ/3
104 -tDJ(x,y,z) | -tO(x,y,z).  [clausify(12)].
105 -ED(x) | -ED(y) | -PRE(x,z) | -PRE(y,z) | tP(x,y,z) | tDJ(f2(x,y,z),y,z).  [clausify(9)].
Derived: -tO(f2(x,y,z),y,z) | -ED(x) | -ED(y) | -PRE(x,z) | -PRE(y,z) | tP(x,y,z).  [resolve(104,a,105,f)].
106 tDJ(x,y,z) | tO(x,y,z).  [clausify(12)].

Eliminating tU/3
107 tU(x,y,z) | -tP(x,u,z) | -tP(y,u,z).  [clausify(13)].
108 -tU(x,y,z) | tP(x,f4(x,y,z),z).  [clausify(13)].
109 -tU(x,y,z) | tP(y,f4(x,y,z),z).  [clausify(13)].
Derived: -tP(x,y,z) | -tP(u,y,z) | tP(x,f4(x,u,z),z).  [resolve(107,a,108,a)].
Derived: -tP(x,y,z) | -tP(u,y,z) | tP(u,f4(x,u,z),z).  [resolve(107,a,109,a)].
110 -tU(x,y,z) | -tO(u,f6(x,y,z),z) | tO(u,x,z) | tO(u,y,z).  [clausify(15)].
Derived: -tO(x,f6(y,z,u),u) | tO(x,y,u) | tO(x,z,u) | -tP(y,w,u) | -tP(z,w,u).  [resolve(110,a,107,a)].
111 -tU(x,y,z) | tO(u,f6(x,y,z),z) | -tO(u,x,z).  [clausify(15)].
Derived: tO(x,f6(y,z,u),u) | -tO(x,y,u) | -tP(y,w,u) | -tP(z,w,u).  [resolve(111,a,107,a)].
112 -tU(x,y,z) | tO(u,f6(x,y,z),z) | -tO(u,y,z).  [clausify(15)].
Derived: tO(x,f6(y,z,u),u) | -tO(x,z,u) | -tP(y,w,u) | -tP(z,w,u).  [resolve(112,a,107,a)].
113 -tunderlaps(x,y,z) | tU(x,y,z).  [clausify(34)].
Derived: -tunderlaps(x,y,z) | tP(x,f4(x,y,z),z).  [resolve(113,b,108,a)].
Derived: -tunderlaps(x,y,z) | tP(y,f4(x,y,z),z).  [resolve(113,b,109,a)].
Derived: -tunderlaps(x,y,z) | -tO(u,f6(x,y,z),z) | tO(u,x,z) | tO(u,y,z).  [resolve(113,b,110,a)].
Derived: -tunderlaps(x,y,z) | tO(u,f6(x,y,z),z) | -tO(u,x,z).  [resolve(113,b,111,a)].
Derived: -tunderlaps(x,y,z) | tO(u,f6(x,y,z),z) | -tO(u,y,z).  [resolve(113,b,112,a)].
114 tunderlaps(x,y,z) | -tU(x,y,z).  [clausify(34)].
Derived: tunderlaps(x,y,z) | -tP(x,u,z) | -tP(y,u,z).  [resolve(114,b,107,a)].

Eliminating tAtP/2
115 tAtP(x,y) | tP(f5(x,y),x,y).  [clausify(14)].
116 -tAtP(x,y) | -tP(z,x,y) | z = x.  [clausify(14)].
Derived: tP(f5(x,y),x,y) | -tP(z,x,y) | z = x.  [resolve(115,a,116,a)].
117 tAtP(x,y) | f5(x,y) != x.  [clausify(14)].
Derived: f5(x,y) != x | -tP(z,x,y) | z = x.  [resolve(117,a,116,a)].

Eliminating in1/2
118 in1(x,y) | -PRE(x,y) | -T(y) | -PED(x).  [clausify(18)].
119 -in1(x,y) | PRE(x,y) | PRE(y,x) | y = x.  [clausify(18)].
120 -in1(x,y) | PRE(x,y) | T(x) | y = x.  [clausify(18)].
121 -in1(x,y) | PRE(x,y) | PED(y) | y = x.  [clausify(18)].
122 -in1(x,y) | T(y) | PRE(y,x) | y = x.  [clausify(18)].
123 -in1(x,y) | T(y) | T(x) | y = x.  [clausify(18)].
124 -in1(x,y) | T(y) | PED(y).  [clausify(18)].
125 -in1(x,y) | PED(x) | PRE(y,x) | y = x.  [clausify(18)].
126 -in1(x,y) | PED(x) | T(x) | y = x.  [clausify(18)].
127 -in1(x,y) | PED(x) | PED(y) | y = x.  [clausify(18)].
128 in1(x,y) | -PRE(y,x) | -T(x) | -PED(y).  [clausify(18)].
129 in1(x,y) | y != x | -PED(y).  [clausify(18)].
130 in1(x,y) | y != x | -T(y).  [clausify(18)].

Eliminating point1/1
131 point1(x) | -T(x).  [clausify(19)].
132 -point1(x) | T(x).  [clausify(19)].
133 point1(c1).  [deny(103)].
Derived: T(c1).  [resolve(133,a,132,a)].
134 point1(c2).  [deny(103)].
Derived: T(c2).  [resolve(134,a,132,a)].
135 -point1(x) | -part1(x,c1) | -disjoint(x,c2).  [deny(103)].
Derived: -part1(x,c1) | -disjoint(x,c2) | -T(x).  [resolve(135,a,131,a)].
Derived: -part1(c1,c1) | -disjoint(c1,c2).  [resolve(135,a,133,a)].
Derived: -part1(c2,c1) | -disjoint(c2,c2).  [resolve(135,a,134,a)].

Eliminating line1/1
136 line1(x) | -PED(x).  [clausify(20)].
137 -line1(x) | PED(x).  [clausify(20)].

Eliminating tpart1/3
138 tpart1(x,y,z) | -tP(x,y,z) | -PED(x) | -PED(y).  [clausify(21)].
139 -tpart1(x,y,z) | tP(x,y,z).  [clausify(21)].
140 -tpart1(x,y,z) | PED(x).  [clausify(21)].
141 -tpart1(x,y,z) | PED(y).  [clausify(21)].

Eliminating L_1/1
142 L_1(x) | -ED(x).  [clausify(22)].
143 -L_1(x) | ED(x).  [clausify(22)].

Eliminating L_2/1
144 L_2(x) | -PD(x).  [clausify(23)].
145 -L_2(x) | PD(x).  [clausify(23)].

Eliminating L_3/1
146 L_3(x) | -Q(x).  [clausify(24)].
147 -L_3(x) | Q(x).  [clausify(24)].

Eliminating L_4/1
148 L_4(x) | -PED(x).  [clausify(25)].
149 -L_4(x) | PED(x).  [clausify(25)].

Eliminating L_5/1
150 L_5(x) | -NPED(x).  [clausify(26)].
151 -L_5(x) | NPED(x).  [clausify(26)].

Eliminating ppart/2
152 ppart(x,y) | -PP(x,y) | -T(x) | -T(y).  [clausify(27)].
153 -ppart(x,y) | PP(x,y).  [clausify(27)].
154 -ppart(x,y) | T(x).  [clausify(27)].
155 -ppart(x,y) | T(y).  [clausify(27)].

Eliminating overlaps/2
156 overlaps(x,y) | -O(x,y) | -T(x) | -T(y).  [clausify(28)].
157 -overlaps(x,y) | O(x,y).  [clausify(28)].
158 -overlaps(x,y) | T(x).  [clausify(28)].
159 -overlaps(x,y) | T(y).  [clausify(28)].

Eliminating underlaps/2
160 underlaps(x,y) | -U(x,y) | -T(x) | -T(y).  [clausify(29)].
161 -underlaps(x,y) | U(x,y).  [clausify(29)].
162 -underlaps(x,y) | T(x).  [clausify(29)].
163 -underlaps(x,y) | T(y).  [clausify(29)].

Eliminating DJ/2
164 disjoint(x,y) | -DJ(x,y) | -T(x) | -T(y).  [clausify(30)].
165 -disjoint(x,y) | DJ(x,y).  [clausify(30)].
166 -T(x) | -T(y) | P(x,y) | DJ(f10(x,y),y).  [clausify(46)].
Derived: -T(x) | -T(y) | P(x,y) | disjoint(f10(x,y),y) | -T(f10(x,y)) | -T(y).  [resolve(166,d,164,b)].
167 -T(x) | -T(y) | -DJ(x,y) | -O(x,y).  [clausify(49)].
Derived: -T(x) | -T(y) | -O(x,y) | -disjoint(x,y).  [resolve(167,c,165,b)].
Derived: -T(f10(x,y)) | -T(y) | -O(f10(x,y),y) | -T(x) | -T(y) | P(x,y).  [resolve(167,c,166,d)].
168 -T(x) | -T(y) | DJ(x,y) | O(x,y).  [clausify(49)].
Derived: -T(x) | -T(y) | O(x,y) | disjoint(x,y) | -T(x) | -T(y).  [resolve(168,c,164,b)].

Eliminating sum/3
169 sum(x,y,z) | -SUM(z,x,y) | -T(z) | -T(x) | -T(y).  [clausify(31)].
170 -sum(x,y,z) | SUM(z,x,y).  [clausify(31)].
171 -sum(x,y,z) | T(z).  [clausify(31)].
172 -sum(x,y,z) | T(x).  [clausify(31)].
173 -sum(x,y,z) | T(y).  [clausify(31)].

Eliminating tppart/3
174 tppart(x,y,z) | -tPP(x,y,z).  [clausify(32)].
175 -tppart(x,y,z) | tPP(x,y,z).  [clausify(32)].

Eliminating toverlaps/3
176 toverlaps(x,y,z) | -tO(x,y,z).  [clausify(33)].
177 -toverlaps(x,y,z) | tO(x,y,z).  [clausify(33)].

Eliminating tdisjoint/3
178 tdisjoint(x,y,z) | tO(x,y,z).  [clausify(35)].
179 -tdisjoint(x,y,z) | -tO(x,y,z).  [clausify(35)].

Eliminating PD/1
180 -EV(x) | PD(x).  [clausify(57)].
181 -PD(x) | PRE(x,f8(x)).  [clausify(36)].
182 -PD(x) | PT(x).  [clausify(55)].
Derived: -EV(x) | PRE(x,f8(x)).  [resolve(180,b,181,a)].
Derived: -EV(x) | PT(x).  [resolve(180,b,182,a)].
183 -STV(x) | PD(x).  [clausify(57)].
Derived: -STV(x) | PRE(x,f8(x)).  [resolve(183,b,181,a)].
Derived: -STV(x) | PT(x).  [resolve(183,b,182,a)].
184 -PT(x) | ED(x) | PD(x) | Q(x) | AB(x).  [clausify(73)].
Derived: -PT(x) | ED(x) | Q(x) | AB(x) | PRE(x,f8(x)).  [resolve(184,c,181,a)].
185 PT(x) | -PD(x).  [clausify(73)].
186 -ED(x) | -PD(x).  [clausify(74)].
Derived: -ED(x) | -EV(x).  [resolve(186,b,180,b)].
Derived: -ED(x) | -STV(x).  [resolve(186,b,183,b)].
187 -PD(x) | -Q(x).  [clausify(75)].
Derived: -Q(x) | -EV(x).  [resolve(187,a,180,b)].
Derived: -Q(x) | -STV(x).  [resolve(187,a,183,b)].
188 -PD(x) | -AB(x).  [clausify(75)].
Derived: -AB(x) | -EV(x).  [resolve(188,a,180,b)].
Derived: -AB(x) | -STV(x).  [resolve(188,a,183,b)].
189 -PD(x) | EV(x) | STV(x).  [clausify(80)].
Derived: EV(x) | STV(x) | -PT(x) | ED(x) | Q(x) | AB(x).  [resolve(189,a,184,c)].
190 PD(x) | -EV(x).  [clausify(80)].
191 PD(x) | -STV(x).  [clausify(80)].

Eliminating Q/1
192 -TQ(x) | Q(x).  [clausify(58)].
193 -Q(x) | PRE(x,f8(x)).  [clausify(36)].
194 -Q(x) | PT(x).  [clausify(55)].
Derived: -TQ(x) | PRE(x,f8(x)).  [resolve(192,b,193,a)].
Derived: -TQ(x) | PT(x).  [resolve(192,b,194,a)].
195 -PQ(x) | Q(x).  [clausify(58)].
Derived: -PQ(x) | PRE(x,f8(x)).  [resolve(195,b,193,a)].
Derived: -PQ(x) | PT(x).  [resolve(195,b,194,a)].
196 -AQ(x) | Q(x).  [clausify(58)].
Derived: -AQ(x) | PRE(x,f8(x)).  [resolve(196,b,193,a)].
Derived: -AQ(x) | PT(x).  [resolve(196,b,194,a)].
197 PT(x) | -Q(x).  [clausify(73)].
198 -ED(x) | -Q(x).  [clausify(74)].
Derived: -ED(x) | -TQ(x).  [resolve(198,b,192,b)].
Derived: -ED(x) | -PQ(x).  [resolve(198,b,195,b)].
Derived: -ED(x) | -AQ(x).  [resolve(198,b,196,b)].
199 -Q(x) | -AB(x).  [clausify(76)].
Derived: -AB(x) | -TQ(x).  [resolve(199,a,192,b)].
Derived: -AB(x) | -PQ(x).  [resolve(199,a,195,b)].
Derived: -AB(x) | -AQ(x).  [resolve(199,a,196,b)].
200 -Q(x) | TQ(x) | PQ(x) | AQ(x).  [clausify(82)].
201 Q(x) | -TQ(x).  [clausify(82)].
202 Q(x) | -PQ(x).  [clausify(82)].
203 Q(x) | -AQ(x).  [clausify(82)].
204 -PT(x) | ED(x) | Q(x) | AB(x) | PRE(x,f8(x)).  [resolve(184,c,181,a)].
Derived: -PT(x) | ED(x) | AB(x) | PRE(x,f8(x)) | PRE(x,f8(x)).  [resolve(204,c,193,a)].
205 -Q(x) | -EV(x).  [resolve(187,a,180,b)].
Derived: -EV(x) | -TQ(x).  [resolve(205,a,192,b)].
Derived: -EV(x) | -PQ(x).  [resolve(205,a,195,b)].
Derived: -EV(x) | -AQ(x).  [resolve(205,a,196,b)].
206 -Q(x) | -STV(x).  [resolve(187,a,183,b)].
Derived: -STV(x) | -TQ(x).  [resolve(206,a,192,b)].
Derived: -STV(x) | -PQ(x).  [resolve(206,a,195,b)].
Derived: -STV(x) | -AQ(x).  [resolve(206,a,196,b)].
207 EV(x) | STV(x) | -PT(x) | ED(x) | Q(x) | AB(x).  [resolve(189,a,184,c)].
Derived: EV(x) | STV(x) | -PT(x) | ED(x) | AB(x) | TQ(x) | PQ(x) | AQ(x).  [resolve(207,e,200,a)].

Eliminating SUM/3
208 -T(x) | -T(y) | -T(z) | SUM(z,x,y) | T(f16(x,y,z)).  [clausify(54)].
209 -PRE(x,y) | -PRE(x,z) | -SUM(u,y,z) | PRE(x,u).  [clausify(39)].
210 -T(x) | -T(y) | -T(z) | -SUM(z,x,y) | -T(u) | -O(u,z) | O(u,x) | O(u,y).  [clausify(54)].
211 -T(x) | -T(y) | -T(z) | -SUM(z,x,y) | -T(u) | O(u,z) | -O(u,x).  [clausify(54)].
212 -T(x) | -T(y) | -T(z) | -SUM(z,x,y) | -T(u) | O(u,z) | -O(u,y).  [clausify(54)].
Derived: -T(x) | -T(y) | -T(z) | T(f16(x,y,z)) | -PRE(u,x) | -PRE(u,y) | PRE(u,z).  [resolve(208,d,209,c)].
Derived: -T(x) | -T(y) | -T(z) | T(f16(x,y,z)) | -T(x) | -T(y) | -T(z) | -T(u) | -O(u,z) | O(u,x) | O(u,y).  [resolve(208,d,210,d)].
Derived: -T(x) | -T(y) | -T(z) | T(f16(x,y,z)) | -T(x) | -T(y) | -T(z) | -T(u) | O(u,z) | -O(u,x).  [resolve(208,d,211,d)].
Derived: -T(x) | -T(y) | -T(z) | T(f16(x,y,z)) | -T(x) | -T(y) | -T(z) | -T(u) | O(u,z) | -O(u,y).  [resolve(208,d,212,d)].
213 -T(x) | -T(y) | -T(z) | SUM(z,x,y) | O(f16(x,y,z),z) | O(f16(x,y,z),x) | O(f16(x,y,z),y).  [clausify(54)].
Derived: -T(x) | -T(y) | -T(z) | O(f16(x,y,z),z) | O(f16(x,y,z),x) | O(f16(x,y,z),y) | -PRE(u,x) | -PRE(u,y) | PRE(u,z).  [resolve(213,d,209,c)].
Derived: -T(x) | -T(y) | -T(z) | O(f16(x,y,z),z) | O(f16(x,y,z),x) | O(f16(x,y,z),y) | -T(x) | -T(y) | -T(z) | -T(u) | -O(u,z) | O(u,x) | O(u,y).  [resolve(213,d,210,d)].
Derived: -T(x) | -T(y) | -T(z) | O(f16(x,y,z),z) | O(f16(x,y,z),x) | O(f16(x,y,z),y) | -T(x) | -T(y) | -T(z) | -T(u) | O(u,z) | -O(u,x).  [resolve(213,d,211,d)].
Derived: -T(x) | -T(y) | -T(z) | O(f16(x,y,z),z) | O(f16(x,y,z),x) | O(f16(x,y,z),y) | -T(x) | -T(y) | -T(z) | -T(u) | O(u,z) | -O(u,y).  [resolve(213,d,212,d)].
214 -T(x) | -T(y) | -T(z) | SUM(z,x,y) | -O(f16(x,y,z),z) | -O(f16(x,y,z),x).  [clausify(54)].
Derived: -T(x) | -T(y) | -T(z) | -O(f16(x,y,z),z) | -O(f16(x,y,z),x) | -PRE(u,x) | -PRE(u,y) | PRE(u,z).  [resolve(214,d,209,c)].
Derived: -T(x) | -T(y) | -T(z) | -O(f16(x,y,z),z) | -O(f16(x,y,z),x) | -T(x) | -T(y) | -T(z) | -T(u) | -O(u,z) | O(u,x) | O(u,y).  [resolve(214,d,210,d)].
Derived: -T(x) | -T(y) | -T(z) | -O(f16(x,y,z),z) | -O(f16(x,y,z),x) | -T(x) | -T(y) | -T(z) | -T(u) | O(u,z) | -O(u,x).  [resolve(214,d,211,d)].
Derived: -T(x) | -T(y) | -T(z) | -O(f16(x,y,z),z) | -O(f16(x,y,z),x) | -T(x) | -T(y) | -T(z) | -T(u) | O(u,z) | -O(u,y).  [resolve(214,d,212,d)].
215 -T(x) | -T(y) | -T(z) | SUM(z,x,y) | -O(f16(x,y,z),z) | -O(f16(x,y,z),y).  [clausify(54)].
Derived: -T(x) | -T(y) | -T(z) | -O(f16(x,y,z),z) | -O(f16(x,y,z),y) | -PRE(u,x) | -PRE(u,y) | PRE(u,z).  [resolve(215,d,209,c)].
Derived: -T(x) | -T(y) | -T(z) | -O(f16(x,y,z),z) | -O(f16(x,y,z),y) | -T(x) | -T(y) | -T(z) | -T(u) | -O(u,z) | O(u,x) | O(u,y).  [resolve(215,d,210,d)].
Derived: -T(x) | -T(y) | -T(z) | -O(f16(x,y,z),z) | -O(f16(x,y,z),y) | -T(x) | -T(y) | -T(z) | -T(u) | O(u,z) | -O(u,x).  [resolve(215,d,211,d)].
Derived: -T(x) | -T(y) | -T(z) | -O(f16(x,y,z),z) | -O(f16(x,y,z),y) | -T(x) | -T(y) | -T(z) | -T(u) | O(u,z) | -O(u,y).  [resolve(215,d,212,d)].

Eliminating U/2
216 -T(x) | -T(y) | U(x,y) | -P(x,z) | -P(y,z) | -T(z).  [clausify(50)].
217 -T(x) | -T(y) | -U(x,y) | P(x,f12(x,y)).  [clausify(50)].
218 -T(x) | -T(y) | -U(x,y) | P(y,f12(x,y)).  [clausify(50)].
219 -T(x) | -T(y) | -U(x,y) | T(f12(x,y)).  [clausify(50)].
Derived: -T(x) | -T(y) | -P(x,z) | -P(y,z) | -T(z) | -T(x) | -T(y) | P(x,f12(x,y)).  [resolve(216,c,217,c)].
Derived: -T(x) | -T(y) | -P(x,z) | -P(y,z) | -T(z) | -T(x) | -T(y) | P(y,f12(x,y)).  [resolve(216,c,218,c)].
Derived: -T(x) | -T(y) | -P(x,z) | -P(y,z) | -T(z) | -T(x) | -T(y) | T(f12(x,y)).  [resolve(216,c,219,c)].
220 -T(x) | -T(y) | -U(x,y) | T(f14(x,y)).  [clausify(52)].
Derived: -T(x) | -T(y) | T(f14(x,y)) | -T(x) | -T(y) | -P(x,z) | -P(y,z) | -T(z).  [resolve(220,c,216,c)].
221 -T(x) | -T(y) | -U(x,y) | -T(z) | -O(z,f14(x,y)) | O(z,x) | O(z,y).  [clausify(52)].
Derived: -T(x) | -T(y) | -T(z) | -O(z,f14(x,y)) | O(z,x) | O(z,y) | -T(x) | -T(y) | -P(x,u) | -P(y,u) | -T(u).  [resolve(221,c,216,c)].
222 -T(x) | -T(y) | -U(x,y) | -T(z) | O(z,f14(x,y)) | -O(z,x).  [clausify(52)].
Derived: -T(x) | -T(y) | -T(z) | O(z,f14(x,y)) | -O(z,x) | -T(x) | -T(y) | -P(x,u) | -P(y,u) | -T(u).  [resolve(222,c,216,c)].
223 -T(x) | -T(y) | -U(x,y) | -T(z) | O(z,f14(x,y)) | -O(z,y).  [clausify(52)].
Derived: -T(x) | -T(y) | -T(z) | O(z,f14(x,y)) | -O(z,y) | -T(x) | -T(y) | -P(x,u) | -P(y,u) | -T(u).  [resolve(223,c,216,c)].

Eliminating AtP/1
224 AtP(x) | -T(x) | T(f13(x)).  [clausify(51)].
225 -AtP(x) | T(x).  [clausify(51)].
226 -AtP(x) | -T(y) | -P(y,x) | y = x.  [clausify(51)].
Derived: -T(x) | T(f13(x)) | -T(y) | -P(y,x) | y = x.  [resolve(224,a,226,a)].
227 AtP(x) | -T(x) | P(f13(x),x).  [clausify(51)].
Derived: -T(x) | P(f13(x),x) | -T(y) | -P(y,x) | y = x.  [resolve(227,a,226,a)].
228 AtP(x) | -T(x) | f13(x) != x.  [clausify(51)].
Derived: -T(x) | f13(x) != x | -T(y) | -P(y,x) | y = x.  [resolve(228,a,226,a)].

Eliminating PT/1
229 -PT(x) | ED(x) | AB(x) | PRE(x,f8(x)) | PRE(x,f8(x)).  [resolve(204,c,193,a)].
230 -ED(x) | PT(x).  [clausify(55)].
231 -AB(x) | PT(x).  [clausify(55)].
232 PT(x) | -ED(x).  [clausify(73)].
233 PT(x) | -AB(x).  [clausify(73)].
234 -EV(x) | PT(x).  [resolve(180,b,182,a)].
235 -STV(x) | PT(x).  [resolve(183,b,182,a)].
236 -TQ(x) | PT(x).  [resolve(192,b,194,a)].
237 -PQ(x) | PT(x).  [resolve(195,b,194,a)].
238 -AQ(x) | PT(x).  [resolve(196,b,194,a)].
Derived: ED(x) | AB(x) | PRE(x,f8(x)) | PRE(x,f8(x)) | -EV(x).  [resolve(229,a,234,b)].
Derived: ED(x) | AB(x) | PRE(x,f8(x)) | PRE(x,f8(x)) | -STV(x).  [resolve(229,a,235,b)].
Derived: ED(x) | AB(x) | PRE(x,f8(x)) | PRE(x,f8(x)) | -TQ(x).  [resolve(229,a,236,b)].
Derived: ED(x) | AB(x) | PRE(x,f8(x)) | PRE(x,f8(x)) | -PQ(x).  [resolve(229,a,237,b)].
Derived: ED(x) | AB(x) | PRE(x,f8(x)) | PRE(x,f8(x)) | -AQ(x).  [resolve(229,a,238,b)].
239 EV(x) | STV(x) | -PT(x) | ED(x) | AB(x) | TQ(x) | PQ(x) | AQ(x).  [resolve(207,e,200,a)].

Eliminating AS/1
240 -ED(x) | PED(x) | NPED(x) | AS(x).  [clausify(77)].
241 -AS(x) | ED(x).  [clausify(56)].
242 ED(x) | -AS(x).  [clausify(77)].
243 -PED(x) | -AS(x).  [clausify(78)].
244 -NPED(x) | -AS(x).  [clausify(79)].

Eliminating R/1
245 -TR(x) | R(x).  [clausify(66)].
246 -R(x) | AB(x).  [clausify(59)].
Derived: -TR(x) | AB(x).  [resolve(245,b,246,a)].
247 -PR(x) | R(x).  [clausify(66)].
Derived: -PR(x) | AB(x).  [resolve(247,b,246,a)].
248 -AR(x) | R(x).  [clausify(66)].
Derived: -AR(x) | AB(x).  [resolve(248,b,246,a)].
249 -R(x) | TR(x) | PR(x) | AR(x).  [clausify(92)].
250 R(x) | -TR(x).  [clausify(92)].
251 R(x) | -PR(x).  [clausify(92)].
252 R(x) | -AR(x).  [clausify(92)].

Eliminating M/1
253 -PED(x) | M(x) | F(x) | POB(x).  [clausify(85)].
254 -M(x) | PED(x).  [clausify(60)].
255 PED(x) | -M(x).  [clausify(85)].
256 -M(x) | -F(x).  [clausify(86)].
257 -M(x) | -POB(x).  [clausify(86)].

Eliminating F/1

Eliminating POB/1
258 -APO(x) | POB(x).  [clausify(67)].
259 -POB(x) | PED(x).  [clausify(60)].
Derived: -APO(x) | PED(x).  [resolve(258,b,259,a)].
260 -NAPO(x) | POB(x).  [clausify(67)].
Derived: -NAPO(x) | PED(x).  [resolve(260,b,259,a)].
261 PED(x) | -POB(x).  [clausify(85)].
262 -POB(x) | APO(x) | NAPO(x).  [clausify(95)].
263 POB(x) | -APO(x).  [clausify(95)].
264 POB(x) | -NAPO(x).  [clausify(95)].

Eliminating NPOB/1
265 -MOB(x) | NPOB(x).  [clausify(68)].
266 -NPOB(x) | NPED(x).  [clausify(61)].
Derived: -MOB(x) | NPED(x).  [resolve(265,b,266,a)].
267 -SOB(x) | NPOB(x).  [clausify(68)].
Derived: -SOB(x) | NPED(x).  [resolve(267,b,266,a)].
268 -NPOB(x) | MOB(x) | SOB(x).  [clausify(97)].
269 NPOB(x) | -MOB(x).  [clausify(97)].
270 NPOB(x) | -SOB(x).  [clausify(97)].

Eliminating ACH/1
271 -EV(x) | ACH(x) | ACC(x).  [clausify(88)].
272 -ACH(x) | EV(x).  [clausify(62)].
273 EV(x) | -ACH(x).  [clausify(88)].
274 -ACH(x) | -ACC(x).  [clausify(89)].

Eliminating ACC/1

Eliminating ST/1
275 -STV(x) | ST(x) | PRO(x).  [clausify(90)].
276 -ST(x) | STV(x).  [clausify(63)].
277 STV(x) | -ST(x).  [clausify(90)].
278 -ST(x) | -PRO(x).  [clausify(91)].

Eliminating PRO/1

Eliminating TL/1

Eliminating SL/1

Eliminating TR/1
279 -TR(x) | -PR(x).  [clausify(93)].
280 -T(x) | TR(x).  [clausify(69)].
Derived: -PR(x) | -T(x).  [resolve(279,a,280,b)].
281 -TR(x) | -AR(x).  [clausify(93)].
Derived: -AR(x) | -T(x).  [resolve(281,a,280,b)].
282 -TR(x) | AB(x).  [resolve(245,b,246,a)].
Derived: AB(x) | -T(x).  [resolve(282,a,280,b)].

Eliminating S/1

Eliminating ASO/1
283 -SAG(x) | ASO(x).  [clausify(72)].
284 -ASO(x) | SOB(x).  [clausify(71)].
Derived: -SAG(x) | SOB(x).  [resolve(283,b,284,a)].
285 -SC(x) | ASO(x).  [clausify(72)].
Derived: -SC(x) | SOB(x).  [resolve(285,b,284,a)].
286 -SOB(x) | ASO(x) | NASO(x).  [clausify(99)].
287 SOB(x) | -ASO(x).  [clausify(99)].
288 -ASO(x) | -NASO(x).  [clausify(100)].
Derived: -NASO(x) | -SAG(x).  [resolve(288,a,283,b)].
Derived: -NASO(x) | -SC(x).  [resolve(288,a,285,b)].
289 -ASO(x) | SAG(x) | SC(x).  [clausify(101)].
Derived: SAG(x) | SC(x) | -SOB(x) | NASO(x).  [resolve(289,a,286,b)].
290 ASO(x) | -SAG(x).  [clausify(101)].
291 ASO(x) | -SC(x).  [clausify(101)].

Eliminating NASO/1
292 SAG(x) | SC(x) | -SOB(x) | NASO(x).  [resolve(289,a,286,b)].
293 -NASO(x) | SOB(x).  [clausify(71)].
294 SOB(x) | -NASO(x).  [clausify(99)].
295 -NASO(x) | -SAG(x).  [resolve(288,a,283,b)].
296 -NASO(x) | -SC(x).  [resolve(288,a,285,b)].

Eliminating AB/1
297 ED(x) | AB(x) | PRE(x,f8(x)) | PRE(x,f8(x)) | -EV(x).  [resolve(229,a,234,b)].
298 -ED(x) | -AB(x).  [clausify(74)].
299 -AB(x) | -EV(x).  [resolve(188,a,180,b)].
300 -AB(x) | -STV(x).  [resolve(188,a,183,b)].
301 -AB(x) | -TQ(x).  [resolve(199,a,192,b)].
302 -AB(x) | -PQ(x).  [resolve(199,a,195,b)].
303 -AB(x) | -AQ(x).  [resolve(199,a,196,b)].
Derived: ED(x) | PRE(x,f8(x)) | PRE(x,f8(x)) | -EV(x) | -EV(x).  [resolve(297,b,299,a)].
304 ED(x) | AB(x) | PRE(x,f8(x)) | PRE(x,f8(x)) | -STV(x).  [resolve(229,a,235,b)].
Derived: ED(x) | PRE(x,f8(x)) | PRE(x,f8(x)) | -STV(x) | -STV(x).  [resolve(304,b,300,a)].
305 ED(x) | AB(x) | PRE(x,f8(x)) | PRE(x,f8(x)) | -TQ(x).  [resolve(229,a,236,b)].
Derived: ED(x) | PRE(x,f8(x)) | PRE(x,f8(x)) | -TQ(x) | -TQ(x).  [resolve(305,b,301,a)].
306 ED(x) | AB(x) | PRE(x,f8(x)) | PRE(x,f8(x)) | -PQ(x).  [resolve(229,a,237,b)].
Derived: ED(x) | PRE(x,f8(x)) | PRE(x,f8(x)) | -PQ(x) | -PQ(x).  [resolve(306,b,302,a)].
307 ED(x) | AB(x) | PRE(x,f8(x)) | PRE(x,f8(x)) | -AQ(x).  [resolve(229,a,238,b)].
Derived: ED(x) | PRE(x,f8(x)) | PRE(x,f8(x)) | -AQ(x) | -AQ(x).  [resolve(307,b,303,a)].
308 -PR(x) | AB(x).  [resolve(247,b,246,a)].
Derived: -PR(x) | -ED(x).  [resolve(308,b,298,b)].
Derived: -PR(x) | -EV(x).  [resolve(308,b,299,a)].
Derived: -PR(x) | -STV(x).  [resolve(308,b,300,a)].
Derived: -PR(x) | -TQ(x).  [resolve(308,b,301,a)].
Derived: -PR(x) | -PQ(x).  [resolve(308,b,302,a)].
Derived: -PR(x) | -AQ(x).  [resolve(308,b,303,a)].
309 -AR(x) | AB(x).  [resolve(248,b,246,a)].
Derived: -AR(x) | -ED(x).  [resolve(309,b,298,b)].
Derived: -AR(x) | -EV(x).  [resolve(309,b,299,a)].
Derived: -AR(x) | -STV(x).  [resolve(309,b,300,a)].
Derived: -AR(x) | -TQ(x).  [resolve(309,b,301,a)].
Derived: -AR(x) | -PQ(x).  [resolve(309,b,302,a)].
Derived: -AR(x) | -AQ(x).  [resolve(309,b,303,a)].
310 AB(x) | -T(x).  [resolve(282,a,280,b)].
Derived: -T(x) | -ED(x).  [resolve(310,a,298,b)].
Derived: -T(x) | -EV(x).  [resolve(310,a,299,a)].
Derived: -T(x) | -STV(x).  [resolve(310,a,300,a)].
Derived: -T(x) | -TQ(x).  [resolve(310,a,301,a)].
Derived: -T(x) | -PQ(x).  [resolve(310,a,302,a)].
Derived: -T(x) | -AQ(x).  [resolve(310,a,303,a)].

Eliminating PR/1

Eliminating APO/1

Eliminating MOB/1

Eliminating SAG/1

Eliminating tunderlaps/3
311 tunderlaps(x,y,z) | -tP(x,u,z) | -tP(y,u,z).  [resolve(114,b,107,a)].
312 -tunderlaps(x,y,z) | tP(x,f4(x,y,z),z).  [resolve(113,b,108,a)].
313 -tunderlaps(x,y,z) | tP(y,f4(x,y,z),z).  [resolve(113,b,109,a)].
314 -tunderlaps(x,y,z) | -tO(u,f6(x,y,z),z) | tO(u,x,z) | tO(u,y,z).  [resolve(113,b,110,a)].
315 -tunderlaps(x,y,z) | tO(u,f6(x,y,z),z) | -tO(u,x,z).  [resolve(113,b,111,a)].
316 -tunderlaps(x,y,z) | tO(u,f6(x,y,z),z) | -tO(u,y,z).  [resolve(113,b,112,a)].
Derived: -tP(x,y,z) | -tP(u,y,z) | tP(x,f4(x,u,z),z).  [resolve(311,a,312,a)].
Derived: -tP(x,y,z) | -tP(u,y,z) | tP(u,f4(x,u,z),z).  [resolve(311,a,313,a)].
Derived: -tP(x,y,z) | -tP(u,y,z) | -tO(w,f6(x,u,z),z) | tO(w,x,z) | tO(w,u,z).  [resolve(311,a,314,a)].
Derived: -tP(x,y,z) | -tP(u,y,z) | tO(w,f6(x,u,z),z) | -tO(w,x,z).  [resolve(311,a,315,a)].
Derived: -tP(x,y,z) | -tP(u,y,z) | tO(w,f6(x,u,z),z) | -tO(w,u,z).  [resolve(311,a,316,a)].

Eliminating NAPO/1

Eliminating SOB/1
317 -SC(x) | SOB(x).  [resolve(285,b,284,a)].
318 -SOB(x) | NPED(x).  [resolve(267,b,266,a)].
Derived: -SC(x) | NPED(x).  [resolve(317,b,318,a)].

Eliminating AR/1

Eliminating SC/1

============================== end predicate elimination =============

Term ordering decisions:
Predicate symbol precedence:  predicate_order([ =, T, ED, NPED, PED, AQ, EV, PQ, STV, TQ, O, P, PRE, PP, disjoint, part1, tP, tO, tPP ]).
Function symbol precedence:  function_order([ c1, c2, f5, f9, f10, f11, f12, f14, f15, f8, f13, f2, f3, f4, f6, f7, f16, f1 ]).
After inverse_order:  (no changes).
Unfolding symbols: (none).

Auto_inference settings:
  % set(paramodulation).  % (positive equality literals)
  % set(binary_resolution).  % (non-Horn)

Auto_process settings:
  % set(factor).  % (non-Horn)
  % set(unit_deletion).  % (non-Horn)

============================== end of process initial clauses ========

============================== CLAUSES FOR SEARCH ====================

============================== end of clauses for search =============

============================== SEARCH ================================

% Starting search at 0.15 seconds.

Low Water (keep): wt=28.000, iters=6854

Low Water (keep): wt=27.000, iters=7347

Low Water (keep): wt=24.000, iters=6987

Low Water (keep): wt=23.000, iters=6879

Low Water (keep): wt=21.000, iters=6797

Low Water (keep): wt=20.000, iters=6675

Low Water (keep): wt=19.000, iters=6706

Low Water (keep): wt=18.000, iters=6670

Low Water (keep): wt=16.000, iters=8133

Low Water (displace): id=12792, wt=56.000

Low Water (displace): id=10617, wt=54.000

Low Water (displace): id=12642, wt=53.000

Low Water (displace): id=12651, wt=51.000

Low Water (displace): id=12805, wt=47.000

Low Water (displace): id=12799, wt=46.000

Low Water (displace): id=10391, wt=44.000

Low Water (displace): id=12457, wt=43.000

Low Water (displace): id=12029, wt=41.000

============================== PROOF =================================

% Proof 1 at 2.93 (+ 0.08) seconds.
% Length of proof is 31.
% Level of proof is 9.
% Maximum clause weight is 16.000.
% Given clauses 1281.

17 (all x all y (part1(x,y) <-> P(x,y) & T(x) & T(y))) # label(non_clause).  [assumption].
19 (all x (point1(x) <-> T(x))) # label(non_clause).  [assumption].
30 (all x all y (disjoint(x,y) <-> DJ(x,y) & T(x) & T(y))) # label(non_clause).  [assumption].
46 (all x all y (T(x) & T(y) & -P(x,y) -> (exists z (P(z,x) & DJ(z,y) & T(z))))) # label(non_clause).  [assumption].
103 (all x all y (point1(x) & point1(y) & -part1(x,y) -> (exists z (point1(z) & part1(z,x) & disjoint(z,y))))) # label(non_clause) # label(goal).  [goal].
131 point1(x) | -T(x).  [clausify(19)].
132 -point1(x) | T(x).  [clausify(19)].
133 point1(c1).  [deny(103)].
134 point1(c2).  [deny(103)].
135 -point1(x) | -part1(x,c1) | -disjoint(x,c2).  [deny(103)].
164 disjoint(x,y) | -DJ(x,y) | -T(x) | -T(y).  [clausify(30)].
166 -T(x) | -T(y) | P(x,y) | DJ(f10(x,y),y).  [clausify(46)].
346 part1(x,y) | -P(x,y) | -T(x) | -T(y).  [clausify(17)].
360 -T(x) | -T(y) | P(x,y) | P(f10(x,y),x).  [clausify(46)].
361 -T(x) | -T(y) | P(x,y) | T(f10(x,y)).  [clausify(46)].
380 -part1(c1,c2).  [deny(103)].
389 T(c1).  [resolve(133,a,132,a)].
390 T(c2).  [resolve(134,a,132,a)].
391 -part1(x,c1) | -disjoint(x,c2) | -T(x).  [resolve(135,a,131,a)].
394 -T(x) | -T(y) | P(x,y) | disjoint(f10(x,y),y) | -T(f10(x,y)) | -T(y).  [resolve(166,d,164,b)].
395 -T(x) | -T(y) | P(x,y) | disjoint(f10(x,y),y) | -T(f10(x,y)).  [copy(394),merge(f)].
626 -T(x) | P(c1,x) | T(f10(c1,x)).  [resolve(389,a,361,a)].
628 -T(x) | P(c1,x) | P(f10(c1,x),c1).  [resolve(389,a,360,a)].
754 P(c1,c2) | T(f10(c1,c2)).  [resolve(626,a,390,a)].
875 P(c1,c2) | P(f10(c1,c2),c1).  [resolve(628,a,390,a)].
3850 T(f10(c1,c2)).  [resolve(754,a,346,b),unit_del(b,380),unit_del(c,389),unit_del(d,390)].
3876 P(c1,c2) | disjoint(f10(c1,c2),c2).  [resolve(3850,a,395,e),unit_del(a,389),unit_del(b,390)].
10827 P(c1,c2) | part1(f10(c1,c2),c1).  [resolve(875,b,346,b),unit_del(c,3850),unit_del(d,389)].
22666 P(c1,c2) | -disjoint(f10(c1,c2),c2).  [resolve(10827,b,391,a),unit_del(c,3850)].
23448 P(c1,c2).  [resolve(22666,b,3876,b),merge(b)].
23505 $F.  [resolve(23448,a,346,b),unit_del(a,380),unit_del(b,389),unit_del(c,390)].

============================== end of proof ==========================

============================== STATISTICS ============================

Given=1281. Generated=90636. Kept=23159. proofs=1.
Usable=1267. Sos=19886. Demods=0. Limbo=54, Disabled=2340. Hints=0.
Kept_by_rule=0, Deleted_by_rule=0.
Forward_subsumed=15010. Back_subsumed=1064.
Sos_limit_deleted=52466. Sos_displaced=602. Sos_removed=0.
New_demodulators=0 (0 lex), Back_demodulated=0. Back_unit_deleted=286.
Demod_attempts=0. Demod_rewrites=0.
Res_instance_prunes=0. Para_instance_prunes=0. Basic_paramod_prunes=0.
Nonunit_fsub_feature_tests=771221. Nonunit_bsub_feature_tests=278687.
Megabytes=39.80.
User_CPU=2.93, System_CPU=0.08, Wall_clock=4.

============================== end of statistics =====================

============================== end of search =========================

THEOREM PROVED

Exiting with 1 proof.

Process 22942 exit (max_proofs) Tue Jul 30 21:16:52 2013
