============================== Prover9 ===============================
Prover9 (64) version 2009-11A, November 2009.
Process 23144 was started by cchui on stl-ws4.mie.utoronto.ca,
Tue Jul 30 21:24:25 2013
The command was "prover9 -t 120 -f test/p9/dolce_temporary_parthood.p9 test/p9/dolce_temporary_parthood2ideal_cem_downward_cem_foliation2.p9 test/p9/dolce_present.p9 test/p9/dolce_time_mereology.p9 test/p9/dolce_taxonomy.p9 test/p9/options.txt test/p9/ex0730_temporary_parthood2_9.p9".
============================== end of head ===========================

============================== INPUT =================================

% Reading from file test/p9/dolce_temporary_parthood.p9


formulas(sos).
(all x all y all t (tP(x,y,t) -> ED(x) & ED(y) & T(t))).
(all x all y all t (tP(x,y,t) -> (PED(x) <-> PED(y)))).
(all x all y all t (tP(x,y,t) -> (NPED(x) <-> NPED(y)))).
(all x all y all z all t (tP(x,y,t) & tP(y,z,t) -> tP(x,z,t))).
(all x all y all z all t (ED(x) & ED(y) & PRE(x,t) & PRE(y,t) & -tP(x,y,t) -> (exists z (tP(z,x,t) & -tO(z,y,t))))).
(all x all t (ED(x) & PRE(x,t) -> tP(x,x,t))).
(all x all y all t (tP(x,y,t) -> PRE(x,t) & PRE(y,t))).
(all x all y all t1 (tP(x,y,t1) -> (all t2 (P(t2,t1) -> tP(x,y,t2))))).
(all x all y all t (ED(x) & ED(y) & PRE(x,t) & PRE(y,t) & -tP(x,y,t) -> (exists z (tP(z,x,t) & tDJ(z,y,t))))).
(all x all y all t (tPP(x,y,t) <-> tP(x,y,t) & -tP(y,x,t))).
(all x all y all t (tO(x,y,t) <-> (exists z (tP(z,x,t) & tP(z,y,t))))).
(all x all y all t (tDJ(x,y,t) <-> -tO(x,y,t))).
(all x all y all t (tU(x,y,t) <-> (exists z (tP(x,z,t) & tP(y,z,t))))).
(all x all t (tAtP(x,t) <-> (all y (tP(y,x,t) -> y = x)))).
(all x all y all t (tU(x,y,t) -> (exists z all v (tO(v,z,t) <-> tO(v,x,t) | tO(v,y,t))))).
(all x all y all t (tO(x,y,t) -> (exists z all v (tPP(v,z,t) <-> tPP(v,x,t) & tPP(v,y,t))))).
end_of_list.

% Reading from file test/p9/dolce_temporary_parthood2ideal_cem_downward_cem_foliation2.p9


formulas(sos).
(all x all y (part2(x,y) <-> P(x,y) & T(x) & T(y))).
(all x all y (in2(x,y) <-> PRE(x,y) & T(y) & NPED(x) | PRE(y,x) & T(x) & NPED(y) | x = y & (NPED(y) | T(y)))).
(all x (point2(x) <-> T(x))).
(all x (line2(x) <-> NPED(x))).
(all x all y all z (tpart2(x,y,z) <-> tP(x,y,z) & NPED(x) & NPED(y))).
(all x (L_1(x) <-> ED(x))).
(all x (L_2(x) <-> PD(x))).
(all x (L_3(x) <-> Q(x))).
(all x (L_4(x) <-> PED(x))).
(all x (L_5(x) <-> NPED(x))).
(all x all y (ppart(x,y) <-> PP(x,y) & T(x) & T(y))).
(all x all y (overlaps(x,y) <-> O(x,y) & T(x) & T(y))).
(all x all y (underlaps(x,y) <-> U(x,y) & T(x) & T(y))).
(all x all y (disjoint(x,y) <-> DJ(x,y) & T(x) & T(y))).
(all x all y all z (sum(x,y,z) <-> SUM(z,x,y) & T(z) & T(x) & T(y))).
(all x all y all t (tppart(x,y,t) <-> tPP(x,y,t))).
(all x all y all t (toverlaps(x,y,t) <-> tO(x,y,t))).
(all x all y all t (tunderlaps(x,y,t) <-> tU(x,y,t))).
(all x all y all t (tdisjoint(x,y,t) <-> -tO(x,y,t))).
end_of_list.

% Reading from file test/p9/dolce_present.p9


formulas(sos).
(all x (ED(x) | PD(x) | Q(x) -> (exists t PRE(x,t)))).
(all x all t all t1 (PRE(x,t) & P(t1,t) -> PRE(x,t1))).
(all x all t (PRE(x,t) -> T(t))).
(all x all t all t1 all t2 (PRE(x,t1) & PRE(x,t2) & SUM(t,t1,t2) -> PRE(x,t))).
end_of_list.

% Reading from file test/p9/dolce_time_mereology.p9


formulas(sos).
(all x all y (P(x,y) -> T(y) & T(y))).
(all x all y (P(x,y) -> (T(x) <-> T(y)))).
(all x all y (T(x) -> P(x,x))).
(all x all y (T(x) & T(y) & P(x,y) & P(y,x) -> x = y)).
(all x all y all z (T(x) & T(y) & P(x,y) & P(y,z) -> P(x,z))).
(all x all y (T(x) & T(y) & -P(x,y) -> (exists z (T(z) & P(z,x) & -O(z,y))))).
(all x all y (T(x) & T(y) & -P(x,y) -> (exists z (P(z,x) & DJ(z,y) & T(z))))).
(all x all y (T(x) & T(y) -> (PP(x,y) <-> P(x,y) & -P(y,x)))).
(all x all y (T(x) & T(y) -> (O(x,y) <-> (exists z (P(z,x) & P(z,y) & T(z)))))).
(all x all y (T(x) & T(y) -> (DJ(x,y) <-> -O(x,y)))).
(all x all y (T(x) & T(y) -> (U(x,y) <-> (exists z (P(x,z) & P(y,z) & T(z)))))).
(all x (AtP(x) <-> T(x) & (all y (T(y) & P(y,x) -> y = x)))).
(all x all y (T(x) & T(y) & U(x,y) -> (exists z (T(z) & (all w (T(w) -> (O(w,z) <-> O(w,x) | O(w,y)))))))).
(all x all y (T(x) & T(y) & O(x,y) -> (exists z (T(z) & (all w (T(w) -> (PP(w,z) <-> PP(w,x) & PP(w,y)))))))).
(all x all y all z (T(x) & T(y) & T(z) -> (SUM(z,x,y) <-> (all w (T(w) -> (O(w,z) <-> O(w,x) | O(w,y))))))).
end_of_list.

% Reading from file test/p9/dolce_taxonomy.p9


formulas(sos).
(all x (ED(x) | PD(x) | Q(x) | AB(x) -> PT(x))).
(all x (PED(x) | NPED(x) | AS(x) -> ED(x))).
(all x (EV(x) | STV(x) -> PD(x))).
(all x (TQ(x) | PQ(x) | AQ(x) -> Q(x))).
(all x (R(x) -> AB(x))).
(all x (M(x) | F(x) | POB(x) -> PED(x))).
(all x (NPOB(x) -> NPED(x))).
(all x (ACH(x) | ACC(x) -> EV(x))).
(all x (ST(x) | PRO(x) -> STV(x))).
(all x (TL(x) -> TQ(x))).
(all x (SL(x) -> PQ(x))).
(all x (TR(x) | PR(x) | AR(x) -> R(x))).
(all x (APO(x) | NAPO(x) -> POB(x))).
(all x (MOB(x) | SOB(x) -> NPOB(x))).
(all x (T(x) -> TR(x))).
(all x (S(x) -> PR(x))).
(all x (ASO(x) | NASO(x) -> SOB(x))).
(all x (SAG(x) | SC(x) -> ASO(x))).
(all x (PT(x) <-> ED(x) | PD(x) | Q(x) | AB(x))).
(all x (ED(x) -> -PD(x) & -Q(x) & -AB(x))).
(all x (PD(x) -> -Q(x) & -AB(x))).
(all x (Q(x) -> -AB(x))).
(all x (ED(x) <-> PED(x) | NPED(x) | AS(x))).
(all x (PED(x) -> -NPED(x) & -AS(x))).
(all x (NPED(x) -> -AS(x))).
(all x (PD(x) <-> EV(x) | STV(x))).
(all x (EV(x) -> -STV(x))).
(all x (Q(x) <-> TQ(x) | PQ(x) | AQ(x))).
(all x (TQ(x) -> -PQ(x) & -AQ(x))).
(all x (PQ(x) -> -AQ(x))).
(all x (PED(x) <-> M(x) | F(x) | POB(x))).
(all x (M(x) -> -F(x) & -POB(x))).
(all x (F(x) -> -POB(x))).
(all x (EV(x) <-> ACH(x) | ACC(x))).
(all x (ACH(x) -> -ACC(x))).
(all x (STV(x) <-> ST(x) | PRO(x))).
(all x (ST(x) -> -PRO(x))).
(all x (R(x) <-> TR(x) | PR(x) | AR(x))).
(all x (TR(x) -> -PR(x) & -AR(x))).
(all x (PR(x) -> -AR(x))).
(all x (POB(x) <-> APO(x) | NAPO(x))).
(all x (APO(x) -> -NAPO(x))).
(all x (NPOB(x) <-> MOB(x) | SOB(x))).
(all x (MOB(x) -> -SOB(x))).
(all x (SOB(x) <-> ASO(x) | NASO(x))).
(all x (ASO(x) -> -NASO(x))).
(all x (ASO(x) <-> SAG(x) | SC(x))).
(all x (SAG(x) -> -SC(x))).
end_of_list.

% Reading from file test/p9/options.txt

clear(auto_denials).
clear(print_initial_clauses).
clear(print_kept).
clear(print_given).

% Reading from file test/p9/ex0730_temporary_parthood2_9.p9


formulas(goals).
(all x all y (in2(x,y) -> in2(y,x))).
end_of_list.

============================== end of input ==========================

% From the command line: assign(max_seconds, 120).

============================== PROCESS NON-CLAUSAL FORMULAS ==========

% Formulas that are not ordinary clauses:
1 (all x all y all t (tP(x,y,t) -> ED(x) & ED(y) & T(t))) # label(non_clause).  [assumption].
2 (all x all y all t (tP(x,y,t) -> (PED(x) <-> PED(y)))) # label(non_clause).  [assumption].
3 (all x all y all t (tP(x,y,t) -> (NPED(x) <-> NPED(y)))) # label(non_clause).  [assumption].
4 (all x all y all z all t (tP(x,y,t) & tP(y,z,t) -> tP(x,z,t))) # label(non_clause).  [assumption].
5 (all x all y all z all t (ED(x) & ED(y) & PRE(x,t) & PRE(y,t) & -tP(x,y,t) -> (exists z (tP(z,x,t) & -tO(z,y,t))))) # label(non_clause).  [assumption].
6 (all x all t (ED(x) & PRE(x,t) -> tP(x,x,t))) # label(non_clause).  [assumption].
7 (all x all y all t (tP(x,y,t) -> PRE(x,t) & PRE(y,t))) # label(non_clause).  [assumption].
8 (all x all y all t1 (tP(x,y,t1) -> (all t2 (P(t2,t1) -> tP(x,y,t2))))) # label(non_clause).  [assumption].
9 (all x all y all t (ED(x) & ED(y) & PRE(x,t) & PRE(y,t) & -tP(x,y,t) -> (exists z (tP(z,x,t) & tDJ(z,y,t))))) # label(non_clause).  [assumption].
10 (all x all y all t (tPP(x,y,t) <-> tP(x,y,t) & -tP(y,x,t))) # label(non_clause).  [assumption].
11 (all x all y all t (tO(x,y,t) <-> (exists z (tP(z,x,t) & tP(z,y,t))))) # label(non_clause).  [assumption].
12 (all x all y all t (tDJ(x,y,t) <-> -tO(x,y,t))) # label(non_clause).  [assumption].
13 (all x all y all t (tU(x,y,t) <-> (exists z (tP(x,z,t) & tP(y,z,t))))) # label(non_clause).  [assumption].
14 (all x all t (tAtP(x,t) <-> (all y (tP(y,x,t) -> y = x)))) # label(non_clause).  [assumption].
15 (all x all y all t (tU(x,y,t) -> (exists z all v (tO(v,z,t) <-> tO(v,x,t) | tO(v,y,t))))) # label(non_clause).  [assumption].
16 (all x all y all t (tO(x,y,t) -> (exists z all v (tPP(v,z,t) <-> tPP(v,x,t) & tPP(v,y,t))))) # label(non_clause).  [assumption].
17 (all x all y (part2(x,y) <-> P(x,y) & T(x) & T(y))) # label(non_clause).  [assumption].
18 (all x all y (in2(x,y) <-> PRE(x,y) & T(y) & NPED(x) | PRE(y,x) & T(x) & NPED(y) | x = y & (NPED(y) | T(y)))) # label(non_clause).  [assumption].
19 (all x (point2(x) <-> T(x))) # label(non_clause).  [assumption].
20 (all x (line2(x) <-> NPED(x))) # label(non_clause).  [assumption].
21 (all x all y all z (tpart2(x,y,z) <-> tP(x,y,z) & NPED(x) & NPED(y))) # label(non_clause).  [assumption].
22 (all x (L_1(x) <-> ED(x))) # label(non_clause).  [assumption].
23 (all x (L_2(x) <-> PD(x))) # label(non_clause).  [assumption].
24 (all x (L_3(x) <-> Q(x))) # label(non_clause).  [assumption].
25 (all x (L_4(x) <-> PED(x))) # label(non_clause).  [assumption].
26 (all x (L_5(x) <-> NPED(x))) # label(non_clause).  [assumption].
27 (all x all y (ppart(x,y) <-> PP(x,y) & T(x) & T(y))) # label(non_clause).  [assumption].
28 (all x all y (overlaps(x,y) <-> O(x,y) & T(x) & T(y))) # label(non_clause).  [assumption].
29 (all x all y (underlaps(x,y) <-> U(x,y) & T(x) & T(y))) # label(non_clause).  [assumption].
30 (all x all y (disjoint(x,y) <-> DJ(x,y) & T(x) & T(y))) # label(non_clause).  [assumption].
31 (all x all y all z (sum(x,y,z) <-> SUM(z,x,y) & T(z) & T(x) & T(y))) # label(non_clause).  [assumption].
32 (all x all y all t (tppart(x,y,t) <-> tPP(x,y,t))) # label(non_clause).  [assumption].
33 (all x all y all t (toverlaps(x,y,t) <-> tO(x,y,t))) # label(non_clause).  [assumption].
34 (all x all y all t (tunderlaps(x,y,t) <-> tU(x,y,t))) # label(non_clause).  [assumption].
35 (all x all y all t (tdisjoint(x,y,t) <-> -tO(x,y,t))) # label(non_clause).  [assumption].
36 (all x (ED(x) | PD(x) | Q(x) -> (exists t PRE(x,t)))) # label(non_clause).  [assumption].
37 (all x all t all t1 (PRE(x,t) & P(t1,t) -> PRE(x,t1))) # label(non_clause).  [assumption].
38 (all x all t (PRE(x,t) -> T(t))) # label(non_clause).  [assumption].
39 (all x all t all t1 all t2 (PRE(x,t1) & PRE(x,t2) & SUM(t,t1,t2) -> PRE(x,t))) # label(non_clause).  [assumption].
40 (all x all y (P(x,y) -> T(y) & T(y))) # label(non_clause).  [assumption].
41 (all x all y (P(x,y) -> (T(x) <-> T(y)))) # label(non_clause).  [assumption].
42 (all x all y (T(x) -> P(x,x))) # label(non_clause).  [assumption].
43 (all x all y (T(x) & T(y) & P(x,y) & P(y,x) -> x = y)) # label(non_clause).  [assumption].
44 (all x all y all z (T(x) & T(y) & P(x,y) & P(y,z) -> P(x,z))) # label(non_clause).  [assumption].
45 (all x all y (T(x) & T(y) & -P(x,y) -> (exists z (T(z) & P(z,x) & -O(z,y))))) # label(non_clause).  [assumption].
46 (all x all y (T(x) & T(y) & -P(x,y) -> (exists z (P(z,x) & DJ(z,y) & T(z))))) # label(non_clause).  [assumption].
47 (all x all y (T(x) & T(y) -> (PP(x,y) <-> P(x,y) & -P(y,x)))) # label(non_clause).  [assumption].
48 (all x all y (T(x) & T(y) -> (O(x,y) <-> (exists z (P(z,x) & P(z,y) & T(z)))))) # label(non_clause).  [assumption].
49 (all x all y (T(x) & T(y) -> (DJ(x,y) <-> -O(x,y)))) # label(non_clause).  [assumption].
50 (all x all y (T(x) & T(y) -> (U(x,y) <-> (exists z (P(x,z) & P(y,z) & T(z)))))) # label(non_clause).  [assumption].
51 (all x (AtP(x) <-> T(x) & (all y (T(y) & P(y,x) -> y = x)))) # label(non_clause).  [assumption].
52 (all x all y (T(x) & T(y) & U(x,y) -> (exists z (T(z) & (all w (T(w) -> (O(w,z) <-> O(w,x) | O(w,y)))))))) # label(non_clause).  [assumption].
53 (all x all y (T(x) & T(y) & O(x,y) -> (exists z (T(z) & (all w (T(w) -> (PP(w,z) <-> PP(w,x) & PP(w,y)))))))) # label(non_clause).  [assumption].
54 (all x all y all z (T(x) & T(y) & T(z) -> (SUM(z,x,y) <-> (all w (T(w) -> (O(w,z) <-> O(w,x) | O(w,y))))))) # label(non_clause).  [assumption].
55 (all x (ED(x) | PD(x) | Q(x) | AB(x) -> PT(x))) # label(non_clause).  [assumption].
56 (all x (PED(x) | NPED(x) | AS(x) -> ED(x))) # label(non_clause).  [assumption].
57 (all x (EV(x) | STV(x) -> PD(x))) # label(non_clause).  [assumption].
58 (all x (TQ(x) | PQ(x) | AQ(x) -> Q(x))) # label(non_clause).  [assumption].
59 (all x (R(x) -> AB(x))) # label(non_clause).  [assumption].
60 (all x (M(x) | F(x) | POB(x) -> PED(x))) # label(non_clause).  [assumption].
61 (all x (NPOB(x) -> NPED(x))) # label(non_clause).  [assumption].
62 (all x (ACH(x) | ACC(x) -> EV(x))) # label(non_clause).  [assumption].
63 (all x (ST(x) | PRO(x) -> STV(x))) # label(non_clause).  [assumption].
64 (all x (TL(x) -> TQ(x))) # label(non_clause).  [assumption].
65 (all x (SL(x) -> PQ(x))) # label(non_clause).  [assumption].
66 (all x (TR(x) | PR(x) | AR(x) -> R(x))) # label(non_clause).  [assumption].
67 (all x (APO(x) | NAPO(x) -> POB(x))) # label(non_clause).  [assumption].
68 (all x (MOB(x) | SOB(x) -> NPOB(x))) # label(non_clause).  [assumption].
69 (all x (T(x) -> TR(x))) # label(non_clause).  [assumption].
70 (all x (S(x) -> PR(x))) # label(non_clause).  [assumption].
71 (all x (ASO(x) | NASO(x) -> SOB(x))) # label(non_clause).  [assumption].
72 (all x (SAG(x) | SC(x) -> ASO(x))) # label(non_clause).  [assumption].
73 (all x (PT(x) <-> ED(x) | PD(x) | Q(x) | AB(x))) # label(non_clause).  [assumption].
74 (all x (ED(x) -> -PD(x) & -Q(x) & -AB(x))) # label(non_clause).  [assumption].
75 (all x (PD(x) -> -Q(x) & -AB(x))) # label(non_clause).  [assumption].
76 (all x (Q(x) -> -AB(x))) # label(non_clause).  [assumption].
77 (all x (ED(x) <-> PED(x) | NPED(x) | AS(x))) # label(non_clause).  [assumption].
78 (all x (PED(x) -> -NPED(x) & -AS(x))) # label(non_clause).  [assumption].
79 (all x (NPED(x) -> -AS(x))) # label(non_clause).  [assumption].
80 (all x (PD(x) <-> EV(x) | STV(x))) # label(non_clause).  [assumption].
81 (all x (EV(x) -> -STV(x))) # label(non_clause).  [assumption].
82 (all x (Q(x) <-> TQ(x) | PQ(x) | AQ(x))) # label(non_clause).  [assumption].
83 (all x (TQ(x) -> -PQ(x) & -AQ(x))) # label(non_clause).  [assumption].
84 (all x (PQ(x) -> -AQ(x))) # label(non_clause).  [assumption].
85 (all x (PED(x) <-> M(x) | F(x) | POB(x))) # label(non_clause).  [assumption].
86 (all x (M(x) -> -F(x) & -POB(x))) # label(non_clause).  [assumption].
87 (all x (F(x) -> -POB(x))) # label(non_clause).  [assumption].
88 (all x (EV(x) <-> ACH(x) | ACC(x))) # label(non_clause).  [assumption].
89 (all x (ACH(x) -> -ACC(x))) # label(non_clause).  [assumption].
90 (all x (STV(x) <-> ST(x) | PRO(x))) # label(non_clause).  [assumption].
91 (all x (ST(x) -> -PRO(x))) # label(non_clause).  [assumption].
92 (all x (R(x) <-> TR(x) | PR(x) | AR(x))) # label(non_clause).  [assumption].
93 (all x (TR(x) -> -PR(x) & -AR(x))) # label(non_clause).  [assumption].
94 (all x (PR(x) -> -AR(x))) # label(non_clause).  [assumption].
95 (all x (POB(x) <-> APO(x) | NAPO(x))) # label(non_clause).  [assumption].
96 (all x (APO(x) -> -NAPO(x))) # label(non_clause).  [assumption].
97 (all x (NPOB(x) <-> MOB(x) | SOB(x))) # label(non_clause).  [assumption].
98 (all x (MOB(x) -> -SOB(x))) # label(non_clause).  [assumption].
99 (all x (SOB(x) <-> ASO(x) | NASO(x))) # label(non_clause).  [assumption].
100 (all x (ASO(x) -> -NASO(x))) # label(non_clause).  [assumption].
101 (all x (ASO(x) <-> SAG(x) | SC(x))) # label(non_clause).  [assumption].
102 (all x (SAG(x) -> -SC(x))) # label(non_clause).  [assumption].
103 (all x all y (in2(x,y) -> in2(y,x))) # label(non_clause) # label(goal).  [goal].

============================== end of process non-clausal formulas ===

============================== PROCESS INITIAL CLAUSES ===============

============================== PREDICATE ELIMINATION =================

Eliminating tDJ/3
104 -tDJ(x,y,z) | -tO(x,y,z).  [clausify(12)].
105 -ED(x) | -ED(y) | -PRE(x,z) | -PRE(y,z) | tP(x,y,z) | tDJ(f2(x,y,z),y,z).  [clausify(9)].
Derived: -tO(f2(x,y,z),y,z) | -ED(x) | -ED(y) | -PRE(x,z) | -PRE(y,z) | tP(x,y,z).  [resolve(104,a,105,f)].
106 tDJ(x,y,z) | tO(x,y,z).  [clausify(12)].

Eliminating tU/3
107 tU(x,y,z) | -tP(x,u,z) | -tP(y,u,z).  [clausify(13)].
108 -tU(x,y,z) | tP(x,f4(x,y,z),z).  [clausify(13)].
109 -tU(x,y,z) | tP(y,f4(x,y,z),z).  [clausify(13)].
Derived: -tP(x,y,z) | -tP(u,y,z) | tP(x,f4(x,u,z),z).  [resolve(107,a,108,a)].
Derived: -tP(x,y,z) | -tP(u,y,z) | tP(u,f4(x,u,z),z).  [resolve(107,a,109,a)].
110 -tU(x,y,z) | -tO(u,f6(x,y,z),z) | tO(u,x,z) | tO(u,y,z).  [clausify(15)].
Derived: -tO(x,f6(y,z,u),u) | tO(x,y,u) | tO(x,z,u) | -tP(y,w,u) | -tP(z,w,u).  [resolve(110,a,107,a)].
111 -tU(x,y,z) | tO(u,f6(x,y,z),z) | -tO(u,x,z).  [clausify(15)].
Derived: tO(x,f6(y,z,u),u) | -tO(x,y,u) | -tP(y,w,u) | -tP(z,w,u).  [resolve(111,a,107,a)].
112 -tU(x,y,z) | tO(u,f6(x,y,z),z) | -tO(u,y,z).  [clausify(15)].
Derived: tO(x,f6(y,z,u),u) | -tO(x,z,u) | -tP(y,w,u) | -tP(z,w,u).  [resolve(112,a,107,a)].
113 -tunderlaps(x,y,z) | tU(x,y,z).  [clausify(34)].
Derived: -tunderlaps(x,y,z) | tP(x,f4(x,y,z),z).  [resolve(113,b,108,a)].
Derived: -tunderlaps(x,y,z) | tP(y,f4(x,y,z),z).  [resolve(113,b,109,a)].
Derived: -tunderlaps(x,y,z) | -tO(u,f6(x,y,z),z) | tO(u,x,z) | tO(u,y,z).  [resolve(113,b,110,a)].
Derived: -tunderlaps(x,y,z) | tO(u,f6(x,y,z),z) | -tO(u,x,z).  [resolve(113,b,111,a)].
Derived: -tunderlaps(x,y,z) | tO(u,f6(x,y,z),z) | -tO(u,y,z).  [resolve(113,b,112,a)].
114 tunderlaps(x,y,z) | -tU(x,y,z).  [clausify(34)].
Derived: tunderlaps(x,y,z) | -tP(x,u,z) | -tP(y,u,z).  [resolve(114,b,107,a)].

Eliminating tAtP/2
115 tAtP(x,y) | tP(f5(x,y),x,y).  [clausify(14)].
116 -tAtP(x,y) | -tP(z,x,y) | z = x.  [clausify(14)].
Derived: tP(f5(x,y),x,y) | -tP(z,x,y) | z = x.  [resolve(115,a,116,a)].
117 tAtP(x,y) | f5(x,y) != x.  [clausify(14)].
Derived: f5(x,y) != x | -tP(z,x,y) | z = x.  [resolve(117,a,116,a)].

Eliminating part2/2
118 part2(x,y) | -P(x,y) | -T(x) | -T(y).  [clausify(17)].
119 -part2(x,y) | P(x,y).  [clausify(17)].
120 -part2(x,y) | T(x).  [clausify(17)].
121 -part2(x,y) | T(y).  [clausify(17)].

Eliminating point2/1
122 point2(x) | -T(x).  [clausify(19)].
123 -point2(x) | T(x).  [clausify(19)].

Eliminating line2/1
124 line2(x) | -NPED(x).  [clausify(20)].
125 -line2(x) | NPED(x).  [clausify(20)].

Eliminating tpart2/3
126 tpart2(x,y,z) | -tP(x,y,z) | -NPED(x) | -NPED(y).  [clausify(21)].
127 -tpart2(x,y,z) | tP(x,y,z).  [clausify(21)].
128 -tpart2(x,y,z) | NPED(x).  [clausify(21)].
129 -tpart2(x,y,z) | NPED(y).  [clausify(21)].

Eliminating L_1/1
130 L_1(x) | -ED(x).  [clausify(22)].
131 -L_1(x) | ED(x).  [clausify(22)].

Eliminating L_2/1
132 L_2(x) | -PD(x).  [clausify(23)].
133 -L_2(x) | PD(x).  [clausify(23)].

Eliminating L_3/1
134 L_3(x) | -Q(x).  [clausify(24)].
135 -L_3(x) | Q(x).  [clausify(24)].

Eliminating L_4/1
136 L_4(x) | -PED(x).  [clausify(25)].
137 -L_4(x) | PED(x).  [clausify(25)].

Eliminating L_5/1
138 L_5(x) | -NPED(x).  [clausify(26)].
139 -L_5(x) | NPED(x).  [clausify(26)].

Eliminating ppart/2
140 ppart(x,y) | -PP(x,y) | -T(x) | -T(y).  [clausify(27)].
141 -ppart(x,y) | PP(x,y).  [clausify(27)].
142 -ppart(x,y) | T(x).  [clausify(27)].
143 -ppart(x,y) | T(y).  [clausify(27)].

Eliminating overlaps/2
144 overlaps(x,y) | -O(x,y) | -T(x) | -T(y).  [clausify(28)].
145 -overlaps(x,y) | O(x,y).  [clausify(28)].
146 -overlaps(x,y) | T(x).  [clausify(28)].
147 -overlaps(x,y) | T(y).  [clausify(28)].

Eliminating underlaps/2
148 underlaps(x,y) | -U(x,y) | -T(x) | -T(y).  [clausify(29)].
149 -underlaps(x,y) | U(x,y).  [clausify(29)].
150 -underlaps(x,y) | T(x).  [clausify(29)].
151 -underlaps(x,y) | T(y).  [clausify(29)].

Eliminating disjoint/2
152 disjoint(x,y) | -DJ(x,y) | -T(x) | -T(y).  [clausify(30)].
153 -disjoint(x,y) | DJ(x,y).  [clausify(30)].
154 -disjoint(x,y) | T(x).  [clausify(30)].
155 -disjoint(x,y) | T(y).  [clausify(30)].

Eliminating sum/3
156 sum(x,y,z) | -SUM(z,x,y) | -T(z) | -T(x) | -T(y).  [clausify(31)].
157 -sum(x,y,z) | SUM(z,x,y).  [clausify(31)].
158 -sum(x,y,z) | T(z).  [clausify(31)].
159 -sum(x,y,z) | T(x).  [clausify(31)].
160 -sum(x,y,z) | T(y).  [clausify(31)].

Eliminating tppart/3
161 tppart(x,y,z) | -tPP(x,y,z).  [clausify(32)].
162 -tppart(x,y,z) | tPP(x,y,z).  [clausify(32)].

Eliminating toverlaps/3
163 toverlaps(x,y,z) | -tO(x,y,z).  [clausify(33)].
164 -toverlaps(x,y,z) | tO(x,y,z).  [clausify(33)].

Eliminating tdisjoint/3
165 tdisjoint(x,y,z) | tO(x,y,z).  [clausify(35)].
166 -tdisjoint(x,y,z) | -tO(x,y,z).  [clausify(35)].

Eliminating PD/1
167 -EV(x) | PD(x).  [clausify(57)].
168 -PD(x) | PRE(x,f8(x)).  [clausify(36)].
169 -PD(x) | PT(x).  [clausify(55)].
Derived: -EV(x) | PRE(x,f8(x)).  [resolve(167,b,168,a)].
Derived: -EV(x) | PT(x).  [resolve(167,b,169,a)].
170 -STV(x) | PD(x).  [clausify(57)].
Derived: -STV(x) | PRE(x,f8(x)).  [resolve(170,b,168,a)].
Derived: -STV(x) | PT(x).  [resolve(170,b,169,a)].
171 -PT(x) | ED(x) | PD(x) | Q(x) | AB(x).  [clausify(73)].
Derived: -PT(x) | ED(x) | Q(x) | AB(x) | PRE(x,f8(x)).  [resolve(171,c,168,a)].
172 PT(x) | -PD(x).  [clausify(73)].
173 -ED(x) | -PD(x).  [clausify(74)].
Derived: -ED(x) | -EV(x).  [resolve(173,b,167,b)].
Derived: -ED(x) | -STV(x).  [resolve(173,b,170,b)].
174 -PD(x) | -Q(x).  [clausify(75)].
Derived: -Q(x) | -EV(x).  [resolve(174,a,167,b)].
Derived: -Q(x) | -STV(x).  [resolve(174,a,170,b)].
175 -PD(x) | -AB(x).  [clausify(75)].
Derived: -AB(x) | -EV(x).  [resolve(175,a,167,b)].
Derived: -AB(x) | -STV(x).  [resolve(175,a,170,b)].
176 -PD(x) | EV(x) | STV(x).  [clausify(80)].
Derived: EV(x) | STV(x) | -PT(x) | ED(x) | Q(x) | AB(x).  [resolve(176,a,171,c)].
177 PD(x) | -EV(x).  [clausify(80)].
178 PD(x) | -STV(x).  [clausify(80)].

Eliminating Q/1
179 -TQ(x) | Q(x).  [clausify(58)].
180 -Q(x) | PRE(x,f8(x)).  [clausify(36)].
181 -Q(x) | PT(x).  [clausify(55)].
Derived: -TQ(x) | PRE(x,f8(x)).  [resolve(179,b,180,a)].
Derived: -TQ(x) | PT(x).  [resolve(179,b,181,a)].
182 -PQ(x) | Q(x).  [clausify(58)].
Derived: -PQ(x) | PRE(x,f8(x)).  [resolve(182,b,180,a)].
Derived: -PQ(x) | PT(x).  [resolve(182,b,181,a)].
183 -AQ(x) | Q(x).  [clausify(58)].
Derived: -AQ(x) | PRE(x,f8(x)).  [resolve(183,b,180,a)].
Derived: -AQ(x) | PT(x).  [resolve(183,b,181,a)].
184 PT(x) | -Q(x).  [clausify(73)].
185 -ED(x) | -Q(x).  [clausify(74)].
Derived: -ED(x) | -TQ(x).  [resolve(185,b,179,b)].
Derived: -ED(x) | -PQ(x).  [resolve(185,b,182,b)].
Derived: -ED(x) | -AQ(x).  [resolve(185,b,183,b)].
186 -Q(x) | -AB(x).  [clausify(76)].
Derived: -AB(x) | -TQ(x).  [resolve(186,a,179,b)].
Derived: -AB(x) | -PQ(x).  [resolve(186,a,182,b)].
Derived: -AB(x) | -AQ(x).  [resolve(186,a,183,b)].
187 -Q(x) | TQ(x) | PQ(x) | AQ(x).  [clausify(82)].
188 Q(x) | -TQ(x).  [clausify(82)].
189 Q(x) | -PQ(x).  [clausify(82)].
190 Q(x) | -AQ(x).  [clausify(82)].
191 -PT(x) | ED(x) | Q(x) | AB(x) | PRE(x,f8(x)).  [resolve(171,c,168,a)].
Derived: -PT(x) | ED(x) | AB(x) | PRE(x,f8(x)) | PRE(x,f8(x)).  [resolve(191,c,180,a)].
192 -Q(x) | -EV(x).  [resolve(174,a,167,b)].
Derived: -EV(x) | -TQ(x).  [resolve(192,a,179,b)].
Derived: -EV(x) | -PQ(x).  [resolve(192,a,182,b)].
Derived: -EV(x) | -AQ(x).  [resolve(192,a,183,b)].
193 -Q(x) | -STV(x).  [resolve(174,a,170,b)].
Derived: -STV(x) | -TQ(x).  [resolve(193,a,179,b)].
Derived: -STV(x) | -PQ(x).  [resolve(193,a,182,b)].
Derived: -STV(x) | -AQ(x).  [resolve(193,a,183,b)].
194 EV(x) | STV(x) | -PT(x) | ED(x) | Q(x) | AB(x).  [resolve(176,a,171,c)].
Derived: EV(x) | STV(x) | -PT(x) | ED(x) | AB(x) | TQ(x) | PQ(x) | AQ(x).  [resolve(194,e,187,a)].

Eliminating SUM/3
195 -T(x) | -T(y) | -T(z) | SUM(z,x,y) | T(f16(x,y,z)).  [clausify(54)].
196 -PRE(x,y) | -PRE(x,z) | -SUM(u,y,z) | PRE(x,u).  [clausify(39)].
197 -T(x) | -T(y) | -T(z) | -SUM(z,x,y) | -T(u) | -O(u,z) | O(u,x) | O(u,y).  [clausify(54)].
198 -T(x) | -T(y) | -T(z) | -SUM(z,x,y) | -T(u) | O(u,z) | -O(u,x).  [clausify(54)].
199 -T(x) | -T(y) | -T(z) | -SUM(z,x,y) | -T(u) | O(u,z) | -O(u,y).  [clausify(54)].
Derived: -T(x) | -T(y) | -T(z) | T(f16(x,y,z)) | -PRE(u,x) | -PRE(u,y) | PRE(u,z).  [resolve(195,d,196,c)].
Derived: -T(x) | -T(y) | -T(z) | T(f16(x,y,z)) | -T(x) | -T(y) | -T(z) | -T(u) | -O(u,z) | O(u,x) | O(u,y).  [resolve(195,d,197,d)].
Derived: -T(x) | -T(y) | -T(z) | T(f16(x,y,z)) | -T(x) | -T(y) | -T(z) | -T(u) | O(u,z) | -O(u,x).  [resolve(195,d,198,d)].
Derived: -T(x) | -T(y) | -T(z) | T(f16(x,y,z)) | -T(x) | -T(y) | -T(z) | -T(u) | O(u,z) | -O(u,y).  [resolve(195,d,199,d)].
200 -T(x) | -T(y) | -T(z) | SUM(z,x,y) | O(f16(x,y,z),z) | O(f16(x,y,z),x) | O(f16(x,y,z),y).  [clausify(54)].
Derived: -T(x) | -T(y) | -T(z) | O(f16(x,y,z),z) | O(f16(x,y,z),x) | O(f16(x,y,z),y) | -PRE(u,x) | -PRE(u,y) | PRE(u,z).  [resolve(200,d,196,c)].
Derived: -T(x) | -T(y) | -T(z) | O(f16(x,y,z),z) | O(f16(x,y,z),x) | O(f16(x,y,z),y) | -T(x) | -T(y) | -T(z) | -T(u) | -O(u,z) | O(u,x) | O(u,y).  [resolve(200,d,197,d)].
Derived: -T(x) | -T(y) | -T(z) | O(f16(x,y,z),z) | O(f16(x,y,z),x) | O(f16(x,y,z),y) | -T(x) | -T(y) | -T(z) | -T(u) | O(u,z) | -O(u,x).  [resolve(200,d,198,d)].
Derived: -T(x) | -T(y) | -T(z) | O(f16(x,y,z),z) | O(f16(x,y,z),x) | O(f16(x,y,z),y) | -T(x) | -T(y) | -T(z) | -T(u) | O(u,z) | -O(u,y).  [resolve(200,d,199,d)].
201 -T(x) | -T(y) | -T(z) | SUM(z,x,y) | -O(f16(x,y,z),z) | -O(f16(x,y,z),x).  [clausify(54)].
Derived: -T(x) | -T(y) | -T(z) | -O(f16(x,y,z),z) | -O(f16(x,y,z),x) | -PRE(u,x) | -PRE(u,y) | PRE(u,z).  [resolve(201,d,196,c)].
Derived: -T(x) | -T(y) | -T(z) | -O(f16(x,y,z),z) | -O(f16(x,y,z),x) | -T(x) | -T(y) | -T(z) | -T(u) | -O(u,z) | O(u,x) | O(u,y).  [resolve(201,d,197,d)].
Derived: -T(x) | -T(y) | -T(z) | -O(f16(x,y,z),z) | -O(f16(x,y,z),x) | -T(x) | -T(y) | -T(z) | -T(u) | O(u,z) | -O(u,x).  [resolve(201,d,198,d)].
Derived: -T(x) | -T(y) | -T(z) | -O(f16(x,y,z),z) | -O(f16(x,y,z),x) | -T(x) | -T(y) | -T(z) | -T(u) | O(u,z) | -O(u,y).  [resolve(201,d,199,d)].
202 -T(x) | -T(y) | -T(z) | SUM(z,x,y) | -O(f16(x,y,z),z) | -O(f16(x,y,z),y).  [clausify(54)].
Derived: -T(x) | -T(y) | -T(z) | -O(f16(x,y,z),z) | -O(f16(x,y,z),y) | -PRE(u,x) | -PRE(u,y) | PRE(u,z).  [resolve(202,d,196,c)].
Derived: -T(x) | -T(y) | -T(z) | -O(f16(x,y,z),z) | -O(f16(x,y,z),y) | -T(x) | -T(y) | -T(z) | -T(u) | -O(u,z) | O(u,x) | O(u,y).  [resolve(202,d,197,d)].
Derived: -T(x) | -T(y) | -T(z) | -O(f16(x,y,z),z) | -O(f16(x,y,z),y) | -T(x) | -T(y) | -T(z) | -T(u) | O(u,z) | -O(u,x).  [resolve(202,d,198,d)].
Derived: -T(x) | -T(y) | -T(z) | -O(f16(x,y,z),z) | -O(f16(x,y,z),y) | -T(x) | -T(y) | -T(z) | -T(u) | O(u,z) | -O(u,y).  [resolve(202,d,199,d)].

Eliminating DJ/2
203 -T(x) | -T(y) | -DJ(x,y) | -O(x,y).  [clausify(49)].
204 -T(x) | -T(y) | P(x,y) | DJ(f10(x,y),y).  [clausify(46)].
Derived: -T(f10(x,y)) | -T(y) | -O(f10(x,y),y) | -T(x) | -T(y) | P(x,y).  [resolve(203,c,204,d)].
205 -T(x) | -T(y) | DJ(x,y) | O(x,y).  [clausify(49)].

Eliminating U/2
206 -T(x) | -T(y) | U(x,y) | -P(x,z) | -P(y,z) | -T(z).  [clausify(50)].
207 -T(x) | -T(y) | -U(x,y) | P(x,f12(x,y)).  [clausify(50)].
208 -T(x) | -T(y) | -U(x,y) | P(y,f12(x,y)).  [clausify(50)].
209 -T(x) | -T(y) | -U(x,y) | T(f12(x,y)).  [clausify(50)].
Derived: -T(x) | -T(y) | -P(x,z) | -P(y,z) | -T(z) | -T(x) | -T(y) | P(x,f12(x,y)).  [resolve(206,c,207,c)].
Derived: -T(x) | -T(y) | -P(x,z) | -P(y,z) | -T(z) | -T(x) | -T(y) | P(y,f12(x,y)).  [resolve(206,c,208,c)].
Derived: -T(x) | -T(y) | -P(x,z) | -P(y,z) | -T(z) | -T(x) | -T(y) | T(f12(x,y)).  [resolve(206,c,209,c)].
210 -T(x) | -T(y) | -U(x,y) | T(f14(x,y)).  [clausify(52)].
Derived: -T(x) | -T(y) | T(f14(x,y)) | -T(x) | -T(y) | -P(x,z) | -P(y,z) | -T(z).  [resolve(210,c,206,c)].
211 -T(x) | -T(y) | -U(x,y) | -T(z) | -O(z,f14(x,y)) | O(z,x) | O(z,y).  [clausify(52)].
Derived: -T(x) | -T(y) | -T(z) | -O(z,f14(x,y)) | O(z,x) | O(z,y) | -T(x) | -T(y) | -P(x,u) | -P(y,u) | -T(u).  [resolve(211,c,206,c)].
212 -T(x) | -T(y) | -U(x,y) | -T(z) | O(z,f14(x,y)) | -O(z,x).  [clausify(52)].
Derived: -T(x) | -T(y) | -T(z) | O(z,f14(x,y)) | -O(z,x) | -T(x) | -T(y) | -P(x,u) | -P(y,u) | -T(u).  [resolve(212,c,206,c)].
213 -T(x) | -T(y) | -U(x,y) | -T(z) | O(z,f14(x,y)) | -O(z,y).  [clausify(52)].
Derived: -T(x) | -T(y) | -T(z) | O(z,f14(x,y)) | -O(z,y) | -T(x) | -T(y) | -P(x,u) | -P(y,u) | -T(u).  [resolve(213,c,206,c)].

Eliminating AtP/1
214 AtP(x) | -T(x) | T(f13(x)).  [clausify(51)].
215 -AtP(x) | T(x).  [clausify(51)].
216 -AtP(x) | -T(y) | -P(y,x) | y = x.  [clausify(51)].
Derived: -T(x) | T(f13(x)) | -T(y) | -P(y,x) | y = x.  [resolve(214,a,216,a)].
217 AtP(x) | -T(x) | P(f13(x),x).  [clausify(51)].
Derived: -T(x) | P(f13(x),x) | -T(y) | -P(y,x) | y = x.  [resolve(217,a,216,a)].
218 AtP(x) | -T(x) | f13(x) != x.  [clausify(51)].
Derived: -T(x) | f13(x) != x | -T(y) | -P(y,x) | y = x.  [resolve(218,a,216,a)].

Eliminating PT/1
219 -PT(x) | ED(x) | AB(x) | PRE(x,f8(x)) | PRE(x,f8(x)).  [resolve(191,c,180,a)].
220 -ED(x) | PT(x).  [clausify(55)].
221 -AB(x) | PT(x).  [clausify(55)].
222 PT(x) | -ED(x).  [clausify(73)].
223 PT(x) | -AB(x).  [clausify(73)].
224 -EV(x) | PT(x).  [resolve(167,b,169,a)].
225 -STV(x) | PT(x).  [resolve(170,b,169,a)].
226 -TQ(x) | PT(x).  [resolve(179,b,181,a)].
227 -PQ(x) | PT(x).  [resolve(182,b,181,a)].
228 -AQ(x) | PT(x).  [resolve(183,b,181,a)].
Derived: ED(x) | AB(x) | PRE(x,f8(x)) | PRE(x,f8(x)) | -EV(x).  [resolve(219,a,224,b)].
Derived: ED(x) | AB(x) | PRE(x,f8(x)) | PRE(x,f8(x)) | -STV(x).  [resolve(219,a,225,b)].
Derived: ED(x) | AB(x) | PRE(x,f8(x)) | PRE(x,f8(x)) | -TQ(x).  [resolve(219,a,226,b)].
Derived: ED(x) | AB(x) | PRE(x,f8(x)) | PRE(x,f8(x)) | -PQ(x).  [resolve(219,a,227,b)].
Derived: ED(x) | AB(x) | PRE(x,f8(x)) | PRE(x,f8(x)) | -AQ(x).  [resolve(219,a,228,b)].
229 EV(x) | STV(x) | -PT(x) | ED(x) | AB(x) | TQ(x) | PQ(x) | AQ(x).  [resolve(194,e,187,a)].

Eliminating AS/1
230 -ED(x) | PED(x) | NPED(x) | AS(x).  [clausify(77)].
231 -AS(x) | ED(x).  [clausify(56)].
232 ED(x) | -AS(x).  [clausify(77)].
233 -PED(x) | -AS(x).  [clausify(78)].
234 -NPED(x) | -AS(x).  [clausify(79)].

Eliminating R/1
235 -TR(x) | R(x).  [clausify(66)].
236 -R(x) | AB(x).  [clausify(59)].
Derived: -TR(x) | AB(x).  [resolve(235,b,236,a)].
237 -PR(x) | R(x).  [clausify(66)].
Derived: -PR(x) | AB(x).  [resolve(237,b,236,a)].
238 -AR(x) | R(x).  [clausify(66)].
Derived: -AR(x) | AB(x).  [resolve(238,b,236,a)].
239 -R(x) | TR(x) | PR(x) | AR(x).  [clausify(92)].
240 R(x) | -TR(x).  [clausify(92)].
241 R(x) | -PR(x).  [clausify(92)].
242 R(x) | -AR(x).  [clausify(92)].

Eliminating M/1
243 -PED(x) | M(x) | F(x) | POB(x).  [clausify(85)].
244 -M(x) | PED(x).  [clausify(60)].
245 PED(x) | -M(x).  [clausify(85)].
246 -M(x) | -F(x).  [clausify(86)].
247 -M(x) | -POB(x).  [clausify(86)].

Eliminating F/1

Eliminating POB/1
248 -APO(x) | POB(x).  [clausify(67)].
249 -POB(x) | PED(x).  [clausify(60)].
Derived: -APO(x) | PED(x).  [resolve(248,b,249,a)].
250 -NAPO(x) | POB(x).  [clausify(67)].
Derived: -NAPO(x) | PED(x).  [resolve(250,b,249,a)].
251 PED(x) | -POB(x).  [clausify(85)].
252 -POB(x) | APO(x) | NAPO(x).  [clausify(95)].
253 POB(x) | -APO(x).  [clausify(95)].
254 POB(x) | -NAPO(x).  [clausify(95)].

Eliminating NPOB/1
255 -MOB(x) | NPOB(x).  [clausify(68)].
256 -NPOB(x) | NPED(x).  [clausify(61)].
Derived: -MOB(x) | NPED(x).  [resolve(255,b,256,a)].
257 -SOB(x) | NPOB(x).  [clausify(68)].
Derived: -SOB(x) | NPED(x).  [resolve(257,b,256,a)].
258 -NPOB(x) | MOB(x) | SOB(x).  [clausify(97)].
259 NPOB(x) | -MOB(x).  [clausify(97)].
260 NPOB(x) | -SOB(x).  [clausify(97)].

Eliminating ACH/1
261 -EV(x) | ACH(x) | ACC(x).  [clausify(88)].
262 -ACH(x) | EV(x).  [clausify(62)].
263 EV(x) | -ACH(x).  [clausify(88)].
264 -ACH(x) | -ACC(x).  [clausify(89)].

Eliminating ACC/1

Eliminating ST/1
265 -STV(x) | ST(x) | PRO(x).  [clausify(90)].
266 -ST(x) | STV(x).  [clausify(63)].
267 STV(x) | -ST(x).  [clausify(90)].
268 -ST(x) | -PRO(x).  [clausify(91)].

Eliminating PRO/1

Eliminating TL/1

Eliminating SL/1

Eliminating TR/1
269 -TR(x) | -PR(x).  [clausify(93)].
270 -T(x) | TR(x).  [clausify(69)].
Derived: -PR(x) | -T(x).  [resolve(269,a,270,b)].
271 -TR(x) | -AR(x).  [clausify(93)].
Derived: -AR(x) | -T(x).  [resolve(271,a,270,b)].
272 -TR(x) | AB(x).  [resolve(235,b,236,a)].
Derived: AB(x) | -T(x).  [resolve(272,a,270,b)].

Eliminating S/1

Eliminating ASO/1
273 -SAG(x) | ASO(x).  [clausify(72)].
274 -ASO(x) | SOB(x).  [clausify(71)].
Derived: -SAG(x) | SOB(x).  [resolve(273,b,274,a)].
275 -SC(x) | ASO(x).  [clausify(72)].
Derived: -SC(x) | SOB(x).  [resolve(275,b,274,a)].
276 -SOB(x) | ASO(x) | NASO(x).  [clausify(99)].
277 SOB(x) | -ASO(x).  [clausify(99)].
278 -ASO(x) | -NASO(x).  [clausify(100)].
Derived: -NASO(x) | -SAG(x).  [resolve(278,a,273,b)].
Derived: -NASO(x) | -SC(x).  [resolve(278,a,275,b)].
279 -ASO(x) | SAG(x) | SC(x).  [clausify(101)].
Derived: SAG(x) | SC(x) | -SOB(x) | NASO(x).  [resolve(279,a,276,b)].
280 ASO(x) | -SAG(x).  [clausify(101)].
281 ASO(x) | -SC(x).  [clausify(101)].

Eliminating NASO/1
282 SAG(x) | SC(x) | -SOB(x) | NASO(x).  [resolve(279,a,276,b)].
283 -NASO(x) | SOB(x).  [clausify(71)].
284 SOB(x) | -NASO(x).  [clausify(99)].
285 -NASO(x) | -SAG(x).  [resolve(278,a,273,b)].
286 -NASO(x) | -SC(x).  [resolve(278,a,275,b)].

Eliminating AB/1
287 ED(x) | AB(x) | PRE(x,f8(x)) | PRE(x,f8(x)) | -EV(x).  [resolve(219,a,224,b)].
288 -ED(x) | -AB(x).  [clausify(74)].
289 -AB(x) | -EV(x).  [resolve(175,a,167,b)].
290 -AB(x) | -STV(x).  [resolve(175,a,170,b)].
291 -AB(x) | -TQ(x).  [resolve(186,a,179,b)].
292 -AB(x) | -PQ(x).  [resolve(186,a,182,b)].
293 -AB(x) | -AQ(x).  [resolve(186,a,183,b)].
Derived: ED(x) | PRE(x,f8(x)) | PRE(x,f8(x)) | -EV(x) | -EV(x).  [resolve(287,b,289,a)].
294 ED(x) | AB(x) | PRE(x,f8(x)) | PRE(x,f8(x)) | -STV(x).  [resolve(219,a,225,b)].
Derived: ED(x) | PRE(x,f8(x)) | PRE(x,f8(x)) | -STV(x) | -STV(x).  [resolve(294,b,290,a)].
295 ED(x) | AB(x) | PRE(x,f8(x)) | PRE(x,f8(x)) | -TQ(x).  [resolve(219,a,226,b)].
Derived: ED(x) | PRE(x,f8(x)) | PRE(x,f8(x)) | -TQ(x) | -TQ(x).  [resolve(295,b,291,a)].
296 ED(x) | AB(x) | PRE(x,f8(x)) | PRE(x,f8(x)) | -PQ(x).  [resolve(219,a,227,b)].
Derived: ED(x) | PRE(x,f8(x)) | PRE(x,f8(x)) | -PQ(x) | -PQ(x).  [resolve(296,b,292,a)].
297 ED(x) | AB(x) | PRE(x,f8(x)) | PRE(x,f8(x)) | -AQ(x).  [resolve(219,a,228,b)].
Derived: ED(x) | PRE(x,f8(x)) | PRE(x,f8(x)) | -AQ(x) | -AQ(x).  [resolve(297,b,293,a)].
298 -PR(x) | AB(x).  [resolve(237,b,236,a)].
Derived: -PR(x) | -ED(x).  [resolve(298,b,288,b)].
Derived: -PR(x) | -EV(x).  [resolve(298,b,289,a)].
Derived: -PR(x) | -STV(x).  [resolve(298,b,290,a)].
Derived: -PR(x) | -TQ(x).  [resolve(298,b,291,a)].
Derived: -PR(x) | -PQ(x).  [resolve(298,b,292,a)].
Derived: -PR(x) | -AQ(x).  [resolve(298,b,293,a)].
299 -AR(x) | AB(x).  [resolve(238,b,236,a)].
Derived: -AR(x) | -ED(x).  [resolve(299,b,288,b)].
Derived: -AR(x) | -EV(x).  [resolve(299,b,289,a)].
Derived: -AR(x) | -STV(x).  [resolve(299,b,290,a)].
Derived: -AR(x) | -TQ(x).  [resolve(299,b,291,a)].
Derived: -AR(x) | -PQ(x).  [resolve(299,b,292,a)].
Derived: -AR(x) | -AQ(x).  [resolve(299,b,293,a)].
300 AB(x) | -T(x).  [resolve(272,a,270,b)].
Derived: -T(x) | -ED(x).  [resolve(300,a,288,b)].
Derived: -T(x) | -EV(x).  [resolve(300,a,289,a)].
Derived: -T(x) | -STV(x).  [resolve(300,a,290,a)].
Derived: -T(x) | -TQ(x).  [resolve(300,a,291,a)].
Derived: -T(x) | -PQ(x).  [resolve(300,a,292,a)].
Derived: -T(x) | -AQ(x).  [resolve(300,a,293,a)].

Eliminating PR/1

Eliminating APO/1

Eliminating MOB/1

Eliminating SAG/1

Eliminating tunderlaps/3
301 tunderlaps(x,y,z) | -tP(x,u,z) | -tP(y,u,z).  [resolve(114,b,107,a)].
302 -tunderlaps(x,y,z) | tP(x,f4(x,y,z),z).  [resolve(113,b,108,a)].
303 -tunderlaps(x,y,z) | tP(y,f4(x,y,z),z).  [resolve(113,b,109,a)].
304 -tunderlaps(x,y,z) | -tO(u,f6(x,y,z),z) | tO(u,x,z) | tO(u,y,z).  [resolve(113,b,110,a)].
305 -tunderlaps(x,y,z) | tO(u,f6(x,y,z),z) | -tO(u,x,z).  [resolve(113,b,111,a)].
306 -tunderlaps(x,y,z) | tO(u,f6(x,y,z),z) | -tO(u,y,z).  [resolve(113,b,112,a)].
Derived: -tP(x,y,z) | -tP(u,y,z) | tP(x,f4(x,u,z),z).  [resolve(301,a,302,a)].
Derived: -tP(x,y,z) | -tP(u,y,z) | tP(u,f4(x,u,z),z).  [resolve(301,a,303,a)].
Derived: -tP(x,y,z) | -tP(u,y,z) | -tO(w,f6(x,u,z),z) | tO(w,x,z) | tO(w,u,z).  [resolve(301,a,304,a)].
Derived: -tP(x,y,z) | -tP(u,y,z) | tO(w,f6(x,u,z),z) | -tO(w,x,z).  [resolve(301,a,305,a)].
Derived: -tP(x,y,z) | -tP(u,y,z) | tO(w,f6(x,u,z),z) | -tO(w,u,z).  [resolve(301,a,306,a)].

Eliminating NAPO/1

Eliminating SOB/1
307 -SC(x) | SOB(x).  [resolve(275,b,274,a)].
308 -SOB(x) | NPED(x).  [resolve(257,b,256,a)].
Derived: -SC(x) | NPED(x).  [resolve(307,b,308,a)].

Eliminating AR/1

Eliminating SC/1

============================== end predicate elimination =============

Term ordering decisions:
Predicate symbol precedence:  predicate_order([ =, T, ED, NPED, PED, AQ, EV, PQ, STV, TQ, O, PRE, P, in2, PP, tP, tO, tPP ]).
Function symbol precedence:  function_order([ c1, c2, f5, f9, f10, f11, f12, f14, f15, f8, f13, f2, f3, f4, f6, f7, f16, f1 ]).
After inverse_order:  (no changes).
Unfolding symbols: (none).

Auto_inference settings:
  % set(paramodulation).  % (positive equality literals)
  % set(binary_resolution).  % (non-Horn)

Auto_process settings:
  % set(factor).  % (non-Horn)
  % set(unit_deletion).  % (non-Horn)

============================== end of process initial clauses ========

============================== CLAUSES FOR SEARCH ====================

============================== end of clauses for search =============

============================== SEARCH ================================

% Starting search at 0.15 seconds.

============================== PROOF =================================

% Proof 1 at 0.20 (+ 0.01) seconds.
% Length of proof is 45.
% Level of proof is 11.
% Maximum clause weight is 11.000.
% Given clauses 320.

18 (all x all y (in2(x,y) <-> PRE(x,y) & T(y) & NPED(x) | PRE(y,x) & T(x) & NPED(y) | x = y & (NPED(y) | T(y)))) # label(non_clause).  [assumption].
56 (all x (PED(x) | NPED(x) | AS(x) -> ED(x))) # label(non_clause).  [assumption].
59 (all x (R(x) -> AB(x))) # label(non_clause).  [assumption].
66 (all x (TR(x) | PR(x) | AR(x) -> R(x))) # label(non_clause).  [assumption].
69 (all x (T(x) -> TR(x))) # label(non_clause).  [assumption].
74 (all x (ED(x) -> -PD(x) & -Q(x) & -AB(x))) # label(non_clause).  [assumption].
103 (all x all y (in2(x,y) -> in2(y,x))) # label(non_clause) # label(goal).  [goal].
235 -TR(x) | R(x).  [clausify(66)].
236 -R(x) | AB(x).  [clausify(59)].
270 -T(x) | TR(x).  [clausify(69)].
272 -TR(x) | AB(x).  [resolve(235,b,236,a)].
288 -ED(x) | -AB(x).  [clausify(74)].
300 AB(x) | -T(x).  [resolve(272,a,270,b)].
334 -in2(x,y) | PRE(x,y) | T(x) | y = x.  [clausify(18)].
336 -in2(x,y) | T(y) | PRE(y,x) | y = x.  [clausify(18)].
337 -in2(x,y) | T(y) | T(x) | y = x.  [clausify(18)].
338 -in2(x,y) | T(y) | NPED(y).  [clausify(18)].
340 -in2(x,y) | NPED(x) | T(x) | y = x.  [clausify(18)].
341 -in2(x,y) | NPED(x) | NPED(y) | y = x.  [clausify(18)].
342 in2(x,y) | -PRE(x,y) | -T(y) | -NPED(x).  [clausify(18)].
343 in2(x,y) | -PRE(y,x) | -T(x) | -NPED(y).  [clausify(18)].
371 -NPED(x) | ED(x).  [clausify(56)].
377 in2(c1,c2).  [deny(103)].
378 -in2(c2,c1).  [deny(103)].
455 -T(x) | -ED(x).  [resolve(300,a,288,b)].
610 NPED(c1) | NPED(c2) | c2 = c1.  [resolve(377,a,341,a)].
611 NPED(c1) | T(c1) | c2 = c1.  [resolve(377,a,340,a)].
613 T(c2) | NPED(c2).  [resolve(377,a,338,a)].
614 T(c2) | T(c1) | c2 = c1.  [resolve(377,a,337,a)].
615 T(c2) | PRE(c2,c1) | c2 = c1.  [resolve(377,a,336,a)].
617 PRE(c1,c2) | T(c1) | c2 = c1.  [resolve(377,a,334,a)].
619 NPED(c1) | c2 = c1 | ED(c2).  [resolve(610,b,371,a)].
665 c2 = c1 | ED(c2) | ED(c1).  [resolve(619,a,371,a)].
719 c2 = c1 | ED(c1) | -T(c2).  [resolve(665,b,455,b)].
732 T(c2) | c2 = c1 | -T(c1) | -NPED(c2).  [resolve(615,b,342,b),unit_del(c,378)].
766 T(c1) | c2 = c1 | -T(c2) | -NPED(c1).  [resolve(617,a,343,b),unit_del(c,378)].
893 T(c2) | c2 = c1 | -T(c1).  [resolve(732,d,613,b),merge(d)].
898 T(c1) | c2 = c1 | -T(c2).  [resolve(766,d,611,a),merge(d),merge(e)].
899 T(c1) | c2 = c1.  [resolve(898,c,614,a),merge(c),merge(d)].
900 c2 = c1 | T(c2).  [resolve(899,a,893,c),merge(c)].
913 c2 = c1 | ED(c1).  [resolve(900,b,719,c),merge(b)].
925 c2 = c1 | -T(c1).  [resolve(913,b,455,b)].
927 c2 = c1.  [resolve(925,b,899,a),merge(b)].
1008 -in2(c1,c1).  [back_rewrite(378),rewrite([927(1)])].
1009 $F.  [back_rewrite(377),rewrite([927(2)]),unit_del(a,1008)].

============================== end of proof ==========================

============================== STATISTICS ============================

Given=320. Generated=1830. Kept=675. proofs=1.
Usable=271. Sos=0. Demods=1. Limbo=82, Disabled=700. Hints=0.
Kept_by_rule=0, Deleted_by_rule=0.
Forward_subsumed=1154. Back_subsumed=240.
Sos_limit_deleted=0. Sos_displaced=0. Sos_removed=0.
New_demodulators=1 (0 lex), Back_demodulated=82. Back_unit_deleted=0.
Demod_attempts=1515. Demod_rewrites=406.
Res_instance_prunes=0. Para_instance_prunes=0. Basic_paramod_prunes=0.
Nonunit_fsub_feature_tests=5227. Nonunit_bsub_feature_tests=3671.
Megabytes=1.83.
User_CPU=0.20, System_CPU=0.01, Wall_clock=1.

============================== end of statistics =====================

============================== end of search =========================

THEOREM PROVED

Exiting with 1 proof.

Process 23144 exit (max_proofs) Tue Jul 30 21:24:26 2013
