Hi Geoff, go and have some cold beer while I am trying to solve this very hard problem!
% remaining time: 30000 next slice time: 3
dis-4_5_bd=off:bs=off:ep=RST:fde=none:lcm=predicate:nwc=2.0:nicw=on:ptb=off:ssec=off:ss=included:st=5.0:sio=off:spl=backtracking:updr=off_1 on unknown
Refutation found. Thanks to Tanya!
% SZS status Theorem for unknown
% SZS output start Proof for unknown
fof(f4724,plain,(
  $false),
  inference(subsumption_resolution,[],[f4723,f4684])).
fof(f4684,plain,(
  sP0(sK1,sK0)),
  inference(backtracking_split_refutation,[],[f4454,f4456_D,f4682])).
fof(f4682,plain,(
  $false | $spl223),
  inference(subsumption_resolution,[],[f4681,f116])).
fof(f116,plain,(
  inc(sK0,sK1)),
  inference(cnf_transformation,[],[f89])).
fof(f89,plain,(
  inc(sK0,sK1) & ~inc(sK1,sK0)),
  inference(skolemisation,[status(esa)],[f62])).
fof(f62,plain,(
  ? [X0,X1] : (inc(X0,X1) & ~inc(X1,X0))),
  inference(ennf_transformation,[],[f24])).
fof(f24,plain,(
  ~! [X0,X1] : (inc(X0,X1) => inc(X1,X0))),
  inference(flattening,[],[f1])).
fof(f1,negated_conjecture,(
  ~! [X0] : ! [X1] : (inc(X0,X1) => inc(X1,X0))),
  file(unknown,unknown)).
fof(f4681,plain,(
  ~inc(sK0,sK1) | $spl223),
  inference(subsumption_resolution,[],[f4680,f4456])).
fof(f4680,plain,(
  sP0(sK1,sK0) | ~inc(sK0,sK1) | $spl223),
  inference(subsumption_resolution,[],[f4679,f348])).
fof(f348,plain,(
  ( ! [X4,X5] : (cont(sK5(X4,X5),X5) | ~inc(X5,X4) | sP0(X4,X5)) )),
  inference(resolution,[],[f162,f147])).
fof(f147,plain,(
  ( ! [X0,X1] : (~p(X0,X1) | cont(X0,X1)) )),
  inference(cnf_transformation,[],[f103])).
fof(f103,plain,(
  ! [X0,X1] : ((~p(X0,X1) | (cont(X0,X1) & eqdim(X0,X1))) & (~cont(X0,X1) | ~eqdim(X0,X1) | p(X0,X1)))),
  inference(flattening,[],[f102])).
fof(f102,plain,(
  ! [X0,X1] : ((~p(X0,X1) | (cont(X0,X1) & eqdim(X0,X1))) & ((~cont(X0,X1) | ~eqdim(X0,X1)) | p(X0,X1)))),
  inference(nnf_transformation,[],[f50])).
fof(f50,plain,(
  ! [X0,X1] : (p(X0,X1) <=> (cont(X0,X1) & eqdim(X0,X1)))),
  inference(flattening,[],[f49])).
fof(f49,plain,(
  ! [X0] : ! [X1] : (p(X0,X1) <=> (cont(X0,X1) & eqdim(X0,X1)))),
  inference(rectify,[],[f22])).
fof(f22,axiom,(
  ! [X39] : ! [X40] : (p(X39,X40) <=> (cont(X39,X40) & eqdim(X39,X40)))),
  file(unknown,unknown)).
fof(f162,plain,(
  ( ! [X0,X1] : (p(sK5(X1,X0),X0) | sP0(X1,X0) | ~inc(X0,X1)) )),
  inference(cnf_transformation,[],[f114])).
fof(f114,plain,(
  ! [X0,X1] : ((~inc(X0,X1) | sP0(X1,X0) | (less(sK5(X1,X0),X1) & cont(sK5(X1,X0),X1) & p(sK5(X1,X0),X0))) & ((~sP0(X1,X0) & ! [X3] : (~less(X3,X1) | ~cont(X3,X1) | ~p(X3,X0))) | inc(X0,X1)))),
  inference(skolemisation,[status(esa)],[f113])).
fof(f113,plain,(
  ! [X0,X1] : ((~inc(X0,X1) | sP0(X1,X0) | ? [X2] : (less(X2,X1) & cont(X2,X1) & p(X2,X0))) & ((~sP0(X1,X0) & ! [X3] : (~less(X3,X1) | ~cont(X3,X1) | ~p(X3,X0))) | inc(X0,X1)))),
  inference(rectify,[],[f112])).
fof(f112,plain,(
  ! [X0,X1] : ((~inc(X0,X1) | sP0(X1,X0) | ? [X3] : (less(X3,X1) & cont(X3,X1) & p(X3,X0))) & ((~sP0(X1,X0) & ! [X3] : (~less(X3,X1) | ~cont(X3,X1) | ~p(X3,X0))) | inc(X0,X1)))),
  inference(flattening,[],[f111])).
fof(f111,plain,(
  ! [X0,X1] : ((~inc(X0,X1) | (sP0(X1,X0) | ? [X3] : (less(X3,X1) & cont(X3,X1) & p(X3,X0)))) & ((~sP0(X1,X0) & ! [X3] : (~less(X3,X1) | ~cont(X3,X1) | ~p(X3,X0))) | inc(X0,X1)))),
  inference(nnf_transformation,[],[f88])).
fof(f88,plain,(
  ! [X0,X1] : (inc(X0,X1) <=> (sP0(X1,X0) | ? [X3] : (less(X3,X1) & cont(X3,X1) & p(X3,X0))))),
  inference(definition_folding,[],[f87])).
fof(f87,plain,(
  ! [X1,X0] : (sP0(X1,X0) <=> ? [X2] : (less(X2,X0) & cont(X2,X0) & p(X2,X1)))),
  introduced(predicate_definition_introduction,[])).
fof(f4679,plain,(
  ~cont(sK5(sK1,sK0),sK0) | sP0(sK1,sK0) | ~inc(sK0,sK1) | $spl223),
  inference(subsumption_resolution,[],[f4677,f117])).
fof(f117,plain,(
  ~inc(sK1,sK0)),
  inference(cnf_transformation,[],[f89])).
fof(f4677,plain,(
  inc(sK1,sK0) | ~cont(sK5(sK1,sK0),sK0) | sP0(sK1,sK0) | ~inc(sK0,sK1) | $spl223),
  inference(resolution,[],[f4476,f799])).
fof(f799,plain,(
  ( ! [X6,X7,X5] : (less(sK5(X5,X6),X7) | inc(X5,X7) | ~cont(sK5(X5,X6),X7) | sP0(X5,X6) | ~inc(X6,X5)) )),
  inference(subsumption_resolution,[],[f784,f160])).
fof(f160,plain,(
  ( ! [X0,X1] : (less(sK5(X1,X0),X1) | sP0(X1,X0) | ~inc(X0,X1)) )),
  inference(cnf_transformation,[],[f114])).
fof(f784,plain,(
  ( ! [X6,X7,X5] : (~cont(sK5(X5,X6),X7) | inc(X5,X7) | ~less(sK5(X5,X6),X5) | less(sK5(X5,X6),X7) | sP0(X5,X6) | ~inc(X6,X5)) )),
  inference(resolution,[],[f455,f161])).
fof(f161,plain,(
  ( ! [X0,X1] : (cont(sK5(X1,X0),X1) | sP0(X1,X0) | ~inc(X0,X1)) )),
  inference(cnf_transformation,[],[f114])).
fof(f455,plain,(
  ( ! [X4,X5,X3] : (~cont(X3,X5) | ~cont(X3,X4) | inc(X4,X5) | ~less(X3,X4) | less(X3,X5)) )),
  inference(resolution,[],[f372,f207])).
fof(f207,plain,(
  ( ! [X0,X1] : (p(X0,X1) | ~cont(X0,X1) | less(X0,X1)) )),
  inference(duplicate_literal_removal,[],[f205])).
fof(f205,plain,(
  ( ! [X0,X1] : (p(X0,X1) | ~cont(X0,X1) | less(X0,X1) | ~cont(X0,X1)) )),
  inference(resolution,[],[f149,f136])).
fof(f136,plain,(
  ( ! [X0,X1] : (eqdim(X0,X1) | less(X0,X1) | ~cont(X0,X1)) )),
  inference(cnf_transformation,[],[f71])).
fof(f71,plain,(
  ! [X0,X1] : (~cont(X0,X1) | less(X0,X1) | eqdim(X0,X1))),
  inference(flattening,[],[f70])).
fof(f70,plain,(
  ! [X0,X1] : (~cont(X0,X1) | (less(X0,X1) | eqdim(X0,X1)))),
  inference(ennf_transformation,[],[f32])).
fof(f32,plain,(
  ! [X0,X1] : (cont(X0,X1) => (less(X0,X1) | eqdim(X0,X1)))),
  inference(flattening,[],[f31])).
fof(f31,plain,(
  ! [X0] : ! [X1] : (cont(X0,X1) => (less(X0,X1) | eqdim(X0,X1)))),
  inference(rectify,[],[f21])).
fof(f21,axiom,(
  ! [X37] : ! [X38] : (cont(X37,X38) => (less(X37,X38) | eqdim(X37,X38)))),
  file(unknown,unknown)).
fof(f149,plain,(
  ( ! [X0,X1] : (~eqdim(X0,X1) | p(X0,X1) | ~cont(X0,X1)) )),
  inference(cnf_transformation,[],[f103])).
fof(f372,plain,(
  ( ! [X2,X0,X1] : (~p(X0,X1) | ~cont(X0,X2) | ~less(X0,X2) | inc(X2,X1)) )),
  inference(resolution,[],[f159,f163])).
fof(f163,plain,(
  ( ! [X0,X1] : (~sP0(X1,X0) | inc(X0,X1)) )),
  inference(cnf_transformation,[],[f114])).
fof(f159,plain,(
  ( ! [X0,X3,X1] : (sP0(X0,X1) | ~p(X3,X0) | ~cont(X3,X1) | ~less(X3,X1)) )),
  inference(cnf_transformation,[],[f110])).
fof(f110,plain,(
  ! [X0,X1] : ((~sP0(X0,X1) | (less(sK4(X1,X0),X1) & cont(sK4(X1,X0),X1) & p(sK4(X1,X0),X0))) & (! [X3] : (~less(X3,X1) | ~cont(X3,X1) | ~p(X3,X0)) | sP0(X0,X1)))),
  inference(skolemisation,[status(esa)],[f109])).
fof(f109,plain,(
  ! [X0,X1] : ((~sP0(X0,X1) | ? [X2] : (less(X2,X1) & cont(X2,X1) & p(X2,X0))) & (! [X3] : (~less(X3,X1) | ~cont(X3,X1) | ~p(X3,X0)) | sP0(X0,X1)))),
  inference(rectify,[],[f108])).
fof(f108,plain,(
  ! [X1,X0] : ((~sP0(X1,X0) | ? [X2] : (less(X2,X0) & cont(X2,X0) & p(X2,X1))) & (! [X2] : (~less(X2,X0) | ~cont(X2,X0) | ~p(X2,X1)) | sP0(X1,X0)))),
  inference(nnf_transformation,[],[f87])).
fof(f4476,plain,(
  ~less(sK5(sK1,sK0),sK0) | $spl223),
  inference(subsumption_resolution,[],[f4465,f116])).
fof(f4465,plain,(
  ~inc(sK0,sK1) | ~less(sK5(sK1,sK0),sK0) | $spl223),
  inference(resolution,[],[f4456,f347])).
fof(f347,plain,(
  ( ! [X2,X3] : (sP0(X2,X3) | ~inc(X3,X2) | ~less(sK5(X2,X3),X3)) )),
  inference(resolution,[],[f162,f179])).
fof(f179,plain,(
  ( ! [X0,X1] : (~p(X0,X1) | ~less(X0,X1)) )),
  inference(resolution,[],[f154,f148])).
fof(f148,plain,(
  ( ! [X0,X1] : (eqdim(X0,X1) | ~p(X0,X1)) )),
  inference(cnf_transformation,[],[f103])).
fof(f154,plain,(
  ( ! [X0,X1] : (~eqdim(X0,X1) | ~less(X0,X1)) )),
  inference(cnf_transformation,[],[f107])).
fof(f107,plain,(
  ! [X0,X1] : ((~less(X0,X1) | (leq(X0,X1) & ~eqdim(X0,X1))) & (~leq(X0,X1) | eqdim(X0,X1) | less(X0,X1)))),
  inference(flattening,[],[f106])).
fof(f106,plain,(
  ! [X0,X1] : ((~less(X0,X1) | (leq(X0,X1) & ~eqdim(X0,X1))) & ((~leq(X0,X1) | eqdim(X0,X1)) | less(X0,X1)))),
  inference(nnf_transformation,[],[f82])).
fof(f82,plain,(
  ! [X0,X1] : (less(X0,X1) <=> (leq(X0,X1) & ~eqdim(X0,X1)))),
  inference(ennf_transformation,[],[f54])).
fof(f54,plain,(
  ! [X0,X1] : (less(X0,X1) <=> (leq(X0,X1) & ~eqdim(X0,X1)))),
  inference(flattening,[],[f53])).
fof(f53,plain,(
  ! [X0] : ! [X1] : (less(X0,X1) <=> (leq(X0,X1) & ~eqdim(X0,X1)))),
  inference(rectify,[],[f20])).
fof(f20,axiom,(
  ! [X35] : ! [X36] : (less(X35,X36) <=> (leq(X35,X36) & ~eqdim(X35,X36)))),
  file(unknown,unknown)).
fof(f4456,plain,(
  ~sP0(sK1,sK0) | $spl223),
  inference(cnf_transformation,[],[f4456_D])).
fof(f4456_D,plain,(
  ~sP0(sK1,sK0) <=> ~$spl223),
  introduced(backtracking_splitting_component,[])).
fof(f4454,plain,(
  ( ! [X0] : (~mindim(X0) | inc(sK0,X0) | ~cont(sK4(sK0,sK1),X0) | ~sP0(sK1,sK0)) ) | ($spl100 | $spl140)),
  inference(resolution,[],[f3610,f798])).
fof(f798,plain,(
  ( ! [X4,X2,X3] : (less(sK4(X2,X3),X4) | inc(X2,X4) | ~cont(sK4(X2,X3),X4) | ~sP0(X3,X2)) )),
  inference(subsumption_resolution,[],[f783,f156])).
fof(f156,plain,(
  ( ! [X0,X1] : (less(sK4(X1,X0),X1) | ~sP0(X0,X1)) )),
  inference(cnf_transformation,[],[f110])).
fof(f783,plain,(
  ( ! [X4,X2,X3] : (~cont(sK4(X2,X3),X4) | inc(X2,X4) | ~less(sK4(X2,X3),X2) | less(sK4(X2,X3),X4) | ~sP0(X3,X2)) )),
  inference(resolution,[],[f455,f157])).
fof(f157,plain,(
  ( ! [X0,X1] : (cont(sK4(X1,X0),X1) | ~sP0(X0,X1)) )),
  inference(cnf_transformation,[],[f110])).
fof(f3610,plain,(
  ( ! [X1] : (~less(sK4(sK0,sK1),X1) | ~mindim(X1)) ) | ($spl100 | $spl140)),
  inference(backtracking_split_refutation,[],[f2652,f3512_D,f3609])).
fof(f3609,plain,(
  $false | ($spl140 | $spl146)),
  inference(subsumption_resolution,[],[f3604,f3512])).
fof(f3604,plain,(
  s(sK4(sK0,sK1)) | $spl140),
  inference(backtracking_split_refutation,[],[f2651,f3511_D,f3602])).
fof(f3602,plain,(
  $false | ($spl140 | $spl145)),
  inference(subsumption_resolution,[],[f3552,f3511])).
fof(f3552,plain,(
  s(sK4(sK0,sK1)) | $spl140),
  inference(resolution,[],[f3505,f124])).
fof(f124,plain,(
  ( ! [X0] : (~mindim(X0) | s(X0)) )),
  inference(cnf_transformation,[],[f97])).
fof(f97,plain,(
  ! [X0] : ((~mindim(X0) | (s(X0) & ~zex(X0) & ! [X1] : (~s(X1) | ~less(X1,X0) | zex(X1)))) & (~s(X0) | zex(X0) | (s(sK3(X0)) & less(sK3(X0),X0) & ~zex(sK3(X0))) | mindim(X0)))),
  inference(skolemisation,[status(esa)],[f96])).
fof(f96,plain,(
  ! [X0] : ((~mindim(X0) | (s(X0) & ~zex(X0) & ! [X1] : (~s(X1) | ~less(X1,X0) | zex(X1)))) & (~s(X0) | zex(X0) | ? [X2] : (s(X2) & less(X2,X0) & ~zex(X2)) | mindim(X0)))),
  inference(rectify,[],[f95])).
fof(f95,plain,(
  ! [X0] : ((~mindim(X0) | (s(X0) & ~zex(X0) & ! [X1] : (~s(X1) | ~less(X1,X0) | zex(X1)))) & (~s(X0) | zex(X0) | ? [X1] : (s(X1) & less(X1,X0) & ~zex(X1)) | mindim(X0)))),
  inference(flattening,[],[f94])).
fof(f94,plain,(
  ! [X0] : ((~mindim(X0) | (s(X0) & ~zex(X0) & ! [X1] : (~s(X1) | ~less(X1,X0) | zex(X1)))) & ((~s(X0) | zex(X0) | ? [X1] : (s(X1) & less(X1,X0) & ~zex(X1))) | mindim(X0)))),
  inference(nnf_transformation,[],[f67])).
fof(f67,plain,(
  ! [X0] : (mindim(X0) <=> (s(X0) & ~zex(X0) & ! [X1] : (~s(X1) | ~less(X1,X0) | zex(X1))))),
  inference(flattening,[],[f66])).
fof(f66,plain,(
  ! [X0] : (mindim(X0) <=> (s(X0) & ~zex(X0) & ! [X1] : ((~s(X1) | ~less(X1,X0)) | zex(X1))))),
  inference(ennf_transformation,[],[f27])).
fof(f27,plain,(
  ! [X0] : (mindim(X0) <=> (s(X0) & ~zex(X0) & ! [X1] : ((s(X1) & less(X1,X0)) => zex(X1))))),
  inference(rectify,[],[f4])).
fof(f4,axiom,(
  ! [X5] : (mindim(X5) <=> (s(X5) & ~zex(X5) & ! [X6] : ((s(X6) & less(X6,X5)) => zex(X6))))),
  file(unknown,unknown)).
fof(f3505,plain,(
  mindim(sK4(sK0,sK1)) | $spl140),
  inference(cnf_transformation,[],[f3505_D])).
fof(f3505_D,plain,(
  mindim(sK4(sK0,sK1)) <=> ~$spl140),
  introduced(backtracking_splitting_component,[])).
fof(f3511,plain,(
  ~s(sK4(sK0,sK1)) | $spl145),
  inference(cnf_transformation,[],[f3511_D])).
fof(f3511_D,plain,(
  ~s(sK4(sK0,sK1)) <=> ~$spl145),
  introduced(backtracking_splitting_component,[])).
fof(f2651,plain,(
  less(sK3(sK4(sK0,sK1)),sK4(sK0,sK1)) | mindim(sK4(sK0,sK1)) | ~s(sK4(sK0,sK1)) | $spl100),
  inference(resolution,[],[f2647,f128])).
fof(f128,plain,(
  ( ! [X0] : (zex(X0) | less(sK3(X0),X0) | mindim(X0) | ~s(X0)) )),
  inference(cnf_transformation,[],[f97])).
fof(f2647,plain,(
  ~zex(sK4(sK0,sK1)) | $spl100),
  inference(cnf_transformation,[],[f2647_D])).
fof(f2647_D,plain,(
  ~zex(sK4(sK0,sK1)) <=> ~$spl100),
  introduced(backtracking_splitting_component,[])).
fof(f3512,plain,(
  ~s(sK4(sK0,sK1)) | $spl146),
  inference(cnf_transformation,[],[f3512_D])).
fof(f3512_D,plain,(
  ~s(sK4(sK0,sK1)) <=> ~$spl146),
  introduced(backtracking_splitting_component,[])).
fof(f2652,plain,(
  ( ! [X1] : (~less(sK4(sK0,sK1),X1) | ~s(sK4(sK0,sK1)) | ~mindim(X1)) ) | $spl100),
  inference(resolution,[],[f2647,f126])).
fof(f126,plain,(
  ( ! [X0,X1] : (zex(X1) | ~less(X1,X0) | ~s(X1) | ~mindim(X0)) )),
  inference(cnf_transformation,[],[f97])).
fof(f4723,plain,(
  ~sP0(sK1,sK0)),
  inference(subsumption_resolution,[],[f4722,f190])).
fof(f190,plain,(
  ( ! [X2,X3] : (cont(sK4(X3,X2),X2) | ~sP0(X2,X3)) )),
  inference(resolution,[],[f158,f147])).
fof(f158,plain,(
  ( ! [X0,X1] : (p(sK4(X1,X0),X0) | ~sP0(X0,X1)) )),
  inference(cnf_transformation,[],[f110])).
fof(f4722,plain,(
  ~cont(sK4(sK0,sK1),sK1) | ~sP0(sK1,sK0)),
  inference(subsumption_resolution,[],[f4721,f117])).
fof(f4721,plain,(
  inc(sK1,sK0) | ~cont(sK4(sK0,sK1),sK1) | ~sP0(sK1,sK0)),
  inference(resolution,[],[f4689,f757])).
fof(f757,plain,(
  ( ! [X4,X2,X3] : (less(sK4(X2,X3),X4) | inc(X4,X2) | ~cont(sK4(X2,X3),X4) | ~sP0(X3,X2)) )),
  inference(subsumption_resolution,[],[f739,f156])).
fof(f739,plain,(
  ( ! [X4,X2,X3] : (~cont(sK4(X2,X3),X4) | ~less(sK4(X2,X3),X2) | inc(X4,X2) | less(sK4(X2,X3),X4) | ~sP0(X3,X2)) )),
  inference(resolution,[],[f395,f157])).
fof(f395,plain,(
  ( ! [X4,X5,X3] : (~cont(X5,X4) | ~cont(X5,X3) | ~less(X5,X4) | inc(X3,X4) | less(X5,X3)) )),
  inference(resolution,[],[f164,f207])).
fof(f164,plain,(
  ( ! [X0,X3,X1] : (~p(X3,X0) | inc(X0,X1) | ~cont(X3,X1) | ~less(X3,X1)) )),
  inference(cnf_transformation,[],[f114])).
fof(f4689,plain,(
  ~less(sK4(sK0,sK1),sK1)),
  inference(resolution,[],[f4684,f189])).
fof(f189,plain,(
  ( ! [X0,X1] : (~sP0(X0,X1) | ~less(sK4(X1,X0),X0)) )),
  inference(resolution,[],[f158,f179])).
% SZS output end Proof for unknown
------------------------------
Version: Vampire 0.6 (revision 903)
Termination reason: Refutation

Active clauses: 701
Passive clauses: 2558
Generated clauses: 4764
Final active clauses: 352
Final passive clauses: 904
Input formulas: 23
Initial clauses: 55

Selected by SInE selection: 23
SInE iterations: 1

Duplicate literals: 60
Fw subsumption resolutions: 514

Simple tautologies: 79
Forward subsumptions: 1554

Binary resolution: 3490
Factoring: 64

Backtracking splits: 240
Backtracking splits refuted: 92
Backtracking splits refuted at zero level: 10

Memory used: 895KB
Time elapsed: 0.059 s
------------------------------
% Success in time 0.08 s
============================= vampire_lin32 ================================
execution finished: Tue Oct 08 20:36:20 2013
total CPU time used: 0
The command was "vampire_lin32 --mode casc --proof tptp -t 3000"
Input read from  /stl/torsten/git/macleod/qs/multidim_space_codi/theorems/conversions/inc_theorems_goal2.all.tptp
============================ end of footer ===========================
