Hi Geoff, go and have some cold beer while I am trying to solve this very hard problem!
% remaining time: 30000 next slice time: 3
dis-4_5_bd=off:bs=off:ep=RST:fde=none:lcm=predicate:nwc=2.0:nicw=on:ptb=off:ssec=off:ss=included:st=5.0:sio=off:spl=backtracking:updr=off_1 on unknown
Time limit reached!
------------------------------
Version: Vampire 0.6 (revision 903)
Termination reason: Time limit
Termination phase: Saturation

Active clauses: 1956
Passive clauses: 12335
Generated clauses: 28564
Input formulas: 23
Initial clauses: 56

Selected by SInE selection: 23
SInE iterations: 1

Duplicate literals: 382
Fw subsumption resolutions: 1878

Simple tautologies: 339
Forward subsumptions: 13760

Binary resolution: 24114
Factoring: 276

Backtracking splits: 873
Backtracking splits refuted: 248
Backtracking splits refuted at zero level: 7

Memory used: 4733KB
Time elapsed: 0.400 s
------------------------------
% remaining time: 29995 next slice time: 13
dis-1010_2_bs=off:ep=on:nwc=1.5:sswn=on:sswsr=on:ss=included:st=1.5:sgo=on:sp=occurrence_9 on unknown
Refutation found. Thanks to Tanya!
% SZS status Theorem for unknown
% SZS output start Proof for unknown
fof(f3501,plain,(
  $false),
  inference(subsumption_resolution,[],[f3500,f2939])).
fof(f2939,plain,(
  sP0(sK1,sK0)),
  inference(subsumption_resolution,[],[f2938,f116])).
fof(f116,plain,(
  inc(sK0,sK1)),
  inference(cnf_transformation,[],[f91])).
fof(f91,plain,(
  inc(sK0,sK1) & ~less(sK0,sK1) & ~less(sK1,sK0)),
  inference(skolemisation,[status(esa)],[f64])).
fof(f64,plain,(
  ? [X0,X1] : (inc(X0,X1) & ~less(X0,X1) & ~less(X1,X0))),
  inference(flattening,[],[f63])).
fof(f63,plain,(
  ? [X0,X1] : (inc(X0,X1) & (~less(X0,X1) & ~less(X1,X0)))),
  inference(ennf_transformation,[],[f24])).
fof(f24,plain,(
  ~! [X0,X1] : (inc(X0,X1) => (less(X0,X1) | less(X1,X0)))),
  inference(flattening,[],[f1])).
fof(f1,negated_conjecture,(
  ~! [X0] : ! [X1] : (inc(X0,X1) => (less(X0,X1) | less(X1,X0)))),
  file(unknown,unknown)).
fof(f2938,plain,(
  sP0(sK1,sK0) | ~inc(sK0,sK1)),
  inference(duplicate_literal_removal,[],[f2922])).
fof(f2922,plain,(
  sP0(sK1,sK0) | ~inc(sK0,sK1) | sP0(sK1,sK0) | ~inc(sK0,sK1)),
  inference(resolution,[],[f2407,f151])).
fof(f151,plain,(
  ( ! [X0,X1] : (less(sK5(X1,X0),X1) | sP0(X1,X0) | ~inc(X0,X1)) )),
  inference(cnf_transformation,[],[f110])).
fof(f110,plain,(
  ! [X0,X1] : ((~inc(X0,X1) | sP0(X1,X0) | (less(sK5(X1,X0),X1) & cont(sK5(X1,X0),X1) & p(sK5(X1,X0),X0))) & ((~sP0(X1,X0) & ! [X3] : (~less(X3,X1) | ~cont(X3,X1) | ~p(X3,X0))) | inc(X0,X1)))),
  inference(skolemisation,[status(esa)],[f109])).
fof(f109,plain,(
  ! [X0,X1] : ((~inc(X0,X1) | sP0(X1,X0) | ? [X2] : (less(X2,X1) & cont(X2,X1) & p(X2,X0))) & ((~sP0(X1,X0) & ! [X3] : (~less(X3,X1) | ~cont(X3,X1) | ~p(X3,X0))) | inc(X0,X1)))),
  inference(rectify,[],[f108])).
fof(f108,plain,(
  ! [X0,X1] : ((~inc(X0,X1) | sP0(X1,X0) | ? [X3] : (less(X3,X1) & cont(X3,X1) & p(X3,X0))) & ((~sP0(X1,X0) & ! [X3] : (~less(X3,X1) | ~cont(X3,X1) | ~p(X3,X0))) | inc(X0,X1)))),
  inference(flattening,[],[f107])).
fof(f107,plain,(
  ! [X0,X1] : ((~inc(X0,X1) | (sP0(X1,X0) | ? [X3] : (less(X3,X1) & cont(X3,X1) & p(X3,X0)))) & ((~sP0(X1,X0) & ! [X3] : (~less(X3,X1) | ~cont(X3,X1) | ~p(X3,X0))) | inc(X0,X1)))),
  inference(nnf_transformation,[],[f90])).
fof(f90,plain,(
  ! [X0,X1] : (inc(X0,X1) <=> (sP0(X1,X0) | ? [X3] : (less(X3,X1) & cont(X3,X1) & p(X3,X0))))),
  inference(definition_folding,[],[f89])).
fof(f89,plain,(
  ! [X1,X0] : (sP0(X1,X0) <=> ? [X2] : (less(X2,X0) & cont(X2,X0) & p(X2,X1)))),
  introduced(predicate_definition_introduction,[])).
fof(f2407,plain,(
  ( ! [X2] : (~less(sK5(X2,sK0),sK1) | sP0(X2,sK0) | ~inc(sK0,X2)) )),
  inference(resolution,[],[f2389,f153])).
fof(f153,plain,(
  ( ! [X0,X1] : (p(sK5(X1,X0),X0) | sP0(X1,X0) | ~inc(X0,X1)) )),
  inference(cnf_transformation,[],[f110])).
fof(f2389,plain,(
  ( ! [X3] : (~p(X3,sK0) | ~less(X3,sK1)) )),
  inference(resolution,[],[f2366,f145])).
fof(f145,plain,(
  ( ! [X0,X1] : (eqdim(X0,X1) | ~p(X0,X1)) )),
  inference(cnf_transformation,[],[f103])).
fof(f103,plain,(
  ! [X0,X1] : ((~p(X0,X1) | (cont(X0,X1) & eqdim(X0,X1))) & (~cont(X0,X1) | ~eqdim(X0,X1) | p(X0,X1)))),
  inference(flattening,[],[f102])).
fof(f102,plain,(
  ! [X0,X1] : ((~p(X0,X1) | (cont(X0,X1) & eqdim(X0,X1))) & ((~cont(X0,X1) | ~eqdim(X0,X1)) | p(X0,X1)))),
  inference(nnf_transformation,[],[f51])).
fof(f51,plain,(
  ! [X0,X1] : (p(X0,X1) <=> (cont(X0,X1) & eqdim(X0,X1)))),
  inference(flattening,[],[f50])).
fof(f50,plain,(
  ! [X0] : ! [X1] : (p(X0,X1) <=> (cont(X0,X1) & eqdim(X0,X1)))),
  inference(rectify,[],[f21])).
fof(f21,axiom,(
  ! [X38] : ! [X39] : (p(X38,X39) <=> (cont(X38,X39) & eqdim(X38,X39)))),
  file(unknown,unknown)).
fof(f2366,plain,(
  ( ! [X5] : (~eqdim(X5,sK0) | ~less(X5,sK1)) )),
  inference(resolution,[],[f2360,f157])).
fof(f157,plain,(
  ( ! [X0,X1] : (leq(X1,X0) | ~eqdim(X0,X1)) )),
  inference(cnf_transformation,[],[f112])).
fof(f112,plain,(
  ! [X0,X1] : ((~eqdim(X0,X1) | (leq(X0,X1) & leq(X1,X0))) & (~leq(X0,X1) | ~leq(X1,X0) | eqdim(X0,X1)))),
  inference(flattening,[],[f111])).
fof(f111,plain,(
  ! [X0,X1] : ((~eqdim(X0,X1) | (leq(X0,X1) & leq(X1,X0))) & ((~leq(X0,X1) | ~leq(X1,X0)) | eqdim(X0,X1)))),
  inference(nnf_transformation,[],[f55])).
fof(f55,plain,(
  ! [X0,X1] : (eqdim(X0,X1) <=> (leq(X0,X1) & leq(X1,X0)))),
  inference(flattening,[],[f54])).
fof(f54,plain,(
  ! [X0] : ! [X1] : (eqdim(X0,X1) <=> (leq(X0,X1) & leq(X1,X0)))),
  inference(rectify,[],[f22])).
fof(f22,axiom,(
  ! [X40] : ! [X41] : (eqdim(X40,X41) <=> (leq(X40,X41) & leq(X41,X40)))),
  file(unknown,unknown)).
fof(f2360,plain,(
  ( ! [X0] : (~leq(sK0,X0) | ~less(X0,sK1)) )),
  inference(subsumption_resolution,[],[f2356,f159])).
fof(f159,plain,(
  ( ! [X0,X1] : (leq(X0,X1) | ~less(X0,X1)) )),
  inference(cnf_transformation,[],[f114])).
fof(f114,plain,(
  ! [X0,X1] : ((~less(X0,X1) | (leq(X0,X1) & ~eqdim(X0,X1))) & (~leq(X0,X1) | eqdim(X0,X1) | less(X0,X1)))),
  inference(flattening,[],[f113])).
fof(f113,plain,(
  ! [X0,X1] : ((~less(X0,X1) | (leq(X0,X1) & ~eqdim(X0,X1))) & ((~leq(X0,X1) | eqdim(X0,X1)) | less(X0,X1)))),
  inference(nnf_transformation,[],[f84])).
fof(f84,plain,(
  ! [X0,X1] : (less(X0,X1) <=> (leq(X0,X1) & ~eqdim(X0,X1)))),
  inference(ennf_transformation,[],[f57])).
fof(f57,plain,(
  ! [X0,X1] : (less(X0,X1) <=> (leq(X0,X1) & ~eqdim(X0,X1)))),
  inference(flattening,[],[f56])).
fof(f56,plain,(
  ! [X0] : ! [X1] : (less(X0,X1) <=> (leq(X0,X1) & ~eqdim(X0,X1)))),
  inference(rectify,[],[f20])).
fof(f20,axiom,(
  ! [X36] : ! [X37] : (less(X36,X37) <=> (leq(X36,X37) & ~eqdim(X36,X37)))),
  file(unknown,unknown)).
fof(f2356,plain,(
  ( ! [X0] : (~leq(sK0,X0) | ~leq(X0,sK1) | ~less(X0,sK1)) )),
  inference(factoring,[],[f1682])).
fof(f1682,plain,(
  ( ! [X0,X1] : (~leq(sK0,X1) | ~leq(sK0,X0) | ~leq(X1,sK1) | ~less(X0,sK1)) )),
  inference(resolution,[],[f1459,f163])).
fof(f163,plain,(
  ( ! [X2,X0,X1] : (leq(X0,X2) | ~leq(X1,X2) | ~leq(X0,X1)) )),
  inference(cnf_transformation,[],[f88])).
fof(f88,plain,(
  ! [X0,X1,X2] : (~leq(X0,X1) | ~leq(X1,X2) | leq(X0,X2))),
  inference(flattening,[],[f87])).
fof(f87,plain,(
  ! [X0,X1,X2] : ((~leq(X0,X1) | ~leq(X1,X2)) | leq(X0,X2))),
  inference(ennf_transformation,[],[f61])).
fof(f61,plain,(
  ! [X0,X1,X2] : ((leq(X0,X1) & leq(X1,X2)) => leq(X0,X2))),
  inference(flattening,[],[f60])).
fof(f60,plain,(
  ! [X0] : ! [X1] : ! [X2] : ((leq(X0,X1) & leq(X1,X2)) => leq(X0,X2))),
  inference(rectify,[],[f15])).
fof(f15,axiom,(
  ! [X25] : ! [X26] : ! [X27] : ((leq(X25,X26) & leq(X26,X27)) => leq(X25,X27))),
  file(unknown,unknown)).
fof(f1459,plain,(
  ( ! [X46] : (~leq(sK0,sK1) | ~less(X46,sK1) | ~leq(sK0,X46)) )),
  inference(resolution,[],[f605,f117])).
fof(f117,plain,(
  ~less(sK0,sK1)),
  inference(cnf_transformation,[],[f91])).
fof(f605,plain,(
  ( ! [X2,X0,X1] : (less(X2,X1) | ~leq(X2,X0) | ~less(X0,X1) | ~leq(X2,X1)) )),
  inference(resolution,[],[f524,f161])).
fof(f161,plain,(
  ( ! [X0,X1] : (eqdim(X0,X1) | less(X0,X1) | ~leq(X0,X1)) )),
  inference(cnf_transformation,[],[f114])).
fof(f524,plain,(
  ( ! [X17,X15,X16] : (~eqdim(X15,X17) | ~less(X16,X17) | ~leq(X15,X16)) )),
  inference(resolution,[],[f331,f157])).
fof(f331,plain,(
  ( ! [X2,X0,X1] : (~leq(X2,X0) | ~leq(X0,X1) | ~less(X1,X2)) )),
  inference(resolution,[],[f163,f299])).
fof(f299,plain,(
  ( ! [X0,X1] : (~leq(X0,X1) | ~less(X1,X0)) )),
  inference(subsumption_resolution,[],[f295,f159])).
fof(f295,plain,(
  ( ! [X0,X1] : (~leq(X0,X1) | ~leq(X1,X0) | ~less(X1,X0)) )),
  inference(resolution,[],[f158,f160])).
fof(f160,plain,(
  ( ! [X0,X1] : (~eqdim(X0,X1) | ~less(X0,X1)) )),
  inference(cnf_transformation,[],[f114])).
fof(f158,plain,(
  ( ! [X0,X1] : (eqdim(X0,X1) | ~leq(X1,X0) | ~leq(X0,X1)) )),
  inference(cnf_transformation,[],[f112])).
fof(f3500,plain,(
  ~sP0(sK1,sK0)),
  inference(duplicate_literal_removal,[],[f3484])).
fof(f3484,plain,(
  ~sP0(sK1,sK0) | ~sP0(sK1,sK0)),
  inference(resolution,[],[f3450,f147])).
fof(f147,plain,(
  ( ! [X0,X1] : (less(sK4(X1,X0),X1) | ~sP0(X0,X1)) )),
  inference(cnf_transformation,[],[f106])).
fof(f106,plain,(
  ! [X0,X1] : ((~sP0(X0,X1) | (less(sK4(X1,X0),X1) & cont(sK4(X1,X0),X1) & p(sK4(X1,X0),X0))) & (! [X3] : (~less(X3,X1) | ~cont(X3,X1) | ~p(X3,X0)) | sP0(X0,X1)))),
  inference(skolemisation,[status(esa)],[f105])).
fof(f105,plain,(
  ! [X0,X1] : ((~sP0(X0,X1) | ? [X2] : (less(X2,X1) & cont(X2,X1) & p(X2,X0))) & (! [X3] : (~less(X3,X1) | ~cont(X3,X1) | ~p(X3,X0)) | sP0(X0,X1)))),
  inference(rectify,[],[f104])).
fof(f104,plain,(
  ! [X1,X0] : ((~sP0(X1,X0) | ? [X2] : (less(X2,X0) & cont(X2,X0) & p(X2,X1))) & (! [X2] : (~less(X2,X0) | ~cont(X2,X0) | ~p(X2,X1)) | sP0(X1,X0)))),
  inference(nnf_transformation,[],[f89])).
fof(f3450,plain,(
  ( ! [X0] : (~less(sK4(X0,sK1),sK0) | ~sP0(sK1,X0)) )),
  inference(resolution,[],[f3434,f149])).
fof(f149,plain,(
  ( ! [X0,X1] : (p(sK4(X1,X0),X0) | ~sP0(X0,X1)) )),
  inference(cnf_transformation,[],[f106])).
fof(f3434,plain,(
  ( ! [X3] : (~p(X3,sK1) | ~less(X3,sK0)) )),
  inference(resolution,[],[f3401,f145])).
fof(f3401,plain,(
  ( ! [X5] : (~eqdim(X5,sK1) | ~less(X5,sK0)) )),
  inference(resolution,[],[f3395,f157])).
fof(f3395,plain,(
  ( ! [X0] : (~leq(sK1,X0) | ~less(X0,sK0)) )),
  inference(subsumption_resolution,[],[f3391,f159])).
fof(f3391,plain,(
  ( ! [X0] : (~leq(sK1,X0) | ~leq(X0,sK0) | ~less(X0,sK0)) )),
  inference(factoring,[],[f1905])).
fof(f1905,plain,(
  ( ! [X0,X1] : (~leq(sK1,X1) | ~leq(sK1,X0) | ~leq(X1,sK0) | ~less(X0,sK0)) )),
  inference(resolution,[],[f1462,f163])).
fof(f1462,plain,(
  ( ! [X51] : (~leq(sK1,sK0) | ~less(X51,sK0) | ~leq(sK1,X51)) )),
  inference(resolution,[],[f605,f118])).
fof(f118,plain,(
  ~less(sK1,sK0)),
  inference(cnf_transformation,[],[f91])).
% SZS output end Proof for unknown
------------------------------
Version: Vampire 0.6 (revision 903)
Termination reason: Refutation

Active clauses: 514
Passive clauses: 1182
Generated clauses: 3383
Final active clauses: 514
Final passive clauses: 498
Input formulas: 23
Initial clauses: 51

Unused predicate definitions: 2
Selected by SInE selection: 23
SInE iterations: 1

Duplicate literals: 83
Fw subsumption resolutions: 223

Simple tautologies: 46
Equational tautologies: 7
Forward subsumptions: 2001

Binary resolution: 2138
Factoring: 97
Forward superposition: 780
Backward superposition: 16

Unique components: 3

Memory used: 639KB
Time elapsed: 0.049 s
------------------------------
% Success in time 0.487 s
============================= vampire_lin32 ================================
execution finished: Tue Oct 08 20:36:28 2013
total CPU time used: 0
The command was "vampire_lin32 --mode casc --proof tptp -t 3000"
Input read from  /stl/torsten/git/macleod/qs/multidim_space_codi/theorems/conversions/inc_theorems_goal4.all.tptp
============================ end of footer ===========================
