Hi Geoff, go and have some cold beer while I am trying to solve this very hard problem!
% remaining time: 30000 next slice time: 3
dis-4_5_bd=off:bs=off:ep=RST:fde=none:lcm=predicate:nwc=2.0:nicw=on:ptb=off:ssec=off:ss=included:st=5.0:sio=off:spl=backtracking:updr=off_1 on unknown
Refutation found. Thanks to Tanya!
% SZS status Theorem for unknown
% SZS output start Proof for unknown
fof(f1686,plain,(
  $false),
  inference(subsumption_resolution,[],[f1685,f118])).
fof(f118,plain,(
  less(sK0,sK1)),
  inference(cnf_transformation,[],[f90])).
fof(f90,plain,(
  cont(sK0,sK1) & less(sK0,sK1) & ~inc(sK0,sK1)),
  inference(skolemisation,[status(esa)],[f63])).
fof(f63,plain,(
  ? [X0,X1] : (cont(X0,X1) & less(X0,X1) & ~inc(X0,X1))),
  inference(flattening,[],[f62])).
fof(f62,plain,(
  ? [X0,X1] : ((cont(X0,X1) & less(X0,X1)) & ~inc(X0,X1))),
  inference(ennf_transformation,[],[f24])).
fof(f24,plain,(
  ~! [X0,X1] : ((cont(X0,X1) & less(X0,X1)) => inc(X0,X1))),
  inference(flattening,[],[f1])).
fof(f1,negated_conjecture,(
  ~! [X0] : ! [X1] : ((cont(X0,X1) & less(X0,X1)) => inc(X0,X1))),
  file(unknown,unknown)).
fof(f1685,plain,(
  ~less(sK0,sK1)),
  inference(subsumption_resolution,[],[f1684,f117])).
fof(f117,plain,(
  cont(sK0,sK1)),
  inference(cnf_transformation,[],[f90])).
fof(f1684,plain,(
  ~cont(sK0,sK1) | ~less(sK0,sK1)),
  inference(subsumption_resolution,[],[f1661,f231])).
fof(f231,plain,(
  cont(sK0,sK0)),
  inference(backtracking_split_refutation,[],[f187,f190_D,f230])).
fof(f230,plain,(
  $false | $spl2),
  inference(resolution,[],[f216,f118])).
fof(f216,plain,(
  ( ! [X4] : (~less(sK0,X4)) ) | $spl2),
  inference(resolution,[],[f195,f164])).
fof(f164,plain,(
  ( ! [X0,X1] : (leq(X0,X1) | ~less(X0,X1)) )),
  inference(cnf_transformation,[],[f115])).
fof(f115,plain,(
  ! [X0,X1] : ((~less(X0,X1) | (leq(X0,X1) & ~eqdim(X0,X1))) & (~leq(X0,X1) | eqdim(X0,X1) | less(X0,X1)))),
  inference(flattening,[],[f114])).
fof(f114,plain,(
  ! [X0,X1] : ((~less(X0,X1) | (leq(X0,X1) & ~eqdim(X0,X1))) & ((~leq(X0,X1) | eqdim(X0,X1)) | less(X0,X1)))),
  inference(nnf_transformation,[],[f83])).
fof(f83,plain,(
  ! [X0,X1] : (less(X0,X1) <=> (leq(X0,X1) & ~eqdim(X0,X1)))),
  inference(ennf_transformation,[],[f56])).
fof(f56,plain,(
  ! [X0,X1] : (less(X0,X1) <=> (leq(X0,X1) & ~eqdim(X0,X1)))),
  inference(flattening,[],[f55])).
fof(f55,plain,(
  ! [X0] : ! [X1] : (less(X0,X1) <=> (leq(X0,X1) & ~eqdim(X0,X1)))),
  inference(rectify,[],[f19])).
fof(f19,axiom,(
  ! [X34] : ! [X35] : (less(X34,X35) <=> (leq(X34,X35) & ~eqdim(X34,X35)))),
  file(unknown,unknown)).
fof(f195,plain,(
  ( ! [X0] : (~leq(sK0,X0)) ) | $spl2),
  inference(resolution,[],[f190,f140])).
fof(f140,plain,(
  ( ! [X0,X1] : (s(X0) | ~leq(X0,X1)) )),
  inference(cnf_transformation,[],[f74])).
fof(f74,plain,(
  ! [X0,X1] : (~leq(X0,X1) | s(X0))),
  inference(ennf_transformation,[],[f37])).
fof(f37,plain,(
  ! [X0,X1] : (leq(X0,X1) => s(X0))),
  inference(flattening,[],[f36])).
fof(f36,plain,(
  ! [X0] : ! [X1] : (leq(X0,X1) => s(X0))),
  inference(rectify,[],[f10])).
fof(f10,axiom,(
  ! [X17] : ! [X18] : (leq(X17,X18) => s(X17))),
  file(unknown,unknown)).
fof(f190,plain,(
  ~s(sK0) | $spl2),
  inference(cnf_transformation,[],[f190_D])).
fof(f190_D,plain,(
  ~s(sK0) <=> ~$spl2),
  introduced(backtracking_splitting_component,[])).
fof(f187,plain,(
  cont(sK0,sK0) | ~s(sK0)),
  inference(resolution,[],[f132,f178])).
fof(f178,plain,(
  ~zex(sK0)),
  inference(resolution,[],[f137,f117])).
fof(f137,plain,(
  ( ! [X0,X1] : (~cont(X0,X1) | ~zex(X0)) )),
  inference(cnf_transformation,[],[f70])).
fof(f70,plain,(
  ! [X0,X1] : (~zex(X0) | (s(X0) & ~cont(X1,X0) & ~cont(X0,X1)))),
  inference(ennf_transformation,[],[f31])).
fof(f31,plain,(
  ! [X0,X1] : (zex(X0) => (s(X0) & ~cont(X1,X0) & ~cont(X0,X1)))),
  inference(flattening,[],[f30])).
fof(f30,plain,(
  ! [X0] : ! [X1] : (zex(X0) => (s(X0) & ~cont(X1,X0) & ~cont(X0,X1)))),
  inference(rectify,[],[f8])).
fof(f8,axiom,(
  ! [X13] : ! [X14] : (zex(X13) => (s(X13) & ~cont(X14,X13) & ~cont(X13,X14)))),
  file(unknown,unknown)).
fof(f132,plain,(
  ( ! [X0] : (zex(X0) | cont(X0,X0) | ~s(X0)) )),
  inference(cnf_transformation,[],[f100])).
fof(f100,plain,(
  ! [X0] : ((~s(X0) | zex(X0) | cont(X0,X0)) & (~cont(X0,X0) | (s(X0) & ~zex(X0))))),
  inference(flattening,[],[f99])).
fof(f99,plain,(
  ! [X0] : (((~s(X0) | zex(X0)) | cont(X0,X0)) & (~cont(X0,X0) | (s(X0) & ~zex(X0))))),
  inference(nnf_transformation,[],[f69])).
fof(f69,plain,(
  ! [X0] : ((s(X0) & ~zex(X0)) <=> cont(X0,X0))),
  inference(ennf_transformation,[],[f29])).
fof(f29,plain,(
  ! [X0] : ((s(X0) & ~zex(X0)) <=> cont(X0,X0))),
  inference(rectify,[],[f5])).
fof(f5,axiom,(
  ! [X9] : ((s(X9) & ~zex(X9)) <=> cont(X9,X9))),
  file(unknown,unknown)).
fof(f1661,plain,(
  ~cont(sK0,sK0) | ~cont(sK0,sK1) | ~less(sK0,sK1)),
  inference(resolution,[],[f1395,f291])).
fof(f291,plain,(
  ( ! [X0] : (~less(X0,X0)) )),
  inference(factoring,[],[f278])).
fof(f278,plain,(
  ( ! [X12,X11] : (~less(X11,X12) | ~less(X12,X11)) )),
  inference(resolution,[],[f271,f164])).
fof(f271,plain,(
  ( ! [X2,X3] : (~leq(X2,X3) | ~less(X3,X2)) )),
  inference(subsumption_resolution,[],[f267,f164])).
fof(f267,plain,(
  ( ! [X2,X3] : (~leq(X2,X3) | ~leq(X3,X2) | ~less(X3,X2)) )),
  inference(resolution,[],[f163,f165])).
fof(f165,plain,(
  ( ! [X0,X1] : (~eqdim(X0,X1) | ~less(X0,X1)) )),
  inference(cnf_transformation,[],[f115])).
fof(f163,plain,(
  ( ! [X0,X1] : (eqdim(X0,X1) | ~leq(X1,X0) | ~leq(X0,X1)) )),
  inference(cnf_transformation,[],[f113])).
fof(f113,plain,(
  ! [X0,X1] : ((~eqdim(X0,X1) | (leq(X0,X1) & leq(X1,X0))) & (~leq(X0,X1) | ~leq(X1,X0) | eqdim(X0,X1)))),
  inference(flattening,[],[f112])).
fof(f112,plain,(
  ! [X0,X1] : ((~eqdim(X0,X1) | (leq(X0,X1) & leq(X1,X0))) & ((~leq(X0,X1) | ~leq(X1,X0)) | eqdim(X0,X1)))),
  inference(nnf_transformation,[],[f54])).
fof(f54,plain,(
  ! [X0,X1] : (eqdim(X0,X1) <=> (leq(X0,X1) & leq(X1,X0)))),
  inference(flattening,[],[f53])).
fof(f53,plain,(
  ! [X0] : ! [X1] : (eqdim(X0,X1) <=> (leq(X0,X1) & leq(X1,X0)))),
  inference(rectify,[],[f22])).
fof(f22,axiom,(
  ! [X39] : ! [X40] : (eqdim(X39,X40) <=> (leq(X39,X40) & leq(X40,X39)))),
  file(unknown,unknown)).
fof(f1395,plain,(
  ( ! [X0] : (less(X0,sK0) | ~cont(X0,sK0) | ~cont(X0,sK1) | ~less(X0,sK1)) )),
  inference(resolution,[],[f572,f119])).
fof(f119,plain,(
  ~inc(sK0,sK1)),
  inference(cnf_transformation,[],[f90])).
fof(f572,plain,(
  ( ! [X2,X0,X1] : (inc(X1,X2) | less(X0,X1) | ~cont(X0,X1) | ~cont(X0,X2) | ~less(X0,X2)) )),
  inference(resolution,[],[f265,f160])).
fof(f160,plain,(
  ( ! [X0,X3,X1] : (~p(X3,X0) | inc(X0,X1) | ~cont(X3,X1) | ~less(X3,X1)) )),
  inference(cnf_transformation,[],[f111])).
fof(f111,plain,(
  ! [X0,X1] : ((~inc(X0,X1) | sP0(X1,X0) | (less(sK5(X1,X0),X1) & cont(sK5(X1,X0),X1) & p(sK5(X1,X0),X0))) & ((~sP0(X1,X0) & ! [X3] : (~less(X3,X1) | ~cont(X3,X1) | ~p(X3,X0))) | inc(X0,X1)))),
  inference(skolemisation,[status(esa)],[f110])).
fof(f110,plain,(
  ! [X0,X1] : ((~inc(X0,X1) | sP0(X1,X0) | ? [X2] : (less(X2,X1) & cont(X2,X1) & p(X2,X0))) & ((~sP0(X1,X0) & ! [X3] : (~less(X3,X1) | ~cont(X3,X1) | ~p(X3,X0))) | inc(X0,X1)))),
  inference(rectify,[],[f109])).
fof(f109,plain,(
  ! [X0,X1] : ((~inc(X0,X1) | sP0(X1,X0) | ? [X3] : (less(X3,X1) & cont(X3,X1) & p(X3,X0))) & ((~sP0(X1,X0) & ! [X3] : (~less(X3,X1) | ~cont(X3,X1) | ~p(X3,X0))) | inc(X0,X1)))),
  inference(flattening,[],[f108])).
fof(f108,plain,(
  ! [X0,X1] : ((~inc(X0,X1) | (sP0(X1,X0) | ? [X3] : (less(X3,X1) & cont(X3,X1) & p(X3,X0)))) & ((~sP0(X1,X0) & ! [X3] : (~less(X3,X1) | ~cont(X3,X1) | ~p(X3,X0))) | inc(X0,X1)))),
  inference(nnf_transformation,[],[f89])).
fof(f89,plain,(
  ! [X0,X1] : (inc(X0,X1) <=> (sP0(X1,X0) | ? [X3] : (less(X3,X1) & cont(X3,X1) & p(X3,X0))))),
  inference(definition_folding,[],[f88])).
fof(f88,plain,(
  ! [X1,X0] : (sP0(X1,X0) <=> ? [X2] : (less(X2,X0) & cont(X2,X0) & p(X2,X1)))),
  introduced(predicate_definition_introduction,[])).
fof(f265,plain,(
  ( ! [X0,X1] : (p(X0,X1) | ~cont(X0,X1) | less(X0,X1)) )),
  inference(duplicate_literal_removal,[],[f263])).
fof(f263,plain,(
  ( ! [X0,X1] : (p(X0,X1) | ~cont(X0,X1) | less(X0,X1) | ~cont(X0,X1)) )),
  inference(resolution,[],[f151,f138])).
fof(f138,plain,(
  ( ! [X0,X1] : (eqdim(X0,X1) | less(X0,X1) | ~cont(X0,X1)) )),
  inference(cnf_transformation,[],[f72])).
fof(f72,plain,(
  ! [X0,X1] : (~cont(X0,X1) | less(X0,X1) | eqdim(X0,X1))),
  inference(flattening,[],[f71])).
fof(f71,plain,(
  ! [X0,X1] : (~cont(X0,X1) | (less(X0,X1) | eqdim(X0,X1)))),
  inference(ennf_transformation,[],[f33])).
fof(f33,plain,(
  ! [X0,X1] : (cont(X0,X1) => (less(X0,X1) | eqdim(X0,X1)))),
  inference(flattening,[],[f32])).
fof(f32,plain,(
  ! [X0] : ! [X1] : (cont(X0,X1) => (less(X0,X1) | eqdim(X0,X1)))),
  inference(rectify,[],[f23])).
fof(f23,axiom,(
  ! [X41] : ! [X42] : (cont(X41,X42) => (less(X41,X42) | eqdim(X41,X42)))),
  file(unknown,unknown)).
fof(f151,plain,(
  ( ! [X0,X1] : (~eqdim(X0,X1) | p(X0,X1) | ~cont(X0,X1)) )),
  inference(cnf_transformation,[],[f104])).
fof(f104,plain,(
  ! [X0,X1] : ((~p(X0,X1) | (cont(X0,X1) & eqdim(X0,X1))) & (~cont(X0,X1) | ~eqdim(X0,X1) | p(X0,X1)))),
  inference(flattening,[],[f103])).
fof(f103,plain,(
  ! [X0,X1] : ((~p(X0,X1) | (cont(X0,X1) & eqdim(X0,X1))) & ((~cont(X0,X1) | ~eqdim(X0,X1)) | p(X0,X1)))),
  inference(nnf_transformation,[],[f50])).
fof(f50,plain,(
  ! [X0,X1] : (p(X0,X1) <=> (cont(X0,X1) & eqdim(X0,X1)))),
  inference(flattening,[],[f49])).
fof(f49,plain,(
  ! [X0] : ! [X1] : (p(X0,X1) <=> (cont(X0,X1) & eqdim(X0,X1)))),
  inference(rectify,[],[f21])).
fof(f21,axiom,(
  ! [X37] : ! [X38] : (p(X37,X38) <=> (cont(X37,X38) & eqdim(X37,X38)))),
  file(unknown,unknown)).
% SZS output end Proof for unknown
------------------------------
Version: Vampire 0.6 (revision 903)
Termination reason: Refutation

Active clauses: 326
Passive clauses: 788
Generated clauses: 1575
Final active clauses: 290
Final passive clauses: 361
Input formulas: 23
Initial clauses: 56

Selected by SInE selection: 23
SInE iterations: 1

Duplicate literals: 13
Fw subsumption resolutions: 121

Simple tautologies: 29
Forward subsumptions: 575

Binary resolution: 1260
Factoring: 13

Backtracking splits: 52
Backtracking splits refuted: 26
Backtracking splits refuted at zero level: 8

Memory used: 383KB
Time elapsed: 0.018 s
------------------------------
% Success in time 0.032 s
============================= vampire_lin32 ================================
execution finished: Tue Oct 08 20:36:32 2013
total CPU time used: 0
The command was "vampire_lin32 --mode casc --proof tptp -t 3000"
Input read from  /stl/torsten/git/macleod/qs/multidim_space_codi/theorems/conversions/inc_theorems_goal5.all.tptp
============================ end of footer ===========================
