Hi Geoff, go and have some cold beer while I am trying to solve this very hard problem!
% remaining time: 30000 next slice time: 3
dis-4_5_bd=off:bs=off:ep=RST:fde=none:lcm=predicate:nwc=2.0:nicw=on:ptb=off:ssec=off:ss=included:st=5.0:sio=off:spl=backtracking:updr=off_1 on unknown
Refutation found. Thanks to Tanya!
% SZS status Theorem for unknown
% SZS output start Proof for unknown
fof(f328,plain,(
  $false),
  inference(subsumption_resolution,[],[f326,f223])).
fof(f223,plain,(
  leq(sK0,sK0)),
  inference(resolution,[],[f219,f183])).
fof(f183,plain,(
  cont(sK0,sK0)),
  inference(subsumption_resolution,[],[f180,f117])).
fof(f117,plain,(
  s(sK0)),
  inference(cnf_transformation,[],[f91])).
fof(f91,plain,(
  s(sK0) & ~zex(sK0) & ~po(sK0,sK0)),
  inference(skolemisation,[status(esa)],[f66])).
fof(f66,plain,(
  ? [X0] : (s(X0) & ~zex(X0) & ~po(X0,X0))),
  inference(flattening,[],[f65])).
fof(f65,plain,(
  ? [X0] : ((s(X0) & ~zex(X0)) & ~po(X0,X0))),
  inference(ennf_transformation,[],[f1])).
fof(f1,negated_conjecture,(
  ~! [X0] : ((s(X0) & ~zex(X0)) => po(X0,X0))),
  file(unknown,unknown)).
fof(f180,plain,(
  cont(sK0,sK0) | ~s(sK0)),
  inference(resolution,[],[f132,f118])).
fof(f118,plain,(
  ~zex(sK0)),
  inference(cnf_transformation,[],[f91])).
fof(f132,plain,(
  ( ! [X0] : (zex(X0) | cont(X0,X0) | ~s(X0)) )),
  inference(cnf_transformation,[],[f101])).
fof(f101,plain,(
  ! [X0] : ((~s(X0) | zex(X0) | cont(X0,X0)) & (~cont(X0,X0) | (s(X0) & ~zex(X0))))),
  inference(flattening,[],[f100])).
fof(f100,plain,(
  ! [X0] : (((~s(X0) | zex(X0)) | cont(X0,X0)) & (~cont(X0,X0) | (s(X0) & ~zex(X0))))),
  inference(nnf_transformation,[],[f72])).
fof(f72,plain,(
  ! [X0] : ((s(X0) & ~zex(X0)) <=> cont(X0,X0))),
  inference(ennf_transformation,[],[f29])).
fof(f29,plain,(
  ! [X0] : ((s(X0) & ~zex(X0)) <=> cont(X0,X0))),
  inference(rectify,[],[f4])).
fof(f4,axiom,(
  ! [X4] : ((s(X4) & ~zex(X4)) <=> cont(X4,X4))),
  file(unknown,unknown)).
fof(f219,plain,(
  ( ! [X4,X5] : (~cont(X4,X5) | leq(X4,X5)) )),
  inference(subsumption_resolution,[],[f218,f161])).
fof(f161,plain,(
  ( ! [X0,X1] : (~less(X0,X1) | leq(X0,X1)) )),
  inference(cnf_transformation,[],[f115])).
fof(f115,plain,(
  ! [X0,X1] : ((~less(X0,X1) | (leq(X0,X1) & ~eqdim(X0,X1))) & (~leq(X0,X1) | eqdim(X0,X1) | less(X0,X1)))),
  inference(flattening,[],[f114])).
fof(f114,plain,(
  ! [X0,X1] : ((~less(X0,X1) | (leq(X0,X1) & ~eqdim(X0,X1))) & ((~leq(X0,X1) | eqdim(X0,X1)) | less(X0,X1)))),
  inference(nnf_transformation,[],[f86])).
fof(f86,plain,(
  ! [X0,X1] : (less(X0,X1) <=> (leq(X0,X1) & ~eqdim(X0,X1)))),
  inference(ennf_transformation,[],[f59])).
fof(f59,plain,(
  ! [X0,X1] : (less(X0,X1) <=> (leq(X0,X1) & ~eqdim(X0,X1)))),
  inference(flattening,[],[f58])).
fof(f58,plain,(
  ! [X0] : ! [X1] : (less(X0,X1) <=> (leq(X0,X1) & ~eqdim(X0,X1)))),
  inference(rectify,[],[f12])).
fof(f12,axiom,(
  ! [X21] : ! [X22] : (less(X21,X22) <=> (leq(X21,X22) & ~eqdim(X21,X22)))),
  file(unknown,unknown)).
fof(f218,plain,(
  ( ! [X4,X5] : (less(X4,X5) | ~cont(X4,X5) | leq(X4,X5)) )),
  inference(resolution,[],[f138,f158])).
fof(f158,plain,(
  ( ! [X0,X1] : (~eqdim(X0,X1) | leq(X0,X1)) )),
  inference(cnf_transformation,[],[f113])).
fof(f113,plain,(
  ! [X0,X1] : ((~eqdim(X0,X1) | (leq(X0,X1) & leq(X1,X0))) & (~leq(X0,X1) | ~leq(X1,X0) | eqdim(X0,X1)))),
  inference(flattening,[],[f112])).
fof(f112,plain,(
  ! [X0,X1] : ((~eqdim(X0,X1) | (leq(X0,X1) & leq(X1,X0))) & ((~leq(X0,X1) | ~leq(X1,X0)) | eqdim(X0,X1)))),
  inference(nnf_transformation,[],[f57])).
fof(f57,plain,(
  ! [X0,X1] : (eqdim(X0,X1) <=> (leq(X0,X1) & leq(X1,X0)))),
  inference(flattening,[],[f56])).
fof(f56,plain,(
  ! [X0] : ! [X1] : (eqdim(X0,X1) <=> (leq(X0,X1) & leq(X1,X0)))),
  inference(rectify,[],[f22])).
fof(f22,axiom,(
  ! [X39] : ! [X40] : (eqdim(X39,X40) <=> (leq(X39,X40) & leq(X40,X39)))),
  file(unknown,unknown)).
fof(f138,plain,(
  ( ! [X0,X1] : (eqdim(X0,X1) | less(X0,X1) | ~cont(X0,X1)) )),
  inference(cnf_transformation,[],[f75])).
fof(f75,plain,(
  ! [X0,X1] : (~cont(X0,X1) | less(X0,X1) | eqdim(X0,X1))),
  inference(flattening,[],[f74])).
fof(f74,plain,(
  ! [X0,X1] : (~cont(X0,X1) | (less(X0,X1) | eqdim(X0,X1)))),
  inference(ennf_transformation,[],[f33])).
fof(f33,plain,(
  ! [X0,X1] : (cont(X0,X1) => (less(X0,X1) | eqdim(X0,X1)))),
  inference(flattening,[],[f32])).
fof(f32,plain,(
  ! [X0] : ! [X1] : (cont(X0,X1) => (less(X0,X1) | eqdim(X0,X1)))),
  inference(rectify,[],[f24])).
fof(f24,axiom,(
  ! [X44] : ! [X45] : (cont(X44,X45) => (less(X44,X45) | eqdim(X44,X45)))),
  file(unknown,unknown)).
fof(f326,plain,(
  ~leq(sK0,sK0)),
  inference(resolution,[],[f323,f254])).
fof(f254,plain,(
  ( ! [X2,X3] : (~less(X3,X2) | ~leq(X2,X3)) )),
  inference(subsumption_resolution,[],[f250,f161])).
fof(f250,plain,(
  ( ! [X2,X3] : (~leq(X2,X3) | ~leq(X3,X2) | ~less(X3,X2)) )),
  inference(resolution,[],[f160,f162])).
fof(f162,plain,(
  ( ! [X0,X1] : (~eqdim(X0,X1) | ~less(X0,X1)) )),
  inference(cnf_transformation,[],[f115])).
fof(f160,plain,(
  ( ! [X0,X1] : (eqdim(X0,X1) | ~leq(X1,X0) | ~leq(X0,X1)) )),
  inference(cnf_transformation,[],[f113])).
fof(f323,plain,(
  less(sK0,sK0)),
  inference(subsumption_resolution,[],[f317,f119])).
fof(f119,plain,(
  ~po(sK0,sK0)),
  inference(cnf_transformation,[],[f91])).
fof(f317,plain,(
  less(sK0,sK0) | po(sK0,sK0)),
  inference(resolution,[],[f287,f183])).
fof(f287,plain,(
  ( ! [X14,X15] : (~cont(X14,X15) | less(X14,X15) | po(X15,X15)) )),
  inference(resolution,[],[f231,f236])).
fof(f236,plain,(
  ( ! [X0,X1] : (~p(X0,X1) | po(X1,X1)) )),
  inference(factoring,[],[f157])).
fof(f157,plain,(
  ( ! [X0,X3,X1] : (~p(X3,X1) | ~p(X3,X0) | po(X0,X1)) )),
  inference(cnf_transformation,[],[f111])).
fof(f111,plain,(
  ! [X0,X1] : ((~po(X0,X1) | (p(sK4(X1,X0),X0) & p(sK4(X1,X0),X1))) & (! [X3] : (~p(X3,X0) | ~p(X3,X1)) | po(X0,X1)))),
  inference(skolemisation,[status(esa)],[f110])).
fof(f110,plain,(
  ! [X0,X1] : ((~po(X0,X1) | ? [X2] : (p(X2,X0) & p(X2,X1))) & (! [X3] : (~p(X3,X0) | ~p(X3,X1)) | po(X0,X1)))),
  inference(rectify,[],[f109])).
fof(f109,plain,(
  ! [X0,X1] : ((~po(X0,X1) | ? [X2] : (p(X2,X0) & p(X2,X1))) & (! [X2] : (~p(X2,X0) | ~p(X2,X1)) | po(X0,X1)))),
  inference(nnf_transformation,[],[f55])).
fof(f55,plain,(
  ! [X0,X1] : (po(X0,X1) <=> ? [X2] : (p(X2,X0) & p(X2,X1)))),
  inference(flattening,[],[f54])).
fof(f54,plain,(
  ! [X0] : ! [X1] : (po(X0,X1) <=> ? [X2] : (p(X2,X0) & p(X2,X1)))),
  inference(rectify,[],[f9])).
fof(f9,axiom,(
  ! [X14] : ! [X15] : (po(X14,X15) <=> ? [X16] : (p(X16,X14) & p(X16,X15)))),
  file(unknown,unknown)).
fof(f231,plain,(
  ( ! [X0,X1] : (p(X0,X1) | ~cont(X0,X1) | less(X0,X1)) )),
  inference(duplicate_literal_removal,[],[f229])).
fof(f229,plain,(
  ( ! [X0,X1] : (p(X0,X1) | ~cont(X0,X1) | less(X0,X1) | ~cont(X0,X1)) )),
  inference(resolution,[],[f154,f138])).
fof(f154,plain,(
  ( ! [X0,X1] : (~eqdim(X0,X1) | p(X0,X1) | ~cont(X0,X1)) )),
  inference(cnf_transformation,[],[f108])).
fof(f108,plain,(
  ! [X0,X1] : ((~p(X0,X1) | (cont(X0,X1) & eqdim(X0,X1))) & (~cont(X0,X1) | ~eqdim(X0,X1) | p(X0,X1)))),
  inference(flattening,[],[f107])).
fof(f107,plain,(
  ! [X0,X1] : ((~p(X0,X1) | (cont(X0,X1) & eqdim(X0,X1))) & ((~cont(X0,X1) | ~eqdim(X0,X1)) | p(X0,X1)))),
  inference(nnf_transformation,[],[f53])).
fof(f53,plain,(
  ! [X0,X1] : (p(X0,X1) <=> (cont(X0,X1) & eqdim(X0,X1)))),
  inference(flattening,[],[f52])).
fof(f52,plain,(
  ! [X0] : ! [X1] : (p(X0,X1) <=> (cont(X0,X1) & eqdim(X0,X1)))),
  inference(rectify,[],[f21])).
fof(f21,axiom,(
  ! [X37] : ! [X38] : (p(X37,X38) <=> (cont(X37,X38) & eqdim(X37,X38)))),
  file(unknown,unknown)).
% SZS output end Proof for unknown
------------------------------
Version: Vampire 0.6 (revision 903)
Termination reason: Refutation

Active clauses: 96
Passive clauses: 130
Generated clauses: 209
Final active clauses: 96
Final passive clauses: 28
Input formulas: 24
Initial clauses: 53

Selected by SInE selection: 24
SInE iterations: 1

Duplicate literals: 1
Fw subsumption resolutions: 13

Simple tautologies: 20
Forward subsumptions: 48

Binary resolution: 139
Factoring: 2

Backtracking splits: 1

Memory used: 127KB
Time elapsed: 0.006 s
------------------------------
% Success in time 0.019 s
============================= vampire_lin32 ================================
execution finished: Tue Oct 08 20:45:31 2013
total CPU time used: 0
The command was "vampire_lin32 --mode casc --proof tptp -t 3000"
Input read from  /stl/torsten/git/macleod/qs/multidim_space_codi/theorems/conversions/po_theorems_goal1.all.tptp
============================ end of footer ===========================
