Paradox, version 4.0, 2010-06-29.
+++ PROBLEM: /stl/torsten/git/macleod/qs/multidim_space_codi/theorems/conversions/sc_theorems_goal6.all.tptp
Reading '/stl/torsten/git/macleod/qs/multidim_space_codi/theorems/conversions/sc_theorems_goal6.all.tptp' ... OK
+++ SOLVING: /stl/torsten/git/macleod/qs/multidim_space_codi/theorems/conversions/sc_theorems_goal6.all.tptp
domain size 1
domain size 2
domain size 3
domain size 4
domain size 5
domain size 6
domain size 7
domain size 8
domain size 9
domain size 10
domain size 11
domain size 12
domain size 13
domain size 14
domain size 15
domain size 16
domain size 17
domain size 18
domain size 19
domain size 20
domain size 21
domain size 22
domain size 23
domain size 24
domain size 25
domain size 26
domain size 27
domain size 28
domain size 29
domain size 30
domain size 31
domain size 32
domain size 33
domain size 34
domain size 35
domain size 36
domain size 37
============================= paradox ================================
execution finished: Tue Oct 08 20:43:26 2013
total CPU time used: 2
The command was "paradox --time 3000 --verbose 2 --model --tstp /stl/torsten/git/macleod/qs/multidim_space_codi/theorems/conversions/sc_theorems_goal6.all.tptp"
Input read from 
============================ end of footer ===========================
