============================== Prover9 ===============================
Prover9 (64) version 2009-11A, November 2009.
Process 2583 was started by torsten on stl-ws2,
Tue Oct  8 20:43:05 2013
The command was "prover9 -t600 -f /stl/torsten/git/macleod/qs/multidim_space_codi/conversions/codi_basic.p9 /stl/torsten/git/macleod/qs/multidim_space_codi/theorems/conversions/sc_theorems_goal1.p9 /stl/torsten/git/macleod/qs/multidim_space_cont/conversions/cont_basic.p9 /stl/torsten/git/macleod/qs/multidim_space_dim/definitions/conversions/min_max_dim.p9 /stl/torsten/git/macleod/qs/multidim_space_codi/definitions/conversions/ep.p9 /stl/torsten/git/macleod/qs/multidim_space_cont/definitions/conversions/c.p9 /stl/torsten/git/macleod/qs/multidim_space_dim/conversions/dim_prime_linear.p9 /stl/torsten/git/macleod/qs/multidim_space_dim/conversions/dim_prime_linear_unbounded.p9 /stl/torsten/git/macleod/qs/multidim_space_dim/definitions/conversions/dim_basic_defs.p9 /stl/torsten/git/macleod/qs/multidim_space_dim/definitions/conversions/eq_dim.p9 /stl/torsten/git/macleod/qs/multidim_space_codi/definitions/conversions/sc.p9".
============================== end of head ===========================

============================== INPUT =================================

% Reading from file /stl/torsten/git/macleod/qs/multidim_space_codi/conversions/codi_basic.p9


formulas(sos).
(all x all y (Cont(x,y) -> x < y | EqDim(x,y))).
end_of_list.

% Reading from file /stl/torsten/git/macleod/qs/multidim_space_codi/theorems/conversions/sc_theorems_goal1.p9


formulas(goals).
(all x all y (SC(x,y) -> C(x,y))).
end_of_list.

% Reading from file /stl/torsten/git/macleod/qs/multidim_space_cont/conversions/cont_basic.p9


formulas(sos).
(all x (S(x) & -ZEX(x) <-> Cont(x,x))).
(all x all y (Cont(x,y) & Cont(y,x) -> x = y)).
(all x all y all z (Cont(x,y) & Cont(y,z) -> Cont(x,z))).
(all x all y (ZEX(x) -> S(x) & -Cont(y,x) & -Cont(x,y))).
(all x all y (ZEX(x) & ZEX(y) -> x = y)).
end_of_list.

% Reading from file /stl/torsten/git/macleod/qs/multidim_space_dim/definitions/conversions/min_max_dim.p9


formulas(sos).
(all x (MaxDim(x) <-> S(x) & (all y (S(y) -> y <= x)))).
(all x (MinDim(x) <-> S(x) & -ZEX(x) & (all y (S(y) & y < x -> ZEX(y))))).
end_of_list.

% Reading from file /stl/torsten/git/macleod/qs/multidim_space_codi/definitions/conversions/ep.p9


formulas(sos).
(all x all y (P(x,y) <-> Cont(x,y) & EqDim(x,y))).
end_of_list.

% Reading from file /stl/torsten/git/macleod/qs/multidim_space_cont/definitions/conversions/c.p9


formulas(sos).
(all x all y (C(x,y) <-> (exists z (Cont(z,x) & Cont(z,y))))).
end_of_list.

% Reading from file /stl/torsten/git/macleod/qs/multidim_space_dim/conversions/dim_prime_linear.p9


formulas(sos).
(exists x MinDim(x)).
end_of_list.

% Reading from file /stl/torsten/git/macleod/qs/multidim_space_dim/conversions/dim_prime_linear_unbounded.p9


formulas(sos).
(all x all y (x <= y -> S(x))).
(all x all y (x <= y -> S(y))).
(all x (ZEX(x) -> S(x))).
(all x (S(x) -> x <= x)).
(all x all y all z (x <= y & y <= z -> x <= z)).
(all x all y (ZEX(x) & ZEX(y) -> x = y)).
(all x all y (ZEX(x) & S(y) -> x <= y)).
end_of_list.

% Reading from file /stl/torsten/git/macleod/qs/multidim_space_dim/definitions/conversions/dim_basic_defs.p9


formulas(sos).
(all x all y (x > y <-> y < x)).
(all x all y (x >= y <-> y <= x)).
(all x all y (x < y <-> x <= y & -EqDim(x,y))).
end_of_list.

% Reading from file /stl/torsten/git/macleod/qs/multidim_space_dim/definitions/conversions/eq_dim.p9


formulas(sos).
(all x all y (EqDim(x,y) <-> x <= y & y <= x)).
end_of_list.

% Reading from file /stl/torsten/git/macleod/qs/multidim_space_codi/definitions/conversions/sc.p9


formulas(sos).
(all x all y (SC(x,y) <-> (exists z (Cont(z,x) & Cont(z,y))) & (all z (Cont(z,x) & Cont(z,y) -> z < x & z < y)))).
end_of_list.

============================== end of input ==========================

% From the command line: assign(max_seconds, 600).

============================== PROCESS NON-CLAUSAL FORMULAS ==========

% Formulas that are not ordinary clauses:
1 (all x all y (Cont(x,y) -> x < y | EqDim(x,y))) # label(non_clause).  [assumption].
2 (all x (S(x) & -ZEX(x) <-> Cont(x,x))) # label(non_clause).  [assumption].
3 (all x all y (Cont(x,y) & Cont(y,x) -> x = y)) # label(non_clause).  [assumption].
4 (all x all y all z (Cont(x,y) & Cont(y,z) -> Cont(x,z))) # label(non_clause).  [assumption].
5 (all x all y (ZEX(x) -> S(x) & -Cont(y,x) & -Cont(x,y))) # label(non_clause).  [assumption].
6 (all x all y (ZEX(x) & ZEX(y) -> x = y)) # label(non_clause).  [assumption].
7 (all x (MaxDim(x) <-> S(x) & (all y (S(y) -> y <= x)))) # label(non_clause).  [assumption].
8 (all x (MinDim(x) <-> S(x) & -ZEX(x) & (all y (S(y) & y < x -> ZEX(y))))) # label(non_clause).  [assumption].
9 (all x all y (P(x,y) <-> Cont(x,y) & EqDim(x,y))) # label(non_clause).  [assumption].
10 (all x all y (C(x,y) <-> (exists z (Cont(z,x) & Cont(z,y))))) # label(non_clause).  [assumption].
11 (exists x MinDim(x)) # label(non_clause).  [assumption].
12 (all x all y (x <= y -> S(x))) # label(non_clause).  [assumption].
13 (all x all y (x <= y -> S(y))) # label(non_clause).  [assumption].
14 (all x (ZEX(x) -> S(x))) # label(non_clause).  [assumption].
15 (all x (S(x) -> x <= x)) # label(non_clause).  [assumption].
16 (all x all y all z (x <= y & y <= z -> x <= z)) # label(non_clause).  [assumption].
17 (all x all y (ZEX(x) & ZEX(y) -> x = y)) # label(non_clause).  [assumption].
18 (all x all y (ZEX(x) & S(y) -> x <= y)) # label(non_clause).  [assumption].
19 (all x all y (x > y <-> y < x)) # label(non_clause).  [assumption].
20 (all x all y (x >= y <-> y <= x)) # label(non_clause).  [assumption].
21 (all x all y (x < y <-> x <= y & -EqDim(x,y))) # label(non_clause).  [assumption].
22 (all x all y (EqDim(x,y) <-> x <= y & y <= x)) # label(non_clause).  [assumption].
23 (all x all y (SC(x,y) <-> (exists z (Cont(z,x) & Cont(z,y))) & (all z (Cont(z,x) & Cont(z,y) -> z < x & z < y)))) # label(non_clause).  [assumption].
24 (all x all y (SC(x,y) -> C(x,y))) # label(non_clause) # label(goal).  [goal].

============================== end of process non-clausal formulas ===

============================== PROCESS INITIAL CLAUSES ===============

% Clauses before input processing:

formulas(usable).
end_of_list.

formulas(sos).
-Cont(x,y) | x < y | EqDim(x,y).  [clausify(1)].
-S(x) | ZEX(x) | Cont(x,x).  [clausify(2)].
S(x) | -Cont(x,x).  [clausify(2)].
-ZEX(x) | -Cont(x,x).  [clausify(2)].
-Cont(x,y) | -Cont(y,x) | y = x.  [clausify(3)].
-Cont(x,y) | -Cont(y,z) | Cont(x,z).  [clausify(4)].
-ZEX(x) | S(x).  [clausify(5)].
-ZEX(x) | -Cont(y,x).  [clausify(5)].
-ZEX(x) | -Cont(x,y).  [clausify(5)].
-ZEX(x) | -ZEX(y) | y = x.  [clausify(6)].
-MaxDim(x) | S(x).  [clausify(7)].
-MaxDim(x) | -S(y) | y <= x.  [clausify(7)].
MaxDim(x) | -S(x) | S(f1(x)).  [clausify(7)].
MaxDim(x) | -S(x) | -(f1(x) <= x).  [clausify(7)].
-MinDim(x) | S(x).  [clausify(8)].
-MinDim(x) | -ZEX(x).  [clausify(8)].
-MinDim(x) | -S(y) | -(y < x) | ZEX(y).  [clausify(8)].
MinDim(x) | -S(x) | ZEX(x) | S(f2(x)).  [clausify(8)].
MinDim(x) | -S(x) | ZEX(x) | f2(x) < x.  [clausify(8)].
MinDim(x) | -S(x) | ZEX(x) | -ZEX(f2(x)).  [clausify(8)].
-P(x,y) | Cont(x,y).  [clausify(9)].
-P(x,y) | EqDim(x,y).  [clausify(9)].
P(x,y) | -Cont(x,y) | -EqDim(x,y).  [clausify(9)].
-C(x,y) | Cont(f3(x,y),x).  [clausify(10)].
-C(x,y) | Cont(f3(x,y),y).  [clausify(10)].
C(x,y) | -Cont(z,x) | -Cont(z,y).  [clausify(10)].
MinDim(c1).  [clausify(11)].
-(x <= y) | S(x).  [clausify(12)].
-(x <= y) | S(y).  [clausify(13)].
-ZEX(x) | S(x).  [clausify(14)].
-S(x) | x <= x.  [clausify(15)].
-(x <= y) | -(y <= z) | x <= z.  [clausify(16)].
-ZEX(x) | -ZEX(y) | y = x.  [clausify(17)].
-ZEX(x) | -S(y) | x <= y.  [clausify(18)].
-(x > y) | y < x.  [clausify(19)].
x > y | -(y < x).  [clausify(19)].
-(x >= y) | y <= x.  [clausify(20)].
x >= y | -(y <= x).  [clausify(20)].
-(x < y) | x <= y.  [clausify(21)].
-(x < y) | -EqDim(x,y).  [clausify(21)].
x < y | -(x <= y) | EqDim(x,y).  [clausify(21)].
-EqDim(x,y) | x <= y.  [clausify(22)].
-EqDim(x,y) | y <= x.  [clausify(22)].
EqDim(x,y) | -(x <= y) | -(y <= x).  [clausify(22)].
-SC(x,y) | Cont(f4(x,y),x).  [clausify(23)].
-SC(x,y) | Cont(f4(x,y),y).  [clausify(23)].
-SC(x,y) | -Cont(z,x) | -Cont(z,y) | z < x.  [clausify(23)].
-SC(x,y) | -Cont(z,x) | -Cont(z,y) | z < y.  [clausify(23)].
SC(x,y) | -Cont(z,x) | -Cont(z,y) | Cont(f5(x,y),x).  [clausify(23)].
SC(x,y) | -Cont(z,x) | -Cont(z,y) | Cont(f5(x,y),y).  [clausify(23)].
SC(x,y) | -Cont(z,x) | -Cont(z,y) | -(f5(x,y) < x) | -(f5(x,y) < y).  [clausify(23)].
SC(c2,c3).  [deny(24)].
-C(c2,c3).  [deny(24)].
end_of_list.

formulas(demodulators).
end_of_list.

============================== PREDICATE ELIMINATION =================

Eliminating EqDim/2
25 P(x,y) | -Cont(x,y) | -EqDim(x,y).  [clausify(9)].
26 -Cont(x,y) | x < y | EqDim(x,y).  [clausify(1)].
27 -P(x,y) | EqDim(x,y).  [clausify(9)].
Derived: P(x,y) | -Cont(x,y) | -Cont(x,y) | x < y.  [resolve(25,c,26,c)].
28 -(x < y) | -EqDim(x,y).  [clausify(21)].
Derived: -(x < y) | -P(x,y).  [resolve(28,b,27,b)].
29 x < y | -(x <= y) | EqDim(x,y).  [clausify(21)].
30 -EqDim(x,y) | x <= y.  [clausify(22)].
Derived: x <= y | -Cont(x,y) | x < y.  [resolve(30,a,26,c)].
Derived: x <= y | -P(x,y).  [resolve(30,a,27,b)].
31 -EqDim(x,y) | y <= x.  [clausify(22)].
Derived: x <= y | -Cont(y,x) | y < x.  [resolve(31,a,26,c)].
Derived: x <= y | -P(y,x).  [resolve(31,a,27,b)].
Derived: x <= y | y < x | -(y <= x).  [resolve(31,a,29,c)].
32 EqDim(x,y) | -(x <= y) | -(y <= x).  [clausify(22)].
Derived: -(x <= y) | -(y <= x) | P(x,y) | -Cont(x,y).  [resolve(32,a,25,c)].
Derived: -(x <= y) | -(y <= x) | -(x < y).  [resolve(32,a,28,b)].

Eliminating MaxDim/1
33 MaxDim(x) | -S(x) | S(f1(x)).  [clausify(7)].
34 -MaxDim(x) | S(x).  [clausify(7)].
35 -MaxDim(x) | -S(y) | y <= x.  [clausify(7)].
Derived: -S(x) | S(f1(x)) | -S(y) | y <= x.  [resolve(33,a,35,a)].
36 MaxDim(x) | -S(x) | -(f1(x) <= x).  [clausify(7)].
Derived: -S(x) | -(f1(x) <= x) | -S(y) | y <= x.  [resolve(36,a,35,a)].

Eliminating MinDim/1
37 MinDim(x) | -S(x) | ZEX(x) | S(f2(x)).  [clausify(8)].
38 -MinDim(x) | S(x).  [clausify(8)].
39 -MinDim(x) | -ZEX(x).  [clausify(8)].
40 -MinDim(x) | -S(y) | -(y < x) | ZEX(y).  [clausify(8)].
Derived: -S(x) | ZEX(x) | S(f2(x)) | -S(y) | -(y < x) | ZEX(y).  [resolve(37,a,40,a)].
41 MinDim(x) | -S(x) | ZEX(x) | f2(x) < x.  [clausify(8)].
Derived: -S(x) | ZEX(x) | f2(x) < x | -S(y) | -(y < x) | ZEX(y).  [resolve(41,a,40,a)].
42 MinDim(x) | -S(x) | ZEX(x) | -ZEX(f2(x)).  [clausify(8)].
Derived: -S(x) | ZEX(x) | -ZEX(f2(x)) | -S(y) | -(y < x) | ZEX(y).  [resolve(42,a,40,a)].
43 MinDim(c1).  [clausify(11)].
Derived: S(c1).  [resolve(43,a,38,a)].
Derived: -ZEX(c1).  [resolve(43,a,39,a)].
Derived: -S(x) | -(x < c1) | ZEX(x).  [resolve(43,a,40,a)].

Eliminating P/2
44 P(x,y) | -Cont(x,y) | -Cont(x,y) | x < y.  [resolve(25,c,26,c)].
45 -P(x,y) | Cont(x,y).  [clausify(9)].
46 -(x < y) | -P(x,y).  [resolve(28,b,27,b)].
47 x <= y | -P(x,y).  [resolve(30,a,27,b)].
Derived: x <= y | -Cont(x,y) | -Cont(x,y) | x < y.  [resolve(47,b,44,a)].
48 x <= y | -P(y,x).  [resolve(31,a,27,b)].
Derived: x <= y | -Cont(y,x) | -Cont(y,x) | y < x.  [resolve(48,b,44,a)].
49 -(x <= y) | -(y <= x) | P(x,y) | -Cont(x,y).  [resolve(32,a,25,c)].

Eliminating >/2
50 x > y | -(y < x).  [clausify(19)].
51 -(x > y) | y < x.  [clausify(19)].

Eliminating >=/2
52 x >= y | -(y <= x).  [clausify(20)].
53 -(x >= y) | y <= x.  [clausify(20)].

Eliminating SC/2
54 SC(x,y) | -Cont(z,x) | -Cont(z,y) | Cont(f5(x,y),x).  [clausify(23)].
55 -SC(x,y) | Cont(f4(x,y),x).  [clausify(23)].
56 -SC(x,y) | Cont(f4(x,y),y).  [clausify(23)].
57 -SC(x,y) | -Cont(z,x) | -Cont(z,y) | z < x.  [clausify(23)].
58 -SC(x,y) | -Cont(z,x) | -Cont(z,y) | z < y.  [clausify(23)].
Derived: -Cont(x,y) | -Cont(x,z) | Cont(f5(y,z),y) | Cont(f4(y,z),y).  [resolve(54,a,55,a)].
Derived: -Cont(x,y) | -Cont(x,z) | Cont(f5(y,z),y) | Cont(f4(y,z),z).  [resolve(54,a,56,a)].
Derived: -Cont(x,y) | -Cont(x,z) | Cont(f5(y,z),y) | -Cont(u,y) | -Cont(u,z) | u < y.  [resolve(54,a,57,a)].
Derived: -Cont(x,y) | -Cont(x,z) | Cont(f5(y,z),y) | -Cont(u,y) | -Cont(u,z) | u < z.  [resolve(54,a,58,a)].
59 SC(x,y) | -Cont(z,x) | -Cont(z,y) | Cont(f5(x,y),y).  [clausify(23)].
Derived: -Cont(x,y) | -Cont(x,z) | Cont(f5(y,z),z) | Cont(f4(y,z),y).  [resolve(59,a,55,a)].
Derived: -Cont(x,y) | -Cont(x,z) | Cont(f5(y,z),z) | Cont(f4(y,z),z).  [resolve(59,a,56,a)].
Derived: -Cont(x,y) | -Cont(x,z) | Cont(f5(y,z),z) | -Cont(u,y) | -Cont(u,z) | u < y.  [resolve(59,a,57,a)].
Derived: -Cont(x,y) | -Cont(x,z) | Cont(f5(y,z),z) | -Cont(u,y) | -Cont(u,z) | u < z.  [resolve(59,a,58,a)].
60 SC(x,y) | -Cont(z,x) | -Cont(z,y) | -(f5(x,y) < x) | -(f5(x,y) < y).  [clausify(23)].
Derived: -Cont(x,y) | -Cont(x,z) | -(f5(y,z) < y) | -(f5(y,z) < z) | Cont(f4(y,z),y).  [resolve(60,a,55,a)].
Derived: -Cont(x,y) | -Cont(x,z) | -(f5(y,z) < y) | -(f5(y,z) < z) | Cont(f4(y,z),z).  [resolve(60,a,56,a)].
Derived: -Cont(x,y) | -Cont(x,z) | -(f5(y,z) < y) | -(f5(y,z) < z) | -Cont(u,y) | -Cont(u,z) | u < y.  [resolve(60,a,57,a)].
Derived: -Cont(x,y) | -Cont(x,z) | -(f5(y,z) < y) | -(f5(y,z) < z) | -Cont(u,y) | -Cont(u,z) | u < z.  [resolve(60,a,58,a)].
61 SC(c2,c3).  [deny(24)].
Derived: Cont(f4(c2,c3),c2).  [resolve(61,a,55,a)].
Derived: Cont(f4(c2,c3),c3).  [resolve(61,a,56,a)].
Derived: -Cont(x,c2) | -Cont(x,c3) | x < c2.  [resolve(61,a,57,a)].
Derived: -Cont(x,c2) | -Cont(x,c3) | x < c3.  [resolve(61,a,58,a)].

============================== end predicate elimination =============

Auto_denials:  (non-Horn, no changes).

Term ordering decisions:
Predicate symbol precedence:  predicate_order([ =, S, ZEX, Cont, <, <=, C ]).
Function symbol precedence:  function_order([ c1, c2, c3, f3, f4, f5, f1, f2 ]).
After inverse_order:  (no changes).
Unfolding symbols: (none).

Auto_inference settings:
  % set(paramodulation).  % (positive equality literals)
  % set(binary_resolution).  % (non-Horn)
  % set(neg_ur_resolution).  % (non-Horn, less than 100 clauses)

Auto_process settings:
  % set(factor).  % (non-Horn)
  % set(unit_deletion).  % (non-Horn)

kept:      62 -S(x) | ZEX(x) | Cont(x,x).  [clausify(2)].
kept:      63 S(x) | -Cont(x,x).  [clausify(2)].
kept:      64 -ZEX(x) | -Cont(x,x).  [clausify(2)].
kept:      65 -Cont(x,y) | -Cont(y,x) | y = x.  [clausify(3)].
kept:      66 -Cont(x,y) | -Cont(y,z) | Cont(x,z).  [clausify(4)].
kept:      67 -ZEX(x) | S(x).  [clausify(5)].
kept:      68 -ZEX(x) | -Cont(y,x).  [clausify(5)].
kept:      69 -ZEX(x) | -Cont(x,y).  [clausify(5)].
kept:      70 -ZEX(x) | -ZEX(y) | y = x.  [clausify(6)].
kept:      71 -C(x,y) | Cont(f3(x,y),x).  [clausify(10)].
kept:      72 -C(x,y) | Cont(f3(x,y),y).  [clausify(10)].
kept:      73 C(x,y) | -Cont(z,x) | -Cont(z,y).  [clausify(10)].
kept:      74 -(x <= y) | S(x).  [clausify(12)].
kept:      75 -(x <= y) | S(y).  [clausify(13)].
kept:      76 -S(x) | x <= x.  [clausify(15)].
kept:      77 -(x <= y) | -(y <= z) | x <= z.  [clausify(16)].
kept:      78 -ZEX(x) | -S(y) | x <= y.  [clausify(18)].
kept:      79 -(x < y) | x <= y.  [clausify(21)].
kept:      80 -C(c2,c3).  [deny(24)].
kept:      81 x <= y | -Cont(x,y) | x < y.  [resolve(30,a,26,c)].
kept:      82 x <= y | -Cont(y,x) | y < x.  [resolve(31,a,26,c)].
kept:      83 x <= y | y < x | -(y <= x).  [resolve(31,a,29,c)].
kept:      84 -(x <= y) | -(y <= x) | -(x < y).  [resolve(32,a,28,b)].
kept:      85 -S(x) | S(f1(x)) | -S(y) | y <= x.  [resolve(33,a,35,a)].
kept:      86 -S(x) | -(f1(x) <= x) | -S(y) | y <= x.  [resolve(36,a,35,a)].
kept:      87 -S(x) | ZEX(x) | S(f2(x)) | -S(y) | -(y < x) | ZEX(y).  [resolve(37,a,40,a)].
kept:      88 -S(x) | ZEX(x) | f2(x) < x | -S(y) | -(y < x) | ZEX(y).  [resolve(41,a,40,a)].
kept:      89 -S(x) | ZEX(x) | -ZEX(f2(x)) | -S(y) | -(y < x) | ZEX(y).  [resolve(42,a,40,a)].
kept:      90 S(c1).  [resolve(43,a,38,a)].
kept:      91 -ZEX(c1).  [resolve(43,a,39,a)].
kept:      92 -S(x) | -(x < c1) | ZEX(x).  [resolve(43,a,40,a)].
           93 x <= y | -Cont(x,y) | -Cont(x,y) | x < y.  [resolve(47,b,44,a)].
           94 x <= y | -Cont(y,x) | -Cont(y,x) | y < x.  [resolve(48,b,44,a)].
kept:      95 -Cont(x,y) | -Cont(x,z) | Cont(f5(y,z),y) | Cont(f4(y,z),y).  [resolve(54,a,55,a)].
kept:      96 -Cont(x,y) | -Cont(x,z) | Cont(f5(y,z),y) | Cont(f4(y,z),z).  [resolve(54,a,56,a)].
kept:      97 -Cont(x,y) | -Cont(x,z) | Cont(f5(y,z),y) | -Cont(u,y) | -Cont(u,z) | u < y.  [resolve(54,a,57,a)].
kept:      98 -Cont(x,y) | -Cont(x,z) | Cont(f5(y,z),y) | -Cont(u,y) | -Cont(u,z) | u < z.  [resolve(54,a,58,a)].
kept:      99 -Cont(x,y) | -Cont(x,z) | Cont(f5(y,z),z) | Cont(f4(y,z),y).  [resolve(59,a,55,a)].
kept:      100 -Cont(x,y) | -Cont(x,z) | Cont(f5(y,z),z) | Cont(f4(y,z),z).  [resolve(59,a,56,a)].
kept:      101 -Cont(x,y) | -Cont(x,z) | Cont(f5(y,z),z) | -Cont(u,y) | -Cont(u,z) | u < y.  [resolve(59,a,57,a)].
kept:      102 -Cont(x,y) | -Cont(x,z) | Cont(f5(y,z),z) | -Cont(u,y) | -Cont(u,z) | u < z.  [resolve(59,a,58,a)].
kept:      103 -Cont(x,y) | -Cont(x,z) | -(f5(y,z) < y) | -(f5(y,z) < z) | Cont(f4(y,z),y).  [resolve(60,a,55,a)].
kept:      104 -Cont(x,y) | -Cont(x,z) | -(f5(y,z) < y) | -(f5(y,z) < z) | Cont(f4(y,z),z).  [resolve(60,a,56,a)].
kept:      105 -Cont(x,y) | -Cont(x,z) | -(f5(y,z) < y) | -(f5(y,z) < z) | -Cont(u,y) | -Cont(u,z) | u < y.  [resolve(60,a,57,a)].
kept:      106 -Cont(x,y) | -Cont(x,z) | -(f5(y,z) < y) | -(f5(y,z) < z) | -Cont(u,y) | -Cont(u,z) | u < z.  [resolve(60,a,58,a)].
kept:      107 Cont(f4(c2,c3),c2).  [resolve(61,a,55,a)].
kept:      108 Cont(f4(c2,c3),c3).  [resolve(61,a,56,a)].
kept:      109 -Cont(x,c2) | -Cont(x,c3) | x < c2.  [resolve(61,a,57,a)].
kept:      110 -Cont(x,c2) | -Cont(x,c3) | x < c3.  [resolve(61,a,58,a)].
kept:      111 C(x,x) | -Cont(y,x).  [factor(73,b,c)].
kept:      112 -(x <= x) | -(x < x).  [factor(84,a,b)].
kept:      113 -S(x) | ZEX(x) | S(f2(x)) | -(x < x).  [factor(87,a,d),merge(e)].
kept:      114 -S(x) | ZEX(x) | f2(x) < x | -(x < x).  [factor(88,a,d),merge(e)].
kept:      115 -S(x) | ZEX(x) | -ZEX(f2(x)) | -(x < x).  [factor(89,a,d),merge(e)].
kept:      116 -Cont(x,y) | Cont(f5(y,y),y) | Cont(f4(y,y),y).  [factor(95,a,b)].
kept:      117 -Cont(x,y) | Cont(f5(y,y),y) | -Cont(z,y) | z < y.  [factor(97,a,b),merge(d)].
kept:      118 -Cont(x,y) | -Cont(x,z) | Cont(f5(y,z),y) | x < y.  [factor(97,a,d),merge(d)].
kept:      119 -Cont(x,y) | Cont(f5(y,y),y) | x < y.  [factor(97,a,e),merge(b),merge(d)].
kept:      120 -Cont(x,y) | -Cont(x,z) | Cont(f5(y,z),y) | x < z.  [factor(98,a,d),merge(d)].
kept:      121 -Cont(x,y) | -Cont(x,z) | Cont(f5(y,z),z) | x < y.  [factor(101,a,d),merge(d)].
kept:      122 -Cont(x,y) | -Cont(x,z) | Cont(f5(y,z),z) | x < z.  [factor(102,a,d),merge(d)].
kept:      123 -Cont(x,y) | -(f5(y,y) < y) | Cont(f4(y,y),y).  [factor(103,a,b),merge(c)].
kept:      124 -Cont(x,y) | -(f5(y,y) < y) | -Cont(z,y) | z < y.  [factor(105,a,b),merge(c),merge(e)].
kept:      125 -Cont(x,y) | -Cont(x,z) | -(f5(y,z) < y) | -(f5(y,z) < z) | x < y.  [factor(105,a,e),merge(e)].
kept:      126 -Cont(x,y) | -(f5(y,y) < y) | x < y.  [factor(105,a,f),merge(b),merge(d),merge(e)].
kept:      127 -Cont(x,y) | -Cont(x,z) | -(f5(y,z) < y) | -(f5(y,z) < z) | x < z.  [factor(106,a,e),merge(e)].

============================== end of process initial clauses ========

============================== CLAUSES FOR SEARCH ====================

% Clauses after input processing:

formulas(usable).
end_of_list.

formulas(sos).
62 -S(x) | ZEX(x) | Cont(x,x).  [clausify(2)].
63 S(x) | -Cont(x,x).  [clausify(2)].
65 -Cont(x,y) | -Cont(y,x) | y = x.  [clausify(3)].
66 -Cont(x,y) | -Cont(y,z) | Cont(x,z).  [clausify(4)].
67 -ZEX(x) | S(x).  [clausify(5)].
68 -ZEX(x) | -Cont(y,x).  [clausify(5)].
69 -ZEX(x) | -Cont(x,y).  [clausify(5)].
70 -ZEX(x) | -ZEX(y) | y = x.  [clausify(6)].
71 -C(x,y) | Cont(f3(x,y),x).  [clausify(10)].
72 -C(x,y) | Cont(f3(x,y),y).  [clausify(10)].
73 C(x,y) | -Cont(z,x) | -Cont(z,y).  [clausify(10)].
74 -(x <= y) | S(x).  [clausify(12)].
75 -(x <= y) | S(y).  [clausify(13)].
76 -S(x) | x <= x.  [clausify(15)].
77 -(x <= y) | -(y <= z) | x <= z.  [clausify(16)].
78 -ZEX(x) | -S(y) | x <= y.  [clausify(18)].
79 -(x < y) | x <= y.  [clausify(21)].
80 -C(c2,c3).  [deny(24)].
81 x <= y | -Cont(x,y) | x < y.  [resolve(30,a,26,c)].
82 x <= y | -Cont(y,x) | y < x.  [resolve(31,a,26,c)].
83 x <= y | y < x | -(y <= x).  [resolve(31,a,29,c)].
84 -(x <= y) | -(y <= x) | -(x < y).  [resolve(32,a,28,b)].
85 -S(x) | S(f1(x)) | -S(y) | y <= x.  [resolve(33,a,35,a)].
86 -S(x) | -(f1(x) <= x) | -S(y) | y <= x.  [resolve(36,a,35,a)].
87 -S(x) | ZEX(x) | S(f2(x)) | -S(y) | -(y < x) | ZEX(y).  [resolve(37,a,40,a)].
88 -S(x) | ZEX(x) | f2(x) < x | -S(y) | -(y < x) | ZEX(y).  [resolve(41,a,40,a)].
89 -S(x) | ZEX(x) | -ZEX(f2(x)) | -S(y) | -(y < x) | ZEX(y).  [resolve(42,a,40,a)].
90 S(c1).  [resolve(43,a,38,a)].
91 -ZEX(c1).  [resolve(43,a,39,a)].
92 -S(x) | -(x < c1) | ZEX(x).  [resolve(43,a,40,a)].
95 -Cont(x,y) | -Cont(x,z) | Cont(f5(y,z),y) | Cont(f4(y,z),y).  [resolve(54,a,55,a)].
96 -Cont(x,y) | -Cont(x,z) | Cont(f5(y,z),y) | Cont(f4(y,z),z).  [resolve(54,a,56,a)].
99 -Cont(x,y) | -Cont(x,z) | Cont(f5(y,z),z) | Cont(f4(y,z),y).  [resolve(59,a,55,a)].
100 -Cont(x,y) | -Cont(x,z) | Cont(f5(y,z),z) | Cont(f4(y,z),z).  [resolve(59,a,56,a)].
103 -Cont(x,y) | -Cont(x,z) | -(f5(y,z) < y) | -(f5(y,z) < z) | Cont(f4(y,z),y).  [resolve(60,a,55,a)].
104 -Cont(x,y) | -Cont(x,z) | -(f5(y,z) < y) | -(f5(y,z) < z) | Cont(f4(y,z),z).  [resolve(60,a,56,a)].
107 Cont(f4(c2,c3),c2).  [resolve(61,a,55,a)].
108 Cont(f4(c2,c3),c3).  [resolve(61,a,56,a)].
109 -Cont(x,c2) | -Cont(x,c3) | x < c2.  [resolve(61,a,57,a)].
110 -Cont(x,c2) | -Cont(x,c3) | x < c3.  [resolve(61,a,58,a)].
111 C(x,x) | -Cont(y,x).  [factor(73,b,c)].
112 -(x <= x) | -(x < x).  [factor(84,a,b)].
113 -S(x) | ZEX(x) | S(f2(x)) | -(x < x).  [factor(87,a,d),merge(e)].
114 -S(x) | ZEX(x) | f2(x) < x | -(x < x).  [factor(88,a,d),merge(e)].
115 -S(x) | ZEX(x) | -ZEX(f2(x)) | -(x < x).  [factor(89,a,d),merge(e)].
116 -Cont(x,y) | Cont(f5(y,y),y) | Cont(f4(y,y),y).  [factor(95,a,b)].
118 -Cont(x,y) | -Cont(x,z) | Cont(f5(y,z),y) | x < y.  [factor(97,a,d),merge(d)].
119 -Cont(x,y) | Cont(f5(y,y),y) | x < y.  [factor(97,a,e),merge(b),merge(d)].
120 -Cont(x,y) | -Cont(x,z) | Cont(f5(y,z),y) | x < z.  [factor(98,a,d),merge(d)].
121 -Cont(x,y) | -Cont(x,z) | Cont(f5(y,z),z) | x < y.  [factor(101,a,d),merge(d)].
122 -Cont(x,y) | -Cont(x,z) | Cont(f5(y,z),z) | x < z.  [factor(102,a,d),merge(d)].
123 -Cont(x,y) | -(f5(y,y) < y) | Cont(f4(y,y),y).  [factor(103,a,b),merge(c)].
125 -Cont(x,y) | -Cont(x,z) | -(f5(y,z) < y) | -(f5(y,z) < z) | x < y.  [factor(105,a,e),merge(e)].
126 -Cont(x,y) | -(f5(y,y) < y) | x < y.  [factor(105,a,f),merge(b),merge(d),merge(e)].
127 -Cont(x,y) | -Cont(x,z) | -(f5(y,z) < y) | -(f5(y,z) < z) | x < z.  [factor(106,a,e),merge(e)].
end_of_list.

formulas(demodulators).
end_of_list.

============================== end of clauses for search =============

============================== SEARCH ================================

% Starting search at 0.01 seconds.

given #1 (I,wt=7): 62 -S(x) | ZEX(x) | Cont(x,x).  [clausify(2)].

given #2 (I,wt=5): 63 S(x) | -Cont(x,x).  [clausify(2)].

given #3 (I,wt=9): 65 -Cont(x,y) | -Cont(y,x) | y = x.  [clausify(3)].

given #4 (I,wt=9): 66 -Cont(x,y) | -Cont(y,z) | Cont(x,z).  [clausify(4)].

given #5 (I,wt=4): 67 -ZEX(x) | S(x).  [clausify(5)].

given #6 (I,wt=5): 68 -ZEX(x) | -Cont(y,x).  [clausify(5)].

given #7 (I,wt=5): 69 -ZEX(x) | -Cont(x,y).  [clausify(5)].

given #8 (I,wt=7): 70 -ZEX(x) | -ZEX(y) | y = x.  [clausify(6)].

given #9 (I,wt=8): 71 -C(x,y) | Cont(f3(x,y),x).  [clausify(10)].

given #10 (I,wt=8): 72 -C(x,y) | Cont(f3(x,y),y).  [clausify(10)].

given #11 (I,wt=9): 73 C(x,y) | -Cont(z,x) | -Cont(z,y).  [clausify(10)].

given #12 (I,wt=5): 74 -(x <= y) | S(x).  [clausify(12)].

given #13 (I,wt=5): 75 -(x <= y) | S(y).  [clausify(13)].

given #14 (I,wt=5): 76 -S(x) | x <= x.  [clausify(15)].

given #15 (I,wt=9): 77 -(x <= y) | -(y <= z) | x <= z.  [clausify(16)].

given #16 (I,wt=7): 78 -ZEX(x) | -S(y) | x <= y.  [clausify(18)].

given #17 (I,wt=6): 79 -(x < y) | x <= y.  [clausify(21)].

given #18 (I,wt=3): 80 -C(c2,c3).  [deny(24)].

given #19 (I,wt=9): 81 x <= y | -Cont(x,y) | x < y.  [resolve(30,a,26,c)].

given #20 (I,wt=9): 82 x <= y | -Cont(y,x) | y < x.  [resolve(31,a,26,c)].

given #21 (I,wt=9): 83 x <= y | y < x | -(y <= x).  [resolve(31,a,29,c)].

given #22 (I,wt=9): 84 -(x <= y) | -(y <= x) | -(x < y).  [resolve(32,a,28,b)].

given #23 (I,wt=10): 85 -S(x) | S(f1(x)) | -S(y) | y <= x.  [resolve(33,a,35,a)].

given #24 (I,wt=11): 86 -S(x) | -(f1(x) <= x) | -S(y) | y <= x.  [resolve(36,a,35,a)].

given #25 (I,wt=14): 87 -S(x) | ZEX(x) | S(f2(x)) | -S(y) | -(y < x) | ZEX(y).  [resolve(37,a,40,a)].

given #26 (I,wt=15): 88 -S(x) | ZEX(x) | f2(x) < x | -S(y) | -(y < x) | ZEX(y).  [resolve(41,a,40,a)].

given #27 (I,wt=14): 89 -S(x) | ZEX(x) | -ZEX(f2(x)) | -S(y) | -(y < x) | ZEX(y).  [resolve(42,a,40,a)].

given #28 (I,wt=2): 90 S(c1).  [resolve(43,a,38,a)].

given #29 (I,wt=2): 91 -ZEX(c1).  [resolve(43,a,39,a)].

given #30 (I,wt=7): 92 -S(x) | -(x < c1) | ZEX(x).  [resolve(43,a,40,a)].

given #31 (I,wt=16): 95 -Cont(x,y) | -Cont(x,z) | Cont(f5(y,z),y) | Cont(f4(y,z),y).  [resolve(54,a,55,a)].

given #32 (I,wt=16): 96 -Cont(x,y) | -Cont(x,z) | Cont(f5(y,z),y) | Cont(f4(y,z),z).  [resolve(54,a,56,a)].

given #33 (I,wt=16): 99 -Cont(x,y) | -Cont(x,z) | Cont(f5(y,z),z) | Cont(f4(y,z),y).  [resolve(59,a,55,a)].

given #34 (I,wt=16): 100 -Cont(x,y) | -Cont(x,z) | Cont(f5(y,z),z) | Cont(f4(y,z),z).  [resolve(59,a,56,a)].

given #35 (I,wt=21): 103 -Cont(x,y) | -Cont(x,z) | -(f5(y,z) < y) | -(f5(y,z) < z) | Cont(f4(y,z),y).  [resolve(60,a,55,a)].

given #36 (I,wt=21): 104 -Cont(x,y) | -Cont(x,z) | -(f5(y,z) < y) | -(f5(y,z) < z) | Cont(f4(y,z),z).  [resolve(60,a,56,a)].

given #37 (I,wt=5): 107 Cont(f4(c2,c3),c2).  [resolve(61,a,55,a)].
-------- Proof 1 -------- 

============================== PROOF =================================

% Proof 1 at 0.01 (+ 0.00) seconds.
% Length of proof is 11.
% Level of proof is 3.
% Maximum clause weight is 9.000.
% Given clauses 37.

10 (all x all y (C(x,y) <-> (exists z (Cont(z,x) & Cont(z,y))))) # label(non_clause).  [assumption].
23 (all x all y (SC(x,y) <-> (exists z (Cont(z,x) & Cont(z,y))) & (all z (Cont(z,x) & Cont(z,y) -> z < x & z < y)))) # label(non_clause).  [assumption].
24 (all x all y (SC(x,y) -> C(x,y))) # label(non_clause) # label(goal).  [goal].
55 -SC(x,y) | Cont(f4(x,y),x).  [clausify(23)].
56 -SC(x,y) | Cont(f4(x,y),y).  [clausify(23)].
61 SC(c2,c3).  [deny(24)].
73 C(x,y) | -Cont(z,x) | -Cont(z,y).  [clausify(10)].
80 -C(c2,c3).  [deny(24)].
107 Cont(f4(c2,c3),c2).  [resolve(61,a,55,a)].
108 Cont(f4(c2,c3),c3).  [resolve(61,a,56,a)].
150 $F.  [ur(73,a,80,a,b,107,a),unit_del(a,108)].

============================== end of proof ==========================

============================== STATISTICS ============================

Given=37. Generated=145. Kept=86. proofs=1.
Usable=37. Sos=23. Demods=0. Limbo=17, Disabled=97. Hints=0.
Kept_by_rule=0, Deleted_by_rule=0.
Forward_subsumed=58. Back_subsumed=9.
Sos_limit_deleted=0. Sos_displaced=0. Sos_removed=0.
New_demodulators=0 (0 lex), Back_demodulated=0. Back_unit_deleted=0.
Demod_attempts=0. Demod_rewrites=0.
Res_instance_prunes=0. Para_instance_prunes=0. Basic_paramod_prunes=0.
Nonunit_fsub_feature_tests=162. Nonunit_bsub_feature_tests=177.
Megabytes=0.24.
User_CPU=0.01, System_CPU=0.00, Wall_clock=0.

============================== end of statistics =====================

============================== end of search =========================

THEOREM PROVED

THEOREM PROVED

Exiting with 1 proof.

------ process 2583 exit (max_proofs) ------

Process 2583 exit (max_proofs) Tue Oct  8 20:43:05 2013
============================= prover9 ================================
execution finished: Tue Oct 08 20:43:07 2013
total CPU time used: 0
The command was "prover9 -t600 -f /stl/torsten/git/macleod/qs/multidim_space_codi/conversions/codi_basic.p9 /stl/torsten/git/macleod/qs/multidim_space_codi/theorems/conversions/sc_theorems_goal1.p9 /stl/torsten/git/macleod/qs/multidim_space_cont/conversions/cont_basic.p9 /stl/torsten/git/macleod/qs/multidim_space_dim/definitions/conversions/min_max_dim.p9 /stl/torsten/git/macleod/qs/multidim_space_codi/definitions/conversions/ep.p9 /stl/torsten/git/macleod/qs/multidim_space_cont/definitions/conversions/c.p9 /stl/torsten/git/macleod/qs/multidim_space_dim/conversions/dim_prime_linear.p9 /stl/torsten/git/macleod/qs/multidim_space_dim/conversions/dim_prime_linear_unbounded.p9 /stl/torsten/git/macleod/qs/multidim_space_dim/definitions/conversions/dim_basic_defs.p9 /stl/torsten/git/macleod/qs/multidim_space_dim/definitions/conversions/eq_dim.p9 /stl/torsten/git/macleod/qs/multidim_space_codi/definitions/conversions/sc.p9"
Input read from 
============================ end of footer ===========================
