============================== Mace4 =================================
Mace4 (64) version 2009-11A, November 2009.
Process 4167 was started by torsten on stl-ws2,
Mon May  2 11:27:19 2011
The command was "mace4 -c -t 600 -n 3 -N 20 -f dim/p9/dim_prime_linear.p9 dim/theorems/p9/dim_prime_linear_theorems_4.p9".
============================== end of head ===========================

============================== INPUT =================================

% Reading from file dim/p9/dim_prime_linear.p9


formulas(sos).
(all x -(x < x)).
(all x all y (x < y -> -(y < x))).
(all x all y all z (x < y & y <= z -> x < z)).
(all x all y (ZEX(x) & ZEX(y) -> x = y)).
(all x all y (ZEX(x) & -ZEX(y) -> x < y)).
(exists x MinDim(x)).
(all x all y (EqDim(x,y) <-> -(x < y) & -(y < x))).
(all x all y (x <= y <-> x < y | EqDim(x,y))).
(all x (MaxDim(x) <-> (all y y <= x))).
(all x (MinDim(x) <-> -ZEX(x) & (all y (y < x -> ZEX(y))))).
(all x all y (Covers(x,y) <-> y < x & (all z -(y < z & z < x)))).
end_of_list.

% Reading from file dim/theorems/p9/dim_prime_linear_theorems_4.p9


formulas(goals).
(all x all y all z (EqDim(x,y) & z < x -> z < y)).
end_of_list.

% From the command line: assign(max_seconds, 600).
    % assign(domain_size, 3) -> assign(start_size, 3).
    % assign(domain_size, 3) -> assign(end_size, 3).

% From the command line: assign(domain_size, 3).

% From the command line: assign(end_size, 20).

============================== end of input ==========================

============================== PROCESS NON-CLAUSAL FORMULAS ==========

% Formulas that are not ordinary clauses:
1 (all x -(x < x)) # label(non_clause).  [assumption].
2 (all x all y (x < y -> -(y < x))) # label(non_clause).  [assumption].
3 (all x all y all z (x < y & y <= z -> x < z)) # label(non_clause).  [assumption].
4 (all x all y (ZEX(x) & ZEX(y) -> x = y)) # label(non_clause).  [assumption].
5 (all x all y (ZEX(x) & -ZEX(y) -> x < y)) # label(non_clause).  [assumption].
6 (exists x MinDim(x)) # label(non_clause).  [assumption].
7 (all x all y (EqDim(x,y) <-> -(x < y) & -(y < x))) # label(non_clause).  [assumption].
8 (all x all y (x <= y <-> x < y | EqDim(x,y))) # label(non_clause).  [assumption].
9 (all x (MaxDim(x) <-> (all y y <= x))) # label(non_clause).  [assumption].
10 (all x (MinDim(x) <-> -ZEX(x) & (all y (y < x -> ZEX(y))))) # label(non_clause).  [assumption].
11 (all x all y (Covers(x,y) <-> y < x & (all z -(y < z & z < x)))) # label(non_clause).  [assumption].
12 (all x all y all z (EqDim(x,y) & z < x -> z < y)) # label(non_clause) # label(goal).  [goal].

============================== end of process non-clausal formulas ===

============================== CLAUSES FOR SEARCH ====================

formulas(mace4_clauses).
-(x < x).
-(x < y) | -(y < x).
-(x < y) | -(y <= z) | x < z.
-ZEX(x) | -ZEX(y) | y = x.
-ZEX(x) | ZEX(y) | x < y.
MinDim(c1).
-EqDim(x,y) | -(x < y).
-EqDim(x,y) | -(y < x).
EqDim(x,y) | x < y | y < x.
-(x <= y) | x < y | EqDim(x,y).
x <= y | -(x < y).
x <= y | -EqDim(x,y).
-MaxDim(x) | y <= x.
MaxDim(x) | -(f1(x) <= x).
-MinDim(x) | -ZEX(x).
-MinDim(x) | -(y < x) | ZEX(y).
MinDim(x) | ZEX(x) | f2(x) < x.
MinDim(x) | ZEX(x) | -ZEX(f2(x)).
-Covers(x,y) | y < x.
-Covers(x,y) | -(y < z) | -(z < x).
Covers(x,y) | -(y < x) | y < f3(x,y).
Covers(x,y) | -(y < x) | f3(x,y) < x.
EqDim(c2,c3).
c4 < c2.
-(c4 < c3).
end_of_list.

============================== end of clauses for search =============

% There are no natural numbers in the input.

============================== DOMAIN SIZE 3 =========================

============================== STATISTICS ============================

For domain size 3.

Current CPU time: 0.00 seconds (total CPU time: 0.01 seconds).
Ground clauses: seen=199, kept=139.
Selections=4, assignments=8, propagations=76, current_models=0.
Rewrite_terms=21, rewrite_bools=390, indexes=10.
Rules_from_neg_clauses=3, cross_offs=11.

============================== end of statistics =====================

============================== DOMAIN SIZE 4 =========================

============================== STATISTICS ============================

For domain size 4.

Current CPU time: 0.00 seconds (total CPU time: 0.01 seconds).
Ground clauses: seen=376, kept=280.
Selections=6, assignments=15, propagations=102, current_models=0.
Rewrite_terms=29, rewrite_bools=683, indexes=12.
Rules_from_neg_clauses=1, cross_offs=14.

============================== end of statistics =====================

============================== DOMAIN SIZE 5 =========================

============================== STATISTICS ============================

For domain size 5.

Current CPU time: 0.00 seconds (total CPU time: 0.01 seconds).
Ground clauses: seen=629, kept=489.
Selections=6, assignments=15, propagations=118, current_models=0.
Rewrite_terms=29, rewrite_bools=959, indexes=12.
Rules_from_neg_clauses=1, cross_offs=15.

============================== end of statistics =====================

============================== DOMAIN SIZE 6 =========================

============================== STATISTICS ============================

For domain size 6.

Current CPU time: 0.00 seconds (total CPU time: 0.01 seconds).
Ground clauses: seen=970, kept=778.
Selections=6, assignments=15, propagations=134, current_models=0.
Rewrite_terms=29, rewrite_bools=1276, indexes=12.
Rules_from_neg_clauses=1, cross_offs=16.

============================== end of statistics =====================

============================== DOMAIN SIZE 7 =========================

============================== STATISTICS ============================

For domain size 7.

Current CPU time: 0.00 seconds (total CPU time: 0.02 seconds).
Ground clauses: seen=1411, kept=1159.
Selections=6, assignments=15, propagations=150, current_models=0.
Rewrite_terms=29, rewrite_bools=1634, indexes=12.
Rules_from_neg_clauses=1, cross_offs=17.

============================== end of statistics =====================

============================== DOMAIN SIZE 8 =========================

============================== STATISTICS ============================

For domain size 8.

Current CPU time: 0.00 seconds (total CPU time: 0.02 seconds).
Ground clauses: seen=1964, kept=1644.
Selections=6, assignments=15, propagations=166, current_models=0.
Rewrite_terms=29, rewrite_bools=2033, indexes=12.
Rules_from_neg_clauses=1, cross_offs=18.

============================== end of statistics =====================

============================== DOMAIN SIZE 9 =========================

============================== STATISTICS ============================

For domain size 9.

Current CPU time: 0.00 seconds (total CPU time: 0.02 seconds).
Ground clauses: seen=2641, kept=2245.
Selections=6, assignments=15, propagations=182, current_models=0.
Rewrite_terms=29, rewrite_bools=2473, indexes=12.
Rules_from_neg_clauses=1, cross_offs=19.

============================== end of statistics =====================

============================== DOMAIN SIZE 10 ========================

============================== STATISTICS ============================

For domain size 10.

Current CPU time: 0.00 seconds (total CPU time: 0.02 seconds).
Ground clauses: seen=3454, kept=2974.
Selections=6, assignments=15, propagations=198, current_models=0.
Rewrite_terms=29, rewrite_bools=2954, indexes=12.
Rules_from_neg_clauses=1, cross_offs=20.

============================== end of statistics =====================

============================== DOMAIN SIZE 11 ========================

============================== STATISTICS ============================

For domain size 11.

Current CPU time: 0.00 seconds (total CPU time: 0.03 seconds).
Ground clauses: seen=4415, kept=3843.
Selections=6, assignments=15, propagations=214, current_models=0.
Rewrite_terms=29, rewrite_bools=3476, indexes=12.
Rules_from_neg_clauses=1, cross_offs=21.

============================== end of statistics =====================

============================== DOMAIN SIZE 12 ========================

============================== STATISTICS ============================

For domain size 12.

Current CPU time: 0.00 seconds (total CPU time: 0.03 seconds).
Ground clauses: seen=5536, kept=4864.
Selections=6, assignments=15, propagations=230, current_models=0.
Rewrite_terms=29, rewrite_bools=4039, indexes=12.
Rules_from_neg_clauses=1, cross_offs=22.

============================== end of statistics =====================

============================== DOMAIN SIZE 13 ========================

============================== STATISTICS ============================

For domain size 13.

Current CPU time: 0.00 seconds (total CPU time: 0.04 seconds).
Ground clauses: seen=6829, kept=6049.
Selections=6, assignments=15, propagations=246, current_models=0.
Rewrite_terms=29, rewrite_bools=4643, indexes=12.
Rules_from_neg_clauses=1, cross_offs=23.

============================== end of statistics =====================

============================== DOMAIN SIZE 14 ========================

============================== STATISTICS ============================

For domain size 14.

Current CPU time: 0.00 seconds (total CPU time: 0.05 seconds).
Ground clauses: seen=8306, kept=7410.
Selections=6, assignments=15, propagations=262, current_models=0.
Rewrite_terms=29, rewrite_bools=5288, indexes=12.
Rules_from_neg_clauses=1, cross_offs=24.

============================== end of statistics =====================

============================== DOMAIN SIZE 15 ========================

============================== STATISTICS ============================

For domain size 15.

Current CPU time: 0.00 seconds (total CPU time: 0.06 seconds).
Ground clauses: seen=9979, kept=8959.
Selections=6, assignments=15, propagations=278, current_models=0.
Rewrite_terms=29, rewrite_bools=5974, indexes=12.
Rules_from_neg_clauses=1, cross_offs=25.

============================== end of statistics =====================

============================== DOMAIN SIZE 16 ========================

============================== STATISTICS ============================

For domain size 16.

Current CPU time: 0.00 seconds (total CPU time: 0.07 seconds).
Ground clauses: seen=11860, kept=10708.
Selections=6, assignments=15, propagations=294, current_models=0.
Rewrite_terms=29, rewrite_bools=6701, indexes=12.
Rules_from_neg_clauses=1, cross_offs=26.

============================== end of statistics =====================

============================== DOMAIN SIZE 17 ========================

============================== STATISTICS ============================

For domain size 17.

Current CPU time: 0.00 seconds (total CPU time: 0.08 seconds).
Ground clauses: seen=13961, kept=12669.
Selections=6, assignments=15, propagations=310, current_models=0.
Rewrite_terms=29, rewrite_bools=7469, indexes=12.
Rules_from_neg_clauses=1, cross_offs=27.

============================== end of statistics =====================

============================== DOMAIN SIZE 18 ========================

============================== STATISTICS ============================

For domain size 18.

Current CPU time: 0.00 seconds (total CPU time: 0.10 seconds).
Ground clauses: seen=16294, kept=14854.
Selections=6, assignments=15, propagations=326, current_models=0.
Rewrite_terms=29, rewrite_bools=8278, indexes=12.
Rules_from_neg_clauses=1, cross_offs=28.

============================== end of statistics =====================

============================== DOMAIN SIZE 19 ========================

============================== STATISTICS ============================

For domain size 19.

Current CPU time: 0.00 seconds (total CPU time: 0.12 seconds).
Ground clauses: seen=18871, kept=17275.
Selections=6, assignments=15, propagations=342, current_models=0.
Rewrite_terms=29, rewrite_bools=9128, indexes=12.
Rules_from_neg_clauses=1, cross_offs=29.

============================== end of statistics =====================

============================== DOMAIN SIZE 20 ========================

============================== STATISTICS ============================

For domain size 20.

Current CPU time: 0.00 seconds (total CPU time: 0.14 seconds).
Ground clauses: seen=21704, kept=19944.
Selections=6, assignments=15, propagations=358, current_models=0.
Rewrite_terms=29, rewrite_bools=10019, indexes=12.
Rules_from_neg_clauses=1, cross_offs=30.

============================== end of statistics =====================

User_CPU=0.14, System_CPU=0.00, Wall_clock=1.

Exiting with failure.

Process 4167 exit (exhausted) Mon May  2 11:27:20 2011
The process finished Mon May  2 11:27:20 2011
