============================== Mace4 =================================
Mace4 (64) version 2009-11A, November 2009.
Process 8055 was started by cchui on stl1.mie.utoronto.ca,
Mon Jul 15 12:05:11 2013
The command was "mace4 -c -t 600 -s 600 -n 2 -N 20 -f test/p9/interval_psl_core.p9 test/p9/psl_core-ext.p9 test/p9/interval_with_endpoints.p9 test/p9/finite_sim_vc_end.p9 test/p9/lp_infinite_end.p9 test/p9/lp_ordering.p9".
============================== end of head ===========================

============================== INPUT =================================

% Reading from file test/p9/interval_psl_core.p9


formulas(sos).
(all x all y (psl_interval(x,y) <-> (activity_occurrence(x) | object(x)) & timeinterval(y) & beginof(x) = beginof(y) & endof(x) = endof(y))).
(all x all y all z (overlay(x,y,z) <-> (exists i1 exists i2 (psl_interval(x,i1) & psl_interval(y,i2) & beginof(i2) = beginof(z) & endof(i1) = endof(z))))).
end_of_list.

% Reading from file test/p9/psl_core-ext.p9


formulas(sos).
(all t1 all t2 (before(t1,t2) -> timepoint(t1) & timepoint(t2))).
(all t1 all t2 (timepoint(t1) & timepoint(t2) -> t1 = t2 | before(t1,t2) | before(t2,t1))).
(all t1 -before(t1,t1)).
(all t1 all t2 all t3 (before(t1,t2) & before(t2,t3) -> before(t1,t3))).
(all t (timepoint(t) & t != "inf-" -> before("inf-",t))).
(all t (timepoint(t) & t != "inf+" -> before(t,"inf+"))).
(all t (timepoint(t) & t != "inf-" -> (exists u (before("inf-",u) & before(u,t))))).
(all t (timepoint(t) & t != "inf+" -> (exists u (before(t,u) & before(u,"inf+"))))).
(all x (activity(x) | activity_occurrence(x) | timepoint(x) | object(x))).
(all x ((activity(x) -> -(activity_occurrence(x) | object(x) | timepoint(x))) & (activity_occurrence(x) -> -(object(x) | timepoint(x))) & (object(x) -> -timepoint(x)))).
(all a all occ (occurrence_of(occ,a) -> activity(a) & activity_occurrence(occ))).
(all occ (activity_occurrence(occ) -> (exists a (activity(a) & occurrence_of(occ,a))))).
(all occ all a1 all a2 (occurrence_of(occ,a1) & occurrence_of(occ,a2) -> a1 = a2)).
(all a all x (occurrence_of(x,a) | object(x) -> timepoint(beginof(x)) & timepoint(endof(x)))).
(all x (activity_occurrence(x) | object(x) -> beforeEq(beginof(x),endof(x)))).
(all x all occ all t (participates_in(x,occ,t) -> object(x) & activity_occurrence(occ) & timepoint(t))).
(all x all occ all t (participates_in(x,occ,t) -> exists_at(x,t) & is_occurring_at(occ,t))).
(all t1 all t2 (beforeEq(t1,t2) <-> timepoint(t1) & timepoint(t2) & (before(t1,t2) | t1 = t2))).
(all t1 all t2 all t3 (betweenEq(t1,t2,t3) <-> beforeEq(t1,t2) & beforeEq(t2,t3))).
(all x all t (exists_at(x,t) <-> object(x) & betweenEq(beginof(x),t,endof(x)))).
(all occ all t (is_occurring_at(occ,t) <-> betweenEq(beginof(occ),t,endof(occ)))).
end_of_list.

% Reading from file test/p9/interval_with_endpoints.p9


formulas(sos).
end_of_list.

% Reading from file test/p9/finite_sim_vc_end.p9


formulas(sos).
(all x (timepoint(x) <-> -timeinterval(x))).
(all i all p all q (p = beginof(i) & q = endof(i) -> i = between(p,q))).
(all i (timeinterval(i) -> timepoint(beginof(i)) & timepoint(endof(i)))).
(all x all y (before(x,y) -> timeinterval(between(x,y)))).
(all p all q (before(p,q) -> p = beginof(between(p,q)) & q = endof(between(p,q)))).
end_of_list.

% Reading from file test/p9/lp_infinite_end.p9


formulas(sos).
(exists t1 (timepoint(t1) & (all t2 (timepoint(t2) & t1 != t2 -> before(t2,t1))) & (all t3 (timepoint(t3) & t1 != t3 -> (exists t4 (before(t3,t4) & before(t4,t1))))))).
(exists t1 (timepoint(t1) & (all t2 (timepoint(t2) & t1 != t2 -> before(t1,t2))) & (all t3 (timepoint(t3) & t1 != t3 -> (exists t4 (before(t4,t3) & before(t1,t4))))))).
end_of_list.

% Reading from file test/p9/lp_ordering.p9


formulas(sos).
(all x all y all z (timepoint(x) & timepoint(y) & timepoint(z) & before(x,y) & before(y,z) -> before(x,z))).
(all x (timepoint(x) -> -before(x,x))).
(all x all y (timepoint(x) & timepoint(y) -> before(x,y) | before(y,x) | x = y)).
(all x all y (bbefore(x,y) <-> timepoint(x) & timepoint(y) & (before(x,y) | x = y))).
end_of_list.

% From the command line: assign(max_seconds, 600).

% From the command line: assign(max_seconds_per, 600).
    % assign(domain_size, 2) -> assign(start_size, 2).
    % assign(domain_size, 2) -> assign(end_size, 2).

% From the command line: assign(domain_size, 2).

% From the command line: assign(end_size, 20).

============================== end of input ==========================

============================== PROCESS NON-CLAUSAL FORMULAS ==========

% Formulas that are not ordinary clauses:
1 (all x all y (psl_interval(x,y) <-> (activity_occurrence(x) | object(x)) & timeinterval(y) & beginof(x) = beginof(y) & endof(x) = endof(y))) # label(non_clause).  [assumption].
2 (all x all y all z (overlay(x,y,z) <-> (exists i1 exists i2 (psl_interval(x,i1) & psl_interval(y,i2) & beginof(i2) = beginof(z) & endof(i1) = endof(z))))) # label(non_clause).  [assumption].
3 (all t1 all t2 (before(t1,t2) -> timepoint(t1) & timepoint(t2))) # label(non_clause).  [assumption].
4 (all t1 all t2 (timepoint(t1) & timepoint(t2) -> t1 = t2 | before(t1,t2) | before(t2,t1))) # label(non_clause).  [assumption].
5 (all t1 -before(t1,t1)) # label(non_clause).  [assumption].
6 (all t1 all t2 all t3 (before(t1,t2) & before(t2,t3) -> before(t1,t3))) # label(non_clause).  [assumption].
7 (all t (timepoint(t) & t != "inf-" -> before("inf-",t))) # label(non_clause).  [assumption].
8 (all t (timepoint(t) & t != "inf+" -> before(t,"inf+"))) # label(non_clause).  [assumption].
9 (all t (timepoint(t) & t != "inf-" -> (exists u (before("inf-",u) & before(u,t))))) # label(non_clause).  [assumption].
10 (all t (timepoint(t) & t != "inf+" -> (exists u (before(t,u) & before(u,"inf+"))))) # label(non_clause).  [assumption].
11 (all x (activity(x) | activity_occurrence(x) | timepoint(x) | object(x))) # label(non_clause).  [assumption].
12 (all x ((activity(x) -> -(activity_occurrence(x) | object(x) | timepoint(x))) & (activity_occurrence(x) -> -(object(x) | timepoint(x))) & (object(x) -> -timepoint(x)))) # label(non_clause).  [assumption].
13 (all a all occ (occurrence_of(occ,a) -> activity(a) & activity_occurrence(occ))) # label(non_clause).  [assumption].
14 (all occ (activity_occurrence(occ) -> (exists a (activity(a) & occurrence_of(occ,a))))) # label(non_clause).  [assumption].
15 (all occ all a1 all a2 (occurrence_of(occ,a1) & occurrence_of(occ,a2) -> a1 = a2)) # label(non_clause).  [assumption].
16 (all a all x (occurrence_of(x,a) | object(x) -> timepoint(beginof(x)) & timepoint(endof(x)))) # label(non_clause).  [assumption].
17 (all x (activity_occurrence(x) | object(x) -> beforeEq(beginof(x),endof(x)))) # label(non_clause).  [assumption].
18 (all x all occ all t (participates_in(x,occ,t) -> object(x) & activity_occurrence(occ) & timepoint(t))) # label(non_clause).  [assumption].
19 (all x all occ all t (participates_in(x,occ,t) -> exists_at(x,t) & is_occurring_at(occ,t))) # label(non_clause).  [assumption].
20 (all t1 all t2 (beforeEq(t1,t2) <-> timepoint(t1) & timepoint(t2) & (before(t1,t2) | t1 = t2))) # label(non_clause).  [assumption].
21 (all t1 all t2 all t3 (betweenEq(t1,t2,t3) <-> beforeEq(t1,t2) & beforeEq(t2,t3))) # label(non_clause).  [assumption].
22 (all x all t (exists_at(x,t) <-> object(x) & betweenEq(beginof(x),t,endof(x)))) # label(non_clause).  [assumption].
23 (all occ all t (is_occurring_at(occ,t) <-> betweenEq(beginof(occ),t,endof(occ)))) # label(non_clause).  [assumption].
24 (all x (timepoint(x) <-> -timeinterval(x))) # label(non_clause).  [assumption].
25 (all i all p all q (p = beginof(i) & q = endof(i) -> i = between(p,q))) # label(non_clause).  [assumption].
26 (all i (timeinterval(i) -> timepoint(beginof(i)) & timepoint(endof(i)))) # label(non_clause).  [assumption].
27 (all x all y (before(x,y) -> timeinterval(between(x,y)))) # label(non_clause).  [assumption].
28 (all p all q (before(p,q) -> p = beginof(between(p,q)) & q = endof(between(p,q)))) # label(non_clause).  [assumption].
29 (exists t1 (timepoint(t1) & (all t2 (timepoint(t2) & t1 != t2 -> before(t2,t1))) & (all t3 (timepoint(t3) & t1 != t3 -> (exists t4 (before(t3,t4) & before(t4,t1))))))) # label(non_clause).  [assumption].
30 (exists t1 (timepoint(t1) & (all t2 (timepoint(t2) & t1 != t2 -> before(t1,t2))) & (all t3 (timepoint(t3) & t1 != t3 -> (exists t4 (before(t4,t3) & before(t1,t4))))))) # label(non_clause).  [assumption].
31 (all x all y all z (timepoint(x) & timepoint(y) & timepoint(z) & before(x,y) & before(y,z) -> before(x,z))) # label(non_clause).  [assumption].
32 (all x (timepoint(x) -> -before(x,x))) # label(non_clause).  [assumption].
33 (all x all y (timepoint(x) & timepoint(y) -> before(x,y) | before(y,x) | x = y)) # label(non_clause).  [assumption].
34 (all x all y (bbefore(x,y) <-> timepoint(x) & timepoint(y) & (before(x,y) | x = y))) # label(non_clause).  [assumption].

============================== end of process non-clausal formulas ===

============================== CLAUSES FOR SEARCH ====================

formulas(mace4_clauses).
-psl_interval(x,y) | activity_occurrence(x) | object(x).
-psl_interval(x,y) | timeinterval(y).
-psl_interval(x,y) | beginof(y) = beginof(x).
-psl_interval(x,y) | endof(y) = endof(x).
psl_interval(x,y) | -activity_occurrence(x) | -timeinterval(y) | beginof(y) != beginof(x) | endof(y) != endof(x).
psl_interval(x,y) | -object(x) | -timeinterval(y) | beginof(y) != beginof(x) | endof(y) != endof(x).
-overlay(x,y,z) | psl_interval(x,f1(x,y,z)).
-overlay(x,y,z) | psl_interval(y,f2(x,y,z)).
-overlay(x,y,z) | beginof(f2(x,y,z)) = beginof(z).
-overlay(x,y,z) | endof(f1(x,y,z)) = endof(z).
overlay(x,y,z) | -psl_interval(x,u) | -psl_interval(y,w) | beginof(w) != beginof(z) | endof(u) != endof(z).
-before(x,y) | timepoint(x).
-before(x,y) | timepoint(y).
-timepoint(x) | -timepoint(y) | y = x | before(x,y) | before(y,x).
-before(x,x).
-before(x,y) | -before(y,z) | before(x,z).
-timepoint(x) | "inf-" = x | before("inf-",x).
-timepoint(x) | "inf+" = x | before(x,"inf+").
-timepoint(x) | "inf-" = x | before("inf-",f3(x)).
-timepoint(x) | "inf-" = x | before(f3(x),x).
-timepoint(x) | "inf+" = x | before(x,f4(x)).
-timepoint(x) | "inf+" = x | before(f4(x),"inf+").
activity(x) | activity_occurrence(x) | timepoint(x) | object(x).
-activity(x) | -activity_occurrence(x).
-activity(x) | -object(x).
-activity(x) | -timepoint(x).
-activity_occurrence(x) | -object(x).
-activity_occurrence(x) | -timepoint(x).
-object(x) | -timepoint(x).
-occurrence_of(x,y) | activity(y).
-occurrence_of(x,y) | activity_occurrence(x).
-activity_occurrence(x) | activity(f5(x)).
-activity_occurrence(x) | occurrence_of(x,f5(x)).
-occurrence_of(x,y) | -occurrence_of(x,z) | z = y.
-occurrence_of(x,y) | timepoint(beginof(x)).
-occurrence_of(x,y) | timepoint(endof(x)).
-object(x) | timepoint(beginof(x)).
-object(x) | timepoint(endof(x)).
-activity_occurrence(x) | beforeEq(beginof(x),endof(x)).
-object(x) | beforeEq(beginof(x),endof(x)).
-participates_in(x,y,z) | object(x).
-participates_in(x,y,z) | activity_occurrence(y).
-participates_in(x,y,z) | timepoint(z).
-participates_in(x,y,z) | exists_at(x,z).
-participates_in(x,y,z) | is_occurring_at(y,z).
-beforeEq(x,y) | timepoint(x).
-beforeEq(x,y) | timepoint(y).
-beforeEq(x,y) | before(x,y) | y = x.
beforeEq(x,y) | -timepoint(x) | -timepoint(y) | -before(x,y).
beforeEq(x,y) | -timepoint(x) | -timepoint(y) | y != x.
-betweenEq(x,y,z) | beforeEq(x,y).
-betweenEq(x,y,z) | beforeEq(y,z).
betweenEq(x,y,z) | -beforeEq(x,y) | -beforeEq(y,z).
-exists_at(x,y) | object(x).
-exists_at(x,y) | betweenEq(beginof(x),y,endof(x)).
exists_at(x,y) | -object(x) | -betweenEq(beginof(x),y,endof(x)).
-is_occurring_at(x,y) | betweenEq(beginof(x),y,endof(x)).
is_occurring_at(x,y) | -betweenEq(beginof(x),y,endof(x)).
-timepoint(x) | -timeinterval(x).
timepoint(x) | timeinterval(x).
beginof(x) != y | endof(x) != z | between(y,z) = x.
-timeinterval(x) | timepoint(beginof(x)).
-timeinterval(x) | timepoint(endof(x)).
-before(x,y) | timeinterval(between(x,y)).
-before(x,y) | beginof(between(x,y)) = x.
-before(x,y) | endof(between(x,y)) = y.
timepoint(c1).
-timepoint(x) | x = c1 | before(x,c1).
-timepoint(x) | x = c1 | before(x,f6(x)).
-timepoint(x) | x = c1 | before(f6(x),c1).
timepoint(c2).
-timepoint(x) | x = c2 | before(c2,x).
-timepoint(x) | x = c2 | before(f7(x),x).
-timepoint(x) | x = c2 | before(c2,f7(x)).
-timepoint(x) | -timepoint(y) | -timepoint(z) | -before(x,y) | -before(y,z) | before(x,z).
-timepoint(x) | -before(x,x).
-timepoint(x) | -timepoint(y) | before(x,y) | before(y,x) | y = x.
-bbefore(x,y) | timepoint(x).
-bbefore(x,y) | timepoint(y).
-bbefore(x,y) | before(x,y) | y = x.
bbefore(x,y) | -timepoint(x) | -timepoint(y) | -before(x,y).
bbefore(x,y) | -timepoint(x) | -timepoint(y) | y != x.
end_of_list.

============================== end of clauses for search =============

% There are no natural numbers in the input.

============================== DOMAIN SIZE 2 =========================

============================== MODEL =================================

interpretation( 2, [number=1, seconds=0], [

        function("inf+", [ 0 ]),

        function("inf-", [ 0 ]),

        function(c1, [ 0 ]),

        function(c2, [ 0 ]),

        function(beginof(_), [ 0, 0 ]),

        function(endof(_), [ 1, 0 ]),

        function(f3(_), [ 0, 0 ]),

        function(f4(_), [ 0, 0 ]),

        function(f5(_), [ 0, 0 ]),

        function(f6(_), [ 0, 0 ]),

        function(f7(_), [ 0, 0 ]),

        function(between(_,_), [
			   1, 0,
			   0, 0 ]),

        function(f1(_,_,_), [
			   0, 0,
			   0, 0,
			   0, 0,
			   0, 0 ]),

        function(f2(_,_,_), [
			   0, 0,
			   0, 0,
			   0, 0,
			   0, 0 ]),

        relation(activity(_), [ 0, 1 ]),

        relation(activity_occurrence(_), [ 0, 0 ]),

        relation(object(_), [ 0, 0 ]),

        relation(timeinterval(_), [ 0, 1 ]),

        relation(timepoint(_), [ 1, 0 ]),

        relation(bbefore(_,_), [
			   1, 0,
			   0, 0 ]),

        relation(before(_,_), [
			   0, 0,
			   0, 0 ]),

        relation(beforeEq(_,_), [
			   1, 0,
			   0, 0 ]),

        relation(exists_at(_,_), [
			   0, 0,
			   0, 0 ]),

        relation(is_occurring_at(_,_), [
			   0, 0,
			   1, 0 ]),

        relation(occurrence_of(_,_), [
			   0, 0,
			   0, 0 ]),

        relation(psl_interval(_,_), [
			   0, 0,
			   0, 0 ]),

        relation(betweenEq(_,_,_), [
			   1, 0,
			   0, 0,
			   0, 0,
			   0, 0 ]),

        relation(overlay(_,_,_), [
			   0, 0,
			   0, 0,
			   0, 0,
			   0, 0 ]),

        relation(participates_in(_,_,_), [
			   0, 0,
			   0, 0,
			   0, 0,
			   0, 0 ])
]).

============================== end of model ==========================

============================== STATISTICS ============================

For domain size 2.

Current CPU time: 0.00 seconds (total CPU time: 0.02 seconds).
Ground clauses: seen=352, kept=312.
Selections=801, assignments=1569, propagations=6020, current_models=1.
Rewrite_terms=47208, rewrite_bools=24832, indexes=6577.
Rules_from_neg_clauses=130, cross_offs=130.

============================== end of statistics =====================

User_CPU=0.02, System_CPU=0.00, Wall_clock=0.

Exiting with 1 model.

Process 8055 exit (max_models) Mon Jul 15 12:05:11 2013
The process finished Mon Jul 15 12:05:11 2013
