============================== Mace4 =================================
Mace4 (64) version 2009-11A, November 2009.
Process 28550 was started by torsten on stl-ws2,
Wed Aug  7 14:43:15 2013
The command was "mace4 -v0 -t300 -s60 -n2 -N40 -f /stl/torsten/git/macleod/qs/multidim_mereotopology_dim/p9/dim_prime_linear.p9 /stl/torsten/git/macleod/qs/multidim_mereotopology_codib/consistency/p9/atomic_curve_segment_all_weak_nontrivial.p9 /stl/torsten/git/macleod/qs/multidim_mereotopology_codi/theorems/p9/inc_theorems.p9 /stl/torsten/git/macleod/qs/multidim_mereotopology_codib/definitions/p9/endpoint.p9 /stl/torsten/git/macleod/qs/multidim_mereotopology_codi/definitions/p9/inc.p9 /stl/torsten/git/macleod/qs/multidim_mereotopology_codi/theorems/p9/sc_theorems.p9 /stl/torsten/git/macleod/qs/multidim_mereotopology_codi/definitions/p9/sc.p9 /stl/torsten/git/macleod/qs/multidim_mereotopology_dim/definitions/p9/eq_dim.p9 /stl/torsten/git/macleod/qs/multidim_mereotopology_cont/p9/cont_c_ext.p9 /stl/torsten/git/macleod/qs/multidim_mereotopology_dim/p9/dim_prime_linear_unbounded.p9 /stl/torsten/git/macleod/qs/multidim_mereotopology_codib/p9/codi_bcont.p9 /stl/torsten/git/macleod/qs/multidim_mereotopology_dim/definitions/p9/min_max_dim.p9 /stl/torsten/git/macleod/qs/multidim_mereotopology_codi/definitions/p9/min_max_in_dim.p9 /stl/torsten/git/macleod/qs/multidim_mereotopology_dim/definitions/p9/dim_basic_defs.p9 /stl/torsten/git/macleod/qs/multidim_mereotopology_codi/definitions/p9/ep.p9 /stl/torsten/git/macleod/qs/multidim_mereotopology_codi/p9/codi_atomic_points.p9 /stl/torsten/git/macleod/qs/multidim_mereotopology_cont/definitions/p9/c.p9 /stl/torsten/git/macleod/qs/multidim_mereotopology_dim/p9/dim_basic.p9 /stl/torsten/git/macleod/qs/multidim_mereotopology_codi/p9/codi_linear.p9 /stl/torsten/git/macleod/qs/multidim_mereotopology_codi/p9/codi_basic.p9 /stl/torsten/git/macleod/qs/multidim_mereotopology_codi/definitions/p9/point.p9 /stl/torsten/git/macleod/qs/multidim_mereotopology_cont/p9/cont_basic.p9 /stl/torsten/git/macleod/qs/multidim_mereotopology_codi/theorems/p9/po_theorems.p9 /stl/torsten/git/macleod/qs/multidim_mereotopology_cont/p9/cont_ext.p9 /stl/torsten/git/macleod/qs/multidim_mereotopology_codib/definitions/p9/atomic_curve_segment.p9 /stl/torsten/git/macleod/qs/multidim_mereotopology_codi/definitions/p9/epp.p9 /stl/torsten/git/macleod/qs/multidim_mereotopology_codib/definitions/p9/closed.p9 /stl/torsten/git/macleod/qs/multidim_mereotopology_dim/definitions/p9/dim_defs.p9 /stl/torsten/git/macleod/qs/multidim_mereotopology_codib/p9/codib.p9 /stl/torsten/git/macleod/qs/multidim_mereotopology_codi/definitions/p9/curve.p9 /stl/torsten/git/macleod/qs/multidim_mereotopology_codi/definitions/p9/po.p9 /stl/torsten/git/macleod/qs/multidim_mereotopology_codi/p9/codi.p9 /stl/torsten/git/macleod/qs/multidim_mereotopology_dim/definitions/p9/covers.p9".
============================== end of head ===========================

============================== INPUT =================================

% Reading from file /stl/torsten/git/macleod/qs/multidim_mereotopology_dim/p9/dim_prime_linear.p9


formulas(sos).
(exists x MinDim(x)).
end_of_list.

% Reading from file /stl/torsten/git/macleod/qs/multidim_mereotopology_codib/consistency/p9/atomic_curve_segment_all_weak_nontrivial.p9


formulas(sos).
(exists x0 exists x1 (P(x0,x1) & x0 != x1)).
(exists x0 exists x1 (-P(x0,x1) & x0 != x1)).
(exists x0 exists x1 (P(x0,x1) & x1 != x0)).
(exists x0 exists x1 (-P(x0,x1) & x1 != x0)).
(exists x0 MaxDim(x0)).
(exists x0 -MaxDim(x0)).
(exists x0 Curve(x0)).
(exists x0 -Curve(x0)).
(exists x0 Max(x0)).
(exists x0 -Max(x0)).
(exists x0 Min(x0)).
(exists x0 -Min(x0)).
(exists x0 exists x1 (Endpoint(x0,x1) & x0 != x1)).
(exists x0 exists x1 (-Endpoint(x0,x1) & x0 != x1)).
(exists x0 exists x1 (Endpoint(x0,x1) & x1 != x0)).
(exists x0 exists x1 (-Endpoint(x0,x1) & x1 != x0)).
(exists x0 Point(x0)).
(exists x0 -Point(x0)).
(exists x0 AtomicCurveSegment(x0)).
(exists x0 -AtomicCurveSegment(x0)).
(exists x0 exists x1 (x0 > x1 & x0 != x1)).
(exists x0 exists x1 (-(x0 > x1) & x0 != x1)).
(exists x0 exists x1 (x0 > x1 & x1 != x0)).
(exists x0 exists x1 (-(x0 > x1) & x1 != x0)).
(exists x0 exists x1 (EqDim(x0,x1) & x0 != x1)).
(exists x0 exists x1 (-EqDim(x0,x1) & x0 != x1)).
(exists x0 exists x1 (EqDim(x0,x1) & x1 != x0)).
(exists x0 exists x1 (-EqDim(x0,x1) & x1 != x0)).
(exists x0 exists x1 (PP(x0,x1) & x0 != x1)).
(exists x0 exists x1 (-PP(x0,x1) & x0 != x1)).
(exists x0 exists x1 (PP(x0,x1) & x1 != x0)).
(exists x0 exists x1 (-PP(x0,x1) & x1 != x0)).
(exists x0 exists x1 (PO(x0,x1) & x0 != x1)).
(exists x0 exists x1 (-PO(x0,x1) & x0 != x1)).
(exists x0 exists x1 (PO(x0,x1) & x1 != x0)).
(exists x0 exists x1 (-PO(x0,x1) & x1 != x0)).
(exists x0 exists x1 (SC(x0,x1) & x0 != x1)).
(exists x0 exists x1 (-SC(x0,x1) & x0 != x1)).
(exists x0 exists x1 (SC(x0,x1) & x1 != x0)).
(exists x0 exists x1 (-SC(x0,x1) & x1 != x0)).
(exists x0 exists x1 (Inc(x0,x1) & x0 != x1)).
(exists x0 exists x1 (-Inc(x0,x1) & x0 != x1)).
(exists x0 exists x1 (Inc(x0,x1) & x1 != x0)).
(exists x0 exists x1 (-Inc(x0,x1) & x1 != x0)).
(exists x0 exists x1 (C(x0,x1) & x0 != x1)).
(exists x0 exists x1 (-C(x0,x1) & x0 != x1)).
(exists x0 exists x1 (C(x0,x1) & x1 != x0)).
(exists x0 exists x1 (-C(x0,x1) & x1 != x0)).
(exists x0 MinDim(x0)).
(exists x0 -MinDim(x0)).
(exists x0 exists x1 (x0 < x1 & x0 != x1)).
(exists x0 exists x1 (-(x0 < x1) & x0 != x1)).
(exists x0 exists x1 (x0 < x1 & x1 != x0)).
(exists x0 exists x1 (-(x0 < x1) & x1 != x0)).
(exists x0 Closed(x0)).
(exists x0 -Closed(x0)).
(exists x0 exists x1 (Covers(x0,x1) & x0 != x1)).
(exists x0 exists x1 (-Covers(x0,x1) & x0 != x1)).
(exists x0 exists x1 (Covers(x0,x1) & x1 != x0)).
(exists x0 exists x1 (-Covers(x0,x1) & x1 != x0)).
(exists x0 exists x1 (x0 >= x1 & x0 != x1)).
(exists x0 exists x1 (-(x0 >= x1) & x0 != x1)).
(exists x0 exists x1 (x0 >= x1 & x1 != x0)).
(exists x0 exists x1 (-(x0 >= x1) & x1 != x0)).
end_of_list.

% Reading from file /stl/torsten/git/macleod/qs/multidim_mereotopology_codi/theorems/p9/inc_theorems.p9


formulas(sos).
(all x -Inc(x,x)).
(all x all y (Inc(x,y) -> Inc(y,x))).
(all x all y (EqDim(x,y) -> -Inc(x,y))).
(all x all y (Inc(x,y) -> x < y | y < x)).
(all x all y (Cont(x,y) & x < y -> Inc(x,y))).
(all x all y all z (Inc(x,y) & P(y,z) -> Inc(x,z))).
end_of_list.

% Reading from file /stl/torsten/git/macleod/qs/multidim_mereotopology_codib/definitions/p9/endpoint.p9


formulas(sos).
(all x all y (Endpoint(x,y) <-> Point(x) & Curve(y) & BCont(x,y))).
end_of_list.

% Reading from file /stl/torsten/git/macleod/qs/multidim_mereotopology_codi/definitions/p9/inc.p9


formulas(sos).
(all x all y (Inc(x,y) <-> (exists z (z < x & Cont(z,x) & P(z,y))) | (exists z (z < y & Cont(z,y) & P(z,x))))).
end_of_list.

% Reading from file /stl/torsten/git/macleod/qs/multidim_mereotopology_codi/theorems/p9/sc_theorems.p9


formulas(sos).
(all x all y (SC(x,y) -> C(x,y))).
(all x all y (SC(x,y) -> -(exists z (Cont(z,x) & P(z,y))))).
(all x all y (SC(x,y) -> -(exists z (P(z,x) & Cont(z,y))))).
(all x all y (C(x,y) & (all z (-Cont(z,x) | -Cont(z,y) | -P(z,x) & -P(z,y))) -> SC(x,y))).
(all x -SC(x,x)).
(all x all y (SC(x,y) -> SC(y,x))).
(all x all y (SC(x,y) -> (exists z (z < x & z < y & Cont(z,x) & Cont(z,y))))).
end_of_list.

% Reading from file /stl/torsten/git/macleod/qs/multidim_mereotopology_codi/definitions/p9/sc.p9


formulas(sos).
(all x all y (SC(x,y) <-> (exists z (Cont(z,x) & Cont(z,y))) & (all z (Cont(z,x) & Cont(z,y) -> z < x & z < y)))).
end_of_list.

% Reading from file /stl/torsten/git/macleod/qs/multidim_mereotopology_dim/definitions/p9/eq_dim.p9


formulas(sos).
(all x all y (EqDim(x,y) <-> x <= y & y <= x)).
end_of_list.

% Reading from file /stl/torsten/git/macleod/qs/multidim_mereotopology_cont/p9/cont_c_ext.p9


formulas(sos).
end_of_list.

% Reading from file /stl/torsten/git/macleod/qs/multidim_mereotopology_dim/p9/dim_prime_linear_unbounded.p9


formulas(sos).
(all x x <= x).
(all x all y all z (x <= y & y <= z -> x <= z)).
(all x all y (ZEX(x) & ZEX(y) -> x = y)).
(all x all y (ZEX(x) -> x <= y)).
end_of_list.

% Reading from file /stl/torsten/git/macleod/qs/multidim_mereotopology_codib/p9/codi_bcont.p9


formulas(sos).
(all x all y (BCont(x,y) -> Cont(x,y) & Inc(x,y))).
(all x all y all v all z (SC(x,y) & Min(x) & P(x,v) & Cont(y,v) & Cont(z,x) & Cont(z,y) -> BCont(z,x))).
(all x all y all z all v (SC(x,y) & P(x,v) & P(y,v) & Cont(z,x) & Cont(z,y) & Covers(v,z) -> -BCont(z,v))).
(all x all y all z (BCont(x,y) & P(y,z) & (all v all w (P(v,z) & -PO(v,y) & P(w,x) -> -Cont(w,v))) -> BCont(x,z))).
(all x all y all z (BCont(x,y) & Cont(z,x) -> BCont(z,y))).
end_of_list.

% Reading from file /stl/torsten/git/macleod/qs/multidim_mereotopology_dim/definitions/p9/min_max_dim.p9


formulas(sos).
(all x (MaxDim(x) <-> (all y y <= x))).
(all x (MinDim(x) <-> -ZEX(x) & (all y (y < x -> ZEX(y))))).
end_of_list.

% Reading from file /stl/torsten/git/macleod/qs/multidim_mereotopology_codi/definitions/p9/min_max_in_dim.p9


formulas(sos).
(all x (Max(x) <-> -ZEX(x) & (all y -PP(x,y)))).
(all x (Min(x) <-> -ZEX(x) & (all y -PP(y,x)))).
end_of_list.

% Reading from file /stl/torsten/git/macleod/qs/multidim_mereotopology_dim/definitions/p9/dim_basic_defs.p9


formulas(sos).
(all x all y (x > y <-> y < x)).
(all x all y (x >= y <-> y <= x)).
(all x all y (x < y <-> x <= y & -EqDim(x,y))).
end_of_list.

% Reading from file /stl/torsten/git/macleod/qs/multidim_mereotopology_codi/definitions/p9/ep.p9


formulas(sos).
(all x all y (P(x,y) <-> Cont(x,y) & EqDim(x,y))).
end_of_list.

% Reading from file /stl/torsten/git/macleod/qs/multidim_mereotopology_codi/p9/codi_atomic_points.p9


formulas(sos).
(all x (Point(x) -> (all y (Cont(y,x) -> x = y)))).
end_of_list.

% Reading from file /stl/torsten/git/macleod/qs/multidim_mereotopology_cont/definitions/p9/c.p9


formulas(sos).
(all x all y (C(x,y) <-> (exists z (Cont(z,x) & Cont(z,y))))).
end_of_list.

% Reading from file /stl/torsten/git/macleod/qs/multidim_mereotopology_dim/p9/dim_basic.p9


formulas(sos).
(all x -(x < x)).
(all x all y (x < y -> -(y < x))).
(all x all y all z (x < y & y < z -> x < z)).
(all x EqDim(x,x)).
(all x all y (EqDim(x,y) -> EqDim(y,x))).
(all x all y all z (EqDim(x,y) & EqDim(y,z) -> EqDim(x,z))).
(all x all y (x < y -> -EqDim(x,y))).
(all x all y all z (EqDim(x,y) -> (z < x -> z < y))).
(all x all y all z (EqDim(x,y) -> (x < z -> y < z))).
(exists x (-ZEX(x) & (all y (y < x -> ZEX(y))))).
(all x all y (ZEX(x) & ZEX(y) -> x = y)).
(all x all y (ZEX(x) & -ZEX(y) -> x < y)).
end_of_list.

% Reading from file /stl/torsten/git/macleod/qs/multidim_mereotopology_codi/p9/codi_linear.p9


formulas(sos).
(all x all y (Cont(x,y) -> x < y | EqDim(x,y))).
end_of_list.

% Reading from file /stl/torsten/git/macleod/qs/multidim_mereotopology_codi/p9/codi_basic.p9


formulas(sos).
(all x all y (Cont(x,y) -> x < y | EqDim(x,y))).
end_of_list.

% Reading from file /stl/torsten/git/macleod/qs/multidim_mereotopology_codi/definitions/p9/point.p9


formulas(sos).
(all x (Point(x) <-> Max(x) & MinDim(x))).
end_of_list.

% Reading from file /stl/torsten/git/macleod/qs/multidim_mereotopology_cont/p9/cont_basic.p9


formulas(sos).
(all x (-ZEX(x) <-> Cont(x,x))).
(all x all y (Cont(x,y) & Cont(y,x) -> x = y)).
(all x all y all z (Cont(x,y) & Cont(y,z) -> Cont(x,z))).
(all x all y (ZEX(x) -> -Cont(y,x) & -Cont(x,y))).
(all x all y (ZEX(x) & ZEX(y) -> x = y)).
end_of_list.

% Reading from file /stl/torsten/git/macleod/qs/multidim_mereotopology_codi/theorems/p9/po_theorems.p9


formulas(sos).
(all x (-ZEX(x) -> PO(x,x))).
(all x all y (PO(x,y) -> PO(y,x))).
(all x all y (PO(x,y) -> EqDim(x,y))).
end_of_list.

% Reading from file /stl/torsten/git/macleod/qs/multidim_mereotopology_cont/p9/cont_ext.p9


formulas(sos).
(all x all y ((all z (Cont(z,x) <-> Cont(z,y))) -> x = y)).
end_of_list.

% Reading from file /stl/torsten/git/macleod/qs/multidim_mereotopology_codib/definitions/p9/atomic_curve_segment.p9


formulas(sos).
(all x (AtomicCurveSegment(x) <-> Curve(x) & (all y -PP(y,x)) & (exists p1 exists p2 (Endpoint(p1,x) & Endpoint(p2,x) & p1 != p2 & (all z (Point(z) & Cont(z,x) -> p1 = z | p2 = z)))))).
end_of_list.

% Reading from file /stl/torsten/git/macleod/qs/multidim_mereotopology_codi/definitions/p9/epp.p9


formulas(sos).
(all x all y (PP(x,y) <-> P(x,y) & x != y)).
end_of_list.

% Reading from file /stl/torsten/git/macleod/qs/multidim_mereotopology_codib/definitions/p9/closed.p9


formulas(sos).
(all x (Closed(x) <-> (all y -BCont(y,x)))).
end_of_list.

% Reading from file /stl/torsten/git/macleod/qs/multidim_mereotopology_dim/definitions/p9/dim_defs.p9


formulas(sos).
end_of_list.

% Reading from file /stl/torsten/git/macleod/qs/multidim_mereotopology_codib/p9/codib.p9


formulas(sos).
end_of_list.

% Reading from file /stl/torsten/git/macleod/qs/multidim_mereotopology_codi/definitions/p9/curve.p9


formulas(sos).
(all x (Curve(x) <-> (all y (Point(y) -> Covers(x,y))))).
end_of_list.

% Reading from file /stl/torsten/git/macleod/qs/multidim_mereotopology_codi/definitions/p9/po.p9


formulas(sos).
(all x all y (PO(x,y) <-> (exists z (P(z,x) & P(z,y))))).
end_of_list.

% Reading from file /stl/torsten/git/macleod/qs/multidim_mereotopology_codi/p9/codi.p9


formulas(sos).
end_of_list.

% Reading from file /stl/torsten/git/macleod/qs/multidim_mereotopology_dim/definitions/p9/covers.p9


formulas(sos).
(all x all y (Covers(x,y) <-> y < x & (all z -(y < z & z < x)))).
end_of_list.

% From the command line: clear(verbose).

% From the command line: assign(max_seconds, 300).

% From the command line: assign(max_seconds_per, 60).
    % assign(domain_size, 2) -> assign(start_size, 2).
    % assign(domain_size, 2) -> assign(end_size, 2).

% From the command line: assign(domain_size, 2).

% From the command line: assign(end_size, 40).

============================== end of input ==========================

============================== PROCESS NON-CLAUSAL FORMULAS ==========

% Formulas that are not ordinary clauses:
1 (exists x MinDim(x)) # label(non_clause).  [assumption].
2 (exists x0 exists x1 (P(x0,x1) & x0 != x1)) # label(non_clause).  [assumption].
3 (exists x0 exists x1 (-P(x0,x1) & x0 != x1)) # label(non_clause).  [assumption].
4 (exists x0 exists x1 (P(x0,x1) & x1 != x0)) # label(non_clause).  [assumption].
5 (exists x0 exists x1 (-P(x0,x1) & x1 != x0)) # label(non_clause).  [assumption].
6 (exists x0 MaxDim(x0)) # label(non_clause).  [assumption].
7 (exists x0 -MaxDim(x0)) # label(non_clause).  [assumption].
8 (exists x0 Curve(x0)) # label(non_clause).  [assumption].
9 (exists x0 -Curve(x0)) # label(non_clause).  [assumption].
10 (exists x0 Max(x0)) # label(non_clause).  [assumption].
11 (exists x0 -Max(x0)) # label(non_clause).  [assumption].
12 (exists x0 Min(x0)) # label(non_clause).  [assumption].
13 (exists x0 -Min(x0)) # label(non_clause).  [assumption].
14 (exists x0 exists x1 (Endpoint(x0,x1) & x0 != x1)) # label(non_clause).  [assumption].
15 (exists x0 exists x1 (-Endpoint(x0,x1) & x0 != x1)) # label(non_clause).  [assumption].
16 (exists x0 exists x1 (Endpoint(x0,x1) & x1 != x0)) # label(non_clause).  [assumption].
17 (exists x0 exists x1 (-Endpoint(x0,x1) & x1 != x0)) # label(non_clause).  [assumption].
18 (exists x0 Point(x0)) # label(non_clause).  [assumption].
19 (exists x0 -Point(x0)) # label(non_clause).  [assumption].
20 (exists x0 AtomicCurveSegment(x0)) # label(non_clause).  [assumption].
21 (exists x0 -AtomicCurveSegment(x0)) # label(non_clause).  [assumption].
22 (exists x0 exists x1 (x0 > x1 & x0 != x1)) # label(non_clause).  [assumption].
23 (exists x0 exists x1 (-(x0 > x1) & x0 != x1)) # label(non_clause).  [assumption].
24 (exists x0 exists x1 (x0 > x1 & x1 != x0)) # label(non_clause).  [assumption].
25 (exists x0 exists x1 (-(x0 > x1) & x1 != x0)) # label(non_clause).  [assumption].
26 (exists x0 exists x1 (EqDim(x0,x1) & x0 != x1)) # label(non_clause).  [assumption].
27 (exists x0 exists x1 (-EqDim(x0,x1) & x0 != x1)) # label(non_clause).  [assumption].
28 (exists x0 exists x1 (EqDim(x0,x1) & x1 != x0)) # label(non_clause).  [assumption].
29 (exists x0 exists x1 (-EqDim(x0,x1) & x1 != x0)) # label(non_clause).  [assumption].
30 (exists x0 exists x1 (PP(x0,x1) & x0 != x1)) # label(non_clause).  [assumption].
31 (exists x0 exists x1 (-PP(x0,x1) & x0 != x1)) # label(non_clause).  [assumption].
32 (exists x0 exists x1 (PP(x0,x1) & x1 != x0)) # label(non_clause).  [assumption].
33 (exists x0 exists x1 (-PP(x0,x1) & x1 != x0)) # label(non_clause).  [assumption].
34 (exists x0 exists x1 (PO(x0,x1) & x0 != x1)) # label(non_clause).  [assumption].
35 (exists x0 exists x1 (-PO(x0,x1) & x0 != x1)) # label(non_clause).  [assumption].
36 (exists x0 exists x1 (PO(x0,x1) & x1 != x0)) # label(non_clause).  [assumption].
37 (exists x0 exists x1 (-PO(x0,x1) & x1 != x0)) # label(non_clause).  [assumption].
38 (exists x0 exists x1 (SC(x0,x1) & x0 != x1)) # label(non_clause).  [assumption].
39 (exists x0 exists x1 (-SC(x0,x1) & x0 != x1)) # label(non_clause).  [assumption].
40 (exists x0 exists x1 (SC(x0,x1) & x1 != x0)) # label(non_clause).  [assumption].
41 (exists x0 exists x1 (-SC(x0,x1) & x1 != x0)) # label(non_clause).  [assumption].
42 (exists x0 exists x1 (Inc(x0,x1) & x0 != x1)) # label(non_clause).  [assumption].
43 (exists x0 exists x1 (-Inc(x0,x1) & x0 != x1)) # label(non_clause).  [assumption].
44 (exists x0 exists x1 (Inc(x0,x1) & x1 != x0)) # label(non_clause).  [assumption].
45 (exists x0 exists x1 (-Inc(x0,x1) & x1 != x0)) # label(non_clause).  [assumption].
46 (exists x0 exists x1 (C(x0,x1) & x0 != x1)) # label(non_clause).  [assumption].
47 (exists x0 exists x1 (-C(x0,x1) & x0 != x1)) # label(non_clause).  [assumption].
48 (exists x0 exists x1 (C(x0,x1) & x1 != x0)) # label(non_clause).  [assumption].
49 (exists x0 exists x1 (-C(x0,x1) & x1 != x0)) # label(non_clause).  [assumption].
50 (exists x0 MinDim(x0)) # label(non_clause).  [assumption].
51 (exists x0 -MinDim(x0)) # label(non_clause).  [assumption].
52 (exists x0 exists x1 (x0 < x1 & x0 != x1)) # label(non_clause).  [assumption].
53 (exists x0 exists x1 (-(x0 < x1) & x0 != x1)) # label(non_clause).  [assumption].
54 (exists x0 exists x1 (x0 < x1 & x1 != x0)) # label(non_clause).  [assumption].
55 (exists x0 exists x1 (-(x0 < x1) & x1 != x0)) # label(non_clause).  [assumption].
56 (exists x0 Closed(x0)) # label(non_clause).  [assumption].
57 (exists x0 -Closed(x0)) # label(non_clause).  [assumption].
58 (exists x0 exists x1 (Covers(x0,x1) & x0 != x1)) # label(non_clause).  [assumption].
59 (exists x0 exists x1 (-Covers(x0,x1) & x0 != x1)) # label(non_clause).  [assumption].
60 (exists x0 exists x1 (Covers(x0,x1) & x1 != x0)) # label(non_clause).  [assumption].
61 (exists x0 exists x1 (-Covers(x0,x1) & x1 != x0)) # label(non_clause).  [assumption].
62 (exists x0 exists x1 (x0 >= x1 & x0 != x1)) # label(non_clause).  [assumption].
63 (exists x0 exists x1 (-(x0 >= x1) & x0 != x1)) # label(non_clause).  [assumption].
64 (exists x0 exists x1 (x0 >= x1 & x1 != x0)) # label(non_clause).  [assumption].
65 (exists x0 exists x1 (-(x0 >= x1) & x1 != x0)) # label(non_clause).  [assumption].
66 (all x -Inc(x,x)) # label(non_clause).  [assumption].
67 (all x all y (Inc(x,y) -> Inc(y,x))) # label(non_clause).  [assumption].
68 (all x all y (EqDim(x,y) -> -Inc(x,y))) # label(non_clause).  [assumption].
69 (all x all y (Inc(x,y) -> x < y | y < x)) # label(non_clause).  [assumption].
70 (all x all y (Cont(x,y) & x < y -> Inc(x,y))) # label(non_clause).  [assumption].
71 (all x all y all z (Inc(x,y) & P(y,z) -> Inc(x,z))) # label(non_clause).  [assumption].
72 (all x all y (Endpoint(x,y) <-> Point(x) & Curve(y) & BCont(x,y))) # label(non_clause).  [assumption].
73 (all x all y (Inc(x,y) <-> (exists z (z < x & Cont(z,x) & P(z,y))) | (exists z (z < y & Cont(z,y) & P(z,x))))) # label(non_clause).  [assumption].
74 (all x all y (SC(x,y) -> C(x,y))) # label(non_clause).  [assumption].
75 (all x all y (SC(x,y) -> -(exists z (Cont(z,x) & P(z,y))))) # label(non_clause).  [assumption].
76 (all x all y (SC(x,y) -> -(exists z (P(z,x) & Cont(z,y))))) # label(non_clause).  [assumption].
77 (all x all y (C(x,y) & (all z (-Cont(z,x) | -Cont(z,y) | -P(z,x) & -P(z,y))) -> SC(x,y))) # label(non_clause).  [assumption].
78 (all x -SC(x,x)) # label(non_clause).  [assumption].
79 (all x all y (SC(x,y) -> SC(y,x))) # label(non_clause).  [assumption].
80 (all x all y (SC(x,y) -> (exists z (z < x & z < y & Cont(z,x) & Cont(z,y))))) # label(non_clause).  [assumption].
81 (all x all y (SC(x,y) <-> (exists z (Cont(z,x) & Cont(z,y))) & (all z (Cont(z,x) & Cont(z,y) -> z < x & z < y)))) # label(non_clause).  [assumption].
82 (all x all y (EqDim(x,y) <-> x <= y & y <= x)) # label(non_clause).  [assumption].
83 (all x x <= x) # label(non_clause).  [assumption].
84 (all x all y all z (x <= y & y <= z -> x <= z)) # label(non_clause).  [assumption].
85 (all x all y (ZEX(x) & ZEX(y) -> x = y)) # label(non_clause).  [assumption].
86 (all x all y (ZEX(x) -> x <= y)) # label(non_clause).  [assumption].
87 (all x all y (BCont(x,y) -> Cont(x,y) & Inc(x,y))) # label(non_clause).  [assumption].
88 (all x all y all v all z (SC(x,y) & Min(x) & P(x,v) & Cont(y,v) & Cont(z,x) & Cont(z,y) -> BCont(z,x))) # label(non_clause).  [assumption].
89 (all x all y all z all v (SC(x,y) & P(x,v) & P(y,v) & Cont(z,x) & Cont(z,y) & Covers(v,z) -> -BCont(z,v))) # label(non_clause).  [assumption].
90 (all x all y all z (BCont(x,y) & P(y,z) & (all v all w (P(v,z) & -PO(v,y) & P(w,x) -> -Cont(w,v))) -> BCont(x,z))) # label(non_clause).  [assumption].
91 (all x all y all z (BCont(x,y) & Cont(z,x) -> BCont(z,y))) # label(non_clause).  [assumption].
92 (all x (MaxDim(x) <-> (all y y <= x))) # label(non_clause).  [assumption].
93 (all x (MinDim(x) <-> -ZEX(x) & (all y (y < x -> ZEX(y))))) # label(non_clause).  [assumption].
94 (all x (Max(x) <-> -ZEX(x) & (all y -PP(x,y)))) # label(non_clause).  [assumption].
95 (all x (Min(x) <-> -ZEX(x) & (all y -PP(y,x)))) # label(non_clause).  [assumption].
96 (all x all y (x > y <-> y < x)) # label(non_clause).  [assumption].
97 (all x all y (x >= y <-> y <= x)) # label(non_clause).  [assumption].
98 (all x all y (x < y <-> x <= y & -EqDim(x,y))) # label(non_clause).  [assumption].
99 (all x all y (P(x,y) <-> Cont(x,y) & EqDim(x,y))) # label(non_clause).  [assumption].
100 (all x (Point(x) -> (all y (Cont(y,x) -> x = y)))) # label(non_clause).  [assumption].
101 (all x all y (C(x,y) <-> (exists z (Cont(z,x) & Cont(z,y))))) # label(non_clause).  [assumption].
102 (all x -(x < x)) # label(non_clause).  [assumption].
103 (all x all y (x < y -> -(y < x))) # label(non_clause).  [assumption].
104 (all x all y all z (x < y & y < z -> x < z)) # label(non_clause).  [assumption].
105 (all x EqDim(x,x)) # label(non_clause).  [assumption].
106 (all x all y (EqDim(x,y) -> EqDim(y,x))) # label(non_clause).  [assumption].
107 (all x all y all z (EqDim(x,y) & EqDim(y,z) -> EqDim(x,z))) # label(non_clause).  [assumption].
108 (all x all y (x < y -> -EqDim(x,y))) # label(non_clause).  [assumption].
109 (all x all y all z (EqDim(x,y) -> (z < x -> z < y))) # label(non_clause).  [assumption].
110 (all x all y all z (EqDim(x,y) -> (x < z -> y < z))) # label(non_clause).  [assumption].
111 (exists x (-ZEX(x) & (all y (y < x -> ZEX(y))))) # label(non_clause).  [assumption].
112 (all x all y (ZEX(x) & ZEX(y) -> x = y)) # label(non_clause).  [assumption].
113 (all x all y (ZEX(x) & -ZEX(y) -> x < y)) # label(non_clause).  [assumption].
114 (all x all y (Cont(x,y) -> x < y | EqDim(x,y))) # label(non_clause).  [assumption].
115 (all x all y (Cont(x,y) -> x < y | EqDim(x,y))) # label(non_clause).  [assumption].
116 (all x (Point(x) <-> Max(x) & MinDim(x))) # label(non_clause).  [assumption].
117 (all x (-ZEX(x) <-> Cont(x,x))) # label(non_clause).  [assumption].
118 (all x all y (Cont(x,y) & Cont(y,x) -> x = y)) # label(non_clause).  [assumption].
119 (all x all y all z (Cont(x,y) & Cont(y,z) -> Cont(x,z))) # label(non_clause).  [assumption].
120 (all x all y (ZEX(x) -> -Cont(y,x) & -Cont(x,y))) # label(non_clause).  [assumption].
121 (all x all y (ZEX(x) & ZEX(y) -> x = y)) # label(non_clause).  [assumption].
122 (all x (-ZEX(x) -> PO(x,x))) # label(non_clause).  [assumption].
123 (all x all y (PO(x,y) -> PO(y,x))) # label(non_clause).  [assumption].
124 (all x all y (PO(x,y) -> EqDim(x,y))) # label(non_clause).  [assumption].
125 (all x all y ((all z (Cont(z,x) <-> Cont(z,y))) -> x = y)) # label(non_clause).  [assumption].
126 (all x (AtomicCurveSegment(x) <-> Curve(x) & (all y -PP(y,x)) & (exists p1 exists p2 (Endpoint(p1,x) & Endpoint(p2,x) & p1 != p2 & (all z (Point(z) & Cont(z,x) -> p1 = z | p2 = z)))))) # label(non_clause).  [assumption].
127 (all x all y (PP(x,y) <-> P(x,y) & x != y)) # label(non_clause).  [assumption].
128 (all x (Closed(x) <-> (all y -BCont(y,x)))) # label(non_clause).  [assumption].
129 (all x (Curve(x) <-> (all y (Point(y) -> Covers(x,y))))) # label(non_clause).  [assumption].
130 (all x all y (PO(x,y) <-> (exists z (P(z,x) & P(z,y))))) # label(non_clause).  [assumption].
131 (all x all y (Covers(x,y) <-> y < x & (all z -(y < z & z < x)))) # label(non_clause).  [assumption].

============================== end of process non-clausal formulas ===

============================== CLAUSES FOR SEARCH ====================

formulas(mace4_clauses).
MinDim(c1).
P(c2,c3).
c3 != c2.
-P(c4,c5).
c5 != c4.
P(c6,c7).
c7 != c6.
-P(c8,c9).
c9 != c8.
MaxDim(c10).
-MaxDim(c11).
Curve(c12).
-Curve(c13).
Max(c14).
-Max(c15).
Min(c16).
-Min(c17).
Endpoint(c18,c19).
c19 != c18.
-Endpoint(c20,c21).
c21 != c20.
Endpoint(c22,c23).
c23 != c22.
-Endpoint(c24,c25).
c25 != c24.
Point(c26).
-Point(c27).
AtomicCurveSegment(c28).
-AtomicCurveSegment(c29).
c30 > c31.
c31 != c30.
-(c32 > c33).
c33 != c32.
c34 > c35.
c35 != c34.
-(c36 > c37).
c37 != c36.
EqDim(c38,c39).
c39 != c38.
-EqDim(c40,c41).
c41 != c40.
EqDim(c42,c43).
c43 != c42.
-EqDim(c44,c45).
c45 != c44.
PP(c46,c47).
c47 != c46.
-PP(c48,c49).
c49 != c48.
PP(c50,c51).
c51 != c50.
-PP(c52,c53).
c53 != c52.
PO(c54,c55).
c55 != c54.
-PO(c56,c57).
c57 != c56.
PO(c58,c59).
c59 != c58.
-PO(c60,c61).
c61 != c60.
SC(c62,c63).
c63 != c62.
-SC(c64,c65).
c65 != c64.
SC(c66,c67).
c67 != c66.
-SC(c68,c69).
c69 != c68.
Inc(c70,c71).
c71 != c70.
-Inc(c72,c73).
c73 != c72.
Inc(c74,c75).
c75 != c74.
-Inc(c76,c77).
c77 != c76.
C(c78,c79).
c79 != c78.
-C(c80,c81).
c81 != c80.
C(c82,c83).
c83 != c82.
-C(c84,c85).
c85 != c84.
MinDim(c86).
-MinDim(c87).
c88 < c89.
c89 != c88.
-(c90 < c91).
c91 != c90.
c92 < c93.
c93 != c92.
-(c94 < c95).
c95 != c94.
Closed(c96).
-Closed(c97).
Covers(c98,c99).
c99 != c98.
-Covers(c100,c101).
c101 != c100.
Covers(c102,c103).
c103 != c102.
-Covers(c104,c105).
c105 != c104.
c106 >= c107.
c107 != c106.
-(c108 >= c109).
c109 != c108.
c110 >= c111.
c111 != c110.
-(c112 >= c113).
c113 != c112.
-Inc(x,x).
-Inc(x,y) | Inc(y,x).
-EqDim(x,y) | -Inc(x,y).
-Inc(x,y) | x < y | y < x.
-Cont(x,y) | -(x < y) | Inc(x,y).
-Inc(x,y) | -P(y,z) | Inc(x,z).
-Endpoint(x,y) | Point(x).
-Endpoint(x,y) | Curve(y).
-Endpoint(x,y) | BCont(x,y).
Endpoint(x,y) | -Point(x) | -Curve(y) | -BCont(x,y).
-Inc(x,y) | f1(x,y) < x | f2(x,y) < y.
-Inc(x,y) | f1(x,y) < x | Cont(f2(x,y),y).
-Inc(x,y) | f1(x,y) < x | P(f2(x,y),x).
-Inc(x,y) | Cont(f1(x,y),x) | f2(x,y) < y.
-Inc(x,y) | Cont(f1(x,y),x) | Cont(f2(x,y),y).
-Inc(x,y) | Cont(f1(x,y),x) | P(f2(x,y),x).
-Inc(x,y) | P(f1(x,y),y) | f2(x,y) < y.
-Inc(x,y) | P(f1(x,y),y) | Cont(f2(x,y),y).
-Inc(x,y) | P(f1(x,y),y) | P(f2(x,y),x).
Inc(x,y) | -(z < x) | -Cont(z,x) | -P(z,y).
Inc(x,y) | -(z < y) | -Cont(z,y) | -P(z,x).
-SC(x,y) | C(x,y).
-SC(x,y) | -Cont(z,x) | -P(z,y).
-SC(x,y) | -P(z,x) | -Cont(z,y).
-C(x,y) | Cont(f3(x,y),x) | SC(x,y).
-C(x,y) | Cont(f3(x,y),y) | SC(x,y).
-C(x,y) | P(f3(x,y),x) | P(f3(x,y),y) | SC(x,y).
-SC(x,x).
-SC(x,y) | SC(y,x).
-SC(x,y) | f4(x,y) < x.
-SC(x,y) | f4(x,y) < y.
-SC(x,y) | Cont(f4(x,y),x).
-SC(x,y) | Cont(f4(x,y),y).
-SC(x,y) | Cont(f5(x,y),x).
-SC(x,y) | Cont(f5(x,y),y).
-SC(x,y) | -Cont(z,x) | -Cont(z,y) | z < x.
-SC(x,y) | -Cont(z,x) | -Cont(z,y) | z < y.
SC(x,y) | -Cont(z,x) | -Cont(z,y) | Cont(f6(x,y),x).
SC(x,y) | -Cont(z,x) | -Cont(z,y) | Cont(f6(x,y),y).
SC(x,y) | -Cont(z,x) | -Cont(z,y) | -(f6(x,y) < x) | -(f6(x,y) < y).
-EqDim(x,y) | x <= y.
-EqDim(x,y) | y <= x.
EqDim(x,y) | -(x <= y) | -(y <= x).
x <= x.
-(x <= y) | -(y <= z) | x <= z.
-ZEX(x) | -ZEX(y) | y = x.
-ZEX(x) | x <= y.
-BCont(x,y) | Cont(x,y).
-BCont(x,y) | Inc(x,y).
-SC(x,y) | -Min(x) | -P(x,z) | -Cont(y,z) | -Cont(u,x) | -Cont(u,y) | BCont(u,x).
-SC(x,y) | -P(x,z) | -P(y,z) | -Cont(u,x) | -Cont(u,y) | -Covers(z,u) | -BCont(u,z).
-BCont(x,y) | -P(y,z) | P(f7(x,y,z),z) | BCont(x,z).
-BCont(x,y) | -P(y,z) | -PO(f7(x,y,z),y) | BCont(x,z).
-BCont(x,y) | -P(y,z) | P(f8(x,y,z),x) | BCont(x,z).
-BCont(x,y) | -P(y,z) | Cont(f8(x,y,z),f7(x,y,z)) | BCont(x,z).
-BCont(x,y) | -Cont(z,x) | BCont(z,y).
-MaxDim(x) | y <= x.
MaxDim(x) | -(f9(x) <= x).
-MinDim(x) | -ZEX(x).
-MinDim(x) | -(y < x) | ZEX(y).
MinDim(x) | ZEX(x) | f10(x) < x.
MinDim(x) | ZEX(x) | -ZEX(f10(x)).
-Max(x) | -ZEX(x).
-Max(x) | -PP(x,y).
Max(x) | ZEX(x) | PP(x,f11(x)).
-Min(x) | -ZEX(x).
-Min(x) | -PP(y,x).
Min(x) | ZEX(x) | PP(f12(x),x).
-(x > y) | y < x.
x > y | -(y < x).
-(x >= y) | y <= x.
x >= y | -(y <= x).
-(x < y) | x <= y.
-(x < y) | -EqDim(x,y).
x < y | -(x <= y) | EqDim(x,y).
-P(x,y) | Cont(x,y).
-P(x,y) | EqDim(x,y).
P(x,y) | -Cont(x,y) | -EqDim(x,y).
-Point(x) | -Cont(y,x) | y = x.
-C(x,y) | Cont(f13(x,y),x).
-C(x,y) | Cont(f13(x,y),y).
C(x,y) | -Cont(z,x) | -Cont(z,y).
-(x < x).
-(x < y) | -(y < x).
-(x < y) | -(y < z) | x < z.
EqDim(x,x).
-EqDim(x,y) | EqDim(y,x).
-EqDim(x,y) | -EqDim(y,z) | EqDim(x,z).
-(x < y) | -EqDim(x,y).
-EqDim(x,y) | -(z < x) | z < y.
-EqDim(x,y) | -(x < z) | y < z.
-ZEX(c114).
-(x < c114) | ZEX(x).
-ZEX(x) | -ZEX(y) | y = x.
-ZEX(x) | ZEX(y) | x < y.
-Cont(x,y) | x < y | EqDim(x,y).
-Cont(x,y) | x < y | EqDim(x,y).
-Point(x) | Max(x).
-Point(x) | MinDim(x).
Point(x) | -Max(x) | -MinDim(x).
ZEX(x) | Cont(x,x).
-ZEX(x) | -Cont(x,x).
-Cont(x,y) | -Cont(y,x) | y = x.
-Cont(x,y) | -Cont(y,z) | Cont(x,z).
-ZEX(x) | -Cont(y,x).
-ZEX(x) | -Cont(x,y).
-ZEX(x) | -ZEX(y) | y = x.
ZEX(x) | PO(x,x).
-PO(x,y) | PO(y,x).
-PO(x,y) | EqDim(x,y).
Cont(f14(x,y),x) | Cont(f14(x,y),y) | y = x.
-Cont(f14(x,y),x) | -Cont(f14(x,y),y) | y = x.
-AtomicCurveSegment(x) | Curve(x).
-AtomicCurveSegment(x) | -PP(y,x).
-AtomicCurveSegment(x) | Endpoint(f15(x),x).
-AtomicCurveSegment(x) | Endpoint(f16(x),x).
-AtomicCurveSegment(x) | f16(x) != f15(x).
-AtomicCurveSegment(x) | -Point(y) | -Cont(y,x) | f15(x) = y | f16(x) = y.
AtomicCurveSegment(x) | -Curve(x) | PP(f17(x),x) | -Endpoint(y,x) | -Endpoint(z,x) | z = y | Point(f18(x,y,z)).
AtomicCurveSegment(x) | -Curve(x) | PP(f17(x),x) | -Endpoint(y,x) | -Endpoint(z,x) | z = y | Cont(f18(x,y,z),x).
AtomicCurveSegment(x) | -Curve(x) | PP(f17(x),x) | -Endpoint(y,x) | -Endpoint(z,x) | z = y | y != f18(x,y,z).
AtomicCurveSegment(x) | -Curve(x) | PP(f17(x),x) | -Endpoint(y,x) | -Endpoint(z,x) | z = y | z != f18(x,y,z).
-PP(x,y) | P(x,y).
-PP(x,y) | y != x.
PP(x,y) | -P(x,y) | y = x.
-Closed(x) | -BCont(y,x).
Closed(x) | BCont(f19(x),x).
-Curve(x) | -Point(y) | Covers(x,y).
Curve(x) | Point(f20(x)).
Curve(x) | -Covers(x,f20(x)).
-PO(x,y) | P(f21(x,y),x).
-PO(x,y) | P(f21(x,y),y).
PO(x,y) | -P(z,x) | -P(z,y).
-Covers(x,y) | y < x.
-Covers(x,y) | -(y < z) | -(z < x).
Covers(x,y) | -(y < x) | y < f22(x,y).
Covers(x,y) | -(y < x) | f22(x,y) < x.
end_of_list.

============================== end of clauses for search =============

% There are no natural numbers in the input.

============================== DOMAIN SIZE 2 =========================

=== Mace4 starting on domain size 2. ===

============================== STATISTICS ============================

For domain size 2.

Current CPU time: 0.00 seconds (total CPU time: 0.01 seconds).
Ground clauses: seen=740, kept=536.
Selections=1, assignments=1, propagations=66, current_models=0.
Rewrite_terms=11, rewrite_bools=358, indexes=5.
Rules_from_neg_clauses=10, cross_offs=10.

============================== end of statistics =====================

============================== DOMAIN SIZE 3 =========================

=== Mace4 starting on domain size 3. ===

============================== STATISTICS ============================

For domain size 3.

Current CPU time: 0.00 seconds (total CPU time: 0.02 seconds).
Ground clauses: seen=1824, kept=1386.
Selections=59, assignments=174, propagations=2132, current_models=0.
Rewrite_terms=2590, rewrite_bools=18286, indexes=165.
Rules_from_neg_clauses=610, cross_offs=1335.

============================== end of statistics =====================

============================== DOMAIN SIZE 4 =========================

=== Mace4 starting on domain size 4. ===
============================= mace4 ================================
execution finished: Wed Aug 07 14:44:00 2013
total CPU time used: 45
The command was "mace4 -v0 -t300 -s60 -n2 -N40 -f /stl/torsten/git/macleod/qs/multidim_mereotopology_dim/p9/dim_prime_linear.p9 /stl/torsten/git/macleod/qs/multidim_mereotopology_codib/consistency/p9/atomic_curve_segment_all_weak_nontrivial.p9 /stl/torsten/git/macleod/qs/multidim_mereotopology_codi/theorems/p9/inc_theorems.p9 /stl/torsten/git/macleod/qs/multidim_mereotopology_codib/definitions/p9/endpoint.p9 /stl/torsten/git/macleod/qs/multidim_mereotopology_codi/definitions/p9/inc.p9 /stl/torsten/git/macleod/qs/multidim_mereotopology_codi/theorems/p9/sc_theorems.p9 /stl/torsten/git/macleod/qs/multidim_mereotopology_codi/definitions/p9/sc.p9 /stl/torsten/git/macleod/qs/multidim_mereotopology_dim/definitions/p9/eq_dim.p9 /stl/torsten/git/macleod/qs/multidim_mereotopology_cont/p9/cont_c_ext.p9 /stl/torsten/git/macleod/qs/multidim_mereotopology_dim/p9/dim_prime_linear_unbounded.p9 /stl/torsten/git/macleod/qs/multidim_mereotopology_codib/p9/codi_bcont.p9 /stl/torsten/git/macleod/qs/multidim_mereotopology_dim/definitions/p9/min_max_dim.p9 /stl/torsten/git/macleod/qs/multidim_mereotopology_codi/definitions/p9/min_max_in_dim.p9 /stl/torsten/git/macleod/qs/multidim_mereotopology_dim/definitions/p9/dim_basic_defs.p9 /stl/torsten/git/macleod/qs/multidim_mereotopology_codi/definitions/p9/ep.p9 /stl/torsten/git/macleod/qs/multidim_mereotopology_codi/p9/codi_atomic_points.p9 /stl/torsten/git/macleod/qs/multidim_mereotopology_cont/definitions/p9/c.p9 /stl/torsten/git/macleod/qs/multidim_mereotopology_dim/p9/dim_basic.p9 /stl/torsten/git/macleod/qs/multidim_mereotopology_codi/p9/codi_linear.p9 /stl/torsten/git/macleod/qs/multidim_mereotopology_codi/p9/codi_basic.p9 /stl/torsten/git/macleod/qs/multidim_mereotopology_codi/definitions/p9/point.p9 /stl/torsten/git/macleod/qs/multidim_mereotopology_cont/p9/cont_basic.p9 /stl/torsten/git/macleod/qs/multidim_mereotopology_codi/theorems/p9/po_theorems.p9 /stl/torsten/git/macleod/qs/multidim_mereotopology_cont/p9/cont_ext.p9 /stl/torsten/git/macleod/qs/multidim_mereotopology_codib/definitions/p9/atomic_curve_segment.p9 /stl/torsten/git/macleod/qs/multidim_mereotopology_codi/definitions/p9/epp.p9 /stl/torsten/git/macleod/qs/multidim_mereotopology_codib/definitions/p9/closed.p9 /stl/torsten/git/macleod/qs/multidim_mereotopology_dim/definitions/p9/dim_defs.p9 /stl/torsten/git/macleod/qs/multidim_mereotopology_codib/p9/codib.p9 /stl/torsten/git/macleod/qs/multidim_mereotopology_codi/definitions/p9/curve.p9 /stl/torsten/git/macleod/qs/multidim_mereotopology_codi/definitions/p9/po.p9 /stl/torsten/git/macleod/qs/multidim_mereotopology_codi/p9/codi.p9 /stl/torsten/git/macleod/qs/multidim_mereotopology_dim/definitions/p9/covers.p9"
Input read from 
============================ end of footer ===========================
