============================== Prover9 ===============================
Prover9 (64) version 2009-11A, November 2009.
Process 21230 was started by torsten on stl-ws2,
Thu Oct  3 20:42:47 2013
The command was "prover9 -t600 -f /stl/torsten/git/macleod/qs/multidim_mereotopology_dim/definitions/conversions/dim_basic_defs.p9 /stl/torsten/git/macleod/qs/multidim_mereotopology_codi/conversions/codi_down.p9 /stl/torsten/git/macleod/qs/multidim_mereotopology_codib/consistency/conversions/outer_boundary_all_nontrivial.p9 /stl/torsten/git/macleod/qs/multidim_mereotopology_dim/conversions/dim_prime_linear.p9 /stl/torsten/git/macleod/qs/multidim_mereotopology_codi/theorems/conversions/inc_theorems.p9 /stl/torsten/git/macleod/qs/multidim_mereotopology_codi/definitions/conversions/point_region.p9 /stl/torsten/git/macleod/qs/multidim_mereotopology_codi/definitions/conversions/min_max_in_dim.p9 /stl/torsten/git/macleod/qs/multidim_mereotopology_dim/definitions/conversions/covers.p9 /stl/torsten/git/macleod/qs/multidim_mereotopology_cont/conversions/cont_ext.p9 /stl/torsten/git/macleod/qs/multidim_mereotopology_codi/theorems/conversions/po_theorems.p9 /stl/torsten/git/macleod/qs/multidim_mereotopology_codib/definitions/conversions/tp.p9 /stl/torsten/git/macleod/qs/multidim_mereotopology_dim/definitions/conversions/eq_dim.p9 /stl/torsten/git/macleod/qs/multidim_mereotopology_codi/definitions/conversions/inc.p9 /stl/torsten/git/macleod/qs/multidim_mereotopology_codi/definitions/conversions/epp.p9 /stl/torsten/git/macleod/qs/multidim_mereotopology_codi/theorems/conversions/sc_theorems.p9 /stl/torsten/git/macleod/qs/multidim_mereotopology_dim/definitions/conversions/min_max_dim.p9 /stl/torsten/git/macleod/qs/multidim_mereotopology_codi/definitions/conversions/areal_region.p9 /stl/torsten/git/macleod/qs/multidim_mereotopology_codib/conversions/codib_boundary.p9 /stl/torsten/git/macleod/qs/multidim_mereotopology_codi/definitions/conversions/sc.p9 /stl/torsten/git/macleod/qs/multidim_mereotopology_cont/conversions/cont_c_ext.p9 /stl/torsten/git/macleod/qs/multidim_mereotopology_cont/definitions/conversions/c.p9 /stl/torsten/git/macleod/qs/multidim_mereotopology_dim/conversions/dim_basic.p9 /stl/torsten/git/macleod/qs/multidim_mereotopology_codib/conversions/codib.p9 /stl/torsten/git/macleod/qs/multidim_mereotopology_codib/conversions/codib_down.p9 /stl/torsten/git/macleod/qs/multidim_mereotopology_codib/definitions/conversions/outer_boundary.p9 /stl/torsten/git/macleod/qs/multidim_mereotopology_codib/definitions/conversions/stp.p9 /stl/torsten/git/macleod/qs/multidim_mereotopology_codib/definitions/conversions/tcont.p9 /stl/torsten/git/macleod/qs/multidim_mereotopology_zex/conversions/zex.p9 /stl/torsten/git/macleod/qs/multidim_mereotopology_codi/definitions/conversions/curve.p9 /stl/torsten/git/macleod/qs/multidim_mereotopology_dim/definitions/conversions/dim_defs.p9 /stl/torsten/git/macleod/qs/multidim_mereotopology_dim/conversions/dim_prime_linear_unbounded.p9 /stl/torsten/git/macleod/qs/multidim_mereotopology_codib/conversions/codi_bcont.p9 /stl/torsten/git/macleod/qs/multidim_mereotopology_codib/definitions/conversions/closed.p9 /stl/torsten/git/macleod/qs/multidim_mereotopology_codi/conversions/codi_linear.p9 /stl/torsten/git/macleod/qs/multidim_mereotopology_codi/conversions/codi_basic.p9 /stl/torsten/git/macleod/qs/multidim_mereotopology_codi/conversions/codi.p9 /stl/torsten/git/macleod/qs/multidim_mereotopology_codi/definitions/conversions/po.p9 /stl/torsten/git/macleod/qs/multidim_mereotopology_codi/definitions/conversions/voluminous_region.p9 /stl/torsten/git/macleod/qs/multidim_mereotopology_codi/conversions/codi_int.p9 /stl/torsten/git/macleod/qs/multidim_mereotopology_codib/definitions/conversions/icont.p9 /stl/torsten/git/macleod/qs/multidim_mereotopology_codi/conversions/codi_basic_atomic.p9 /stl/torsten/git/macleod/qs/multidim_mereotopology_cont/conversions/cont_basic.p9 /stl/torsten/git/macleod/qs/multidim_mereotopology_codi/definitions/conversions/ep.p9".
============================== end of head ===========================

============================== INPUT =================================

% Reading from file /stl/torsten/git/macleod/qs/multidim_mereotopology_dim/definitions/conversions/dim_basic_defs.p9


formulas(sos).
(all x all y (x > y <-> y < x)).
(all x all y (x >= y <-> y <= x)).
(all x all y (x < y <-> x <= y & -EqDim(x,y))).
end_of_list.

% Reading from file /stl/torsten/git/macleod/qs/multidim_mereotopology_codi/conversions/codi_down.p9


formulas(sos).
(all x all y (-ZEX(difference(x,y)) -> EqDim(x,difference(x,y)))).
(all x all y (y < x -> x = difference(x,y))).
(all x all y all z (x <= y & Cont(z,x) & intersection(z,y) < z -> Cont(z,difference(x,y)))).
(all x all y all z (x <= y & Cont(z,difference(x,y)) -> Cont(z,x))).
(all x all y all z (x <= y & P(z,difference(x,y)) -> intersection(z,y) < z)).
(all x all y (ZEX(difference(x,y)) <-> ZEX(x) | Cont(x,y))).
end_of_list.

% Reading from file /stl/torsten/git/macleod/qs/multidim_mereotopology_codib/consistency/conversions/outer_boundary_all_nontrivial.p9


formulas(sos).
(exists x0 exists x1 (intersection(x0,x1) & x0 != x1)).
(exists x0 exists x1 (-intersection(x0,x1) & x0 != x1)).
(exists x0 boundary(x0)).
(exists x0 -boundary(x0)).
(exists x0 exists x1 (x0 <= x1 & x0 != x1)).
(exists x0 exists x1 (-(x0 <= x1) & x0 != x1)).
(exists x0 PointRegion(x0)).
(exists x0 -PointRegion(x0)).
(exists x0 exists x1 (x0 > x1 & x0 != x1)).
(exists x0 exists x1 (-(x0 > x1) & x0 != x1)).
(exists x0 exists x1 (BCont(x0,x1) & x0 != x1)).
(exists x0 exists x1 (-BCont(x0,x1) & x0 != x1)).
(exists x0 exists x1 (P(x0,x1) & x0 != x1)).
(exists x0 exists x1 (-P(x0,x1) & x0 != x1)).
(exists x0 MaxDim(x0)).
(exists x0 -MaxDim(x0)).
(exists x0 Max(x0)).
(exists x0 -Max(x0)).
(exists x0 exists x1 (STP(x0,x1) & x0 != x1)).
(exists x0 exists x1 (-STP(x0,x1) & x0 != x1)).
(exists x0 ArealRegion(x0)).
(exists x0 -ArealRegion(x0)).
(exists x0 exists x1 (TCont(x0,x1) & x0 != x1)).
(exists x0 exists x1 (-TCont(x0,x1) & x0 != x1)).
(exists x0 exists x1 (SC(x0,x1) & x0 != x1)).
(exists x0 exists x1 (-SC(x0,x1) & x0 != x1)).
(exists x0 exists x1 (Cont(x0,x1) & x0 != x1)).
(exists x0 exists x1 (-Cont(x0,x1) & x0 != x1)).
(exists x0 exists x1 (Covers(x0,x1) & x0 != x1)).
(exists x0 exists x1 (-Covers(x0,x1) & x0 != x1)).
(exists x0 Curve(x0)).
(exists x0 -Curve(x0)).
(exists x0 ZEX(x0)).
(exists x0 -ZEX(x0)).
(exists x0 Min(x0)).
(exists x0 -Min(x0)).
(exists x0 exists x1 (PO(x0,x1) & x0 != x1)).
(exists x0 exists x1 (-PO(x0,x1) & x0 != x1)).
(exists x0 exists x1 (Inc(x0,x1) & x0 != x1)).
(exists x0 exists x1 (-Inc(x0,x1) & x0 != x1)).
(exists x0 exists x1 (PP(x0,x1) & x0 != x1)).
(exists x0 exists x1 (-PP(x0,x1) & x0 != x1)).
(exists x0 MinDim(x0)).
(exists x0 -MinDim(x0)).
(exists x0 exists x1 (difference(x0,x1) & x0 != x1)).
(exists x0 exists x1 (-difference(x0,x1) & x0 != x1)).
(exists x0 VoluminousRegion(x0)).
(exists x0 -VoluminousRegion(x0)).
(exists x0 exists x1 (ICont(x0,x1) & x0 != x1)).
(exists x0 exists x1 (-ICont(x0,x1) & x0 != x1)).
(exists x0 exists x1 (outerBoundary(x0,x1) & x0 != x1)).
(exists x0 exists x1 (-outerBoundary(x0,x1) & x0 != x1)).
(exists x0 exists x1 (EqDim(x0,x1) & x0 != x1)).
(exists x0 exists x1 (-EqDim(x0,x1) & x0 != x1)).
(exists x0 exists x1 (x0 < x1 & x0 != x1)).
(exists x0 exists x1 (-(x0 < x1) & x0 != x1)).
(exists x0 exists x1 (C(x0,x1) & x0 != x1)).
(exists x0 exists x1 (-C(x0,x1) & x0 != x1)).
(exists x0 Closed(x0)).
(exists x0 -Closed(x0)).
(exists x0 exists x1 (TP(x0,x1) & x0 != x1)).
(exists x0 exists x1 (-TP(x0,x1) & x0 != x1)).
(exists x0 exists x1 (x0 >= x1 & x0 != x1)).
(exists x0 exists x1 (-(x0 >= x1) & x0 != x1)).
end_of_list.

% Reading from file /stl/torsten/git/macleod/qs/multidim_mereotopology_dim/conversions/dim_prime_linear.p9


formulas(sos).
(exists x MinDim(x)).
end_of_list.

% Reading from file /stl/torsten/git/macleod/qs/multidim_mereotopology_codi/theorems/conversions/inc_theorems.p9


formulas(sos).
(all x -Inc(x,x)).
(all x all y (Inc(x,y) -> Inc(y,x))).
(all x all y (EqDim(x,y) -> -Inc(x,y))).
(all x all y (Inc(x,y) -> x < y | y < x)).
(all x all y (Cont(x,y) & x < y -> Inc(x,y))).
(all x all y all z (Inc(x,y) & P(y,z) -> Inc(x,z))).
end_of_list.

% Reading from file /stl/torsten/git/macleod/qs/multidim_mereotopology_codi/definitions/conversions/point_region.p9


formulas(sos).
(all x (PointRegion(x) <-> MinDim(x))).
end_of_list.

% Reading from file /stl/torsten/git/macleod/qs/multidim_mereotopology_codi/definitions/conversions/min_max_in_dim.p9


formulas(sos).
(all x (Max(x) <-> -ZEX(x) & (all y -PP(x,y)))).
(all x (Min(x) <-> -ZEX(x) & (all y -PP(y,x)))).
end_of_list.

% Reading from file /stl/torsten/git/macleod/qs/multidim_mereotopology_dim/definitions/conversions/covers.p9


formulas(sos).
(all x all y (Covers(x,y) <-> y < x & (all z -(y < z & z < x)))).
end_of_list.

% Reading from file /stl/torsten/git/macleod/qs/multidim_mereotopology_cont/conversions/cont_ext.p9


formulas(sos).
(all x all y ((all z (Cont(z,x) <-> Cont(z,y))) -> x = y)).
end_of_list.

% Reading from file /stl/torsten/git/macleod/qs/multidim_mereotopology_codi/theorems/conversions/po_theorems.p9


formulas(sos).
(all x (-ZEX(x) -> PO(x,x))).
(all x all y (PO(x,y) -> PO(y,x))).
(all x all y (PO(x,y) -> EqDim(x,y))).
end_of_list.

% Reading from file /stl/torsten/git/macleod/qs/multidim_mereotopology_codib/definitions/conversions/tp.p9


formulas(sos).
(all x all y (TP(x,y) <-> P(x,y) & TCont(x,y))).
end_of_list.

% Reading from file /stl/torsten/git/macleod/qs/multidim_mereotopology_dim/definitions/conversions/eq_dim.p9


formulas(sos).
(all x all y (EqDim(x,y) <-> x <= y & y <= x)).
end_of_list.

% Reading from file /stl/torsten/git/macleod/qs/multidim_mereotopology_codi/definitions/conversions/inc.p9


formulas(sos).
(all x all y (Inc(x,y) <-> (exists z (z < x & Cont(z,x) & P(z,y))) | (exists z (z < y & Cont(z,y) & P(z,x))))).
end_of_list.

% Reading from file /stl/torsten/git/macleod/qs/multidim_mereotopology_codi/definitions/conversions/epp.p9


formulas(sos).
(all x all y (PP(x,y) <-> P(x,y) & x != y)).
end_of_list.

% Reading from file /stl/torsten/git/macleod/qs/multidim_mereotopology_codi/theorems/conversions/sc_theorems.p9


formulas(sos).
(all x all y (SC(x,y) -> C(x,y))).
(all x all y (SC(x,y) -> -(exists z (Cont(z,x) & P(z,y))))).
(all x all y (SC(x,y) -> -(exists z (P(z,x) & Cont(z,y))))).
(all x all y (C(x,y) & (all z (-Cont(z,x) | -Cont(z,y) | -P(z,x) & -P(z,y))) -> SC(x,y))).
(all x -SC(x,x)).
(all x all y (SC(x,y) -> SC(y,x))).
(all x all y (SC(x,y) -> (exists z (z < x & z < y & Cont(z,x) & Cont(z,y))))).
end_of_list.

% Reading from file /stl/torsten/git/macleod/qs/multidim_mereotopology_dim/definitions/conversions/min_max_dim.p9


formulas(sos).
(all x (MaxDim(x) <-> (all y y <= x))).
(all x (MinDim(x) <-> -ZEX(x) & (all y (y < x -> ZEX(y))))).
end_of_list.

% Reading from file /stl/torsten/git/macleod/qs/multidim_mereotopology_codi/definitions/conversions/areal_region.p9


formulas(sos).
(all x (ArealRegion(x) <-> (all y (Curve(y) <-> Covers(x,y))))).
end_of_list.

% Reading from file /stl/torsten/git/macleod/qs/multidim_mereotopology_codib/conversions/codib_boundary.p9


formulas(sos).
(all x all y (Cont(x,boundary(y)) <-> BCont(x,y))).
end_of_list.

% Reading from file /stl/torsten/git/macleod/qs/multidim_mereotopology_codi/definitions/conversions/sc.p9


formulas(sos).
(all x all y (SC(x,y) <-> (exists z (Cont(z,x) & Cont(z,y))) & (all z (Cont(z,x) & Cont(z,y) -> z < x & z < y)))).
end_of_list.

% Reading from file /stl/torsten/git/macleod/qs/multidim_mereotopology_cont/conversions/cont_c_ext.p9


formulas(sos).
end_of_list.

% Reading from file /stl/torsten/git/macleod/qs/multidim_mereotopology_cont/definitions/conversions/c.p9


formulas(sos).
(all x all y (C(x,y) <-> (exists z (Cont(z,x) & Cont(z,y))))).
end_of_list.

% Reading from file /stl/torsten/git/macleod/qs/multidim_mereotopology_dim/conversions/dim_basic.p9


formulas(sos).
(all x -(x < x)).
(all x all y (x < y -> -(y < x))).
(all x all y all z (x < y & y < z -> x < z)).
(all x EqDim(x,x)).
(all x all y (EqDim(x,y) -> EqDim(y,x))).
(all x all y all z (EqDim(x,y) & EqDim(y,z) -> EqDim(x,z))).
(all x all y (x < y -> -EqDim(x,y))).
(all x all y all z (EqDim(x,y) -> (z < x -> z < y))).
(all x all y all z (EqDim(x,y) -> (x < z -> y < z))).
(exists x (-ZEX(x) & (all y (y < x -> ZEX(y))))).
(all x all y (ZEX(x) & ZEX(y) -> x = y)).
(all x all y (ZEX(x) & -ZEX(y) -> x < y)).
end_of_list.

% Reading from file /stl/torsten/git/macleod/qs/multidim_mereotopology_codib/conversions/codib.p9


formulas(sos).
end_of_list.

% Reading from file /stl/torsten/git/macleod/qs/multidim_mereotopology_codib/conversions/codib_down.p9


formulas(sos).
(all x all y (BCont(x,y) <-> -ZEX(x) & (all z (P(z,x) & Min(z) -> BCont(z,y))))).
end_of_list.

% Reading from file /stl/torsten/git/macleod/qs/multidim_mereotopology_codib/definitions/conversions/outer_boundary.p9


formulas(sos).
(all x all y (-VoluminousRegion(x) -> ZEX(outerBoundary(x,y)))).
(all x all y (-VoluminousRegion(y) -> ZEX(outerBoundary(x,y)))).
(all x all y (-STP(x,y) -> ZEX(outerBoundary(x,y)))).
(all x all y (VoluminousRegion(x) & VoluminousRegion(y) & STP(x,y) -> outerBoundary(x,y) = intersection(x,boundary(y)))).
end_of_list.

% Reading from file /stl/torsten/git/macleod/qs/multidim_mereotopology_codib/definitions/conversions/stp.p9


formulas(sos).
(all x all y (STP(x,y) <-> TP(x,y) & (exists z (Cont(z,x) & BCont(z,y) & Covers(y,z))))).
end_of_list.

% Reading from file /stl/torsten/git/macleod/qs/multidim_mereotopology_codib/definitions/conversions/tcont.p9


formulas(sos).
(all x all y (TCont(x,y) <-> Cont(x,y) & (exists z (Cont(z,x) & BCont(z,y))))).
end_of_list.

% Reading from file /stl/torsten/git/macleod/qs/multidim_mereotopology_zex/conversions/zex.p9


formulas(sos).
(exists x ZEX(x)).
end_of_list.

% Reading from file /stl/torsten/git/macleod/qs/multidim_mereotopology_codi/definitions/conversions/curve.p9


formulas(sos).
(all x (Curve(x) <-> (all y (PointRegion(y) <-> Covers(x,y))))).
end_of_list.

% Reading from file /stl/torsten/git/macleod/qs/multidim_mereotopology_dim/definitions/conversions/dim_defs.p9


formulas(sos).
end_of_list.

% Reading from file /stl/torsten/git/macleod/qs/multidim_mereotopology_dim/conversions/dim_prime_linear_unbounded.p9


formulas(sos).
(all x x <= x).
(all x all y all z (x <= y & y <= z -> x <= z)).
(all x all y (ZEX(x) & ZEX(y) -> x = y)).
(all x all y (ZEX(x) -> x <= y)).
end_of_list.

% Reading from file /stl/torsten/git/macleod/qs/multidim_mereotopology_codib/conversions/codi_bcont.p9


formulas(sos).
(all x all y (BCont(x,y) -> Cont(x,y) & Inc(x,y))).
(all x all y all v all z (SC(x,y) & Min(x) & P(x,v) & Cont(y,v) & Cont(z,x) & Cont(z,y) -> BCont(z,x))).
(all x all y all z all v (SC(x,y) & P(x,v) & P(y,v) & Cont(z,x) & Cont(z,y) & Covers(v,z) -> -BCont(z,v))).
(all x all y all z (BCont(x,y) & P(y,z) & (all v all w (P(v,z) & -PO(v,y) & P(w,x) -> -Cont(w,v))) -> BCont(x,z))).
(all x all y all z (BCont(x,y) & Cont(z,x) -> BCont(z,y))).
end_of_list.

% Reading from file /stl/torsten/git/macleod/qs/multidim_mereotopology_codib/definitions/conversions/closed.p9


formulas(sos).
(all x (Closed(x) <-> (all y -BCont(y,x)))).
end_of_list.

% Reading from file /stl/torsten/git/macleod/qs/multidim_mereotopology_codi/conversions/codi_linear.p9


formulas(sos).
(all x all y (Cont(x,y) -> x < y | EqDim(x,y))).
end_of_list.

% Reading from file /stl/torsten/git/macleod/qs/multidim_mereotopology_codi/conversions/codi_basic.p9


formulas(sos).
(all x all y (Cont(x,y) -> x < y | EqDim(x,y))).
end_of_list.

% Reading from file /stl/torsten/git/macleod/qs/multidim_mereotopology_codi/conversions/codi.p9


formulas(sos).
end_of_list.

% Reading from file /stl/torsten/git/macleod/qs/multidim_mereotopology_codi/definitions/conversions/po.p9


formulas(sos).
(all x all y (PO(x,y) <-> (exists z (P(z,x) & P(z,y))))).
end_of_list.

% Reading from file /stl/torsten/git/macleod/qs/multidim_mereotopology_codi/definitions/conversions/voluminous_region.p9


formulas(sos).
(all x (VoluminousRegion(x) <-> (all y (ArealRegion(y) <-> Covers(x,y))))).
end_of_list.

% Reading from file /stl/torsten/git/macleod/qs/multidim_mereotopology_codi/conversions/codi_int.p9


formulas(sos).
(all x all y (-C(x,y) <-> ZEX(intersection(x,y)))).
(all x all y (-ZEX(intersection(x,y)) -> Cont(intersection(x,y),x))).
(all x all y all z (Cont(z,x) & Cont(z,y) -> z <= intersection(x,y))).
(all x all y all z (Cont(z,x) & Cont(z,y) & EqDim(z,intersection(x,y)) <-> P(z,intersection(x,y)))).
end_of_list.

% Reading from file /stl/torsten/git/macleod/qs/multidim_mereotopology_codib/definitions/conversions/icont.p9


formulas(sos).
(all x all y (ICont(x,y) <-> Cont(x,y) & (all z (Cont(z,x) -> -BCont(z,y))))).
end_of_list.

% Reading from file /stl/torsten/git/macleod/qs/multidim_mereotopology_codi/conversions/codi_basic_atomic.p9


formulas(sos).
(all x (-ZEX(x) -> (exists y (P(y,x) & Min(y))))).
end_of_list.

% Reading from file /stl/torsten/git/macleod/qs/multidim_mereotopology_cont/conversions/cont_basic.p9


formulas(sos).
(all x (-ZEX(x) <-> Cont(x,x))).
(all x all y (Cont(x,y) & Cont(y,x) -> x = y)).
(all x all y all z (Cont(x,y) & Cont(y,z) -> Cont(x,z))).
(all x all y (ZEX(x) -> -Cont(y,x) & -Cont(x,y))).
(all x all y (ZEX(x) & ZEX(y) -> x = y)).
end_of_list.

% Reading from file /stl/torsten/git/macleod/qs/multidim_mereotopology_codi/definitions/conversions/ep.p9


formulas(sos).
(all x all y (P(x,y) <-> Cont(x,y) & EqDim(x,y))).
end_of_list.

Fatal error:  The following symbols/arities are used as both relation and function symbols: difference/2, intersection/2, boundary/1, outerBoundary/2

%%ERROR: The following symbols/arities are used as both relation and function symbols: difference/2, intersection/2, boundary/1, outerBoundary/2.


Fatal error:  The following symbols/arities are used as both relation and function symbols: difference/2, intersection/2, boundary/1, outerBoundary/2

============================= prover9 ================================
execution finished: Thu Oct 03 20:42:48 2013
total CPU time used: 0
The command was "prover9 -t600 -f /stl/torsten/git/macleod/qs/multidim_mereotopology_dim/definitions/conversions/dim_basic_defs.p9 /stl/torsten/git/macleod/qs/multidim_mereotopology_codi/conversions/codi_down.p9 /stl/torsten/git/macleod/qs/multidim_mereotopology_codib/consistency/conversions/outer_boundary_all_nontrivial.p9 /stl/torsten/git/macleod/qs/multidim_mereotopology_dim/conversions/dim_prime_linear.p9 /stl/torsten/git/macleod/qs/multidim_mereotopology_codi/theorems/conversions/inc_theorems.p9 /stl/torsten/git/macleod/qs/multidim_mereotopology_codi/definitions/conversions/point_region.p9 /stl/torsten/git/macleod/qs/multidim_mereotopology_codi/definitions/conversions/min_max_in_dim.p9 /stl/torsten/git/macleod/qs/multidim_mereotopology_dim/definitions/conversions/covers.p9 /stl/torsten/git/macleod/qs/multidim_mereotopology_cont/conversions/cont_ext.p9 /stl/torsten/git/macleod/qs/multidim_mereotopology_codi/theorems/conversions/po_theorems.p9 /stl/torsten/git/macleod/qs/multidim_mereotopology_codib/definitions/conversions/tp.p9 /stl/torsten/git/macleod/qs/multidim_mereotopology_dim/definitions/conversions/eq_dim.p9 /stl/torsten/git/macleod/qs/multidim_mereotopology_codi/definitions/conversions/inc.p9 /stl/torsten/git/macleod/qs/multidim_mereotopology_codi/definitions/conversions/epp.p9 /stl/torsten/git/macleod/qs/multidim_mereotopology_codi/theorems/conversions/sc_theorems.p9 /stl/torsten/git/macleod/qs/multidim_mereotopology_dim/definitions/conversions/min_max_dim.p9 /stl/torsten/git/macleod/qs/multidim_mereotopology_codi/definitions/conversions/areal_region.p9 /stl/torsten/git/macleod/qs/multidim_mereotopology_codib/conversions/codib_boundary.p9 /stl/torsten/git/macleod/qs/multidim_mereotopology_codi/definitions/conversions/sc.p9 /stl/torsten/git/macleod/qs/multidim_mereotopology_cont/conversions/cont_c_ext.p9 /stl/torsten/git/macleod/qs/multidim_mereotopology_cont/definitions/conversions/c.p9 /stl/torsten/git/macleod/qs/multidim_mereotopology_dim/conversions/dim_basic.p9 /stl/torsten/git/macleod/qs/multidim_mereotopology_codib/conversions/codib.p9 /stl/torsten/git/macleod/qs/multidim_mereotopology_codib/conversions/codib_down.p9 /stl/torsten/git/macleod/qs/multidim_mereotopology_codib/definitions/conversions/outer_boundary.p9 /stl/torsten/git/macleod/qs/multidim_mereotopology_codib/definitions/conversions/stp.p9 /stl/torsten/git/macleod/qs/multidim_mereotopology_codib/definitions/conversions/tcont.p9 /stl/torsten/git/macleod/qs/multidim_mereotopology_zex/conversions/zex.p9 /stl/torsten/git/macleod/qs/multidim_mereotopology_codi/definitions/conversions/curve.p9 /stl/torsten/git/macleod/qs/multidim_mereotopology_dim/definitions/conversions/dim_defs.p9 /stl/torsten/git/macleod/qs/multidim_mereotopology_dim/conversions/dim_prime_linear_unbounded.p9 /stl/torsten/git/macleod/qs/multidim_mereotopology_codib/conversions/codi_bcont.p9 /stl/torsten/git/macleod/qs/multidim_mereotopology_codib/definitions/conversions/closed.p9 /stl/torsten/git/macleod/qs/multidim_mereotopology_codi/conversions/codi_linear.p9 /stl/torsten/git/macleod/qs/multidim_mereotopology_codi/conversions/codi_basic.p9 /stl/torsten/git/macleod/qs/multidim_mereotopology_codi/conversions/codi.p9 /stl/torsten/git/macleod/qs/multidim_mereotopology_codi/definitions/conversions/po.p9 /stl/torsten/git/macleod/qs/multidim_mereotopology_codi/definitions/conversions/voluminous_region.p9 /stl/torsten/git/macleod/qs/multidim_mereotopology_codi/conversions/codi_int.p9 /stl/torsten/git/macleod/qs/multidim_mereotopology_codib/definitions/conversions/icont.p9 /stl/torsten/git/macleod/qs/multidim_mereotopology_codi/conversions/codi_basic_atomic.p9 /stl/torsten/git/macleod/qs/multidim_mereotopology_cont/conversions/cont_basic.p9 /stl/torsten/git/macleod/qs/multidim_mereotopology_codi/definitions/conversions/ep.p9"
Input read from 
============================ end of footer ===========================
