Hi Geoff, go and have some cold beer while I am trying to solve this very hard problem!
% remaining time: 2999 next slice time: 3
dis-4_5_bd=off:bs=off:ep=RST:fde=none:lcm=predicate:nwc=2.0:nicw=on:ptb=off:ssec=off:ss=included:st=5.0:sio=off:spl=backtracking:updr=off_1 on unknown
Time limit reached!
------------------------------
Version: Vampire 0.6 (revision 903)
Termination reason: Time limit
Termination phase: Saturation

Active clauses: 5016
Passive clauses: 20733
Generated clauses: 40822
Input formulas: 155
Initial clauses: 361

Selected by SInE selection: 155
SInE iterations: 1

Duplicate literals: 119
Fw subsumption resolutions: 676

Simple tautologies: 85
Forward subsumptions: 16827

Binary resolution: 35204
Factoring: 17

Backtracking splits: 4206
Backtracking splits refuted: 133
Backtracking splits refuted at zero level: 26

Memory used: 10490KB
Time elapsed: 0.400 s
------------------------------
% remaining time: 2995 next slice time: 13
dis-1010_2_bs=off:ep=on:nwc=1.5:sswn=on:sswsr=on:ss=included:st=1.5:sgo=on:sp=occurrence_9 on unknown
Time limit reached!
------------------------------
Version: Vampire 0.6 (revision 903)
Termination reason: Time limit
Termination phase: Saturation

Active clauses: 3963
Passive clauses: 35922
Generated clauses: 76213
Input formulas: 155
Initial clauses: 360

Selected by SInE selection: 155
SInE iterations: 1

Duplicate literals: 18294
Fw subsumption resolutions: 6884

Simple tautologies: 315
Equational tautologies: 39
Forward subsumptions: 19088

Binary resolution: 19892
Factoring: 59
Forward superposition: 19165
Backward superposition: 14960
Self superposition: 251
Equality factoring: 38

Memory used: 13816KB
Time elapsed: 1.400 s
------------------------------
% remaining time: 2981 next slice time: 32
lrs+11_14_bd=off:bs=off:bsr=on:cond=on:drc=off:fsr=off:fde=none:gsp=input_only:lcm=reverse:nwc=10:ptb=off:ssec=off:stl=60:sos=on:sgo=on:sio=off:spl=backtracking:sfv=off:sp=reverse_arity_23 on unknown
Refutation not found with incomplete strategy!
------------------------------
Version: Vampire 0.6 (revision 903)
Termination reason: Refutation not found, incomplete strategy

Active clauses: 359
Final active clauses: 359
Input formulas: 155
Initial clauses: 359

Memory used: 639KB
Time elapsed: 0.006 s
------------------------------
% remaining time: 2981 next slice time: 95
dis+2_4_bs=off:ep=on:nwc=1.5:nicw=on:ptb=off:ssec=off:sac=on:sio=off:spl=backtracking_70 on unknown
Time limit reached!
------------------------------
Version: Vampire 0.6 (revision 903)
Termination reason: Time limit
Termination phase: Saturation

Active clauses: 14840
Passive clauses: 305455
Generated clauses: 624184
Input formulas: 155
Initial clauses: 360

Duplicate literals: 17670
Fw subsumption resolutions: 47483
Fw demodulations: 4957
Bw demodulations: 669

Simple tautologies: 2266
Equational tautologies: 403
Forward subsumptions: 260222

Binary resolution: 542292
Factoring: 48
Forward superposition: 5714
Backward superposition: 3155

Backtracking splits: 2145
Backtracking splits refuted: 254
Backtracking splits refuted at zero level: 15

Memory used: 113345KB
Time elapsed: 9.600 s
------------------------------
% remaining time: 2885 next slice time: 4
lrs-1003_12_bs=unit_only:bsr=on:bms=on:cond=fast:drc=off:ep=on:fde=none:lcm=predicate:nwc=10:nicw=on:ssec=off:stl=60:sgo=on:sio=off:spo=on:sfv=off:sp=occurrence:updr=off_2 on unknown
Time limit reached!
------------------------------
Version: Vampire 0.6 (revision 903)
Termination reason: Time limit
Termination phase: Saturation

Active clauses: 2808
Passive clauses: 12035
Generated clauses: 17394
Input formulas: 155
Initial clauses: 360

Duplicate literals: 53
Fw subsumption resolutions: 330
Bw subsumption resolutions: 24
Condensations: 40

Simple tautologies: 132
Equational tautologies: 35
Forward subsumptions: 4770
Backward subsumptions: 360

Binary resolution: 16574
Factoring: 16

Memory used: 7291KB
Time elapsed: 0.500 s
------------------------------
% remaining time: 2880 next slice time: 22
lrs+1010_50_bs=off:drc=off:flr=on:lcm=predicate:nwc=1.2:stl=60:sgo=on:sfv=off_16 on unknown
Time limit reached!
------------------------------
Version: Vampire 0.6 (revision 903)
Termination reason: Time limit
Termination phase: Saturation

Active clauses: 12243
Passive clauses: 35065
Generated clauses: 235782
Input formulas: 155
Initial clauses: 358

Duplicate literals: 7896
Fw subsumption resolutions: 7788
Fw literal rewrites: 15352

Simple tautologies: 1059
Equational tautologies: 11
Forward subsumptions: 168661

Binary resolution: 200397
Factoring: 2
Forward superposition: 2606
Backward superposition: 1484
Self superposition: 5
Equality factoring: 4
Equality resolution: 1

Memory used: 22003KB
Time elapsed: 2.300 s
------------------------------
% remaining time: 2856 next slice time: 41
dis-1010_5_bd=off:bs=off:cond=fast:ep=on:fde=none:lcm=predicate:nwc=1.3:nicw=on:ptb=off:ssec=off:sos=on:sac=on:sgo=on:sio=off:spl=backtracking:updr=off_30 on unknown
Refutation not found with incomplete strategy!
------------------------------
Version: Vampire 0.6 (revision 903)
Termination reason: Refutation not found, incomplete strategy

Active clauses: 360
Final active clauses: 360
Input formulas: 155
Initial clauses: 360

Memory used: 639KB
Time elapsed: 0.003 s
------------------------------
% remaining time: 2856 next slice time: 237
lrs+1_2:1_bs=off:ep=on:gsp=input_only:lcm=predicate:nwc=1.1:nicw=on:ptb=off:ssec=off:stl=60:sos=on:sac=on:sgo=on:sio=off:spo=on:spl=backtracking:sp=occurrence:updr=off_175 on unknown
Refutation not found with incomplete strategy!
------------------------------
Version: Vampire 0.6 (revision 903)
Termination reason: Refutation not found, incomplete strategy

Active clauses: 361
Final active clauses: 361
Input formulas: 155
Initial clauses: 361

Memory used: 639KB
Time elapsed: 0.004 s
------------------------------
% remaining time: 2856 next slice time: 311
lrs+11_40_bd=off:bs=unit_only:bsr=unit_only:drc=off:flr=on:lcm=predicate:nwc=1:ptb=off:ssec=off:stl=60:sac=on:spl=backtracking:sfv=off:updr=off_230 on unknown
Time limit reached!
------------------------------
Version: Vampire 0.6 (revision 903)
Termination reason: Time limit
Termination phase: Saturation

Active clauses: 68128
Passive clauses: 321634
Generated clauses: 936799
Input formulas: 155
Initial clauses: 358
Discarded non-redundant clauses: 141593

Duplicate literals: 9023
Fw subsumption resolutions: 34087
Bw subsumption resolutions: 2306
Fw demodulations: 20435
Fw literal rewrites: 107135

Simple tautologies: 953
Equational tautologies: 176
Forward subsumptions: 440451
Backward subsumptions: 6543

Binary resolution: 760726
Factoring: 40
Forward superposition: 2243
Backward superposition: 2145
Equality resolution: 1

Memory used: 167971KB
Time elapsed: 31.200 s
------------------------------
% remaining time: 2543 next slice time: 280
lrs-1010_10_bd=off:bs=unit_only:cond=on:flr=on:gsp=input_only:nwc=1:nicw=on:ptb=off:ssec=off:stl=60:sac=on:sio=off:spo=on:spl=backtracking:sfv=off:sp=occurrence_207 on unknown
Time limit reached!
------------------------------
Version: Vampire 0.6 (revision 903)
Termination reason: Time limit
Termination phase: Saturation

Active clauses: 25793
Passive clauses: 120099
Generated clauses: 497299
Input formulas: 155
Initial clauses: 359
Discarded non-redundant clauses: 32341

Duplicate literals: 100710
Trivial inequalities: 88
Fw subsumption resolutions: 31979
Fw literal rewrites: 22810
Condensations: 5946

Simple tautologies: 5708
Equational tautologies: 732
Forward subsumptions: 241018
Backward subsumptions: 18451

Binary resolution: 302692
Factoring: 554
Forward superposition: 35399
Backward superposition: 27896
Self superposition: 184
Equality factoring: 473
Equality resolution: 14

Backtracking splits: 92
Backtracking splits refuted: 6

Memory used: 109635KB
Time elapsed: 28.100 s
------------------------------
% remaining time: 2262 next slice time: 514
lrs+10_8_bs=off:fde=none:lcm=predicate:nwc=1.7:ptb=off:ssec=off:stl=60:sac=on:sgo=on:sio=off:spl=backtracking:sp=occurrence_380 on unknown
Aborted by signal SIGTERM on 
Aborted by signal SIGINT on 
------------------------------
Version: Vampire 0.6 (revision 903)
Termination reason: Unknown
Termination phase: Saturation

Active clauses: 23177
Passive clauses: 165910
Generated clauses: 342669
Input formulas: 155
Initial clauses: 358

Duplicate literals: 7606
Fw subsumption resolutions: 24934
Fw demodulations: 4049
Bw demodulations: 2188

Simple tautologies: 2756
Equational tautologies: 582
Forward subsumptions: 139373
Bw demodulations to eq. taut.: 96

Binary resolution: 304233
Factoring: 7
Forward superposition: 1163
Backward superposition: 809
Equality resolution: 1

Memory used: 107460KB
Time elapsed: 7.284 s
------------------------------
% Terminated by SIGINT!
% SZS status User for unknown
------------------------------
Version: Vampire 0.6 (revision 903)
Termination reason: Unknown
Termination phase: Unknown

Input formulas: 155

Memory used: 127KB
Time elapsed: 81.032 s
------------------------------
============================= vampire_lin32 ================================
execution finished: Wed Aug 07 15:01:04 2013
total CPU time used: 76
The command was "vampire_lin32 --mode casc --proof tptp -t 300"
Input read from  /stl/torsten/git/macleod/qs/multidim_mereotopology_codib/consistency/tptp/simple_loop_curve_all_weak_nontrivial.all.tptp
============================ end of footer ===========================
