Paradox, version 3.0, 2008-07-29.
+++ PROBLEM: oig\consistency\tptp\woig_2d_nontrivial.all.tptp
Reading 'oig\consistency\tptp\woig_2d_nontrivial.all.tptp' ... OK
+++ SOLVING: oig\consistency\tptp\woig_2d_nontrivial.all.tptp
domain size 1
domain size 2
domain size 3
domain size 4
+++ BEGIN MODEL
SZS output start FiniteModel for oig\consistency\tptp\woig_2d_nontrivial.all.tptp
% domain size is 4
fof(domain, fi_domain,
  (![X] : (X = "1" | X = "2" | X = "3" | X = "4"))
).

fof('B', fi_predicates,
  ( 'B'("1","1","1") <=> $false
  & 'B'("1","1","2") <=> $false
  & 'B'("1","1","3") <=> $false
  & 'B'("1","1","4") <=> $false
  & 'B'("1","2","1") <=> $false
  & 'B'("1","2","2") <=> $false
  & 'B'("1","2","3") <=> $false
  & 'B'("1","2","4") <=> $false
  & 'B'("1","3","1") <=> $false
  & 'B'("1","3","2") <=> $true
  & 'B'("1","3","3") <=> $false
  & 'B'("1","3","4") <=> $false
  & 'B'("1","4","1") <=> $false
  & 'B'("1","4","2") <=> $false
  & 'B'("1","4","3") <=> $false
  & 'B'("1","4","4") <=> $false
  & 'B'("2","1","1") <=> $false
  & 'B'("2","1","2") <=> $false
  & 'B'("2","1","3") <=> $false
  & 'B'("2","1","4") <=> $false
  & 'B'("2","2","1") <=> $false
  & 'B'("2","2","2") <=> $false
  & 'B'("2","2","3") <=> $false
  & 'B'("2","2","4") <=> $false
  & 'B'("2","3","1") <=> $true
  & 'B'("2","3","2") <=> $false
  & 'B'("2","3","3") <=> $false
  & 'B'("2","3","4") <=> $false
  & 'B'("2","4","1") <=> $false
  & 'B'("2","4","2") <=> $false
  & 'B'("2","4","3") <=> $false
  & 'B'("2","4","4") <=> $false
  & 'B'("3","1","1") <=> $false
  & 'B'("3","1","2") <=> $false
  & 'B'("3","1","3") <=> $false
  & 'B'("3","1","4") <=> $false
  & 'B'("3","2","1") <=> $false
  & 'B'("3","2","2") <=> $false
  & 'B'("3","2","3") <=> $false
  & 'B'("3","2","4") <=> $false
  & 'B'("3","3","1") <=> $false
  & 'B'("3","3","2") <=> $false
  & 'B'("3","3","3") <=> $false
  & 'B'("3","3","4") <=> $false
  & 'B'("3","4","1") <=> $false
  & 'B'("3","4","2") <=> $false
  & 'B'("3","4","3") <=> $false
  & 'B'("3","4","4") <=> $false
  & 'B'("4","1","1") <=> $false
  & 'B'("4","1","2") <=> $false
  & 'B'("4","1","3") <=> $false
  & 'B'("4","1","4") <=> $false
  & 'B'("4","2","1") <=> $false
  & 'B'("4","2","2") <=> $false
  & 'B'("4","2","3") <=> $false
  & 'B'("4","2","4") <=> $false
  & 'B'("4","3","1") <=> $false
  & 'B'("4","3","2") <=> $false
  & 'B'("4","3","3") <=> $false
  & 'B'("4","3","4") <=> $false
  & 'B'("4","4","1") <=> $false
  & 'B'("4","4","2") <=> $false
  & 'B'("4","4","3") <=> $false
  & 'B'("4","4","4") <=> $false
  )
).

fof('L', fi_predicates,
  ( 'L'("1") <=> $false
  & 'L'("2") <=> $false
  & 'L'("3") <=> $false
  & 'L'("4") <=> $true
  )
).

fof('Pt', fi_predicates,
  ( 'Pt'("1") <=> $true
  & 'Pt'("2") <=> $true
  & 'Pt'("3") <=> $true
  & 'Pt'("4") <=> $false
  )
).

fof(on, fi_predicates,
  ( on("1","1") <=> $false
  & on("1","2") <=> $false
  & on("1","3") <=> $false
  & on("1","4") <=> $true
  & on("2","1") <=> $false
  & on("2","2") <=> $false
  & on("2","3") <=> $false
  & on("2","4") <=> $true
  & on("3","1") <=> $false
  & on("3","2") <=> $false
  & on("3","3") <=> $false
  & on("3","4") <=> $true
  & on("4","1") <=> $false
  & on("4","2") <=> $false
  & on("4","3") <=> $false
  & on("4","4") <=> $false
  )
).
SZS output end FiniteModel for oig\consistency\tptp\woig_2d_nontrivial.all.tptp
+++ END MODEL
+++ RESULT: Satisfiable
SZS status Satisfiable for oig\consistency\tptp\woig_2d_nontrivial.all.tptp
