2021-03-22 09:55:19,513 macleod.Filemgt                INFO     Config file read: C:\Users\torsten\macleod\macleod_win.conf
2021-03-22 09:55:19,513 macleod.Filemgt                INFO     Logging configuration file read: C:\Users\torsten\macleod\logging.conf
2021-03-22 09:55:19,513 macleod.scripts.parser         INFO     Called script clif_to_owl
ELIMINATING CONDITIONALS True
2021-03-22 09:55:19,513 macleod.scripts.parser         INFO     Starting to parse dolce\dolce_colore.clif
2021-03-22 09:55:19,528 macleod.Ontology               INFO     Starting to parse C:/Users/torsten/GitHub/colore/ontologies//dolce_taxonomy/dolce_taxonomy.clif
2021-03-22 09:55:19,535 macleod.Ontology               INFO     Starting to parse C:/Users/torsten/GitHub/colore/ontologies//dolce_constitution/dolce_constitution.clif
2021-03-22 09:55:19,550 macleod.Ontology               INFO     Starting to parse C:/Users/torsten/GitHub/colore/ontologies//dolce_temporary_parthood/dolce_temporary_parthood.clif
2021-03-22 09:55:19,550 macleod.Ontology               INFO     Starting to parse C:/Users/torsten/GitHub/colore/ontologies//dolce_present/dolce_present.clif
2021-03-22 09:55:19,566 macleod.Ontology               INFO     Starting to parse C:/Users/torsten/GitHub/colore/ontologies//dolce_time_mereology/dolce_time_mereology.clif
Cyclic import found: C:\Users\torsten\GitHub\colore\ontologies\dolce_time_mereology\dolce_time_mereology.clif imports http://colore.oor.net/dolce_taxonomy/dolce_taxonomy.clif
2021-03-22 09:55:19,582 macleod.Ontology               INFO     Starting to parse C:/Users/torsten/GitHub/colore/ontologies//dolce_dependence/dolce_dependence.clif
Cyclic import found: C:\Users\torsten\GitHub\colore\ontologies\dolce_dependence\dolce_dependence.clif imports http://colore.oor.net/dolce_present/dolce_present.clif
2021-03-22 09:55:19,582 macleod.Ontology               INFO     Starting to parse C:/Users/torsten/GitHub/colore/ontologies//dolce_mereology/dolce_mereology.clif
Cyclic import found: C:\Users\torsten\GitHub\colore\ontologies\dolce_mereology\dolce_mereology.clif imports http://colore.oor.net/dolce_taxonomy/dolce_taxonomy.clif
Cyclic import found: C:\Users\torsten\GitHub\colore\ontologies\dolce_mereology\dolce_mereology.clif imports http://colore.oor.net/dolce_time_mereology/dolce_time_mereology.clif
2021-03-22 09:55:19,597 macleod.Ontology               INFO     Starting to parse C:/Users/torsten/GitHub/colore/ontologies//dolce_participation/dolce_participation.clif
Cyclic import found: C:\Users\torsten\GitHub\colore\ontologies\dolce_participation\dolce_participation.clif imports http://colore.oor.net/dolce_present/dolce_present.clif
Cyclic import found: C:\Users\torsten\GitHub\colore\ontologies\dolce\dolce_colore.clif imports http://colore.oor.net/dolce_present/dolce_present.clif
Cyclic import found: C:\Users\torsten\GitHub\colore\ontologies\dolce\dolce_colore.clif imports http://colore.oor.net/dolce_temporary_parthood/dolce_temporary_parthood.clif
Cyclic import found: C:\Users\torsten\GitHub\colore\ontologies\dolce\dolce_colore.clif imports http://colore.oor.net/dolce_time_mereology/dolce_time_mereology.clif
2021-03-22 09:55:19,597 macleod.Ontology               INFO     Found 0 axioms in C:\Users\torsten\GitHub\colore\ontologies\dolce\dolce_colore.clif
2021-03-22 09:55:19,597 macleod.Ontology               INFO     Collected 128 imported axioms
2021-03-22 09:55:19,597 macleod.Ontology               INFO     Working from a total of 128 axioms (including imported ones)
Axiom: \forall x,y\;[(~P(x,y) | ((~T(x) | T(y)) & (~T(y) | T(x))))] from http://colore.oor.net/dolce_time_mereology/dolce_time_mereology.clif
FF-PCNF: \forall z,y\;[((~P(z,y) | ~T(y) | T(z)) & (~P(z,y) | ~T(z) | T(y)))]
 + yielded: \forall y,z\;[(~P(z,y) | ~T(y) | T(z))]
Constructing all-values pattern with inverse property P(z,y) with subclass [(T(z), False)] and limit [(T(y), False)]
     - pattern all_values
 + yielded: \forall y,z\;[(~P(z,y) | ~T(z) | T(y))]
     - pattern all_values

Axiom: \forall x,y\;[(~P(x,y) | ((~T(x) | T(y)) & (~T(y) | T(x))))] from http://colore.oor.net/dolce_time_mereology/dolce_time_mereology.clif
FF-PCNF: \forall z,y\;[((~P(z,y) | ~T(y) | T(z)) & (~P(z,y) | ~T(z) | T(y)))]
 + yielded: \forall y,z\;[(~P(z,y) | ~T(y) | T(z))]
Constructing all-values pattern with inverse property P(z,y) with subclass [(T(z), False)] and limit [(T(y), False)]
     - pattern all_values
 + yielded: \forall y,z\;[(~P(z,y) | ~T(z) | T(y))]
     - pattern all_values

Axiom: \forall x,y\;[(~T(x) | P(x,x))] from http://colore.oor.net/dolce_time_mereology/dolce_time_mereology.clif
FF-PCNF: \forall z,y\;[(~T(z) | P(z,z))]
 + yielded: \forall z,y\;[(~T(z) | P(z,z))]

Axiom: \forall x,y\;[(~(T(x) & T(y) & P(x,y) & P(y,x)) | =(x,y))] from http://colore.oor.net/dolce_time_mereology/dolce_time_mereology.clif
FF-PCNF: \forall z,y\;[(~T(z) | ~T(y) | ~P(z,y) | ~P(y,z) | =(z,y))]
 + yielded: \forall z,y\;[(~T(z) | ~T(y) | ~P(z,y) | ~P(y,z) | =(z,y))]

Axiom: \forall x,y,z\;[(~(T(x) & T(y) & P(x,y) & P(y,z)) | P(x,z))] from http://colore.oor.net/dolce_time_mereology/dolce_time_mereology.clif
FF-PCNF: \forall z,y,x\;[(~T(z) | ~T(y) | ~P(z,y) | ~P(y,x) | P(z,x))]
 + yielded: \forall z,y,x\;[(~T(z) | ~T(y) | ~P(z,y) | ~P(y,x) | P(z,x))]

Axiom: \forall x,y\;[(~(T(x) & T(y) & ~P(x,y)) | \exists z\;[(T(z) & P(z,x) & ~O(z,y))])] from http://colore.oor.net/dolce_time_mereology/dolce_time_mereology.clif
FF-PCNF: \forall z,y\;[\exists x\;[((P(z,y) | ~T(y) | ~T(z) | T(x)) & (P(z,y) | ~T(y) | ~T(z) | P(x,z)) & (P(z,y) | ~T(y) | ~T(z) | ~O(x,y)))]]
 + yielded: \forall y,z\;[\exists x\;[(P(z,y) | ~T(y) | ~T(z) | T(x))]]
 + yielded: \forall y,z\;[\exists x\;[(P(z,y) | ~T(y) | ~T(z) | P(x,z))]]
 + yielded: \forall y,z\;[\exists x\;[(P(z,y) | ~T(y) | ~T(z) | ~O(x,y))]]

Axiom: \forall x,y\;[(~(T(x) & T(y) & ~P(x,y)) | \exists z\;[(P(z,x) & DJ(z,y) & T(z))])] from http://colore.oor.net/dolce_time_mereology/dolce_time_mereology.clif
FF-PCNF: \forall z,y\;[\exists x\;[((P(z,y) | ~T(y) | ~T(z) | P(x,z)) & (P(z,y) | ~T(y) | ~T(z) | DJ(x,y)) & (P(z,y) | ~T(y) | ~T(z) | T(x)))]]
 + yielded: \forall y,z\;[\exists x\;[(P(z,y) | ~T(y) | ~T(z) | P(x,z))]]
 + yielded: \forall y,z\;[\exists x\;[(P(z,y) | ~T(y) | ~T(z) | DJ(x,y))]]
 + yielded: \forall y,z\;[\exists x\;[(P(z,y) | ~T(y) | ~T(z) | T(x))]]

Axiom: \forall x,y\;[(~(T(x) & T(y)) | ((~PP(x,y) | (P(x,y) & ~P(y,x))) & (~(P(x,y) & ~P(y,x)) | PP(x,y))))] from http://colore.oor.net/dolce_time_mereology/dolce_time_mereology.clif
FF-PCNF: \forall z,y\;[((~T(y) | ~T(z) | ~P(z,y) | P(y,z) | PP(z,y)) & (~PP(z,y) | ~T(z) | ~T(y) | P(z,y)) & (~PP(z,y) | ~T(z) | ~T(y) | ~P(y,z)))]
 + yielded: \forall y,z\;[(~T(y) | ~T(z) | ~P(z,y) | P(y,z) | PP(z,y))]
 + yielded: \forall y,z\;[(~PP(z,y) | ~T(z) | ~T(y) | P(z,y))]
 + yielded: \forall y,z\;[(~PP(z,y) | ~T(z) | ~T(y) | ~P(y,z))]

Axiom: \forall x,y\;[(~(T(x) & T(y)) | ((~O(x,y) | \exists z\;[(P(z,x) & P(z,y) & T(z))]) & (~\exists z\;[(P(z,x) & P(z,y) & T(z))] | O(x,y))))] from http://colore.oor.net/dolce_time_mereology/dolce_time_mereology.clif
(((P(x,z) & P(x,y) & T(x)) | ~O(z,y)) & (~P(w,z) | ~P(w,y) | ~T(w) | O(z,y)))
FF-PCNF: \forall z,y\;[\exists x\;[\forall w\;[((~O(z,y) | ~T(z) | ~T(y) | P(x,z)) & (~O(z,y) | ~T(z) | ~T(y) | P(x,y)) & (~O(z,y) | ~T(z) | ~T(y) | T(x)) & (~T(y) | ~T(z) | ~P(w,z) | ~P(w,y) | ~T(w) | O(z,y)))]]]
 + yielded: \forall y,z\;[\exists x\;[\forall w\;[((~O(z,y) | ~T(z) | ~T(y) | P(x,z)) & (~O(z,y) | ~T(z) | ~T(y) | P(x,y)) & (~O(z,y) | ~T(z) | ~T(y) | T(x)) & (~T(y) | ~T(z) | ~P(w,z) | ~P(w,y) | ~T(w) | O(z,y)))]]]

Axiom: \forall x,y\;[(~(T(x) & T(y)) | ((~DJ(x,y) | ~O(x,y)) & (~~O(x,y) | DJ(x,y))))] from http://colore.oor.net/dolce_time_mereology/dolce_time_mereology.clif
FF-PCNF: \forall z,y\;[((~T(y) | ~T(z) | O(z,y) | DJ(z,y)) & (~T(y) | ~T(z) | ~DJ(z,y) | ~O(z,y)))]
 + yielded: \forall y,z\;[(~T(y) | ~T(z) | O(z,y) | DJ(z,y))]
 + yielded: \forall y,z\;[(~T(y) | ~T(z) | ~DJ(z,y) | ~O(z,y))]

Axiom: \forall x,y\;[(~(T(x) & T(y)) | ((~U(x,y) | \exists z\;[(P(x,z) & P(y,z) & T(z))]) & (~\exists z\;[(P(x,z) & P(y,z) & T(z))] | U(x,y))))] from http://colore.oor.net/dolce_time_mereology/dolce_time_mereology.clif
(((P(z,x) & P(y,x) & T(x)) | ~U(z,y)) & (~P(z,w) | ~P(y,w) | ~T(w) | U(z,y)))
FF-PCNF: \forall z,y\;[\exists x\;[\forall w\;[((~U(z,y) | ~T(z) | ~T(y) | P(z,x)) & (~U(z,y) | ~T(z) | ~T(y) | P(y,x)) & (~U(z,y) | ~T(z) | ~T(y) | T(x)) & (~T(y) | ~T(z) | ~P(z,w) | ~P(y,w) | ~T(w) | U(z,y)))]]]
 + yielded: \forall y,z\;[\exists x\;[\forall w\;[((~U(z,y) | ~T(z) | ~T(y) | P(z,x)) & (~U(z,y) | ~T(z) | ~T(y) | P(y,x)) & (~U(z,y) | ~T(z) | ~T(y) | T(x)) & (~T(y) | ~T(z) | ~P(z,w) | ~P(y,w) | ~T(w) | U(z,y)))]]]

Axiom: \forall x\;[(~T(x) | ((~AtP(x) | \forall y\;[(~(T(y) & P(y,x)) | =(y,x))]) & (~\forall y\;[(~(T(y) & P(y,x)) | =(y,x))] | AtP(x))))] from http://colore.oor.net/dolce_time_mereology/dolce_time_mereology.clif
(((T(x) & P(x,z) & ~=(x,z)) | AtP(z)) & (~T(y) | ~P(y,z) | =(y,z) | ~AtP(z)))
FF-PCNF: \forall z\;[\exists x\;[\forall y\;[((AtP(z) | ~T(z) | T(x)) & (AtP(z) | ~T(z) | P(x,z)) & (AtP(z) | ~T(z) | ~=(x,z)) & (~T(z) | ~T(y) | ~P(y,z) | =(y,z) | ~AtP(z)))]]]
 + yielded: \forall z\;[\exists x\;[\forall y\;[((AtP(z) | ~T(z) | T(x)) & (AtP(z) | ~T(z) | P(x,z)) & (AtP(z) | ~T(z) | ~=(x,z)) & (~T(z) | ~T(y) | ~P(y,z) | =(y,z) | ~AtP(z)))]]]

Axiom: \forall x,y\;[(~(T(x) & T(y) & U(x,y)) | \exists z\;[(T(z) & \forall w\;[(~T(w) | ((~O(w,z) | O(w,x) | O(w,y)) & (~(O(w,x) | O(w,y)) | O(w,z))))])])] from http://colore.oor.net/dolce_time_mereology/dolce_time_mereology.clif
FF-PCNF: \forall z,y\;[\exists x\;[\forall w\;[((O(w,x) | ~U(z,y) | ~T(y) | ~T(z) | ~T(w) | ~O(w,z)) & (O(w,x) | ~U(z,y) | ~T(y) | ~T(z) | ~T(w) | ~O(w,y)) & (~T(w) | ~T(z) | ~T(y) | ~U(z,y) | ~O(w,x) | O(w,z) | O(w,y)) & (~U(z,y) | ~T(y) | ~T(z) | T(x)))]]]
 + yielded: \forall y,z\;[\exists x\;[\forall w\;[((O(w,x) | ~U(z,y) | ~T(y) | ~T(z) | ~T(w) | ~O(w,z)) & (O(w,x) | ~U(z,y) | ~T(y) | ~T(z) | ~T(w) | ~O(w,y)) & (~T(w) | ~T(z) | ~T(y) | ~U(z,y) | ~O(w,x) | O(w,z) | O(w,y)) & (~U(z,y) | ~T(y) | ~T(z) | T(x)))]]]

Axiom: \forall x,y\;[(~(T(x) & T(y) & O(x,y)) | \exists z\;[(T(z) & \forall w\;[(~T(w) | ((~PP(w,z) | (PP(w,x) & PP(w,y))) & (~(PP(w,x) & PP(w,y)) | PP(w,z))))])])] from http://colore.oor.net/dolce_time_mereology/dolce_time_mereology.clif
FF-PCNF: \forall z,y\;[\exists x\;[\forall w\;[((~T(w) | ~T(z) | ~T(y) | ~O(z,y) | ~PP(w,z) | ~PP(w,y) | PP(w,x)) & (~PP(w,x) | ~O(z,y) | ~T(y) | ~T(z) | ~T(w) | PP(w,z)) & (~PP(w,x) | ~O(z,y) | ~T(y) | ~T(z) | ~T(w) | PP(w,y)) & (~O(z,y) | ~T(y) | ~T(z) | T(x)))]]]
 + yielded: \forall y,z\;[\exists x\;[\forall w\;[((~T(w) | ~T(z) | ~T(y) | ~O(z,y) | ~PP(w,z) | ~PP(w,y) | PP(w,x)) & (~PP(w,x) | ~O(z,y) | ~T(y) | ~T(z) | ~T(w) | PP(w,z)) & (~PP(w,x) | ~O(z,y) | ~T(y) | ~T(z) | ~T(w) | PP(w,y)) & (~O(z,y) | ~T(y) | ~T(z) | T(x)))]]]

Axiom: \forall x,y,z\;[(~(T(x) & T(y) & T(z)) | ((~SUM(z,x,y) | \forall w\;[(~T(w) | ((~O(w,z) | O(w,x) | O(w,y)) & (~(O(w,x) | O(w,y)) | O(w,z))))]) & (~\forall w\;[(~T(w) | ((~O(w,z) | O(w,x) | O(w,y)) & (~(O(w,x) | O(w,y)) | O(w,z))))] | SUM(z,x,y))))] from http://colore.oor.net/dolce_time_mereology/dolce_time_mereology.clif
(((T(v) & ((~O(v,x) & (O(v,z) | O(v,y))) | (O(v,x) & ~O(v,z) & ~O(v,y)))) | SUM(x,z,y)) & (~T(w) | ((O(w,x) | (~O(w,z) & ~O(w,y))) & (~O(w,x) | O(w,z) | O(w,y))) | ~SUM(x,z,y)))
FF-PCNF: \forall z,y,x\;[\exists v\;[\forall w\;[((SUM(x,z,y) | ~T(z) | ~T(y) | ~T(x) | T(v)) & (SUM(x,z,y) | ~T(y) | ~T(x) | ~T(z)) & (~O(v,x) | SUM(x,z,y) | ~T(y) | ~T(x) | ~T(z) | ~O(v,z)) & (~O(v,x) | SUM(x,z,y) | ~T(y) | ~T(x) | ~T(z) | ~O(v,y)) & (O(v,y) | O(v,z) | SUM(x,z,y) | ~T(y) | ~T(x) | ~T(z) | O(v,x)) & (O(w,x) | ~T(x) | ~T(y) | ~T(z) | ~T(w) | ~SUM(x,z,y) | ~O(w,z)) & (O(w,x) | ~T(x) | ~T(y) | ~T(z) | ~T(w) | ~SUM(x,z,y) | ~O(w,y)) & (~SUM(x,z,y) | ~T(w) | ~T(z) | ~T(y) | ~T(x) | ~O(w,x) | O(w,z) | O(w,y)))]]]
 + yielded: \forall y,x,z\;[(SUM(x,z,y) | ~T(y) | ~T(x) | ~T(z))]
 + yielded: \forall y,x,z\;[\exists v\;[\forall w\;[((SUM(x,z,y) | ~T(z) | ~T(y) | ~T(x) | T(v)) & (~O(v,x) | SUM(x,z,y) | ~T(y) | ~T(x) | ~T(z) | ~O(v,z)) & (~O(v,x) | SUM(x,z,y) | ~T(y) | ~T(x) | ~T(z) | ~O(v,y)) & (O(v,y) | O(v,z) | SUM(x,z,y) | ~T(y) | ~T(x) | ~T(z) | O(v,x)) & (O(w,x) | ~T(x) | ~T(y) | ~T(z) | ~T(w) | ~SUM(x,z,y) | ~O(w,z)) & (O(w,x) | ~T(x) | ~T(y) | ~T(z) | ~T(w) | ~SUM(x,z,y) | ~O(w,y)) & (~SUM(x,z,y) | ~T(w) | ~T(z) | ~T(y) | ~T(x) | ~O(w,x) | O(w,z) | O(w,y)))]]]

Axiom: \forall x\;[(~(ED(x) | PD(x) | Q(x) | AB(x)) | PT(x))] from http://colore.oor.net/dolce_taxonomy/dolce_taxonomy.clif
FF-PCNF: \forall z\;[((PT(z) | ~ED(z)) & (PT(z) | ~PD(z)) & (PT(z) | ~Q(z)) & (PT(z) | ~AB(z)))]
 + yielded: \forall z\;[(PT(z) | ~ED(z))]
     - pattern subclass
 + yielded: \forall z\;[(PT(z) | ~PD(z))]
     - pattern subclass
 + yielded: \forall z\;[(PT(z) | ~Q(z))]
     - pattern subclass
 + yielded: \forall z\;[(PT(z) | ~AB(z))]
     - pattern subclass

Axiom: \forall x\;[(~(PED(x) | NPED(x) | AS(x)) | ED(x))] from http://colore.oor.net/dolce_taxonomy/dolce_taxonomy.clif
FF-PCNF: \forall z\;[((ED(z) | ~PED(z)) & (ED(z) | ~NPED(z)) & (ED(z) | ~AS(z)))]
 + yielded: \forall z\;[(ED(z) | ~PED(z))]
     - pattern subclass
 + yielded: \forall z\;[(ED(z) | ~NPED(z))]
     - pattern subclass
 + yielded: \forall z\;[(ED(z) | ~AS(z))]
     - pattern subclass

Axiom: \forall x\;[(~(EV(x) | STV(x)) | PD(x))] from http://colore.oor.net/dolce_taxonomy/dolce_taxonomy.clif
FF-PCNF: \forall z\;[((PD(z) | ~EV(z)) & (PD(z) | ~STV(z)))]
 + yielded: \forall z\;[(PD(z) | ~EV(z))]
     - pattern subclass
 + yielded: \forall z\;[(PD(z) | ~STV(z))]
     - pattern subclass

Axiom: \forall x\;[(~(TQ(x) | PQ(x) | AQ(x)) | Q(x))] from http://colore.oor.net/dolce_taxonomy/dolce_taxonomy.clif
FF-PCNF: \forall z\;[((Q(z) | ~TQ(z)) & (Q(z) | ~PQ(z)) & (Q(z) | ~AQ(z)))]
 + yielded: \forall z\;[(Q(z) | ~TQ(z))]
     - pattern subclass
 + yielded: \forall z\;[(Q(z) | ~PQ(z))]
     - pattern subclass
 + yielded: \forall z\;[(Q(z) | ~AQ(z))]
     - pattern subclass

Axiom: \forall x\;[(~R(x) | AB(x))] from http://colore.oor.net/dolce_taxonomy/dolce_taxonomy.clif
FF-PCNF: \forall z\;[(~R(z) | AB(z))]
 + yielded: \forall z\;[(~R(z) | AB(z))]
     - pattern subclass

Axiom: \forall x\;[(~(M(x) | F(x) | POB(x)) | PED(x))] from http://colore.oor.net/dolce_taxonomy/dolce_taxonomy.clif
FF-PCNF: \forall z\;[((PED(z) | ~M(z)) & (PED(z) | ~F(z)) & (PED(z) | ~POB(z)))]
 + yielded: \forall z\;[(PED(z) | ~M(z))]
     - pattern subclass
 + yielded: \forall z\;[(PED(z) | ~F(z))]
     - pattern subclass
 + yielded: \forall z\;[(PED(z) | ~POB(z))]
     - pattern subclass

Axiom: \forall x\;[(~NPOB(x) | NPED(x))] from http://colore.oor.net/dolce_taxonomy/dolce_taxonomy.clif
FF-PCNF: \forall z\;[(~NPOB(z) | NPED(z))]
 + yielded: \forall z\;[(~NPOB(z) | NPED(z))]
     - pattern subclass

Axiom: \forall x\;[(~(ACH(x) | ACC(x)) | EV(x))] from http://colore.oor.net/dolce_taxonomy/dolce_taxonomy.clif
FF-PCNF: \forall z\;[((EV(z) | ~ACH(z)) & (EV(z) | ~ACC(z)))]
 + yielded: \forall z\;[(EV(z) | ~ACH(z))]
     - pattern subclass
 + yielded: \forall z\;[(EV(z) | ~ACC(z))]
     - pattern subclass

Axiom: \forall x\;[(~(ST(x) | PRO(x)) | STV(x))] from http://colore.oor.net/dolce_taxonomy/dolce_taxonomy.clif
FF-PCNF: \forall z\;[((STV(z) | ~ST(z)) & (STV(z) | ~PRO(z)))]
 + yielded: \forall z\;[(STV(z) | ~ST(z))]
     - pattern subclass
 + yielded: \forall z\;[(STV(z) | ~PRO(z))]
     - pattern subclass

Axiom: \forall x\;[(~TL(x) | TQ(x))] from http://colore.oor.net/dolce_taxonomy/dolce_taxonomy.clif
FF-PCNF: \forall z\;[(~TL(z) | TQ(z))]
 + yielded: \forall z\;[(~TL(z) | TQ(z))]
     - pattern subclass

Axiom: \forall x\;[(~SL(x) | PQ(x))] from http://colore.oor.net/dolce_taxonomy/dolce_taxonomy.clif
FF-PCNF: \forall z\;[(~SL(z) | PQ(z))]
 + yielded: \forall z\;[(~SL(z) | PQ(z))]
     - pattern subclass

Axiom: \forall x\;[(~(TR(x) | PR(x) | AR(x)) | R(x))] from http://colore.oor.net/dolce_taxonomy/dolce_taxonomy.clif
FF-PCNF: \forall z\;[((R(z) | ~TR(z)) & (R(z) | ~PR(z)) & (R(z) | ~AR(z)))]
 + yielded: \forall z\;[(R(z) | ~TR(z))]
     - pattern subclass
 + yielded: \forall z\;[(R(z) | ~PR(z))]
     - pattern subclass
 + yielded: \forall z\;[(R(z) | ~AR(z))]
     - pattern subclass

Axiom: \forall x\;[(~(APO(x) | NAPO(x)) | POB(x))] from http://colore.oor.net/dolce_taxonomy/dolce_taxonomy.clif
FF-PCNF: \forall z\;[((POB(z) | ~APO(z)) & (POB(z) | ~NAPO(z)))]
 + yielded: \forall z\;[(POB(z) | ~APO(z))]
     - pattern subclass
 + yielded: \forall z\;[(POB(z) | ~NAPO(z))]
     - pattern subclass

Axiom: \forall x\;[(~(MOB(x) | SOB(x)) | NPOB(x))] from http://colore.oor.net/dolce_taxonomy/dolce_taxonomy.clif
FF-PCNF: \forall z\;[((NPOB(z) | ~MOB(z)) & (NPOB(z) | ~SOB(z)))]
 + yielded: \forall z\;[(NPOB(z) | ~MOB(z))]
     - pattern subclass
 + yielded: \forall z\;[(NPOB(z) | ~SOB(z))]
     - pattern subclass

Axiom: \forall x\;[(~T(x) | TR(x))] from http://colore.oor.net/dolce_taxonomy/dolce_taxonomy.clif
FF-PCNF: \forall z\;[(~T(z) | TR(z))]
 + yielded: \forall z\;[(~T(z) | TR(z))]
     - pattern subclass

Axiom: \forall x\;[(~S(x) | PR(x))] from http://colore.oor.net/dolce_taxonomy/dolce_taxonomy.clif
FF-PCNF: \forall z\;[(~S(z) | PR(z))]
 + yielded: \forall z\;[(~S(z) | PR(z))]
     - pattern subclass

Axiom: \forall x\;[(~(ASO(x) | NASO(x)) | SOB(x))] from http://colore.oor.net/dolce_taxonomy/dolce_taxonomy.clif
FF-PCNF: \forall z\;[((SOB(z) | ~ASO(z)) & (SOB(z) | ~NASO(z)))]
 + yielded: \forall z\;[(SOB(z) | ~ASO(z))]
     - pattern subclass
 + yielded: \forall z\;[(SOB(z) | ~NASO(z))]
     - pattern subclass

Axiom: \forall x\;[(~(SAG(x) | SC(x)) | ASO(x))] from http://colore.oor.net/dolce_taxonomy/dolce_taxonomy.clif
FF-PCNF: \forall z\;[((ASO(z) | ~SAG(z)) & (ASO(z) | ~SC(z)))]
 + yielded: \forall z\;[(ASO(z) | ~SAG(z))]
     - pattern subclass
 + yielded: \forall z\;[(ASO(z) | ~SC(z))]
     - pattern subclass

Axiom: \forall x\;[((~PT(x) | ED(x) | PD(x) | Q(x) | AB(x)) & (~(ED(x) | PD(x) | Q(x) | AB(x)) | PT(x)))] from http://colore.oor.net/dolce_taxonomy/dolce_taxonomy.clif
FF-PCNF: \forall z\;[((PT(z) | ~ED(z)) & (PT(z) | ~PD(z)) & (PT(z) | ~Q(z)) & (PT(z) | ~AB(z)) & (~PT(z) | ED(z) | PD(z) | Q(z) | AB(z)))]
 + yielded: \forall z\;[(PT(z) | ~ED(z))]
     - pattern subclass
 + yielded: \forall z\;[(PT(z) | ~PD(z))]
     - pattern subclass
 + yielded: \forall z\;[(PT(z) | ~Q(z))]
     - pattern subclass
 + yielded: \forall z\;[(PT(z) | ~AB(z))]
     - pattern subclass
 + yielded: \forall z\;[(~PT(z) | ED(z) | PD(z) | Q(z) | AB(z))]
     - pattern subclass

Axiom: \forall x\;[(~ED(x) | (~PD(x) & ~Q(x) & ~AB(x)))] from http://colore.oor.net/dolce_taxonomy/dolce_taxonomy.clif
FF-PCNF: \forall z\;[((~ED(z) | ~PD(z)) & (~ED(z) | ~Q(z)) & (~ED(z) | ~AB(z)))]
 + yielded: \forall z\;[(~ED(z) | ~PD(z))]
     - pattern disjoint_classes
 + yielded: \forall z\;[(~ED(z) | ~Q(z))]
     - pattern disjoint_classes
 + yielded: \forall z\;[(~ED(z) | ~AB(z))]
     - pattern disjoint_classes

Axiom: \forall x\;[(~PD(x) | (~Q(x) & ~AB(x)))] from http://colore.oor.net/dolce_taxonomy/dolce_taxonomy.clif
FF-PCNF: \forall z\;[((~PD(z) | ~Q(z)) & (~PD(z) | ~AB(z)))]
 + yielded: \forall z\;[(~PD(z) | ~Q(z))]
     - pattern disjoint_classes
 + yielded: \forall z\;[(~PD(z) | ~AB(z))]
     - pattern disjoint_classes

Axiom: \forall x\;[(~Q(x) | ~AB(x))] from http://colore.oor.net/dolce_taxonomy/dolce_taxonomy.clif
FF-PCNF: \forall z\;[(~Q(z) | ~AB(z))]
 + yielded: \forall z\;[(~Q(z) | ~AB(z))]
     - pattern disjoint_classes

Axiom: \forall x\;[((~ED(x) | PED(x) | NPED(x) | AS(x)) & (~(PED(x) | NPED(x) | AS(x)) | ED(x)))] from http://colore.oor.net/dolce_taxonomy/dolce_taxonomy.clif
FF-PCNF: \forall z\;[((ED(z) | ~PED(z)) & (ED(z) | ~NPED(z)) & (ED(z) | ~AS(z)) & (~ED(z) | PED(z) | NPED(z) | AS(z)))]
 + yielded: \forall z\;[(ED(z) | ~PED(z))]
     - pattern subclass
 + yielded: \forall z\;[(ED(z) | ~NPED(z))]
     - pattern subclass
 + yielded: \forall z\;[(ED(z) | ~AS(z))]
     - pattern subclass
 + yielded: \forall z\;[(~ED(z) | PED(z) | NPED(z) | AS(z))]
     - pattern subclass

Axiom: \forall x\;[(~PED(x) | (~NPED(x) & ~AS(x)))] from http://colore.oor.net/dolce_taxonomy/dolce_taxonomy.clif
FF-PCNF: \forall z\;[((~PED(z) | ~NPED(z)) & (~PED(z) | ~AS(z)))]
 + yielded: \forall z\;[(~PED(z) | ~NPED(z))]
     - pattern disjoint_classes
 + yielded: \forall z\;[(~PED(z) | ~AS(z))]
     - pattern disjoint_classes

Axiom: \forall x\;[(~NPED(x) | ~AS(x))] from http://colore.oor.net/dolce_taxonomy/dolce_taxonomy.clif
FF-PCNF: \forall z\;[(~NPED(z) | ~AS(z))]
 + yielded: \forall z\;[(~NPED(z) | ~AS(z))]
     - pattern disjoint_classes

Axiom: \forall x\;[((~PD(x) | EV(x) | STV(x)) & (~(EV(x) | STV(x)) | PD(x)))] from http://colore.oor.net/dolce_taxonomy/dolce_taxonomy.clif
FF-PCNF: \forall z\;[((PD(z) | ~EV(z)) & (PD(z) | ~STV(z)) & (~PD(z) | EV(z) | STV(z)))]
 + yielded: \forall z\;[(PD(z) | ~EV(z))]
     - pattern subclass
 + yielded: \forall z\;[(PD(z) | ~STV(z))]
     - pattern subclass
 + yielded: \forall z\;[(~PD(z) | EV(z) | STV(z))]
     - pattern subclass

Axiom: \forall x\;[(~EV(x) | ~STV(x))] from http://colore.oor.net/dolce_taxonomy/dolce_taxonomy.clif
FF-PCNF: \forall z\;[(~EV(z) | ~STV(z))]
 + yielded: \forall z\;[(~EV(z) | ~STV(z))]
     - pattern disjoint_classes

Axiom: \forall x\;[((~Q(x) | TQ(x) | PQ(x) | AQ(x)) & (~(TQ(x) | PQ(x) | AQ(x)) | Q(x)))] from http://colore.oor.net/dolce_taxonomy/dolce_taxonomy.clif
FF-PCNF: \forall z\;[((Q(z) | ~TQ(z)) & (Q(z) | ~PQ(z)) & (Q(z) | ~AQ(z)) & (~Q(z) | TQ(z) | PQ(z) | AQ(z)))]
 + yielded: \forall z\;[(Q(z) | ~TQ(z))]
     - pattern subclass
 + yielded: \forall z\;[(Q(z) | ~PQ(z))]
     - pattern subclass
 + yielded: \forall z\;[(Q(z) | ~AQ(z))]
     - pattern subclass
 + yielded: \forall z\;[(~Q(z) | TQ(z) | PQ(z) | AQ(z))]
     - pattern subclass

Axiom: \forall x\;[(~TQ(x) | (~PQ(x) & ~AQ(x)))] from http://colore.oor.net/dolce_taxonomy/dolce_taxonomy.clif
FF-PCNF: \forall z\;[((~TQ(z) | ~PQ(z)) & (~TQ(z) | ~AQ(z)))]
 + yielded: \forall z\;[(~TQ(z) | ~PQ(z))]
     - pattern disjoint_classes
 + yielded: \forall z\;[(~TQ(z) | ~AQ(z))]
     - pattern disjoint_classes

Axiom: \forall x\;[(~PQ(x) | ~AQ(x))] from http://colore.oor.net/dolce_taxonomy/dolce_taxonomy.clif
FF-PCNF: \forall z\;[(~PQ(z) | ~AQ(z))]
 + yielded: \forall z\;[(~PQ(z) | ~AQ(z))]
     - pattern disjoint_classes

Axiom: \forall x\;[((~PED(x) | M(x) | F(x) | POB(x)) & (~(M(x) | F(x) | POB(x)) | PED(x)))] from http://colore.oor.net/dolce_taxonomy/dolce_taxonomy.clif
FF-PCNF: \forall z\;[((PED(z) | ~M(z)) & (PED(z) | ~F(z)) & (PED(z) | ~POB(z)) & (~PED(z) | M(z) | F(z) | POB(z)))]
 + yielded: \forall z\;[(PED(z) | ~M(z))]
     - pattern subclass
 + yielded: \forall z\;[(PED(z) | ~F(z))]
     - pattern subclass
 + yielded: \forall z\;[(PED(z) | ~POB(z))]
     - pattern subclass
 + yielded: \forall z\;[(~PED(z) | M(z) | F(z) | POB(z))]
     - pattern subclass

Axiom: \forall x\;[(~M(x) | (~F(x) & ~POB(x)))] from http://colore.oor.net/dolce_taxonomy/dolce_taxonomy.clif
FF-PCNF: \forall z\;[((~M(z) | ~F(z)) & (~M(z) | ~POB(z)))]
 + yielded: \forall z\;[(~M(z) | ~F(z))]
     - pattern disjoint_classes
 + yielded: \forall z\;[(~M(z) | ~POB(z))]
     - pattern disjoint_classes

Axiom: \forall x\;[(~F(x) | ~POB(x))] from http://colore.oor.net/dolce_taxonomy/dolce_taxonomy.clif
FF-PCNF: \forall z\;[(~F(z) | ~POB(z))]
 + yielded: \forall z\;[(~F(z) | ~POB(z))]
     - pattern disjoint_classes

Axiom: \forall x\;[((~EV(x) | ACH(x) | ACC(x)) & (~(ACH(x) | ACC(x)) | EV(x)))] from http://colore.oor.net/dolce_taxonomy/dolce_taxonomy.clif
FF-PCNF: \forall z\;[((EV(z) | ~ACH(z)) & (EV(z) | ~ACC(z)) & (~EV(z) | ACH(z) | ACC(z)))]
 + yielded: \forall z\;[(EV(z) | ~ACH(z))]
     - pattern subclass
 + yielded: \forall z\;[(EV(z) | ~ACC(z))]
     - pattern subclass
 + yielded: \forall z\;[(~EV(z) | ACH(z) | ACC(z))]
     - pattern subclass

Axiom: \forall x\;[(~ACH(x) | ~ACC(x))] from http://colore.oor.net/dolce_taxonomy/dolce_taxonomy.clif
FF-PCNF: \forall z\;[(~ACH(z) | ~ACC(z))]
 + yielded: \forall z\;[(~ACH(z) | ~ACC(z))]
     - pattern disjoint_classes

Axiom: \forall x\;[((~STV(x) | ST(x) | PRO(x)) & (~(ST(x) | PRO(x)) | STV(x)))] from http://colore.oor.net/dolce_taxonomy/dolce_taxonomy.clif
FF-PCNF: \forall z\;[((STV(z) | ~ST(z)) & (STV(z) | ~PRO(z)) & (~STV(z) | ST(z) | PRO(z)))]
 + yielded: \forall z\;[(STV(z) | ~ST(z))]
     - pattern subclass
 + yielded: \forall z\;[(STV(z) | ~PRO(z))]
     - pattern subclass
 + yielded: \forall z\;[(~STV(z) | ST(z) | PRO(z))]
     - pattern subclass

Axiom: \forall x\;[(~ST(x) | ~PRO(x))] from http://colore.oor.net/dolce_taxonomy/dolce_taxonomy.clif
FF-PCNF: \forall z\;[(~ST(z) | ~PRO(z))]
 + yielded: \forall z\;[(~ST(z) | ~PRO(z))]
     - pattern disjoint_classes

Axiom: \forall x\;[((~R(x) | TR(x) | PR(x) | AR(x)) & (~(TR(x) | PR(x) | AR(x)) | R(x)))] from http://colore.oor.net/dolce_taxonomy/dolce_taxonomy.clif
FF-PCNF: \forall z\;[((R(z) | ~TR(z)) & (R(z) | ~PR(z)) & (R(z) | ~AR(z)) & (~R(z) | TR(z) | PR(z) | AR(z)))]
 + yielded: \forall z\;[(R(z) | ~TR(z))]
     - pattern subclass
 + yielded: \forall z\;[(R(z) | ~PR(z))]
     - pattern subclass
 + yielded: \forall z\;[(R(z) | ~AR(z))]
     - pattern subclass
 + yielded: \forall z\;[(~R(z) | TR(z) | PR(z) | AR(z))]
     - pattern subclass

Axiom: \forall x\;[(~TR(x) | (~PR(x) & ~AR(x)))] from http://colore.oor.net/dolce_taxonomy/dolce_taxonomy.clif
FF-PCNF: \forall z\;[((~TR(z) | ~PR(z)) & (~TR(z) | ~AR(z)))]
 + yielded: \forall z\;[(~TR(z) | ~PR(z))]
     - pattern disjoint_classes
 + yielded: \forall z\;[(~TR(z) | ~AR(z))]
     - pattern disjoint_classes

Axiom: \forall x\;[(~PR(x) | ~AR(x))] from http://colore.oor.net/dolce_taxonomy/dolce_taxonomy.clif
FF-PCNF: \forall z\;[(~PR(z) | ~AR(z))]
 + yielded: \forall z\;[(~PR(z) | ~AR(z))]
     - pattern disjoint_classes

Axiom: \forall x\;[((~POB(x) | APO(x) | NAPO(x)) & (~(APO(x) | NAPO(x)) | POB(x)))] from http://colore.oor.net/dolce_taxonomy/dolce_taxonomy.clif
FF-PCNF: \forall z\;[((POB(z) | ~APO(z)) & (POB(z) | ~NAPO(z)) & (~POB(z) | APO(z) | NAPO(z)))]
 + yielded: \forall z\;[(POB(z) | ~APO(z))]
     - pattern subclass
 + yielded: \forall z\;[(POB(z) | ~NAPO(z))]
     - pattern subclass
 + yielded: \forall z\;[(~POB(z) | APO(z) | NAPO(z))]
     - pattern subclass

Axiom: \forall x\;[(~APO(x) | ~NAPO(x))] from http://colore.oor.net/dolce_taxonomy/dolce_taxonomy.clif
FF-PCNF: \forall z\;[(~APO(z) | ~NAPO(z))]
 + yielded: \forall z\;[(~APO(z) | ~NAPO(z))]
     - pattern disjoint_classes

Axiom: \forall x\;[((~NPOB(x) | MOB(x) | SOB(x)) & (~(MOB(x) | SOB(x)) | NPOB(x)))] from http://colore.oor.net/dolce_taxonomy/dolce_taxonomy.clif
FF-PCNF: \forall z\;[((NPOB(z) | ~MOB(z)) & (NPOB(z) | ~SOB(z)) & (~NPOB(z) | MOB(z) | SOB(z)))]
 + yielded: \forall z\;[(NPOB(z) | ~MOB(z))]
     - pattern subclass
 + yielded: \forall z\;[(NPOB(z) | ~SOB(z))]
     - pattern subclass
 + yielded: \forall z\;[(~NPOB(z) | MOB(z) | SOB(z))]
     - pattern subclass

Axiom: \forall x\;[(~MOB(x) | ~SOB(x))] from http://colore.oor.net/dolce_taxonomy/dolce_taxonomy.clif
FF-PCNF: \forall z\;[(~MOB(z) | ~SOB(z))]
 + yielded: \forall z\;[(~MOB(z) | ~SOB(z))]
     - pattern disjoint_classes

Axiom: \forall x\;[((~SOB(x) | ASO(x) | NASO(x)) & (~(ASO(x) | NASO(x)) | SOB(x)))] from http://colore.oor.net/dolce_taxonomy/dolce_taxonomy.clif
FF-PCNF: \forall z\;[((SOB(z) | ~ASO(z)) & (SOB(z) | ~NASO(z)) & (~SOB(z) | ASO(z) | NASO(z)))]
 + yielded: \forall z\;[(SOB(z) | ~ASO(z))]
     - pattern subclass
 + yielded: \forall z\;[(SOB(z) | ~NASO(z))]
     - pattern subclass
 + yielded: \forall z\;[(~SOB(z) | ASO(z) | NASO(z))]
     - pattern subclass

Axiom: \forall x\;[(~ASO(x) | ~NASO(x))] from http://colore.oor.net/dolce_taxonomy/dolce_taxonomy.clif
FF-PCNF: \forall z\;[(~ASO(z) | ~NASO(z))]
 + yielded: \forall z\;[(~ASO(z) | ~NASO(z))]
     - pattern disjoint_classes

Axiom: \forall x\;[((~ASO(x) | SAG(x) | SC(x)) & (~(SAG(x) | SC(x)) | ASO(x)))] from http://colore.oor.net/dolce_taxonomy/dolce_taxonomy.clif
FF-PCNF: \forall z\;[((ASO(z) | ~SAG(z)) & (ASO(z) | ~SC(z)) & (~ASO(z) | SAG(z) | SC(z)))]
 + yielded: \forall z\;[(ASO(z) | ~SAG(z))]
     - pattern subclass
 + yielded: \forall z\;[(ASO(z) | ~SC(z))]
     - pattern subclass
 + yielded: \forall z\;[(~ASO(z) | SAG(z) | SC(z))]
     - pattern subclass

Axiom: \forall x\;[(~SAG(x) | ~SC(x))] from http://colore.oor.net/dolce_taxonomy/dolce_taxonomy.clif
FF-PCNF: \forall z\;[(~SAG(z) | ~SC(z))]
 + yielded: \forall z\;[(~SAG(z) | ~SC(z))]
     - pattern disjoint_classes

Axiom: \forall x,y,t\;[(~tP(x,y,t) | (ED(x) & ED(y) & T(t)))] from http://colore.oor.net/dolce_temporary_parthood/dolce_temporary_parthood.clif
FF-PCNF: \forall z,y,x\;[((~tP(z,y,x) | ED(z)) & (~tP(z,y,x) | ED(y)) & (~tP(z,y,x) | T(x)))]
 + yielded: \forall y,x,z\;[(~tP(z,y,x) | ED(z))]
 + yielded: \forall y,x,z\;[(~tP(z,y,x) | ED(y))]
 + yielded: \forall y,x,z\;[(~tP(z,y,x) | T(x))]

Axiom: \forall x,y,t\;[(~tP(x,y,t) | ((~PED(x) | PED(y)) & (~PED(y) | PED(x))))] from http://colore.oor.net/dolce_temporary_parthood/dolce_temporary_parthood.clif
FF-PCNF: \forall z,y,x\;[((~tP(z,y,x) | ~PED(y) | PED(z)) & (~tP(z,y,x) | ~PED(z) | PED(y)))]
 + yielded: \forall y,x,z\;[(~tP(z,y,x) | ~PED(y) | PED(z))]
 + yielded: \forall y,x,z\;[(~tP(z,y,x) | ~PED(z) | PED(y))]

Axiom: \forall x,y,t\;[(~tP(x,y,t) | ((~NPED(x) | NPED(y)) & (~NPED(y) | NPED(x))))] from http://colore.oor.net/dolce_temporary_parthood/dolce_temporary_parthood.clif
FF-PCNF: \forall z,y,x\;[((~tP(z,y,x) | ~NPED(y) | NPED(z)) & (~tP(z,y,x) | ~NPED(z) | NPED(y)))]
 + yielded: \forall y,x,z\;[(~tP(z,y,x) | ~NPED(y) | NPED(z))]
 + yielded: \forall y,x,z\;[(~tP(z,y,x) | ~NPED(z) | NPED(y))]

Axiom: \forall x,y,z,t\;[(~(tP(x,y,t) & tP(y,z,t)) | tP(x,z,t))] from http://colore.oor.net/dolce_temporary_parthood/dolce_temporary_parthood.clif
FF-PCNF: \forall z,y,x,w\;[(~tP(z,y,w) | ~tP(y,x,w) | tP(z,x,w))]
 + yielded: \forall z,y,x,w\;[(~tP(z,y,w) | ~tP(y,x,w) | tP(z,x,w))]

Axiom: \forall x,y,z,t\;[(~(ED(x) & ED(y) & PRE(x,t) & PRE(y,t) & ~tP(x,y,t)) | \exists z\;[(tP(z,x,t) & ~tO(z,y,t))])] from http://colore.oor.net/dolce_temporary_parthood/dolce_temporary_parthood.clif
FF-PCNF: \forall z,y,x,w\;[\exists v\;[((tP(z,y,w) | ~PRE(y,w) | ~PRE(z,w) | ~ED(y) | ~ED(z) | tP(v,z,w)) & (tP(z,y,w) | ~PRE(y,w) | ~PRE(z,w) | ~ED(y) | ~ED(z) | ~tO(v,y,w)))]]
 + yielded: \forall w,y,z\;[\exists v\;[(tP(z,y,w) | ~PRE(y,w) | ~PRE(z,w) | ~ED(y) | ~ED(z) | tP(v,z,w))]]
 + yielded: \forall w,y,z\;[\exists v\;[(tP(z,y,w) | ~PRE(y,w) | ~PRE(z,w) | ~ED(y) | ~ED(z) | ~tO(v,y,w))]]

Axiom: \forall x,t\;[(~(ED(x) & PRE(x,t)) | tP(x,x,t))] from http://colore.oor.net/dolce_temporary_parthood/dolce_temporary_parthood.clif
FF-PCNF: \forall z,y\;[(~ED(z) | ~PRE(z,y) | tP(z,z,y))]
 + yielded: \forall z,y\;[(~ED(z) | ~PRE(z,y) | tP(z,z,y))]

Axiom: \forall x,y,t\;[(~tP(x,y,t) | (PRE(x,t) & PRE(y,t)))] from http://colore.oor.net/dolce_temporary_parthood/dolce_temporary_parthood.clif
FF-PCNF: \forall z,y,x\;[((~tP(z,y,x) | PRE(z,x)) & (~tP(z,y,x) | PRE(y,x)))]
 + yielded: \forall y,x,z\;[(~tP(z,y,x) | PRE(z,x))]
 + yielded: \forall y,x,z\;[(~tP(z,y,x) | PRE(y,x))]

Axiom: \forall x,y,t1\;[(~tP(x,y,t1) | \forall t2\;[(~P(t2,t1) | tP(x,y,t2))])] from http://colore.oor.net/dolce_temporary_parthood/dolce_temporary_parthood.clif
FF-PCNF: \forall z,y,x,w\;[(~P(w,x) | tP(z,y,w) | ~tP(z,y,x))]
 + yielded: \forall z,y,x,w\;[(~P(w,x) | tP(z,y,w) | ~tP(z,y,x))]

Axiom: \forall x,y,t\;[((~tPP(x,y,t) | (tP(x,y,t) & ~tP(y,x,t))) & (~(tP(x,y,t) & ~tP(y,x,t)) | tPP(x,y,t)))] from http://colore.oor.net/dolce_temporary_parthood/dolce_temporary_parthood.clif
FF-PCNF: \forall z,y,x\;[((~tP(z,y,x) | tP(y,z,x) | tPP(z,y,x)) & (~tPP(z,y,x) | tP(z,y,x)) & (~tPP(z,y,x) | ~tP(y,z,x)))]
 + yielded: \forall y,x,z\;[(~tP(z,y,x) | tP(y,z,x) | tPP(z,y,x))]
 + yielded: \forall y,x,z\;[(~tPP(z,y,x) | tP(z,y,x))]
 + yielded: \forall y,x,z\;[(~tPP(z,y,x) | ~tP(y,z,x))]

Axiom: \forall x,y,t\;[((~tO(x,y,t) | \exists z\;[(tP(z,x,t) & tP(z,y,t))]) & (~\exists z\;[(tP(z,x,t) & tP(z,y,t))] | tO(x,y,t)))] from http://colore.oor.net/dolce_temporary_parthood/dolce_temporary_parthood.clif
((~tP(v,z,x) | ~tP(v,y,x) | tO(z,y,x)) & ((tP(w,z,x) & tP(w,y,x)) | ~tO(z,y,x)))
FF-PCNF: \forall z,y,x,v\;[\exists w\;[((~tP(v,z,x) | ~tP(v,y,x) | tO(z,y,x)) & (~tO(z,y,x) | tP(w,z,x)) & (~tO(z,y,x) | tP(w,y,x)))]]
 + yielded: \forall y,v,z,x\;[(~tP(v,z,x) | ~tP(v,y,x) | tO(z,y,x))]
 + yielded: \forall y,x,z\;[\exists w\;[(~tO(z,y,x) | tP(w,z,x))]]
 + yielded: \forall y,x,z\;[\exists w\;[(~tO(z,y,x) | tP(w,y,x))]]

Axiom: \forall x,y,t\;[((~tU(x,y,t) | \exists z\;[(tP(x,z,t) & tP(y,z,t))]) & (~\exists z\;[(tP(x,z,t) & tP(y,z,t))] | tU(x,y,t)))] from http://colore.oor.net/dolce_temporary_parthood/dolce_temporary_parthood.clif
((~tP(z,v,x) | ~tP(y,v,x) | tU(z,y,x)) & ((tP(z,w,x) & tP(y,w,x)) | ~tU(z,y,x)))
FF-PCNF: \forall z,y,x,v\;[\exists w\;[((~tP(z,v,x) | ~tP(y,v,x) | tU(z,y,x)) & (~tU(z,y,x) | tP(z,w,x)) & (~tU(z,y,x) | tP(y,w,x)))]]
 + yielded: \forall y,v,z,x\;[(~tP(z,v,x) | ~tP(y,v,x) | tU(z,y,x))]
 + yielded: \forall y,x,z\;[\exists w\;[(~tU(z,y,x) | tP(z,w,x))]]
 + yielded: \forall y,x,z\;[\exists w\;[(~tU(z,y,x) | tP(y,w,x))]]

Axiom: \forall x,t\;[((~tAtP(x,t) | \forall y\;[(~tP(y,x,t) | =(y,x))]) & (~\forall y\;[(~tP(y,x,t) | =(y,x))] | tAtP(x,t)))] from http://colore.oor.net/dolce_temporary_parthood/dolce_temporary_parthood.clif
((~tP(x,z,y) | =(x,z) | ~tAtP(z,y)) & ((tP(w,z,y) & ~=(w,z)) | tAtP(z,y)))
FF-PCNF: \forall z,y,x\;[\exists w\;[((~tP(x,z,y) | =(x,z) | ~tAtP(z,y)) & (tAtP(z,y) | tP(w,z,y)) & (tAtP(z,y) | ~=(w,z)))]]
 + yielded: \forall y,x,z\;[(~tP(x,z,y) | =(x,z) | ~tAtP(z,y))]
 + yielded: \forall y,z\;[\exists w\;[(tAtP(z,y) | tP(w,z,y))]]
 + yielded: \forall y,z\;[\exists w\;[(tAtP(z,y) | ~=(w,z))]]

Axiom: \forall x,y,t\;[(~tU(x,y,t) | \exists z\;[\forall v\;[((~tO(v,z,t) | tO(v,x,t) | tO(v,y,t)) & (~(tO(v,x,t) | tO(v,y,t)) | tO(v,z,t)))]])] from http://colore.oor.net/dolce_temporary_parthood/dolce_temporary_parthood.clif
FF-PCNF: \forall z,y,x\;[\exists w\;[\forall v\;[((tO(v,w,x) | ~tU(z,y,x) | ~tO(v,z,x)) & (tO(v,w,x) | ~tU(z,y,x) | ~tO(v,y,x)) & (~tU(z,y,x) | ~tO(v,w,x) | tO(v,z,x) | tO(v,y,x)))]]]
 + yielded: \forall y,x,z\;[\exists w\;[\forall v\;[((tO(v,w,x) | ~tU(z,y,x) | ~tO(v,z,x)) & (tO(v,w,x) | ~tU(z,y,x) | ~tO(v,y,x)) & (~tU(z,y,x) | ~tO(v,w,x) | tO(v,z,x) | tO(v,y,x)))]]]

Axiom: \forall x,y,t\;[(~tO(x,y,t) | \exists z\;[\forall v\;[((~tPP(v,z,t) | (tPP(v,x,t) & tPP(v,y,t))) & (~(tPP(v,x,t) & tPP(v,y,t)) | tPP(v,z,t)))]])] from http://colore.oor.net/dolce_temporary_parthood/dolce_temporary_parthood.clif
FF-PCNF: \forall z,y,x\;[\exists w\;[\forall v\;[((~tO(z,y,x) | ~tPP(v,z,x) | ~tPP(v,y,x) | tPP(v,w,x)) & (~tPP(v,w,x) | ~tO(z,y,x) | tPP(v,z,x)) & (~tPP(v,w,x) | ~tO(z,y,x) | tPP(v,y,x)))]]]
 + yielded: \forall y,x,z\;[\exists w\;[\forall v\;[((~tO(z,y,x) | ~tPP(v,z,x) | ~tPP(v,y,x) | tPP(v,w,x)) & (~tPP(v,w,x) | ~tO(z,y,x) | tPP(v,z,x)) & (~tPP(v,w,x) | ~tO(z,y,x) | tPP(v,y,x)))]]]

Axiom: \forall x\;[(~(ED(x) | PD(x) | Q(x)) | \exists t\;[PRE(x,t)])] from http://colore.oor.net/dolce_present/dolce_present.clif
FF-PCNF: \forall z\;[\exists y\;[((PRE(z,y) | ~ED(z)) & (PRE(z,y) | ~PD(z)) & (PRE(z,y) | ~Q(z)))]]
 + yielded: \forall z\;[\exists y\;[(PRE(z,y) | ~ED(z))]]
 + yielded: \forall z\;[\exists y\;[(PRE(z,y) | ~PD(z))]]
 + yielded: \forall z\;[\exists y\;[(PRE(z,y) | ~Q(z))]]

Axiom: \forall x,t,t1\;[(~(PRE(x,t) & P(t1,t)) | PRE(x,t1))] from http://colore.oor.net/dolce_present/dolce_present.clif
FF-PCNF: \forall z,y,x\;[(~PRE(z,y) | ~P(x,y) | PRE(z,x))]
 + yielded: \forall z,y,x\;[(~PRE(z,y) | ~P(x,y) | PRE(z,x))]

Axiom: \forall x,t\;[(~PRE(x,t) | T(t))] from http://colore.oor.net/dolce_present/dolce_present.clif
FF-PCNF: \forall z,y\;[(~PRE(z,y) | T(y))]
 + yielded: \forall z,y\;[(~PRE(z,y) | T(y))]
     - pattern range_restriction

Axiom: \forall x,t,t1,t2\;[(~(PRE(x,t1) & PRE(x,t2) & SUM(t,t1,t2)) | PRE(x,t))] from http://colore.oor.net/dolce_present/dolce_present.clif
FF-PCNF: \forall z,y,x,w\;[(~PRE(z,x) | ~PRE(z,w) | ~SUM(y,x,w) | PRE(z,y))]
 + yielded: \forall z,y,x,w\;[(~PRE(z,x) | ~PRE(z,w) | ~SUM(y,x,w) | PRE(z,y))]

Axiom: \forall x,y,t\;[(~PC(x,y,t) | (ED(x) & PD(y) & T(t)))] from http://colore.oor.net/dolce_participation/dolce_participation.clif
FF-PCNF: \forall z,y,x\;[((~PC(z,y,x) | ED(z)) & (~PC(z,y,x) | PD(y)) & (~PC(z,y,x) | T(x)))]
 + yielded: \forall y,x,z\;[(~PC(z,y,x) | ED(z))]
 + yielded: \forall y,x,z\;[(~PC(z,y,x) | PD(y))]
 + yielded: \forall y,x,z\;[(~PC(z,y,x) | T(x))]

Axiom: \forall x,t\;[(~(PD(x) & PRE(x,t)) | \exists y\;[PC(y,x,t)])] from http://colore.oor.net/dolce_participation/dolce_participation.clif
FF-PCNF: \forall z,y\;[\exists x\;[(PC(x,z,y) | ~PD(z) | ~PRE(z,y))]]
 + yielded: \forall z,y\;[\exists x\;[(PC(x,z,y) | ~PD(z) | ~PRE(z,y))]]

Axiom: \forall x\;[(~ED(x) | \exists y,t\;[PC(x,y,t)])] from http://colore.oor.net/dolce_participation/dolce_participation.clif
FF-PCNF: \forall z\;[\exists y,x\;[(PC(z,y,x) | ~ED(z))]]
 + yielded: \forall z\;[\exists y,x\;[(PC(z,y,x) | ~ED(z))]]

Axiom: \forall x,y,t\;[(~PC(x,y,t) | (PRE(x,t) & PRE(y,t)))] from http://colore.oor.net/dolce_participation/dolce_participation.clif
FF-PCNF: \forall z,y,x\;[((~PC(z,y,x) | PRE(z,x)) & (~PC(z,y,x) | PRE(y,x)))]
 + yielded: \forall y,x,z\;[(~PC(z,y,x) | PRE(z,x))]
 + yielded: \forall y,x,z\;[(~PC(z,y,x) | PRE(y,x))]

Axiom: \forall x,y,t\;[((~PC(x,y,t) | \forall t1\;[(~P(t1,t) | PC(x,y,t1))]) & (~\forall t1\;[(~P(t1,t) | PC(x,y,t1))] | PC(x,y,t)))] from http://colore.oor.net/dolce_participation/dolce_participation.clif
((~P(w,x) | PC(z,y,w) | ~PC(z,y,x)) & ((P(v,x) & ~PC(z,y,v)) | PC(z,y,x)))
FF-PCNF: \forall z,y,x,w\;[\exists v\;[((~P(w,x) | PC(z,y,w) | ~PC(z,y,x)) & (PC(z,y,x) | P(v,x)) & (PC(z,y,x) | ~PC(z,y,v)))]]
 + yielded: \forall w,y,x,z\;[(~P(w,x) | PC(z,y,w) | ~PC(z,y,x))]
 + yielded: \forall y,x,z\;[\exists v\;[(PC(z,y,x) | P(v,x))]]
 + yielded: \forall y,x,z\;[\exists v\;[(PC(z,y,x) | ~PC(z,y,v))]]

Axiom: \forall x,y\;[(~P(x,y) | ((AB(x) | PD(x)) & (AB(y) | PD(y))))] from http://colore.oor.net/dolce_mereology/dolce_mereology.clif
FF-PCNF: \forall z,y\;[((~P(z,y) | AB(y) | PD(y)) & (~P(z,y) | AB(z) | PD(z)))]
 + yielded: \forall y,z\;[(~P(z,y) | AB(y) | PD(y))]
     - pattern range_restriction
 + yielded: \forall y,z\;[(~P(z,y) | AB(z) | PD(z))]
     - pattern domain_restriction

Axiom: \forall x,y\;[(~P(x,y) | ((~PD(x) | PD(y)) & (~PD(y) | PD(x))))] from http://colore.oor.net/dolce_mereology/dolce_mereology.clif
FF-PCNF: \forall z,y\;[((~P(z,y) | ~PD(y) | PD(z)) & (~P(z,y) | ~PD(z) | PD(y)))]
 + yielded: \forall y,z\;[(~P(z,y) | ~PD(y) | PD(z))]
Constructing all-values pattern with inverse property P(z,y) with subclass [(PD(z), False)] and limit [(PD(y), False)]
     - pattern all_values
 + yielded: \forall y,z\;[(~P(z,y) | ~PD(z) | PD(y))]
     - pattern all_values

Axiom: \forall x,y\;[(~P(x,y) | ((~AB(x) | AB(y)) & (~AB(y) | AB(x))))] from http://colore.oor.net/dolce_mereology/dolce_mereology.clif
FF-PCNF: \forall z,y\;[((~P(z,y) | ~AB(y) | AB(z)) & (~P(z,y) | ~AB(z) | AB(y)))]
 + yielded: \forall y,z\;[(~P(z,y) | ~AB(y) | AB(z))]
Constructing all-values pattern with inverse property P(z,y) with subclass [(AB(z), False)] and limit [(AB(y), False)]
     - pattern all_values
 + yielded: \forall y,z\;[(~P(z,y) | ~AB(z) | AB(y))]
     - pattern all_values

Axiom: \forall x,y\;[(~(P(x,y) & (~TR(x) | R(x))) | ((~TR(x) | TR(y)) & (~TR(y) | TR(x))))] from http://colore.oor.net/dolce_mereology/dolce_mereology.clif
FF-PCNF: \forall z,y\;[((TR(z) | ~P(z,y) | ~TR(y)) & (~R(z) | ~P(z,y) | ~TR(y) | TR(z)) & (~R(z) | ~P(z,y) | ~TR(z) | TR(y)))]
 + yielded: \forall y,z\;[(TR(z) | ~P(z,y) | ~TR(y))]
Constructing all-values pattern with inverse property P(z,y) with subclass [(TR(z), False)] and limit [(TR(y), False)]
     - pattern all_values
 + yielded: \forall y,z\;[(~R(z) | ~P(z,y) | ~TR(y) | TR(z))]
Constructing all-values pattern with inverse property P(z,y) with subclass [(R(z), True), (TR(z), False)] and limit [(TR(y), False)]
     - pattern all_values
 + yielded: \forall y,z\;[(~R(z) | ~P(z,y) | ~TR(z) | TR(y))]
     - pattern all_values

Axiom: \forall x,y\;[(~(P(x,y) & (~PR(x) | R(x))) | ((~PR(x) | PR(y)) & (~PR(y) | PR(x))))] from http://colore.oor.net/dolce_mereology/dolce_mereology.clif
FF-PCNF: \forall z,y\;[((PR(z) | ~P(z,y) | ~PR(y)) & (~R(z) | ~P(z,y) | ~PR(y) | PR(z)) & (~R(z) | ~P(z,y) | ~PR(z) | PR(y)))]
 + yielded: \forall y,z\;[(PR(z) | ~P(z,y) | ~PR(y))]
Constructing all-values pattern with inverse property P(z,y) with subclass [(PR(z), False)] and limit [(PR(y), False)]
     - pattern all_values
 + yielded: \forall y,z\;[(~R(z) | ~P(z,y) | ~PR(y) | PR(z))]
Constructing all-values pattern with inverse property P(z,y) with subclass [(R(z), True), (PR(z), False)] and limit [(PR(y), False)]
     - pattern all_values
 + yielded: \forall y,z\;[(~R(z) | ~P(z,y) | ~PR(z) | PR(y))]
     - pattern all_values

Axiom: \forall x,y\;[(~(P(x,y) & (~AR(x) | R(x))) | ((~AR(x) | AR(y)) & (~AR(y) | AR(x))))] from http://colore.oor.net/dolce_mereology/dolce_mereology.clif
FF-PCNF: \forall z,y\;[((AR(z) | ~P(z,y) | ~AR(y)) & (~R(z) | ~P(z,y) | ~AR(y) | AR(z)) & (~R(z) | ~P(z,y) | ~AR(z) | AR(y)))]
 + yielded: \forall y,z\;[(AR(z) | ~P(z,y) | ~AR(y))]
Constructing all-values pattern with inverse property P(z,y) with subclass [(AR(z), False)] and limit [(AR(y), False)]
     - pattern all_values
 + yielded: \forall y,z\;[(~R(z) | ~P(z,y) | ~AR(y) | AR(z))]
Constructing all-values pattern with inverse property P(z,y) with subclass [(R(z), True), (AR(z), False)] and limit [(AR(y), False)]
     - pattern all_values
 + yielded: \forall y,z\;[(~R(z) | ~P(z,y) | ~AR(z) | AR(y))]
     - pattern all_values

Axiom: \forall x,y\;[(~(AB(x) | PD(x)) | P(x,x))] from http://colore.oor.net/dolce_mereology/dolce_mereology.clif
FF-PCNF: \forall z,y\;[((P(z,z) | ~AB(z)) & (P(z,z) | ~PD(z)))]
 + yielded: \forall z\;[(P(z,z) | ~AB(z))]
 + yielded: \forall z\;[(P(z,z) | ~PD(z))]

Axiom: \forall x,y\;[(~(P(x,y) & P(y,x)) | =(x,y))] from http://colore.oor.net/dolce_mereology/dolce_mereology.clif
FF-PCNF: \forall z,y\;[(~P(z,y) | ~P(y,z) | =(z,y))]
 + yielded: \forall z,y\;[(~P(z,y) | ~P(y,z) | =(z,y))]
     - pattern subproperty

Axiom: \forall x,y,z\;[(~(P(x,y) & P(y,z)) | P(x,z))] from http://colore.oor.net/dolce_mereology/dolce_mereology.clif
FF-PCNF: \forall z,y,x\;[(~P(z,y) | ~P(y,x) | P(z,x))]
 + yielded: \forall z,y,x\;[(~P(z,y) | ~P(y,x) | P(z,x))]
     - pattern transitive

Axiom: \forall x,y\;[(~((AB(x) | PD(x)) & ~P(x,y)) | \exists z\;[(P(z,x) & ~O(z,y))])] from http://colore.oor.net/dolce_mereology/dolce_mereology.clif
FF-PCNF: \forall z,y\;[\exists x\;[((~AB(z) | P(z,y) | P(x,z)) & (~AB(z) | P(z,y) | ~O(x,y)) & (~PD(z) | P(z,y) | P(x,z)) & (~PD(z) | P(z,y) | ~O(x,y)))]]
 + yielded: \forall y,z\;[\exists x\;[(~AB(z) | P(z,y) | P(x,z))]]
 + yielded: \forall y,z\;[\exists x\;[(~AB(z) | P(z,y) | ~O(x,y))]]
 + yielded: \forall y,z\;[\exists x\;[(~PD(z) | P(z,y) | P(x,z))]]
 + yielded: \forall y,z\;[\exists x\;[(~PD(z) | P(z,y) | ~O(x,y))]]

Axiom: \forall x,y\;[(~~P(x,y) | \exists z\;[(P(z,x) & DJ(z,y))])] from http://colore.oor.net/dolce_mereology/dolce_mereology.clif
FF-PCNF: \forall z,y\;[\exists x\;[((P(z,y) | P(x,z)) & (P(z,y) | DJ(x,y)))]]
 + yielded: \forall y,z\;[\exists x\;[(P(z,y) | P(x,z))]]
 + yielded: \forall y,z\;[\exists x\;[(P(z,y) | DJ(x,y))]]

Axiom: \forall x,y\;[((~PP(x,y) | (P(x,y) & ~P(y,x))) & (~(P(x,y) & ~P(y,x)) | PP(x,y)))] from http://colore.oor.net/dolce_mereology/dolce_mereology.clif
FF-PCNF: \forall z,y\;[((~P(z,y) | P(y,z) | PP(z,y)) & (~PP(z,y) | P(z,y)) & (~PP(z,y) | ~P(y,z)))]
 + yielded: \forall y,z\;[(~P(z,y) | P(y,z) | PP(z,y))]
 + yielded: \forall y,z\;[(~PP(z,y) | P(z,y))]
     - pattern subproperty
 + yielded: \forall y,z\;[(~PP(z,y) | ~P(y,z))]

Axiom: \forall x,y\;[((~O(x,y) | \exists z\;[(P(z,x) & P(z,y))]) & (~\exists z\;[(P(z,x) & P(z,y))] | O(x,y)))] from http://colore.oor.net/dolce_mereology/dolce_mereology.clif
((~P(w,z) | ~P(w,y) | O(z,y)) & ((P(x,z) & P(x,y)) | ~O(z,y)))
FF-PCNF: \forall z,y,w\;[\exists x\;[((~P(w,z) | ~P(w,y) | O(z,y)) & (~O(z,y) | P(x,z)) & (~O(z,y) | P(x,y)))]]
 + yielded: \forall w,y,z\;[(~P(w,z) | ~P(w,y) | O(z,y))]
     - pattern subproperty
 + yielded: \forall y,z\;[\exists x\;[(~O(z,y) | P(x,z))]]
 + yielded: \forall y,z\;[\exists x\;[(~O(z,y) | P(x,y))]]

Axiom: \forall x,y\;[((~DJ(x,y) | ~O(x,y)) & (~~O(x,y) | DJ(x,y)))] from http://colore.oor.net/dolce_mereology/dolce_mereology.clif
FF-PCNF: \forall z,y\;[((O(z,y) | DJ(z,y)) & (~DJ(z,y) | ~O(z,y)))]
 + yielded: \forall y,z\;[(O(z,y) | DJ(z,y))]
 + yielded: \forall y,z\;[(~DJ(z,y) | ~O(z,y))]
     - pattern disjoint_properties

Axiom: \forall x,y\;[((~U(x,y) | \exists z\;[(P(x,z) & P(y,z))]) & (~\exists z\;[(P(x,z) & P(y,z))] | U(x,y)))] from http://colore.oor.net/dolce_mereology/dolce_mereology.clif
((~P(z,w) | ~P(y,w) | U(z,y)) & ((P(z,x) & P(y,x)) | ~U(z,y)))
FF-PCNF: \forall z,y,w\;[\exists x\;[((~P(z,w) | ~P(y,w) | U(z,y)) & (~U(z,y) | P(z,x)) & (~U(z,y) | P(y,x)))]]
 + yielded: \forall w,y,z\;[(~P(z,w) | ~P(y,w) | U(z,y))]
     - pattern subproperty
 + yielded: \forall y,z\;[\exists x\;[(~U(z,y) | P(z,x))]]
 + yielded: \forall y,z\;[\exists x\;[(~U(z,y) | P(y,x))]]

Axiom: \forall x\;[((~AtP(x) | \forall y\;[(~P(y,x) | =(y,x))]) & (~\forall y\;[(~P(y,x) | =(y,x))] | AtP(x)))] from http://colore.oor.net/dolce_mereology/dolce_mereology.clif
((~P(y,z) | =(y,z) | ~AtP(z)) & ((P(x,z) & ~=(x,z)) | AtP(z)))
FF-PCNF: \forall z,y\;[\exists x\;[((~P(y,z) | =(y,z) | ~AtP(z)) & (AtP(z) | P(x,z)) & (AtP(z) | ~=(x,z)))]]
 + yielded: \forall y,z\;[(~P(y,z) | =(y,z) | ~AtP(z))]
 + yielded: \forall z\;[\exists x\;[(AtP(z) | P(x,z))]]
 + yielded: \forall z\;[\exists x\;[(AtP(z) | ~=(x,z))]]

Axiom: \forall x,y\;[(~U(x,y) | \exists z\;[\forall v\;[((~O(v,z) | O(v,x) | O(v,y)) & (~(O(v,x) | O(v,y)) | O(v,z)))]])] from http://colore.oor.net/dolce_mereology/dolce_mereology.clif
FF-PCNF: \forall z,y\;[\exists x\;[\forall w\;[((O(w,x) | ~U(z,y) | ~O(w,z)) & (O(w,x) | ~U(z,y) | ~O(w,y)) & (~U(z,y) | ~O(w,x) | O(w,z) | O(w,y)))]]]
 + yielded: \forall y,z\;[\exists x\;[\forall w\;[((O(w,x) | ~U(z,y) | ~O(w,z)) & (O(w,x) | ~U(z,y) | ~O(w,y)) & (~U(z,y) | ~O(w,x) | O(w,z) | O(w,y)))]]]

Axiom: \forall x,y\;[(~O(x,y) | \exists z\;[\forall v\;[((~PP(v,z) | (PP(v,x) & PP(v,y))) & (~(PP(v,x) & PP(v,y)) | PP(v,z)))]])] from http://colore.oor.net/dolce_mereology/dolce_mereology.clif
FF-PCNF: \forall z,y\;[\exists x\;[\forall w\;[((~O(z,y) | ~PP(w,z) | ~PP(w,y) | PP(w,x)) & (~PP(w,x) | ~O(z,y) | PP(w,z)) & (~PP(w,x) | ~O(z,y) | PP(w,y)))]]]
 + yielded: \forall y,z\;[\exists x\;[\forall w\;[((~O(z,y) | ~PP(w,z) | ~PP(w,y) | PP(w,x)) & (~PP(w,x) | ~O(z,y) | PP(w,z)) & (~PP(w,x) | ~O(z,y) | PP(w,y)))]]]

Axiom: \forall x,y,z\;[((~SUM(z,x,y) | \forall w\;[(~T(w) | ((~O(w,z) | O(w,x) | O(w,y)) & (~(O(w,x) | O(w,y)) | O(w,z))))]) & (~\forall w\;[(~T(w) | ((~O(w,z) | O(w,x) | O(w,y)) & (~(O(w,x) | O(w,y)) | O(w,z))))] | SUM(z,x,y)))] from http://colore.oor.net/dolce_mereology/dolce_mereology.clif
((~T(w) | ((O(w,x) | (~O(w,z) & ~O(w,y))) & (~O(w,x) | O(w,z) | O(w,y))) | ~SUM(x,z,y)) & ((T(v) & ((~O(v,x) & (O(v,z) | O(v,y))) | (O(v,x) & ~O(v,z) & ~O(v,y)))) | SUM(x,z,y)))
FF-PCNF: \forall z,y,x,w\;[\exists v\;[((O(w,x) | ~T(w) | ~SUM(x,z,y) | ~O(w,z)) & (O(w,x) | ~T(w) | ~SUM(x,z,y) | ~O(w,y)) & (~SUM(x,z,y) | ~T(w) | ~O(w,x) | O(w,z) | O(w,y)) & (SUM(x,z,y) | T(v)) & (O(v,x) | SUM(x,z,y) | O(v,z) | O(v,y)) & (~O(v,z) | SUM(x,z,y) | ~O(v,x)) & (SUM(x,z,y) | O(v,y)) & (~O(v,y) | SUM(x,z,y) | ~O(v,x)) & (SUM(x,z,y) | O(v,z)))]]
 + yielded: \forall w,y,x,z\;[(O(w,x) | ~T(w) | ~SUM(x,z,y) | ~O(w,z))]
 + yielded: \forall w,y,x,z\;[(O(w,x) | ~T(w) | ~SUM(x,z,y) | ~O(w,y))]
 + yielded: \forall w,y,x,z\;[(~SUM(x,z,y) | ~T(w) | ~O(w,x) | O(w,z) | O(w,y))]
 + yielded: \forall y,x,z\;[\exists v\;[(SUM(x,z,y) | T(v))]]
 + yielded: \forall y,x,z\;[\exists v\;[(O(v,x) | SUM(x,z,y) | O(v,z) | O(v,y))]]
 + yielded: \forall y,x,z\;[\exists v\;[(~O(v,z) | SUM(x,z,y) | ~O(v,x))]]
 + yielded: \forall y,x,z\;[\exists v\;[(SUM(x,z,y) | O(v,y))]]
 + yielded: \forall y,x,z\;[\exists v\;[(~O(v,y) | SUM(x,z,y) | ~O(v,x))]]
 + yielded: \forall y,x,z\;[\exists v\;[(SUM(x,z,y) | O(v,z))]]

Axiom: \forall x\;[MSD(tq(x),pd(x))] from http://colore.oor.net/dolce_dependence/dolce_dependence.clif
FF-PCNF: \forall z,y,x\;[(MSD(y,x) | ~TQ(z,y) | ~PD(z,x))]
 + yielded: \forall z,y,x\;[(MSD(y,x) | ~TQ(z,y) | ~PD(z,x))]
     - pattern subproperty
 + yielded: \forall a,b,c\;[(~TQ(a,b) | ~TQ(a,c) | =(c,b))]
     - (extra) pattern functional
     - (extra) pattern subproperty
 + yielded: \forall a,b,c\;[(~PD(a,b) | ~PD(a,c) | =(c,b))]
     - (extra) pattern functional
     - (extra) pattern subproperty

Axiom: \forall x\;[MSD_S(pq(x),ped(x))] from http://colore.oor.net/dolce_dependence/dolce_dependence.clif
FF-PCNF: \forall z,y,x\;[(MSD_S(y,x) | ~PQ(z,y) | ~PED(z,x))]
 + yielded: \forall z,y,x\;[(MSD_S(y,x) | ~PQ(z,y) | ~PED(z,x))]
     - pattern subproperty
 + yielded: \forall a,b,c\;[(~PED(a,b) | ~PED(a,c) | =(c,b))]
     - (extra) pattern functional
     - (extra) pattern subproperty
 + yielded: \forall a,b,c\;[(~PQ(a,b) | ~PQ(a,c) | =(c,b))]
     - (extra) pattern functional
     - (extra) pattern subproperty

Axiom: \forall x\;[MSD(aq(x),nped(x))] from http://colore.oor.net/dolce_dependence/dolce_dependence.clif
FF-PCNF: \forall z,y,x\;[(MSD(y,x) | ~AQ(z,y) | ~NPED(z,x))]
 + yielded: \forall z,y,x\;[(MSD(y,x) | ~AQ(z,y) | ~NPED(z,x))]
     - pattern subproperty
 + yielded: \forall a,b,c\;[(~AQ(a,b) | ~AQ(a,c) | =(c,b))]
     - (extra) pattern functional
     - (extra) pattern subproperty
 + yielded: \forall a,b,c\;[(~NPED(a,b) | ~NPED(a,c) | =(c,b))]
     - (extra) pattern functional
     - (extra) pattern subproperty

Axiom: \forall x\;[OGD(f(x),napo(x))] from http://colore.oor.net/dolce_dependence/dolce_dependence.clif
FF-PCNF: \forall z,y,x\;[(OGD(y,x) | ~F(z,y) | ~NAPO(z,x))]
 + yielded: \forall z,y,x\;[(OGD(y,x) | ~F(z,y) | ~NAPO(z,x))]
     - pattern subproperty
 + yielded: \forall a,b,c\;[(~F(a,b) | ~F(a,c) | =(c,b))]
     - (extra) pattern functional
     - (extra) pattern subproperty
 + yielded: \forall a,b,c\;[(~NAPO(a,b) | ~NAPO(a,c) | =(c,b))]
     - (extra) pattern functional
     - (extra) pattern subproperty

Axiom: \forall x\;[OSD(mob(x),apo(x))] from http://colore.oor.net/dolce_dependence/dolce_dependence.clif
FF-PCNF: \forall z,y,x\;[(OSD(y,x) | ~MOB(z,y) | ~APO(z,x))]
 + yielded: \forall z,y,x\;[(OSD(y,x) | ~MOB(z,y) | ~APO(z,x))]
     - pattern subproperty
 + yielded: \forall a,b,c\;[(~MOB(a,b) | ~MOB(a,c) | =(c,b))]
     - (extra) pattern functional
     - (extra) pattern subproperty
 + yielded: \forall a,b,c\;[(~APO(a,b) | ~APO(a,c) | =(c,b))]
     - (extra) pattern functional
     - (extra) pattern subproperty

Axiom: \forall x\;[OGD(sag(x),apo(x))] from http://colore.oor.net/dolce_dependence/dolce_dependence.clif
FF-PCNF: \forall z,y,x\;[(OGD(y,x) | ~SAG(z,y) | ~APO(z,x))]
 + yielded: \forall z,y,x\;[(OGD(y,x) | ~SAG(z,y) | ~APO(z,x))]
     - pattern subproperty
 + yielded: \forall a,b,c\;[(~SAG(a,b) | ~SAG(a,c) | =(c,b))]
     - (extra) pattern functional
     - (extra) pattern subproperty
 + yielded: \forall a,b,c\;[(~APO(a,b) | ~APO(a,c) | =(c,b))]
     - (extra) pattern functional
     - (extra) pattern subproperty

Axiom: \forall x\;[OGD(naso(x),sc(x))] from http://colore.oor.net/dolce_dependence/dolce_dependence.clif
FF-PCNF: \forall z,y,x\;[(OGD(y,x) | ~NASO(z,y) | ~SC(z,x))]
 + yielded: \forall z,y,x\;[(OGD(y,x) | ~NASO(z,y) | ~SC(z,x))]
     - pattern subproperty
 + yielded: \forall a,b,c\;[(~SC(a,b) | ~SC(a,c) | =(c,b))]
     - (extra) pattern functional
     - (extra) pattern subproperty
 + yielded: \forall a,b,c\;[(~NASO(a,b) | ~NASO(a,c) | =(c,b))]
     - (extra) pattern functional
     - (extra) pattern subproperty

Axiom: \forall x\;[OD(nped(x),ped(x))] from http://colore.oor.net/dolce_dependence/dolce_dependence.clif
FF-PCNF: \forall z,y,x\;[(OD(y,x) | ~NPED(z,y) | ~PED(z,x))]
 + yielded: \forall z,y,x\;[(OD(y,x) | ~NPED(z,y) | ~PED(z,x))]
     - pattern subproperty
 + yielded: \forall a,b,c\;[(~PED(a,b) | ~PED(a,c) | =(c,b))]
     - (extra) pattern functional
     - (extra) pattern subproperty
 + yielded: \forall a,b,c\;[(~NPED(a,b) | ~NPED(a,c) | =(c,b))]
     - (extra) pattern functional
     - (extra) pattern subproperty

Axiom: \forall phi,psi,rho\;[(~(SD(phi,psi) & SD(psi,rho) & DJ(phi,rho)) | SD(phi,rho))] from http://colore.oor.net/dolce_dependence/dolce_dependence.clif
FF-PCNF: \forall z,y,x\;[(~SD(z,y) | ~SD(y,x) | ~DJ(z,x) | SD(z,x))]
 + yielded: \forall z,y,x\;[(~SD(z,y) | ~SD(y,x) | ~DJ(z,x) | SD(z,x))]

Axiom: \forall phi,psi,rho\;[(~(GD(phi,psi) & GD(psi,rho) & DJ(phi,rho)) | GD(phi,rho))] from http://colore.oor.net/dolce_dependence/dolce_dependence.clif
FF-PCNF: \forall z,y,x\;[(~GD(z,y) | ~GD(y,x) | ~DJ(z,x) | GD(z,x))]
 + yielded: \forall z,y,x\;[(~GD(z,y) | ~GD(y,x) | ~DJ(z,x) | GD(z,x))]

Axiom: \forall phi,psi,rho\;[(~(SD(phi,psi) & GD(psi,rho) & DJ(phi,rho)) | GD(phi,rho))] from http://colore.oor.net/dolce_dependence/dolce_dependence.clif
FF-PCNF: \forall z,y,x\;[(~SD(z,y) | ~GD(y,x) | ~DJ(z,x) | GD(z,x))]
 + yielded: \forall z,y,x\;[(~SD(z,y) | ~GD(y,x) | ~DJ(z,x) | GD(z,x))]

Axiom: \forall phi,psi,rho\;[(~(GD(phi,psi) & SD(psi,rho) & DJ(phi,rho)) | GD(phi,rho))] from http://colore.oor.net/dolce_dependence/dolce_dependence.clif
FF-PCNF: \forall z,y,x\;[(~GD(z,y) | ~SD(y,x) | ~DJ(z,x) | GD(z,x))]
 + yielded: \forall z,y,x\;[(~GD(z,y) | ~SD(y,x) | ~DJ(z,x) | GD(z,x))]

Axiom: \forall phi,psi\;[(~SD_S(phi,psi) | SD(phi,psi))] from http://colore.oor.net/dolce_dependence/dolce_dependence.clif
FF-PCNF: \forall z,y\;[(~SD_S(z,y) | SD(z,y))]
 + yielded: \forall z,y\;[(~SD_S(z,y) | SD(z,y))]
     - pattern subproperty

Axiom: \forall phi,psi\;[(~GD_S(phi,psi) | GD(phi,psi))] from http://colore.oor.net/dolce_dependence/dolce_dependence.clif
FF-PCNF: \forall z,y\;[(~GD_S(z,y) | GD(z,y))]
 + yielded: \forall z,y\;[(~GD_S(z,y) | GD(z,y))]
     - pattern subproperty

Axiom: \forall x,y,t\;[(~K(x,y,t) | ((ED(x) | PD(x)) & (ED(y) | PD(y)) & T(t)))] from http://colore.oor.net/dolce_constitution/dolce_constitution.clif
FF-PCNF: \forall z,y,x\;[((~K(z,y,x) | T(x)) & (~K(z,y,x) | ED(y) | PD(y)) & (~K(z,y,x) | ED(z) | PD(z)))]
 + yielded: \forall y,x,z\;[(~K(z,y,x) | T(x))]
 + yielded: \forall y,x,z\;[(~K(z,y,x) | ED(y) | PD(y))]
 + yielded: \forall y,x,z\;[(~K(z,y,x) | ED(z) | PD(z))]

Axiom: \forall x,y,t\;[(~K(x,y,t) | ((~PED(x) | PED(y)) & (~PED(y) | PED(x))))] from http://colore.oor.net/dolce_constitution/dolce_constitution.clif
FF-PCNF: \forall z,y,x\;[((~K(z,y,x) | ~PED(y) | PED(z)) & (~K(z,y,x) | ~PED(z) | PED(y)))]
 + yielded: \forall y,x,z\;[(~K(z,y,x) | ~PED(y) | PED(z))]
 + yielded: \forall y,x,z\;[(~K(z,y,x) | ~PED(z) | PED(y))]

Axiom: \forall x,y,t\;[(~K(x,y,t) | ((~NPED(x) | NPED(y)) & (~NPED(y) | NPED(x))))] from http://colore.oor.net/dolce_constitution/dolce_constitution.clif
FF-PCNF: \forall z,y,x\;[((~K(z,y,x) | ~NPED(y) | NPED(z)) & (~K(z,y,x) | ~NPED(z) | NPED(y)))]
 + yielded: \forall y,x,z\;[(~K(z,y,x) | ~NPED(y) | NPED(z))]
 + yielded: \forall y,x,z\;[(~K(z,y,x) | ~NPED(z) | NPED(y))]

Axiom: \forall x,y,t\;[(~K(x,y,t) | ((~PD(x) | PD(y)) & (~PD(y) | PD(x))))] from http://colore.oor.net/dolce_constitution/dolce_constitution.clif
FF-PCNF: \forall z,y,x\;[((~K(z,y,x) | ~PD(y) | PD(z)) & (~K(z,y,x) | ~PD(z) | PD(y)))]
 + yielded: \forall y,x,z\;[(~K(z,y,x) | ~PD(y) | PD(z))]
 + yielded: \forall y,x,z\;[(~K(z,y,x) | ~PD(z) | PD(y))]

Axiom: \forall x,y,t\;[(~K(x,y,t) | ~K(y,x,t))] from http://colore.oor.net/dolce_constitution/dolce_constitution.clif
FF-PCNF: \forall z,y,x\;[(~K(z,y,x) | ~K(y,z,x))]
 + yielded: \forall z,y,x\;[(~K(z,y,x) | ~K(y,z,x))]

Axiom: \forall x,y,z,t\;[(~(K(x,y,t) & K(y,z,t)) | K(x,z,t))] from http://colore.oor.net/dolce_constitution/dolce_constitution.clif
FF-PCNF: \forall z,y,x,w\;[(~K(z,y,w) | ~K(y,x,w) | K(z,x,w))]
 + yielded: \forall z,y,x,w\;[(~K(z,y,w) | ~K(y,x,w) | K(z,x,w))]

Axiom: \forall x,y,t\;[(~K(x,y,t) | (PRE(x,t) & PRE(y,t)))] from http://colore.oor.net/dolce_constitution/dolce_constitution.clif
FF-PCNF: \forall z,y,x\;[((~K(z,y,x) | PRE(z,x)) & (~K(z,y,x) | PRE(y,x)))]
 + yielded: \forall y,x,z\;[(~K(z,y,x) | PRE(z,x))]
 + yielded: \forall y,x,z\;[(~K(z,y,x) | PRE(y,x))]

Axiom: \forall x,y,t\;[((~K(x,y,t) | \forall t2\;[(~P(t2,t) | K(x,y,t2))]) & (~\forall t2\;[(~P(t2,t) | K(x,y,t2))] | K(x,y,t)))] from http://colore.oor.net/dolce_constitution/dolce_constitution.clif
((~P(w,x) | K(z,y,w) | ~K(z,y,x)) & ((P(v,x) & ~K(z,y,v)) | K(z,y,x)))
FF-PCNF: \forall z,y,x,w\;[\exists v\;[((~P(w,x) | K(z,y,w) | ~K(z,y,x)) & (K(z,y,x) | P(v,x)) & (K(z,y,x) | ~K(z,y,v)))]]
 + yielded: \forall w,y,x,z\;[(~P(w,x) | K(z,y,w) | ~K(z,y,x))]
 + yielded: \forall y,x,z\;[\exists v\;[(K(z,y,x) | P(v,x))]]
 + yielded: \forall y,x,z\;[\exists v\;[(K(z,y,x) | ~K(z,y,v))]]

Axiom: \forall x,y,t,y1\;[(~(K(x,y,t) & tP(y1,y,t)) | \exists x1\;[(tP(x1,x,t) & K(x1,y1,t))])] from http://colore.oor.net/dolce_constitution/dolce_constitution.clif
FF-PCNF: \forall z,y,x,w\;[\exists v\;[((~tP(w,y,x) | ~K(z,y,x) | tP(v,z,x)) & (~tP(w,y,x) | ~K(z,y,x) | K(v,w,x)))]]
 + yielded: \forall w,y,x,z\;[\exists v\;[(~tP(w,y,x) | ~K(z,y,x) | tP(v,z,x))]]
 + yielded: \forall w,y,x,z\;[\exists v\;[(~tP(w,y,x) | ~K(z,y,x) | K(v,w,x))]]

2021-03-22 09:55:21,138 macleod.dl.owl                 INFO     Reduced 25 pairs to 12 sets of disjoint classes
2021-03-22 09:55:21,138 macleod.dl.owl                 INFO     Found equivalent classes: PT and  ['ED', 'PD', 'Q', 'AB'] 
2021-03-22 09:55:21,138 macleod.dl.owl                 INFO     Found equivalent classes: ED and  ['PED', 'NPED', 'AS'] 
2021-03-22 09:55:21,138 macleod.dl.owl                 INFO     Found equivalent classes: PD and  ['EV', 'STV'] 
2021-03-22 09:55:21,138 macleod.dl.owl                 INFO     Found equivalent classes: Q and  ['TQ', 'PQ', 'AQ'] 
2021-03-22 09:55:21,138 macleod.dl.owl                 INFO     Found equivalent classes: PED and  ['M', 'F', 'POB'] 
2021-03-22 09:55:21,138 macleod.dl.owl                 INFO     Found equivalent classes: EV and  ['ACH', 'ACC'] 
2021-03-22 09:55:21,138 macleod.dl.owl                 INFO     Found equivalent classes: STV and  ['ST', 'PRO'] 
2021-03-22 09:55:21,138 macleod.dl.owl                 INFO     Found equivalent classes: R and  ['TR', 'PR', 'AR'] 
2021-03-22 09:55:21,138 macleod.dl.owl                 INFO     Found equivalent classes: POB and  ['APO', 'NAPO'] 
2021-03-22 09:55:21,138 macleod.dl.owl                 INFO     Found equivalent classes: NPOB and  ['MOB', 'SOB'] 
2021-03-22 09:55:21,138 macleod.dl.owl                 INFO     Found equivalent classes: SOB and  ['ASO', 'NASO'] 
2021-03-22 09:55:21,138 macleod.dl.owl                 INFO     Found equivalent classes: ASO and  ['SAG', 'SC'] 

-- Translation --

<Ontology xmlns="http://www.w3.org/2002/07/owl#" ontologyIRI="http://colore.oor.net/dolce/dolce_colore.owl" versionIRI="http://colore.oor.net/dolce/dolce_colore.owl" xml:base="http://colore.oor.net/dolce/dolce_colore.owl#">
            <Prefix IRI="http://colore.oor.net/dolce/dolce_colore.owl#" name=""></Prefix>
            <Prefix IRI="http://www.w3.org/2002/07/owl#" name="owl"></Prefix>
            <Prefix IRI="http://www.w3.org/1999/02/22-rdf-syntax-ns#" name="rdf"></Prefix>
            <Prefix IRI="http://www.w3.org/XML/1998/namespace" name="xml"></Prefix>
            <Prefix IRI="http://www.w3.org/2001/XMLSchema#" name="xsd"></Prefix>
            <Prefix IRI="http://www.w3.org/2000/01/rdf-schema#" name="rdfs"></Prefix>
        <Declaration><Class IRI="T"></Class></Declaration><Declaration><ObjectProperty IRI="P"></ObjectProperty></Declaration><SubClassOf><Class IRI="T"></Class><ObjectAllValuesFrom><ObjectInverseOf><ObjectProperty IRI="P"></ObjectProperty></ObjectInverseOf><Class IRI="T"></Class></ObjectAllValuesFrom></SubClassOf><SubClassOf><Class IRI="T"></Class><ObjectAllValuesFrom><ObjectProperty IRI="P"></ObjectProperty><Class IRI="T"></Class></ObjectAllValuesFrom></SubClassOf><Declaration><ObjectProperty IRI="="></ObjectProperty></Declaration><Declaration><ObjectProperty IRI="O"></ObjectProperty></Declaration><Declaration><ObjectProperty IRI="DJ"></ObjectProperty></Declaration><Declaration><ObjectProperty IRI="PP"></ObjectProperty></Declaration><Declaration><ObjectProperty IRI="U"></ObjectProperty></Declaration><Declaration><Class IRI="AtP"></Class></Declaration><Declaration><Class IRI="ED"></Class></Declaration><Declaration><Class IRI="PD"></Class></Declaration><Declaration><Class IRI="Q"></Class></Declaration><Declaration><Class IRI="AB"></Class></Declaration><Declaration><Class IRI="PT"></Class></Declaration><Declaration><Class IRI="PED"></Class></Declaration><Declaration><Class IRI="NPED"></Class></Declaration><Declaration><Class IRI="AS"></Class></Declaration><Declaration><Class IRI="EV"></Class></Declaration><Declaration><Class IRI="STV"></Class></Declaration><Declaration><Class IRI="TQ"></Class></Declaration><Declaration><Class IRI="PQ"></Class></Declaration><Declaration><Class IRI="AQ"></Class></Declaration><Declaration><Class IRI="R"></Class></Declaration><Declaration><Class IRI="M"></Class></Declaration><Declaration><Class IRI="F"></Class></Declaration><Declaration><Class IRI="POB"></Class></Declaration><Declaration><Class IRI="NPOB"></Class></Declaration><Declaration><Class IRI="ACH"></Class></Declaration><Declaration><Class IRI="ACC"></Class></Declaration><Declaration><Class IRI="ST"></Class></Declaration><Declaration><Class IRI="PRO"></Class></Declaration><Declaration><Class IRI="TL"></Class></Declaration><Declaration><Class IRI="SL"></Class></Declaration><Declaration><Class IRI="TR"></Class></Declaration><Declaration><Class IRI="PR"></Class></Declaration><Declaration><Class IRI="AR"></Class></Declaration><Declaration><Class IRI="APO"></Class></Declaration><Declaration><Class IRI="NAPO"></Class></Declaration><Declaration><Class IRI="MOB"></Class></Declaration><Declaration><Class IRI="SOB"></Class></Declaration><Declaration><Class IRI="S"></Class></Declaration><Declaration><Class IRI="ASO"></Class></Declaration><Declaration><Class IRI="NASO"></Class></Declaration><Declaration><Class IRI="SAG"></Class></Declaration><Declaration><Class IRI="SC"></Class></Declaration><Declaration><ObjectProperty IRI="PRE"></ObjectProperty></Declaration><Declaration><ObjectProperty IRI="tAtP"></ObjectProperty></Declaration><ObjectPropertyRange><ObjectProperty IRI="PRE"></ObjectProperty><Class IRI="T"></Class></ObjectPropertyRange><ObjectPropertyRange><ObjectProperty IRI="P"></ObjectProperty><ObjectUnionOf><Class IRI="AB"></Class><Class IRI="PD"></Class></ObjectUnionOf></ObjectPropertyRange><ObjectPropertyDomain><ObjectProperty IRI="P"></ObjectProperty><ObjectUnionOf><Class IRI="AB"></Class><Class IRI="PD"></Class></ObjectUnionOf></ObjectPropertyDomain><SubClassOf><Class IRI="PD"></Class><ObjectAllValuesFrom><ObjectInverseOf><ObjectProperty IRI="P"></ObjectProperty></ObjectInverseOf><Class IRI="PD"></Class></ObjectAllValuesFrom></SubClassOf><SubClassOf><Class IRI="PD"></Class><ObjectAllValuesFrom><ObjectProperty IRI="P"></ObjectProperty><Class IRI="PD"></Class></ObjectAllValuesFrom></SubClassOf><SubClassOf><Class IRI="AB"></Class><ObjectAllValuesFrom><ObjectInverseOf><ObjectProperty IRI="P"></ObjectProperty></ObjectInverseOf><Class IRI="AB"></Class></ObjectAllValuesFrom></SubClassOf><SubClassOf><Class IRI="AB"></Class><ObjectAllValuesFrom><ObjectProperty IRI="P"></ObjectProperty><Class IRI="AB"></Class></ObjectAllValuesFrom></SubClassOf><SubClassOf><Class IRI="TR"></Class><ObjectAllValuesFrom><ObjectInverseOf><ObjectProperty IRI="P"></ObjectProperty></ObjectInverseOf><Class IRI="TR"></Class></ObjectAllValuesFrom></SubClassOf><SubClassOf><Class IRI="TR"></Class><ObjectAllValuesFrom><ObjectInverseOf><ObjectProperty IRI="P"></ObjectProperty></ObjectInverseOf><ObjectUnionOf><ObjectComplementOf><Class IRI="R"></Class></ObjectComplementOf><Class IRI="TR"></Class></ObjectUnionOf></ObjectAllValuesFrom></SubClassOf><SubClassOf><ObjectIntersectionOf><Class IRI="R"></Class><Class IRI="TR"></Class></ObjectIntersectionOf><ObjectAllValuesFrom><ObjectProperty IRI="P"></ObjectProperty><Class IRI="TR"></Class></ObjectAllValuesFrom></SubClassOf><SubClassOf><Class IRI="PR"></Class><ObjectAllValuesFrom><ObjectInverseOf><ObjectProperty IRI="P"></ObjectProperty></ObjectInverseOf><Class IRI="PR"></Class></ObjectAllValuesFrom></SubClassOf><SubClassOf><Class IRI="PR"></Class><ObjectAllValuesFrom><ObjectInverseOf><ObjectProperty IRI="P"></ObjectProperty></ObjectInverseOf><ObjectUnionOf><ObjectComplementOf><Class IRI="R"></Class></ObjectComplementOf><Class IRI="PR"></Class></ObjectUnionOf></ObjectAllValuesFrom></SubClassOf><SubClassOf><ObjectIntersectionOf><Class IRI="R"></Class><Class IRI="PR"></Class></ObjectIntersectionOf><ObjectAllValuesFrom><ObjectProperty IRI="P"></ObjectProperty><Class IRI="PR"></Class></ObjectAllValuesFrom></SubClassOf><SubClassOf><Class IRI="AR"></Class><ObjectAllValuesFrom><ObjectInverseOf><ObjectProperty IRI="P"></ObjectProperty></ObjectInverseOf><Class IRI="AR"></Class></ObjectAllValuesFrom></SubClassOf><SubClassOf><Class IRI="AR"></Class><ObjectAllValuesFrom><ObjectInverseOf><ObjectProperty IRI="P"></ObjectProperty></ObjectInverseOf><ObjectUnionOf><ObjectComplementOf><Class IRI="R"></Class></ObjectComplementOf><Class IRI="AR"></Class></ObjectUnionOf></ObjectAllValuesFrom></SubClassOf><SubClassOf><ObjectIntersectionOf><Class IRI="R"></Class><Class IRI="AR"></Class></ObjectIntersectionOf><ObjectAllValuesFrom><ObjectProperty IRI="P"></ObjectProperty><Class IRI="AR"></Class></ObjectAllValuesFrom></SubClassOf><TransitiveObjectProperty><ObjectProperty IRI="P"></ObjectProperty></TransitiveObjectProperty><SubObjectPropertyOf><ObjectProperty IRI="PP"></ObjectProperty><ObjectProperty IRI="P"></ObjectProperty></SubObjectPropertyOf><DisjointObjectProperties><ObjectProperty IRI="DJ"></ObjectProperty><ObjectProperty IRI="O"></ObjectProperty></DisjointObjectProperties><Declaration><ObjectProperty IRI="MSD"></ObjectProperty></Declaration><Declaration><ObjectProperty IRI="TQ"></ObjectProperty></Declaration><Declaration><ObjectProperty IRI="PD"></ObjectProperty></Declaration><FunctionalObjectProperty><ObjectProperty IRI="TQ"></ObjectProperty></FunctionalObjectProperty><FunctionalObjectProperty><ObjectProperty IRI="PD"></ObjectProperty></FunctionalObjectProperty><Declaration><ObjectProperty IRI="MSD_S"></ObjectProperty></Declaration><Declaration><ObjectProperty IRI="PQ"></ObjectProperty></Declaration><Declaration><ObjectProperty IRI="PED"></ObjectProperty></Declaration><FunctionalObjectProperty><ObjectProperty IRI="PED"></ObjectProperty></FunctionalObjectProperty><FunctionalObjectProperty><ObjectProperty IRI="PQ"></ObjectProperty></FunctionalObjectProperty><Declaration><ObjectProperty IRI="AQ"></ObjectProperty></Declaration><Declaration><ObjectProperty IRI="NPED"></ObjectProperty></Declaration><FunctionalObjectProperty><ObjectProperty IRI="AQ"></ObjectProperty></FunctionalObjectProperty><FunctionalObjectProperty><ObjectProperty IRI="NPED"></ObjectProperty></FunctionalObjectProperty><Declaration><ObjectProperty IRI="OGD"></ObjectProperty></Declaration><Declaration><ObjectProperty IRI="F"></ObjectProperty></Declaration><Declaration><ObjectProperty IRI="NAPO"></ObjectProperty></Declaration><FunctionalObjectProperty><ObjectProperty IRI="F"></ObjectProperty></FunctionalObjectProperty><FunctionalObjectProperty><ObjectProperty IRI="NAPO"></ObjectProperty></FunctionalObjectProperty><Declaration><ObjectProperty IRI="OSD"></ObjectProperty></Declaration><Declaration><ObjectProperty IRI="MOB"></ObjectProperty></Declaration><Declaration><ObjectProperty IRI="APO"></ObjectProperty></Declaration><FunctionalObjectProperty><ObjectProperty IRI="MOB"></ObjectProperty></FunctionalObjectProperty><FunctionalObjectProperty><ObjectProperty IRI="APO"></ObjectProperty></FunctionalObjectProperty><Declaration><ObjectProperty IRI="SAG"></ObjectProperty></Declaration><FunctionalObjectProperty><ObjectProperty IRI="SAG"></ObjectProperty></FunctionalObjectProperty><Declaration><ObjectProperty IRI="NASO"></ObjectProperty></Declaration><Declaration><ObjectProperty IRI="SC"></ObjectProperty></Declaration><FunctionalObjectProperty><ObjectProperty IRI="SC"></ObjectProperty></FunctionalObjectProperty><FunctionalObjectProperty><ObjectProperty IRI="NASO"></ObjectProperty></FunctionalObjectProperty><Declaration><ObjectProperty IRI="OD"></ObjectProperty></Declaration><Declaration><ObjectProperty IRI="SD"></ObjectProperty></Declaration><Declaration><ObjectProperty IRI="GD"></ObjectProperty></Declaration><Declaration><ObjectProperty IRI="SD_S"></ObjectProperty></Declaration><SubObjectPropertyOf><ObjectProperty IRI="SD_S"></ObjectProperty><ObjectProperty IRI="SD"></ObjectProperty></SubObjectPropertyOf><Declaration><ObjectProperty IRI="GD_S"></ObjectProperty></Declaration><SubObjectPropertyOf><ObjectProperty IRI="GD_S"></ObjectProperty><ObjectProperty IRI="GD"></ObjectProperty></SubObjectPropertyOf><DisjointClasses><Class IRI="ED"></Class><Class IRI="AB"></Class><Class IRI="Q"></Class><Class IRI="PD"></Class></DisjointClasses><DisjointClasses><Class IRI="F"></Class><Class IRI="POB"></Class><Class IRI="M"></Class></DisjointClasses><DisjointClasses><Class IRI="AQ"></Class><Class IRI="PQ"></Class><Class IRI="TQ"></Class></DisjointClasses><DisjointClasses><Class IRI="APO"></Class><Class IRI="NAPO"></Class></DisjointClasses><DisjointClasses><Class IRI="TR"></Class><Class IRI="PR"></Class><Class IRI="AR"></Class></DisjointClasses><DisjointClasses><Class IRI="ACH"></Class><Class IRI="ACC"></Class></DisjointClasses><DisjointClasses><Class IRI="MOB"></Class><Class IRI="SOB"></Class></DisjointClasses><DisjointClasses><Class IRI="STV"></Class><Class IRI="EV"></Class></DisjointClasses><DisjointClasses><Class IRI="PED"></Class><Class IRI="AS"></Class><Class IRI="NPED"></Class></DisjointClasses><DisjointClasses><Class IRI="PRO"></Class><Class IRI="ST"></Class></DisjointClasses><DisjointClasses><Class IRI="ASO"></Class><Class IRI="NASO"></Class></DisjointClasses><DisjointClasses><Class IRI="SAG"></Class><Class IRI="SC"></Class></DisjointClasses><EquivalentClasses><Class IRI="PT"></Class><ObjectUnionOf><Class IRI="ED"></Class><Class IRI="PD"></Class><Class IRI="Q"></Class><Class IRI="AB"></Class></ObjectUnionOf></EquivalentClasses><EquivalentClasses><Class IRI="ED"></Class><ObjectUnionOf><Class IRI="PED"></Class><Class IRI="NPED"></Class><Class IRI="AS"></Class></ObjectUnionOf></EquivalentClasses><EquivalentClasses><Class IRI="PD"></Class><ObjectUnionOf><Class IRI="EV"></Class><Class IRI="STV"></Class></ObjectUnionOf></EquivalentClasses><DisjointUnion><Class IRI="PD"></Class><Class IRI="EV"></Class><Class IRI="STV"></Class></DisjointUnion><EquivalentClasses><Class IRI="Q"></Class><ObjectUnionOf><Class IRI="TQ"></Class><Class IRI="PQ"></Class><Class IRI="AQ"></Class></ObjectUnionOf></EquivalentClasses><EquivalentClasses><Class IRI="PED"></Class><ObjectUnionOf><Class IRI="M"></Class><Class IRI="F"></Class><Class IRI="POB"></Class></ObjectUnionOf></EquivalentClasses><EquivalentClasses><Class IRI="EV"></Class><ObjectUnionOf><Class IRI="ACH"></Class><Class IRI="ACC"></Class></ObjectUnionOf></EquivalentClasses><DisjointUnion><Class IRI="EV"></Class><Class IRI="ACH"></Class><Class IRI="ACC"></Class></DisjointUnion><EquivalentClasses><Class IRI="STV"></Class><ObjectUnionOf><Class IRI="ST"></Class><Class IRI="PRO"></Class></ObjectUnionOf></EquivalentClasses><DisjointUnion><Class IRI="STV"></Class><Class IRI="ST"></Class><Class IRI="PRO"></Class></DisjointUnion><EquivalentClasses><Class IRI="R"></Class><ObjectUnionOf><Class IRI="TR"></Class><Class IRI="PR"></Class><Class IRI="AR"></Class></ObjectUnionOf></EquivalentClasses><EquivalentClasses><Class IRI="POB"></Class><ObjectUnionOf><Class IRI="APO"></Class><Class IRI="NAPO"></Class></ObjectUnionOf></EquivalentClasses><DisjointUnion><Class IRI="POB"></Class><Class IRI="APO"></Class><Class IRI="NAPO"></Class></DisjointUnion><EquivalentClasses><Class IRI="NPOB"></Class><ObjectUnionOf><Class IRI="MOB"></Class><Class IRI="SOB"></Class></ObjectUnionOf></EquivalentClasses><DisjointUnion><Class IRI="NPOB"></Class><Class IRI="MOB"></Class><Class IRI="SOB"></Class></DisjointUnion><EquivalentClasses><Class IRI="SOB"></Class><ObjectUnionOf><Class IRI="ASO"></Class><Class IRI="NASO"></Class></ObjectUnionOf></EquivalentClasses><DisjointUnion><Class IRI="SOB"></Class><Class IRI="ASO"></Class><Class IRI="NASO"></Class></DisjointUnion><EquivalentClasses><Class IRI="ASO"></Class><ObjectUnionOf><Class IRI="SAG"></Class><Class IRI="SC"></Class></ObjectUnionOf></EquivalentClasses><DisjointUnion><Class IRI="ASO"></Class><Class IRI="SAG"></Class><Class IRI="SC"></Class></DisjointUnion><SubClassOf><Class IRI="PED"></Class><Class IRI="ED"></Class></SubClassOf><SubClassOf><Class IRI="ACC"></Class><Class IRI="EV"></Class></SubClassOf><SubClassOf><Class IRI="EV"></Class><Class IRI="PD"></Class></SubClassOf><SubClassOf><Class IRI="NAPO"></Class><Class IRI="POB"></Class></SubClassOf><SubClassOf><Class IRI="ACH"></Class><Class IRI="EV"></Class></SubClassOf><SubClassOf><Class IRI="T"></Class><Class IRI="TR"></Class></SubClassOf><SubClassOf><Class IRI="NPOB"></Class><Class IRI="NPED"></Class></SubClassOf><SubClassOf><Class IRI="R"></Class><Class IRI="AB"></Class></SubClassOf><SubClassOf><Class IRI="AR"></Class><Class IRI="R"></Class></SubClassOf><SubClassOf><Class IRI="POB"></Class><Class IRI="PED"></Class></SubClassOf><SubClassOf><Class IRI="SAG"></Class><Class IRI="ASO"></Class></SubClassOf><SubClassOf><Class IRI="SC"></Class><Class IRI="ASO"></Class></SubClassOf><SubClassOf><Class IRI="NPED"></Class><Class IRI="ED"></Class></SubClassOf><SubClassOf><Class IRI="APO"></Class><Class IRI="POB"></Class></SubClassOf><SubClassOf><Class IRI="STV"></Class><Class IRI="PD"></Class></SubClassOf><SubClassOf><Class IRI="PQ"></Class><Class IRI="Q"></Class></SubClassOf><SubClassOf><Class IRI="ST"></Class><Class IRI="STV"></Class></SubClassOf><SubClassOf><Class IRI="AB"></Class><Class IRI="PT"></Class></SubClassOf><SubClassOf><Class IRI="Q"></Class><Class IRI="PT"></Class></SubClassOf><SubClassOf><Class IRI="S"></Class><Class IRI="PR"></Class></SubClassOf><SubClassOf><Class IRI="PD"></Class><Class IRI="PT"></Class></SubClassOf><SubClassOf><Class IRI="TQ"></Class><Class IRI="Q"></Class></SubClassOf><SubClassOf><Class IRI="SL"></Class><Class IRI="PQ"></Class></SubClassOf><SubClassOf><Class IRI="SOB"></Class><Class IRI="NPOB"></Class></SubClassOf><SubClassOf><Class IRI="NASO"></Class><Class IRI="SOB"></Class></SubClassOf><SubClassOf><Class IRI="ASO"></Class><Class IRI="SOB"></Class></SubClassOf><SubClassOf><Class IRI="TL"></Class><Class IRI="TQ"></Class></SubClassOf><SubClassOf><Class IRI="PR"></Class><Class IRI="R"></Class></SubClassOf><SubClassOf><Class IRI="M"></Class><Class IRI="PED"></Class></SubClassOf><SubClassOf><Class IRI="PRO"></Class><Class IRI="STV"></Class></SubClassOf><SubClassOf><Class IRI="ED"></Class><Class IRI="PT"></Class></SubClassOf><SubClassOf><Class IRI="TR"></Class><Class IRI="R"></Class></SubClassOf><SubClassOf><Class IRI="AQ"></Class><Class IRI="Q"></Class></SubClassOf><SubClassOf><Class IRI="AS"></Class><Class IRI="ED"></Class></SubClassOf><SubClassOf><Class IRI="F"></Class><Class IRI="PED"></Class></SubClassOf><SubClassOf><Class IRI="MOB"></Class><Class IRI="NPOB"></Class></SubClassOf></Ontology>
2021-03-22 09:55:21,138 macleod.Ontology               INFO     Approximating C:\Users\torsten\GitHub\colore\ontologies\dolce\dolce_colore.clif as an OWL ontology
2021-03-22 09:55:21,154 macleod.scripts.parser         INFO     Produced OWL file C:\Users\torsten\GitHub\colore\ontologies\dolce\owl\dolce_colore.all.owl
