============================== Prover9 ===============================
Prover9 (64) version 2009-11A, November 2009.
Process 23688 was started by torsten on stl-ws2,
Fri Nov  2 18:08:22 2012
The command was "prover9 -t 600 -f multidim_space_voids/input/voids_extended.p9 multidim_space_voids/input/voids.p9  multidim_space_spch/input/spch.p9 multidim_space_space/input/space.p9  multidim_space_ped/input/ped.p9  multidim_mereotopology_zex/input/zex.p9 space/input/dim_prime_linear.p9 space/input/cont_c.p9 space/input/codi_down.p9 multidim_space_codib/input/codib_down.p9 multidim_space_codib/input/codib_updown.p9 multidim_space_codib/input/icon.p9  multidim_mereotopology_codi/definitions/input/min_max_in_dim.p9  multidim_mereotopology_codi/definitions/input/po.p9  multidim_mereotopology_codi/definitions/input/inc.p9  multidim_mereotopology_codi/definitions/input/sc.p9  multidim_mereotopology_codib/definitions/input/closed.p9  multidim_mereotopology_codib/definitions/input/icont.p9  multidim_mereotopology_codib/definitions/input/tcont.p9  multidim_mereotopology_codi/definitions/input/epp.p9  multidim_mereotopology_codi/definitions/input/ep.p9 space/theorems/input/options.txt multidim_space_voids/theorems/input/voids_extended_theorems_1.p9".
============================== end of head ===========================

============================== INPUT =================================

% Reading from file multidim_space_voids/input/voids_extended.p9


formulas(sos).
(all x all y (hostsh(x,y) <-> hostsv(x,y) & ICon(r(x)))).
(all x all y (hostsg(x,y) <-> hostsv(x,y) & -ICon(r(x)))).
(all y (Hole(y) <-> (exists x hostsh(x,y)))).
(all y (Gap(y) <-> (exists x hostsg(x,y)))).
(all x all v (hostsv(x,v) -> op(x,v) = intersection(r(v),difference(U,sum(r(x),r(v)))))).
(all x all y (hostscavity(x,y) <-> hostsv(x,y) & -Covers(r(x),op(x,y)))).
(all y (CAVITY(y) <-> (exists x hostscavity(x,y)))).
(all x all y (hostscavityi(x,y) <-> hostscavity(x,y) & ZEX(op(x,y)))).
(all x all y (hostscavityt(x,y) <-> hostscavity(x,y) & -ZEX(op(x,y)))).
(all x all y (hostshollow(x,y) <-> hostsv(x,y) & Covers(r(x),op(x,y)) & ICon(op(x,y)))).
(all y (HOL(y) <-> (exists x hostshollow(x,y)))).
(all x all y (hoststunnel(x,y) <-> hostsv(x,y) & Covers(r(x),op(x,y)) & -ICon(op(x,y)))).
(all y (TUN(y) <-> (exists x hoststunnel(x,y)))).
(all x all y (hostsve(x,y) <-> hostsv(x,y) & (exists z (P(z,op(x,y)) & (all u (hostsv(x,u) & EqDim(intersection(z,r(u)),z) -> PO(r(y),r(u)) & Cont(intersection(z,r(u)),op(x,u)))))))).
(all x all y (hostsvi(x,y) <-> hostsv(x,y) & -hostsve(x,y))).
(all v all o (PO(v,porespace(o)) <-> (exists m (DK1(m,o) & (all u (hostsv(o,u) -> -PO(v,r(u)))) & (exists u (hostsv(m,u) & PO(v,r(u)))))))).
(all v all o (PO(v,voidspace(o)) <-> PO(v,porespace(o)) | (exists u (hostsv(o,u) & PO(v,r(u)))))).
(all o (-ZEX(porespace(o)) -> (exists v exists m (r(v) = porespace(o) & hostsv(m,v) & DK1(m,o))))).
(all o (-ZEX(voidspace(o)) -> (exists v exists m (r(v) = voidspace(o) & hostsv(m,v) & DK1(m,o))))).
(all v all o (PO(v,convoidspace(o)) <-> (exists u (PO(v,u) & ICon(u) & Cont(u,voidspace(o)) & StrongC(u,difference(Uni,sum(r(o),voidspace(o)))))))).
(all v all o (PO(v,conporespace(o)) <-> (exists u (PO(v,u) & ICon(u) & Cont(u,porespace(o)) & StrongC(u,difference(Uni,sum(r(o),porespace(o)))))))).
end_of_list.

% Reading from file multidim_space_voids/input/voids.p9


formulas(sos).
(all x all y (VS(x,y) <-> PED(x) & S(y) & Cont(y,ch(x)) & -PO(y,r(x)))).
(all x all y (SimpleV(y) <-> ICon(r(y)) & (exists x hostsv(x,y)))).
(all x all y (ComplexV(y) <-> -ICon(r(y)) & (exists x hostsv(x,y)))).
(all x (V(x) <-> SimpleV(x) | ComplexV(x))).
(all x all y (hostsv(x,y) -> hosts(x,y) & VS(x,r(y)) & StrongC(r(x),r(y)))).
(all x all y all z (hostsv(x,y) & ComplexV(y) & PO(r(z),r(y)) -> (exists v (hostsv(x,v) & SimpleV(v) & PO(r(z),r(v)))))).
(all x all y (hosts(x,y) & V(y) -> -V(x))).
(all x all y (hostsv(x,y) & RPF(x) -> (exists z (hosts(z,x) & -F(z) & hostsv(z,y))))).
(all x all y (hostsv(x,y) & -F(x) -> (exists z (hosts(x,z) & RPF(z) & hostsv(z,y))))).
(all x all y all z (hostsv(x,y) & hostsv(x,z) & PO(r(y),r(z)) -> Cont(r(y),r(z)) | Cont(r(z),r(y)))).
(all x all y all v (hostsv(x,y) & P(r(x),r(y)) & PED(y) & -DPF(y) & -Cont(r(v),r(y)) -> (exists u (Cont(difference(r(v),r(y)),r(u)) & hostsv(y,u))))).
(all x all y all v (hostsv(x,v) & P(r(y),r(x)) & PED(y) & -DPF(y) & PO(r(v),ch(y)) -> (exists u (r(u) = intersection(r(v),ch(y)) & hostsv(y,u))))).
end_of_list.

% Reading from file  multidim_space_spch/input/spch.p9


formulas(sos).
(all x S(ch(x))).
(all x ch(x) = ch(r(x))).
(all x (-ZEX(x) -> ICon(ch(x)))).
(all x ch(x) = ch(ch(x))).
(all x (-ZEX(x) -> Cont(r(x),ch(x)))).
(all x (-ZEX(x) & -Closed(r(x)) -> TCont(r(x),ch(x)))).
(all x all y (Cont(r(x),r(y)) -> Cont(ch(x),ch(y)))).
(all x all y (ch(x) = ch(y) & -ZEX(x) -> C(r(x),r(y)))).
(all x all y (MaxDim(r(x)) & MaxDim(r(y)) & r(x) = ch(x) & r(y) = ch(y) -> intersection(ch(x),ch(y)) = ch(intersection(ch(x),ch(y))))).
(all x all y (ICont(r(x),r(y)) & -Closed(difference(r(y),r(x))) -> difference(r(y),r(x)) != ch(difference(r(y),r(x))))).
(all x all y (ICont(r(x),r(y)) & MaxDim(r(x)) & MaxDim(r(y)) -> Cont(r(x),ch(difference(r(y),r(x)))))).
(all x all y (-ZEX(x) | -ZEX(y) -> (exists z exists v (TSum(r(x),r(y),r(z)) & TSum(ch(x),ch(y),r(v)) & Cont(v,ch(z)))))).
(all x all y all z all v all w (EqDim(x,y) & EqDim(y,z) & SC(x,y) & SC(y,z) & -C(x,z) & TSum(x,y,v) & TSum(y,z,w) & v = ch(v) & w = ch(w) -> y = ch(y))).
end_of_list.

% Reading from file multidim_space_space/input/space.p9


formulas(sos).
(all x (-PED(x) | -S(x))).
(all x S(r(x))).
(all x (S(x) <-> x = r(x))).
(all x all y (Cont(x,y) -> S(x) & S(y))).
(all x all y (x < y -> S(x) & S(y))).
(all x (ZEX(x) -> S(x))).
(all x all y (BCont(x,y) -> S(x) & S(y))).
(all x (PED(x) -> MaxDim(r(x)))).
(all x all y (DK1(x,y) -> P(r(x),r(y)))).
(all x all y (hosts(x,y) -> (RPF(y) <-> P(r(x),r(y))))).
(all x all y all m all n (hosts(x,y) & RPF(y) & DK1(m,x) & DK1(n,y) -> P(r(n),r(m)))).
(all x all y (hosts(x,y) -> (DPF(y) <-> -PO(r(x),r(y))))).
end_of_list.

% Reading from file  multidim_space_ped/input/ped.p9


formulas(sos).
(all x (PED(x) -> POD(x) | M(x) | F(x))).
(all x (POD(x) -> PED(x))).
(all x (M(x) -> PED(x))).
(all x (F(x) -> PED(x))).
(all x (POD(x) -> -M(x))).
(all x (POD(x) -> -F(x))).
(all x (M(x) -> -F(x))).
(all x (NAPO(x) -> POD(x))).
(all x all y (hosts(x,y) -> PED(x) & F(y))).
(all x (F(x) <-> (exists y hosts(y,x)))).
(all x all y (hosts(x,y) -> -hosts(y,x))).
(all x (F(x) <-> RPF(x) | DPF(x))).
(all x (-RPF(x) | -DPF(x))).
(all x all y (DK1(x,y) -> M(x))).
(all x all y (DK1(x,y) -> POD(y) | F(y))).
(all x all y all z (DK1(x,y) & DK1(z,y) -> x = z)).
(all y (POD(y) | RPF(y) -> (exists x DK1(x,y)))).
end_of_list.

% Reading from file  multidim_mereotopology_zex/input/zex.p9


formulas(sos).
(exists x ZEX(x)).
end_of_list.

% Reading from file space/input/dim_prime_linear.p9


formulas(sos).
(all x -(x < x)).
(all x all y (x < y -> -(y < x))).
(all x all y all z (x < y & y <= z -> x < z)).
(all x all y (ZEX(x) & ZEX(y) -> x = y)).
(all x all y (ZEX(x) & S(y) & -ZEX(y) -> x < y)).
(all x all y (EqDim(x,y) <-> S(x) & S(y) & -(x < y) & -(y < x))).
(all x all y (x <= y <-> x < y | EqDim(x,y))).
(all x (MaxDim(x) <-> S(x) & (all y (S(y) -> y <= x)))).
(all x (MinDim(x) <-> S(x) & -ZEX(x) & (all y (S(y) & y < x -> ZEX(y))))).
(all x all y (Covers(x,y) <-> y < x & (all z (S(z) -> -(y < z & z < x))))).
(exists x MinDim(x)).
end_of_list.

% Reading from file space/input/cont_c.p9


formulas(sos).
(all x (S(x) & -ZEX(x) <-> Cont(x,x))).
(all x all y (Cont(x,y) & Cont(y,x) -> x = y)).
(all x all y all z (Cont(x,y) & Cont(y,z) -> Cont(x,z))).
(all x all y (ZEX(x) -> S(x) & -Cont(y,x) & -Cont(x,y))).
(all x all y (ZEX(x) & ZEX(y) -> x = y)).
(all x all y (C(x,y) <-> (exists z (Cont(z,x) & Cont(z,y))))).
end_of_list.

% Reading from file space/input/codi_down.p9


formulas(sos).
(all x all y (Cont(x,y) -> x < y | EqDim(x,y))).
(all x all y (S(x) & S(y) & -C(x,y) <-> ZEX(intersection(x,y)))).
(all x all y (S(x) & S(y) & -ZEX(intersection(x,y)) -> Cont(intersection(x,y),x))).
(all x all y all z (Cont(z,x) & Cont(z,y) -> z <= intersection(x,y))).
(all x all y all z (Cont(z,x) & Cont(z,y) & EqDim(z,intersection(x,y)) <-> P(z,intersection(x,y)))).
(all x all y (S(x) & S(y) & -ZEX(difference(x,y)) -> EqDim(x,difference(x,y)))).
(all x all y (y < x -> x = difference(x,y))).
(all x all y all z (x <= y & Cont(z,x) & intersection(z,y) < z -> Cont(z,difference(x,y)))).
(all x all y all z (x <= y & Cont(z,difference(x,y)) -> Cont(z,x))).
(all x all y all z (x <= y & P(z,difference(x,y)) -> intersection(z,y) < z)).
(all x all y (ZEX(difference(x,y)) <-> ZEX(x) | Cont(x,y))).
end_of_list.

% Reading from file multidim_space_codib/input/codib_down.p9


formulas(sos).
(all x (S(x) & -ZEX(x) -> (exists y (P(y,x) & Min(y))))).
(all x all y (S(x) & S(y) & BCont(x,y) -> Cont(x,y) & Inc(x,y))).
(all x all y all v all z (S(x) & S(y) & S(v) & S(z) & SC(x,y) & Min(x) & P(x,v) & Cont(y,v) & Cont(z,x) & Cont(z,y) -> BCont(z,x))).
(all x all y all z all v (S(x) & S(y) & S(v) & S(z) & SC(x,y) & P(x,v) & P(y,v) & Cont(z,x) & Cont(z,y) & Covers(v,z) -> -BCont(z,v))).
(all x all y all z (S(x) & S(y) & S(z) & BCont(x,y) & P(y,z) & (all v all w (S(v) & S(w) & P(v,z) & -PO(v,y) & P(w,x) -> -Cont(w,v))) -> BCont(x,z))).
(all x all y all z (S(x) & S(y) & S(z) & BCont(x,y) & Cont(z,x) -> BCont(z,y))).
(all x all y (S(x) & S(y) & BCont(x,y) <-> S(x) & S(y) & -ZEX(x) & (all z (P(z,x) & Min(z) -> BCont(z,y))))).
end_of_list.

% Reading from file multidim_space_codib/input/codib_updown.p9


formulas(sos).
(all x all y all z all v (TSum(x,y,z) & TSum(x,y,v) -> S(x) & S(y) & S(z) & v = z)).
(all x all y all z (TSum(x,y,z) -> TSum(y,x,z))).
(all x all y (x < y -> TSum(x,y,y))).
(all x all y all z all v (TSum(x,y,z) & x <= y & Cont(v,y) -> Cont(v,z))).
(all x all y all z all v (TSum(x,y,z) & Cont(v,z) & -Cont(v,x) -> Cont(difference(v,x),y))).
(all x all y all z (S(z) & EqDim(x,y) & (all v (PO(v,z) <-> PO(v,x) | PO(v,y))) -> TSum(x,y,z))).
(all x all y (EqDim(x,y) & (all z (Cont(z,x) & Cont(z,y) & Min(z) -> (exists u exists v (P(u,x) & P(v,y) & BCont(z,u) & BCont(z,v))))) -> (exists z TSum(x,y,z)))).
(all x (S(x) & -ZEX(x) -> Cont(x,Uni))).
end_of_list.

% Reading from file multidim_space_codib/input/icon.p9


formulas(sos).
(all x (Con(x) <-> S(x) & (all y (PP(y,x) -> SC(y,difference(x,y)))))).
(all x (ICon(x) <-> Con(x) & (all y (PP(y,x) -> Covers(x,intersection(y,difference(x,y))))))).
(all x (UCon(x) <-> S(x) & Con(x) & (all y all z (PP(y,x) & Cont(z,y) & Cont(z,difference(x,y)) -> Cont(z,intersection(y,difference(x,y))))))).
(all x all y (StrongC(x,y) <-> SC(x,y) & EqDim(x,y) & Covers(x,intersection(x,y)))).
end_of_list.

% Reading from file  multidim_mereotopology_codi/definitions/input/min_max_in_dim.p9


formulas(sos).
(all x (Max(x) <-> -ZEX(x) & (all y -PP(x,y)))).
(all x (Min(x) <-> -ZEX(x) & (all y -PP(y,x)))).
end_of_list.

% Reading from file  multidim_mereotopology_codi/definitions/input/po.p9


formulas(sos).
(all x all y (PO(x,y) <-> (exists z (P(z,x) & P(z,y))))).
end_of_list.

% Reading from file  multidim_mereotopology_codi/definitions/input/inc.p9


formulas(sos).
(all x all y (Inc(x,y) <-> (exists z (z < x & Cont(z,x) & P(z,y))) | (exists z (z < y & Cont(z,y) & P(z,x))))).
end_of_list.

% Reading from file  multidim_mereotopology_codi/definitions/input/sc.p9


formulas(sos).
(all x all y (SC(x,y) <-> (exists z (Cont(z,x) & Cont(z,y))) & (all z (Cont(z,x) & Cont(z,y) -> z < x & z < y)))).
end_of_list.

% Reading from file  multidim_mereotopology_codib/definitions/input/closed.p9


formulas(sos).
(all x (Closed(x) <-> (all y -BCont(y,x)))).
end_of_list.

% Reading from file  multidim_mereotopology_codib/definitions/input/icont.p9


formulas(sos).
(all x all y (ICont(x,y) <-> Cont(x,y) & (all z (Cont(z,x) -> -BCont(z,y))))).
end_of_list.

% Reading from file  multidim_mereotopology_codib/definitions/input/tcont.p9


formulas(sos).
(all x all y (TCont(x,y) <-> Cont(x,y) & (exists z (Cont(z,x) & BCont(z,y))))).
end_of_list.

% Reading from file  multidim_mereotopology_codi/definitions/input/epp.p9


formulas(sos).
(all x all y (PP(x,y) <-> P(x,y) & x != y)).
end_of_list.

% Reading from file  multidim_mereotopology_codi/definitions/input/ep.p9


formulas(sos).
(all x all y (P(x,y) <-> Cont(x,y) & EqDim(x,y))).
end_of_list.

% Reading from file space/theorems/input/options.txt

clear(auto_denials).
clear(print_initial_clauses).
clear(print_kept).
clear(print_given).

% Reading from file multidim_space_voids/theorems/input/voids_extended_theorems_1.p9


formulas(goals).
(all x (V(x) -> Hole(x) | Gap(x))).
end_of_list.

============================== end of input ==========================

% From the command line: assign(max_seconds, 600).

============================== PROCESS NON-CLAUSAL FORMULAS ==========

% Formulas that are not ordinary clauses:
1 (all x all y (hostsh(x,y) <-> hostsv(x,y) & ICon(r(x)))) # label(non_clause).  [assumption].
2 (all x all y (hostsg(x,y) <-> hostsv(x,y) & -ICon(r(x)))) # label(non_clause).  [assumption].
3 (all y (Hole(y) <-> (exists x hostsh(x,y)))) # label(non_clause).  [assumption].
4 (all y (Gap(y) <-> (exists x hostsg(x,y)))) # label(non_clause).  [assumption].
5 (all x all v (hostsv(x,v) -> op(x,v) = intersection(r(v),difference(U,sum(r(x),r(v)))))) # label(non_clause).  [assumption].
6 (all x all y (hostscavity(x,y) <-> hostsv(x,y) & -Covers(r(x),op(x,y)))) # label(non_clause).  [assumption].
7 (all y (CAVITY(y) <-> (exists x hostscavity(x,y)))) # label(non_clause).  [assumption].
8 (all x all y (hostscavityi(x,y) <-> hostscavity(x,y) & ZEX(op(x,y)))) # label(non_clause).  [assumption].
9 (all x all y (hostscavityt(x,y) <-> hostscavity(x,y) & -ZEX(op(x,y)))) # label(non_clause).  [assumption].
10 (all x all y (hostshollow(x,y) <-> hostsv(x,y) & Covers(r(x),op(x,y)) & ICon(op(x,y)))) # label(non_clause).  [assumption].
11 (all y (HOL(y) <-> (exists x hostshollow(x,y)))) # label(non_clause).  [assumption].
12 (all x all y (hoststunnel(x,y) <-> hostsv(x,y) & Covers(r(x),op(x,y)) & -ICon(op(x,y)))) # label(non_clause).  [assumption].
13 (all y (TUN(y) <-> (exists x hoststunnel(x,y)))) # label(non_clause).  [assumption].
14 (all x all y (hostsve(x,y) <-> hostsv(x,y) & (exists z (P(z,op(x,y)) & (all u (hostsv(x,u) & EqDim(intersection(z,r(u)),z) -> PO(r(y),r(u)) & Cont(intersection(z,r(u)),op(x,u)))))))) # label(non_clause).  [assumption].
15 (all x all y (hostsvi(x,y) <-> hostsv(x,y) & -hostsve(x,y))) # label(non_clause).  [assumption].
16 (all v all o (PO(v,porespace(o)) <-> (exists m (DK1(m,o) & (all u (hostsv(o,u) -> -PO(v,r(u)))) & (exists u (hostsv(m,u) & PO(v,r(u)))))))) # label(non_clause).  [assumption].
17 (all v all o (PO(v,voidspace(o)) <-> PO(v,porespace(o)) | (exists u (hostsv(o,u) & PO(v,r(u)))))) # label(non_clause).  [assumption].
18 (all o (-ZEX(porespace(o)) -> (exists v exists m (r(v) = porespace(o) & hostsv(m,v) & DK1(m,o))))) # label(non_clause).  [assumption].
19 (all o (-ZEX(voidspace(o)) -> (exists v exists m (r(v) = voidspace(o) & hostsv(m,v) & DK1(m,o))))) # label(non_clause).  [assumption].
20 (all v all o (PO(v,convoidspace(o)) <-> (exists u (PO(v,u) & ICon(u) & Cont(u,voidspace(o)) & StrongC(u,difference(Uni,sum(r(o),voidspace(o)))))))) # label(non_clause).  [assumption].
21 (all v all o (PO(v,conporespace(o)) <-> (exists u (PO(v,u) & ICon(u) & Cont(u,porespace(o)) & StrongC(u,difference(Uni,sum(r(o),porespace(o)))))))) # label(non_clause).  [assumption].
22 (all x all y (VS(x,y) <-> PED(x) & S(y) & Cont(y,ch(x)) & -PO(y,r(x)))) # label(non_clause).  [assumption].
23 (all x all y (SimpleV(y) <-> ICon(r(y)) & (exists x hostsv(x,y)))) # label(non_clause).  [assumption].
24 (all x all y (ComplexV(y) <-> -ICon(r(y)) & (exists x hostsv(x,y)))) # label(non_clause).  [assumption].
25 (all x (V(x) <-> SimpleV(x) | ComplexV(x))) # label(non_clause).  [assumption].
26 (all x all y (hostsv(x,y) -> hosts(x,y) & VS(x,r(y)) & StrongC(r(x),r(y)))) # label(non_clause).  [assumption].
27 (all x all y all z (hostsv(x,y) & ComplexV(y) & PO(r(z),r(y)) -> (exists v (hostsv(x,v) & SimpleV(v) & PO(r(z),r(v)))))) # label(non_clause).  [assumption].
28 (all x all y (hosts(x,y) & V(y) -> -V(x))) # label(non_clause).  [assumption].
29 (all x all y (hostsv(x,y) & RPF(x) -> (exists z (hosts(z,x) & -F(z) & hostsv(z,y))))) # label(non_clause).  [assumption].
30 (all x all y (hostsv(x,y) & -F(x) -> (exists z (hosts(x,z) & RPF(z) & hostsv(z,y))))) # label(non_clause).  [assumption].
31 (all x all y all z (hostsv(x,y) & hostsv(x,z) & PO(r(y),r(z)) -> Cont(r(y),r(z)) | Cont(r(z),r(y)))) # label(non_clause).  [assumption].
32 (all x all y all v (hostsv(x,y) & P(r(x),r(y)) & PED(y) & -DPF(y) & -Cont(r(v),r(y)) -> (exists u (Cont(difference(r(v),r(y)),r(u)) & hostsv(y,u))))) # label(non_clause).  [assumption].
33 (all x all y all v (hostsv(x,v) & P(r(y),r(x)) & PED(y) & -DPF(y) & PO(r(v),ch(y)) -> (exists u (r(u) = intersection(r(v),ch(y)) & hostsv(y,u))))) # label(non_clause).  [assumption].
34 (all x S(ch(x))) # label(non_clause).  [assumption].
35 (all x ch(x) = ch(r(x))) # label(non_clause).  [assumption].
36 (all x (-ZEX(x) -> ICon(ch(x)))) # label(non_clause).  [assumption].
37 (all x ch(x) = ch(ch(x))) # label(non_clause).  [assumption].
38 (all x (-ZEX(x) -> Cont(r(x),ch(x)))) # label(non_clause).  [assumption].
39 (all x (-ZEX(x) & -Closed(r(x)) -> TCont(r(x),ch(x)))) # label(non_clause).  [assumption].
40 (all x all y (Cont(r(x),r(y)) -> Cont(ch(x),ch(y)))) # label(non_clause).  [assumption].
41 (all x all y (ch(x) = ch(y) & -ZEX(x) -> C(r(x),r(y)))) # label(non_clause).  [assumption].
42 (all x all y (MaxDim(r(x)) & MaxDim(r(y)) & r(x) = ch(x) & r(y) = ch(y) -> intersection(ch(x),ch(y)) = ch(intersection(ch(x),ch(y))))) # label(non_clause).  [assumption].
43 (all x all y (ICont(r(x),r(y)) & -Closed(difference(r(y),r(x))) -> difference(r(y),r(x)) != ch(difference(r(y),r(x))))) # label(non_clause).  [assumption].
44 (all x all y (ICont(r(x),r(y)) & MaxDim(r(x)) & MaxDim(r(y)) -> Cont(r(x),ch(difference(r(y),r(x)))))) # label(non_clause).  [assumption].
45 (all x all y (-ZEX(x) | -ZEX(y) -> (exists z exists v (TSum(r(x),r(y),r(z)) & TSum(ch(x),ch(y),r(v)) & Cont(v,ch(z)))))) # label(non_clause).  [assumption].
46 (all x all y all z all v all w (EqDim(x,y) & EqDim(y,z) & SC(x,y) & SC(y,z) & -C(x,z) & TSum(x,y,v) & TSum(y,z,w) & v = ch(v) & w = ch(w) -> y = ch(y))) # label(non_clause).  [assumption].
47 (all x (-PED(x) | -S(x))) # label(non_clause).  [assumption].
48 (all x S(r(x))) # label(non_clause).  [assumption].
49 (all x (S(x) <-> x = r(x))) # label(non_clause).  [assumption].
50 (all x all y (Cont(x,y) -> S(x) & S(y))) # label(non_clause).  [assumption].
51 (all x all y (x < y -> S(x) & S(y))) # label(non_clause).  [assumption].
52 (all x (ZEX(x) -> S(x))) # label(non_clause).  [assumption].
53 (all x all y (BCont(x,y) -> S(x) & S(y))) # label(non_clause).  [assumption].
54 (all x (PED(x) -> MaxDim(r(x)))) # label(non_clause).  [assumption].
55 (all x all y (DK1(x,y) -> P(r(x),r(y)))) # label(non_clause).  [assumption].
56 (all x all y (hosts(x,y) -> (RPF(y) <-> P(r(x),r(y))))) # label(non_clause).  [assumption].
57 (all x all y all m all n (hosts(x,y) & RPF(y) & DK1(m,x) & DK1(n,y) -> P(r(n),r(m)))) # label(non_clause).  [assumption].
58 (all x all y (hosts(x,y) -> (DPF(y) <-> -PO(r(x),r(y))))) # label(non_clause).  [assumption].
59 (all x (PED(x) -> POD(x) | M(x) | F(x))) # label(non_clause).  [assumption].
60 (all x (POD(x) -> PED(x))) # label(non_clause).  [assumption].
61 (all x (M(x) -> PED(x))) # label(non_clause).  [assumption].
62 (all x (F(x) -> PED(x))) # label(non_clause).  [assumption].
63 (all x (POD(x) -> -M(x))) # label(non_clause).  [assumption].
64 (all x (POD(x) -> -F(x))) # label(non_clause).  [assumption].
65 (all x (M(x) -> -F(x))) # label(non_clause).  [assumption].
66 (all x (NAPO(x) -> POD(x))) # label(non_clause).  [assumption].
67 (all x all y (hosts(x,y) -> PED(x) & F(y))) # label(non_clause).  [assumption].
68 (all x (F(x) <-> (exists y hosts(y,x)))) # label(non_clause).  [assumption].
69 (all x all y (hosts(x,y) -> -hosts(y,x))) # label(non_clause).  [assumption].
70 (all x (F(x) <-> RPF(x) | DPF(x))) # label(non_clause).  [assumption].
71 (all x (-RPF(x) | -DPF(x))) # label(non_clause).  [assumption].
72 (all x all y (DK1(x,y) -> M(x))) # label(non_clause).  [assumption].
73 (all x all y (DK1(x,y) -> POD(y) | F(y))) # label(non_clause).  [assumption].
74 (all x all y all z (DK1(x,y) & DK1(z,y) -> x = z)) # label(non_clause).  [assumption].
75 (all y (POD(y) | RPF(y) -> (exists x DK1(x,y)))) # label(non_clause).  [assumption].
76 (exists x ZEX(x)) # label(non_clause).  [assumption].
77 (all x -(x < x)) # label(non_clause).  [assumption].
78 (all x all y (x < y -> -(y < x))) # label(non_clause).  [assumption].
79 (all x all y all z (x < y & y <= z -> x < z)) # label(non_clause).  [assumption].
80 (all x all y (ZEX(x) & ZEX(y) -> x = y)) # label(non_clause).  [assumption].
81 (all x all y (ZEX(x) & S(y) & -ZEX(y) -> x < y)) # label(non_clause).  [assumption].
82 (all x all y (EqDim(x,y) <-> S(x) & S(y) & -(x < y) & -(y < x))) # label(non_clause).  [assumption].
83 (all x all y (x <= y <-> x < y | EqDim(x,y))) # label(non_clause).  [assumption].
84 (all x (MaxDim(x) <-> S(x) & (all y (S(y) -> y <= x)))) # label(non_clause).  [assumption].
85 (all x (MinDim(x) <-> S(x) & -ZEX(x) & (all y (S(y) & y < x -> ZEX(y))))) # label(non_clause).  [assumption].
86 (all x all y (Covers(x,y) <-> y < x & (all z (S(z) -> -(y < z & z < x))))) # label(non_clause).  [assumption].
87 (exists x MinDim(x)) # label(non_clause).  [assumption].
88 (all x (S(x) & -ZEX(x) <-> Cont(x,x))) # label(non_clause).  [assumption].
89 (all x all y (Cont(x,y) & Cont(y,x) -> x = y)) # label(non_clause).  [assumption].
90 (all x all y all z (Cont(x,y) & Cont(y,z) -> Cont(x,z))) # label(non_clause).  [assumption].
91 (all x all y (ZEX(x) -> S(x) & -Cont(y,x) & -Cont(x,y))) # label(non_clause).  [assumption].
92 (all x all y (ZEX(x) & ZEX(y) -> x = y)) # label(non_clause).  [assumption].
93 (all x all y (C(x,y) <-> (exists z (Cont(z,x) & Cont(z,y))))) # label(non_clause).  [assumption].
94 (all x all y (Cont(x,y) -> x < y | EqDim(x,y))) # label(non_clause).  [assumption].
95 (all x all y (S(x) & S(y) & -C(x,y) <-> ZEX(intersection(x,y)))) # label(non_clause).  [assumption].
96 (all x all y (S(x) & S(y) & -ZEX(intersection(x,y)) -> Cont(intersection(x,y),x))) # label(non_clause).  [assumption].
97 (all x all y all z (Cont(z,x) & Cont(z,y) -> z <= intersection(x,y))) # label(non_clause).  [assumption].
98 (all x all y all z (Cont(z,x) & Cont(z,y) & EqDim(z,intersection(x,y)) <-> P(z,intersection(x,y)))) # label(non_clause).  [assumption].
99 (all x all y (S(x) & S(y) & -ZEX(difference(x,y)) -> EqDim(x,difference(x,y)))) # label(non_clause).  [assumption].
100 (all x all y (y < x -> x = difference(x,y))) # label(non_clause).  [assumption].
101 (all x all y all z (x <= y & Cont(z,x) & intersection(z,y) < z -> Cont(z,difference(x,y)))) # label(non_clause).  [assumption].
102 (all x all y all z (x <= y & Cont(z,difference(x,y)) -> Cont(z,x))) # label(non_clause).  [assumption].
103 (all x all y all z (x <= y & P(z,difference(x,y)) -> intersection(z,y) < z)) # label(non_clause).  [assumption].
104 (all x all y (ZEX(difference(x,y)) <-> ZEX(x) | Cont(x,y))) # label(non_clause).  [assumption].
105 (all x (S(x) & -ZEX(x) -> (exists y (P(y,x) & Min(y))))) # label(non_clause).  [assumption].
106 (all x all y (S(x) & S(y) & BCont(x,y) -> Cont(x,y) & Inc(x,y))) # label(non_clause).  [assumption].
107 (all x all y all v all z (S(x) & S(y) & S(v) & S(z) & SC(x,y) & Min(x) & P(x,v) & Cont(y,v) & Cont(z,x) & Cont(z,y) -> BCont(z,x))) # label(non_clause).  [assumption].
108 (all x all y all z all v (S(x) & S(y) & S(v) & S(z) & SC(x,y) & P(x,v) & P(y,v) & Cont(z,x) & Cont(z,y) & Covers(v,z) -> -BCont(z,v))) # label(non_clause).  [assumption].
109 (all x all y all z (S(x) & S(y) & S(z) & BCont(x,y) & P(y,z) & (all v all w (S(v) & S(w) & P(v,z) & -PO(v,y) & P(w,x) -> -Cont(w,v))) -> BCont(x,z))) # label(non_clause).  [assumption].
110 (all x all y all z (S(x) & S(y) & S(z) & BCont(x,y) & Cont(z,x) -> BCont(z,y))) # label(non_clause).  [assumption].
111 (all x all y (S(x) & S(y) & BCont(x,y) <-> S(x) & S(y) & -ZEX(x) & (all z (P(z,x) & Min(z) -> BCont(z,y))))) # label(non_clause).  [assumption].
112 (all x all y all z all v (TSum(x,y,z) & TSum(x,y,v) -> S(x) & S(y) & S(z) & v = z)) # label(non_clause).  [assumption].
113 (all x all y all z (TSum(x,y,z) -> TSum(y,x,z))) # label(non_clause).  [assumption].
114 (all x all y (x < y -> TSum(x,y,y))) # label(non_clause).  [assumption].
115 (all x all y all z all v (TSum(x,y,z) & x <= y & Cont(v,y) -> Cont(v,z))) # label(non_clause).  [assumption].
116 (all x all y all z all v (TSum(x,y,z) & Cont(v,z) & -Cont(v,x) -> Cont(difference(v,x),y))) # label(non_clause).  [assumption].
117 (all x all y all z (S(z) & EqDim(x,y) & (all v (PO(v,z) <-> PO(v,x) | PO(v,y))) -> TSum(x,y,z))) # label(non_clause).  [assumption].
118 (all x all y (EqDim(x,y) & (all z (Cont(z,x) & Cont(z,y) & Min(z) -> (exists u exists v (P(u,x) & P(v,y) & BCont(z,u) & BCont(z,v))))) -> (exists z TSum(x,y,z)))) # label(non_clause).  [assumption].
119 (all x (S(x) & -ZEX(x) -> Cont(x,Uni))) # label(non_clause).  [assumption].
120 (all x (Con(x) <-> S(x) & (all y (PP(y,x) -> SC(y,difference(x,y)))))) # label(non_clause).  [assumption].
121 (all x (ICon(x) <-> Con(x) & (all y (PP(y,x) -> Covers(x,intersection(y,difference(x,y))))))) # label(non_clause).  [assumption].
122 (all x (UCon(x) <-> S(x) & Con(x) & (all y all z (PP(y,x) & Cont(z,y) & Cont(z,difference(x,y)) -> Cont(z,intersection(y,difference(x,y))))))) # label(non_clause).  [assumption].
123 (all x all y (StrongC(x,y) <-> SC(x,y) & EqDim(x,y) & Covers(x,intersection(x,y)))) # label(non_clause).  [assumption].
124 (all x (Max(x) <-> -ZEX(x) & (all y -PP(x,y)))) # label(non_clause).  [assumption].
125 (all x (Min(x) <-> -ZEX(x) & (all y -PP(y,x)))) # label(non_clause).  [assumption].
126 (all x all y (PO(x,y) <-> (exists z (P(z,x) & P(z,y))))) # label(non_clause).  [assumption].
127 (all x all y (Inc(x,y) <-> (exists z (z < x & Cont(z,x) & P(z,y))) | (exists z (z < y & Cont(z,y) & P(z,x))))) # label(non_clause).  [assumption].
128 (all x all y (SC(x,y) <-> (exists z (Cont(z,x) & Cont(z,y))) & (all z (Cont(z,x) & Cont(z,y) -> z < x & z < y)))) # label(non_clause).  [assumption].
129 (all x (Closed(x) <-> (all y -BCont(y,x)))) # label(non_clause).  [assumption].
130 (all x all y (ICont(x,y) <-> Cont(x,y) & (all z (Cont(z,x) -> -BCont(z,y))))) # label(non_clause).  [assumption].
131 (all x all y (TCont(x,y) <-> Cont(x,y) & (exists z (Cont(z,x) & BCont(z,y))))) # label(non_clause).  [assumption].
132 (all x all y (PP(x,y) <-> P(x,y) & x != y)) # label(non_clause).  [assumption].
133 (all x all y (P(x,y) <-> Cont(x,y) & EqDim(x,y))) # label(non_clause).  [assumption].
134 (all x (V(x) -> Hole(x) | Gap(x))) # label(non_clause) # label(goal).  [goal].

============================== end of process non-clausal formulas ===

============================== PROCESS INITIAL CLAUSES ===============

============================== PREDICATE ELIMINATION =================

Eliminating hostsh/2
135 hostsh(x,y) | -hostsv(x,y) | -ICon(r(x)).  [clausify(1)].
136 -hostsh(x,y) | hostsv(x,y).  [clausify(1)].
137 -hostsh(x,y) | ICon(r(x)).  [clausify(1)].
138 -Hole(x) | hostsh(f1(x),x).  [clausify(3)].
Derived: -Hole(x) | hostsv(f1(x),x).  [resolve(138,b,136,a)].
Derived: -Hole(x) | ICon(r(f1(x))).  [resolve(138,b,137,a)].
139 Hole(x) | -hostsh(y,x).  [clausify(3)].
Derived: Hole(x) | -hostsv(y,x) | -ICon(r(y)).  [resolve(139,b,135,a)].

Eliminating hostsg/2
140 hostsg(x,y) | -hostsv(x,y) | ICon(r(x)).  [clausify(2)].
141 -hostsg(x,y) | hostsv(x,y).  [clausify(2)].
142 -hostsg(x,y) | -ICon(r(x)).  [clausify(2)].
143 -Gap(x) | hostsg(f2(x),x).  [clausify(4)].
Derived: -Gap(x) | hostsv(f2(x),x).  [resolve(143,b,141,a)].
Derived: -Gap(x) | -ICon(r(f2(x))).  [resolve(143,b,142,a)].
144 Gap(x) | -hostsg(y,x).  [clausify(4)].
Derived: Gap(x) | -hostsv(y,x) | ICon(r(y)).  [resolve(144,b,140,a)].

Eliminating hostscavity/2
145 hostscavity(x,y) | -hostsv(x,y) | Covers(r(x),op(x,y)).  [clausify(6)].
146 -hostscavity(x,y) | hostsv(x,y).  [clausify(6)].
147 -hostscavity(x,y) | -Covers(r(x),op(x,y)).  [clausify(6)].
148 -CAVITY(x) | hostscavity(f3(x),x).  [clausify(7)].
Derived: -CAVITY(x) | hostsv(f3(x),x).  [resolve(148,b,146,a)].
Derived: -CAVITY(x) | -Covers(r(f3(x)),op(f3(x),x)).  [resolve(148,b,147,a)].
149 CAVITY(x) | -hostscavity(y,x).  [clausify(7)].
Derived: CAVITY(x) | -hostsv(y,x) | Covers(r(y),op(y,x)).  [resolve(149,b,145,a)].
150 -hostscavityi(x,y) | hostscavity(x,y).  [clausify(8)].
Derived: -hostscavityi(x,y) | hostsv(x,y).  [resolve(150,b,146,a)].
Derived: -hostscavityi(x,y) | -Covers(r(x),op(x,y)).  [resolve(150,b,147,a)].
Derived: -hostscavityi(x,y) | CAVITY(y).  [resolve(150,b,149,b)].
151 hostscavityi(x,y) | -hostscavity(x,y) | -ZEX(op(x,y)).  [clausify(8)].
Derived: hostscavityi(x,y) | -ZEX(op(x,y)) | -hostsv(x,y) | Covers(r(x),op(x,y)).  [resolve(151,b,145,a)].
Derived: hostscavityi(f3(x),x) | -ZEX(op(f3(x),x)) | -CAVITY(x).  [resolve(151,b,148,b)].
152 -hostscavityt(x,y) | hostscavity(x,y).  [clausify(9)].
Derived: -hostscavityt(x,y) | hostsv(x,y).  [resolve(152,b,146,a)].
Derived: -hostscavityt(x,y) | -Covers(r(x),op(x,y)).  [resolve(152,b,147,a)].
Derived: -hostscavityt(x,y) | CAVITY(y).  [resolve(152,b,149,b)].
153 hostscavityt(x,y) | -hostscavity(x,y) | ZEX(op(x,y)).  [clausify(9)].
Derived: hostscavityt(x,y) | ZEX(op(x,y)) | -hostsv(x,y) | Covers(r(x),op(x,y)).  [resolve(153,b,145,a)].
Derived: hostscavityt(f3(x),x) | ZEX(op(f3(x),x)) | -CAVITY(x).  [resolve(153,b,148,b)].
Derived: hostscavityt(x,y) | ZEX(op(x,y)) | -hostscavityi(x,y).  [resolve(153,b,150,b)].

Eliminating hostscavityi/2
154 hostscavityi(x,y) | -ZEX(op(x,y)) | -hostsv(x,y) | Covers(r(x),op(x,y)).  [resolve(151,b,145,a)].
155 -hostscavityi(x,y) | ZEX(op(x,y)).  [clausify(8)].
156 -hostscavityi(x,y) | hostsv(x,y).  [resolve(150,b,146,a)].
157 -hostscavityi(x,y) | -Covers(r(x),op(x,y)).  [resolve(150,b,147,a)].
158 -hostscavityi(x,y) | CAVITY(y).  [resolve(150,b,149,b)].
Derived: -ZEX(op(x,y)) | -hostsv(x,y) | Covers(r(x),op(x,y)) | CAVITY(y).  [resolve(154,a,158,a)].
159 hostscavityi(f3(x),x) | -ZEX(op(f3(x),x)) | -CAVITY(x).  [resolve(151,b,148,b)].
Derived: -ZEX(op(f3(x),x)) | -CAVITY(x) | hostsv(f3(x),x).  [resolve(159,a,156,a)].
Derived: -ZEX(op(f3(x),x)) | -CAVITY(x) | -Covers(r(f3(x)),op(f3(x),x)).  [resolve(159,a,157,a)].
160 hostscavityt(x,y) | ZEX(op(x,y)) | -hostscavityi(x,y).  [resolve(153,b,150,b)].

Eliminating hostscavityt/2
161 hostscavityt(x,y) | ZEX(op(x,y)) | -hostsv(x,y) | Covers(r(x),op(x,y)).  [resolve(153,b,145,a)].
162 -hostscavityt(x,y) | -ZEX(op(x,y)).  [clausify(9)].
163 -hostscavityt(x,y) | hostsv(x,y).  [resolve(152,b,146,a)].
164 -hostscavityt(x,y) | -Covers(r(x),op(x,y)).  [resolve(152,b,147,a)].
165 -hostscavityt(x,y) | CAVITY(y).  [resolve(152,b,149,b)].
Derived: ZEX(op(x,y)) | -hostsv(x,y) | Covers(r(x),op(x,y)) | CAVITY(y).  [resolve(161,a,165,a)].
166 hostscavityt(f3(x),x) | ZEX(op(f3(x),x)) | -CAVITY(x).  [resolve(153,b,148,b)].
Derived: ZEX(op(f3(x),x)) | -CAVITY(x) | hostsv(f3(x),x).  [resolve(166,a,163,a)].
Derived: ZEX(op(f3(x),x)) | -CAVITY(x) | -Covers(r(f3(x)),op(f3(x),x)).  [resolve(166,a,164,a)].

Eliminating hostshollow/2
167 hostshollow(x,y) | -hostsv(x,y) | -Covers(r(x),op(x,y)) | -ICon(op(x,y)).  [clausify(10)].
168 -hostshollow(x,y) | hostsv(x,y).  [clausify(10)].
169 -hostshollow(x,y) | Covers(r(x),op(x,y)).  [clausify(10)].
170 -hostshollow(x,y) | ICon(op(x,y)).  [clausify(10)].
171 -HOL(x) | hostshollow(f4(x),x).  [clausify(11)].
Derived: -HOL(x) | hostsv(f4(x),x).  [resolve(171,b,168,a)].
Derived: -HOL(x) | Covers(r(f4(x)),op(f4(x),x)).  [resolve(171,b,169,a)].
Derived: -HOL(x) | ICon(op(f4(x),x)).  [resolve(171,b,170,a)].
172 HOL(x) | -hostshollow(y,x).  [clausify(11)].
Derived: HOL(x) | -hostsv(y,x) | -Covers(r(y),op(y,x)) | -ICon(op(y,x)).  [resolve(172,b,167,a)].

Eliminating hoststunnel/2
173 hoststunnel(x,y) | -hostsv(x,y) | -Covers(r(x),op(x,y)) | ICon(op(x,y)).  [clausify(12)].
174 -hoststunnel(x,y) | hostsv(x,y).  [clausify(12)].
175 -hoststunnel(x,y) | Covers(r(x),op(x,y)).  [clausify(12)].
176 -hoststunnel(x,y) | -ICon(op(x,y)).  [clausify(12)].
177 -TUN(x) | hoststunnel(f5(x),x).  [clausify(13)].
Derived: -TUN(x) | hostsv(f5(x),x).  [resolve(177,b,174,a)].
Derived: -TUN(x) | Covers(r(f5(x)),op(f5(x),x)).  [resolve(177,b,175,a)].
Derived: -TUN(x) | -ICon(op(f5(x),x)).  [resolve(177,b,176,a)].
178 TUN(x) | -hoststunnel(y,x).  [clausify(13)].
Derived: TUN(x) | -hostsv(y,x) | -Covers(r(y),op(y,x)) | ICon(op(y,x)).  [resolve(178,b,173,a)].

Eliminating hostsve/2
179 hostsve(x,y) | -hostsv(x,y) | -P(z,op(x,y)) | hostsv(x,f7(x,y,z)).  [clausify(14)].
180 -hostsve(x,y) | hostsv(x,y).  [clausify(14)].
181 -hostsve(x,y) | P(f6(x,y),op(x,y)).  [clausify(14)].
182 -hostsve(x,y) | -hostsv(x,z) | -EqDim(intersection(f6(x,y),r(z)),f6(x,y)) | PO(r(y),r(z)).  [clausify(14)].
183 -hostsve(x,y) | -hostsv(x,z) | -EqDim(intersection(f6(x,y),r(z)),f6(x,y)) | Cont(intersection(f6(x,y),r(z)),op(x,z)).  [clausify(14)].
Derived: -hostsv(x,y) | -P(z,op(x,y)) | hostsv(x,f7(x,y,z)) | P(f6(x,y),op(x,y)).  [resolve(179,a,181,a)].
Derived: -hostsv(x,y) | -P(z,op(x,y)) | hostsv(x,f7(x,y,z)) | -hostsv(x,u) | -EqDim(intersection(f6(x,y),r(u)),f6(x,y)) | PO(r(y),r(u)).  [resolve(179,a,182,a)].
Derived: -hostsv(x,y) | -P(z,op(x,y)) | hostsv(x,f7(x,y,z)) | -hostsv(x,u) | -EqDim(intersection(f6(x,y),r(u)),f6(x,y)) | Cont(intersection(f6(x,y),r(u)),op(x,u)).  [resolve(179,a,183,a)].
184 hostsve(x,y) | -hostsv(x,y) | -P(z,op(x,y)) | EqDim(intersection(z,r(f7(x,y,z))),z).  [clausify(14)].
Derived: -hostsv(x,y) | -P(z,op(x,y)) | EqDim(intersection(z,r(f7(x,y,z))),z) | P(f6(x,y),op(x,y)).  [resolve(184,a,181,a)].
Derived: -hostsv(x,y) | -P(z,op(x,y)) | EqDim(intersection(z,r(f7(x,y,z))),z) | -hostsv(x,u) | -EqDim(intersection(f6(x,y),r(u)),f6(x,y)) | PO(r(y),r(u)).  [resolve(184,a,182,a)].
Derived: -hostsv(x,y) | -P(z,op(x,y)) | EqDim(intersection(z,r(f7(x,y,z))),z) | -hostsv(x,u) | -EqDim(intersection(f6(x,y),r(u)),f6(x,y)) | Cont(intersection(f6(x,y),r(u)),op(x,u)).  [resolve(184,a,183,a)].
185 hostsve(x,y) | -hostsv(x,y) | -P(z,op(x,y)) | -PO(r(y),r(f7(x,y,z))) | -Cont(intersection(z,r(f7(x,y,z))),op(x,f7(x,y,z))).  [clausify(14)].
Derived: -hostsv(x,y) | -P(z,op(x,y)) | -PO(r(y),r(f7(x,y,z))) | -Cont(intersection(z,r(f7(x,y,z))),op(x,f7(x,y,z))) | P(f6(x,y),op(x,y)).  [resolve(185,a,181,a)].
Derived: -hostsv(x,y) | -P(z,op(x,y)) | -PO(r(y),r(f7(x,y,z))) | -Cont(intersection(z,r(f7(x,y,z))),op(x,f7(x,y,z))) | -hostsv(x,u) | -EqDim(intersection(f6(x,y),r(u)),f6(x,y)) | PO(r(y),r(u)).  [resolve(185,a,182,a)].
Derived: -hostsv(x,y) | -P(z,op(x,y)) | -PO(r(y),r(f7(x,y,z))) | -Cont(intersection(z,r(f7(x,y,z))),op(x,f7(x,y,z))) | -hostsv(x,u) | -EqDim(intersection(f6(x,y),r(u)),f6(x,y)) | Cont(intersection(f6(x,y),r(u)),op(x,u)).  [resolve(185,a,183,a)].
186 -hostsvi(x,y) | -hostsve(x,y).  [clausify(15)].
Derived: -hostsvi(x,y) | -hostsv(x,y) | -P(z,op(x,y)) | hostsv(x,f7(x,y,z)).  [resolve(186,b,179,a)].
Derived: -hostsvi(x,y) | -hostsv(x,y) | -P(z,op(x,y)) | EqDim(intersection(z,r(f7(x,y,z))),z).  [resolve(186,b,184,a)].
Derived: -hostsvi(x,y) | -hostsv(x,y) | -P(z,op(x,y)) | -PO(r(y),r(f7(x,y,z))) | -Cont(intersection(z,r(f7(x,y,z))),op(x,f7(x,y,z))).  [resolve(186,b,185,a)].
187 hostsvi(x,y) | -hostsv(x,y) | hostsve(x,y).  [clausify(15)].
Derived: hostsvi(x,y) | -hostsv(x,y) | P(f6(x,y),op(x,y)).  [resolve(187,c,181,a)].
Derived: hostsvi(x,y) | -hostsv(x,y) | -hostsv(x,z) | -EqDim(intersection(f6(x,y),r(z)),f6(x,y)) | PO(r(y),r(z)).  [resolve(187,c,182,a)].
Derived: hostsvi(x,y) | -hostsv(x,y) | -hostsv(x,z) | -EqDim(intersection(f6(x,y),r(z)),f6(x,y)) | Cont(intersection(f6(x,y),r(z)),op(x,z)).  [resolve(187,c,183,a)].

Eliminating hostsvi/2
188 hostsvi(x,y) | -hostsv(x,y) | P(f6(x,y),op(x,y)).  [resolve(187,c,181,a)].
189 -hostsvi(x,y) | hostsv(x,y).  [clausify(15)].
190 -hostsvi(x,y) | -hostsv(x,y) | -P(z,op(x,y)) | hostsv(x,f7(x,y,z)).  [resolve(186,b,179,a)].
191 -hostsvi(x,y) | -hostsv(x,y) | -P(z,op(x,y)) | EqDim(intersection(z,r(f7(x,y,z))),z).  [resolve(186,b,184,a)].
192 -hostsvi(x,y) | -hostsv(x,y) | -P(z,op(x,y)) | -PO(r(y),r(f7(x,y,z))) | -Cont(intersection(z,r(f7(x,y,z))),op(x,f7(x,y,z))).  [resolve(186,b,185,a)].
Derived: -hostsv(x,y) | P(f6(x,y),op(x,y)) | -hostsv(x,y) | -P(z,op(x,y)) | hostsv(x,f7(x,y,z)).  [resolve(188,a,190,a)].
Derived: -hostsv(x,y) | P(f6(x,y),op(x,y)) | -hostsv(x,y) | -P(z,op(x,y)) | EqDim(intersection(z,r(f7(x,y,z))),z).  [resolve(188,a,191,a)].
Derived: -hostsv(x,y) | P(f6(x,y),op(x,y)) | -hostsv(x,y) | -P(z,op(x,y)) | -PO(r(y),r(f7(x,y,z))) | -Cont(intersection(z,r(f7(x,y,z))),op(x,f7(x,y,z))).  [resolve(188,a,192,a)].
193 hostsvi(x,y) | -hostsv(x,y) | -hostsv(x,z) | -EqDim(intersection(f6(x,y),r(z)),f6(x,y)) | PO(r(y),r(z)).  [resolve(187,c,182,a)].
Derived: -hostsv(x,y) | -hostsv(x,z) | -EqDim(intersection(f6(x,y),r(z)),f6(x,y)) | PO(r(y),r(z)) | -hostsv(x,y) | -P(u,op(x,y)) | hostsv(x,f7(x,y,u)).  [resolve(193,a,190,a)].
Derived: -hostsv(x,y) | -hostsv(x,z) | -EqDim(intersection(f6(x,y),r(z)),f6(x,y)) | PO(r(y),r(z)) | -hostsv(x,y) | -P(u,op(x,y)) | EqDim(intersection(u,r(f7(x,y,u))),u).  [resolve(193,a,191,a)].
Derived: -hostsv(x,y) | -hostsv(x,z) | -EqDim(intersection(f6(x,y),r(z)),f6(x,y)) | PO(r(y),r(z)) | -hostsv(x,y) | -P(u,op(x,y)) | -PO(r(y),r(f7(x,y,u))) | -Cont(intersection(u,r(f7(x,y,u))),op(x,f7(x,y,u))).  [resolve(193,a,192,a)].
194 hostsvi(x,y) | -hostsv(x,y) | -hostsv(x,z) | -EqDim(intersection(f6(x,y),r(z)),f6(x,y)) | Cont(intersection(f6(x,y),r(z)),op(x,z)).  [resolve(187,c,183,a)].
Derived: -hostsv(x,y) | -hostsv(x,z) | -EqDim(intersection(f6(x,y),r(z)),f6(x,y)) | Cont(intersection(f6(x,y),r(z)),op(x,z)) | -hostsv(x,y) | -P(u,op(x,y)) | hostsv(x,f7(x,y,u)).  [resolve(194,a,190,a)].
Derived: -hostsv(x,y) | -hostsv(x,z) | -EqDim(intersection(f6(x,y),r(z)),f6(x,y)) | Cont(intersection(f6(x,y),r(z)),op(x,z)) | -hostsv(x,y) | -P(u,op(x,y)) | EqDim(intersection(u,r(f7(x,y,u))),u).  [resolve(194,a,191,a)].
Derived: -hostsv(x,y) | -hostsv(x,z) | -EqDim(intersection(f6(x,y),r(z)),f6(x,y)) | Cont(intersection(f6(x,y),r(z)),op(x,z)) | -hostsv(x,y) | -P(u,op(x,y)) | -PO(r(y),r(f7(x,y,u))) | -Cont(intersection(u,r(f7(x,y,u))),op(x,f7(x,y,u))).  [resolve(194,a,192,a)].

Eliminating VS/2
195 VS(x,y) | -PED(x) | -S(y) | -Cont(y,ch(x)) | PO(y,r(x)).  [clausify(22)].
196 -VS(x,y) | PED(x).  [clausify(22)].
197 -VS(x,y) | S(y).  [clausify(22)].
198 -VS(x,y) | Cont(y,ch(x)).  [clausify(22)].
199 -VS(x,y) | -PO(y,r(x)).  [clausify(22)].
200 -hostsv(x,y) | VS(x,r(y)).  [clausify(26)].
Derived: -hostsv(x,y) | PED(x).  [resolve(200,b,196,a)].
Derived: -hostsv(x,y) | Cont(r(y),ch(x)).  [resolve(200,b,198,a)].
Derived: -hostsv(x,y) | -PO(r(y),r(x)).  [resolve(200,b,199,a)].

Eliminating SimpleV/1
201 SimpleV(x) | -ICon(r(x)) | -hostsv(y,x).  [clausify(23)].
202 -SimpleV(x) | ICon(r(x)).  [clausify(23)].
203 -SimpleV(x) | hostsv(f18(y,x),x).  [clausify(23)].
Derived: -ICon(r(x)) | -hostsv(y,x) | hostsv(f18(z,x),x).  [resolve(201,a,203,a)].
204 -V(x) | SimpleV(x) | ComplexV(x).  [clausify(25)].
Derived: -V(x) | ComplexV(x) | ICon(r(x)).  [resolve(204,b,202,a)].
Derived: -V(x) | ComplexV(x) | hostsv(f18(y,x),x).  [resolve(204,b,203,a)].
205 V(x) | -SimpleV(x).  [clausify(25)].
Derived: V(x) | -ICon(r(x)) | -hostsv(y,x).  [resolve(205,b,201,a)].
206 -hostsv(x,y) | -ComplexV(y) | -PO(r(z),r(y)) | SimpleV(f20(x,y,z)).  [clausify(27)].
Derived: -hostsv(x,y) | -ComplexV(y) | -PO(r(z),r(y)) | ICon(r(f20(x,y,z))).  [resolve(206,d,202,a)].
Derived: -hostsv(x,y) | -ComplexV(y) | -PO(r(z),r(y)) | hostsv(f18(u,f20(x,y,z)),f20(x,y,z)).  [resolve(206,d,203,a)].
Derived: -hostsv(x,y) | -ComplexV(y) | -PO(r(z),r(y)) | V(f20(x,y,z)).  [resolve(206,d,205,b)].

Eliminating ComplexV/1
207 ComplexV(x) | ICon(r(x)) | -hostsv(y,x).  [clausify(24)].
208 -ComplexV(x) | -ICon(r(x)).  [clausify(24)].
209 -ComplexV(x) | hostsv(f19(y,x),x).  [clausify(24)].
Derived: ICon(r(x)) | -hostsv(y,x) | hostsv(f19(z,x),x).  [resolve(207,a,209,a)].
210 V(x) | -ComplexV(x).  [clausify(25)].
Derived: V(x) | ICon(r(x)) | -hostsv(y,x).  [resolve(210,b,207,a)].
211 -hostsv(x,y) | -ComplexV(y) | -PO(r(z),r(y)) | hostsv(x,f20(x,y,z)).  [clausify(27)].
Derived: -hostsv(x,y) | -PO(r(z),r(y)) | hostsv(x,f20(x,y,z)) | ICon(r(y)) | -hostsv(u,y).  [resolve(211,b,207,a)].
212 -hostsv(x,y) | -ComplexV(y) | -PO(r(z),r(y)) | PO(r(z),r(f20(x,y,z))).  [clausify(27)].
Derived: -hostsv(x,y) | -PO(r(z),r(y)) | PO(r(z),r(f20(x,y,z))) | ICon(r(y)) | -hostsv(u,y).  [resolve(212,b,207,a)].
213 -V(x) | ComplexV(x) | ICon(r(x)).  [resolve(204,b,202,a)].
Derived: -V(x) | ICon(r(x)) | hostsv(f19(y,x),x).  [resolve(213,b,209,a)].
214 -V(x) | ComplexV(x) | hostsv(f18(y,x),x).  [resolve(204,b,203,a)].
Derived: -V(x) | hostsv(f18(y,x),x) | -ICon(r(x)).  [resolve(214,b,208,a)].
Derived: -V(x) | hostsv(f18(y,x),x) | hostsv(f19(z,x),x).  [resolve(214,b,209,a)].
Derived: -V(x) | hostsv(f18(y,x),x) | -hostsv(z,x) | -PO(r(u),r(x)) | hostsv(z,f20(z,x,u)).  [resolve(214,b,211,b)].
Derived: -V(x) | hostsv(f18(y,x),x) | -hostsv(z,x) | -PO(r(u),r(x)) | PO(r(u),r(f20(z,x,u))).  [resolve(214,b,212,b)].
215 -hostsv(x,y) | -ComplexV(y) | -PO(r(z),r(y)) | ICon(r(f20(x,y,z))).  [resolve(206,d,202,a)].
Derived: -hostsv(x,y) | -PO(r(z),r(y)) | ICon(r(f20(x,y,z))) | ICon(r(y)) | -hostsv(u,y).  [resolve(215,b,207,a)].
Derived: -hostsv(x,y) | -PO(r(z),r(y)) | ICon(r(f20(x,y,z))) | -V(y) | hostsv(f18(u,y),y).  [resolve(215,b,214,b)].
216 -hostsv(x,y) | -ComplexV(y) | -PO(r(z),r(y)) | hostsv(f18(u,f20(x,y,z)),f20(x,y,z)).  [resolve(206,d,203,a)].
Derived: -hostsv(x,y) | -PO(r(z),r(y)) | hostsv(f18(u,f20(x,y,z)),f20(x,y,z)) | ICon(r(y)) | -hostsv(w,y).  [resolve(216,b,207,a)].
Derived: -hostsv(x,y) | -PO(r(z),r(y)) | hostsv(f18(u,f20(x,y,z)),f20(x,y,z)) | -V(y) | hostsv(f18(w,y),y).  [resolve(216,b,214,b)].
217 -hostsv(x,y) | -ComplexV(y) | -PO(r(z),r(y)) | V(f20(x,y,z)).  [resolve(206,d,205,b)].
Derived: -hostsv(x,y) | -PO(r(z),r(y)) | V(f20(x,y,z)) | ICon(r(y)) | -hostsv(u,y).  [resolve(217,b,207,a)].
Derived: -hostsv(x,y) | -PO(r(z),r(y)) | V(f20(x,y,z)) | -V(y) | hostsv(f18(u,y),y).  [resolve(217,b,214,b)].

Eliminating RPF/1
218 -hostsv(x,y) | F(x) | RPF(f22(x,y)).  [clausify(30)].
219 -hostsv(x,y) | -RPF(x) | hosts(f21(x,y),x).  [clausify(29)].
220 -hostsv(x,y) | -RPF(x) | -F(f21(x,y)).  [clausify(29)].
221 -hostsv(x,y) | -RPF(x) | hostsv(f21(x,y),y).  [clausify(29)].
Derived: -hostsv(x,y) | F(x) | -hostsv(f22(x,y),z) | hosts(f21(f22(x,y),z),f22(x,y)).  [resolve(218,c,219,b)].
Derived: -hostsv(x,y) | F(x) | -hostsv(f22(x,y),z) | -F(f21(f22(x,y),z)).  [resolve(218,c,220,b)].
Derived: -hostsv(x,y) | F(x) | -hostsv(f22(x,y),z) | hostsv(f21(f22(x,y),z),z).  [resolve(218,c,221,b)].
222 -hosts(x,y) | -RPF(y) | P(r(x),r(y)).  [clausify(56)].
Derived: -hosts(x,f22(y,z)) | P(r(x),r(f22(y,z))) | -hostsv(y,z) | F(y).  [resolve(222,b,218,c)].
223 -hosts(x,y) | RPF(y) | -P(r(x),r(y)).  [clausify(56)].
Derived: -hosts(x,y) | -P(r(x),r(y)) | -hostsv(y,z) | hosts(f21(y,z),y).  [resolve(223,b,219,b)].
Derived: -hosts(x,y) | -P(r(x),r(y)) | -hostsv(y,z) | -F(f21(y,z)).  [resolve(223,b,220,b)].
Derived: -hosts(x,y) | -P(r(x),r(y)) | -hostsv(y,z) | hostsv(f21(y,z),z).  [resolve(223,b,221,b)].
Derived: -hosts(x,y) | -P(r(x),r(y)) | -hosts(z,y) | P(r(z),r(y)).  [resolve(223,b,222,b)].
224 -hosts(x,y) | -RPF(y) | -DK1(z,x) | -DK1(u,y) | P(r(u),r(z)).  [clausify(57)].
Derived: -hosts(x,f22(y,z)) | -DK1(u,x) | -DK1(w,f22(y,z)) | P(r(w),r(u)) | -hostsv(y,z) | F(y).  [resolve(224,b,218,c)].
Derived: -hosts(x,y) | -DK1(z,x) | -DK1(u,y) | P(r(u),r(z)) | -hosts(w,y) | -P(r(w),r(y)).  [resolve(224,b,223,b)].
225 -F(x) | RPF(x) | DPF(x).  [clausify(70)].
Derived: -F(x) | DPF(x) | -hostsv(x,y) | hosts(f21(x,y),x).  [resolve(225,b,219,b)].
Derived: -F(x) | DPF(x) | -hostsv(x,y) | -F(f21(x,y)).  [resolve(225,b,220,b)].
Derived: -F(x) | DPF(x) | -hostsv(x,y) | hostsv(f21(x,y),y).  [resolve(225,b,221,b)].
Derived: -F(x) | DPF(x) | -hosts(y,x) | P(r(y),r(x)).  [resolve(225,b,222,b)].
Derived: -F(x) | DPF(x) | -hosts(y,x) | -DK1(z,y) | -DK1(u,x) | P(r(u),r(z)).  [resolve(225,b,224,b)].
226 F(x) | -RPF(x).  [clausify(70)].
Derived: F(f22(x,y)) | -hostsv(x,y) | F(x).  [resolve(226,b,218,c)].
Derived: F(x) | -hosts(y,x) | -P(r(y),r(x)).  [resolve(226,b,223,b)].
227 -RPF(x) | -DPF(x).  [clausify(71)].
Derived: -DPF(f22(x,y)) | -hostsv(x,y) | F(x).  [resolve(227,a,218,c)].
Derived: -DPF(x) | -hosts(y,x) | -P(r(y),r(x)).  [resolve(227,a,223,b)].
228 -RPF(x) | DK1(f28(x),x).  [clausify(75)].
Derived: DK1(f28(f22(x,y)),f22(x,y)) | -hostsv(x,y) | F(x).  [resolve(228,a,218,c)].
Derived: DK1(f28(x),x) | -hosts(y,x) | -P(r(y),r(x)).  [resolve(228,a,223,b)].
Derived: DK1(f28(x),x) | -F(x) | DPF(x).  [resolve(228,a,225,b)].

Eliminating PED/1
229 -POD(x) | PED(x).  [clausify(60)].
230 -hostsv(x,y) | -P(r(x),r(y)) | -PED(y) | DPF(y) | Cont(r(z),r(y)) | Cont(difference(r(z),r(y)),r(f23(x,y,z))).  [clausify(32)].
231 -hostsv(x,y) | -P(r(x),r(y)) | -PED(y) | DPF(y) | Cont(r(z),r(y)) | hostsv(y,f23(x,y,z)).  [clausify(32)].
232 -hostsv(x,y) | -P(r(z),r(x)) | -PED(z) | DPF(z) | -PO(r(y),ch(z)) | intersection(r(y),ch(z)) = r(f24(x,z,y)).  [clausify(33)].
233 -hostsv(x,y) | -P(r(z),r(x)) | -PED(z) | DPF(z) | -PO(r(y),ch(z)) | hostsv(z,f24(x,z,y)).  [clausify(33)].
234 -PED(x) | -S(x).  [clausify(47)].
235 -PED(x) | MaxDim(r(x)).  [clausify(54)].
236 -PED(x) | POD(x) | M(x) | F(x).  [clausify(59)].
Derived: -POD(x) | -hostsv(y,x) | -P(r(y),r(x)) | DPF(x) | Cont(r(z),r(x)) | Cont(difference(r(z),r(x)),r(f23(y,x,z))).  [resolve(229,b,230,c)].
Derived: -POD(x) | -hostsv(y,x) | -P(r(y),r(x)) | DPF(x) | Cont(r(z),r(x)) | hostsv(x,f23(y,x,z)).  [resolve(229,b,231,c)].
Derived: -POD(x) | -hostsv(y,z) | -P(r(x),r(y)) | DPF(x) | -PO(r(z),ch(x)) | intersection(r(z),ch(x)) = r(f24(y,x,z)).  [resolve(229,b,232,c)].
Derived: -POD(x) | -hostsv(y,z) | -P(r(x),r(y)) | DPF(x) | -PO(r(z),ch(x)) | hostsv(x,f24(y,x,z)).  [resolve(229,b,233,c)].
Derived: -POD(x) | -S(x).  [resolve(229,b,234,a)].
Derived: -POD(x) | MaxDim(r(x)).  [resolve(229,b,235,a)].
237 -M(x) | PED(x).  [clausify(61)].
Derived: -M(x) | -hostsv(y,x) | -P(r(y),r(x)) | DPF(x) | Cont(r(z),r(x)) | Cont(difference(r(z),r(x)),r(f23(y,x,z))).  [resolve(237,b,230,c)].
Derived: -M(x) | -hostsv(y,x) | -P(r(y),r(x)) | DPF(x) | Cont(r(z),r(x)) | hostsv(x,f23(y,x,z)).  [resolve(237,b,231,c)].
Derived: -M(x) | -hostsv(y,z) | -P(r(x),r(y)) | DPF(x) | -PO(r(z),ch(x)) | intersection(r(z),ch(x)) = r(f24(y,x,z)).  [resolve(237,b,232,c)].
Derived: -M(x) | -hostsv(y,z) | -P(r(x),r(y)) | DPF(x) | -PO(r(z),ch(x)) | hostsv(x,f24(y,x,z)).  [resolve(237,b,233,c)].
Derived: -M(x) | -S(x).  [resolve(237,b,234,a)].
Derived: -M(x) | MaxDim(r(x)).  [resolve(237,b,235,a)].
238 -F(x) | PED(x).  [clausify(62)].
Derived: -F(x) | -hostsv(y,x) | -P(r(y),r(x)) | DPF(x) | Cont(r(z),r(x)) | Cont(difference(r(z),r(x)),r(f23(y,x,z))).  [resolve(238,b,230,c)].
Derived: -F(x) | -hostsv(y,x) | -P(r(y),r(x)) | DPF(x) | Cont(r(z),r(x)) | hostsv(x,f23(y,x,z)).  [resolve(238,b,231,c)].
Derived: -F(x) | -hostsv(y,z) | -P(r(x),r(y)) | DPF(x) | -PO(r(z),ch(x)) | intersection(r(z),ch(x)) = r(f24(y,x,z)).  [resolve(238,b,232,c)].
Derived: -F(x) | -hostsv(y,z) | -P(r(x),r(y)) | DPF(x) | -PO(r(z),ch(x)) | hostsv(x,f24(y,x,z)).  [resolve(238,b,233,c)].
Derived: -F(x) | -S(x).  [resolve(238,b,234,a)].
Derived: -F(x) | MaxDim(r(x)).  [resolve(238,b,235,a)].
239 -hosts(x,y) | PED(x).  [clausify(67)].
Derived: -hosts(x,y) | -hostsv(z,x) | -P(r(z),r(x)) | DPF(x) | Cont(r(u),r(x)) | Cont(difference(r(u),r(x)),r(f23(z,x,u))).  [resolve(239,b,230,c)].
Derived: -hosts(x,y) | -hostsv(z,x) | -P(r(z),r(x)) | DPF(x) | Cont(r(u),r(x)) | hostsv(x,f23(z,x,u)).  [resolve(239,b,231,c)].
Derived: -hosts(x,y) | -hostsv(z,u) | -P(r(x),r(z)) | DPF(x) | -PO(r(u),ch(x)) | intersection(r(u),ch(x)) = r(f24(z,x,u)).  [resolve(239,b,232,c)].
Derived: -hosts(x,y) | -hostsv(z,u) | -P(r(x),r(z)) | DPF(x) | -PO(r(u),ch(x)) | hostsv(x,f24(z,x,u)).  [resolve(239,b,233,c)].
Derived: -hosts(x,y) | -S(x).  [resolve(239,b,234,a)].
Derived: -hosts(x,y) | MaxDim(r(x)).  [resolve(239,b,235,a)].
Derived: -hosts(x,y) | POD(x) | M(x) | F(x).  [resolve(239,b,236,a)].
240 -hostsv(x,y) | PED(x).  [resolve(200,b,196,a)].
Derived: -hostsv(x,y) | -hostsv(z,x) | -P(r(z),r(x)) | DPF(x) | Cont(r(u),r(x)) | Cont(difference(r(u),r(x)),r(f23(z,x,u))).  [resolve(240,b,230,c)].
Derived: -hostsv(x,y) | -hostsv(z,x) | -P(r(z),r(x)) | DPF(x) | Cont(r(u),r(x)) | hostsv(x,f23(z,x,u)).  [resolve(240,b,231,c)].
Derived: -hostsv(x,y) | -hostsv(z,u) | -P(r(x),r(z)) | DPF(x) | -PO(r(u),ch(x)) | intersection(r(u),ch(x)) = r(f24(z,x,u)).  [resolve(240,b,232,c)].
Derived: -hostsv(x,y) | -hostsv(z,u) | -P(r(x),r(z)) | DPF(x) | -PO(r(u),ch(x)) | hostsv(x,f24(z,x,u)).  [resolve(240,b,233,c)].
Derived: -hostsv(x,y) | -S(x).  [resolve(240,b,234,a)].
Derived: -hostsv(x,y) | MaxDim(r(x)).  [resolve(240,b,235,a)].
Derived: -hostsv(x,y) | POD(x) | M(x) | F(x).  [resolve(240,b,236,a)].

Eliminating Closed/1
241 -Closed(x) | -BCont(y,x).  [clausify(129)].
242 ZEX(x) | Closed(r(x)) | TCont(r(x),ch(x)).  [clausify(39)].
243 -ICont(r(x),r(y)) | Closed(difference(r(y),r(x))) | ch(difference(r(y),r(x))) != difference(r(y),r(x)).  [clausify(43)].
Derived: -BCont(x,r(y)) | ZEX(y) | TCont(r(y),ch(y)).  [resolve(241,a,242,b)].
Derived: -BCont(x,difference(r(y),r(z))) | -ICont(r(z),r(y)) | ch(difference(r(y),r(z))) != difference(r(y),r(z)).  [resolve(241,a,243,b)].
244 Closed(x) | BCont(f51(x),x).  [clausify(129)].
Derived: BCont(f51(x),x) | -BCont(y,x).  [resolve(244,a,241,a)].

Eliminating C/2
245 -C(x,y) | Cont(f32(x,y),x).  [clausify(93)].
246 ch(x) != ch(y) | ZEX(y) | C(r(y),r(x)).  [clausify(41)].
247 -EqDim(x,y) | -EqDim(y,z) | -SC(x,y) | -SC(y,z) | C(x,z) | -TSum(x,y,u) | -TSum(y,z,w) | ch(u) != u | ch(w) != w | ch(y) = y.  [clausify(46)].
Derived: Cont(f32(r(x),r(y)),r(x)) | ch(y) != ch(x) | ZEX(x).  [resolve(245,a,246,c)].
Derived: Cont(f32(x,y),x) | -EqDim(x,z) | -EqDim(z,y) | -SC(x,z) | -SC(z,y) | -TSum(x,z,u) | -TSum(z,y,w) | ch(u) != u | ch(w) != w | ch(z) = z.  [resolve(245,a,247,e)].
248 -C(x,y) | Cont(f32(x,y),y).  [clausify(93)].
Derived: Cont(f32(r(x),r(y)),r(y)) | ch(y) != ch(x) | ZEX(x).  [resolve(248,a,246,c)].
Derived: Cont(f32(x,y),y) | -EqDim(x,z) | -EqDim(z,y) | -SC(x,z) | -SC(z,y) | -TSum(x,z,u) | -TSum(z,y,w) | ch(u) != u | ch(w) != w | ch(z) = z.  [resolve(248,a,247,e)].
249 C(x,y) | -Cont(z,x) | -Cont(z,y).  [clausify(93)].
Derived: -Cont(x,y) | -Cont(x,z) | Cont(f32(y,z),y).  [resolve(249,a,245,a)].
Derived: -Cont(x,y) | -Cont(x,z) | Cont(f32(y,z),z).  [resolve(249,a,248,a)].
250 -S(x) | -S(y) | C(x,y) | ZEX(intersection(x,y)).  [clausify(95)].
Derived: -S(x) | -S(y) | ZEX(intersection(x,y)) | Cont(f32(x,y),x).  [resolve(250,c,245,a)].
Derived: -S(x) | -S(y) | ZEX(intersection(x,y)) | Cont(f32(x,y),y).  [resolve(250,c,248,a)].
251 -C(x,y) | -ZEX(intersection(x,y)).  [clausify(95)].
Derived: -ZEX(intersection(r(x),r(y))) | ch(y) != ch(x) | ZEX(x).  [resolve(251,a,246,c)].
Derived: -ZEX(intersection(x,y)) | -EqDim(x,z) | -EqDim(z,y) | -SC(x,z) | -SC(z,y) | -TSum(x,z,u) | -TSum(z,y,w) | ch(u) != u | ch(w) != w | ch(z) = z.  [resolve(251,a,247,e)].
Derived: -ZEX(intersection(x,y)) | -Cont(z,x) | -Cont(z,y).  [resolve(251,a,249,a)].

Eliminating POD/1
252 -NAPO(x) | POD(x).  [clausify(66)].
253 -POD(x) | -M(x).  [clausify(63)].
254 -POD(x) | -F(x).  [clausify(64)].
Derived: -NAPO(x) | -M(x).  [resolve(252,b,253,a)].
Derived: -NAPO(x) | -F(x).  [resolve(252,b,254,a)].
255 -DK1(x,y) | POD(y) | F(y).  [clausify(73)].
Derived: -DK1(x,y) | F(y) | -M(y).  [resolve(255,b,253,a)].
256 -POD(x) | DK1(f28(x),x).  [clausify(75)].
Derived: DK1(f28(x),x) | -NAPO(x).  [resolve(256,a,252,b)].
Derived: DK1(f28(x),x) | -DK1(y,x) | F(x).  [resolve(256,a,255,b)].
257 -POD(x) | -hostsv(y,x) | -P(r(y),r(x)) | DPF(x) | Cont(r(z),r(x)) | Cont(difference(r(z),r(x)),r(f23(y,x,z))).  [resolve(229,b,230,c)].
Derived: -hostsv(x,y) | -P(r(x),r(y)) | DPF(y) | Cont(r(z),r(y)) | Cont(difference(r(z),r(y)),r(f23(x,y,z))) | -NAPO(y).  [resolve(257,a,252,b)].
Derived: -hostsv(x,y) | -P(r(x),r(y)) | DPF(y) | Cont(r(z),r(y)) | Cont(difference(r(z),r(y)),r(f23(x,y,z))) | -DK1(u,y) | F(y).  [resolve(257,a,255,b)].
258 -POD(x) | -hostsv(y,x) | -P(r(y),r(x)) | DPF(x) | Cont(r(z),r(x)) | hostsv(x,f23(y,x,z)).  [resolve(229,b,231,c)].
Derived: -hostsv(x,y) | -P(r(x),r(y)) | DPF(y) | Cont(r(z),r(y)) | hostsv(y,f23(x,y,z)) | -NAPO(y).  [resolve(258,a,252,b)].
Derived: -hostsv(x,y) | -P(r(x),r(y)) | DPF(y) | Cont(r(z),r(y)) | hostsv(y,f23(x,y,z)) | -DK1(u,y) | F(y).  [resolve(258,a,255,b)].
259 -POD(x) | -hostsv(y,z) | -P(r(x),r(y)) | DPF(x) | -PO(r(z),ch(x)) | intersection(r(z),ch(x)) = r(f24(y,x,z)).  [resolve(229,b,232,c)].
Derived: -hostsv(x,y) | -P(r(z),r(x)) | DPF(z) | -PO(r(y),ch(z)) | intersection(r(y),ch(z)) = r(f24(x,z,y)) | -NAPO(z).  [resolve(259,a,252,b)].
Derived: -hostsv(x,y) | -P(r(z),r(x)) | DPF(z) | -PO(r(y),ch(z)) | intersection(r(y),ch(z)) = r(f24(x,z,y)) | -DK1(u,z) | F(z).  [resolve(259,a,255,b)].
260 -POD(x) | -hostsv(y,z) | -P(r(x),r(y)) | DPF(x) | -PO(r(z),ch(x)) | hostsv(x,f24(y,x,z)).  [resolve(229,b,233,c)].
Derived: -hostsv(x,y) | -P(r(z),r(x)) | DPF(z) | -PO(r(y),ch(z)) | hostsv(z,f24(x,z,y)) | -NAPO(z).  [resolve(260,a,252,b)].
Derived: -hostsv(x,y) | -P(r(z),r(x)) | DPF(z) | -PO(r(y),ch(z)) | hostsv(z,f24(x,z,y)) | -DK1(u,z) | F(z).  [resolve(260,a,255,b)].
261 -POD(x) | -S(x).  [resolve(229,b,234,a)].
Derived: -S(x) | -NAPO(x).  [resolve(261,a,252,b)].
Derived: -S(x) | -DK1(y,x) | F(x).  [resolve(261,a,255,b)].
262 -POD(x) | MaxDim(r(x)).  [resolve(229,b,235,a)].
Derived: MaxDim(r(x)) | -NAPO(x).  [resolve(262,a,252,b)].
Derived: MaxDim(r(x)) | -DK1(y,x) | F(x).  [resolve(262,a,255,b)].
263 -hosts(x,y) | POD(x) | M(x) | F(x).  [resolve(239,b,236,a)].
Derived: -hosts(x,y) | M(x) | F(x) | DK1(f28(x),x).  [resolve(263,b,256,a)].
Derived: -hosts(x,y) | M(x) | F(x) | -hostsv(z,x) | -P(r(z),r(x)) | DPF(x) | Cont(r(u),r(x)) | Cont(difference(r(u),r(x)),r(f23(z,x,u))).  [resolve(263,b,257,a)].
Derived: -hosts(x,y) | M(x) | F(x) | -hostsv(z,x) | -P(r(z),r(x)) | DPF(x) | Cont(r(u),r(x)) | hostsv(x,f23(z,x,u)).  [resolve(263,b,258,a)].
Derived: -hosts(x,y) | M(x) | F(x) | -hostsv(z,u) | -P(r(x),r(z)) | DPF(x) | -PO(r(u),ch(x)) | intersection(r(u),ch(x)) = r(f24(z,x,u)).  [resolve(263,b,259,a)].
Derived: -hosts(x,y) | M(x) | F(x) | -hostsv(z,u) | -P(r(x),r(z)) | DPF(x) | -PO(r(u),ch(x)) | hostsv(x,f24(z,x,u)).  [resolve(263,b,260,a)].
Derived: -hosts(x,y) | M(x) | F(x) | -S(x).  [resolve(263,b,261,a)].
Derived: -hosts(x,y) | M(x) | F(x) | MaxDim(r(x)).  [resolve(263,b,262,a)].
264 -hostsv(x,y) | POD(x) | M(x) | F(x).  [resolve(240,b,236,a)].
Derived: -hostsv(x,y) | M(x) | F(x) | DK1(f28(x),x).  [resolve(264,b,256,a)].
Derived: -hostsv(x,y) | M(x) | F(x) | -hostsv(z,x) | -P(r(z),r(x)) | DPF(x) | Cont(r(u),r(x)) | Cont(difference(r(u),r(x)),r(f23(z,x,u))).  [resolve(264,b,257,a)].
Derived: -hostsv(x,y) | M(x) | F(x) | -hostsv(z,x) | -P(r(z),r(x)) | DPF(x) | Cont(r(u),r(x)) | hostsv(x,f23(z,x,u)).  [resolve(264,b,258,a)].
Derived: -hostsv(x,y) | M(x) | F(x) | -hostsv(z,u) | -P(r(x),r(z)) | DPF(x) | -PO(r(u),ch(x)) | intersection(r(u),ch(x)) = r(f24(z,x,u)).  [resolve(264,b,259,a)].
Derived: -hostsv(x,y) | M(x) | F(x) | -hostsv(z,u) | -P(r(x),r(z)) | DPF(x) | -PO(r(u),ch(x)) | hostsv(x,f24(z,x,u)).  [resolve(264,b,260,a)].
Derived: -hostsv(x,y) | M(x) | F(x) | -S(x).  [resolve(264,b,261,a)].
Derived: -hostsv(x,y) | M(x) | F(x) | MaxDim(r(x)).  [resolve(264,b,262,a)].

Eliminating M/1
265 -DK1(x,y) | M(x).  [clausify(72)].
266 -M(x) | -F(x).  [clausify(65)].
Derived: -DK1(x,y) | -F(x).  [resolve(265,b,266,a)].
267 -M(x) | -hostsv(y,x) | -P(r(y),r(x)) | DPF(x) | Cont(r(z),r(x)) | Cont(difference(r(z),r(x)),r(f23(y,x,z))).  [resolve(237,b,230,c)].
Derived: -hostsv(x,y) | -P(r(x),r(y)) | DPF(y) | Cont(r(z),r(y)) | Cont(difference(r(z),r(y)),r(f23(x,y,z))) | -DK1(y,u).  [resolve(267,a,265,b)].
268 -M(x) | -hostsv(y,x) | -P(r(y),r(x)) | DPF(x) | Cont(r(z),r(x)) | hostsv(x,f23(y,x,z)).  [resolve(237,b,231,c)].
Derived: -hostsv(x,y) | -P(r(x),r(y)) | DPF(y) | Cont(r(z),r(y)) | hostsv(y,f23(x,y,z)) | -DK1(y,u).  [resolve(268,a,265,b)].
269 -M(x) | -hostsv(y,z) | -P(r(x),r(y)) | DPF(x) | -PO(r(z),ch(x)) | intersection(r(z),ch(x)) = r(f24(y,x,z)).  [resolve(237,b,232,c)].
Derived: -hostsv(x,y) | -P(r(z),r(x)) | DPF(z) | -PO(r(y),ch(z)) | intersection(r(y),ch(z)) = r(f24(x,z,y)) | -DK1(z,u).  [resolve(269,a,265,b)].
270 -M(x) | -hostsv(y,z) | -P(r(x),r(y)) | DPF(x) | -PO(r(z),ch(x)) | hostsv(x,f24(y,x,z)).  [resolve(237,b,233,c)].
Derived: -hostsv(x,y) | -P(r(z),r(x)) | DPF(z) | -PO(r(y),ch(z)) | hostsv(z,f24(x,z,y)) | -DK1(z,u).  [resolve(270,a,265,b)].
271 -M(x) | -S(x).  [resolve(237,b,234,a)].
Derived: -S(x) | -DK1(x,y).  [resolve(271,a,265,b)].
272 -M(x) | MaxDim(r(x)).  [resolve(237,b,235,a)].
Derived: MaxDim(r(x)) | -DK1(x,y).  [resolve(272,a,265,b)].
273 -NAPO(x) | -M(x).  [resolve(252,b,253,a)].
Derived: -NAPO(x) | -DK1(x,y).  [resolve(273,b,265,b)].
274 -DK1(x,y) | F(y) | -M(y).  [resolve(255,b,253,a)].
Derived: -DK1(x,y) | F(y) | -DK1(y,z).  [resolve(274,c,265,b)].
275 -hosts(x,y) | M(x) | F(x) | DK1(f28(x),x).  [resolve(263,b,256,a)].
Derived: -hosts(x,y) | F(x) | DK1(f28(x),x) | -hostsv(z,x) | -P(r(z),r(x)) | DPF(x) | Cont(r(u),r(x)) | Cont(difference(r(u),r(x)),r(f23(z,x,u))).  [resolve(275,b,267,a)].
Derived: -hosts(x,y) | F(x) | DK1(f28(x),x) | -hostsv(z,x) | -P(r(z),r(x)) | DPF(x) | Cont(r(u),r(x)) | hostsv(x,f23(z,x,u)).  [resolve(275,b,268,a)].
Derived: -hosts(x,y) | F(x) | DK1(f28(x),x) | -hostsv(z,u) | -P(r(x),r(z)) | DPF(x) | -PO(r(u),ch(x)) | intersection(r(u),ch(x)) = r(f24(z,x,u)).  [resolve(275,b,269,a)].
Derived: -hosts(x,y) | F(x) | DK1(f28(x),x) | -hostsv(z,u) | -P(r(x),r(z)) | DPF(x) | -PO(r(u),ch(x)) | hostsv(x,f24(z,x,u)).  [resolve(275,b,270,a)].
Derived: -hosts(x,y) | F(x) | DK1(f28(x),x) | -S(x).  [resolve(275,b,271,a)].
Derived: -hosts(x,y) | F(x) | DK1(f28(x),x) | MaxDim(r(x)).  [resolve(275,b,272,a)].
Derived: -hosts(x,y) | F(x) | DK1(f28(x),x) | -NAPO(x).  [resolve(275,b,273,b)].
Derived: -hosts(x,y) | F(x) | DK1(f28(x),x) | -DK1(z,x) | F(x).  [resolve(275,b,274,c)].
276 -hosts(x,y) | M(x) | F(x) | -hostsv(z,x) | -P(r(z),r(x)) | DPF(x) | Cont(r(u),r(x)) | Cont(difference(r(u),r(x)),r(f23(z,x,u))).  [resolve(263,b,257,a)].
Derived: -hosts(x,y) | F(x) | -hostsv(z,x) | -P(r(z),r(x)) | DPF(x) | Cont(r(u),r(x)) | Cont(difference(r(u),r(x)),r(f23(z,x,u))) | -hostsv(w,x) | -P(r(w),r(x)) | DPF(x) | Cont(r(v5),r(x)) | Cont(difference(r(v5),r(x)),r(f23(w,x,v5))).  [resolve(276,b,267,a)].
277 -hosts(x,y) | M(x) | F(x) | -hostsv(z,x) | -P(r(z),r(x)) | DPF(x) | Cont(r(u),r(x)) | hostsv(x,f23(z,x,u)).  [resolve(263,b,258,a)].
Derived: -hosts(x,y) | F(x) | -hostsv(z,x) | -P(r(z),r(x)) | DPF(x) | Cont(r(u),r(x)) | hostsv(x,f23(z,x,u)) | -hostsv(w,x) | -P(r(w),r(x)) | DPF(x) | Cont(r(v5),r(x)) | hostsv(x,f23(w,x,v5)).  [resolve(277,b,268,a)].
278 -hosts(x,y) | M(x) | F(x) | -hostsv(z,u) | -P(r(x),r(z)) | DPF(x) | -PO(r(u),ch(x)) | intersection(r(u),ch(x)) = r(f24(z,x,u)).  [resolve(263,b,259,a)].
Derived: -hosts(x,y) | F(x) | -hostsv(z,u) | -P(r(x),r(z)) | DPF(x) | -PO(r(u),ch(x)) | intersection(r(u),ch(x)) = r(f24(z,x,u)) | -hostsv(w,v5) | -P(r(x),r(w)) | DPF(x) | -PO(r(v5),ch(x)) | intersection(r(v5),ch(x)) = r(f24(w,x,v5)).  [resolve(278,b,269,a)].
279 -hosts(x,y) | M(x) | F(x) | -hostsv(z,u) | -P(r(x),r(z)) | DPF(x) | -PO(r(u),ch(x)) | hostsv(x,f24(z,x,u)).  [resolve(263,b,260,a)].
Derived: -hosts(x,y) | F(x) | -hostsv(z,u) | -P(r(x),r(z)) | DPF(x) | -PO(r(u),ch(x)) | hostsv(x,f24(z,x,u)) | -hostsv(w,v5) | -P(r(x),r(w)) | DPF(x) | -PO(r(v5),ch(x)) | hostsv(x,f24(w,x,v5)).  [resolve(279,b,270,a)].
280 -hosts(x,y) | M(x) | F(x) | -S(x).  [resolve(263,b,261,a)].
Derived: -hosts(x,y) | F(x) | -S(x) | -S(x).  [resolve(280,b,271,a)].
281 -hosts(x,y) | M(x) | F(x) | MaxDim(r(x)).  [resolve(263,b,262,a)].
Derived: -hosts(x,y) | F(x) | MaxDim(r(x)) | MaxDim(r(x)).  [resolve(281,b,272,a)].
282 -hostsv(x,y) | M(x) | F(x) | DK1(f28(x),x).  [resolve(264,b,256,a)].
Derived: -hostsv(x,y) | F(x) | DK1(f28(x),x) | -hostsv(z,x) | -P(r(z),r(x)) | DPF(x) | Cont(r(u),r(x)) | Cont(difference(r(u),r(x)),r(f23(z,x,u))).  [resolve(282,b,267,a)].
Derived: -hostsv(x,y) | F(x) | DK1(f28(x),x) | -hostsv(z,x) | -P(r(z),r(x)) | DPF(x) | Cont(r(u),r(x)) | hostsv(x,f23(z,x,u)).  [resolve(282,b,268,a)].
Derived: -hostsv(x,y) | F(x) | DK1(f28(x),x) | -hostsv(z,u) | -P(r(x),r(z)) | DPF(x) | -PO(r(u),ch(x)) | intersection(r(u),ch(x)) = r(f24(z,x,u)).  [resolve(282,b,269,a)].
Derived: -hostsv(x,y) | F(x) | DK1(f28(x),x) | -hostsv(z,u) | -P(r(x),r(z)) | DPF(x) | -PO(r(u),ch(x)) | hostsv(x,f24(z,x,u)).  [resolve(282,b,270,a)].
Derived: -hostsv(x,y) | F(x) | DK1(f28(x),x) | -S(x).  [resolve(282,b,271,a)].
Derived: -hostsv(x,y) | F(x) | DK1(f28(x),x) | MaxDim(r(x)).  [resolve(282,b,272,a)].
Derived: -hostsv(x,y) | F(x) | DK1(f28(x),x) | -NAPO(x).  [resolve(282,b,273,b)].
Derived: -hostsv(x,y) | F(x) | DK1(f28(x),x) | -DK1(z,x) | F(x).  [resolve(282,b,274,c)].
283 -hostsv(x,y) | M(x) | F(x) | -hostsv(z,x) | -P(r(z),r(x)) | DPF(x) | Cont(r(u),r(x)) | Cont(difference(r(u),r(x)),r(f23(z,x,u))).  [resolve(264,b,257,a)].
Derived: -hostsv(x,y) | F(x) | -hostsv(z,x) | -P(r(z),r(x)) | DPF(x) | Cont(r(u),r(x)) | Cont(difference(r(u),r(x)),r(f23(z,x,u))) | -hostsv(w,x) | -P(r(w),r(x)) | DPF(x) | Cont(r(v5),r(x)) | Cont(difference(r(v5),r(x)),r(f23(w,x,v5))).  [resolve(283,b,267,a)].
284 -hostsv(x,y) | M(x) | F(x) | -hostsv(z,x) | -P(r(z),r(x)) | DPF(x) | Cont(r(u),r(x)) | hostsv(x,f23(z,x,u)).  [resolve(264,b,258,a)].
Derived: -hostsv(x,y) | F(x) | -hostsv(z,x) | -P(r(z),r(x)) | DPF(x) | Cont(r(u),r(x)) | hostsv(x,f23(z,x,u)) | -hostsv(w,x) | -P(r(w),r(x)) | DPF(x) | Cont(r(v5),r(x)) | hostsv(x,f23(w,x,v5)).  [resolve(284,b,268,a)].
285 -hostsv(x,y) | M(x) | F(x) | -hostsv(z,u) | -P(r(x),r(z)) | DPF(x) | -PO(r(u),ch(x)) | intersection(r(u),ch(x)) = r(f24(z,x,u)).  [resolve(264,b,259,a)].
Derived: -hostsv(x,y) | F(x) | -hostsv(z,u) | -P(r(x),r(z)) | DPF(x) | -PO(r(u),ch(x)) | intersection(r(u),ch(x)) = r(f24(z,x,u)) | -hostsv(w,v5) | -P(r(x),r(w)) | DPF(x) | -PO(r(v5),ch(x)) | intersection(r(v5),ch(x)) = r(f24(w,x,v5)).  [resolve(285,b,269,a)].
286 -hostsv(x,y) | M(x) | F(x) | -hostsv(z,u) | -P(r(x),r(z)) | DPF(x) | -PO(r(u),ch(x)) | hostsv(x,f24(z,x,u)).  [resolve(264,b,260,a)].
Derived: -hostsv(x,y) | F(x) | -hostsv(z,u) | -P(r(x),r(z)) | DPF(x) | -PO(r(u),ch(x)) | hostsv(x,f24(z,x,u)) | -hostsv(w,v5) | -P(r(x),r(w)) | DPF(x) | -PO(r(v5),ch(x)) | hostsv(x,f24(w,x,v5)).  [resolve(286,b,270,a)].
287 -hostsv(x,y) | M(x) | F(x) | -S(x).  [resolve(264,b,261,a)].
Derived: -hostsv(x,y) | F(x) | -S(x) | -S(x).  [resolve(287,b,271,a)].
288 -hostsv(x,y) | M(x) | F(x) | MaxDim(r(x)).  [resolve(264,b,262,a)].
Derived: -hostsv(x,y) | F(x) | MaxDim(r(x)) | MaxDim(r(x)).  [resolve(288,b,272,a)].

Eliminating MinDim/1
289 MinDim(x) | -S(x) | ZEX(x) | S(f30(x)).  [clausify(85)].
290 -MinDim(x) | S(x).  [clausify(85)].
291 -MinDim(x) | -ZEX(x).  [clausify(85)].
292 -MinDim(x) | -S(y) | -(y < x) | ZEX(y).  [clausify(85)].
Derived: -S(x) | ZEX(x) | S(f30(x)) | -S(y) | -(y < x) | ZEX(y).  [resolve(289,a,292,a)].
293 MinDim(x) | -S(x) | ZEX(x) | f30(x) < x.  [clausify(85)].
Derived: -S(x) | ZEX(x) | f30(x) < x | -S(y) | -(y < x) | ZEX(y).  [resolve(293,a,292,a)].
294 MinDim(x) | -S(x) | ZEX(x) | -ZEX(f30(x)).  [clausify(85)].
Derived: -S(x) | ZEX(x) | -ZEX(f30(x)) | -S(y) | -(y < x) | ZEX(y).  [resolve(294,a,292,a)].
295 MinDim(c2).  [clausify(87)].
Derived: S(c2).  [resolve(295,a,290,a)].
Derived: -ZEX(c2).  [resolve(295,a,291,a)].
Derived: -S(x) | -(x < c2) | ZEX(x).  [resolve(295,a,292,a)].

Eliminating Min/1
296 -S(x) | -S(y) | -S(z) | -S(u) | -SC(x,y) | -Min(x) | -P(x,z) | -Cont(y,z) | -Cont(u,x) | -Cont(u,y) | BCont(u,x).  [clausify(107)].
297 -S(x) | ZEX(x) | Min(f33(x)).  [clausify(105)].
Derived: -S(f33(x)) | -S(y) | -S(z) | -S(u) | -SC(f33(x),y) | -P(f33(x),z) | -Cont(y,z) | -Cont(u,f33(x)) | -Cont(u,y) | BCont(u,f33(x)) | -S(x) | ZEX(x).  [resolve(296,f,297,c)].
298 -S(x) | -S(y) | -BCont(x,y) | -P(z,x) | -Min(z) | BCont(z,y).  [clausify(111)].
Derived: -S(x) | -S(y) | -BCont(x,y) | -P(f33(z),x) | BCont(f33(z),y) | -S(z) | ZEX(z).  [resolve(298,e,297,c)].
299 BCont(x,y) | -S(x) | -S(y) | ZEX(x) | Min(f36(x,y)).  [clausify(111)].
Derived: BCont(x,y) | -S(x) | -S(y) | ZEX(x) | -S(f36(x,y)) | -S(z) | -S(u) | -S(w) | -SC(f36(x,y),z) | -P(f36(x,y),u) | -Cont(z,u) | -Cont(w,f36(x,y)) | -Cont(w,z) | BCont(w,f36(x,y)).  [resolve(299,e,296,f)].
Derived: BCont(x,y) | -S(x) | -S(y) | ZEX(x) | -S(z) | -S(u) | -BCont(z,u) | -P(f36(x,y),z) | BCont(f36(x,y),u).  [resolve(299,e,298,e)].
300 -EqDim(x,y) | Min(f38(x,y)) | TSum(x,y,f39(x,y)).  [clausify(118)].
Derived: -EqDim(x,y) | TSum(x,y,f39(x,y)) | -S(f38(x,y)) | -S(z) | -S(u) | -S(w) | -SC(f38(x,y),z) | -P(f38(x,y),u) | -Cont(z,u) | -Cont(w,f38(x,y)) | -Cont(w,z) | BCont(w,f38(x,y)).  [resolve(300,b,296,f)].
Derived: -EqDim(x,y) | TSum(x,y,f39(x,y)) | -S(z) | -S(u) | -BCont(z,u) | -P(f38(x,y),z) | BCont(f38(x,y),u).  [resolve(300,b,298,e)].
301 -Min(x) | -ZEX(x).  [clausify(125)].
Derived: -ZEX(f33(x)) | -S(x) | ZEX(x).  [resolve(301,a,297,c)].
Derived: -ZEX(f36(x,y)) | BCont(x,y) | -S(x) | -S(y) | ZEX(x).  [resolve(301,a,299,e)].
Derived: -ZEX(f38(x,y)) | -EqDim(x,y) | TSum(x,y,f39(x,y)).  [resolve(301,a,300,b)].
302 -Min(x) | -PP(y,x).  [clausify(125)].
Derived: -PP(x,f33(y)) | -S(y) | ZEX(y).  [resolve(302,a,297,c)].
Derived: -PP(x,f36(y,z)) | BCont(y,z) | -S(y) | -S(z) | ZEX(y).  [resolve(302,a,299,e)].
Derived: -PP(x,f38(y,z)) | -EqDim(y,z) | TSum(y,z,f39(y,z)).  [resolve(302,a,300,b)].
303 Min(x) | ZEX(x) | PP(f45(x),x).  [clausify(125)].
Derived: ZEX(x) | PP(f45(x),x) | -S(x) | -S(y) | -S(z) | -S(u) | -SC(x,y) | -P(x,z) | -Cont(y,z) | -Cont(u,x) | -Cont(u,y) | BCont(u,x).  [resolve(303,a,296,f)].
Derived: ZEX(x) | PP(f45(x),x) | -S(y) | -S(z) | -BCont(y,z) | -P(x,y) | BCont(x,z).  [resolve(303,a,298,e)].
Derived: ZEX(x) | PP(f45(x),x) | -PP(y,x).  [resolve(303,a,302,a)].

Eliminating Inc/2
304 -Inc(x,y) | f47(x,y) < x | f48(x,y) < y.  [clausify(127)].
305 -S(x) | -S(y) | -BCont(x,y) | Inc(x,y).  [clausify(106)].
Derived: f47(x,y) < x | f48(x,y) < y | -S(x) | -S(y) | -BCont(x,y).  [resolve(304,a,305,d)].
306 -Inc(x,y) | f47(x,y) < x | Cont(f48(x,y),y).  [clausify(127)].
Derived: f47(x,y) < x | Cont(f48(x,y),y) | -S(x) | -S(y) | -BCont(x,y).  [resolve(306,a,305,d)].
307 -Inc(x,y) | f47(x,y) < x | P(f48(x,y),x).  [clausify(127)].
Derived: f47(x,y) < x | P(f48(x,y),x) | -S(x) | -S(y) | -BCont(x,y).  [resolve(307,a,305,d)].
308 -Inc(x,y) | Cont(f47(x,y),x) | f48(x,y) < y.  [clausify(127)].
Derived: Cont(f47(x,y),x) | f48(x,y) < y | -S(x) | -S(y) | -BCont(x,y).  [resolve(308,a,305,d)].
309 -Inc(x,y) | Cont(f47(x,y),x) | Cont(f48(x,y),y).  [clausify(127)].
Derived: Cont(f47(x,y),x) | Cont(f48(x,y),y) | -S(x) | -S(y) | -BCont(x,y).  [resolve(309,a,305,d)].
310 -Inc(x,y) | Cont(f47(x,y),x) | P(f48(x,y),x).  [clausify(127)].
Derived: Cont(f47(x,y),x) | P(f48(x,y),x) | -S(x) | -S(y) | -BCont(x,y).  [resolve(310,a,305,d)].
311 -Inc(x,y) | P(f47(x,y),y) | f48(x,y) < y.  [clausify(127)].
Derived: P(f47(x,y),y) | f48(x,y) < y | -S(x) | -S(y) | -BCont(x,y).  [resolve(311,a,305,d)].
312 -Inc(x,y) | P(f47(x,y),y) | Cont(f48(x,y),y).  [clausify(127)].
Derived: P(f47(x,y),y) | Cont(f48(x,y),y) | -S(x) | -S(y) | -BCont(x,y).  [resolve(312,a,305,d)].
313 -Inc(x,y) | P(f47(x,y),y) | P(f48(x,y),x).  [clausify(127)].
Derived: P(f47(x,y),y) | P(f48(x,y),x) | -S(x) | -S(y) | -BCont(x,y).  [resolve(313,a,305,d)].
314 Inc(x,y) | -(z < x) | -Cont(z,x) | -P(z,y).  [clausify(127)].
Derived: -(x < y) | -Cont(x,y) | -P(x,z) | f47(y,z) < y | f48(y,z) < z.  [resolve(314,a,304,a)].
Derived: -(x < y) | -Cont(x,y) | -P(x,z) | f47(y,z) < y | Cont(f48(y,z),z).  [resolve(314,a,306,a)].
Derived: -(x < y) | -Cont(x,y) | -P(x,z) | f47(y,z) < y | P(f48(y,z),y).  [resolve(314,a,307,a)].
Derived: -(x < y) | -Cont(x,y) | -P(x,z) | Cont(f47(y,z),y) | f48(y,z) < z.  [resolve(314,a,308,a)].
Derived: -(x < y) | -Cont(x,y) | -P(x,z) | Cont(f47(y,z),y) | Cont(f48(y,z),z).  [resolve(314,a,309,a)].
Derived: -(x < y) | -Cont(x,y) | -P(x,z) | Cont(f47(y,z),y) | P(f48(y,z),y).  [resolve(314,a,310,a)].
Derived: -(x < y) | -Cont(x,y) | -P(x,z) | P(f47(y,z),z) | f48(y,z) < z.  [resolve(314,a,311,a)].
Derived: -(x < y) | -Cont(x,y) | -P(x,z) | P(f47(y,z),z) | Cont(f48(y,z),z).  [resolve(314,a,312,a)].
Derived: -(x < y) | -Cont(x,y) | -P(x,z) | P(f47(y,z),z) | P(f48(y,z),y).  [resolve(314,a,313,a)].
315 Inc(x,y) | -(z < y) | -Cont(z,y) | -P(z,x).  [clausify(127)].
Derived: -(x < y) | -Cont(x,y) | -P(x,z) | f47(z,y) < z | f48(z,y) < y.  [resolve(315,a,304,a)].
Derived: -(x < y) | -Cont(x,y) | -P(x,z) | f47(z,y) < z | Cont(f48(z,y),y).  [resolve(315,a,306,a)].
Derived: -(x < y) | -Cont(x,y) | -P(x,z) | f47(z,y) < z | P(f48(z,y),z).  [resolve(315,a,307,a)].
Derived: -(x < y) | -Cont(x,y) | -P(x,z) | Cont(f47(z,y),z) | f48(z,y) < y.  [resolve(315,a,308,a)].
Derived: -(x < y) | -Cont(x,y) | -P(x,z) | Cont(f47(z,y),z) | Cont(f48(z,y),y).  [resolve(315,a,309,a)].
Derived: -(x < y) | -Cont(x,y) | -P(x,z) | Cont(f47(z,y),z) | P(f48(z,y),z).  [resolve(315,a,310,a)].
Derived: -(x < y) | -Cont(x,y) | -P(x,z) | P(f47(z,y),y) | f48(z,y) < y.  [resolve(315,a,311,a)].
Derived: -(x < y) | -Cont(x,y) | -P(x,z) | P(f47(z,y),y) | Cont(f48(z,y),y).  [resolve(315,a,312,a)].
Derived: -(x < y) | -Cont(x,y) | -P(x,z) | P(f47(z,y),y) | P(f48(z,y),z).  [resolve(315,a,313,a)].

Eliminating Con/1
316 Con(x) | -S(x) | PP(f40(x),x).  [clausify(120)].
317 -Con(x) | S(x).  [clausify(120)].
318 -Con(x) | -PP(y,x) | SC(y,difference(x,y)).  [clausify(120)].
Derived: -S(x) | PP(f40(x),x) | -PP(y,x) | SC(y,difference(x,y)).  [resolve(316,a,318,a)].
319 Con(x) | -S(x) | -SC(f40(x),difference(x,f40(x))).  [clausify(120)].
Derived: -S(x) | -SC(f40(x),difference(x,f40(x))) | -PP(y,x) | SC(y,difference(x,y)).  [resolve(319,a,318,a)].
320 -ICon(x) | Con(x).  [clausify(121)].
Derived: -ICon(x) | S(x).  [resolve(320,b,317,a)].
Derived: -ICon(x) | -PP(y,x) | SC(y,difference(x,y)).  [resolve(320,b,318,a)].
321 ICon(x) | -Con(x) | PP(f41(x),x).  [clausify(121)].
Derived: ICon(x) | PP(f41(x),x) | -S(x) | PP(f40(x),x).  [resolve(321,b,316,a)].
Derived: ICon(x) | PP(f41(x),x) | -S(x) | -SC(f40(x),difference(x,f40(x))).  [resolve(321,b,319,a)].
322 ICon(x) | -Con(x) | -Covers(x,intersection(f41(x),difference(x,f41(x)))).  [clausify(121)].
Derived: ICon(x) | -Covers(x,intersection(f41(x),difference(x,f41(x)))) | -S(x) | PP(f40(x),x).  [resolve(322,b,316,a)].
Derived: ICon(x) | -Covers(x,intersection(f41(x),difference(x,f41(x)))) | -S(x) | -SC(f40(x),difference(x,f40(x))).  [resolve(322,b,319,a)].
323 -UCon(x) | Con(x).  [clausify(122)].
Derived: -UCon(x) | S(x).  [resolve(323,b,317,a)].
Derived: -UCon(x) | -PP(y,x) | SC(y,difference(x,y)).  [resolve(323,b,318,a)].
Derived: -UCon(x) | ICon(x) | PP(f41(x),x).  [resolve(323,b,321,b)].
Derived: -UCon(x) | ICon(x) | -Covers(x,intersection(f41(x),difference(x,f41(x)))).  [resolve(323,b,322,b)].
324 UCon(x) | -S(x) | -Con(x) | PP(f42(x),x).  [clausify(122)].
Derived: UCon(x) | -S(x) | PP(f42(x),x) | -S(x) | PP(f40(x),x).  [resolve(324,c,316,a)].
Derived: UCon(x) | -S(x) | PP(f42(x),x) | -S(x) | -SC(f40(x),difference(x,f40(x))).  [resolve(324,c,319,a)].
Derived: UCon(x) | -S(x) | PP(f42(x),x) | -ICon(x).  [resolve(324,c,320,b)].
325 UCon(x) | -S(x) | -Con(x) | Cont(f43(x),f42(x)).  [clausify(122)].
Derived: UCon(x) | -S(x) | Cont(f43(x),f42(x)) | -S(x) | PP(f40(x),x).  [resolve(325,c,316,a)].
Derived: UCon(x) | -S(x) | Cont(f43(x),f42(x)) | -S(x) | -SC(f40(x),difference(x,f40(x))).  [resolve(325,c,319,a)].
Derived: UCon(x) | -S(x) | Cont(f43(x),f42(x)) | -ICon(x).  [resolve(325,c,320,b)].
326 UCon(x) | -S(x) | -Con(x) | Cont(f43(x),difference(x,f42(x))).  [clausify(122)].
Derived: UCon(x) | -S(x) | Cont(f43(x),difference(x,f42(x))) | -S(x) | PP(f40(x),x).  [resolve(326,c,316,a)].
Derived: UCon(x) | -S(x) | Cont(f43(x),difference(x,f42(x))) | -S(x) | -SC(f40(x),difference(x,f40(x))).  [resolve(326,c,319,a)].
Derived: UCon(x) | -S(x) | Cont(f43(x),difference(x,f42(x))) | -ICon(x).  [resolve(326,c,320,b)].
327 UCon(x) | -S(x) | -Con(x) | -Cont(f43(x),intersection(f42(x),difference(x,f42(x)))).  [clausify(122)].
Derived: UCon(x) | -S(x) | -Cont(f43(x),intersection(f42(x),difference(x,f42(x)))) | -S(x) | PP(f40(x),x).  [resolve(327,c,316,a)].
Derived: UCon(x) | -S(x) | -Cont(f43(x),intersection(f42(x),difference(x,f42(x)))) | -S(x) | -SC(f40(x),difference(x,f40(x))).  [resolve(327,c,319,a)].
Derived: UCon(x) | -S(x) | -Cont(f43(x),intersection(f42(x),difference(x,f42(x)))) | -ICon(x).  [resolve(327,c,320,b)].

Eliminating UCon/1
328 UCon(x) | -S(x) | PP(f42(x),x) | -S(x) | PP(f40(x),x).  [resolve(324,c,316,a)].
329 -UCon(x) | S(x).  [clausify(122)].
330 -UCon(x) | -PP(y,x) | -Cont(z,y) | -Cont(z,difference(x,y)) | Cont(z,intersection(y,difference(x,y))).  [clausify(122)].
331 -UCon(x) | S(x).  [resolve(323,b,317,a)].
332 -UCon(x) | -PP(y,x) | SC(y,difference(x,y)).  [resolve(323,b,318,a)].
333 -UCon(x) | ICon(x) | PP(f41(x),x).  [resolve(323,b,321,b)].
334 -UCon(x) | ICon(x) | -Covers(x,intersection(f41(x),difference(x,f41(x)))).  [resolve(323,b,322,b)].
Derived: -S(x) | PP(f42(x),x) | -S(x) | PP(f40(x),x) | -PP(y,x) | -Cont(z,y) | -Cont(z,difference(x,y)) | Cont(z,intersection(y,difference(x,y))).  [resolve(328,a,330,a)].
Derived: -S(x) | PP(f42(x),x) | -S(x) | PP(f40(x),x) | -PP(y,x) | SC(y,difference(x,y)).  [resolve(328,a,332,a)].
Derived: -S(x) | PP(f42(x),x) | -S(x) | PP(f40(x),x) | ICon(x) | PP(f41(x),x).  [resolve(328,a,333,a)].
Derived: -S(x) | PP(f42(x),x) | -S(x) | PP(f40(x),x) | ICon(x) | -Covers(x,intersection(f41(x),difference(x,f41(x)))).  [resolve(328,a,334,a)].
335 UCon(x) | -S(x) | PP(f42(x),x) | -S(x) | -SC(f40(x),difference(x,f40(x))).  [resolve(324,c,319,a)].
Derived: -S(x) | PP(f42(x),x) | -S(x) | -SC(f40(x),difference(x,f40(x))) | -PP(y,x) | -Cont(z,y) | -Cont(z,difference(x,y)) | Cont(z,intersection(y,difference(x,y))).  [resolve(335,a,330,a)].
Derived: -S(x) | PP(f42(x),x) | -S(x) | -SC(f40(x),difference(x,f40(x))) | -PP(y,x) | SC(y,difference(x,y)).  [resolve(335,a,332,a)].
Derived: -S(x) | PP(f42(x),x) | -S(x) | -SC(f40(x),difference(x,f40(x))) | ICon(x) | PP(f41(x),x).  [resolve(335,a,333,a)].
Derived: -S(x) | PP(f42(x),x) | -S(x) | -SC(f40(x),difference(x,f40(x))) | ICon(x) | -Covers(x,intersection(f41(x),difference(x,f41(x)))).  [resolve(335,a,334,a)].
336 UCon(x) | -S(x) | PP(f42(x),x) | -ICon(x).  [resolve(324,c,320,b)].
Derived: -S(x) | PP(f42(x),x) | -ICon(x) | -PP(y,x) | -Cont(z,y) | -Cont(z,difference(x,y)) | Cont(z,intersection(y,difference(x,y))).  [resolve(336,a,330,a)].
Derived: -S(x) | PP(f42(x),x) | -ICon(x) | -PP(y,x) | SC(y,difference(x,y)).  [resolve(336,a,332,a)].
337 UCon(x) | -S(x) | Cont(f43(x),f42(x)) | -S(x) | PP(f40(x),x).  [resolve(325,c,316,a)].
Derived: -S(x) | Cont(f43(x),f42(x)) | -S(x) | PP(f40(x),x) | -PP(y,x) | -Cont(z,y) | -Cont(z,difference(x,y)) | Cont(z,intersection(y,difference(x,y))).  [resolve(337,a,330,a)].
Derived: -S(x) | Cont(f43(x),f42(x)) | -S(x) | PP(f40(x),x) | -PP(y,x) | SC(y,difference(x,y)).  [resolve(337,a,332,a)].
Derived: -S(x) | Cont(f43(x),f42(x)) | -S(x) | PP(f40(x),x) | ICon(x) | PP(f41(x),x).  [resolve(337,a,333,a)].
Derived: -S(x) | Cont(f43(x),f42(x)) | -S(x) | PP(f40(x),x) | ICon(x) | -Covers(x,intersection(f41(x),difference(x,f41(x)))).  [resolve(337,a,334,a)].
338 UCon(x) | -S(x) | Cont(f43(x),f42(x)) | -S(x) | -SC(f40(x),difference(x,f40(x))).  [resolve(325,c,319,a)].
Derived: -S(x) | Cont(f43(x),f42(x)) | -S(x) | -SC(f40(x),difference(x,f40(x))) | -PP(y,x) | -Cont(z,y) | -Cont(z,difference(x,y)) | Cont(z,intersection(y,difference(x,y))).  [resolve(338,a,330,a)].
Derived: -S(x) | Cont(f43(x),f42(x)) | -S(x) | -SC(f40(x),difference(x,f40(x))) | -PP(y,x) | SC(y,difference(x,y)).  [resolve(338,a,332,a)].
Derived: -S(x) | Cont(f43(x),f42(x)) | -S(x) | -SC(f40(x),difference(x,f40(x))) | ICon(x) | PP(f41(x),x).  [resolve(338,a,333,a)].
Derived: -S(x) | Cont(f43(x),f42(x)) | -S(x) | -SC(f40(x),difference(x,f40(x))) | ICon(x) | -Covers(x,intersection(f41(x),difference(x,f41(x)))).  [resolve(338,a,334,a)].
339 UCon(x) | -S(x) | Cont(f43(x),f42(x)) | -ICon(x).  [resolve(325,c,320,b)].
Derived: -S(x) | Cont(f43(x),f42(x)) | -ICon(x) | -PP(y,x) | -Cont(z,y) | -Cont(z,difference(x,y)) | Cont(z,intersection(y,difference(x,y))).  [resolve(339,a,330,a)].
Derived: -S(x) | Cont(f43(x),f42(x)) | -ICon(x) | -PP(y,x) | SC(y,difference(x,y)).  [resolve(339,a,332,a)].
340 UCon(x) | -S(x) | Cont(f43(x),difference(x,f42(x))) | -S(x) | PP(f40(x),x).  [resolve(326,c,316,a)].
Derived: -S(x) | Cont(f43(x),difference(x,f42(x))) | -S(x) | PP(f40(x),x) | -PP(y,x) | -Cont(z,y) | -Cont(z,difference(x,y)) | Cont(z,intersection(y,difference(x,y))).  [resolve(340,a,330,a)].
Derived: -S(x) | Cont(f43(x),difference(x,f42(x))) | -S(x) | PP(f40(x),x) | -PP(y,x) | SC(y,difference(x,y)).  [resolve(340,a,332,a)].
Derived: -S(x) | Cont(f43(x),difference(x,f42(x))) | -S(x) | PP(f40(x),x) | ICon(x) | PP(f41(x),x).  [resolve(340,a,333,a)].
Derived: -S(x) | Cont(f43(x),difference(x,f42(x))) | -S(x) | PP(f40(x),x) | ICon(x) | -Covers(x,intersection(f41(x),difference(x,f41(x)))).  [resolve(340,a,334,a)].
341 UCon(x) | -S(x) | Cont(f43(x),difference(x,f42(x))) | -S(x) | -SC(f40(x),difference(x,f40(x))).  [resolve(326,c,319,a)].
Derived: -S(x) | Cont(f43(x),difference(x,f42(x))) | -S(x) | -SC(f40(x),difference(x,f40(x))) | -PP(y,x) | -Cont(z,y) | -Cont(z,difference(x,y)) | Cont(z,intersection(y,difference(x,y))).  [resolve(341,a,330,a)].
Derived: -S(x) | Cont(f43(x),difference(x,f42(x))) | -S(x) | -SC(f40(x),difference(x,f40(x))) | -PP(y,x) | SC(y,difference(x,y)).  [resolve(341,a,332,a)].
Derived: -S(x) | Cont(f43(x),difference(x,f42(x))) | -S(x) | -SC(f40(x),difference(x,f40(x))) | ICon(x) | PP(f41(x),x).  [resolve(341,a,333,a)].
Derived: -S(x) | Cont(f43(x),difference(x,f42(x))) | -S(x) | -SC(f40(x),difference(x,f40(x))) | ICon(x) | -Covers(x,intersection(f41(x),difference(x,f41(x)))).  [resolve(341,a,334,a)].
342 UCon(x) | -S(x) | Cont(f43(x),difference(x,f42(x))) | -ICon(x).  [resolve(326,c,320,b)].
Derived: -S(x) | Cont(f43(x),difference(x,f42(x))) | -ICon(x) | -PP(y,x) | -Cont(z,y) | -Cont(z,difference(x,y)) | Cont(z,intersection(y,difference(x,y))).  [resolve(342,a,330,a)].
Derived: -S(x) | Cont(f43(x),difference(x,f42(x))) | -ICon(x) | -PP(y,x) | SC(y,difference(x,y)).  [resolve(342,a,332,a)].
343 UCon(x) | -S(x) | -Cont(f43(x),intersection(f42(x),difference(x,f42(x)))) | -S(x) | PP(f40(x),x).  [resolve(327,c,316,a)].
Derived: -S(x) | -Cont(f43(x),intersection(f42(x),difference(x,f42(x)))) | -S(x) | PP(f40(x),x) | -PP(y,x) | -Cont(z,y) | -Cont(z,difference(x,y)) | Cont(z,intersection(y,difference(x,y))).  [resolve(343,a,330,a)].
Derived: -S(x) | -Cont(f43(x),intersection(f42(x),difference(x,f42(x)))) | -S(x) | PP(f40(x),x) | -PP(y,x) | SC(y,difference(x,y)).  [resolve(343,a,332,a)].
Derived: -S(x) | -Cont(f43(x),intersection(f42(x),difference(x,f42(x)))) | -S(x) | PP(f40(x),x) | ICon(x) | PP(f41(x),x).  [resolve(343,a,333,a)].
Derived: -S(x) | -Cont(f43(x),intersection(f42(x),difference(x,f42(x)))) | -S(x) | PP(f40(x),x) | ICon(x) | -Covers(x,intersection(f41(x),difference(x,f41(x)))).  [resolve(343,a,334,a)].
344 UCon(x) | -S(x) | -Cont(f43(x),intersection(f42(x),difference(x,f42(x)))) | -S(x) | -SC(f40(x),difference(x,f40(x))).  [resolve(327,c,319,a)].
Derived: -S(x) | -Cont(f43(x),intersection(f42(x),difference(x,f42(x)))) | -S(x) | -SC(f40(x),difference(x,f40(x))) | -PP(y,x) | -Cont(z,y) | -Cont(z,difference(x,y)) | Cont(z,intersection(y,difference(x,y))).  [resolve(344,a,330,a)].
Derived: -S(x) | -Cont(f43(x),intersection(f42(x),difference(x,f42(x)))) | -S(x) | -SC(f40(x),difference(x,f40(x))) | -PP(y,x) | SC(y,difference(x,y)).  [resolve(344,a,332,a)].
Derived: -S(x) | -Cont(f43(x),intersection(f42(x),difference(x,f42(x)))) | -S(x) | -SC(f40(x),difference(x,f40(x))) | ICon(x) | PP(f41(x),x).  [resolve(344,a,333,a)].
Derived: -S(x) | -Cont(f43(x),intersection(f42(x),difference(x,f42(x)))) | -S(x) | -SC(f40(x),difference(x,f40(x))) | ICon(x) | -Covers(x,intersection(f41(x),difference(x,f41(x)))).  [resolve(344,a,334,a)].
345 UCon(x) | -S(x) | -Cont(f43(x),intersection(f42(x),difference(x,f42(x)))) | -ICon(x).  [resolve(327,c,320,b)].
Derived: -S(x) | -Cont(f43(x),intersection(f42(x),difference(x,f42(x)))) | -ICon(x) | -PP(y,x) | -Cont(z,y) | -Cont(z,difference(x,y)) | Cont(z,intersection(y,difference(x,y))).  [resolve(345,a,330,a)].
Derived: -S(x) | -Cont(f43(x),intersection(f42(x),difference(x,f42(x)))) | -ICon(x) | -PP(y,x) | SC(y,difference(x,y)).  [resolve(345,a,332,a)].

Eliminating Max/1
346 Max(x) | ZEX(x) | PP(x,f44(x)).  [clausify(124)].
347 -Max(x) | -ZEX(x).  [clausify(124)].
348 -Max(x) | -PP(x,y).  [clausify(124)].
Derived: ZEX(x) | PP(x,f44(x)) | -PP(x,y).  [resolve(346,a,348,a)].

Eliminating TCont/2
349 TCont(x,y) | -Cont(x,y) | -Cont(z,x) | -BCont(z,y).  [clausify(131)].
350 -TCont(x,y) | Cont(x,y).  [clausify(131)].
351 -TCont(x,y) | Cont(f53(x,y),x).  [clausify(131)].
352 -TCont(x,y) | BCont(f53(x,y),y).  [clausify(131)].
Derived: -Cont(x,y) | -Cont(z,x) | -BCont(z,y) | Cont(f53(x,y),x).  [resolve(349,a,351,a)].
Derived: -Cont(x,y) | -Cont(z,x) | -BCont(z,y) | BCont(f53(x,y),y).  [resolve(349,a,352,a)].
353 -BCont(x,r(y)) | ZEX(y) | TCont(r(y),ch(y)).  [resolve(241,a,242,b)].
Derived: -BCont(x,r(y)) | ZEX(y) | Cont(r(y),ch(y)).  [resolve(353,c,350,a)].
Derived: -BCont(x,r(y)) | ZEX(y) | Cont(f53(r(y),ch(y)),r(y)).  [resolve(353,c,351,a)].
Derived: -BCont(x,r(y)) | ZEX(y) | BCont(f53(r(y),ch(y)),ch(y)).  [resolve(353,c,352,a)].

Eliminating CAVITY/1
354 CAVITY(x) | -hostsv(y,x) | Covers(r(y),op(y,x)).  [resolve(149,b,145,a)].
355 -CAVITY(x) | hostsv(f3(x),x).  [resolve(148,b,146,a)].
356 -CAVITY(x) | -Covers(r(f3(x)),op(f3(x),x)).  [resolve(148,b,147,a)].
Derived: -hostsv(x,y) | Covers(r(x),op(x,y)) | hostsv(f3(y),y).  [resolve(354,a,355,a)].
Derived: -hostsv(x,y) | Covers(r(x),op(x,y)) | -Covers(r(f3(y)),op(f3(y),y)).  [resolve(354,a,356,a)].
357 -ZEX(op(x,y)) | -hostsv(x,y) | Covers(r(x),op(x,y)) | CAVITY(y).  [resolve(154,a,158,a)].
358 -ZEX(op(f3(x),x)) | -CAVITY(x) | hostsv(f3(x),x).  [resolve(159,a,156,a)].
359 -ZEX(op(f3(x),x)) | -CAVITY(x) | -Covers(r(f3(x)),op(f3(x),x)).  [resolve(159,a,157,a)].
360 ZEX(op(x,y)) | -hostsv(x,y) | Covers(r(x),op(x,y)) | CAVITY(y).  [resolve(161,a,165,a)].
361 ZEX(op(f3(x),x)) | -CAVITY(x) | hostsv(f3(x),x).  [resolve(166,a,163,a)].
362 ZEX(op(f3(x),x)) | -CAVITY(x) | -Covers(r(f3(x)),op(f3(x),x)).  [resolve(166,a,164,a)].

Eliminating HOL/1
363 HOL(x) | -hostsv(y,x) | -Covers(r(y),op(y,x)) | -ICon(op(y,x)).  [resolve(172,b,167,a)].
364 -HOL(x) | hostsv(f4(x),x).  [resolve(171,b,168,a)].
365 -HOL(x) | Covers(r(f4(x)),op(f4(x),x)).  [resolve(171,b,169,a)].
366 -HOL(x) | ICon(op(f4(x),x)).  [resolve(171,b,170,a)].
Derived: -hostsv(x,y) | -Covers(r(x),op(x,y)) | -ICon(op(x,y)) | hostsv(f4(y),y).  [resolve(363,a,364,a)].
Derived: -hostsv(x,y) | -Covers(r(x),op(x,y)) | -ICon(op(x,y)) | Covers(r(f4(y)),op(f4(y),y)).  [resolve(363,a,365,a)].
Derived: -hostsv(x,y) | -Covers(r(x),op(x,y)) | -ICon(op(x,y)) | ICon(op(f4(y),y)).  [resolve(363,a,366,a)].

Eliminating TUN/1
367 TUN(x) | -hostsv(y,x) | -Covers(r(y),op(y,x)) | ICon(op(y,x)).  [resolve(178,b,173,a)].
368 -TUN(x) | hostsv(f5(x),x).  [resolve(177,b,174,a)].
369 -TUN(x) | Covers(r(f5(x)),op(f5(x),x)).  [resolve(177,b,175,a)].
370 -TUN(x) | -ICon(op(f5(x),x)).  [resolve(177,b,176,a)].
Derived: -hostsv(x,y) | -Covers(r(x),op(x,y)) | ICon(op(x,y)) | hostsv(f5(y),y).  [resolve(367,a,368,a)].
Derived: -hostsv(x,y) | -Covers(r(x),op(x,y)) | ICon(op(x,y)) | Covers(r(f5(y)),op(f5(y),y)).  [resolve(367,a,369,a)].
Derived: -hostsv(x,y) | -Covers(r(x),op(x,y)) | ICon(op(x,y)) | -ICon(op(f5(y),y)).  [resolve(367,a,370,a)].

Eliminating NAPO/1

============================== end predicate elimination =============

Term ordering decisions:
Predicate symbol precedence:  predicate_order([ =, S, ZEX, F, ICon, DPF, MaxDim, V, Hole, Gap, Cont, hostsv, P, PO, PP, <, BCont, SC, DK1, EqDim, hosts, Covers, <=, StrongC, ICont, TSum ]).
Function symbol precedence:  function_order([ Uni, U, c1, c2, c3, difference, intersection, op, sum, f6, f8, f9, f11, f16, f17, f18, f19, f21, f22, f25, f26, f31, f32, f36, f38, f39, f46, f47, f48, f49, f50, f52, f53, r, ch, porespace, voidspace, conporespace, convoidspace, f1, f2, f3, f4, f5, f12, f13, f14, f15, f27, f28, f29, f30, f33, f40, f41, f42, f43, f44, f45, f51, f7, f10, f20, f23, f24, f34, f35, f37 ]).
After inverse_order:  (no changes).
Unfolding symbols: (none).

Auto_inference settings:
  % set(paramodulation).  % (positive equality literals)
  % set(binary_resolution).  % (non-Horn)

Auto_process settings:
  % set(factor).  % (non-Horn)
  % set(unit_deletion).  % (non-Horn)

============================== end of process initial clauses ========

============================== CLAUSES FOR SEARCH ====================

============================== end of clauses for search =============

============================== SEARCH ================================

% Starting search at 0.31 seconds.

NOTE: Back_subsumption disabled, ratio of kept to back_subsumed is 48 (0.00 of 0.34 sec).

Low Water (keep): wt=34.000, iters=6743

Low Water (keep): wt=32.000, iters=6681

Low Water (keep): wt=28.000, iters=6707

Low Water (keep): wt=27.000, iters=6670

Low Water (keep): wt=26.000, iters=6676

Low Water (keep): wt=25.000, iters=6816

Low Water (keep): wt=24.000, iters=6764

Low Water (keep): wt=23.000, iters=6708

Low Water (keep): wt=22.000, iters=6716

Low Water (keep): wt=21.000, iters=6775

Low Water (keep): wt=20.000, iters=6673

Low Water (keep): wt=19.000, iters=6672

Low Water (keep): wt=18.000, iters=6684

Low Water (keep): wt=17.000, iters=6671

Low Water (keep): wt=16.000, iters=6673

Low Water (keep): wt=15.000, iters=6669

Low Water (keep): wt=14.000, iters=6703

Low Water (keep): wt=13.000, iters=6674

Low Water (keep): wt=12.000, iters=6667

============================== PROOF =================================

% Proof 1 at 3.15 (+ 0.04) seconds.
% Length of proof is 34.
% Level of proof is 9.
% Maximum clause weight is 10.000.
% Given clauses 4564.

1 (all x all y (hostsh(x,y) <-> hostsv(x,y) & ICon(r(x)))) # label(non_clause).  [assumption].
2 (all x all y (hostsg(x,y) <-> hostsv(x,y) & -ICon(r(x)))) # label(non_clause).  [assumption].
3 (all y (Hole(y) <-> (exists x hostsh(x,y)))) # label(non_clause).  [assumption].
4 (all y (Gap(y) <-> (exists x hostsg(x,y)))) # label(non_clause).  [assumption].
23 (all x all y (SimpleV(y) <-> ICon(r(y)) & (exists x hostsv(x,y)))) # label(non_clause).  [assumption].
24 (all x all y (ComplexV(y) <-> -ICon(r(y)) & (exists x hostsv(x,y)))) # label(non_clause).  [assumption].
25 (all x (V(x) <-> SimpleV(x) | ComplexV(x))) # label(non_clause).  [assumption].
134 (all x (V(x) -> Hole(x) | Gap(x))) # label(non_clause) # label(goal).  [goal].
135 hostsh(x,y) | -hostsv(x,y) | -ICon(r(x)).  [clausify(1)].
139 Hole(x) | -hostsh(y,x).  [clausify(3)].
140 hostsg(x,y) | -hostsv(x,y) | ICon(r(x)).  [clausify(2)].
144 Gap(x) | -hostsg(y,x).  [clausify(4)].
202 -SimpleV(x) | ICon(r(x)).  [clausify(23)].
203 -SimpleV(x) | hostsv(f18(y,x),x).  [clausify(23)].
204 -V(x) | SimpleV(x) | ComplexV(x).  [clausify(25)].
208 -ComplexV(x) | -ICon(r(x)).  [clausify(24)].
209 -ComplexV(x) | hostsv(f19(y,x),x).  [clausify(24)].
213 -V(x) | ComplexV(x) | ICon(r(x)).  [resolve(204,b,202,a)].
214 -V(x) | ComplexV(x) | hostsv(f18(y,x),x).  [resolve(204,b,203,a)].
537 V(c3).  [deny(134)].
538 -Hole(c3).  [deny(134)].
539 -Gap(c3).  [deny(134)].
542 Hole(x) | -hostsv(y,x) | -ICon(r(y)).  [resolve(139,b,135,a)].
545 Gap(x) | -hostsv(y,x) | ICon(r(y)).  [resolve(144,b,140,a)].
572 -V(x) | ICon(r(x)) | hostsv(f19(y,x),x).  [resolve(213,b,209,a)].
573 -V(x) | hostsv(f18(y,x),x) | -ICon(r(x)).  [resolve(214,b,208,a)].
1227 ICon(r(c3)) | hostsv(f19(x,c3),c3).  [resolve(572,a,537,a)].
1228 hostsv(f18(x,c3),c3) | -ICon(r(c3)).  [resolve(573,a,537,a)].
11105 ICon(r(c3)) | ICon(r(f19(x,c3))).  [resolve(1227,b,545,b),unit_del(b,539)].
11106 ICon(r(c3)) | -ICon(r(f19(x,c3))).  [resolve(1227,b,542,b),unit_del(b,538)].
25403 ICon(r(c3)).  [resolve(11106,b,11105,b),merge(b)].
25404 hostsv(f18(x,c3),c3).  [back_unit_del(1228),unit_del(b,25403)].
25410 ICon(r(f18(x,c3))).  [resolve(25404,a,545,b),unit_del(a,539)].
25411 $F.  [resolve(25404,a,542,b),unit_del(a,538),unit_del(b,25410)].

============================== end of proof ==========================

============================== STATISTICS ============================

Given=4564. Generated=86300. Kept=24976. proofs=1.
Usable=4136. Sos=17565. Demods=452. Limbo=6, Disabled=3934. Hints=0.
Kept_by_rule=0, Deleted_by_rule=64.
Forward_subsumed=21103. Back_subsumed=20.
Sos_limit_deleted=40156. Sos_displaced=0. Sos_removed=0.
New_demodulators=518 (0 lex), Back_demodulated=3113. Back_unit_deleted=136.
Demod_attempts=1569924. Demod_rewrites=26632.
Res_instance_prunes=0. Para_instance_prunes=0. Basic_paramod_prunes=0.
Nonunit_fsub_feature_tests=251685. Nonunit_bsub_feature_tests=6383.
Megabytes=73.79.
User_CPU=3.15, System_CPU=0.04, Wall_clock=3.

============================== end of statistics =====================

============================== end of search =========================

THEOREM PROVED

Exiting with 1 proof.

Process 23688 exit (max_proofs) Fri Nov  2 18:08:25 2012
