Hi Geoff, go and have some cold beer while I am trying to solve this very hard problem!
% remaining time: 29999 next slice time: 3
dis-4_5_bd=off:bs=off:ep=RST:fde=none:lcm=predicate:nwc=2.0:nicw=on:ptb=off:ssec=off:ss=included:st=5.0:sio=off:spl=backtracking:updr=off_1 on unknown
Time limit reached!
------------------------------
Version: Vampire 0.6 (revision 903)
Termination reason: Time limit
Termination phase: Saturation

Active clauses: 2273
Passive clauses: 18401
Generated clauses: 35130
Input formulas: 66
Initial clauses: 132

Selected by SInE selection: 66
SInE iterations: 1

Duplicate literals: 377
Fw subsumption resolutions: 1101

Simple tautologies: 212
Forward subsumptions: 15078

Binary resolution: 32558
Factoring: 150

Backtracking splits: 677
Backtracking splits refuted: 82
Backtracking splits refuted at zero level: 43

Memory used: 6140KB
Time elapsed: 0.400 s
------------------------------
% remaining time: 29995 next slice time: 13
dis-1010_2_bs=off:ep=on:nwc=1.5:sswn=on:sswsr=on:ss=included:st=1.5:sgo=on:sp=occurrence_9 on unknown
Time limit reached!
------------------------------
Version: Vampire 0.6 (revision 903)
Termination reason: Time limit
Termination phase: Saturation

Active clauses: 3310
Passive clauses: 27370
Generated clauses: 83388
Input formulas: 66
Initial clauses: 123

Unused predicate definitions: 3
Selected by SInE selection: 66
SInE iterations: 1

Duplicate literals: 3192
Fw subsumption resolutions: 8257

Simple tautologies: 2281
Equational tautologies: 24
Forward subsumptions: 43810

Binary resolution: 51893
Factoring: 242
Forward superposition: 7875
Backward superposition: 12008

Memory used: 9338KB
Time elapsed: 1.400 s
------------------------------
% remaining time: 29981 next slice time: 32
lrs+11_14_bd=off:bs=off:bsr=on:cond=on:drc=off:fsr=off:fde=none:gsp=input_only:lcm=reverse:nwc=10:ptb=off:ssec=off:stl=60:sos=on:sgo=on:sio=off:spl=backtracking:sfv=off:sp=reverse_arity_23 on unknown
Refutation not found with incomplete strategy!
------------------------------
Version: Vampire 0.6 (revision 903)
Termination reason: Refutation not found, incomplete strategy

Active clauses: 122
Final active clauses: 122
Input formulas: 66
Initial clauses: 122

Unused predicate definitions: 3

Memory used: 255KB
Time elapsed: 0.003 s
------------------------------
% remaining time: 29981 next slice time: 95
dis+2_4_bs=off:ep=on:nwc=1.5:nicw=on:ptb=off:ssec=off:sac=on:sio=off:spl=backtracking_70 on unknown
Aborted by signal SIGTERM on 
Aborted by signal SIGINT on 
------------------------------
Version: Vampire 0.6 (revision 903)
Termination reason: Unknown
Termination phase: Saturation

Active clauses: 3221
Passive clauses: 50484
Generated clauses: 104149
Input formulas: 66
Initial clauses: 123

Unused predicate definitions: 3

Duplicate literals: 2484
Fw subsumption resolutions: 8241
Fw demodulations: 636
Bw demodulations: 40

Simple tautologies: 860
Equational tautologies: 51
Forward subsumptions: 43021

Binary resolution: 91191
Factoring: 10
Forward superposition: 887
Backward superposition: 675

Backtracking splits: 31
Backtracking splits refuted: 16
Backtracking splits refuted at zero level: 3

Memory used: 19573KB
Time elapsed: 1.335 s
------------------------------
% Terminated by SIGINT!
% SZS status User for unknown
------------------------------
Version: Vampire 0.6 (revision 903)
Termination reason: Unknown
Termination phase: Unknown

Input formulas: 66

Memory used: 127KB
Time elapsed: 3.237 s
------------------------------
============================= vampire_lin32 ================================
execution finished: Tue Oct 08 19:08:24 2013
total CPU time used: 1
The command was "vampire_lin32 --mode casc --proof tptp -t 3000"
Input read from  /stl/torsten/git/macleod/qs/multidim_mereotopology_codib/definitions/conversions/atomic_sphere.all.tptp
============================ end of footer ===========================
