Paradox, version 4.0, 2010-06-29.
+++ PROBLEM: /stl/torsten/git/macleod/qs/multidim_mereotopology_codib/definitions/conversions/outer_boundary.all.tptp
Reading '/stl/torsten/git/macleod/qs/multidim_mereotopology_codib/definitions/conversions/outer_boundary.all.tptp' ... OK
+++ SOLVING: /stl/torsten/git/macleod/qs/multidim_mereotopology_codib/definitions/conversions/outer_boundary.all.tptp
domain size 1
domain size 2
Verified 2876 original and 0 eliminated clauses.
+++ BEGIN MODEL
SZS output start FiniteModel for /stl/torsten/git/macleod/qs/multidim_mereotopology_codib/definitions/conversions/outer_boundary.all.tptp
% domain size is 2
fof(domain, fi_domain,
  (![X] : (X = "1" | X = "2"))
).

fof(arealregion, fi_predicates,
  ( (arealregion("1") <=> $true)
  & (arealregion("2") <=> $true)
  )
).

fof(atomicarealregion, fi_predicates,
  ( (atomicarealregion("1") <=> $true)
  & (atomicarealregion("2") <=> $true)
  )
).

fof(atomiccurve, fi_predicates,
  ( (atomiccurve("1") <=> $false)
  & (atomiccurve("2") <=> $false)
  )
).

fof(atomiccurvesegment, fi_predicates,
  ( (atomiccurvesegment("1") <=> $false)
  & (atomiccurvesegment("2") <=> $false)
  )
).

fof(atomicloopcurve, fi_predicates,
  ( (atomicloopcurve("1") <=> $false)
  & (atomicloopcurve("2") <=> $false)
  )
).

fof(atomicplane, fi_predicates,
  ( (atomicplane("1") <=> $true)
  & (atomicplane("2") <=> $true)
  )
).

fof(atomicraycurve, fi_predicates,
  ( (atomicraycurve("1") <=> $false)
  & (atomicraycurve("2") <=> $false)
  )
).

fof(bcont, fi_predicates,
  ( (bcont("1","1") <=> $false)
  & (bcont("1","2") <=> $false)
  & (bcont("2","1") <=> $false)
  & (bcont("2","2") <=> $false)
  )
).

fof(boundary, fi_functors,
  ( (boundary("1") = "2")
  & (boundary("2") = "2")
  )
).

fof(branchpoint, fi_predicates,
  ( (branchpoint("1","1") <=> $false)
  & (branchpoint("1","2") <=> $false)
  & (branchpoint("2","1") <=> $false)
  & (branchpoint("2","2") <=> $false)
  )
).

fof(c, fi_predicates,
  ( (c("1","1") <=> $true)
  & (c("1","2") <=> $false)
  & (c("2","1") <=> $false)
  & (c("2","2") <=> $false)
  )
).

fof(clifsym1, fi_predicates,
  ( (clifsym1("1","1") <=> $true)
  & (clifsym1("1","2") <=> $true)
  & (clifsym1("2","1") <=> $false)
  & (clifsym1("2","2") <=> $true)
  )
).

fof(clifsym2, fi_predicates,
  ( (clifsym2("1","1") <=> $false)
  & (clifsym2("1","2") <=> $true)
  & (clifsym2("2","1") <=> $false)
  & (clifsym2("2","2") <=> $false)
  )
).

fof(closed, fi_predicates,
  ( (closed("1") <=> $true)
  & (closed("2") <=> $true)
  )
).

fof(closedsurface, fi_predicates,
  ( (closedsurface("1") <=> $true)
  & (closedsurface("2") <=> $true)
  )
).

fof(completelyboundedsurface, fi_predicates,
  ( (completelyboundedsurface("1") <=> $false)
  & (completelyboundedsurface("2") <=> $false)
  )
).

fof(completelyboundedvolume, fi_predicates,
  ( (completelyboundedvolume("1") <=> $false)
  & (completelyboundedvolume("2") <=> $false)
  )
).

fof(con, fi_predicates,
  ( (con("1") <=> $true)
  & (con("2") <=> $true)
  )
).

fof(cont, fi_predicates,
  ( (cont("1","1") <=> $true)
  & (cont("1","2") <=> $false)
  & (cont("2","1") <=> $false)
  & (cont("2","2") <=> $false)
  )
).

fof(covers, fi_predicates,
  ( (covers("1","1") <=> $false)
  & (covers("1","2") <=> $true)
  & (covers("2","1") <=> $false)
  & (covers("2","2") <=> $false)
  )
).

fof(curve, fi_predicates,
  ( (curve("1") <=> $false)
  & (curve("2") <=> $false)
  )
).

fof(difference, fi_functors,
  ( (difference("1","1") = "2")
  & (difference("1","2") = "1")
  & (difference("2","1") = "2")
  & (difference("2","2") = "2")
  )
).

fof(endpoint, fi_predicates,
  ( (endpoint("1","1") <=> $false)
  & (endpoint("1","2") <=> $false)
  & (endpoint("2","1") <=> $false)
  & (endpoint("2","2") <=> $false)
  )
).

fof(eqdim, fi_predicates,
  ( (eqdim("1","1") <=> $true)
  & (eqdim("1","2") <=> $false)
  & (eqdim("2","1") <=> $false)
  & (eqdim("2","2") <=> $true)
  )
).

fof(icon, fi_predicates,
  ( (icon("1") <=> $true)
  & (icon("2") <=> $true)
  )
).

fof(icont, fi_predicates,
  ( (icont("1","1") <=> $true)
  & (icont("1","2") <=> $false)
  & (icont("2","1") <=> $false)
  & (icont("2","2") <=> $false)
  )
).

fof(inc, fi_predicates,
  ( (inc("1","1") <=> $false)
  & (inc("1","2") <=> $false)
  & (inc("2","1") <=> $false)
  & (inc("2","2") <=> $false)
  )
).

fof(intersection, fi_functors,
  ( (intersection("1","1") = "1")
  & (intersection("1","2") = "2")
  & (intersection("2","1") = "2")
  & (intersection("2","2") = "2")
  )
).

fof(leq, fi_predicates,
  ( (leq("1","1") <=> $true)
  & (leq("1","2") <=> $false)
  & (leq("2","1") <=> $true)
  & (leq("2","2") <=> $true)
  )
).

fof(less, fi_predicates,
  ( (less("1","1") <=> $false)
  & (less("1","2") <=> $false)
  & (less("2","1") <=> $true)
  & (less("2","2") <=> $false)
  )
).

fof(max, fi_predicates,
  ( (max("1") <=> $true)
  & (max("2") <=> $false)
  )
).

fof(maxdim, fi_predicates,
  ( (maxdim("1") <=> $true)
  & (maxdim("2") <=> $false)
  )
).

fof(min, fi_predicates,
  ( (min("1") <=> $true)
  & (min("2") <=> $false)
  )
).

fof(mindim, fi_predicates,
  ( (mindim("1") <=> $true)
  & (mindim("2") <=> $false)
  )
).

fof(outerboundary, fi_predicates,
  ( (outerboundary("1","1","1") <=> $false)
  & (outerboundary("1","1","2") <=> $false)
  & (outerboundary("1","2","1") <=> $false)
  & (outerboundary("1","2","2") <=> $false)
  & (outerboundary("2","1","1") <=> $false)
  & (outerboundary("2","1","2") <=> $false)
  & (outerboundary("2","2","1") <=> $false)
  & (outerboundary("2","2","2") <=> $false)
  )
).

fof(p, fi_predicates,
  ( (p("1","1") <=> $true)
  & (p("1","2") <=> $false)
  & (p("2","1") <=> $false)
  & (p("2","2") <=> $false)
  )
).

fof(po, fi_predicates,
  ( (po("1","1") <=> $true)
  & (po("1","2") <=> $false)
  & (po("2","1") <=> $false)
  & (po("2","2") <=> $false)
  )
).

fof(point, fi_predicates,
  ( (point("1") <=> $true)
  & (point("2") <=> $false)
  )
).

fof(pp, fi_predicates,
  ( (pp("1","1") <=> $false)
  & (pp("1","2") <=> $false)
  & (pp("2","1") <=> $false)
  & (pp("2","2") <=> $false)
  )
).

fof(sK0_sos10_X13, fi_functors,
  ( (sK0_sos10_X13("1","1") = "1")
  & (sK0_sos10_X13("1","2") = "1")
  & (sK0_sos10_X13("2","1") = "1")
  & (sK0_sos10_X13("2","2") = "1")
  )
).

fof(sK115_sos440_X442, fi_functors,
  ( (sK115_sos440_X442 = "1")
  )
).

fof(sK121_sos470_X472, fi_functors,
  ( (sK121_sos470_X472("1") = "1")
  & (sK121_sos470_X472("2") = "1")
  )
).

fof(sK122_sos470_X474, fi_functors,
  ( (sK122_sos470_X474("1") = "1")
  & (sK122_sos470_X474("2") = "1")
  )
).

fof(sK123_sos470_X475, fi_functors,
  ( (sK123_sos470_X475("1") = "1")
  & (sK123_sos470_X475("2") = "1")
  )
).

fof(sK124_sos470_X476, fi_functors,
  ( (sK124_sos470_X476("1") = "1")
  & (sK124_sos470_X476("2") = "1")
  )
).

fof(sK125_sos470_X471, fi_functors,
  ( (sK125_sos470_X471("1","1","1") = "1")
  & (sK125_sos470_X471("1","1","2") = "1")
  & (sK125_sos470_X471("1","2","1") = "1")
  & (sK125_sos470_X471("1","2","2") = "1")
  & (sK125_sos470_X471("2","1","1") = "1")
  & (sK125_sos470_X471("2","1","2") = "1")
  & (sK125_sos470_X471("2","2","1") = "1")
  & (sK125_sos470_X471("2","2","2") = "1")
  )
).

fof(sK137_sos500_X501, fi_functors,
  ( (sK137_sos500_X501("1") = "1")
  & (sK137_sos500_X501("2") = "1")
  )
).

fof(sK141_sos520_X523, fi_functors,
  ( (sK141_sos520_X523("1","1") = "1")
  & (sK141_sos520_X523("1","2") = "1")
  & (sK141_sos520_X523("2","1") = "1")
  & (sK141_sos520_X523("2","2") = "1")
  )
).

fof(sK142_sos520_X523, fi_functors,
  ( (sK142_sos520_X523("1","1") = "1")
  & (sK142_sos520_X523("1","2") = "1")
  & (sK142_sos520_X523("2","1") = "1")
  & (sK142_sos520_X523("2","2") = "1")
  )
).

fof(sK147_sos530_X533, fi_functors,
  ( (sK147_sos530_X533("1","1") = "1")
  & (sK147_sos530_X533("1","2") = "1")
  & (sK147_sos530_X533("2","1") = "1")
  & (sK147_sos530_X533("2","2") = "1")
  )
).

fof(sK148_sos530_X535, fi_functors,
  ( (sK148_sos530_X535("1","1") = "1")
  & (sK148_sos530_X535("1","2") = "1")
  & (sK148_sos530_X535("2","1") = "1")
  & (sK148_sos530_X535("2","2") = "1")
  )
).

fof(sK149_sos530_X533, fi_functors,
  ( (sK149_sos530_X533("1","1") = "1")
  & (sK149_sos530_X533("1","2") = "1")
  & (sK149_sos530_X533("2","1") = "1")
  & (sK149_sos530_X533("2","2") = "1")
  )
).

fof(sK150_sos530_X535, fi_functors,
  ( (sK150_sos530_X535("1","1") = "1")
  & (sK150_sos530_X535("1","2") = "1")
  & (sK150_sos530_X535("2","1") = "1")
  & (sK150_sos530_X535("2","2") = "1")
  )
).

fof(sK151_sos530_X534, fi_functors,
  ( (sK151_sos530_X534("1","1") = "1")
  & (sK151_sos530_X534("1","2") = "1")
  & (sK151_sos530_X534("2","1") = "1")
  & (sK151_sos530_X534("2","2") = "1")
  )
).

fof(sK162_sos540_X543, fi_functors,
  ( (sK162_sos540_X543("1","1") = "1")
  & (sK162_sos540_X543("1","2") = "1")
  & (sK162_sos540_X543("2","1") = "1")
  & (sK162_sos540_X543("2","2") = "1")
  )
).

fof(sK168_sos560_X563, fi_functors,
  ( (sK168_sos560_X563("1","1") = "1")
  & (sK168_sos560_X563("1","2") = "1")
  & (sK168_sos560_X563("2","1") = "1")
  & (sK168_sos560_X563("2","2") = "1")
  )
).

fof(sK16_sos80_X81, fi_functors,
  ( (sK16_sos80_X81 = "2")
  )
).

fof(sK172_sos570_X571, fi_functors,
  ( (sK172_sos570_X571("1") = "1")
  & (sK172_sos570_X571("2") = "1")
  )
).

fof(sK175_sos580_X583, fi_functors,
  ( (sK175_sos580_X583("1","1") = "1")
  & (sK175_sos580_X583("1","2") = "1")
  & (sK175_sos580_X583("2","1") = "1")
  & (sK175_sos580_X583("2","2") = "1")
  )
).

fof(sK17_sos90_X91, fi_functors,
  ( (sK17_sos90_X91("1") = "1")
  & (sK17_sos90_X91("2") = "1")
  )
).

fof(sK187_sos640_X641, fi_functors,
  ( (sK187_sos640_X641("1") = "1")
  & (sK187_sos640_X641("2") = "1")
  )
).

fof(sK20_sos100_X103, fi_functors,
  ( (sK20_sos100_X103("1","1") = "1")
  & (sK20_sos100_X103("1","2") = "1")
  & (sK20_sos100_X103("2","1") = "1")
  & (sK20_sos100_X103("2","2") = "1")
  )
).

fof(sK216_sos750_X754, fi_functors,
  ( (sK216_sos750_X754("1","1","1") = "1")
  & (sK216_sos750_X754("1","1","2") = "1")
  & (sK216_sos750_X754("1","2","1") = "1")
  & (sK216_sos750_X754("1","2","2") = "1")
  & (sK216_sos750_X754("2","1","1") = "1")
  & (sK216_sos750_X754("2","1","2") = "1")
  & (sK216_sos750_X754("2","2","1") = "1")
  & (sK216_sos750_X754("2","2","2") = "1")
  )
).

fof(sK217_sos750_X755, fi_functors,
  ( (sK217_sos750_X755("1","1","1") = "1")
  & (sK217_sos750_X755("1","1","2") = "1")
  & (sK217_sos750_X755("1","2","1") = "1")
  & (sK217_sos750_X755("1","2","2") = "1")
  & (sK217_sos750_X755("2","1","1") = "1")
  & (sK217_sos750_X755("2","1","2") = "1")
  & (sK217_sos750_X755("2","2","1") = "1")
  & (sK217_sos750_X755("2","2","2") = "1")
  )
).

fof(sK224_sos770_X773, fi_functors,
  ( (sK224_sos770_X773("1","1") = "1")
  & (sK224_sos770_X773("1","2") = "1")
  & (sK224_sos770_X773("2","1") = "1")
  & (sK224_sos770_X773("2","2") = "1")
  )
).

fof(sK225_sos770_X773, fi_functors,
  ( (sK225_sos770_X773("1","1") = "1")
  & (sK225_sos770_X773("1","2") = "1")
  & (sK225_sos770_X773("2","1") = "1")
  & (sK225_sos770_X773("2","2") = "2")
  )
).

fof(sK241_sos810_X813, fi_functors,
  ( (sK241_sos810_X813("1","1") = "1")
  & (sK241_sos810_X813("1","2") = "1")
  & (sK241_sos810_X813("2","1") = "1")
  & (sK241_sos810_X813("2","2") = "1")
  )
).

fof(sK247_sos840_X843, fi_functors,
  ( (sK247_sos840_X843("1","1") = "1")
  & (sK247_sos840_X843("1","2") = "1")
  & (sK247_sos840_X843("2","1") = "1")
  & (sK247_sos840_X843("2","2") = "1")
  )
).

fof(sK24_sos110_X111, fi_functors,
  ( (sK24_sos110_X111("1") = "2")
  & (sK24_sos110_X111("2") = "2")
  )
).

fof(sK270_sos940_X941, fi_functors,
  ( (sK270_sos940_X941("1") = "1")
  & (sK270_sos940_X941("2") = "1")
  )
).

fof(sK271_sos940_X943, fi_functors,
  ( (sK271_sos940_X943("1","1") = "1")
  & (sK271_sos940_X943("1","2") = "1")
  & (sK271_sos940_X943("2","1") = "1")
  & (sK271_sos940_X943("2","2") = "1")
  )
).

fof(sK272_sos940_X941, fi_functors,
  ( (sK272_sos940_X941("1") = "1")
  & (sK272_sos940_X941("2") = "1")
  )
).

fof(sK273_sos940_X941, fi_functors,
  ( (sK273_sos940_X941("1") = "1")
  & (sK273_sos940_X941("2") = "1")
  )
).

fof(sK279_sos950_X951, fi_functors,
  ( (sK279_sos950_X951("1") = "1")
  & (sK279_sos950_X951("2") = "1")
  )
).

fof(sK27_sos120_X123, fi_functors,
  ( (sK27_sos120_X123("1") = "1")
  & (sK27_sos120_X123("2") = "1")
  )
).

fof(sK282_sos960_X961, fi_functors,
  ( (sK282_sos960_X961("1") = "1")
  & (sK282_sos960_X961("2") = "1")
  )
).

fof(sK28_sos120_X121, fi_functors,
  ( (sK28_sos120_X121("1") = "2")
  & (sK28_sos120_X121("2") = "2")
  )
).

fof(sK291_sos1000_X1001, fi_functors,
  ( (sK291_sos1000_X1001("1") = "1")
  & (sK291_sos1000_X1001("2") = "1")
  )
).

fof(sK294_sos1010_X1015, fi_functors,
  ( (sK294_sos1010_X1015("1","1","1") = "1")
  & (sK294_sos1010_X1015("1","1","2") = "1")
  & (sK294_sos1010_X1015("1","2","1") = "1")
  & (sK294_sos1010_X1015("1","2","2") = "1")
  & (sK294_sos1010_X1015("2","1","1") = "1")
  & (sK294_sos1010_X1015("2","1","2") = "1")
  & (sK294_sos1010_X1015("2","2","1") = "1")
  & (sK294_sos1010_X1015("2","2","2") = "1")
  )
).

fof(sK295_sos1010_X1013, fi_functors,
  ( (sK295_sos1010_X1013("1") = "1")
  & (sK295_sos1010_X1013("2") = "1")
  )
).

fof(sK296_sos1010_X1011, fi_functors,
  ( (sK296_sos1010_X1011("1") = "1")
  & (sK296_sos1010_X1011("2") = "1")
  )
).

fof(sK297_sos1010_X1014, fi_functors,
  ( (sK297_sos1010_X1014("1","1") = "1")
  & (sK297_sos1010_X1014("1","2") = "1")
  & (sK297_sos1010_X1014("2","1") = "1")
  & (sK297_sos1010_X1014("2","2") = "1")
  )
).

fof(sK303_sos1020_X1023, fi_functors,
  ( (sK303_sos1020_X1023("1","1") = "1")
  & (sK303_sos1020_X1023("1","2") = "1")
  & (sK303_sos1020_X1023("2","1") = "1")
  & (sK303_sos1020_X1023("2","2") = "1")
  )
).

fof(sK307_sos1030_X1033, fi_functors,
  ( (sK307_sos1030_X1033("1","1") = "1")
  & (sK307_sos1030_X1033("1","2") = "1")
  & (sK307_sos1030_X1033("2","1") = "1")
  & (sK307_sos1030_X1033("2","2") = "1")
  )
).

fof(sK311_sos1040_X1044, fi_functors,
  ( (sK311_sos1040_X1044("1") = "1")
  & (sK311_sos1040_X1044("2") = "1")
  )
).

fof(sK312_sos1040_X1043, fi_functors,
  ( (sK312_sos1040_X1043("1") = "1")
  & (sK312_sos1040_X1043("2") = "1")
  )
).

fof(sK313_sos1040_X1045, fi_functors,
  ( (sK313_sos1040_X1045("1","1","1") = "1")
  & (sK313_sos1040_X1045("1","1","2") = "1")
  & (sK313_sos1040_X1045("1","2","1") = "1")
  & (sK313_sos1040_X1045("1","2","2") = "1")
  & (sK313_sos1040_X1045("2","1","1") = "1")
  & (sK313_sos1040_X1045("2","1","2") = "1")
  & (sK313_sos1040_X1045("2","2","1") = "1")
  & (sK313_sos1040_X1045("2","2","2") = "1")
  )
).

fof(sK314_sos1040_X1041, fi_functors,
  ( (sK314_sos1040_X1041("1") = "1")
  & (sK314_sos1040_X1041("2") = "1")
  )
).

fof(sK321_sos1060_X1061, fi_functors,
  ( (sK321_sos1060_X1061("1") = "1")
  & (sK321_sos1060_X1061("2") = "1")
  )
).

fof(sK324_sos1070_X1073, fi_functors,
  ( (sK324_sos1070_X1073("1","1") = "1")
  & (sK324_sos1070_X1073("1","2") = "1")
  & (sK324_sos1070_X1073("2","1") = "1")
  & (sK324_sos1070_X1073("2","2") = "1")
  )
).

fof(sK34_sos140_X143, fi_functors,
  ( (sK34_sos140_X143("1","1") = "1")
  & (sK34_sos140_X143("1","2") = "1")
  & (sK34_sos140_X143("2","1") = "1")
  & (sK34_sos140_X143("2","2") = "1")
  )
).

fof(sK35_sos140_X144, fi_functors,
  ( (sK35_sos140_X144("1","1","1") = "1")
  & (sK35_sos140_X144("1","1","2") = "1")
  & (sK35_sos140_X144("1","2","1") = "1")
  & (sK35_sos140_X144("1","2","2") = "1")
  & (sK35_sos140_X144("2","1","1") = "1")
  & (sK35_sos140_X144("2","1","2") = "1")
  & (sK35_sos140_X144("2","2","1") = "1")
  & (sK35_sos140_X144("2","2","2") = "1")
  )
).

fof(sK40_sos150_X153, fi_functors,
  ( (sK40_sos150_X153("1") = "1")
  & (sK40_sos150_X153("2") = "1")
  )
).

fof(sK41_sos150_X151, fi_functors,
  ( (sK41_sos150_X151("1") = "1")
  & (sK41_sos150_X151("2") = "1")
  )
).

fof(sK42_sos150_X154, fi_functors,
  ( (sK42_sos150_X154("1","1","1") = "1")
  & (sK42_sos150_X154("1","1","2") = "1")
  & (sK42_sos150_X154("1","2","1") = "1")
  & (sK42_sos150_X154("1","2","2") = "1")
  & (sK42_sos150_X154("2","1","1") = "1")
  & (sK42_sos150_X154("2","1","2") = "1")
  & (sK42_sos150_X154("2","2","1") = "1")
  & (sK42_sos150_X154("2","2","2") = "1")
  )
).

fof(sK43_sos150_X154, fi_functors,
  ( (sK43_sos150_X154("1") = "1")
  & (sK43_sos150_X154("2") = "1")
  )
).

fof(sK49_sos160_X161, fi_functors,
  ( (sK49_sos160_X161("1") = "1")
  & (sK49_sos160_X161("2") = "1")
  )
).

fof(sK52_sos170_X171, fi_functors,
  ( (sK52_sos170_X171("1") = "1")
  & (sK52_sos170_X171("2") = "1")
  )
).

fof(sK55_sos180_X181, fi_functors,
  ( (sK55_sos180_X181 = "1")
  )
).

fof(sK56_sos190_X191, fi_functors,
  ( (sK56_sos190_X191("1") = "1")
  & (sK56_sos190_X191("2") = "1")
  )
).

fof(sK57_sos190_X193, fi_functors,
  ( (sK57_sos190_X193("1","1") = "1")
  & (sK57_sos190_X193("1","2") = "1")
  & (sK57_sos190_X193("2","1") = "1")
  & (sK57_sos190_X193("2","2") = "1")
  )
).

fof(sK58_sos190_X191, fi_functors,
  ( (sK58_sos190_X191("1") = "1")
  & (sK58_sos190_X191("2") = "1")
  )
).

fof(sK91_sos330_X331, fi_functors,
  ( (sK91_sos330_X331("1") = "1")
  & (sK91_sos330_X331("2") = "1")
  )
).

fof(sP152_sos530_or, fi_predicates,
  ( (sP152_sos530_or("1","1") <=> $false)
  & (sP152_sos530_or("1","2") <=> $false)
  & (sP152_sos530_or("2","1") <=> $false)
  & (sP152_sos530_or("2","2") <=> $false)
  )
).

fof(sP226_sos770_or, fi_predicates,
  ( (sP226_sos770_or("1","1") <=> $false)
  & (sP226_sos770_or("1","2") <=> $false)
  & (sP226_sos770_or("2","1") <=> $false)
  & (sP226_sos770_or("2","2") <=> $false)
  )
).

fof(sc, fi_predicates,
  ( (sc("1","1") <=> $false)
  & (sc("1","2") <=> $false)
  & (sc("2","1") <=> $false)
  & (sc("2","2") <=> $false)
  )
).

fof(simplecurvesegment, fi_predicates,
  ( (simplecurvesegment("1") <=> $false)
  & (simplecurvesegment("2") <=> $false)
  )
).

fof(simpleloopcurve, fi_predicates,
  ( (simpleloopcurve("1") <=> $false)
  & (simpleloopcurve("2") <=> $false)
  )
).

fof(stp, fi_predicates,
  ( (stp("1","1") <=> $false)
  & (stp("1","2") <=> $false)
  & (stp("2","1") <=> $false)
  & (stp("2","2") <=> $false)
  )
).

fof(strongc, fi_predicates,
  ( (strongc("1","1") <=> $false)
  & (strongc("1","2") <=> $false)
  & (strongc("2","1") <=> $false)
  & (strongc("2","2") <=> $false)
  )
).

fof(tcont, fi_predicates,
  ( (tcont("1","1") <=> $false)
  & (tcont("1","2") <=> $false)
  & (tcont("2","1") <=> $false)
  & (tcont("2","2") <=> $false)
  )
).

fof(tp, fi_predicates,
  ( (tp("1","1") <=> $false)
  & (tp("1","2") <=> $false)
  & (tp("2","1") <=> $false)
  & (tp("2","2") <=> $false)
  )
).

fof(ucon, fi_predicates,
  ( (ucon("1") <=> $true)
  & (ucon("2") <=> $true)
  )
).

fof(voluminousregion, fi_predicates,
  ( (voluminousregion("1") <=> $false)
  & (voluminousregion("2") <=> $false)
  )
).

fof(zex, fi_predicates,
  ( (zex("1") <=> $false)
  & (zex("2") <=> $true)
  )
).
SZS output end FiniteModel for /stl/torsten/git/macleod/qs/multidim_mereotopology_codib/definitions/conversions/outer_boundary.all.tptp
+++ END MODEL
+++ RESULT: Satisfiable
SZS status Satisfiable for /stl/torsten/git/macleod/qs/multidim_mereotopology_codib/definitions/conversions/outer_boundary.all.tptp
============================= paradox ================================
execution finished: Tue Oct 01 17:25:06 2013
total CPU time used: 0
The command was "paradox --time 3000 --verbose 2 --model --tstp /stl/torsten/git/macleod/qs/multidim_mereotopology_codib/definitions/conversions/outer_boundary.all.tptp"
Input read from 
============================ end of footer ===========================
