Paradox, version 3.0, 2008-07-29.
+++ PROBLEM: C:\Users\torsten\GitHub\colore\ontologies\simple_features\sfc_core\conversions\sf_geometry_collection.all.tptp
Reading 'C:\Users\torsten\GitHub\colore\ontologies\simple_features\sfc_core\conversions\sf_geometry_collection.all.tptp' ... OK
+++ SOLVING: C:\Users\torsten\GitHub\colore\ontologies\simple_features\sfc_core\conversions\sf_geometry_collection.all.tptp
domain size 1
+++ BEGIN MODEL
SZS output start FiniteModel for C:\Users\torsten\GitHub\colore\ontologies\simple_features\sfc_core\conversions\sf_geometry_collection.all.tptp
% domain size is 1
fof(domain, fi_domain,
  (![X] : (X = "1"))
).

fof(sf_curve, fi_predicates,
  ( sf_curve("1") <=> $false
  )
).

fof(sf_geometry, fi_predicates,
  ( sf_geometry("1") <=> $false
  )
).

fof(sf_geometry_collection, fi_predicates,
  ( sf_geometry_collection("1") <=> $false
  )
).

fof(sf_multi_curve, fi_predicates,
  ( sf_multi_curve("1") <=> $false
  )
).

fof(sf_multi_point, fi_predicates,
  ( sf_multi_point("1") <=> $false
  )
).

fof(sf_multi_surface, fi_predicates,
  ( sf_multi_surface("1") <=> $false
  )
).

fof(sf_point, fi_predicates,
  ( sf_point("1") <=> $false
  )
).

fof(sf_surface, fi_predicates,
  ( sf_surface("1") <=> $false
  )
).
SZS output end FiniteModel for C:\Users\torsten\GitHub\colore\ontologies\simple_features\sfc_core\conversions\sf_geometry_collection.all.tptp
+++ END MODEL
+++ RESULT: Satisfiable
SZS status Satisfiable for C:\Users\torsten\GitHub\colore\ontologies\simple_features\sfc_core\conversions\sf_geometry_collection.all.tptp

========================== MACLEOD SUMMARY ===========================
reasoner: C:/Users/torsten/macleod/paradox3
status: MODEL
execution finished: Sun Feb 21 04:17:22 2021
total CPU time used: 0
The command was "C:/Users/torsten/macleod/paradox3 --time 30 --verbose 2 --model --tstp C:\Users\torsten\GitHub\colore\ontologies\simple_features\sfc_core\conversions\sf_geometry_collection.all.tptp"
============================ end of footer ===========================
