Hi Geoff, go and have some cold beer while I am trying to solve this very hard problem!
% remaining time: 59999 next slice time: 3
dis-4_5_bd=off:bs=off:ep=RST:fde=none:lcm=predicate:n=on:nicw=on:nwc=2:ptb=off:sio=off:spl=backtracking:ss=included:ssec=off:st=5:updr=off_3 on C:\Users\torsten\GitHub\colore\ontologies\owltime\conversions\owltime.all
Time limit reached!
------------------------------
Version: Vampire 0.6 (revision 903)
Termination reason: Time limit

Active clauses: 334
Passive clauses: 2022
Generated clauses: 3064
Final active clauses: 334
Final passive clauses: 1614
Input formulas: 36
Initial clauses: 56

Selected by SInE selection: 36
SInE iterations: 1

Duplicate literals: 212
Fw subsumption resolutions: 165

Simple tautologies: 27
Forward subsumptions: 740

Binary resolution: 2540
Factoring: 124

Memory used: 767KB
Time elapsed: 0.401 s
------------------------------
% remaining time: 59994 next slice time: 13
dis-1010_2_bs=off:ep=on:n=on:nwc=1.5:sgo=on:sp=occurrence:ss=included:sswn=on:sswsr=on:st=1.5_13 on C:\Users\torsten\GitHub\colore\ontologies\owltime\conversions\owltime.all
Time limit reached!
------------------------------
Version: Vampire 0.6 (revision 903)
Termination reason: Time limit

Active clauses: 311
Passive clauses: 6690
Generated clauses: 16224
Final active clauses: 311
Final passive clauses: 6272
Input formulas: 36
Initial clauses: 32

Pure predicates: 6
Unused predicate definitions: 1
Selected by SInE selection: 36
SInE iterations: 1

Duplicate literals: 6236
Fw subsumption resolutions: 3088

Simple tautologies: 304
Equational tautologies: 10
Forward subsumptions: 2144

Binary resolution: 2484
Factoring: 58
Forward superposition: 3427
Backward superposition: 3040
Self superposition: 46

Memory used: 2430KB
Time elapsed: 1.402 s
------------------------------
% remaining time: 59980 next slice time: 32
lrs+11_14_bd=off:bs=off:bsr=on:cond=on:drc=off:fde=none:fsr=off:gsp=input_only:lcm=reverse:n=on:nwc=10:ptb=off:sfv=off:sgo=on:sio=off:sos=on:sp=reverse_arity:spl=backtracking:ssec=off:stl=81_32 on C:\Users\torsten\GitHub\colore\ontologies\owltime\conversions\owltime.all
Refutation not found with incomplete strategy!
------------------------------
Version: Vampire 0.6 (revision 903)
Termination reason: Refutation not found, incomplete strategy

Active clauses: 30
Final active clauses: 30
Input formulas: 36
Initial clauses: 30

Pure predicates: 6
Unused predicate definitions: 1

Memory used: 127KB
Time elapsed: 0.004 s
------------------------------
% remaining time: 59980 next slice time: 95
dis+2_4_bs=off:ep=on:n=on:nicw=on:nwc=1.5:ptb=off:sac=on:sio=off:spl=backtracking:ssec=off_95 on C:\Users\torsten\GitHub\colore\ontologies\owltime\conversions\owltime.all
Refutation not found!
------------------------------
Version: Vampire 0.6 (revision 903)
Termination reason: Satisfiable

Active clauses: 107
Passive clauses: 114
Generated clauses: 263
Final active clauses: 107
Input formulas: 36
Initial clauses: 32

Pure predicates: 6
Unused predicate definitions: 1

Duplicate literals: 52
Fw subsumption resolutions: 28

Simple tautologies: 39
Equational tautologies: 7
Forward subsumptions: 55

Binary resolution: 176

Memory used: 255KB
Time elapsed: 0.020 s
------------------------------
% remaining time: 59979 next slice time: 4
lrs-1003_12_bms=on:bs=unit_only:bsr=on:cond=fast:drc=off:ep=on:fde=none:lcm=predicate:n=on:nicw=on:nwc=10:sfv=off:sgo=on:sio=off:sp=occurrence:spo=on:ssec=off:stl=81:updr=off_4 on C:\Users\torsten\GitHub\colore\ontologies\owltime\conversions\owltime.all
Time limit reached!
------------------------------
Version: Vampire 0.6 (revision 903)
Termination reason: Time limit

Active clauses: 558
Passive clauses: 1133
Generated clauses: 2779
Final active clauses: 558
Final passive clauses: 567
Input formulas: 36
Initial clauses: 55

Duplicate literals: 13
Fw subsumption resolutions: 65
Bw subsumption resolutions: 8
Condensations: 33

Simple tautologies: 10
Equational tautologies: 87
Forward subsumptions: 1431

Binary resolution: 2485
Factoring: 120

Memory used: 1151KB
Time elapsed: 0.501 s
------------------------------
% remaining time: 59974 next slice time: 22
lrs+1010_50_bs=off:drc=off:flr=on:lcm=predicate:n=on:nwc=1.2:sfv=off:sgo=on:stl=81_22 on C:\Users\torsten\GitHub\colore\ontologies\owltime\conversions\owltime.all
Time limit reached!
------------------------------
Version: Vampire 0.6 (revision 903)
Termination reason: Time limit

Active clauses: 1158
Passive clauses: 1933
Generated clauses: 20492
Final active clauses: 1158
Final passive clauses: 775
Input formulas: 36
Initial clauses: 30

Pure predicates: 6
Unused predicate definitions: 1

Duplicate literals: 13334
Fw subsumption resolutions: 2748
Fw literal rewrites: 137

Simple tautologies: 289
Equational tautologies: 5
Forward subsumptions: 7814

Binary resolution: 5100
Factoring: 6
Forward superposition: 4755
Backward superposition: 186
Self superposition: 4
Equality resolution: 2

Memory used: 3070KB
Time elapsed: 2.301 s
------------------------------
% remaining time: 59950 next slice time: 41
dis-1010_5_bd=off:bs=off:cond=fast:ep=on:fde=none:lcm=predicate:n=on:nicw=on:nwc=1.3:ptb=off:sac=on:sgo=on:sio=off:sos=on:spl=backtracking:ssec=off:updr=off_41 on C:\Users\torsten\GitHub\colore\ontologies\owltime\conversions\owltime.all
Refutation not found with incomplete strategy!
------------------------------
Version: Vampire 0.6 (revision 903)
Termination reason: Refutation not found, incomplete strategy

Active clauses: 55
Final active clauses: 55
Input formulas: 36
Initial clauses: 55

Memory used: 127KB
Time elapsed: 0.003 s
------------------------------
% remaining time: 59950 next slice time: 237
lrs+1_2:1_bs=off:ep=on:gsp=input_only:lcm=predicate:n=on:nicw=on:nwc=1.1:ptb=off:sac=on:sgo=on:sio=off:sos=on:sp=occurrence:spl=backtracking:spo=on:ssec=off:stl=81:updr=off_237 on C:\Users\torsten\GitHub\colore\ontologies\owltime\conversions\owltime.all
Refutation not found with incomplete strategy!
------------------------------
Version: Vampire 0.6 (revision 903)
Termination reason: Refutation not found, incomplete strategy

Active clauses: 57
Final active clauses: 57
Input formulas: 36
Initial clauses: 57

Memory used: 127KB
Time elapsed: 0.003 s
------------------------------
% remaining time: 59950 next slice time: 311
lrs+11_40_bd=off:bs=unit_only:bsr=unit_only:drc=off:flr=on:lcm=predicate:n=on:ptb=off:sac=on:sfv=off:spl=backtracking:ssec=off:stl=81:updr=off_311 on C:\Users\torsten\GitHub\colore\ontologies\owltime\conversions\owltime.all
Refutation not found with incomplete strategy!
------------------------------
Version: Vampire 0.6 (revision 903)
Termination reason: Refutation not found, incomplete strategy

Active clauses: 53
Passive clauses: 53
Generated clauses: 63
Final active clauses: 53
Input formulas: 36
Initial clauses: 53

Fw subsumption resolutions: 2

Simple tautologies: 6
Forward subsumptions: 2

Binary resolution: 8

Memory used: 127KB
Time elapsed: 0.005 s
------------------------------
% remaining time: 59949 next slice time: 280
lrs-1010_10_bd=off:bs=unit_only:cond=on:flr=on:gsp=input_only:n=on:nicw=on:ptb=off:sac=on:sfv=off:sio=off:sp=occurrence:spl=backtracking:spo=on:ssec=off:stl=81_280 on C:\Users\torsten\GitHub\colore\ontologies\owltime\conversions\owltime.all

========================== MACLEOD SUMMARY ===========================
reasoner: C:/Users/torsten/macleod/vampire_win
status: 
execution finished: Tue Mar 09 08:38:23 2021
total CPU time used: 0
The command was "C:/Users/torsten/macleod/vampire_win --mode casc --proof tptp -t 6000 --input_file C:\Users\torsten\GitHub\colore\ontologies\owltime\conversions\owltime.all.tptp"
============================ end of footer ===========================
