Paradox, version 3.0, 2008-07-29.
+++ PROBLEM: C:\Users\torsten\GitHub\colore\ontologies\owltime\conversions\owltime_modular.all.tptp
Reading 'C:\Users\torsten\GitHub\colore\ontologies\owltime\conversions\owltime_modular.all.tptp' ... OK
+++ SOLVING: C:\Users\torsten\GitHub\colore\ontologies\owltime\conversions\owltime_modular.all.tptp
domain size 1
+++ BEGIN MODEL
SZS output start FiniteModel for C:\Users\torsten\GitHub\colore\ontologies\owltime\conversions\owltime_modular.all.tptp
% domain size is 1
fof(domain, fi_domain,
  (![X] : (X = "1"))
).

fof(attime, fi_predicates,
  ( ![X1,X2] : attime(X1,X2) <=> $false
  )
).

fof(before, fi_predicates,
  ( before("1","1") <=> $false
  )
).

fof(begins, fi_predicates,
  ( begins("1","1") <=> $false
  )
).

fof(beginsorin, fi_predicates,
  ( beginsorin("1","1") <=> $false
  )
).

fof(during, fi_predicates,
  ( ![X1,X2] : during(X1,X2) <=> $false
  )
).

fof(ends, fi_predicates,
  ( ends("1","1") <=> $false
  )
).

fof(eventuality, fi_predicates,
  ( ![X1] : eventuality(X1) <=> $false
  )
).

fof(inside, fi_predicates,
  ( inside("1","1") <=> $false
  )
).

fof(instant, fi_predicates,
  ( instant("1") <=> $false
  )
).

fof(intduring, fi_predicates,
  ( ![X1,X2] : intduring(X1,X2) <=> $false
  )
).

fof(interval, fi_predicates,
  ( interval("1") <=> $false
  )
).

fof(properinterval, fi_predicates,
  ( properinterval("1") <=> $false
  )
).

fof(temporalentity, fi_predicates,
  ( temporalentity("1") <=> $false
  )
).

fof(timebetween, fi_predicates,
  ( timebetween("1","1","1") <=> $false
  )
).

fof(timespan, fi_predicates,
  ( ![X1,X2] : timespan(X1,X2) <=> $false
  )
).
SZS output end FiniteModel for C:\Users\torsten\GitHub\colore\ontologies\owltime\conversions\owltime_modular.all.tptp
+++ END MODEL
+++ RESULT: Satisfiable
SZS status Satisfiable for C:\Users\torsten\GitHub\colore\ontologies\owltime\conversions\owltime_modular.all.tptp

========================== MACLEOD SUMMARY ===========================
reasoner: C:/Users/torsten/macleod/paradox3
status: MODEL
execution finished: Mon Mar 15 05:08:34 2021
total CPU time used: 0
The command was "C:/Users/torsten/macleod/paradox3 --time 6000 --verbose 2 --model --tstp C:\Users\torsten\GitHub\colore\ontologies\owltime\conversions\owltime_modular.all.tptp"
============================ end of footer ===========================
