Paradox, version 3.0, 2008-07-29.
+++ PROBLEM: mt\consistency\tptp\rcc_basic_strict_nontrivial_4atoms.all.tptp
Reading 'mt\consistency\tptp\rcc_basic_strict_nontrivial_4atoms.all.tptp' ... OK
+++ SOLVING: mt\consistency\tptp\rcc_basic_strict_nontrivial_4atoms.all.tptp
domain size 1
domain size 2
domain size 3
domain size 4
domain size 5
domain size 6
domain size 7
domain size 8
domain size 9
domain size 10
domain size 11
domain size 12
domain size 13
domain size 14
domain size 15
+++ BEGIN MODEL
SZS output start FiniteModel for mt\consistency\tptp\rcc_basic_strict_nontrivial_4atoms.all.tptp
% domain size is 15
fof(domain, fi_domain,
  (![X] : (X = "1" | X = "2" | X = "3" | X = "4" | X = "5" | X = "6" | X = "7" | X = "8" | X = "9" | X = "10" | X = "11" | X = "12" | X = "13" | X = "14" | X = "15"))
).

fof('C', fi_predicates,
  ( 'C'("1","1") <=> $true
  & 'C'("1","2") <=> $true
  & 'C'("1","3") <=> $true
  & 'C'("1","4") <=> $true
  & 'C'("1","5") <=> $true
  & 'C'("1","6") <=> $true
  & 'C'("1","7") <=> $true
  & 'C'("1","8") <=> $true
  & 'C'("1","9") <=> $true
  & 'C'("1","10") <=> $true
  & 'C'("1","11") <=> $true
  & 'C'("1","12") <=> $true
  & 'C'("1","13") <=> $true
  & 'C'("1","14") <=> $true
  & 'C'("1","15") <=> $true
  & 'C'("2","1") <=> $true
  & 'C'("2","2") <=> $true
  & 'C'("2","3") <=> $false
  & 'C'("2","4") <=> $false
  & 'C'("2","5") <=> $false
  & 'C'("2","6") <=> $true
  & 'C'("2","7") <=> $false
  & 'C'("2","8") <=> $true
  & 'C'("2","9") <=> $false
  & 'C'("2","10") <=> $true
  & 'C'("2","11") <=> $true
  & 'C'("2","12") <=> $false
  & 'C'("2","13") <=> $true
  & 'C'("2","14") <=> $false
  & 'C'("2","15") <=> $true
  & 'C'("3","1") <=> $true
  & 'C'("3","2") <=> $false
  & 'C'("3","3") <=> $true
  & 'C'("3","4") <=> $false
  & 'C'("3","5") <=> $false
  & 'C'("3","6") <=> $true
  & 'C'("3","7") <=> $true
  & 'C'("3","8") <=> $false
  & 'C'("3","9") <=> $true
  & 'C'("3","10") <=> $false
  & 'C'("3","11") <=> $false
  & 'C'("3","12") <=> $true
  & 'C'("3","13") <=> $true
  & 'C'("3","14") <=> $false
  & 'C'("3","15") <=> $true
  & 'C'("4","1") <=> $true
  & 'C'("4","2") <=> $false
  & 'C'("4","3") <=> $false
  & 'C'("4","4") <=> $true
  & 'C'("4","5") <=> $false
  & 'C'("4","6") <=> $true
  & 'C'("4","7") <=> $true
  & 'C'("4","8") <=> $true
  & 'C'("4","9") <=> $true
  & 'C'("4","10") <=> $false
  & 'C'("4","11") <=> $true
  & 'C'("4","12") <=> $false
  & 'C'("4","13") <=> $false
  & 'C'("4","14") <=> $true
  & 'C'("4","15") <=> $false
  & 'C'("5","1") <=> $true
  & 'C'("5","2") <=> $false
  & 'C'("5","3") <=> $false
  & 'C'("5","4") <=> $false
  & 'C'("5","5") <=> $true
  & 'C'("5","6") <=> $false
  & 'C'("5","7") <=> $true
  & 'C'("5","8") <=> $true
  & 'C'("5","9") <=> $false
  & 'C'("5","10") <=> $true
  & 'C'("5","11") <=> $false
  & 'C'("5","12") <=> $true
  & 'C'("5","13") <=> $false
  & 'C'("5","14") <=> $true
  & 'C'("5","15") <=> $true
  & 'C'("6","1") <=> $true
  & 'C'("6","2") <=> $true
  & 'C'("6","3") <=> $true
  & 'C'("6","4") <=> $true
  & 'C'("6","5") <=> $false
  & 'C'("6","6") <=> $true
  & 'C'("6","7") <=> $true
  & 'C'("6","8") <=> $true
  & 'C'("6","9") <=> $true
  & 'C'("6","10") <=> $true
  & 'C'("6","11") <=> $true
  & 'C'("6","12") <=> $true
  & 'C'("6","13") <=> $true
  & 'C'("6","14") <=> $true
  & 'C'("6","15") <=> $true
  & 'C'("7","1") <=> $true
  & 'C'("7","2") <=> $false
  & 'C'("7","3") <=> $true
  & 'C'("7","4") <=> $true
  & 'C'("7","5") <=> $true
  & 'C'("7","6") <=> $true
  & 'C'("7","7") <=> $true
  & 'C'("7","8") <=> $true
  & 'C'("7","9") <=> $true
  & 'C'("7","10") <=> $true
  & 'C'("7","11") <=> $true
  & 'C'("7","12") <=> $true
  & 'C'("7","13") <=> $true
  & 'C'("7","14") <=> $true
  & 'C'("7","15") <=> $true
  & 'C'("8","1") <=> $true
  & 'C'("8","2") <=> $true
  & 'C'("8","3") <=> $false
  & 'C'("8","4") <=> $true
  & 'C'("8","5") <=> $true
  & 'C'("8","6") <=> $true
  & 'C'("8","7") <=> $true
  & 'C'("8","8") <=> $true
  & 'C'("8","9") <=> $true
  & 'C'("8","10") <=> $true
  & 'C'("8","11") <=> $true
  & 'C'("8","12") <=> $true
  & 'C'("8","13") <=> $true
  & 'C'("8","14") <=> $true
  & 'C'("8","15") <=> $true
  & 'C'("9","1") <=> $true
  & 'C'("9","2") <=> $false
  & 'C'("9","3") <=> $true
  & 'C'("9","4") <=> $true
  & 'C'("9","5") <=> $false
  & 'C'("9","6") <=> $true
  & 'C'("9","7") <=> $true
  & 'C'("9","8") <=> $true
  & 'C'("9","9") <=> $true
  & 'C'("9","10") <=> $false
  & 'C'("9","11") <=> $true
  & 'C'("9","12") <=> $true
  & 'C'("9","13") <=> $true
  & 'C'("9","14") <=> $true
  & 'C'("9","15") <=> $true
  & 'C'("10","1") <=> $true
  & 'C'("10","2") <=> $true
  & 'C'("10","3") <=> $false
  & 'C'("10","4") <=> $false
  & 'C'("10","5") <=> $true
  & 'C'("10","6") <=> $true
  & 'C'("10","7") <=> $true
  & 'C'("10","8") <=> $true
  & 'C'("10","9") <=> $false
  & 'C'("10","10") <=> $true
  & 'C'("10","11") <=> $true
  & 'C'("10","12") <=> $true
  & 'C'("10","13") <=> $true
  & 'C'("10","14") <=> $true
  & 'C'("10","15") <=> $true
  & 'C'("11","1") <=> $true
  & 'C'("11","2") <=> $true
  & 'C'("11","3") <=> $false
  & 'C'("11","4") <=> $true
  & 'C'("11","5") <=> $false
  & 'C'("11","6") <=> $true
  & 'C'("11","7") <=> $true
  & 'C'("11","8") <=> $true
  & 'C'("11","9") <=> $true
  & 'C'("11","10") <=> $true
  & 'C'("11","11") <=> $true
  & 'C'("11","12") <=> $false
  & 'C'("11","13") <=> $true
  & 'C'("11","14") <=> $true
  & 'C'("11","15") <=> $true
  & 'C'("12","1") <=> $true
  & 'C'("12","2") <=> $false
  & 'C'("12","3") <=> $true
  & 'C'("12","4") <=> $false
  & 'C'("12","5") <=> $true
  & 'C'("12","6") <=> $true
  & 'C'("12","7") <=> $true
  & 'C'("12","8") <=> $true
  & 'C'("12","9") <=> $true
  & 'C'("12","10") <=> $true
  & 'C'("12","11") <=> $false
  & 'C'("12","12") <=> $true
  & 'C'("12","13") <=> $true
  & 'C'("12","14") <=> $true
  & 'C'("12","15") <=> $true
  & 'C'("13","1") <=> $true
  & 'C'("13","2") <=> $true
  & 'C'("13","3") <=> $true
  & 'C'("13","4") <=> $false
  & 'C'("13","5") <=> $false
  & 'C'("13","6") <=> $true
  & 'C'("13","7") <=> $true
  & 'C'("13","8") <=> $true
  & 'C'("13","9") <=> $true
  & 'C'("13","10") <=> $true
  & 'C'("13","11") <=> $true
  & 'C'("13","12") <=> $true
  & 'C'("13","13") <=> $true
  & 'C'("13","14") <=> $false
  & 'C'("13","15") <=> $true
  & 'C'("14","1") <=> $true
  & 'C'("14","2") <=> $false
  & 'C'("14","3") <=> $false
  & 'C'("14","4") <=> $true
  & 'C'("14","5") <=> $true
  & 'C'("14","6") <=> $true
  & 'C'("14","7") <=> $true
  & 'C'("14","8") <=> $true
  & 'C'("14","9") <=> $true
  & 'C'("14","10") <=> $true
  & 'C'("14","11") <=> $true
  & 'C'("14","12") <=> $true
  & 'C'("14","13") <=> $false
  & 'C'("14","14") <=> $true
  & 'C'("14","15") <=> $true
  & 'C'("15","1") <=> $true
  & 'C'("15","2") <=> $true
  & 'C'("15","3") <=> $true
  & 'C'("15","4") <=> $false
  & 'C'("15","5") <=> $true
  & 'C'("15","6") <=> $true
  & 'C'("15","7") <=> $true
  & 'C'("15","8") <=> $true
  & 'C'("15","9") <=> $true
  & 'C'("15","10") <=> $true
  & 'C'("15","11") <=> $true
  & 'C'("15","12") <=> $true
  & 'C'("15","13") <=> $true
  & 'C'("15","14") <=> $true
  & 'C'("15","15") <=> $true
  )
).

fof('EC', fi_predicates,
  ( 'EC'("1","1") <=> $false
  & 'EC'("1","2") <=> $false
  & 'EC'("1","3") <=> $false
  & 'EC'("1","4") <=> $false
  & 'EC'("1","5") <=> $false
  & 'EC'("1","6") <=> $false
  & 'EC'("1","7") <=> $false
  & 'EC'("1","8") <=> $false
  & 'EC'("1","9") <=> $false
  & 'EC'("1","10") <=> $false
  & 'EC'("1","11") <=> $false
  & 'EC'("1","12") <=> $false
  & 'EC'("1","13") <=> $false
  & 'EC'("1","14") <=> $false
  & 'EC'("1","15") <=> $false
  & 'EC'("2","1") <=> $false
  & 'EC'("2","2") <=> $false
  & 'EC'("2","3") <=> $false
  & 'EC'("2","4") <=> $false
  & 'EC'("2","5") <=> $false
  & 'EC'("2","6") <=> $false
  & 'EC'("2","7") <=> $false
  & 'EC'("2","8") <=> $false
  & 'EC'("2","9") <=> $false
  & 'EC'("2","10") <=> $false
  & 'EC'("2","11") <=> $false
  & 'EC'("2","12") <=> $false
  & 'EC'("2","13") <=> $false
  & 'EC'("2","14") <=> $false
  & 'EC'("2","15") <=> $false
  & 'EC'("3","1") <=> $false
  & 'EC'("3","2") <=> $false
  & 'EC'("3","3") <=> $false
  & 'EC'("3","4") <=> $false
  & 'EC'("3","5") <=> $false
  & 'EC'("3","6") <=> $false
  & 'EC'("3","7") <=> $false
  & 'EC'("3","8") <=> $false
  & 'EC'("3","9") <=> $false
  & 'EC'("3","10") <=> $false
  & 'EC'("3","11") <=> $false
  & 'EC'("3","12") <=> $false
  & 'EC'("3","13") <=> $false
  & 'EC'("3","14") <=> $false
  & 'EC'("3","15") <=> $false
  & 'EC'("4","1") <=> $false
  & 'EC'("4","2") <=> $false
  & 'EC'("4","3") <=> $false
  & 'EC'("4","4") <=> $false
  & 'EC'("4","5") <=> $false
  & 'EC'("4","6") <=> $false
  & 'EC'("4","7") <=> $false
  & 'EC'("4","8") <=> $false
  & 'EC'("4","9") <=> $false
  & 'EC'("4","10") <=> $false
  & 'EC'("4","11") <=> $false
  & 'EC'("4","12") <=> $false
  & 'EC'("4","13") <=> $false
  & 'EC'("4","14") <=> $false
  & 'EC'("4","15") <=> $false
  & 'EC'("5","1") <=> $false
  & 'EC'("5","2") <=> $false
  & 'EC'("5","3") <=> $false
  & 'EC'("5","4") <=> $false
  & 'EC'("5","5") <=> $false
  & 'EC'("5","6") <=> $false
  & 'EC'("5","7") <=> $false
  & 'EC'("5","8") <=> $false
  & 'EC'("5","9") <=> $false
  & 'EC'("5","10") <=> $false
  & 'EC'("5","11") <=> $false
  & 'EC'("5","12") <=> $false
  & 'EC'("5","13") <=> $false
  & 'EC'("5","14") <=> $false
  & 'EC'("5","15") <=> $false
  & 'EC'("6","1") <=> $false
  & 'EC'("6","2") <=> $false
  & 'EC'("6","3") <=> $false
  & 'EC'("6","4") <=> $false
  & 'EC'("6","5") <=> $false
  & 'EC'("6","6") <=> $false
  & 'EC'("6","7") <=> $false
  & 'EC'("6","8") <=> $false
  & 'EC'("6","9") <=> $false
  & 'EC'("6","10") <=> $false
  & 'EC'("6","11") <=> $false
  & 'EC'("6","12") <=> $false
  & 'EC'("6","13") <=> $false
  & 'EC'("6","14") <=> $false
  & 'EC'("6","15") <=> $false
  & 'EC'("7","1") <=> $false
  & 'EC'("7","2") <=> $false
  & 'EC'("7","3") <=> $false
  & 'EC'("7","4") <=> $false
  & 'EC'("7","5") <=> $false
  & 'EC'("7","6") <=> $false
  & 'EC'("7","7") <=> $false
  & 'EC'("7","8") <=> $false
  & 'EC'("7","9") <=> $false
  & 'EC'("7","10") <=> $false
  & 'EC'("7","11") <=> $false
  & 'EC'("7","12") <=> $false
  & 'EC'("7","13") <=> $false
  & 'EC'("7","14") <=> $false
  & 'EC'("7","15") <=> $false
  & 'EC'("8","1") <=> $false
  & 'EC'("8","2") <=> $false
  & 'EC'("8","3") <=> $false
  & 'EC'("8","4") <=> $false
  & 'EC'("8","5") <=> $false
  & 'EC'("8","6") <=> $false
  & 'EC'("8","7") <=> $false
  & 'EC'("8","8") <=> $false
  & 'EC'("8","9") <=> $false
  & 'EC'("8","10") <=> $false
  & 'EC'("8","11") <=> $false
  & 'EC'("8","12") <=> $false
  & 'EC'("8","13") <=> $false
  & 'EC'("8","14") <=> $false
  & 'EC'("8","15") <=> $false
  & 'EC'("9","1") <=> $false
  & 'EC'("9","2") <=> $false
  & 'EC'("9","3") <=> $false
  & 'EC'("9","4") <=> $false
  & 'EC'("9","5") <=> $false
  & 'EC'("9","6") <=> $false
  & 'EC'("9","7") <=> $false
  & 'EC'("9","8") <=> $false
  & 'EC'("9","9") <=> $false
  & 'EC'("9","10") <=> $false
  & 'EC'("9","11") <=> $false
  & 'EC'("9","12") <=> $false
  & 'EC'("9","13") <=> $false
  & 'EC'("9","14") <=> $false
  & 'EC'("9","15") <=> $false
  & 'EC'("10","1") <=> $false
  & 'EC'("10","2") <=> $false
  & 'EC'("10","3") <=> $false
  & 'EC'("10","4") <=> $false
  & 'EC'("10","5") <=> $false
  & 'EC'("10","6") <=> $false
  & 'EC'("10","7") <=> $false
  & 'EC'("10","8") <=> $false
  & 'EC'("10","9") <=> $false
  & 'EC'("10","10") <=> $false
  & 'EC'("10","11") <=> $false
  & 'EC'("10","12") <=> $false
  & 'EC'("10","13") <=> $false
  & 'EC'("10","14") <=> $false
  & 'EC'("10","15") <=> $false
  & 'EC'("11","1") <=> $false
  & 'EC'("11","2") <=> $false
  & 'EC'("11","3") <=> $false
  & 'EC'("11","4") <=> $false
  & 'EC'("11","5") <=> $false
  & 'EC'("11","6") <=> $false
  & 'EC'("11","7") <=> $false
  & 'EC'("11","8") <=> $false
  & 'EC'("11","9") <=> $false
  & 'EC'("11","10") <=> $false
  & 'EC'("11","11") <=> $false
  & 'EC'("11","12") <=> $false
  & 'EC'("11","13") <=> $false
  & 'EC'("11","14") <=> $false
  & 'EC'("11","15") <=> $false
  & 'EC'("12","1") <=> $false
  & 'EC'("12","2") <=> $false
  & 'EC'("12","3") <=> $false
  & 'EC'("12","4") <=> $false
  & 'EC'("12","5") <=> $false
  & 'EC'("12","6") <=> $false
  & 'EC'("12","7") <=> $false
  & 'EC'("12","8") <=> $false
  & 'EC'("12","9") <=> $false
  & 'EC'("12","10") <=> $false
  & 'EC'("12","11") <=> $false
  & 'EC'("12","12") <=> $false
  & 'EC'("12","13") <=> $false
  & 'EC'("12","14") <=> $false
  & 'EC'("12","15") <=> $false
  & 'EC'("13","1") <=> $false
  & 'EC'("13","2") <=> $false
  & 'EC'("13","3") <=> $false
  & 'EC'("13","4") <=> $false
  & 'EC'("13","5") <=> $false
  & 'EC'("13","6") <=> $false
  & 'EC'("13","7") <=> $false
  & 'EC'("13","8") <=> $false
  & 'EC'("13","9") <=> $false
  & 'EC'("13","10") <=> $false
  & 'EC'("13","11") <=> $false
  & 'EC'("13","12") <=> $false
  & 'EC'("13","13") <=> $false
  & 'EC'("13","14") <=> $false
  & 'EC'("13","15") <=> $false
  & 'EC'("14","1") <=> $false
  & 'EC'("14","2") <=> $false
  & 'EC'("14","3") <=> $false
  & 'EC'("14","4") <=> $false
  & 'EC'("14","5") <=> $false
  & 'EC'("14","6") <=> $false
  & 'EC'("14","7") <=> $false
  & 'EC'("14","8") <=> $false
  & 'EC'("14","9") <=> $false
  & 'EC'("14","10") <=> $false
  & 'EC'("14","11") <=> $false
  & 'EC'("14","12") <=> $false
  & 'EC'("14","13") <=> $false
  & 'EC'("14","14") <=> $false
  & 'EC'("14","15") <=> $false
  & 'EC'("15","1") <=> $false
  & 'EC'("15","2") <=> $false
  & 'EC'("15","3") <=> $false
  & 'EC'("15","4") <=> $false
  & 'EC'("15","5") <=> $false
  & 'EC'("15","6") <=> $false
  & 'EC'("15","7") <=> $false
  & 'EC'("15","8") <=> $false
  & 'EC'("15","9") <=> $false
  & 'EC'("15","10") <=> $false
  & 'EC'("15","11") <=> $false
  & 'EC'("15","12") <=> $false
  & 'EC'("15","13") <=> $false
  & 'EC'("15","14") <=> $false
  & 'EC'("15","15") <=> $false
  )
).

fof('NTPP', fi_predicates,
  ( 'NTPP'("1","1") <=> $false
  & 'NTPP'("1","2") <=> $false
  & 'NTPP'("1","3") <=> $false
  & 'NTPP'("1","4") <=> $false
  & 'NTPP'("1","5") <=> $false
  & 'NTPP'("1","6") <=> $false
  & 'NTPP'("1","7") <=> $false
  & 'NTPP'("1","8") <=> $false
  & 'NTPP'("1","9") <=> $false
  & 'NTPP'("1","10") <=> $false
  & 'NTPP'("1","11") <=> $false
  & 'NTPP'("1","12") <=> $false
  & 'NTPP'("1","13") <=> $false
  & 'NTPP'("1","14") <=> $false
  & 'NTPP'("1","15") <=> $false
  & 'NTPP'("2","1") <=> $true
  & 'NTPP'("2","2") <=> $false
  & 'NTPP'("2","3") <=> $false
  & 'NTPP'("2","4") <=> $false
  & 'NTPP'("2","5") <=> $false
  & 'NTPP'("2","6") <=> $true
  & 'NTPP'("2","7") <=> $false
  & 'NTPP'("2","8") <=> $true
  & 'NTPP'("2","9") <=> $false
  & 'NTPP'("2","10") <=> $true
  & 'NTPP'("2","11") <=> $true
  & 'NTPP'("2","12") <=> $false
  & 'NTPP'("2","13") <=> $true
  & 'NTPP'("2","14") <=> $false
  & 'NTPP'("2","15") <=> $true
  & 'NTPP'("3","1") <=> $true
  & 'NTPP'("3","2") <=> $false
  & 'NTPP'("3","3") <=> $false
  & 'NTPP'("3","4") <=> $false
  & 'NTPP'("3","5") <=> $false
  & 'NTPP'("3","6") <=> $true
  & 'NTPP'("3","7") <=> $true
  & 'NTPP'("3","8") <=> $false
  & 'NTPP'("3","9") <=> $true
  & 'NTPP'("3","10") <=> $false
  & 'NTPP'("3","11") <=> $false
  & 'NTPP'("3","12") <=> $true
  & 'NTPP'("3","13") <=> $true
  & 'NTPP'("3","14") <=> $false
  & 'NTPP'("3","15") <=> $true
  & 'NTPP'("4","1") <=> $true
  & 'NTPP'("4","2") <=> $false
  & 'NTPP'("4","3") <=> $false
  & 'NTPP'("4","4") <=> $false
  & 'NTPP'("4","5") <=> $false
  & 'NTPP'("4","6") <=> $true
  & 'NTPP'("4","7") <=> $true
  & 'NTPP'("4","8") <=> $true
  & 'NTPP'("4","9") <=> $true
  & 'NTPP'("4","10") <=> $false
  & 'NTPP'("4","11") <=> $true
  & 'NTPP'("4","12") <=> $false
  & 'NTPP'("4","13") <=> $false
  & 'NTPP'("4","14") <=> $true
  & 'NTPP'("4","15") <=> $false
  & 'NTPP'("5","1") <=> $true
  & 'NTPP'("5","2") <=> $false
  & 'NTPP'("5","3") <=> $false
  & 'NTPP'("5","4") <=> $false
  & 'NTPP'("5","5") <=> $false
  & 'NTPP'("5","6") <=> $false
  & 'NTPP'("5","7") <=> $true
  & 'NTPP'("5","8") <=> $true
  & 'NTPP'("5","9") <=> $false
  & 'NTPP'("5","10") <=> $true
  & 'NTPP'("5","11") <=> $false
  & 'NTPP'("5","12") <=> $true
  & 'NTPP'("5","13") <=> $false
  & 'NTPP'("5","14") <=> $true
  & 'NTPP'("5","15") <=> $true
  & 'NTPP'("6","1") <=> $true
  & 'NTPP'("6","2") <=> $false
  & 'NTPP'("6","3") <=> $false
  & 'NTPP'("6","4") <=> $false
  & 'NTPP'("6","5") <=> $false
  & 'NTPP'("6","6") <=> $false
  & 'NTPP'("6","7") <=> $false
  & 'NTPP'("6","8") <=> $false
  & 'NTPP'("6","9") <=> $false
  & 'NTPP'("6","10") <=> $false
  & 'NTPP'("6","11") <=> $false
  & 'NTPP'("6","12") <=> $false
  & 'NTPP'("6","13") <=> $false
  & 'NTPP'("6","14") <=> $false
  & 'NTPP'("6","15") <=> $false
  & 'NTPP'("7","1") <=> $true
  & 'NTPP'("7","2") <=> $false
  & 'NTPP'("7","3") <=> $false
  & 'NTPP'("7","4") <=> $false
  & 'NTPP'("7","5") <=> $false
  & 'NTPP'("7","6") <=> $false
  & 'NTPP'("7","7") <=> $false
  & 'NTPP'("7","8") <=> $false
  & 'NTPP'("7","9") <=> $false
  & 'NTPP'("7","10") <=> $false
  & 'NTPP'("7","11") <=> $false
  & 'NTPP'("7","12") <=> $false
  & 'NTPP'("7","13") <=> $false
  & 'NTPP'("7","14") <=> $false
  & 'NTPP'("7","15") <=> $false
  & 'NTPP'("8","1") <=> $true
  & 'NTPP'("8","2") <=> $false
  & 'NTPP'("8","3") <=> $false
  & 'NTPP'("8","4") <=> $false
  & 'NTPP'("8","5") <=> $false
  & 'NTPP'("8","6") <=> $false
  & 'NTPP'("8","7") <=> $false
  & 'NTPP'("8","8") <=> $false
  & 'NTPP'("8","9") <=> $false
  & 'NTPP'("8","10") <=> $false
  & 'NTPP'("8","11") <=> $false
  & 'NTPP'("8","12") <=> $false
  & 'NTPP'("8","13") <=> $false
  & 'NTPP'("8","14") <=> $false
  & 'NTPP'("8","15") <=> $false
  & 'NTPP'("9","1") <=> $true
  & 'NTPP'("9","2") <=> $false
  & 'NTPP'("9","3") <=> $false
  & 'NTPP'("9","4") <=> $false
  & 'NTPP'("9","5") <=> $false
  & 'NTPP'("9","6") <=> $true
  & 'NTPP'("9","7") <=> $true
  & 'NTPP'("9","8") <=> $false
  & 'NTPP'("9","9") <=> $false
  & 'NTPP'("9","10") <=> $false
  & 'NTPP'("9","11") <=> $false
  & 'NTPP'("9","12") <=> $false
  & 'NTPP'("9","13") <=> $false
  & 'NTPP'("9","14") <=> $false
  & 'NTPP'("9","15") <=> $false
  & 'NTPP'("10","1") <=> $true
  & 'NTPP'("10","2") <=> $false
  & 'NTPP'("10","3") <=> $false
  & 'NTPP'("10","4") <=> $false
  & 'NTPP'("10","5") <=> $false
  & 'NTPP'("10","6") <=> $false
  & 'NTPP'("10","7") <=> $false
  & 'NTPP'("10","8") <=> $true
  & 'NTPP'("10","9") <=> $false
  & 'NTPP'("10","10") <=> $false
  & 'NTPP'("10","11") <=> $false
  & 'NTPP'("10","12") <=> $false
  & 'NTPP'("10","13") <=> $false
  & 'NTPP'("10","14") <=> $false
  & 'NTPP'("10","15") <=> $true
  & 'NTPP'("11","1") <=> $true
  & 'NTPP'("11","2") <=> $false
  & 'NTPP'("11","3") <=> $false
  & 'NTPP'("11","4") <=> $false
  & 'NTPP'("11","5") <=> $false
  & 'NTPP'("11","6") <=> $true
  & 'NTPP'("11","7") <=> $false
  & 'NTPP'("11","8") <=> $true
  & 'NTPP'("11","9") <=> $false
  & 'NTPP'("11","10") <=> $false
  & 'NTPP'("11","11") <=> $false
  & 'NTPP'("11","12") <=> $false
  & 'NTPP'("11","13") <=> $false
  & 'NTPP'("11","14") <=> $false
  & 'NTPP'("11","15") <=> $false
  & 'NTPP'("12","1") <=> $true
  & 'NTPP'("12","2") <=> $false
  & 'NTPP'("12","3") <=> $false
  & 'NTPP'("12","4") <=> $false
  & 'NTPP'("12","5") <=> $false
  & 'NTPP'("12","6") <=> $false
  & 'NTPP'("12","7") <=> $true
  & 'NTPP'("12","8") <=> $false
  & 'NTPP'("12","9") <=> $false
  & 'NTPP'("12","10") <=> $false
  & 'NTPP'("12","11") <=> $false
  & 'NTPP'("12","12") <=> $false
  & 'NTPP'("12","13") <=> $false
  & 'NTPP'("12","14") <=> $false
  & 'NTPP'("12","15") <=> $true
  & 'NTPP'("13","1") <=> $true
  & 'NTPP'("13","2") <=> $false
  & 'NTPP'("13","3") <=> $false
  & 'NTPP'("13","4") <=> $false
  & 'NTPP'("13","5") <=> $false
  & 'NTPP'("13","6") <=> $true
  & 'NTPP'("13","7") <=> $false
  & 'NTPP'("13","8") <=> $false
  & 'NTPP'("13","9") <=> $false
  & 'NTPP'("13","10") <=> $false
  & 'NTPP'("13","11") <=> $false
  & 'NTPP'("13","12") <=> $false
  & 'NTPP'("13","13") <=> $false
  & 'NTPP'("13","14") <=> $false
  & 'NTPP'("13","15") <=> $true
  & 'NTPP'("14","1") <=> $true
  & 'NTPP'("14","2") <=> $false
  & 'NTPP'("14","3") <=> $false
  & 'NTPP'("14","4") <=> $false
  & 'NTPP'("14","5") <=> $false
  & 'NTPP'("14","6") <=> $false
  & 'NTPP'("14","7") <=> $true
  & 'NTPP'("14","8") <=> $true
  & 'NTPP'("14","9") <=> $false
  & 'NTPP'("14","10") <=> $false
  & 'NTPP'("14","11") <=> $false
  & 'NTPP'("14","12") <=> $false
  & 'NTPP'("14","13") <=> $false
  & 'NTPP'("14","14") <=> $false
  & 'NTPP'("14","15") <=> $false
  & 'NTPP'("15","1") <=> $true
  & 'NTPP'("15","2") <=> $false
  & 'NTPP'("15","3") <=> $false
  & 'NTPP'("15","4") <=> $false
  & 'NTPP'("15","5") <=> $false
  & 'NTPP'("15","6") <=> $false
  & 'NTPP'("15","7") <=> $false
  & 'NTPP'("15","8") <=> $false
  & 'NTPP'("15","9") <=> $false
  & 'NTPP'("15","10") <=> $false
  & 'NTPP'("15","11") <=> $false
  & 'NTPP'("15","12") <=> $false
  & 'NTPP'("15","13") <=> $false
  & 'NTPP'("15","14") <=> $false
  & 'NTPP'("15","15") <=> $false
  )
).

fof('O', fi_predicates,
  ( 'O'("1","1") <=> $true
  & 'O'("1","2") <=> $true
  & 'O'("1","3") <=> $true
  & 'O'("1","4") <=> $true
  & 'O'("1","5") <=> $true
  & 'O'("1","6") <=> $true
  & 'O'("1","7") <=> $true
  & 'O'("1","8") <=> $true
  & 'O'("1","9") <=> $true
  & 'O'("1","10") <=> $true
  & 'O'("1","11") <=> $true
  & 'O'("1","12") <=> $true
  & 'O'("1","13") <=> $true
  & 'O'("1","14") <=> $true
  & 'O'("1","15") <=> $true
  & 'O'("2","1") <=> $true
  & 'O'("2","2") <=> $true
  & 'O'("2","3") <=> $false
  & 'O'("2","4") <=> $false
  & 'O'("2","5") <=> $false
  & 'O'("2","6") <=> $true
  & 'O'("2","7") <=> $false
  & 'O'("2","8") <=> $true
  & 'O'("2","9") <=> $false
  & 'O'("2","10") <=> $true
  & 'O'("2","11") <=> $true
  & 'O'("2","12") <=> $false
  & 'O'("2","13") <=> $true
  & 'O'("2","14") <=> $false
  & 'O'("2","15") <=> $true
  & 'O'("3","1") <=> $true
  & 'O'("3","2") <=> $false
  & 'O'("3","3") <=> $true
  & 'O'("3","4") <=> $false
  & 'O'("3","5") <=> $false
  & 'O'("3","6") <=> $true
  & 'O'("3","7") <=> $true
  & 'O'("3","8") <=> $false
  & 'O'("3","9") <=> $true
  & 'O'("3","10") <=> $false
  & 'O'("3","11") <=> $false
  & 'O'("3","12") <=> $true
  & 'O'("3","13") <=> $true
  & 'O'("3","14") <=> $false
  & 'O'("3","15") <=> $true
  & 'O'("4","1") <=> $true
  & 'O'("4","2") <=> $false
  & 'O'("4","3") <=> $false
  & 'O'("4","4") <=> $true
  & 'O'("4","5") <=> $false
  & 'O'("4","6") <=> $true
  & 'O'("4","7") <=> $true
  & 'O'("4","8") <=> $true
  & 'O'("4","9") <=> $true
  & 'O'("4","10") <=> $false
  & 'O'("4","11") <=> $true
  & 'O'("4","12") <=> $false
  & 'O'("4","13") <=> $false
  & 'O'("4","14") <=> $true
  & 'O'("4","15") <=> $false
  & 'O'("5","1") <=> $true
  & 'O'("5","2") <=> $false
  & 'O'("5","3") <=> $false
  & 'O'("5","4") <=> $false
  & 'O'("5","5") <=> $true
  & 'O'("5","6") <=> $false
  & 'O'("5","7") <=> $true
  & 'O'("5","8") <=> $true
  & 'O'("5","9") <=> $false
  & 'O'("5","10") <=> $true
  & 'O'("5","11") <=> $false
  & 'O'("5","12") <=> $true
  & 'O'("5","13") <=> $false
  & 'O'("5","14") <=> $true
  & 'O'("5","15") <=> $true
  & 'O'("6","1") <=> $true
  & 'O'("6","2") <=> $true
  & 'O'("6","3") <=> $true
  & 'O'("6","4") <=> $true
  & 'O'("6","5") <=> $false
  & 'O'("6","6") <=> $true
  & 'O'("6","7") <=> $true
  & 'O'("6","8") <=> $true
  & 'O'("6","9") <=> $true
  & 'O'("6","10") <=> $true
  & 'O'("6","11") <=> $true
  & 'O'("6","12") <=> $true
  & 'O'("6","13") <=> $true
  & 'O'("6","14") <=> $true
  & 'O'("6","15") <=> $true
  & 'O'("7","1") <=> $true
  & 'O'("7","2") <=> $false
  & 'O'("7","3") <=> $true
  & 'O'("7","4") <=> $true
  & 'O'("7","5") <=> $true
  & 'O'("7","6") <=> $true
  & 'O'("7","7") <=> $true
  & 'O'("7","8") <=> $true
  & 'O'("7","9") <=> $true
  & 'O'("7","10") <=> $true
  & 'O'("7","11") <=> $true
  & 'O'("7","12") <=> $true
  & 'O'("7","13") <=> $true
  & 'O'("7","14") <=> $true
  & 'O'("7","15") <=> $true
  & 'O'("8","1") <=> $true
  & 'O'("8","2") <=> $true
  & 'O'("8","3") <=> $false
  & 'O'("8","4") <=> $true
  & 'O'("8","5") <=> $true
  & 'O'("8","6") <=> $true
  & 'O'("8","7") <=> $true
  & 'O'("8","8") <=> $true
  & 'O'("8","9") <=> $true
  & 'O'("8","10") <=> $true
  & 'O'("8","11") <=> $true
  & 'O'("8","12") <=> $true
  & 'O'("8","13") <=> $true
  & 'O'("8","14") <=> $true
  & 'O'("8","15") <=> $true
  & 'O'("9","1") <=> $true
  & 'O'("9","2") <=> $false
  & 'O'("9","3") <=> $true
  & 'O'("9","4") <=> $true
  & 'O'("9","5") <=> $false
  & 'O'("9","6") <=> $true
  & 'O'("9","7") <=> $true
  & 'O'("9","8") <=> $true
  & 'O'("9","9") <=> $true
  & 'O'("9","10") <=> $false
  & 'O'("9","11") <=> $true
  & 'O'("9","12") <=> $true
  & 'O'("9","13") <=> $true
  & 'O'("9","14") <=> $true
  & 'O'("9","15") <=> $true
  & 'O'("10","1") <=> $true
  & 'O'("10","2") <=> $true
  & 'O'("10","3") <=> $false
  & 'O'("10","4") <=> $false
  & 'O'("10","5") <=> $true
  & 'O'("10","6") <=> $true
  & 'O'("10","7") <=> $true
  & 'O'("10","8") <=> $true
  & 'O'("10","9") <=> $false
  & 'O'("10","10") <=> $true
  & 'O'("10","11") <=> $true
  & 'O'("10","12") <=> $true
  & 'O'("10","13") <=> $true
  & 'O'("10","14") <=> $true
  & 'O'("10","15") <=> $true
  & 'O'("11","1") <=> $true
  & 'O'("11","2") <=> $true
  & 'O'("11","3") <=> $false
  & 'O'("11","4") <=> $true
  & 'O'("11","5") <=> $false
  & 'O'("11","6") <=> $true
  & 'O'("11","7") <=> $true
  & 'O'("11","8") <=> $true
  & 'O'("11","9") <=> $true
  & 'O'("11","10") <=> $true
  & 'O'("11","11") <=> $true
  & 'O'("11","12") <=> $false
  & 'O'("11","13") <=> $true
  & 'O'("11","14") <=> $true
  & 'O'("11","15") <=> $true
  & 'O'("12","1") <=> $true
  & 'O'("12","2") <=> $false
  & 'O'("12","3") <=> $true
  & 'O'("12","4") <=> $false
  & 'O'("12","5") <=> $true
  & 'O'("12","6") <=> $true
  & 'O'("12","7") <=> $true
  & 'O'("12","8") <=> $true
  & 'O'("12","9") <=> $true
  & 'O'("12","10") <=> $true
  & 'O'("12","11") <=> $false
  & 'O'("12","12") <=> $true
  & 'O'("12","13") <=> $true
  & 'O'("12","14") <=> $true
  & 'O'("12","15") <=> $true
  & 'O'("13","1") <=> $true
  & 'O'("13","2") <=> $true
  & 'O'("13","3") <=> $true
  & 'O'("13","4") <=> $false
  & 'O'("13","5") <=> $false
  & 'O'("13","6") <=> $true
  & 'O'("13","7") <=> $true
  & 'O'("13","8") <=> $true
  & 'O'("13","9") <=> $true
  & 'O'("13","10") <=> $true
  & 'O'("13","11") <=> $true
  & 'O'("13","12") <=> $true
  & 'O'("13","13") <=> $true
  & 'O'("13","14") <=> $false
  & 'O'("13","15") <=> $true
  & 'O'("14","1") <=> $true
  & 'O'("14","2") <=> $false
  & 'O'("14","3") <=> $false
  & 'O'("14","4") <=> $true
  & 'O'("14","5") <=> $true
  & 'O'("14","6") <=> $true
  & 'O'("14","7") <=> $true
  & 'O'("14","8") <=> $true
  & 'O'("14","9") <=> $true
  & 'O'("14","10") <=> $true
  & 'O'("14","11") <=> $true
  & 'O'("14","12") <=> $true
  & 'O'("14","13") <=> $false
  & 'O'("14","14") <=> $true
  & 'O'("14","15") <=> $true
  & 'O'("15","1") <=> $true
  & 'O'("15","2") <=> $true
  & 'O'("15","3") <=> $true
  & 'O'("15","4") <=> $false
  & 'O'("15","5") <=> $true
  & 'O'("15","6") <=> $true
  & 'O'("15","7") <=> $true
  & 'O'("15","8") <=> $true
  & 'O'("15","9") <=> $true
  & 'O'("15","10") <=> $true
  & 'O'("15","11") <=> $true
  & 'O'("15","12") <=> $true
  & 'O'("15","13") <=> $true
  & 'O'("15","14") <=> $true
  & 'O'("15","15") <=> $true
  )
).

fof('P', fi_predicates,
  ( 'P'("1","1") <=> $true
  & 'P'("1","2") <=> $false
  & 'P'("1","3") <=> $false
  & 'P'("1","4") <=> $false
  & 'P'("1","5") <=> $false
  & 'P'("1","6") <=> $false
  & 'P'("1","7") <=> $false
  & 'P'("1","8") <=> $false
  & 'P'("1","9") <=> $false
  & 'P'("1","10") <=> $false
  & 'P'("1","11") <=> $false
  & 'P'("1","12") <=> $false
  & 'P'("1","13") <=> $false
  & 'P'("1","14") <=> $false
  & 'P'("1","15") <=> $false
  & 'P'("2","1") <=> $true
  & 'P'("2","2") <=> $true
  & 'P'("2","3") <=> $false
  & 'P'("2","4") <=> $false
  & 'P'("2","5") <=> $false
  & 'P'("2","6") <=> $true
  & 'P'("2","7") <=> $false
  & 'P'("2","8") <=> $true
  & 'P'("2","9") <=> $false
  & 'P'("2","10") <=> $true
  & 'P'("2","11") <=> $true
  & 'P'("2","12") <=> $false
  & 'P'("2","13") <=> $true
  & 'P'("2","14") <=> $false
  & 'P'("2","15") <=> $true
  & 'P'("3","1") <=> $true
  & 'P'("3","2") <=> $false
  & 'P'("3","3") <=> $true
  & 'P'("3","4") <=> $false
  & 'P'("3","5") <=> $false
  & 'P'("3","6") <=> $true
  & 'P'("3","7") <=> $true
  & 'P'("3","8") <=> $false
  & 'P'("3","9") <=> $true
  & 'P'("3","10") <=> $false
  & 'P'("3","11") <=> $false
  & 'P'("3","12") <=> $true
  & 'P'("3","13") <=> $true
  & 'P'("3","14") <=> $false
  & 'P'("3","15") <=> $true
  & 'P'("4","1") <=> $true
  & 'P'("4","2") <=> $false
  & 'P'("4","3") <=> $false
  & 'P'("4","4") <=> $true
  & 'P'("4","5") <=> $false
  & 'P'("4","6") <=> $true
  & 'P'("4","7") <=> $true
  & 'P'("4","8") <=> $true
  & 'P'("4","9") <=> $true
  & 'P'("4","10") <=> $false
  & 'P'("4","11") <=> $true
  & 'P'("4","12") <=> $false
  & 'P'("4","13") <=> $false
  & 'P'("4","14") <=> $true
  & 'P'("4","15") <=> $false
  & 'P'("5","1") <=> $true
  & 'P'("5","2") <=> $false
  & 'P'("5","3") <=> $false
  & 'P'("5","4") <=> $false
  & 'P'("5","5") <=> $true
  & 'P'("5","6") <=> $false
  & 'P'("5","7") <=> $true
  & 'P'("5","8") <=> $true
  & 'P'("5","9") <=> $false
  & 'P'("5","10") <=> $true
  & 'P'("5","11") <=> $false
  & 'P'("5","12") <=> $true
  & 'P'("5","13") <=> $false
  & 'P'("5","14") <=> $true
  & 'P'("5","15") <=> $true
  & 'P'("6","1") <=> $true
  & 'P'("6","2") <=> $false
  & 'P'("6","3") <=> $false
  & 'P'("6","4") <=> $false
  & 'P'("6","5") <=> $false
  & 'P'("6","6") <=> $true
  & 'P'("6","7") <=> $false
  & 'P'("6","8") <=> $false
  & 'P'("6","9") <=> $false
  & 'P'("6","10") <=> $false
  & 'P'("6","11") <=> $false
  & 'P'("6","12") <=> $false
  & 'P'("6","13") <=> $false
  & 'P'("6","14") <=> $false
  & 'P'("6","15") <=> $false
  & 'P'("7","1") <=> $true
  & 'P'("7","2") <=> $false
  & 'P'("7","3") <=> $false
  & 'P'("7","4") <=> $false
  & 'P'("7","5") <=> $false
  & 'P'("7","6") <=> $false
  & 'P'("7","7") <=> $true
  & 'P'("7","8") <=> $false
  & 'P'("7","9") <=> $false
  & 'P'("7","10") <=> $false
  & 'P'("7","11") <=> $false
  & 'P'("7","12") <=> $false
  & 'P'("7","13") <=> $false
  & 'P'("7","14") <=> $false
  & 'P'("7","15") <=> $false
  & 'P'("8","1") <=> $true
  & 'P'("8","2") <=> $false
  & 'P'("8","3") <=> $false
  & 'P'("8","4") <=> $false
  & 'P'("8","5") <=> $false
  & 'P'("8","6") <=> $false
  & 'P'("8","7") <=> $false
  & 'P'("8","8") <=> $true
  & 'P'("8","9") <=> $false
  & 'P'("8","10") <=> $false
  & 'P'("8","11") <=> $false
  & 'P'("8","12") <=> $false
  & 'P'("8","13") <=> $false
  & 'P'("8","14") <=> $false
  & 'P'("8","15") <=> $false
  & 'P'("9","1") <=> $true
  & 'P'("9","2") <=> $false
  & 'P'("9","3") <=> $false
  & 'P'("9","4") <=> $false
  & 'P'("9","5") <=> $false
  & 'P'("9","6") <=> $true
  & 'P'("9","7") <=> $true
  & 'P'("9","8") <=> $false
  & 'P'("9","9") <=> $true
  & 'P'("9","10") <=> $false
  & 'P'("9","11") <=> $false
  & 'P'("9","12") <=> $false
  & 'P'("9","13") <=> $false
  & 'P'("9","14") <=> $false
  & 'P'("9","15") <=> $false
  & 'P'("10","1") <=> $true
  & 'P'("10","2") <=> $false
  & 'P'("10","3") <=> $false
  & 'P'("10","4") <=> $false
  & 'P'("10","5") <=> $false
  & 'P'("10","6") <=> $false
  & 'P'("10","7") <=> $false
  & 'P'("10","8") <=> $true
  & 'P'("10","9") <=> $false
  & 'P'("10","10") <=> $true
  & 'P'("10","11") <=> $false
  & 'P'("10","12") <=> $false
  & 'P'("10","13") <=> $false
  & 'P'("10","14") <=> $false
  & 'P'("10","15") <=> $true
  & 'P'("11","1") <=> $true
  & 'P'("11","2") <=> $false
  & 'P'("11","3") <=> $false
  & 'P'("11","4") <=> $false
  & 'P'("11","5") <=> $false
  & 'P'("11","6") <=> $true
  & 'P'("11","7") <=> $false
  & 'P'("11","8") <=> $true
  & 'P'("11","9") <=> $false
  & 'P'("11","10") <=> $false
  & 'P'("11","11") <=> $true
  & 'P'("11","12") <=> $false
  & 'P'("11","13") <=> $false
  & 'P'("11","14") <=> $false
  & 'P'("11","15") <=> $false
  & 'P'("12","1") <=> $true
  & 'P'("12","2") <=> $false
  & 'P'("12","3") <=> $false
  & 'P'("12","4") <=> $false
  & 'P'("12","5") <=> $false
  & 'P'("12","6") <=> $false
  & 'P'("12","7") <=> $true
  & 'P'("12","8") <=> $false
  & 'P'("12","9") <=> $false
  & 'P'("12","10") <=> $false
  & 'P'("12","11") <=> $false
  & 'P'("12","12") <=> $true
  & 'P'("12","13") <=> $false
  & 'P'("12","14") <=> $false
  & 'P'("12","15") <=> $true
  & 'P'("13","1") <=> $true
  & 'P'("13","2") <=> $false
  & 'P'("13","3") <=> $false
  & 'P'("13","4") <=> $false
  & 'P'("13","5") <=> $false
  & 'P'("13","6") <=> $true
  & 'P'("13","7") <=> $false
  & 'P'("13","8") <=> $false
  & 'P'("13","9") <=> $false
  & 'P'("13","10") <=> $false
  & 'P'("13","11") <=> $false
  & 'P'("13","12") <=> $false
  & 'P'("13","13") <=> $true
  & 'P'("13","14") <=> $false
  & 'P'("13","15") <=> $true
  & 'P'("14","1") <=> $true
  & 'P'("14","2") <=> $false
  & 'P'("14","3") <=> $false
  & 'P'("14","4") <=> $false
  & 'P'("14","5") <=> $false
  & 'P'("14","6") <=> $false
  & 'P'("14","7") <=> $true
  & 'P'("14","8") <=> $true
  & 'P'("14","9") <=> $false
  & 'P'("14","10") <=> $false
  & 'P'("14","11") <=> $false
  & 'P'("14","12") <=> $false
  & 'P'("14","13") <=> $false
  & 'P'("14","14") <=> $true
  & 'P'("14","15") <=> $false
  & 'P'("15","1") <=> $true
  & 'P'("15","2") <=> $false
  & 'P'("15","3") <=> $false
  & 'P'("15","4") <=> $false
  & 'P'("15","5") <=> $false
  & 'P'("15","6") <=> $false
  & 'P'("15","7") <=> $false
  & 'P'("15","8") <=> $false
  & 'P'("15","9") <=> $false
  & 'P'("15","10") <=> $false
  & 'P'("15","11") <=> $false
  & 'P'("15","12") <=> $false
  & 'P'("15","13") <=> $false
  & 'P'("15","14") <=> $false
  & 'P'("15","15") <=> $true
  )
).

fof('PP', fi_predicates,
  ( 'PP'("1","1") <=> $false
  & 'PP'("1","2") <=> $false
  & 'PP'("1","3") <=> $false
  & 'PP'("1","4") <=> $false
  & 'PP'("1","5") <=> $false
  & 'PP'("1","6") <=> $false
  & 'PP'("1","7") <=> $false
  & 'PP'("1","8") <=> $false
  & 'PP'("1","9") <=> $false
  & 'PP'("1","10") <=> $false
  & 'PP'("1","11") <=> $false
  & 'PP'("1","12") <=> $false
  & 'PP'("1","13") <=> $false
  & 'PP'("1","14") <=> $false
  & 'PP'("1","15") <=> $false
  & 'PP'("2","1") <=> $true
  & 'PP'("2","2") <=> $false
  & 'PP'("2","3") <=> $false
  & 'PP'("2","4") <=> $false
  & 'PP'("2","5") <=> $false
  & 'PP'("2","6") <=> $true
  & 'PP'("2","7") <=> $false
  & 'PP'("2","8") <=> $true
  & 'PP'("2","9") <=> $false
  & 'PP'("2","10") <=> $true
  & 'PP'("2","11") <=> $true
  & 'PP'("2","12") <=> $false
  & 'PP'("2","13") <=> $true
  & 'PP'("2","14") <=> $false
  & 'PP'("2","15") <=> $true
  & 'PP'("3","1") <=> $true
  & 'PP'("3","2") <=> $false
  & 'PP'("3","3") <=> $false
  & 'PP'("3","4") <=> $false
  & 'PP'("3","5") <=> $false
  & 'PP'("3","6") <=> $true
  & 'PP'("3","7") <=> $true
  & 'PP'("3","8") <=> $false
  & 'PP'("3","9") <=> $true
  & 'PP'("3","10") <=> $false
  & 'PP'("3","11") <=> $false
  & 'PP'("3","12") <=> $true
  & 'PP'("3","13") <=> $true
  & 'PP'("3","14") <=> $false
  & 'PP'("3","15") <=> $true
  & 'PP'("4","1") <=> $true
  & 'PP'("4","2") <=> $false
  & 'PP'("4","3") <=> $false
  & 'PP'("4","4") <=> $false
  & 'PP'("4","5") <=> $false
  & 'PP'("4","6") <=> $true
  & 'PP'("4","7") <=> $true
  & 'PP'("4","8") <=> $true
  & 'PP'("4","9") <=> $true
  & 'PP'("4","10") <=> $false
  & 'PP'("4","11") <=> $true
  & 'PP'("4","12") <=> $false
  & 'PP'("4","13") <=> $false
  & 'PP'("4","14") <=> $true
  & 'PP'("4","15") <=> $false
  & 'PP'("5","1") <=> $true
  & 'PP'("5","2") <=> $false
  & 'PP'("5","3") <=> $false
  & 'PP'("5","4") <=> $false
  & 'PP'("5","5") <=> $false
  & 'PP'("5","6") <=> $false
  & 'PP'("5","7") <=> $true
  & 'PP'("5","8") <=> $true
  & 'PP'("5","9") <=> $false
  & 'PP'("5","10") <=> $true
  & 'PP'("5","11") <=> $false
  & 'PP'("5","12") <=> $true
  & 'PP'("5","13") <=> $false
  & 'PP'("5","14") <=> $true
  & 'PP'("5","15") <=> $true
  & 'PP'("6","1") <=> $true
  & 'PP'("6","2") <=> $false
  & 'PP'("6","3") <=> $false
  & 'PP'("6","4") <=> $false
  & 'PP'("6","5") <=> $false
  & 'PP'("6","6") <=> $false
  & 'PP'("6","7") <=> $false
  & 'PP'("6","8") <=> $false
  & 'PP'("6","9") <=> $false
  & 'PP'("6","10") <=> $false
  & 'PP'("6","11") <=> $false
  & 'PP'("6","12") <=> $false
  & 'PP'("6","13") <=> $false
  & 'PP'("6","14") <=> $false
  & 'PP'("6","15") <=> $false
  & 'PP'("7","1") <=> $true
  & 'PP'("7","2") <=> $false
  & 'PP'("7","3") <=> $false
  & 'PP'("7","4") <=> $false
  & 'PP'("7","5") <=> $false
  & 'PP'("7","6") <=> $false
  & 'PP'("7","7") <=> $false
  & 'PP'("7","8") <=> $false
  & 'PP'("7","9") <=> $false
  & 'PP'("7","10") <=> $false
  & 'PP'("7","11") <=> $false
  & 'PP'("7","12") <=> $false
  & 'PP'("7","13") <=> $false
  & 'PP'("7","14") <=> $false
  & 'PP'("7","15") <=> $false
  & 'PP'("8","1") <=> $true
  & 'PP'("8","2") <=> $false
  & 'PP'("8","3") <=> $false
  & 'PP'("8","4") <=> $false
  & 'PP'("8","5") <=> $false
  & 'PP'("8","6") <=> $false
  & 'PP'("8","7") <=> $false
  & 'PP'("8","8") <=> $false
  & 'PP'("8","9") <=> $false
  & 'PP'("8","10") <=> $false
  & 'PP'("8","11") <=> $false
  & 'PP'("8","12") <=> $false
  & 'PP'("8","13") <=> $false
  & 'PP'("8","14") <=> $false
  & 'PP'("8","15") <=> $false
  & 'PP'("9","1") <=> $true
  & 'PP'("9","2") <=> $false
  & 'PP'("9","3") <=> $false
  & 'PP'("9","4") <=> $false
  & 'PP'("9","5") <=> $false
  & 'PP'("9","6") <=> $true
  & 'PP'("9","7") <=> $true
  & 'PP'("9","8") <=> $false
  & 'PP'("9","9") <=> $false
  & 'PP'("9","10") <=> $false
  & 'PP'("9","11") <=> $false
  & 'PP'("9","12") <=> $false
  & 'PP'("9","13") <=> $false
  & 'PP'("9","14") <=> $false
  & 'PP'("9","15") <=> $false
  & 'PP'("10","1") <=> $true
  & 'PP'("10","2") <=> $false
  & 'PP'("10","3") <=> $false
  & 'PP'("10","4") <=> $false
  & 'PP'("10","5") <=> $false
  & 'PP'("10","6") <=> $false
  & 'PP'("10","7") <=> $false
  & 'PP'("10","8") <=> $true
  & 'PP'("10","9") <=> $false
  & 'PP'("10","10") <=> $false
  & 'PP'("10","11") <=> $false
  & 'PP'("10","12") <=> $false
  & 'PP'("10","13") <=> $false
  & 'PP'("10","14") <=> $false
  & 'PP'("10","15") <=> $true
  & 'PP'("11","1") <=> $true
  & 'PP'("11","2") <=> $false
  & 'PP'("11","3") <=> $false
  & 'PP'("11","4") <=> $false
  & 'PP'("11","5") <=> $false
  & 'PP'("11","6") <=> $true
  & 'PP'("11","7") <=> $false
  & 'PP'("11","8") <=> $true
  & 'PP'("11","9") <=> $false
  & 'PP'("11","10") <=> $false
  & 'PP'("11","11") <=> $false
  & 'PP'("11","12") <=> $false
  & 'PP'("11","13") <=> $false
  & 'PP'("11","14") <=> $false
  & 'PP'("11","15") <=> $false
  & 'PP'("12","1") <=> $true
  & 'PP'("12","2") <=> $false
  & 'PP'("12","3") <=> $false
  & 'PP'("12","4") <=> $false
  & 'PP'("12","5") <=> $false
  & 'PP'("12","6") <=> $false
  & 'PP'("12","7") <=> $true
  & 'PP'("12","8") <=> $false
  & 'PP'("12","9") <=> $false
  & 'PP'("12","10") <=> $false
  & 'PP'("12","11") <=> $false
  & 'PP'("12","12") <=> $false
  & 'PP'("12","13") <=> $false
  & 'PP'("12","14") <=> $false
  & 'PP'("12","15") <=> $true
  & 'PP'("13","1") <=> $true
  & 'PP'("13","2") <=> $false
  & 'PP'("13","3") <=> $false
  & 'PP'("13","4") <=> $false
  & 'PP'("13","5") <=> $false
  & 'PP'("13","6") <=> $true
  & 'PP'("13","7") <=> $false
  & 'PP'("13","8") <=> $false
  & 'PP'("13","9") <=> $false
  & 'PP'("13","10") <=> $false
  & 'PP'("13","11") <=> $false
  & 'PP'("13","12") <=> $false
  & 'PP'("13","13") <=> $false
  & 'PP'("13","14") <=> $false
  & 'PP'("13","15") <=> $true
  & 'PP'("14","1") <=> $true
  & 'PP'("14","2") <=> $false
  & 'PP'("14","3") <=> $false
  & 'PP'("14","4") <=> $false
  & 'PP'("14","5") <=> $false
  & 'PP'("14","6") <=> $false
  & 'PP'("14","7") <=> $true
  & 'PP'("14","8") <=> $true
  & 'PP'("14","9") <=> $false
  & 'PP'("14","10") <=> $false
  & 'PP'("14","11") <=> $false
  & 'PP'("14","12") <=> $false
  & 'PP'("14","13") <=> $false
  & 'PP'("14","14") <=> $false
  & 'PP'("14","15") <=> $false
  & 'PP'("15","1") <=> $true
  & 'PP'("15","2") <=> $false
  & 'PP'("15","3") <=> $false
  & 'PP'("15","4") <=> $false
  & 'PP'("15","5") <=> $false
  & 'PP'("15","6") <=> $false
  & 'PP'("15","7") <=> $false
  & 'PP'("15","8") <=> $false
  & 'PP'("15","9") <=> $false
  & 'PP'("15","10") <=> $false
  & 'PP'("15","11") <=> $false
  & 'PP'("15","12") <=> $false
  & 'PP'("15","13") <=> $false
  & 'PP'("15","14") <=> $false
  & 'PP'("15","15") <=> $false
  )
).

fof('Uni', fi_functors,
  ( 'Uni' = "1"
  )
).

fof(compl, fi_functors,
  ( compl("1") = "1"
  & compl("2") = "7"
  & compl("3") = "8"
  & compl("4") = "15"
  & compl("5") = "6"
  & compl("6") = "5"
  & compl("7") = "2"
  & compl("8") = "3"
  & compl("9") = "10"
  & compl("10") = "9"
  & compl("11") = "12"
  & compl("12") = "11"
  & compl("13") = "14"
  & compl("14") = "13"
  & compl("15") = "4"
  )
).

fof(prod, fi_functors,
  ( prod("1","1") = "1"
  & prod("1","2") = "2"
  & prod("1","3") = "3"
  & prod("1","4") = "4"
  & prod("1","5") = "5"
  & prod("1","6") = "6"
  & prod("1","7") = "7"
  & prod("1","8") = "8"
  & prod("1","9") = "9"
  & prod("1","10") = "10"
  & prod("1","11") = "11"
  & prod("1","12") = "12"
  & prod("1","13") = "13"
  & prod("1","14") = "14"
  & prod("1","15") = "15"
  & prod("2","1") = "2"
  & prod("2","2") = "2"
  & prod("2","3") = "6"
  & prod("2","4") = "10"
  & prod("2","5") = "2"
  & prod("2","6") = "2"
  & prod("2","7") = "3"
  & prod("2","8") = "2"
  & prod("2","9") = "1"
  & prod("2","10") = "2"
  & prod("2","11") = "2"
  & prod("2","12") = "1"
  & prod("2","13") = "2"
  & prod("2","14") = "9"
  & prod("2","15") = "2"
  & prod("3","1") = "3"
  & prod("3","2") = "9"
  & prod("3","3") = "3"
  & prod("3","4") = "3"
  & prod("3","5") = "1"
  & prod("3","6") = "3"
  & prod("3","7") = "3"
  & prod("3","8") = "2"
  & prod("3","9") = "3"
  & prod("3","10") = "9"
  & prod("3","11") = "1"
  & prod("3","12") = "3"
  & prod("3","13") = "3"
  & prod("3","14") = "11"
  & prod("3","15") = "3"
  & prod("4","1") = "4"
  & prod("4","2") = "7"
  & prod("4","3") = "7"
  & prod("4","4") = "4"
  & prod("4","5") = "4"
  & prod("4","6") = "4"
  & prod("4","7") = "4"
  & prod("4","8") = "4"
  & prod("4","9") = "4"
  & prod("4","10") = "1"
  & prod("4","11") = "4"
  & prod("4","12") = "1"
  & prod("4","13") = "5"
  & prod("4","14") = "4"
  & prod("4","15") = "12"
  & prod("5","1") = "5"
  & prod("5","2") = "3"
  & prod("5","3") = "5"
  & prod("5","4") = "3"
  & prod("5","5") = "5"
  & prod("5","6") = "15"
  & prod("5","7") = "5"
  & prod("5","8") = "5"
  & prod("5","9") = "4"
  & prod("5","10") = "5"
  & prod("5","11") = "3"
  & prod("5","12") = "5"
  & prod("5","13") = "14"
  & prod("5","14") = "5"
  & prod("5","15") = "5"
  & prod("6","1") = "6"
  & prod("6","2") = "2"
  & prod("6","3") = "3"
  & prod("6","4") = "4"
  & prod("6","5") = "5"
  & prod("6","6") = "6"
  & prod("6","7") = "9"
  & prod("6","8") = "11"
  & prod("6","9") = "9"
  & prod("6","10") = "2"
  & prod("6","11") = "11"
  & prod("6","12") = "3"
  & prod("6","13") = "13"
  & prod("6","14") = "4"
  & prod("6","15") = "13"
  & prod("7","1") = "7"
  & prod("7","2") = "2"
  & prod("7","3") = "3"
  & prod("7","4") = "4"
  & prod("7","5") = "5"
  & prod("7","6") = "9"
  & prod("7","7") = "7"
  & prod("7","8") = "14"
  & prod("7","9") = "9"
  & prod("7","10") = "5"
  & prod("7","11") = "4"
  & prod("7","12") = "12"
  & prod("7","13") = "3"
  & prod("7","14") = "14"
  & prod("7","15") = "12"
  & prod("8","1") = "8"
  & prod("8","2") = "2"
  & prod("8","3") = "4"
  & prod("8","4") = "4"
  & prod("8","5") = "5"
  & prod("8","6") = "11"
  & prod("8","7") = "14"
  & prod("8","8") = "8"
  & prod("8","9") = "4"
  & prod("8","10") = "10"
  & prod("8","11") = "11"
  & prod("8","12") = "5"
  & prod("8","13") = "2"
  & prod("8","14") = "14"
  & prod("8","15") = "10"
  & prod("9","1") = "9"
  & prod("9","2") = "1"
  & prod("9","3") = "3"
  & prod("9","4") = "4"
  & prod("9","5") = "2"
  & prod("9","6") = "9"
  & prod("9","7") = "9"
  & prod("9","8") = "4"
  & prod("9","9") = "9"
  & prod("9","10") = "8"
  & prod("9","11") = "4"
  & prod("9","12") = "3"
  & prod("9","13") = "3"
  & prod("9","14") = "4"
  & prod("9","15") = "3"
  & prod("10","1") = "10"
  & prod("10","2") = "2"
  & prod("10","3") = "12"
  & prod("10","4") = "9"
  & prod("10","5") = "5"
  & prod("10","6") = "2"
  & prod("10","7") = "5"
  & prod("10","8") = "10"
  & prod("10","9") = "13"
  & prod("10","10") = "10"
  & prod("10","11") = "2"
  & prod("10","12") = "5"
  & prod("10","13") = "2"
  & prod("10","14") = "5"
  & prod("10","15") = "10"
  & prod("11","1") = "11"
  & prod("11","2") = "2"
  & prod("11","3") = "6"
  & prod("11","4") = "4"
  & prod("11","5") = "8"
  & prod("11","6") = "11"
  & prod("11","7") = "4"
  & prod("11","8") = "11"
  & prod("11","9") = "4"
  & prod("11","10") = "2"
  & prod("11","11") = "11"
  & prod("11","12") = "14"
  & prod("11","13") = "2"
  & prod("11","14") = "4"
  & prod("11","15") = "2"
  & prod("12","1") = "12"
  & prod("12","2") = "14"
  & prod("12","3") = "3"
  & prod("12","4") = "13"
  & prod("12","5") = "5"
  & prod("12","6") = "3"
  & prod("12","7") = "12"
  & prod("12","8") = "5"
  & prod("12","9") = "3"
  & prod("12","10") = "5"
  & prod("12","11") = "1"
  & prod("12","12") = "12"
  & prod("12","13") = "3"
  & prod("12","14") = "5"
  & prod("12","15") = "12"
  & prod("13","1") = "13"
  & prod("13","2") = "2"
  & prod("13","3") = "3"
  & prod("13","4") = "1"
  & prod("13","5") = "8"
  & prod("13","6") = "13"
  & prod("13","7") = "3"
  & prod("13","8") = "2"
  & prod("13","9") = "3"
  & prod("13","10") = "2"
  & prod("13","11") = "2"
  & prod("13","12") = "3"
  & prod("13","13") = "13"
  & prod("13","14") = "11"
  & prod("13","15") = "13"
  & prod("14","1") = "14"
  & prod("14","2") = "1"
  & prod("14","3") = "2"
  & prod("14","4") = "4"
  & prod("14","5") = "5"
  & prod("14","6") = "4"
  & prod("14","7") = "14"
  & prod("14","8") = "14"
  & prod("14","9") = "4"
  & prod("14","10") = "5"
  & prod("14","11") = "4"
  & prod("14","12") = "5"
  & prod("14","13") = "9"
  & prod("14","14") = "14"
  & prod("14","15") = "5"
  & prod("15","1") = "15"
  & prod("15","2") = "2"
  & prod("15","3") = "3"
  & prod("15","4") = "3"
  & prod("15","5") = "5"
  & prod("15","6") = "13"
  & prod("15","7") = "12"
  & prod("15","8") = "10"
  & prod("15","9") = "3"
  & prod("15","10") = "10"
  & prod("15","11") = "2"
  & prod("15","12") = "12"
  & prod("15","13") = "13"
  & prod("15","14") = "5"
  & prod("15","15") = "15"
  )
).

fof(sum, fi_functors,
  ( sum("1","1") = "1"
  & sum("1","2") = "1"
  & sum("1","3") = "1"
  & sum("1","4") = "1"
  & sum("1","5") = "1"
  & sum("1","6") = "1"
  & sum("1","7") = "1"
  & sum("1","8") = "1"
  & sum("1","9") = "1"
  & sum("1","10") = "1"
  & sum("1","11") = "1"
  & sum("1","12") = "1"
  & sum("1","13") = "1"
  & sum("1","14") = "1"
  & sum("1","15") = "1"
  & sum("2","1") = "1"
  & sum("2","2") = "2"
  & sum("2","3") = "13"
  & sum("2","4") = "11"
  & sum("2","5") = "10"
  & sum("2","6") = "6"
  & sum("2","7") = "1"
  & sum("2","8") = "8"
  & sum("2","9") = "6"
  & sum("2","10") = "10"
  & sum("2","11") = "11"
  & sum("2","12") = "15"
  & sum("2","13") = "13"
  & sum("2","14") = "8"
  & sum("2","15") = "15"
  & sum("3","1") = "1"
  & sum("3","2") = "13"
  & sum("3","3") = "3"
  & sum("3","4") = "9"
  & sum("3","5") = "12"
  & sum("3","6") = "6"
  & sum("3","7") = "7"
  & sum("3","8") = "1"
  & sum("3","9") = "9"
  & sum("3","10") = "15"
  & sum("3","11") = "6"
  & sum("3","12") = "12"
  & sum("3","13") = "13"
  & sum("3","14") = "7"
  & sum("3","15") = "15"
  & sum("4","1") = "1"
  & sum("4","2") = "11"
  & sum("4","3") = "9"
  & sum("4","4") = "4"
  & sum("4","5") = "14"
  & sum("4","6") = "6"
  & sum("4","7") = "7"
  & sum("4","8") = "8"
  & sum("4","9") = "9"
  & sum("4","10") = "8"
  & sum("4","11") = "11"
  & sum("4","12") = "7"
  & sum("4","13") = "6"
  & sum("4","14") = "14"
  & sum("4","15") = "1"
  & sum("5","1") = "1"
  & sum("5","2") = "10"
  & sum("5","3") = "12"
  & sum("5","4") = "14"
  & sum("5","5") = "5"
  & sum("5","6") = "1"
  & sum("5","7") = "7"
  & sum("5","8") = "8"
  & sum("5","9") = "7"
  & sum("5","10") = "10"
  & sum("5","11") = "8"
  & sum("5","12") = "12"
  & sum("5","13") = "15"
  & sum("5","14") = "14"
  & sum("5","15") = "15"
  & sum("6","1") = "1"
  & sum("6","2") = "6"
  & sum("6","3") = "6"
  & sum("6","4") = "6"
  & sum("6","5") = "1"
  & sum("6","6") = "6"
  & sum("6","7") = "1"
  & sum("6","8") = "1"
  & sum("6","9") = "6"
  & sum("6","10") = "1"
  & sum("6","11") = "6"
  & sum("6","12") = "1"
  & sum("6","13") = "6"
  & sum("6","14") = "1"
  & sum("6","15") = "1"
  & sum("7","1") = "1"
  & sum("7","2") = "1"
  & sum("7","3") = "7"
  & sum("7","4") = "7"
  & sum("7","5") = "7"
  & sum("7","6") = "1"
  & sum("7","7") = "7"
  & sum("7","8") = "1"
  & sum("7","9") = "7"
  & sum("7","10") = "1"
  & sum("7","11") = "1"
  & sum("7","12") = "7"
  & sum("7","13") = "1"
  & sum("7","14") = "7"
  & sum("7","15") = "1"
  & sum("8","1") = "1"
  & sum("8","2") = "8"
  & sum("8","3") = "1"
  & sum("8","4") = "8"
  & sum("8","5") = "8"
  & sum("8","6") = "1"
  & sum("8","7") = "1"
  & sum("8","8") = "8"
  & sum("8","9") = "1"
  & sum("8","10") = "8"
  & sum("8","11") = "8"
  & sum("8","12") = "1"
  & sum("8","13") = "1"
  & sum("8","14") = "8"
  & sum("8","15") = "1"
  & sum("9","1") = "1"
  & sum("9","2") = "6"
  & sum("9","3") = "9"
  & sum("9","4") = "9"
  & sum("9","5") = "7"
  & sum("9","6") = "6"
  & sum("9","7") = "7"
  & sum("9","8") = "1"
  & sum("9","9") = "9"
  & sum("9","10") = "1"
  & sum("9","11") = "6"
  & sum("9","12") = "7"
  & sum("9","13") = "6"
  & sum("9","14") = "7"
  & sum("9","15") = "1"
  & sum("10","1") = "1"
  & sum("10","2") = "10"
  & sum("10","3") = "15"
  & sum("10","4") = "8"
  & sum("10","5") = "10"
  & sum("10","6") = "1"
  & sum("10","7") = "1"
  & sum("10","8") = "8"
  & sum("10","9") = "1"
  & sum("10","10") = "10"
  & sum("10","11") = "8"
  & sum("10","12") = "15"
  & sum("10","13") = "15"
  & sum("10","14") = "8"
  & sum("10","15") = "15"
  & sum("11","1") = "1"
  & sum("11","2") = "11"
  & sum("11","3") = "6"
  & sum("11","4") = "11"
  & sum("11","5") = "8"
  & sum("11","6") = "6"
  & sum("11","7") = "1"
  & sum("11","8") = "8"
  & sum("11","9") = "6"
  & sum("11","10") = "8"
  & sum("11","11") = "11"
  & sum("11","12") = "1"
  & sum("11","13") = "6"
  & sum("11","14") = "8"
  & sum("11","15") = "1"
  & sum("12","1") = "1"
  & sum("12","2") = "15"
  & sum("12","3") = "12"
  & sum("12","4") = "7"
  & sum("12","5") = "12"
  & sum("12","6") = "1"
  & sum("12","7") = "7"
  & sum("12","8") = "1"
  & sum("12","9") = "7"
  & sum("12","10") = "15"
  & sum("12","11") = "1"
  & sum("12","12") = "12"
  & sum("12","13") = "15"
  & sum("12","14") = "7"
  & sum("12","15") = "15"
  & sum("13","1") = "1"
  & sum("13","2") = "13"
  & sum("13","3") = "13"
  & sum("13","4") = "6"
  & sum("13","5") = "15"
  & sum("13","6") = "6"
  & sum("13","7") = "1"
  & sum("13","8") = "1"
  & sum("13","9") = "6"
  & sum("13","10") = "15"
  & sum("13","11") = "6"
  & sum("13","12") = "15"
  & sum("13","13") = "13"
  & sum("13","14") = "1"
  & sum("13","15") = "15"
  & sum("14","1") = "1"
  & sum("14","2") = "8"
  & sum("14","3") = "7"
  & sum("14","4") = "14"
  & sum("14","5") = "14"
  & sum("14","6") = "1"
  & sum("14","7") = "7"
  & sum("14","8") = "8"
  & sum("14","9") = "7"
  & sum("14","10") = "8"
  & sum("14","11") = "8"
  & sum("14","12") = "7"
  & sum("14","13") = "1"
  & sum("14","14") = "14"
  & sum("14","15") = "1"
  & sum("15","1") = "1"
  & sum("15","2") = "15"
  & sum("15","3") = "15"
  & sum("15","4") = "1"
  & sum("15","5") = "15"
  & sum("15","6") = "1"
  & sum("15","7") = "1"
  & sum("15","8") = "1"
  & sum("15","9") = "1"
  & sum("15","10") = "15"
  & sum("15","11") = "1"
  & sum("15","12") = "15"
  & sum("15","13") = "15"
  & sum("15","14") = "1"
  & sum("15","15") = "15"
  )
).
SZS output end FiniteModel for mt\consistency\tptp\rcc_basic_strict_nontrivial_4atoms.all.tptp
+++ END MODEL
+++ RESULT: Satisfiable
SZS status Satisfiable for mt\consistency\tptp\rcc_basic_strict_nontrivial_4atoms.all.tptp
