============================== Mace4 =================================
Mace4 (64) version 2009-11A, November 2009.
Process 22251 was started by torsten on scotus.mie.utoronto.ca,
Mon Nov  5 17:37:58 2012
The command was "mace4 -c -t 600 -s 60 -n 2 -N 20 -f ca//theorems/p9/spoca_m-s.p9 ca/p9/spoca.p9 ca/p9/oca.p9 contact/p9/weak_contact.p9 lat/p9/ortho_complemented_lattice_meet_join.p9 lat/p9/bounded_lattice_meet_join.p9 lat/p9/lattice_meet_join.p9".
============================== end of head ===========================

============================== INPUT =================================

% Reading from file ca//theorems/p9/spoca_m-s.p9


formulas(sos).
(all x all y all z (meet(join(x,y),z) != "zero" <-> meet(z,x) != "zero" | meet(z,y) != "zero")).
end_of_list.

% Reading from file ca/p9/spoca.p9


formulas(sos).
(all x all y meet(x,pc(meet(x,y))) = meet(x,pc(y))).
pc("zero") = "one".
pc("one") = "zero".
(all x all y pc(pc(join(x,y))) = join(pc(pc(x)),pc(pc(y)))).
end_of_list.

% Reading from file ca/p9/oca.p9


formulas(sos).
end_of_list.

% Reading from file contact/p9/weak_contact.p9


formulas(sos).
(all x -C("zero",x)).
(all x (x != "zero" -> C(x,x))).
(all x all y (C(x,y) -> C(y,x))).
(all x all y all z (x = meet(x,y) & C(z,x) -> C(z,y))).
end_of_list.

% Reading from file lat/p9/ortho_complemented_lattice_meet_join.p9


formulas(sos).
(all x x = oc(oc(x))).
(all x "one" = join(x,oc(x))).
(all x all y meet(x,y) = oc(join(oc(y),oc(x)))).
end_of_list.

% Reading from file lat/p9/bounded_lattice_meet_join.p9


formulas(sos).
(all x join("zero",x) = x).
(all x join("one",x) = "one").
end_of_list.

% Reading from file lat/p9/lattice_meet_join.p9


formulas(sos).
(all x x = meet(x,x)).
(all x x = join(x,x)).
(all x all y meet(x,y) = meet(y,x)).
(all x all y join(x,y) = join(y,x)).
(all x all y all z meet(x,meet(y,z)) = meet(z,meet(x,y))).
(all x all y all z join(x,join(y,z)) = join(z,join(x,y))).
(all x all y meet(x,join(x,y)) = x).
(all x all y join(x,meet(x,y)) = x).
end_of_list.

% From the command line: assign(max_seconds, 600).

% From the command line: assign(max_seconds_per, 60).
    % assign(domain_size, 2) -> assign(start_size, 2).
    % assign(domain_size, 2) -> assign(end_size, 2).

% From the command line: assign(domain_size, 2).

% From the command line: assign(end_size, 20).

============================== end of input ==========================

============================== PROCESS NON-CLAUSAL FORMULAS ==========

% Formulas that are not ordinary clauses:
1 (all x all y all z (meet(join(x,y),z) != "zero" <-> meet(z,x) != "zero" | meet(z,y) != "zero")) # label(non_clause).  [assumption].
2 (all x all y meet(x,pc(meet(x,y))) = meet(x,pc(y))) # label(non_clause).  [assumption].
3 (all x all y pc(pc(join(x,y))) = join(pc(pc(x)),pc(pc(y)))) # label(non_clause).  [assumption].
4 (all x -C("zero",x)) # label(non_clause).  [assumption].
5 (all x (x != "zero" -> C(x,x))) # label(non_clause).  [assumption].
6 (all x all y (C(x,y) -> C(y,x))) # label(non_clause).  [assumption].
7 (all x all y all z (x = meet(x,y) & C(z,x) -> C(z,y))) # label(non_clause).  [assumption].
8 (all x x = oc(oc(x))) # label(non_clause).  [assumption].
9 (all x "one" = join(x,oc(x))) # label(non_clause).  [assumption].
10 (all x all y meet(x,y) = oc(join(oc(y),oc(x)))) # label(non_clause).  [assumption].
11 (all x join("zero",x) = x) # label(non_clause).  [assumption].
12 (all x join("one",x) = "one") # label(non_clause).  [assumption].
13 (all x x = meet(x,x)) # label(non_clause).  [assumption].
14 (all x x = join(x,x)) # label(non_clause).  [assumption].
15 (all x all y meet(x,y) = meet(y,x)) # label(non_clause).  [assumption].
16 (all x all y join(x,y) = join(y,x)) # label(non_clause).  [assumption].
17 (all x all y all z meet(x,meet(y,z)) = meet(z,meet(x,y))) # label(non_clause).  [assumption].
18 (all x all y all z join(x,join(y,z)) = join(z,join(x,y))) # label(non_clause).  [assumption].
19 (all x all y meet(x,join(x,y)) = x) # label(non_clause).  [assumption].
20 (all x all y join(x,meet(x,y)) = x) # label(non_clause).  [assumption].

============================== end of process non-clausal formulas ===

============================== CLAUSES FOR SEARCH ====================

formulas(mace4_clauses).
meet(join(x,y),z) = "zero" | meet(z,x) != "zero" | meet(z,y) != "zero".
meet(join(x,y),z) != "zero" | meet(z,x) = "zero".
meet(join(x,y),z) != "zero" | meet(z,y) = "zero".
meet(x,pc(meet(x,y))) = meet(x,pc(y)).
pc("zero") = "one".
pc("one") = "zero".
pc(pc(join(x,y))) = join(pc(pc(x)),pc(pc(y))).
-C("zero",x).
"zero" = x | C(x,x).
-C(x,y) | C(y,x).
meet(x,y) != x | -C(z,x) | C(z,y).
oc(oc(x)) = x.
join(x,oc(x)) = "one".
oc(join(oc(x),oc(y))) = meet(y,x).
join("zero",x) = x.
join("one",x) = "one".
meet(x,x) = x.
join(x,x) = x.
meet(x,y) = meet(y,x).
join(x,y) = join(y,x).
meet(x,meet(y,z)) = meet(y,meet(z,x)).
join(x,join(y,z)) = join(y,join(z,x)).
meet(x,join(x,y)) = x.
join(x,meet(x,y)) = x.
end_of_list.

============================== end of clauses for search =============

% There are no natural numbers in the input.

============================== DOMAIN SIZE 2 =========================

============================== MODEL =================================

interpretation( 2, [number=1, seconds=0], [

        function("one", [ 0 ]),

        function("zero", [ 1 ]),

        function(oc(_), [ 1, 0 ]),

        function(pc(_), [ 1, 0 ]),

        function(join(_,_), [
			   0, 0,
			   0, 1 ]),

        function(meet(_,_), [
			   0, 1,
			   1, 1 ]),

        relation(C(_,_), [
			   1, 0,
			   0, 0 ])
]).

============================== end of model ==========================

============================== STATISTICS ============================

For domain size 2.

Current CPU time: 0.00 seconds (total CPU time: 0.01 seconds).
Ground clauses: seen=98, kept=86.
Selections=1, assignments=1, propagations=17, current_models=1.
Rewrite_terms=298, rewrite_bools=111, indexes=25.
Rules_from_neg_clauses=2, cross_offs=2.

============================== end of statistics =====================

User_CPU=0.01, System_CPU=0.00, Wall_clock=0.

Exiting with 1 model.

Process 22251 exit (max_models) Mon Nov  5 17:37:58 2012
The process finished Mon Nov  5 17:37:58 2012
