============================== Prover9 ===============================
Prover9 (64) version 2009-11A, November 2009.
Process 10163 was started by cchui on stl1.mie.utoronto.ca,
Tue Mar 26 21:36:50 2013
The command was "prover9 -t 600 -f test/p9/20130326/dolce_time_mereology/cem_mereology.p9 test/p9/20130326/dolce_time_mereology/dolce_time_mereology_reduction.p9 test/p9/20130326/dolce_time_mereology/cm_mereology.p9 test/p9/20130326/dolce_time_mereology/em_mereology.p9 test/p9/20130326/dolce_time_mereology/mereology_def.p9 test/p9/20130326/dolce_time_mereology/sum_mereology.p9 test/p9/20130326/dolce_time_mereology/prod_mereology.p9 test/p9/20130326/dolce_time_mereology/m_mereology.p9 test/p9/20130326/dolce_time_mereology/options.txt test/p9/20130326/dolce_time_mereology/ex0326_reduction_8.p9".
============================== end of head ===========================

============================== INPUT =================================

% Reading from file test/p9/20130326/dolce_time_mereology/cem_mereology.p9


formulas(sos).
end_of_list.

% Reading from file test/p9/20130326/dolce_time_mereology/dolce_time_mereology_reduction.p9


formulas(sos).
(all x (T(x) <-> x = x)).
(all x all y (P(x,y) <-> part(x,y))).
(all x all y (O(x,y) <-> overlaps(x,y))).
end_of_list.

% Reading from file test/p9/20130326/dolce_time_mereology/cm_mereology.p9


formulas(sos).
end_of_list.

% Reading from file test/p9/20130326/dolce_time_mereology/em_mereology.p9


formulas(sos).
(all x all y (-part(x,y) -> (exists z (part(z,x) & disjoint(z,y))))).
end_of_list.

% Reading from file test/p9/20130326/dolce_time_mereology/mereology_def.p9


formulas(sos).
(all x all y (ppart(x,y) <-> part(x,y) & -part(y,x))).
(all x all y (overlaps(x,y) <-> (exists z (part(z,x) & part(z,y))))).
(all x all y (disjoint(x,y) <-> -overlaps(x,y))).
(all x all y (underlaps(x,y) <-> (exists z (part(x,z) & part(y,z))))).
(all x (atomic_part(x) <-> (all y (part(y,x) -> y = x)))).
end_of_list.

% Reading from file test/p9/20130326/dolce_time_mereology/sum_mereology.p9


formulas(sos).
(all x all y (underlaps(x,y) -> (exists z all v (overlaps(v,z) <-> overlaps(v,x) | overlaps(v,y))))).
end_of_list.

% Reading from file test/p9/20130326/dolce_time_mereology/prod_mereology.p9


formulas(sos).
(all x all y (overlaps(x,y) -> (exists z all v (ppart(v,z) <-> ppart(v,x) & ppart(v,y))))).
end_of_list.

% Reading from file test/p9/20130326/dolce_time_mereology/m_mereology.p9


formulas(sos).
(all x part(x,x)).
(all x all y (part(x,y) & part(y,x) -> x = y)).
(all x all y all z (part(x,y) & part(y,z) -> part(x,z))).
end_of_list.

% Reading from file test/p9/20130326/dolce_time_mereology/options.txt

clear(auto_denials).
clear(print_initial_clauses).
clear(print_kept).
clear(print_given).

% Reading from file test/p9/20130326/dolce_time_mereology/ex0326_reduction_8.p9


formulas(goals).
(all x all y (T(x) & T(y) & U(x,y) -> (exists z (T(z) & (all w (T(w) -> (O(w,z) <-> O(w,x) | O(w,y)))))))).
end_of_list.

============================== end of input ==========================

% From the command line: assign(max_seconds, 600).

============================== PROCESS NON-CLAUSAL FORMULAS ==========

% Formulas that are not ordinary clauses:
1 (all x (T(x) <-> x = x)) # label(non_clause).  [assumption].
2 (all x all y (P(x,y) <-> part(x,y))) # label(non_clause).  [assumption].
3 (all x all y (O(x,y) <-> overlaps(x,y))) # label(non_clause).  [assumption].
4 (all x all y (-part(x,y) -> (exists z (part(z,x) & disjoint(z,y))))) # label(non_clause).  [assumption].
5 (all x all y (ppart(x,y) <-> part(x,y) & -part(y,x))) # label(non_clause).  [assumption].
6 (all x all y (overlaps(x,y) <-> (exists z (part(z,x) & part(z,y))))) # label(non_clause).  [assumption].
7 (all x all y (disjoint(x,y) <-> -overlaps(x,y))) # label(non_clause).  [assumption].
8 (all x all y (underlaps(x,y) <-> (exists z (part(x,z) & part(y,z))))) # label(non_clause).  [assumption].
9 (all x (atomic_part(x) <-> (all y (part(y,x) -> y = x)))) # label(non_clause).  [assumption].
10 (all x all y (underlaps(x,y) -> (exists z all v (overlaps(v,z) <-> overlaps(v,x) | overlaps(v,y))))) # label(non_clause).  [assumption].
11 (all x all y (overlaps(x,y) -> (exists z all v (ppart(v,z) <-> ppart(v,x) & ppart(v,y))))) # label(non_clause).  [assumption].
12 (all x part(x,x)) # label(non_clause).  [assumption].
13 (all x all y (part(x,y) & part(y,x) -> x = y)) # label(non_clause).  [assumption].
14 (all x all y all z (part(x,y) & part(y,z) -> part(x,z))) # label(non_clause).  [assumption].
15 (all x all y (T(x) & T(y) & U(x,y) -> (exists z (T(z) & (all w (T(w) -> (O(w,z) <-> O(w,x) | O(w,y)))))))) # label(non_clause) # label(goal).  [goal].

============================== end of process non-clausal formulas ===

============================== PROCESS INITIAL CLAUSES ===============

============================== PREDICATE ELIMINATION =================

Eliminating P/2
16 P(x,y) | -part(x,y).  [clausify(2)].
17 -P(x,y) | part(x,y).  [clausify(2)].

Eliminating disjoint/2
18 -disjoint(x,y) | -overlaps(x,y).  [clausify(7)].
19 part(x,y) | disjoint(f1(x,y),y).  [clausify(4)].
Derived: -overlaps(f1(x,y),y) | part(x,y).  [resolve(18,a,19,b)].
20 disjoint(x,y) | overlaps(x,y).  [clausify(7)].

Eliminating underlaps/2
21 underlaps(x,y) | -part(x,z) | -part(y,z).  [clausify(8)].
22 -underlaps(x,y) | part(x,f3(x,y)).  [clausify(8)].
23 -underlaps(x,y) | part(y,f3(x,y)).  [clausify(8)].
Derived: -part(x,y) | -part(z,y) | part(x,f3(x,z)).  [resolve(21,a,22,a)].
Derived: -part(x,y) | -part(z,y) | part(z,f3(x,z)).  [resolve(21,a,23,a)].
24 -underlaps(x,y) | -overlaps(z,f5(x,y)) | overlaps(z,x) | overlaps(z,y).  [clausify(10)].
Derived: -overlaps(x,f5(y,z)) | overlaps(x,y) | overlaps(x,z) | -part(y,u) | -part(z,u).  [resolve(24,a,21,a)].
25 -underlaps(x,y) | overlaps(z,f5(x,y)) | -overlaps(z,x).  [clausify(10)].
Derived: overlaps(x,f5(y,z)) | -overlaps(x,y) | -part(y,u) | -part(z,u).  [resolve(25,a,21,a)].
26 -underlaps(x,y) | overlaps(z,f5(x,y)) | -overlaps(z,y).  [clausify(10)].
Derived: overlaps(x,f5(y,z)) | -overlaps(x,z) | -part(y,u) | -part(z,u).  [resolve(26,a,21,a)].

Eliminating atomic_part/1
27 atomic_part(x) | part(f4(x),x).  [clausify(9)].
28 -atomic_part(x) | -part(y,x) | y = x.  [clausify(9)].
Derived: part(f4(x),x) | -part(y,x) | y = x.  [resolve(27,a,28,a)].
29 atomic_part(x) | f4(x) != x.  [clausify(9)].
Derived: f4(x) != x | -part(y,x) | y = x.  [resolve(29,a,28,a)].

Eliminating U/2

============================== end predicate elimination =============

Term ordering decisions:
Predicate symbol precedence:  predicate_order([ =, T, part, overlaps, ppart, O ]).
Function symbol precedence:  function_order([ c1, c2, f1, f2, f3, f5, f6, f4, f7 ]).
After inverse_order:  (no changes).
Unfolding symbols: (none).

Auto_inference settings:
  % set(paramodulation).  % (positive equality literals)
  % set(binary_resolution).  % (non-Horn)
  % set(neg_ur_resolution).  % (non-Horn, less than 100 clauses)

Auto_process settings:
  % set(factor).  % (non-Horn)
  % set(unit_deletion).  % (non-Horn)

============================== end of process initial clauses ========

============================== CLAUSES FOR SEARCH ====================

============================== end of clauses for search =============

============================== SEARCH ================================

% Starting search at 0.01 seconds.

Low Water (keep): wt=25.000, iters=6825

NOTE: Back_subsumption disabled, ratio of kept to back_subsumed is 914 (0.00 of 0.37 sec).

Low Water (keep): wt=22.000, iters=6765

Low Water (keep): wt=19.000, iters=6708

Low Water (keep): wt=18.000, iters=6874

Low Water (keep): wt=16.000, iters=6836

Low Water (keep): wt=15.000, iters=6679

Low Water (keep): wt=14.000, iters=6673

Low Water (keep): wt=13.000, iters=6706

Low Water (displace): id=7379, wt=29.000

Low Water (displace): id=8064, wt=25.000

Low Water (keep): wt=12.000, iters=6669

Low Water (displace): id=9755, wt=23.000

Low Water (displace): id=9811, wt=22.000

Low Water (displace): id=9639, wt=21.000

Low Water (displace): id=23368, wt=16.000

Low Water (displace): id=23393, wt=11.000

Low Water (displace): id=23463, wt=10.000

Prover catching signal 2.

============================== STATISTICS ============================

Given=1911. Generated=146110. Kept=24250. proofs=0.
Usable=1904. Sos=19999. Demods=0. Limbo=1, Disabled=2392. Hints=0.
Kept_by_rule=0, Deleted_by_rule=0.
Forward_subsumed=9470. Back_subsumed=10.
Sos_limit_deleted=112390. Sos_displaced=2333. Sos_removed=0.
New_demodulators=0 (0 lex), Back_demodulated=0. Back_unit_deleted=3.
Demod_attempts=0. Demod_rewrites=0.
Res_instance_prunes=0. Para_instance_prunes=0. Basic_paramod_prunes=0.
Nonunit_fsub_feature_tests=276748. Nonunit_bsub_feature_tests=29675.
Megabytes=32.89.
User_CPU=1.91, System_CPU=0.07, Wall_clock=2.

Megs malloced by palloc(): 40.
  type (bytes each)        gets      frees     in use      bytes
chunk ( 112)                391        391          0      0.0 K
string_buf (  16)           380        380          0      0.0 K
token (  32)                758        758          0      0.0 K
pterm (  32)                431        431          0      0.0 K
hashtab (  16)               15         15          0      0.0 K
hashnode (  16)              88         88          0      0.0 K
term (  32)             3060776    2779479     281297   8790.5 K
      term arg arrays:                                  2492.6 K
attribute (  24)             16          0         16      0.4 K
ilist (  16)            5953332    5818452     134880   2107.5 K
plist (  16)              91973      45415      46558    727.5 K
i2list (  16)               166        166          0      0.0 K
just (  24)              147135     122578      24557    575.6 K
parajust (  24)               0          0          0      0.0 K
instancejust (  16)           0          0          0      0.0 K
ivyjust (  40)                0          0          0      0.0 K
formula (  48)              927        692        235     11.0 K
    formula arg arrays:                                    1.6 K
topform (  88)           146174     121862      24312   2089.3 K
clist_pos (  40)          52871      28575      24296    949.1 K
clist (  32)                  8          1          7      0.2 K
context (1616)           502052     502049          3      4.7 K
trail (  24)            2745804    2745800          4      0.1 K
ac_match_pos (100072)          0          0          0      0.0 K
ac_match_free_vars_pos (20032)
                              0          0          0      0.0 K
btm_state ( 112)              0          0          0      0.0 K
btu_state ( 112)              0          0          0      0.0 K
ac_position (388448)          0          0          0      0.0 K
fpa_trie (  40)           54997       8576      46421   1813.3 K
fpa_state (  56)         611505     611486         19      1.0 K
fpa_index (  24)             10          0         10      0.2 K
fpa_chunk (  40)          88007      45627      42380   1655.5 K
fpa_list (  24)           29842          0      29842    699.4 K
      fpa_list chunks:                                  5163.5 K
discrim (  24)            98672      23097      75575   1771.3 K
discrim_pos (  32)         9475       9475          0      0.0 K
flat2 (  56)             815422     815422          0      0.0 K
flat (  72)                   0          0          0      0.0 K
flatterm (  56)               0          0          0      0.0 K
mindex (  48)                13          0         13      0.6 K
mindex_pos ( 112)        293299     293297          2      0.2 K
lindex (  24)                 5          0          5      0.1 K
clash (  72)              69906      69903          3      0.2 K
di_tree (  24)            38238       2644      35594    834.2 K
avl_node (  32)           48460       8462      39998   1249.9 K

Memory report, 2 @ 20 = 40 megs (31.37 megs used).
List   1, length      21,      0.2 K
List   2, length      47,      0.7 K
List   3, length    1102,     25.8 K
List   4, length     705,     22.0 K
List   5, length    4628,    180.8 K
List   7, length     480,     26.2 K
List   8, length     437,     27.3 K
List   9, length       2,      0.1 K
List  14, length      35,      3.8 K
List  16, length     108,     13.5 K
List  32, length      37,      9.2 K
List  64, length     167,     83.5 K
List 128, length       2,      2.0 K
List 202, length       3,      4.7 K
List 256, length       5,     10.0 K

============================== SELECTOR REPORT =======================
Sos_deleted=112390, Sos_displaced=2333, Sos_size=19999
  SELECTOR       PART   PRIORITY      ORDER       SIZE   SELECTED
         I 2147483647       high        age          0         35
         H          1       high     weight          0          0
         A          1        low        age      19999        209
         F          4        low     weight      10919        835
         T          4        low     weight       9080        832
============================== end of selector report ================

============================== end of statistics =====================

Exiting with failure.

Process 10163 exit (SIGINT) Tue Mar 26 21:36:52 2013
