Paradox, version 3.0, 2008-07-29.
+++ PROBLEM: C:\Users\torsten\Documents\github\colore\ontologies\multidim_space_physcont\conversions\fullphyscont_full.all.tptp
Reading 'C:\Users\torsten\Documents\github\colore\ontologies\multidim_space_physcont\conversions\fullphyscont_full.all.tptp' ... OK
+++ SOLVING: C:\Users\torsten\Documents\github\colore\ontologies\multidim_space_physcont\conversions\fullphyscont_full.all.tptp
domain size 1
domain size 2
domain size 3
+++ BEGIN MODEL
SZS output start FiniteModel for C:\Users\torsten\Documents\github\colore\ontologies\multidim_space_physcont\conversions\fullphyscont_full.all.tptp
% domain size is 3
fof(domain, fi_domain,
  (![X] : (X = "1" | X = "2" | X = "3"))
).

fof(bcont, fi_predicates,
  ( bcont("1","1") <=> $false
  & bcont("1","2") <=> $false
  & bcont("1","3") <=> $false
  & bcont("2","1") <=> $true
  & bcont("2","2") <=> $false
  & bcont("2","3") <=> $false
  & bcont("3","1") <=> $false
  & bcont("3","2") <=> $false
  & bcont("3","3") <=> $false
  )
).

fof(c, fi_predicates,
  ( c("1","1") <=> $true
  & c("1","2") <=> $true
  & c("1","3") <=> $false
  & c("2","1") <=> $true
  & c("2","2") <=> $true
  & c("2","3") <=> $false
  & c("3","1") <=> $false
  & c("3","2") <=> $false
  & c("3","3") <=> $false
  )
).

fof(cavity, fi_predicates,
  ( cavity("1") <=> $false
  & cavity("2") <=> $false
  & cavity("3") <=> $false
  )
).

fof(ch, fi_functors,
  ( ch("1") = "1"
  & ch("2") = "2"
  & ch("3") = "3"
  )
).

fof(closed, fi_predicates,
  ( closed("1") <=> $false
  & closed("2") <=> $true
  & closed("3") <=> $true
  )
).

fof(complexv, fi_predicates,
  ( complexv("1") <=> $false
  & complexv("2") <=> $false
  & complexv("3") <=> $false
  )
).

fof(con, fi_predicates,
  ( con("1") <=> $true
  & con("2") <=> $true
  & con("3") <=> $true
  )
).

fof(conporespace, fi_functors,
  ( conporespace("1") = "3"
  & conporespace("2") = "3"
  & conporespace("3") = "3"
  )
).

fof(cont, fi_predicates,
  ( cont("1","1") <=> $true
  & cont("1","2") <=> $false
  & cont("1","3") <=> $false
  & cont("2","1") <=> $true
  & cont("2","2") <=> $true
  & cont("2","3") <=> $false
  & cont("3","1") <=> $false
  & cont("3","2") <=> $false
  & cont("3","3") <=> $false
  )
).

fof(convoidspace, fi_functors,
  ( convoidspace("1") = "3"
  & convoidspace("2") = "3"
  & convoidspace("3") = "3"
  )
).

fof(covers, fi_predicates,
  ( covers("1","1") <=> $false
  & covers("1","2") <=> $true
  & covers("1","3") <=> $false
  & covers("2","1") <=> $false
  & covers("2","2") <=> $false
  & covers("2","3") <=> $true
  & covers("3","1") <=> $false
  & covers("3","2") <=> $false
  & covers("3","3") <=> $false
  )
).

fof(cuni, fi_functors,
  ( cuni = "1"
  )
).

fof(dep, fi_predicates,
  ( dep("1","1") <=> $false
  & dep("1","2") <=> $false
  & dep("1","3") <=> $false
  & dep("2","1") <=> $false
  & dep("2","2") <=> $false
  & dep("2","3") <=> $false
  & dep("3","1") <=> $false
  & dep("3","2") <=> $false
  & dep("3","3") <=> $false
  )
).

fof(depcont, fi_predicates,
  ( depcont("1","1") <=> $false
  & depcont("1","2") <=> $false
  & depcont("1","3") <=> $false
  & depcont("2","1") <=> $false
  & depcont("2","2") <=> $false
  & depcont("2","3") <=> $false
  & depcont("3","1") <=> $false
  & depcont("3","2") <=> $false
  & depcont("3","3") <=> $false
  )
).

fof(depimmatcontains, fi_predicates,
  ( depimmatcontains("1","1") <=> $false
  & depimmatcontains("1","2") <=> $false
  & depimmatcontains("1","3") <=> $false
  & depimmatcontains("2","1") <=> $false
  & depimmatcontains("2","2") <=> $false
  & depimmatcontains("2","3") <=> $false
  & depimmatcontains("3","1") <=> $false
  & depimmatcontains("3","2") <=> $false
  & depimmatcontains("3","3") <=> $false
  )
).

fof(depmatcont, fi_predicates,
  ( depmatcont("1","1") <=> $false
  & depmatcont("1","2") <=> $false
  & depmatcont("1","3") <=> $false
  & depmatcont("2","1") <=> $false
  & depmatcont("2","2") <=> $false
  & depmatcont("2","3") <=> $false
  & depmatcont("3","1") <=> $false
  & depmatcont("3","2") <=> $false
  & depmatcont("3","3") <=> $false
  )
).

fof(detcont, fi_predicates,
  ( detcont("1","1") <=> $false
  & detcont("1","2") <=> $false
  & detcont("1","3") <=> $false
  & detcont("2","1") <=> $false
  & detcont("2","2") <=> $false
  & detcont("2","3") <=> $false
  & detcont("3","1") <=> $false
  & detcont("3","2") <=> $false
  & detcont("3","3") <=> $false
  )
).

fof(difference, fi_functors,
  ( difference("1","1") = "3"
  & difference("1","2") = "1"
  & difference("1","3") = "1"
  & difference("2","1") = "3"
  & difference("2","2") = "3"
  & difference("2","3") = "2"
  & difference("3","1") = "3"
  & difference("3","2") = "3"
  & difference("3","3") = "3"
  )
).

fof(dk1, fi_predicates,
  ( dk1("1","1") <=> $false
  & dk1("1","2") <=> $false
  & dk1("1","3") <=> $false
  & dk1("2","1") <=> $false
  & dk1("2","2") <=> $false
  & dk1("2","3") <=> $false
  & dk1("3","1") <=> $false
  & dk1("3","2") <=> $false
  & dk1("3","3") <=> $false
  )
).

fof(dpf, fi_predicates,
  ( dpf("1") <=> $false
  & dpf("2") <=> $false
  & dpf("3") <=> $false
  )
).

fof(enclosesmat, fi_predicates,
  ( enclosesmat("1","1") <=> $false
  & enclosesmat("1","2") <=> $false
  & enclosesmat("1","3") <=> $false
  & enclosesmat("2","1") <=> $false
  & enclosesmat("2","2") <=> $false
  & enclosesmat("2","3") <=> $false
  & enclosesmat("3","1") <=> $false
  & enclosesmat("3","2") <=> $false
  & enclosesmat("3","3") <=> $false
  )
).

fof(enclosesvoid, fi_predicates,
  ( enclosesvoid("1","1") <=> $false
  & enclosesvoid("1","2") <=> $false
  & enclosesvoid("1","3") <=> $false
  & enclosesvoid("2","1") <=> $false
  & enclosesvoid("2","2") <=> $false
  & enclosesvoid("2","3") <=> $false
  & enclosesvoid("3","1") <=> $false
  & enclosesvoid("3","2") <=> $false
  & enclosesvoid("3","3") <=> $false
  )
).

fof(eqdim, fi_predicates,
  ( eqdim("1","1") <=> $true
  & eqdim("1","2") <=> $false
  & eqdim("1","3") <=> $false
  & eqdim("2","1") <=> $false
  & eqdim("2","2") <=> $true
  & eqdim("2","3") <=> $false
  & eqdim("3","1") <=> $false
  & eqdim("3","2") <=> $false
  & eqdim("3","3") <=> $true
  )
).

fof(f, fi_predicates,
  ( f("1") <=> $false
  & f("2") <=> $false
  & f("3") <=> $false
  )
).

fof(fullphyscont, fi_predicates,
  ( fullphyscont("1","1") <=> $false
  & fullphyscont("1","2") <=> $false
  & fullphyscont("1","3") <=> $false
  & fullphyscont("2","1") <=> $false
  & fullphyscont("2","2") <=> $false
  & fullphyscont("2","3") <=> $false
  & fullphyscont("3","1") <=> $false
  & fullphyscont("3","2") <=> $false
  & fullphyscont("3","3") <=> $false
  )
).

fof(gap, fi_predicates,
  ( gap("1") <=> $false
  & gap("2") <=> $false
  & gap("3") <=> $false
  )
).

fof(geq, fi_predicates,
  ( geq("1","1") <=> $true
  & geq("1","2") <=> $true
  & geq("1","3") <=> $true
  & geq("2","1") <=> $false
  & geq("2","2") <=> $true
  & geq("2","3") <=> $true
  & geq("3","1") <=> $false
  & geq("3","2") <=> $false
  & geq("3","3") <=> $true
  )
).

fof(gt, fi_predicates,
  ( gt("1","1") <=> $false
  & gt("1","2") <=> $true
  & gt("1","3") <=> $true
  & gt("2","1") <=> $false
  & gt("2","2") <=> $false
  & gt("2","3") <=> $true
  & gt("3","1") <=> $false
  & gt("3","2") <=> $false
  & gt("3","3") <=> $false
  )
).

fof(hol, fi_predicates,
  ( hol("1") <=> $false
  & hol("2") <=> $false
  & hol("3") <=> $false
  )
).

fof(hole, fi_predicates,
  ( hole("1") <=> $false
  & hole("2") <=> $false
  & hole("3") <=> $false
  )
).

fof(hosts, fi_predicates,
  ( hosts("1","1") <=> $false
  & hosts("1","2") <=> $false
  & hosts("1","3") <=> $false
  & hosts("2","1") <=> $false
  & hosts("2","2") <=> $false
  & hosts("2","3") <=> $false
  & hosts("3","1") <=> $false
  & hosts("3","2") <=> $false
  & hosts("3","3") <=> $false
  )
).

fof(hostscavity, fi_predicates,
  ( hostscavity("1","1") <=> $false
  & hostscavity("1","2") <=> $false
  & hostscavity("1","3") <=> $false
  & hostscavity("2","1") <=> $false
  & hostscavity("2","2") <=> $false
  & hostscavity("2","3") <=> $false
  & hostscavity("3","1") <=> $false
  & hostscavity("3","2") <=> $false
  & hostscavity("3","3") <=> $false
  )
).

fof(hostscavityi, fi_predicates,
  ( hostscavityi("1","1") <=> $false
  & hostscavityi("1","2") <=> $false
  & hostscavityi("1","3") <=> $false
  & hostscavityi("2","1") <=> $false
  & hostscavityi("2","2") <=> $false
  & hostscavityi("2","3") <=> $false
  & hostscavityi("3","1") <=> $false
  & hostscavityi("3","2") <=> $false
  & hostscavityi("3","3") <=> $false
  )
).

fof(hostscavityt, fi_predicates,
  ( hostscavityt("1","1") <=> $false
  & hostscavityt("1","2") <=> $false
  & hostscavityt("1","3") <=> $false
  & hostscavityt("2","1") <=> $false
  & hostscavityt("2","2") <=> $false
  & hostscavityt("2","3") <=> $false
  & hostscavityt("3","1") <=> $false
  & hostscavityt("3","2") <=> $false
  & hostscavityt("3","3") <=> $false
  )
).

fof(hostsg, fi_predicates,
  ( hostsg("1","1") <=> $false
  & hostsg("1","2") <=> $false
  & hostsg("1","3") <=> $false
  & hostsg("2","1") <=> $false
  & hostsg("2","2") <=> $false
  & hostsg("2","3") <=> $false
  & hostsg("3","1") <=> $false
  & hostsg("3","2") <=> $false
  & hostsg("3","3") <=> $false
  )
).

fof(hostsh, fi_predicates,
  ( hostsh("1","1") <=> $false
  & hostsh("1","2") <=> $false
  & hostsh("1","3") <=> $false
  & hostsh("2","1") <=> $false
  & hostsh("2","2") <=> $false
  & hostsh("2","3") <=> $false
  & hostsh("3","1") <=> $false
  & hostsh("3","2") <=> $false
  & hostsh("3","3") <=> $false
  )
).

fof(hostshollow, fi_predicates,
  ( hostshollow("1","1") <=> $false
  & hostshollow("1","2") <=> $false
  & hostshollow("1","3") <=> $false
  & hostshollow("2","1") <=> $false
  & hostshollow("2","2") <=> $false
  & hostshollow("2","3") <=> $false
  & hostshollow("3","1") <=> $false
  & hostshollow("3","2") <=> $false
  & hostshollow("3","3") <=> $false
  )
).

fof(hoststunnel, fi_predicates,
  ( hoststunnel("1","1") <=> $false
  & hoststunnel("1","2") <=> $false
  & hoststunnel("1","3") <=> $false
  & hoststunnel("2","1") <=> $false
  & hoststunnel("2","2") <=> $false
  & hoststunnel("2","3") <=> $false
  & hoststunnel("3","1") <=> $false
  & hoststunnel("3","2") <=> $false
  & hoststunnel("3","3") <=> $false
  )
).

fof(hostsv, fi_predicates,
  ( hostsv("1","1") <=> $false
  & hostsv("1","2") <=> $false
  & hostsv("1","3") <=> $false
  & hostsv("2","1") <=> $false
  & hostsv("2","2") <=> $false
  & hostsv("2","3") <=> $false
  & hostsv("3","1") <=> $false
  & hostsv("3","2") <=> $false
  & hostsv("3","3") <=> $false
  )
).

fof(hostsv1, fi_predicates,
  ( hostsv1("1","1") <=> $true
  & hostsv1("1","2") <=> $false
  & hostsv1("1","3") <=> $false
  & hostsv1("2","1") <=> $false
  & hostsv1("2","2") <=> $false
  & hostsv1("2","3") <=> $false
  & hostsv1("3","1") <=> $false
  & hostsv1("3","2") <=> $false
  & hostsv1("3","3") <=> $false
  )
).

fof(hostsv2, fi_predicates,
  ( hostsv2("1","1") <=> $false
  & hostsv2("1","2") <=> $false
  & hostsv2("1","3") <=> $false
  & hostsv2("2","1") <=> $false
  & hostsv2("2","2") <=> $false
  & hostsv2("2","3") <=> $false
  & hostsv2("3","1") <=> $false
  & hostsv2("3","2") <=> $false
  & hostsv2("3","3") <=> $true
  )
).

fof(hostsv3, fi_predicates,
  ( hostsv3("1","1") <=> $false
  & hostsv3("1","2") <=> $false
  & hostsv3("1","3") <=> $false
  & hostsv3("2","1") <=> $false
  & hostsv3("2","2") <=> $true
  & hostsv3("2","3") <=> $false
  & hostsv3("3","1") <=> $false
  & hostsv3("3","2") <=> $false
  & hostsv3("3","3") <=> $false
  )
).

fof(hostsvany, fi_predicates,
  ( hostsvany("1","1") <=> $true
  & hostsvany("1","2") <=> $false
  & hostsvany("1","3") <=> $false
  & hostsvany("2","1") <=> $false
  & hostsvany("2","2") <=> $true
  & hostsvany("2","3") <=> $false
  & hostsvany("3","1") <=> $false
  & hostsvany("3","2") <=> $false
  & hostsvany("3","3") <=> $true
  )
).

fof(hostsve, fi_predicates,
  ( hostsve("1","1") <=> $false
  & hostsve("1","2") <=> $false
  & hostsve("1","3") <=> $false
  & hostsve("2","1") <=> $false
  & hostsve("2","2") <=> $false
  & hostsve("2","3") <=> $false
  & hostsve("3","1") <=> $false
  & hostsve("3","2") <=> $false
  & hostsve("3","3") <=> $false
  )
).

fof(hostsvi, fi_predicates,
  ( hostsvi("1","1") <=> $false
  & hostsvi("1","2") <=> $false
  & hostsvi("1","3") <=> $false
  & hostsvi("2","1") <=> $false
  & hostsvi("2","2") <=> $false
  & hostsvi("2","3") <=> $false
  & hostsvi("3","1") <=> $false
  & hostsvi("3","2") <=> $false
  & hostsvi("3","3") <=> $false
  )
).

fof(icon, fi_predicates,
  ( icon("1") <=> $true
  & icon("2") <=> $true
  & icon("3") <=> $true
  )
).

fof(icont, fi_predicates,
  ( icont("1","1") <=> $false
  & icont("1","2") <=> $false
  & icont("1","3") <=> $false
  & icont("2","1") <=> $false
  & icont("2","2") <=> $true
  & icont("2","3") <=> $false
  & icont("3","1") <=> $false
  & icont("3","2") <=> $false
  & icont("3","3") <=> $false
  )
).

fof(immatcont, fi_predicates,
  ( immatcont("1","1") <=> $false
  & immatcont("1","2") <=> $false
  & immatcont("1","3") <=> $false
  & immatcont("2","1") <=> $false
  & immatcont("2","2") <=> $false
  & immatcont("2","3") <=> $false
  & immatcont("3","1") <=> $false
  & immatcont("3","2") <=> $false
  & immatcont("3","3") <=> $false
  )
).

fof(inc, fi_predicates,
  ( inc("1","1") <=> $false
  & inc("1","2") <=> $true
  & inc("1","3") <=> $false
  & inc("2","1") <=> $true
  & inc("2","2") <=> $false
  & inc("2","3") <=> $false
  & inc("3","1") <=> $false
  & inc("3","2") <=> $false
  & inc("3","3") <=> $false
  )
).

fof(inside, fi_predicates,
  ( inside("1","1") <=> $false
  & inside("1","2") <=> $false
  & inside("1","3") <=> $false
  & inside("2","1") <=> $false
  & inside("2","2") <=> $false
  & inside("2","3") <=> $false
  & inside("3","1") <=> $false
  & inside("3","2") <=> $false
  & inside("3","3") <=> $false
  )
).

fof(intersection, fi_functors,
  ( intersection("1","1") = "1"
  & intersection("1","2") = "2"
  & intersection("1","3") = "3"
  & intersection("2","1") = "2"
  & intersection("2","2") = "2"
  & intersection("2","3") = "3"
  & intersection("3","1") = "3"
  & intersection("3","2") = "3"
  & intersection("3","3") = "3"
  )
).

fof(isurroundsmat, fi_predicates,
  ( isurroundsmat("1","1") <=> $false
  & isurroundsmat("1","2") <=> $false
  & isurroundsmat("1","3") <=> $false
  & isurroundsmat("2","1") <=> $false
  & isurroundsmat("2","2") <=> $false
  & isurroundsmat("2","3") <=> $false
  & isurroundsmat("3","1") <=> $false
  & isurroundsmat("3","2") <=> $false
  & isurroundsmat("3","3") <=> $false
  )
).

fof(isurroundsvoid, fi_predicates,
  ( isurroundsvoid("1","1") <=> $false
  & isurroundsvoid("1","2") <=> $false
  & isurroundsvoid("1","3") <=> $false
  & isurroundsvoid("2","1") <=> $false
  & isurroundsvoid("2","2") <=> $false
  & isurroundsvoid("2","3") <=> $false
  & isurroundsvoid("3","1") <=> $false
  & isurroundsvoid("3","2") <=> $false
  & isurroundsvoid("3","3") <=> $false
  )
).

fof(leq, fi_predicates,
  ( leq("1","1") <=> $true
  & leq("1","2") <=> $false
  & leq("1","3") <=> $false
  & leq("2","1") <=> $true
  & leq("2","2") <=> $true
  & leq("2","3") <=> $false
  & leq("3","1") <=> $true
  & leq("3","2") <=> $true
  & leq("3","3") <=> $true
  )
).

fof(lt, fi_predicates,
  ( lt("1","1") <=> $false
  & lt("1","2") <=> $false
  & lt("1","3") <=> $false
  & lt("2","1") <=> $true
  & lt("2","2") <=> $false
  & lt("2","3") <=> $false
  & lt("3","1") <=> $true
  & lt("3","2") <=> $true
  & lt("3","3") <=> $false
  )
).

fof(m, fi_predicates,
  ( m("1") <=> $false
  & m("2") <=> $false
  & m("3") <=> $false
  )
).

fof(mat, fi_predicates,
  ( mat("1") <=> $false
  & mat("2") <=> $false
  & mat("3") <=> $false
  )
).

fof(matcont, fi_predicates,
  ( matcont("1","1") <=> $false
  & matcont("1","2") <=> $false
  & matcont("1","3") <=> $false
  & matcont("2","1") <=> $false
  & matcont("2","2") <=> $false
  & matcont("2","3") <=> $false
  & matcont("3","1") <=> $false
  & matcont("3","2") <=> $false
  & matcont("3","3") <=> $false
  )
).

fof(matdep, fi_predicates,
  ( matdep("1","1") <=> $false
  & matdep("1","2") <=> $false
  & matdep("1","3") <=> $false
  & matdep("2","1") <=> $false
  & matdep("2","2") <=> $false
  & matdep("2","3") <=> $false
  & matdep("3","1") <=> $false
  & matdep("3","2") <=> $false
  & matdep("3","3") <=> $false
  )
).

fof(matfillsinside, fi_predicates,
  ( matfillsinside("1","1") <=> $false
  & matfillsinside("1","2") <=> $false
  & matfillsinside("1","3") <=> $false
  & matfillsinside("2","1") <=> $false
  & matfillsinside("2","2") <=> $false
  & matfillsinside("2","3") <=> $false
  & matfillsinside("3","1") <=> $false
  & matfillsinside("3","2") <=> $false
  & matfillsinside("3","3") <=> $false
  )
).

fof(matinside, fi_predicates,
  ( matinside("1","1") <=> $false
  & matinside("1","2") <=> $false
  & matinside("1","3") <=> $false
  & matinside("2","1") <=> $false
  & matinside("2","2") <=> $false
  & matinside("2","3") <=> $false
  & matinside("3","1") <=> $false
  & matinside("3","2") <=> $false
  & matinside("3","3") <=> $false
  )
).

fof(matsplitinside, fi_predicates,
  ( matsplitinside("1","1") <=> $false
  & matsplitinside("1","2") <=> $false
  & matsplitinside("1","3") <=> $false
  & matsplitinside("2","1") <=> $false
  & matsplitinside("2","2") <=> $false
  & matsplitinside("2","3") <=> $false
  & matsplitinside("3","1") <=> $false
  & matsplitinside("3","2") <=> $false
  & matsplitinside("3","3") <=> $false
  )
).

fof(max, fi_predicates,
  ( max("1") <=> $true
  & max("2") <=> $true
  & max("3") <=> $false
  )
).

fof(maxdim, fi_predicates,
  ( maxdim("1") <=> $true
  & maxdim("2") <=> $false
  & maxdim("3") <=> $false
  )
).

fof(min, fi_predicates,
  ( min("1") <=> $true
  & min("2") <=> $true
  & min("3") <=> $false
  )
).

fof(mindim, fi_predicates,
  ( mindim("1") <=> $false
  & mindim("2") <=> $true
  & mindim("3") <=> $false
  )
).

fof(napo, fi_predicates,
  ( ![X1] : napo(X1) <=> $false
  )
).

fof(op, fi_functors,
  ( op("1","1") = "2"
  & op("1","2") = "2"
  & op("1","3") = "2"
  & op("2","1") = "2"
  & op("2","2") = "1"
  & op("2","3") = "2"
  & op("3","1") = "2"
  & op("3","2") = "3"
  & op("3","3") = "2"
  )
).

fof(osurroundsmat, fi_predicates,
  ( osurroundsmat("1","1") <=> $false
  & osurroundsmat("1","2") <=> $false
  & osurroundsmat("1","3") <=> $false
  & osurroundsmat("2","1") <=> $false
  & osurroundsmat("2","2") <=> $false
  & osurroundsmat("2","3") <=> $false
  & osurroundsmat("3","1") <=> $false
  & osurroundsmat("3","2") <=> $false
  & osurroundsmat("3","3") <=> $false
  )
).

fof(osurroundsvoid, fi_predicates,
  ( osurroundsvoid("1","1") <=> $false
  & osurroundsvoid("1","2") <=> $false
  & osurroundsvoid("1","3") <=> $false
  & osurroundsvoid("2","1") <=> $false
  & osurroundsvoid("2","2") <=> $false
  & osurroundsvoid("2","3") <=> $false
  & osurroundsvoid("3","1") <=> $false
  & osurroundsvoid("3","2") <=> $false
  & osurroundsvoid("3","3") <=> $false
  )
).

fof(p, fi_predicates,
  ( p("1","1") <=> $true
  & p("1","2") <=> $false
  & p("1","3") <=> $false
  & p("2","1") <=> $false
  & p("2","2") <=> $true
  & p("2","3") <=> $false
  & p("3","1") <=> $false
  & p("3","2") <=> $false
  & p("3","3") <=> $false
  )
).

fof(ped, fi_predicates,
  ( ped("1") <=> $false
  & ped("2") <=> $false
  & ped("3") <=> $false
  )
).

fof(po, fi_predicates,
  ( po("1","1") <=> $true
  & po("1","2") <=> $false
  & po("1","3") <=> $false
  & po("2","1") <=> $false
  & po("2","2") <=> $true
  & po("2","3") <=> $false
  & po("3","1") <=> $false
  & po("3","2") <=> $false
  & po("3","3") <=> $false
  )
).

fof(pob, fi_predicates,
  ( pob("1") <=> $false
  & pob("2") <=> $false
  & pob("3") <=> $false
  )
).

fof(porespace, fi_functors,
  ( porespace("1") = "3"
  & porespace("2") = "3"
  & porespace("3") = "3"
  )
).

fof(pp, fi_predicates,
  ( pp("1","1") <=> $false
  & pp("1","2") <=> $false
  & pp("1","3") <=> $false
  & pp("2","1") <=> $false
  & pp("2","2") <=> $false
  & pp("2","3") <=> $false
  & pp("3","1") <=> $false
  & pp("3","2") <=> $false
  & pp("3","3") <=> $false
  )
).

fof(r, fi_functors,
  ( r("1") = "1"
  & r("2") = "2"
  & r("3") = "3"
  )
).

fof(rpf, fi_predicates,
  ( rpf("1") <=> $false
  & rpf("2") <=> $false
  & rpf("3") <=> $false
  )
).

fof(s, fi_predicates,
  ( s("1") <=> $true
  & s("2") <=> $true
  & s("3") <=> $true
  )
).

fof(sc, fi_predicates,
  ( sc("1","1") <=> $false
  & sc("1","2") <=> $false
  & sc("1","3") <=> $false
  & sc("2","1") <=> $false
  & sc("2","2") <=> $false
  & sc("2","3") <=> $false
  & sc("3","1") <=> $false
  & sc("3","2") <=> $false
  & sc("3","3") <=> $false
  )
).

fof(simplev, fi_predicates,
  ( simplev("1") <=> $false
  & simplev("2") <=> $false
  & simplev("3") <=> $false
  )
).

fof(strongc, fi_predicates,
  ( strongc("1","1") <=> $false
  & strongc("1","2") <=> $false
  & strongc("1","3") <=> $false
  & strongc("2","1") <=> $false
  & strongc("2","2") <=> $false
  & strongc("2","3") <=> $false
  & strongc("3","1") <=> $false
  & strongc("3","2") <=> $false
  & strongc("3","3") <=> $false
  )
).

fof(submat, fi_predicates,
  ( submat("1","1") <=> $false
  & submat("1","2") <=> $false
  & submat("1","3") <=> $false
  & submat("2","1") <=> $false
  & submat("2","2") <=> $false
  & submat("2","3") <=> $false
  & submat("3","1") <=> $false
  & submat("3","2") <=> $false
  & submat("3","3") <=> $false
  )
).

fof(submaterial, fi_predicates,
  ( submaterial("1","1") <=> $false
  & submaterial("1","2") <=> $false
  & submaterial("1","3") <=> $false
  & submaterial("2","1") <=> $false
  & submaterial("2","2") <=> $false
  & submaterial("2","3") <=> $false
  & submaterial("3","1") <=> $false
  & submaterial("3","2") <=> $false
  & submaterial("3","3") <=> $false
  )
).

fof(subvoid, fi_predicates,
  ( subvoid("1","1") <=> $false
  & subvoid("1","2") <=> $false
  & subvoid("1","3") <=> $false
  & subvoid("2","1") <=> $false
  & subvoid("2","2") <=> $false
  & subvoid("2","3") <=> $false
  & subvoid("3","1") <=> $false
  & subvoid("3","2") <=> $false
  & subvoid("3","3") <=> $false
  )
).

fof(sum, fi_functors,
  ( sum("1","1") = "1"
  & sum("1","2") = "1"
  & sum("1","3") = "1"
  & sum("2","1") = "1"
  & sum("2","2") = "2"
  & sum("2","3") = "2"
  & sum("3","1") = "1"
  & sum("3","2") = "2"
  & sum("3","3") = "3"
  )
).

fof(surrounds, fi_predicates,
  ( surrounds("1","1") <=> $false
  & surrounds("1","2") <=> $false
  & surrounds("1","3") <=> $false
  & surrounds("2","1") <=> $false
  & surrounds("2","2") <=> $false
  & surrounds("2","3") <=> $false
  & surrounds("3","1") <=> $false
  & surrounds("3","2") <=> $false
  & surrounds("3","3") <=> $false
  )
).

fof(surroundsmat, fi_predicates,
  ( surroundsmat("1","1") <=> $false
  & surroundsmat("1","2") <=> $false
  & surroundsmat("1","3") <=> $false
  & surroundsmat("2","1") <=> $false
  & surroundsmat("2","2") <=> $false
  & surroundsmat("2","3") <=> $false
  & surroundsmat("3","1") <=> $false
  & surroundsmat("3","2") <=> $false
  & surroundsmat("3","3") <=> $false
  )
).

fof(surroundsvoid, fi_predicates,
  ( surroundsvoid("1","1") <=> $false
  & surroundsvoid("1","2") <=> $false
  & surroundsvoid("1","3") <=> $false
  & surroundsvoid("2","1") <=> $false
  & surroundsvoid("2","2") <=> $false
  & surroundsvoid("2","3") <=> $false
  & surroundsvoid("3","1") <=> $false
  & surroundsvoid("3","2") <=> $false
  & surroundsvoid("3","3") <=> $false
  )
).

fof(tcont, fi_predicates,
  ( tcont("1","1") <=> $true
  & tcont("1","2") <=> $false
  & tcont("1","3") <=> $false
  & tcont("2","1") <=> $true
  & tcont("2","2") <=> $false
  & tcont("2","3") <=> $false
  & tcont("3","1") <=> $false
  & tcont("3","2") <=> $false
  & tcont("3","3") <=> $false
  )
).

fof(tsum, fi_predicates,
  ( tsum("1","1","1") <=> $true
  & tsum("1","1","2") <=> $false
  & tsum("1","1","3") <=> $false
  & tsum("1","2","1") <=> $true
  & tsum("1","2","2") <=> $false
  & tsum("1","2","3") <=> $false
  & tsum("1","3","1") <=> $true
  & tsum("1","3","2") <=> $false
  & tsum("1","3","3") <=> $false
  & tsum("2","1","1") <=> $true
  & tsum("2","1","2") <=> $false
  & tsum("2","1","3") <=> $false
  & tsum("2","2","1") <=> $false
  & tsum("2","2","2") <=> $true
  & tsum("2","2","3") <=> $false
  & tsum("2","3","1") <=> $false
  & tsum("2","3","2") <=> $true
  & tsum("2","3","3") <=> $false
  & tsum("3","1","1") <=> $true
  & tsum("3","1","2") <=> $false
  & tsum("3","1","3") <=> $false
  & tsum("3","2","1") <=> $false
  & tsum("3","2","2") <=> $true
  & tsum("3","2","3") <=> $false
  & tsum("3","3","1") <=> $false
  & tsum("3","3","2") <=> $false
  & tsum("3","3","3") <=> $true
  )
).

fof(tun, fi_predicates,
  ( tun("1") <=> $false
  & tun("2") <=> $false
  & tun("3") <=> $false
  )
).

fof(v, fi_predicates,
  ( v("1") <=> $false
  & v("2") <=> $false
  & v("3") <=> $false
  )
).

fof(voidinside, fi_predicates,
  ( voidinside("1","1") <=> $false
  & voidinside("1","2") <=> $false
  & voidinside("1","3") <=> $false
  & voidinside("2","1") <=> $false
  & voidinside("2","2") <=> $false
  & voidinside("2","3") <=> $false
  & voidinside("3","1") <=> $false
  & voidinside("3","2") <=> $false
  & voidinside("3","3") <=> $false
  )
).

fof(voidspace, fi_functors,
  ( voidspace("1") = "3"
  & voidspace("2") = "3"
  & voidspace("3") = "3"
  )
).

fof(voidspaceall, fi_functors,
  ( voidspaceall("1") = "1"
  & voidspaceall("2") = "2"
  & voidspaceall("3") = "3"
  )
).

fof(vs, fi_predicates,
  ( vs("1","1") <=> $false
  & vs("1","2") <=> $false
  & vs("1","3") <=> $false
  & vs("2","1") <=> $false
  & vs("2","2") <=> $false
  & vs("2","3") <=> $false
  & vs("3","1") <=> $false
  & vs("3","2") <=> $false
  & vs("3","3") <=> $false
  )
).

fof(zex, fi_predicates,
  ( zex("1") <=> $false
  & zex("2") <=> $false
  & zex("3") <=> $true
  )
).
SZS output end FiniteModel for C:\Users\torsten\Documents\github\colore\ontologies\multidim_space_physcont\conversions\fullphyscont_full.all.tptp
+++ END MODEL
+++ RESULT: Satisfiable
SZS status Satisfiable for C:\Users\torsten\Documents\github\colore\ontologies\multidim_space_physcont\conversions\fullphyscont_full.all.tptp
============================= C:\Reasoning\paradox3 ================================
execution finished: Thu Nov 08 19:23:15 2018
total CPU time used: 0
The command was "C:\Reasoning\paradox3 --time 600 --verbose 2 --model --tstp C:\Users\torsten\Documents\github\colore\ontologies\multidim_space_physcont\conversions\fullphyscont_full.all.tptp"
Input read from 
============================ end of footer ===========================
