============================== Mace4 =================================
Mace4 (64) version 2009-11A, November 2009.
Process 14324 was started by torsten on stl-ws2,
Mon Aug 27 16:05:19 2012
The command was "mace4 -c -t 600 -s 60 -n 2 -N 20 -f btw/p9/btw_basic.p9 btw//theorems/p9/btw_basic_theorems_3.p9".
============================== end of head ===========================

============================== INPUT =================================

% Reading from file btw/p9/btw_basic.p9


formulas(sos).
(all r all a all b all c (Btw(r,a,b,c) -> a != b & a != c & b != c)).
(all r all a all b all c (Btw(r,a,b,c) -> Btw(r,c,b,a))).
(all r all a all b all c (Btw(r,a,b,c) -> -Btw(r,a,c,b))).
(all r all a all b all x all y (Btw(r,x,a,b) & Btw(r,a,b,y) -> Btw(r,x,a,y))).
(all r all a all b all x all y (Btw(r,x,a,b) & Btw(r,a,y,b) -> Btw(r,x,a,y))).
end_of_list.

% Reading from file btw//theorems/p9/btw_basic_theorems_3.p9


formulas(goals).
(all r all a all b all c all x (Btw(r,a,x,b) & Btw(r,a,x,c) -> -Btw(r,b,x,c))).
end_of_list.

% From the command line: assign(max_seconds, 600).

% From the command line: assign(max_seconds_per, 60).
    % assign(domain_size, 2) -> assign(start_size, 2).
    % assign(domain_size, 2) -> assign(end_size, 2).

% From the command line: assign(domain_size, 2).

% From the command line: assign(end_size, 20).

============================== end of input ==========================

============================== PROCESS NON-CLAUSAL FORMULAS ==========

% Formulas that are not ordinary clauses:
1 (all r all a all b all c (Btw(r,a,b,c) -> a != b & a != c & b != c)) # label(non_clause).  [assumption].
2 (all r all a all b all c (Btw(r,a,b,c) -> Btw(r,c,b,a))) # label(non_clause).  [assumption].
3 (all r all a all b all c (Btw(r,a,b,c) -> -Btw(r,a,c,b))) # label(non_clause).  [assumption].
4 (all r all a all b all x all y (Btw(r,x,a,b) & Btw(r,a,b,y) -> Btw(r,x,a,y))) # label(non_clause).  [assumption].
5 (all r all a all b all x all y (Btw(r,x,a,b) & Btw(r,a,y,b) -> Btw(r,x,a,y))) # label(non_clause).  [assumption].
6 (all r all a all b all c all x (Btw(r,a,x,b) & Btw(r,a,x,c) -> -Btw(r,b,x,c))) # label(non_clause) # label(goal).  [goal].

============================== end of process non-clausal formulas ===

============================== CLAUSES FOR SEARCH ====================

formulas(mace4_clauses).
-Btw(x,y,z,u) | z != y.
-Btw(x,y,z,u) | u != y.
-Btw(x,y,z,u) | u != z.
-Btw(x,y,z,u) | Btw(x,u,z,y).
-Btw(x,y,z,u) | -Btw(x,y,u,z).
-Btw(x,y,z,u) | -Btw(x,z,u,w) | Btw(x,y,z,w).
-Btw(x,y,z,u) | -Btw(x,z,w,u) | Btw(x,y,z,w).
Btw(c1,c2,c5,c3).
Btw(c1,c2,c5,c4).
Btw(c1,c3,c5,c4).
end_of_list.

============================== end of clauses for search =============

% There are no natural numbers in the input.

============================== DOMAIN SIZE 2 =========================

============================== STATISTICS ============================

For domain size 2.

Current CPU time: 0.00 seconds (total CPU time: 0.01 seconds).
Ground clauses: seen=147, kept=19.
Selections=4, assignments=7, propagations=20, current_models=0.
Rewrite_terms=15, rewrite_bools=16, indexes=0.
Rules_from_neg_clauses=4, cross_offs=4.

============================== end of statistics =====================

============================== DOMAIN SIZE 3 =========================

============================== STATISTICS ============================

For domain size 3.

Current CPU time: 0.00 seconds (total CPU time: 0.01 seconds).
Ground clauses: seen=894, kept=138.
Selections=4, assignments=8, propagations=89, current_models=0.
Rewrite_terms=29, rewrite_bools=186, indexes=3.
Rules_from_neg_clauses=8, cross_offs=16.

============================== end of statistics =====================

============================== DOMAIN SIZE 4 =========================

============================== MODEL =================================

interpretation( 4, [number=1, seconds=0], [

        function(c1, [ 0 ]),

        function(c2, [ 0 ]),

        function(c3, [ 1 ]),

        function(c4, [ 3 ]),

        function(c5, [ 2 ]),

        relation(Btw(_,_,_,_), [
			   0, 0, 0, 0,
			   0, 0, 0, 0,
			   0, 1, 0, 1,
			   0, 0, 0, 0,
			   0, 0, 0, 0,
			   0, 0, 0, 0,
			   1, 0, 0, 1,
			   0, 0, 0, 0,
			   0, 0, 0, 0,
			   0, 0, 0, 0,
			   0, 0, 0, 0,
			   0, 0, 0, 0,
			   0, 0, 0, 0,
			   0, 0, 0, 0,
			   1, 1, 0, 0,
			   0, 0, 0, 0,
			   0, 0, 0, 0,
			   0, 0, 0, 0,
			   0, 0, 0, 0,
			   0, 0, 0, 0,
			   0, 0, 0, 0,
			   0, 0, 0, 0,
			   0, 0, 0, 0,
			   0, 0, 0, 0,
			   0, 0, 0, 0,
			   0, 0, 0, 0,
			   0, 0, 0, 0,
			   0, 0, 0, 0,
			   0, 0, 0, 0,
			   0, 0, 0, 0,
			   0, 0, 0, 0,
			   0, 0, 0, 0,
			   0, 0, 0, 0,
			   0, 0, 0, 0,
			   0, 0, 0, 0,
			   0, 0, 0, 0,
			   0, 0, 0, 0,
			   0, 0, 0, 0,
			   0, 0, 0, 0,
			   0, 0, 0, 0,
			   0, 0, 0, 0,
			   0, 0, 0, 0,
			   0, 0, 0, 0,
			   0, 0, 0, 0,
			   0, 0, 0, 0,
			   0, 0, 0, 0,
			   0, 0, 0, 0,
			   0, 0, 0, 0,
			   0, 0, 0, 0,
			   0, 0, 0, 0,
			   0, 0, 0, 0,
			   0, 0, 0, 0,
			   0, 0, 0, 0,
			   0, 0, 0, 0,
			   0, 0, 0, 0,
			   0, 0, 0, 0,
			   0, 0, 0, 0,
			   0, 0, 0, 0,
			   0, 0, 0, 0,
			   0, 0, 0, 0,
			   0, 0, 0, 0,
			   0, 0, 0, 0,
			   0, 0, 0, 0,
			   0, 0, 0, 0 ])
]).

============================== end of model ==========================

============================== STATISTICS ============================

For domain size 4.

Current CPU time: 0.00 seconds (total CPU time: 0.01 seconds).
Ground clauses: seen=3331, kept=739.
Selections=40, assignments=43, propagations=222, current_models=1.
Rewrite_terms=20, rewrite_bools=901, indexes=3.
Rules_from_neg_clauses=2, cross_offs=8.

============================== end of statistics =====================

User_CPU=0.01, System_CPU=0.00, Wall_clock=0.

Exiting with 1 model.

Process 14324 exit (max_models) Mon Aug 27 16:05:19 2012
The process finished Mon Aug 27 16:05:19 2012
