============================== Mace4 =================================
Mace4 (64) version 2009-11A, November 2009.
Process 30107 was started by torsten on scotus.mie.utoronto.ca,
Tue Sep  4 01:03:49 2012
The command was "mace4 -c -t 600 -s 60 -n 2 -N 20 -f codib//consistency/p9/codi_bcont_nontrivial.p9 codib/p9/codi_bcont.p9 codi//defs/p9/epp.p9 codi/p9/codi.p9 codi//defs/p9/min_max_in_dim.p9 codi//defs/p9/po.p9 codi//defs/p9/inc.p9 codi//defs/p9/sc.p9 codi//theorems/p9/po_theorems.p9 codi//theorems/p9/inc_theorems.p9 codi//theorems/p9/sc_theorems.p9 codi//defs/p9/ep.p9 codi/p9/codi_linear.p9 cont/p9/cont_c.p9 codi/p9/codi_basic.p9 dim/p9/dim_prime_linear.p9 cont/p9/cont_basic.p9 dim/p9/dim_basic.p9 cont/p9/cont_ext.p9 dim/p9/dim_prime_linear_unbounded.p9".
============================== end of head ===========================

============================== INPUT =================================

% Reading from file codib//consistency/p9/codi_bcont_nontrivial.p9


formulas(sos).
(exists x exists y exists v exists z (P(x,v) & P(y,v) & Cont(z,x) & Cont(z,y) & SC(x,y) & Covers(v,z) & Min(x) & Min(y))).
end_of_list.

% Reading from file codib/p9/codi_bcont.p9


formulas(sos).
(all x all y (BCont(x,y) -> Cont(x,y) & Inc(x,y))).
(all x all y all v all z (SC(x,y) & Min(x) & P(x,v) & Cont(y,v) & Cont(z,x) & Cont(z,y) -> BCont(z,x))).
(all x all y all z all v (SC(x,y) & P(x,v) & P(y,v) & Cont(z,x) & Cont(z,y) & Covers(v,z) -> -BCont(z,v))).
(all x all y all z (BCont(x,y) & P(y,z) & (all v all w (P(v,z) & -PO(v,y) & P(w,x) -> -Cont(w,v))) -> BCont(x,z))).
(all x all y all z (BCont(x,y) & Cont(z,x) -> BCont(z,y))).
end_of_list.

% Reading from file codi//defs/p9/epp.p9


formulas(sos).
(all x all y (PP(x,y) <-> P(x,y) & x != y)).
end_of_list.

% Reading from file codi/p9/codi.p9


formulas(sos).
end_of_list.

% Reading from file codi//defs/p9/min_max_in_dim.p9


formulas(sos).
(all x (Max(x) <-> -ZEX(x) & (all y -PP(x,y)))).
(all x (Min(x) <-> -ZEX(x) & (all y -PP(y,x)))).
end_of_list.

% Reading from file codi//defs/p9/po.p9


formulas(sos).
(all x all y (PO(x,y) <-> (exists z (P(z,x) & P(z,y))))).
end_of_list.

% Reading from file codi//defs/p9/inc.p9


formulas(sos).
(all x all y (Inc(x,y) <-> (exists z (z < x & Cont(z,x) & P(z,y))) | (exists z (z < y & Cont(z,y) & P(z,x))))).
end_of_list.

% Reading from file codi//defs/p9/sc.p9


formulas(sos).
(all x all y (SC(x,y) <-> (exists z (Cont(z,x) & Cont(z,y))) & (all z (Cont(z,x) & Cont(z,y) -> z < x & z < y)))).
end_of_list.

% Reading from file codi//theorems/p9/po_theorems.p9


formulas(sos).
(all x (-ZEX(x) -> PO(x,x))).
(all x all y (PO(x,y) -> PO(y,x))).
(all x all y (PO(x,y) -> EqDim(x,y))).
end_of_list.

% Reading from file codi//theorems/p9/inc_theorems.p9


formulas(sos).
(all x -Inc(x,x)).
(all x all y (Inc(x,y) -> Inc(y,x))).
(all x all y (EqDim(x,y) -> -Inc(x,y))).
(all x all y (Inc(x,y) -> x < y | y < x)).
(all x all y (Cont(x,y) & x < y -> Inc(x,y))).
(all x all y all z (Inc(x,y) & P(y,z) -> Inc(x,z))).
end_of_list.

% Reading from file codi//theorems/p9/sc_theorems.p9


formulas(sos).
(all x all y (SC(x,y) -> C(x,y))).
(all x all y (SC(x,y) -> -(exists z (Cont(z,x) & P(z,y))))).
(all x all y (SC(x,y) -> -(exists z (P(z,x) & Cont(z,y))))).
(all x all y (C(x,y) & (all z (-Cont(z,x) | -Cont(z,y) | -P(z,x) & -P(z,y))) -> SC(x,y))).
(all x -SC(x,x)).
(all x all y (SC(x,y) -> SC(y,x))).
(all x all y (SC(x,y) -> (exists z (z < x & z < y & Cont(z,x) & Cont(z,y))))).
end_of_list.

% Reading from file codi//defs/p9/ep.p9


formulas(sos).
(all x all y (P(x,y) <-> Cont(x,y) & EqDim(x,y))).
end_of_list.

% Reading from file codi/p9/codi_linear.p9


formulas(sos).
(all x all y (Cont(x,y) -> x < y | EqDim(x,y))).
end_of_list.

% Reading from file cont/p9/cont_c.p9


formulas(sos).
(all x all y (C(x,y) <-> (exists z (Cont(z,x) & Cont(z,y))))).
end_of_list.

% Reading from file codi/p9/codi_basic.p9


formulas(sos).
(all x all y (Cont(x,y) -> x < y | EqDim(x,y))).
end_of_list.

% Reading from file dim/p9/dim_prime_linear.p9


formulas(sos).
(exists x MinDim(x)).
end_of_list.

% Reading from file cont/p9/cont_basic.p9


formulas(sos).
(all x (-ZEX(x) <-> Cont(x,x))).
(all x all y (Cont(x,y) & Cont(y,x) -> x = y)).
(all x all y all z (Cont(x,y) & Cont(y,z) -> Cont(x,z))).
(all x all y (ZEX(x) -> -Cont(y,x) & -Cont(x,y))).
(all x all y (ZEX(x) & ZEX(y) -> x = y)).
end_of_list.

% Reading from file dim/p9/dim_basic.p9


formulas(sos).
(all x -(x < x)).
(all x all y (x < y -> -(y < x))).
(all x all y all z (x < y & y < z -> x < z)).
(all x EqDim(x,x)).
(all x all y (EqDim(x,y) -> EqDim(y,x))).
(all x all y all z (EqDim(x,y) & EqDim(y,z) -> EqDim(x,z))).
(all x all y (x < y -> -EqDim(x,y))).
(all x all y all z (EqDim(x,y) -> (z < x -> z < y))).
(all x all y all z (EqDim(x,y) -> (x < z -> y < z))).
(exists x (-ZEX(x) & (all y (y < x -> ZEX(y))))).
(all x all y (ZEX(x) & ZEX(y) -> x = y)).
(all x all y (ZEX(x) & -ZEX(y) -> x < y)).
end_of_list.

% Reading from file cont/p9/cont_ext.p9


formulas(sos).
(all x all y ((all z (Cont(z,x) <-> Cont(z,y))) -> x = y)).
end_of_list.

% Reading from file dim/p9/dim_prime_linear_unbounded.p9


formulas(sos).
(all x -(x < x)).
(all x all y (x < y -> -(y < x))).
(all x all y all z (x < y & y <= z -> x < z)).
(all x all y (ZEX(x) & ZEX(y) -> x = y)).
(all x all y (ZEX(x) & -ZEX(y) -> x < y)).
(all x all y (EqDim(x,y) <-> -(x < y) & -(y < x))).
(all x all y (x <= y <-> x < y | EqDim(x,y))).
(all x (MaxDim(x) <-> (all y y <= x))).
(all x (MinDim(x) <-> -ZEX(x) & (all y (y < x -> ZEX(y))))).
(all x all y (Covers(x,y) <-> y < x & (all z -(y < z & z < x)))).
end_of_list.

% From the command line: assign(max_seconds, 600).

% From the command line: assign(max_seconds_per, 60).
    % assign(domain_size, 2) -> assign(start_size, 2).
    % assign(domain_size, 2) -> assign(end_size, 2).

% From the command line: assign(domain_size, 2).

% From the command line: assign(end_size, 20).

============================== end of input ==========================

============================== PROCESS NON-CLAUSAL FORMULAS ==========

% Formulas that are not ordinary clauses:
1 (exists x exists y exists v exists z (P(x,v) & P(y,v) & Cont(z,x) & Cont(z,y) & SC(x,y) & Covers(v,z) & Min(x) & Min(y))) # label(non_clause).  [assumption].
2 (all x all y (BCont(x,y) -> Cont(x,y) & Inc(x,y))) # label(non_clause).  [assumption].
3 (all x all y all v all z (SC(x,y) & Min(x) & P(x,v) & Cont(y,v) & Cont(z,x) & Cont(z,y) -> BCont(z,x))) # label(non_clause).  [assumption].
4 (all x all y all z all v (SC(x,y) & P(x,v) & P(y,v) & Cont(z,x) & Cont(z,y) & Covers(v,z) -> -BCont(z,v))) # label(non_clause).  [assumption].
5 (all x all y all z (BCont(x,y) & P(y,z) & (all v all w (P(v,z) & -PO(v,y) & P(w,x) -> -Cont(w,v))) -> BCont(x,z))) # label(non_clause).  [assumption].
6 (all x all y all z (BCont(x,y) & Cont(z,x) -> BCont(z,y))) # label(non_clause).  [assumption].
7 (all x all y (PP(x,y) <-> P(x,y) & x != y)) # label(non_clause).  [assumption].
8 (all x (Max(x) <-> -ZEX(x) & (all y -PP(x,y)))) # label(non_clause).  [assumption].
9 (all x (Min(x) <-> -ZEX(x) & (all y -PP(y,x)))) # label(non_clause).  [assumption].
10 (all x all y (PO(x,y) <-> (exists z (P(z,x) & P(z,y))))) # label(non_clause).  [assumption].
11 (all x all y (Inc(x,y) <-> (exists z (z < x & Cont(z,x) & P(z,y))) | (exists z (z < y & Cont(z,y) & P(z,x))))) # label(non_clause).  [assumption].
12 (all x all y (SC(x,y) <-> (exists z (Cont(z,x) & Cont(z,y))) & (all z (Cont(z,x) & Cont(z,y) -> z < x & z < y)))) # label(non_clause).  [assumption].
13 (all x (-ZEX(x) -> PO(x,x))) # label(non_clause).  [assumption].
14 (all x all y (PO(x,y) -> PO(y,x))) # label(non_clause).  [assumption].
15 (all x all y (PO(x,y) -> EqDim(x,y))) # label(non_clause).  [assumption].
16 (all x -Inc(x,x)) # label(non_clause).  [assumption].
17 (all x all y (Inc(x,y) -> Inc(y,x))) # label(non_clause).  [assumption].
18 (all x all y (EqDim(x,y) -> -Inc(x,y))) # label(non_clause).  [assumption].
19 (all x all y (Inc(x,y) -> x < y | y < x)) # label(non_clause).  [assumption].
20 (all x all y (Cont(x,y) & x < y -> Inc(x,y))) # label(non_clause).  [assumption].
21 (all x all y all z (Inc(x,y) & P(y,z) -> Inc(x,z))) # label(non_clause).  [assumption].
22 (all x all y (SC(x,y) -> C(x,y))) # label(non_clause).  [assumption].
23 (all x all y (SC(x,y) -> -(exists z (Cont(z,x) & P(z,y))))) # label(non_clause).  [assumption].
24 (all x all y (SC(x,y) -> -(exists z (P(z,x) & Cont(z,y))))) # label(non_clause).  [assumption].
25 (all x all y (C(x,y) & (all z (-Cont(z,x) | -Cont(z,y) | -P(z,x) & -P(z,y))) -> SC(x,y))) # label(non_clause).  [assumption].
26 (all x -SC(x,x)) # label(non_clause).  [assumption].
27 (all x all y (SC(x,y) -> SC(y,x))) # label(non_clause).  [assumption].
28 (all x all y (SC(x,y) -> (exists z (z < x & z < y & Cont(z,x) & Cont(z,y))))) # label(non_clause).  [assumption].
29 (all x all y (P(x,y) <-> Cont(x,y) & EqDim(x,y))) # label(non_clause).  [assumption].
30 (all x all y (Cont(x,y) -> x < y | EqDim(x,y))) # label(non_clause).  [assumption].
31 (all x all y (C(x,y) <-> (exists z (Cont(z,x) & Cont(z,y))))) # label(non_clause).  [assumption].
32 (all x all y (Cont(x,y) -> x < y | EqDim(x,y))) # label(non_clause).  [assumption].
33 (exists x MinDim(x)) # label(non_clause).  [assumption].
34 (all x (-ZEX(x) <-> Cont(x,x))) # label(non_clause).  [assumption].
35 (all x all y (Cont(x,y) & Cont(y,x) -> x = y)) # label(non_clause).  [assumption].
36 (all x all y all z (Cont(x,y) & Cont(y,z) -> Cont(x,z))) # label(non_clause).  [assumption].
37 (all x all y (ZEX(x) -> -Cont(y,x) & -Cont(x,y))) # label(non_clause).  [assumption].
38 (all x all y (ZEX(x) & ZEX(y) -> x = y)) # label(non_clause).  [assumption].
39 (all x -(x < x)) # label(non_clause).  [assumption].
40 (all x all y (x < y -> -(y < x))) # label(non_clause).  [assumption].
41 (all x all y all z (x < y & y < z -> x < z)) # label(non_clause).  [assumption].
42 (all x EqDim(x,x)) # label(non_clause).  [assumption].
43 (all x all y (EqDim(x,y) -> EqDim(y,x))) # label(non_clause).  [assumption].
44 (all x all y all z (EqDim(x,y) & EqDim(y,z) -> EqDim(x,z))) # label(non_clause).  [assumption].
45 (all x all y (x < y -> -EqDim(x,y))) # label(non_clause).  [assumption].
46 (all x all y all z (EqDim(x,y) -> (z < x -> z < y))) # label(non_clause).  [assumption].
47 (all x all y all z (EqDim(x,y) -> (x < z -> y < z))) # label(non_clause).  [assumption].
48 (exists x (-ZEX(x) & (all y (y < x -> ZEX(y))))) # label(non_clause).  [assumption].
49 (all x all y (ZEX(x) & ZEX(y) -> x = y)) # label(non_clause).  [assumption].
50 (all x all y (ZEX(x) & -ZEX(y) -> x < y)) # label(non_clause).  [assumption].
51 (all x all y ((all z (Cont(z,x) <-> Cont(z,y))) -> x = y)) # label(non_clause).  [assumption].
52 (all x -(x < x)) # label(non_clause).  [assumption].
53 (all x all y (x < y -> -(y < x))) # label(non_clause).  [assumption].
54 (all x all y all z (x < y & y <= z -> x < z)) # label(non_clause).  [assumption].
55 (all x all y (ZEX(x) & ZEX(y) -> x = y)) # label(non_clause).  [assumption].
56 (all x all y (ZEX(x) & -ZEX(y) -> x < y)) # label(non_clause).  [assumption].
57 (all x all y (EqDim(x,y) <-> -(x < y) & -(y < x))) # label(non_clause).  [assumption].
58 (all x all y (x <= y <-> x < y | EqDim(x,y))) # label(non_clause).  [assumption].
59 (all x (MaxDim(x) <-> (all y y <= x))) # label(non_clause).  [assumption].
60 (all x (MinDim(x) <-> -ZEX(x) & (all y (y < x -> ZEX(y))))) # label(non_clause).  [assumption].
61 (all x all y (Covers(x,y) <-> y < x & (all z -(y < z & z < x)))) # label(non_clause).  [assumption].

============================== end of process non-clausal formulas ===

============================== CLAUSES FOR SEARCH ====================

formulas(mace4_clauses).
P(c1,c3).
P(c2,c3).
Cont(c4,c1).
Cont(c4,c2).
SC(c1,c2).
Covers(c3,c4).
Min(c1).
Min(c2).
-BCont(x,y) | Cont(x,y).
-BCont(x,y) | Inc(x,y).
-SC(x,y) | -Min(x) | -P(x,z) | -Cont(y,z) | -Cont(u,x) | -Cont(u,y) | BCont(u,x).
-SC(x,y) | -P(x,z) | -P(y,z) | -Cont(u,x) | -Cont(u,y) | -Covers(z,u) | -BCont(u,z).
-BCont(x,y) | -P(y,z) | P(f1(x,y,z),z) | BCont(x,z).
-BCont(x,y) | -P(y,z) | -PO(f1(x,y,z),y) | BCont(x,z).
-BCont(x,y) | -P(y,z) | P(f2(x,y,z),x) | BCont(x,z).
-BCont(x,y) | -P(y,z) | Cont(f2(x,y,z),f1(x,y,z)) | BCont(x,z).
-BCont(x,y) | -Cont(z,x) | BCont(z,y).
-PP(x,y) | P(x,y).
-PP(x,y) | y != x.
PP(x,y) | -P(x,y) | y = x.
-Max(x) | -ZEX(x).
-Max(x) | -PP(x,y).
Max(x) | ZEX(x) | PP(x,f3(x)).
-Min(x) | -ZEX(x).
-Min(x) | -PP(y,x).
Min(x) | ZEX(x) | PP(f4(x),x).
-PO(x,y) | P(f5(x,y),x).
-PO(x,y) | P(f5(x,y),y).
PO(x,y) | -P(z,x) | -P(z,y).
-Inc(x,y) | f6(x,y) < x | f7(x,y) < y.
-Inc(x,y) | f6(x,y) < x | Cont(f7(x,y),y).
-Inc(x,y) | f6(x,y) < x | P(f7(x,y),x).
-Inc(x,y) | Cont(f6(x,y),x) | f7(x,y) < y.
-Inc(x,y) | Cont(f6(x,y),x) | Cont(f7(x,y),y).
-Inc(x,y) | Cont(f6(x,y),x) | P(f7(x,y),x).
-Inc(x,y) | P(f6(x,y),y) | f7(x,y) < y.
-Inc(x,y) | P(f6(x,y),y) | Cont(f7(x,y),y).
-Inc(x,y) | P(f6(x,y),y) | P(f7(x,y),x).
Inc(x,y) | -(z < x) | -Cont(z,x) | -P(z,y).
Inc(x,y) | -(z < y) | -Cont(z,y) | -P(z,x).
-SC(x,y) | Cont(f8(x,y),x).
-SC(x,y) | Cont(f8(x,y),y).
-SC(x,y) | -Cont(z,x) | -Cont(z,y) | z < x.
-SC(x,y) | -Cont(z,x) | -Cont(z,y) | z < y.
SC(x,y) | -Cont(z,x) | -Cont(z,y) | Cont(f9(x,y),x).
SC(x,y) | -Cont(z,x) | -Cont(z,y) | Cont(f9(x,y),y).
SC(x,y) | -Cont(z,x) | -Cont(z,y) | -(f9(x,y) < x) | -(f9(x,y) < y).
ZEX(x) | PO(x,x).
-PO(x,y) | PO(y,x).
-PO(x,y) | EqDim(x,y).
-Inc(x,x).
-Inc(x,y) | Inc(y,x).
-EqDim(x,y) | -Inc(x,y).
-Inc(x,y) | x < y | y < x.
-Cont(x,y) | -(x < y) | Inc(x,y).
-Inc(x,y) | -P(y,z) | Inc(x,z).
-SC(x,y) | C(x,y).
-SC(x,y) | -Cont(z,x) | -P(z,y).
-SC(x,y) | -P(z,x) | -Cont(z,y).
-C(x,y) | Cont(f10(x,y),x) | SC(x,y).
-C(x,y) | Cont(f10(x,y),y) | SC(x,y).
-C(x,y) | P(f10(x,y),x) | P(f10(x,y),y) | SC(x,y).
-SC(x,x).
-SC(x,y) | SC(y,x).
-SC(x,y) | f11(x,y) < x.
-SC(x,y) | f11(x,y) < y.
-SC(x,y) | Cont(f11(x,y),x).
-SC(x,y) | Cont(f11(x,y),y).
-P(x,y) | Cont(x,y).
-P(x,y) | EqDim(x,y).
P(x,y) | -Cont(x,y) | -EqDim(x,y).
-Cont(x,y) | x < y | EqDim(x,y).
-C(x,y) | Cont(f12(x,y),x).
-C(x,y) | Cont(f12(x,y),y).
C(x,y) | -Cont(z,x) | -Cont(z,y).
-Cont(x,y) | x < y | EqDim(x,y).
MinDim(c5).
ZEX(x) | Cont(x,x).
-ZEX(x) | -Cont(x,x).
-Cont(x,y) | -Cont(y,x) | y = x.
-Cont(x,y) | -Cont(y,z) | Cont(x,z).
-ZEX(x) | -Cont(y,x).
-ZEX(x) | -Cont(x,y).
-ZEX(x) | -ZEX(y) | y = x.
-(x < x).
-(x < y) | -(y < x).
-(x < y) | -(y < z) | x < z.
EqDim(x,x).
-EqDim(x,y) | EqDim(y,x).
-EqDim(x,y) | -EqDim(y,z) | EqDim(x,z).
-(x < y) | -EqDim(x,y).
-EqDim(x,y) | -(z < x) | z < y.
-EqDim(x,y) | -(x < z) | y < z.
-ZEX(c6).
-(x < c6) | ZEX(x).
-ZEX(x) | -ZEX(y) | y = x.
-ZEX(x) | ZEX(y) | x < y.
Cont(f13(x,y),x) | Cont(f13(x,y),y) | y = x.
-Cont(f13(x,y),x) | -Cont(f13(x,y),y) | y = x.
-(x < x).
-(x < y) | -(y < x).
-(x < y) | -(y <= z) | x < z.
-ZEX(x) | -ZEX(y) | y = x.
-ZEX(x) | ZEX(y) | x < y.
-EqDim(x,y) | -(x < y).
-EqDim(x,y) | -(y < x).
EqDim(x,y) | x < y | y < x.
-(x <= y) | x < y | EqDim(x,y).
x <= y | -(x < y).
x <= y | -EqDim(x,y).
-MaxDim(x) | y <= x.
MaxDim(x) | -(f14(x) <= x).
-MinDim(x) | -ZEX(x).
-MinDim(x) | -(y < x) | ZEX(y).
MinDim(x) | ZEX(x) | f15(x) < x.
MinDim(x) | ZEX(x) | -ZEX(f15(x)).
-Covers(x,y) | y < x.
-Covers(x,y) | -(y < z) | -(z < x).
Covers(x,y) | -(y < x) | y < f16(x,y).
Covers(x,y) | -(y < x) | f16(x,y) < x.
end_of_list.

============================== end of clauses for search =============

% There are no natural numbers in the input.

============================== DOMAIN SIZE 2 =========================

============================== STATISTICS ============================

For domain size 2.

Current CPU time: 0.00 seconds (total CPU time: 0.01 seconds).
Ground clauses: seen=536, kept=438.
Selections=1, assignments=1, propagations=26, current_models=0.
Rewrite_terms=11, rewrite_bools=261, indexes=5.
Rules_from_neg_clauses=2, cross_offs=2.

============================== end of statistics =====================

============================== DOMAIN SIZE 3 =========================

============================== STATISTICS ============================

For domain size 3.

Current CPU time: 0.00 seconds (total CPU time: 0.02 seconds).
Ground clauses: seen=1474, kept=1294.
Selections=2, assignments=3, propagations=74, current_models=0.
Rewrite_terms=25, rewrite_bools=969, indexes=7.
Rules_from_neg_clauses=8, cross_offs=21.

============================== end of statistics =====================

============================== DOMAIN SIZE 4 =========================

============================== MODEL =================================

interpretation( 4, [number=1, seconds=0], [

        function(c1, [ 0 ]),

        function(c2, [ 1 ]),

        function(c3, [ 2 ]),

        function(c4, [ 3 ]),

        function(c5, [ 3 ]),

        function(c6, [ 3 ]),

        function(f3(_), [ 2, 2, 0, 0 ]),

        function(f4(_), [ 0, 0, 0, 0 ]),

        function(f14(_), [ 0, 0, 0, 0 ]),

        function(f15(_), [ 3, 3, 3, 0 ]),

        function(f5(_,_), [
			   0, 0, 0, 0,
			   0, 1, 1, 0,
			   0, 1, 0, 0,
			   0, 0, 0, 3 ]),

        function(f6(_,_), [
			   0, 0, 0, 3,
			   0, 0, 0, 3,
			   0, 0, 0, 3,
			   0, 0, 0, 0 ]),

        function(f7(_,_), [
			   0, 0, 0, 0,
			   0, 0, 0, 0,
			   0, 0, 0, 0,
			   3, 3, 3, 0 ]),

        function(f8(_,_), [
			   0, 3, 0, 0,
			   3, 0, 0, 0,
			   0, 0, 0, 0,
			   0, 0, 0, 0 ]),

        function(f9(_,_), [
			   0, 0, 0, 3,
			   0, 1, 1, 3,
			   0, 1, 0, 3,
			   3, 3, 3, 3 ]),

        function(f10(_,_), [
			   0, 0, 0, 3,
			   0, 1, 1, 3,
			   0, 1, 0, 3,
			   3, 3, 3, 3 ]),

        function(f11(_,_), [
			   0, 3, 0, 0,
			   3, 0, 0, 0,
			   0, 0, 0, 0,
			   0, 0, 0, 0 ]),

        function(f12(_,_), [
			   0, 3, 0, 3,
			   3, 1, 1, 3,
			   0, 1, 0, 3,
			   3, 3, 3, 3 ]),

        function(f13(_,_), [
			   0, 0, 1, 0,
			   0, 0, 0, 1,
			   1, 0, 0, 0,
			   0, 1, 0, 0 ]),

        function(f16(_,_), [
			   0, 0, 0, 0,
			   0, 0, 0, 0,
			   0, 0, 0, 0,
			   0, 0, 0, 0 ]),

        function(f1(_,_,_), [
			   0, 0, 0, 0,
			   0, 0, 0, 0,
			   0, 0, 0, 0,
			   0, 0, 0, 0,
			   0, 0, 0, 0,
			   0, 0, 0, 0,
			   0, 0, 0, 0,
			   0, 0, 0, 0,
			   0, 0, 0, 0,
			   0, 0, 0, 0,
			   0, 0, 0, 0,
			   0, 0, 0, 0,
			   0, 0, 1, 0,
			   0, 0, 0, 0,
			   0, 0, 0, 0,
			   0, 0, 0, 0 ]),

        function(f2(_,_,_), [
			   0, 0, 0, 0,
			   0, 0, 0, 0,
			   0, 0, 0, 0,
			   0, 0, 0, 0,
			   0, 0, 0, 0,
			   0, 0, 0, 0,
			   0, 0, 0, 0,
			   0, 0, 0, 0,
			   0, 0, 0, 0,
			   0, 0, 0, 0,
			   0, 0, 0, 0,
			   0, 0, 0, 0,
			   0, 0, 3, 0,
			   0, 0, 3, 0,
			   0, 0, 0, 0,
			   0, 0, 0, 0 ]),

        relation(Max(_), [ 0, 0, 1, 1 ]),

        relation(MaxDim(_), [ 1, 1, 1, 0 ]),

        relation(Min(_), [ 1, 1, 0, 1 ]),

        relation(MinDim(_), [ 0, 0, 0, 1 ]),

        relation(ZEX(_), [ 0, 0, 0, 0 ]),

        relation(<(_,_), [
			   0, 0, 0, 0,
			   0, 0, 0, 0,
			   0, 0, 0, 0,
			   1, 1, 1, 0 ]),

        relation(<=(_,_), [
			   1, 1, 1, 0,
			   1, 1, 1, 0,
			   1, 1, 1, 0,
			   1, 1, 1, 1 ]),

        relation(BCont(_,_), [
			   0, 0, 0, 0,
			   0, 0, 0, 0,
			   0, 0, 0, 0,
			   1, 1, 0, 0 ]),

        relation(C(_,_), [
			   1, 1, 1, 1,
			   1, 1, 1, 1,
			   1, 1, 1, 1,
			   1, 1, 1, 1 ]),

        relation(Cont(_,_), [
			   1, 0, 1, 0,
			   0, 1, 1, 0,
			   0, 0, 1, 0,
			   1, 1, 1, 1 ]),

        relation(Covers(_,_), [
			   0, 0, 0, 1,
			   0, 0, 0, 1,
			   0, 0, 0, 1,
			   0, 0, 0, 0 ]),

        relation(EqDim(_,_), [
			   1, 1, 1, 0,
			   1, 1, 1, 0,
			   1, 1, 1, 0,
			   0, 0, 0, 1 ]),

        relation(Inc(_,_), [
			   0, 0, 0, 1,
			   0, 0, 0, 1,
			   0, 0, 0, 1,
			   1, 1, 1, 0 ]),

        relation(P(_,_), [
			   1, 0, 1, 0,
			   0, 1, 1, 0,
			   0, 0, 1, 0,
			   0, 0, 0, 1 ]),

        relation(PO(_,_), [
			   1, 0, 1, 0,
			   0, 1, 1, 0,
			   1, 1, 1, 0,
			   0, 0, 0, 1 ]),

        relation(PP(_,_), [
			   0, 0, 1, 0,
			   0, 0, 1, 0,
			   0, 0, 0, 0,
			   0, 0, 0, 0 ]),

        relation(SC(_,_), [
			   0, 1, 0, 0,
			   1, 0, 0, 0,
			   0, 0, 0, 0,
			   0, 0, 0, 0 ])
]).

============================== end of model ==========================

============================== STATISTICS ============================

For domain size 4.

Current CPU time: 0.00 seconds (total CPU time: 0.03 seconds).
Ground clauses: seen=3198, kept=2914.
Selections=257, assignments=280, propagations=274, current_models=1.
Rewrite_terms=1297, rewrite_bools=4889, indexes=11.
Rules_from_neg_clauses=62, cross_offs=223.

============================== end of statistics =====================

User_CPU=0.03, System_CPU=0.00, Wall_clock=0.

Exiting with 1 model.

Process 30107 exit (max_models) Tue Sep  4 01:03:49 2012
The process finished Tue Sep  4 01:03:49 2012
