Hi Geoff, go and have some cold beer while I am trying to solve this very hard problem!
% remaining time: 5999 next slice time: 3
dis-4_5_bd=off:bs=off:ep=RST:fde=none:lcm=predicate:n=on:nicw=on:nwc=2:ptb=off:sio=off:spl=backtracking:ss=included:ssec=off:st=5:updr=off_3 on C:\Users\torsten\Documents\github\colore\ontologies\multidim_mereotopology_dim\conversions\dim_prime_linear_bounded_discrete.all
Time limit reached!
------------------------------
Version: Vampire 0.6 (revision 903)
Termination reason: Time limit

Active clauses: 539
Passive clauses: 2050
Generated clauses: 6485
Final active clauses: 486
Final passive clauses: 1302
Input formulas: 15
Initial clauses: 34

Selected by SInE selection: 15
SInE iterations: 1

Duplicate literals: 166
Fw subsumption resolutions: 321

Simple tautologies: 106
Forward subsumptions: 3769

Binary resolution: 5686
Factoring: 25

Backtracking splits: 157
Backtracking splits refuted: 31
Backtracking splits refuted at zero level: 1

Memory used: 1279KB
Time elapsed: 0.400 s
------------------------------
% remaining time: 5994 next slice time: 13
dis-1010_2_bs=off:ep=on:n=on:nwc=1.5:sgo=on:sp=occurrence:ss=included:sswn=on:sswsr=on:st=1.5_13 on C:\Users\torsten\Documents\github\colore\ontologies\multidim_mereotopology_dim\conversions\dim_prime_linear_bounded_discrete.all
Time limit reached!
------------------------------
Version: Vampire 0.6 (revision 903)
Termination reason: Time limit

Active clauses: 671
Passive clauses: 2123
Generated clauses: 11170
Final active clauses: 671
Final passive clauses: 1272
Input formulas: 15
Initial clauses: 29

Unused predicate definitions: 2
Selected by SInE selection: 15
SInE iterations: 1

Duplicate literals: 649
Fw subsumption resolutions: 1181

Simple tautologies: 1168
Equational tautologies: 1
Forward subsumptions: 6342

Binary resolution: 8163
Factoring: 81
Forward superposition: 1190
Backward superposition: 8

Memory used: 1663KB
Time elapsed: 1.400 s
------------------------------
% remaining time: 5980 next slice time: 32
lrs+11_14_bd=off:bs=off:bsr=on:cond=on:drc=off:fde=none:fsr=off:gsp=input_only:lcm=reverse:n=on:nwc=10:ptb=off:sfv=off:sgo=on:sio=off:sos=on:sp=reverse_arity:spl=backtracking:ssec=off:stl=81_32 on C:\Users\torsten\Documents\github\colore\ontologies\multidim_mereotopology_dim\conversions\dim_prime_linear_bounded_discrete.all
Refutation not found with incomplete strategy!
------------------------------
Version: Vampire 0.6 (revision 903)
Termination reason: Refutation not found, incomplete strategy

Active clauses: 27
Final active clauses: 27
Input formulas: 15
Initial clauses: 27

Unused predicate definitions: 2

Memory used: 127KB
Time elapsed: 0.005 s
------------------------------
% remaining time: 5979 next slice time: 95
dis+2_4_bs=off:ep=on:n=on:nicw=on:nwc=1.5:ptb=off:sac=on:sio=off:spl=backtracking:ssec=off_95 on C:\Users\torsten\Documents\github\colore\ontologies\multidim_mereotopology_dim\conversions\dim_prime_linear_bounded_discrete.all
============================= C:\Reasoning\vampire_win ================================
execution finished: Fri Apr 06 00:16:56 2018
total CPU time used: 0
The command was "C:\Reasoning\vampire_win --mode casc --proof tptp -t 600 --input_file C:\Users\torsten\Documents\github\colore\ontologies\multidim_mereotopology_dim\conversions\dim_prime_linear_bounded_discrete.all.tptp"
Input read from 
============================ end of footer ===========================
