Paradox, version 3.0, 2008-07-29.
+++ PROBLEM: C:\Users\torsten\Documents\github\colore\ontologies\multidim_mereotopology_dim\conversions\dim_basic.all.tptp
Reading 'C:\Users\torsten\Documents\github\colore\ontologies\multidim_mereotopology_dim\conversions\dim_basic.all.tptp' ... OK
+++ SOLVING: C:\Users\torsten\Documents\github\colore\ontologies\multidim_mereotopology_dim\conversions\dim_basic.all.tptp
domain size 1
+++ BEGIN MODEL
SZS output start FiniteModel for C:\Users\torsten\Documents\github\colore\ontologies\multidim_mereotopology_dim\conversions\dim_basic.all.tptp
% domain size is 1
fof(domain, fi_domain,
  (![X] : (X = "1"))
).

fof(eqdim, fi_predicates,
  ( eqdim("1","1") <=> $true
  )
).

fof(lt, fi_predicates,
  ( lt("1","1") <=> $false
  )
).

fof(zex, fi_predicates,
  ( zex("1") <=> $false
  )
).
SZS output end FiniteModel for C:\Users\torsten\Documents\github\colore\ontologies\multidim_mereotopology_dim\conversions\dim_basic.all.tptp
+++ END MODEL
+++ RESULT: Satisfiable
SZS status Satisfiable for C:\Users\torsten\Documents\github\colore\ontologies\multidim_mereotopology_dim\conversions\dim_basic.all.tptp
============================= C:\Reasoning\paradox3 ================================
execution finished: Thu Apr 05 17:54:11 2018
total CPU time used: 0
The command was "C:\Reasoning\paradox3 --time 600 --verbose 2 --model --tstp C:\Users\torsten\Documents\github\colore\ontologies\multidim_mereotopology_dim\conversions\dim_basic.all.tptp"
Input read from 
============================ end of footer ===========================
