Hi Geoff, go and have some cold beer while I am trying to solve this very hard problem!
% remaining time: 29999 next slice time: 3
dis-4_5_bd=off:bs=off:ep=RST:fde=none:lcm=predicate:nwc=2.0:nicw=on:ptb=off:ssec=off:ss=included:st=5.0:sio=off:spl=backtracking:updr=off_1 on unknown
Time limit reached!
------------------------------
Version: Vampire 0.6 (revision 903)
Termination reason: Time limit
Termination phase: Saturation

Active clauses: 604
Passive clauses: 4375
Generated clauses: 9627
Input formulas: 25
Initial clauses: 58

Selected by SInE selection: 25
SInE iterations: 1

Duplicate literals: 363
Fw subsumption resolutions: 443

Simple tautologies: 107
Forward subsumptions: 5376

Binary resolution: 7429
Factoring: 1333

Backtracking splits: 1

Memory used: 1151KB
Time elapsed: 0.400 s
------------------------------
% remaining time: 29995 next slice time: 13
dis-1010_2_bs=off:ep=on:nwc=1.5:sswn=on:sswsr=on:ss=included:st=1.5:sgo=on:sp=occurrence_9 on unknown
Time limit reached!
------------------------------
Version: Vampire 0.6 (revision 903)
Termination reason: Time limit
Termination phase: Saturation

Active clauses: 2293
Passive clauses: 7889
Generated clauses: 49135
Input formulas: 25
Initial clauses: 50

Unused predicate definitions: 3
Selected by SInE selection: 25
SInE iterations: 1

Duplicate literals: 3539
Fw subsumption resolutions: 8077

Simple tautologies: 3743
Equational tautologies: 76
Forward subsumptions: 26781

Binary resolution: 31874
Factoring: 625
Forward superposition: 2974
Backward superposition: 2517
Self superposition: 4

Memory used: 5117KB
Time elapsed: 1.400 s
------------------------------
% remaining time: 29981 next slice time: 32
lrs+11_14_bd=off:bs=off:bsr=on:cond=on:drc=off:fsr=off:fde=none:gsp=input_only:lcm=reverse:nwc=10:ptb=off:ssec=off:stl=60:sos=on:sgo=on:sio=off:spl=backtracking:sfv=off:sp=reverse_arity_23 on unknown
Refutation not found with incomplete strategy!
------------------------------
Version: Vampire 0.6 (revision 903)
Termination reason: Refutation not found, incomplete strategy

Active clauses: 48
Final active clauses: 48
Input formulas: 25
Initial clauses: 48

Unused predicate definitions: 3

Memory used: 127KB
Time elapsed: 0.002 s
------------------------------
% remaining time: 29981 next slice time: 95
dis+2_4_bs=off:ep=on:nwc=1.5:nicw=on:ptb=off:ssec=off:sac=on:sio=off:spl=backtracking_70 on unknown
Aborted by signal SIGTERM on 
Aborted by signal SIGINT on 
------------------------------
Version: Vampire 0.6 (revision 903)
Termination reason: Unknown
Termination phase: Saturation

Active clauses: 1220
Passive clauses: 9782
Generated clauses: 18297
Input formulas: 25
Initial clauses: 50

Unused predicate definitions: 3

Duplicate literals: 484
Fw subsumption resolutions: 2461

Simple tautologies: 184
Equational tautologies: 10
Forward subsumptions: 5910

Binary resolution: 15305

Backtracking splits: 17
Backtracking splits refuted: 7
Backtracking splits refuted at zero level: 1

Memory used: 3837KB
Time elapsed: 0.309 s
------------------------------
% Terminated by SIGINT!
% SZS status User for unknown
------------------------------
Version: Vampire 0.6 (revision 903)
Termination reason: Unknown
Termination phase: Unknown

Input formulas: 25

Memory used: 127KB
Time elapsed: 2.172 s
------------------------------
============================= vampire_lin32 ================================
execution finished: Tue Oct 08 18:29:47 2013
total CPU time used: 0
The command was "vampire_lin32 --mode casc --proof tptp -t 3000"
Input read from  /stl/torsten/git/macleod/qs/multidim_space_codi/definitions/conversions/point.all.tptp
============================ end of footer ===========================
