Paradox, version 4.0, 2010-06-29.
+++ PROBLEM: /stl/torsten/git/macleod/qs/multidim_space_codi/consistency/conversions/areal_region_all_weak_nontrivial.all.tptp
Reading '/stl/torsten/git/macleod/qs/multidim_space_codi/consistency/conversions/areal_region_all_weak_nontrivial.all.tptp' ... OK
+++ SOLVING: /stl/torsten/git/macleod/qs/multidim_space_codi/consistency/conversions/areal_region_all_weak_nontrivial.all.tptp
domain size 1
domain size 2
domain size 3
domain size 4
domain size 5
domain size 6
Verified 7761 original and 0 eliminated clauses.
+++ BEGIN MODEL
SZS output start FiniteModel for /stl/torsten/git/macleod/qs/multidim_space_codi/consistency/conversions/areal_region_all_weak_nontrivial.all.tptp
% domain size is 6
fof(domain, fi_domain,
  (![X] : (X = "1" | X = "2" | X = "3" | X = "4" | X = "5" | X = "6"))
).

fof(arealregion, fi_predicates,
  ( (arealregion("1") <=> $true)
  & (arealregion("2") <=> $false)
  & (arealregion("3") <=> $false)
  & (arealregion("4") <=> $true)
  & (arealregion("5") <=> $false)
  & (arealregion("6") <=> $false)
  )
).

fof(clifsym1, fi_predicates,
  ( (clifsym1("1","1") <=> $true)
  & (clifsym1("1","2") <=> $true)
  & (clifsym1("1","3") <=> $true)
  & (clifsym1("1","4") <=> $true)
  & (clifsym1("1","5") <=> $false)
  & (clifsym1("1","6") <=> $true)
  & (clifsym1("2","1") <=> $false)
  & (clifsym1("2","2") <=> $true)
  & (clifsym1("2","3") <=> $true)
  & (clifsym1("2","4") <=> $false)
  & (clifsym1("2","5") <=> $false)
  & (clifsym1("2","6") <=> $true)
  & (clifsym1("3","1") <=> $false)
  & (clifsym1("3","2") <=> $false)
  & (clifsym1("3","3") <=> $true)
  & (clifsym1("3","4") <=> $false)
  & (clifsym1("3","5") <=> $false)
  & (clifsym1("3","6") <=> $true)
  & (clifsym1("4","1") <=> $true)
  & (clifsym1("4","2") <=> $true)
  & (clifsym1("4","3") <=> $true)
  & (clifsym1("4","4") <=> $true)
  & (clifsym1("4","5") <=> $false)
  & (clifsym1("4","6") <=> $true)
  & (clifsym1("5","1") <=> $false)
  & (clifsym1("5","2") <=> $false)
  & (clifsym1("5","3") <=> $false)
  & (clifsym1("5","4") <=> $false)
  & (clifsym1("5","5") <=> $false)
  & (clifsym1("5","6") <=> $false)
  & (clifsym1("6","1") <=> $false)
  & (clifsym1("6","2") <=> $false)
  & (clifsym1("6","3") <=> $false)
  & (clifsym1("6","4") <=> $false)
  & (clifsym1("6","5") <=> $false)
  & (clifsym1("6","6") <=> $true)
  )
).

fof(clifsym2, fi_predicates,
  ( (clifsym2("1","1") <=> $false)
  & (clifsym2("1","2") <=> $true)
  & (clifsym2("1","3") <=> $true)
  & (clifsym2("1","4") <=> $false)
  & (clifsym2("1","5") <=> $false)
  & (clifsym2("1","6") <=> $true)
  & (clifsym2("2","1") <=> $false)
  & (clifsym2("2","2") <=> $false)
  & (clifsym2("2","3") <=> $true)
  & (clifsym2("2","4") <=> $false)
  & (clifsym2("2","5") <=> $false)
  & (clifsym2("2","6") <=> $true)
  & (clifsym2("3","1") <=> $false)
  & (clifsym2("3","2") <=> $false)
  & (clifsym2("3","3") <=> $false)
  & (clifsym2("3","4") <=> $false)
  & (clifsym2("3","5") <=> $false)
  & (clifsym2("3","6") <=> $true)
  & (clifsym2("4","1") <=> $false)
  & (clifsym2("4","2") <=> $true)
  & (clifsym2("4","3") <=> $true)
  & (clifsym2("4","4") <=> $false)
  & (clifsym2("4","5") <=> $false)
  & (clifsym2("4","6") <=> $true)
  & (clifsym2("5","1") <=> $false)
  & (clifsym2("5","2") <=> $false)
  & (clifsym2("5","3") <=> $false)
  & (clifsym2("5","4") <=> $false)
  & (clifsym2("5","5") <=> $false)
  & (clifsym2("5","6") <=> $false)
  & (clifsym2("6","1") <=> $false)
  & (clifsym2("6","2") <=> $false)
  & (clifsym2("6","3") <=> $false)
  & (clifsym2("6","4") <=> $false)
  & (clifsym2("6","5") <=> $false)
  & (clifsym2("6","6") <=> $false)
  )
).

fof(cont, fi_predicates,
  ( (cont("1","1") <=> $true)
  & (cont("1","2") <=> $false)
  & (cont("1","3") <=> $false)
  & (cont("1","4") <=> $false)
  & (cont("1","5") <=> $false)
  & (cont("1","6") <=> $false)
  & (cont("2","1") <=> $true)
  & (cont("2","2") <=> $true)
  & (cont("2","3") <=> $false)
  & (cont("2","4") <=> $false)
  & (cont("2","5") <=> $false)
  & (cont("2","6") <=> $false)
  & (cont("3","1") <=> $false)
  & (cont("3","2") <=> $false)
  & (cont("3","3") <=> $true)
  & (cont("3","4") <=> $false)
  & (cont("3","5") <=> $false)
  & (cont("3","6") <=> $false)
  & (cont("4","1") <=> $true)
  & (cont("4","2") <=> $false)
  & (cont("4","3") <=> $false)
  & (cont("4","4") <=> $true)
  & (cont("4","5") <=> $false)
  & (cont("4","6") <=> $false)
  & (cont("5","1") <=> $false)
  & (cont("5","2") <=> $false)
  & (cont("5","3") <=> $false)
  & (cont("5","4") <=> $false)
  & (cont("5","5") <=> $false)
  & (cont("5","6") <=> $false)
  & (cont("6","1") <=> $false)
  & (cont("6","2") <=> $false)
  & (cont("6","3") <=> $false)
  & (cont("6","4") <=> $false)
  & (cont("6","5") <=> $false)
  & (cont("6","6") <=> $false)
  )
).

fof(covers, fi_predicates,
  ( (covers("1","1") <=> $false)
  & (covers("1","2") <=> $true)
  & (covers("1","3") <=> $false)
  & (covers("1","4") <=> $false)
  & (covers("1","5") <=> $false)
  & (covers("1","6") <=> $false)
  & (covers("2","1") <=> $false)
  & (covers("2","2") <=> $false)
  & (covers("2","3") <=> $true)
  & (covers("2","4") <=> $false)
  & (covers("2","5") <=> $false)
  & (covers("2","6") <=> $false)
  & (covers("3","1") <=> $false)
  & (covers("3","2") <=> $false)
  & (covers("3","3") <=> $false)
  & (covers("3","4") <=> $false)
  & (covers("3","5") <=> $false)
  & (covers("3","6") <=> $true)
  & (covers("4","1") <=> $false)
  & (covers("4","2") <=> $true)
  & (covers("4","3") <=> $false)
  & (covers("4","4") <=> $false)
  & (covers("4","5") <=> $false)
  & (covers("4","6") <=> $false)
  & (covers("5","1") <=> $false)
  & (covers("5","2") <=> $false)
  & (covers("5","3") <=> $false)
  & (covers("5","4") <=> $false)
  & (covers("5","5") <=> $false)
  & (covers("5","6") <=> $false)
  & (covers("6","1") <=> $false)
  & (covers("6","2") <=> $false)
  & (covers("6","3") <=> $false)
  & (covers("6","4") <=> $false)
  & (covers("6","5") <=> $false)
  & (covers("6","6") <=> $false)
  )
).

fof(curve, fi_predicates,
  ( (curve("1") <=> $false)
  & (curve("2") <=> $true)
  & (curve("3") <=> $false)
  & (curve("4") <=> $false)
  & (curve("5") <=> $false)
  & (curve("6") <=> $false)
  )
).

fof(eqdim, fi_predicates,
  ( (eqdim("1","1") <=> $true)
  & (eqdim("1","2") <=> $false)
  & (eqdim("1","3") <=> $false)
  & (eqdim("1","4") <=> $true)
  & (eqdim("1","5") <=> $false)
  & (eqdim("1","6") <=> $false)
  & (eqdim("2","1") <=> $false)
  & (eqdim("2","2") <=> $true)
  & (eqdim("2","3") <=> $false)
  & (eqdim("2","4") <=> $false)
  & (eqdim("2","5") <=> $false)
  & (eqdim("2","6") <=> $false)
  & (eqdim("3","1") <=> $false)
  & (eqdim("3","2") <=> $false)
  & (eqdim("3","3") <=> $true)
  & (eqdim("3","4") <=> $false)
  & (eqdim("3","5") <=> $false)
  & (eqdim("3","6") <=> $false)
  & (eqdim("4","1") <=> $true)
  & (eqdim("4","2") <=> $false)
  & (eqdim("4","3") <=> $false)
  & (eqdim("4","4") <=> $true)
  & (eqdim("4","5") <=> $false)
  & (eqdim("4","6") <=> $false)
  & (eqdim("5","1") <=> $false)
  & (eqdim("5","2") <=> $false)
  & (eqdim("5","3") <=> $false)
  & (eqdim("5","4") <=> $false)
  & (eqdim("5","5") <=> $false)
  & (eqdim("5","6") <=> $false)
  & (eqdim("6","1") <=> $false)
  & (eqdim("6","2") <=> $false)
  & (eqdim("6","3") <=> $false)
  & (eqdim("6","4") <=> $false)
  & (eqdim("6","5") <=> $false)
  & (eqdim("6","6") <=> $true)
  )
).

fof(leq, fi_predicates,
  ( (leq("1","1") <=> $true)
  & (leq("1","2") <=> $false)
  & (leq("1","3") <=> $false)
  & (leq("1","4") <=> $true)
  & (leq("1","5") <=> $false)
  & (leq("1","6") <=> $false)
  & (leq("2","1") <=> $true)
  & (leq("2","2") <=> $true)
  & (leq("2","3") <=> $false)
  & (leq("2","4") <=> $true)
  & (leq("2","5") <=> $false)
  & (leq("2","6") <=> $false)
  & (leq("3","1") <=> $true)
  & (leq("3","2") <=> $true)
  & (leq("3","3") <=> $true)
  & (leq("3","4") <=> $true)
  & (leq("3","5") <=> $false)
  & (leq("3","6") <=> $false)
  & (leq("4","1") <=> $true)
  & (leq("4","2") <=> $false)
  & (leq("4","3") <=> $false)
  & (leq("4","4") <=> $true)
  & (leq("4","5") <=> $false)
  & (leq("4","6") <=> $false)
  & (leq("5","1") <=> $false)
  & (leq("5","2") <=> $false)
  & (leq("5","3") <=> $false)
  & (leq("5","4") <=> $false)
  & (leq("5","5") <=> $false)
  & (leq("5","6") <=> $false)
  & (leq("6","1") <=> $true)
  & (leq("6","2") <=> $true)
  & (leq("6","3") <=> $true)
  & (leq("6","4") <=> $true)
  & (leq("6","5") <=> $false)
  & (leq("6","6") <=> $true)
  )
).

fof(less, fi_predicates,
  ( (less("1","1") <=> $false)
  & (less("1","2") <=> $false)
  & (less("1","3") <=> $false)
  & (less("1","4") <=> $false)
  & (less("1","5") <=> $false)
  & (less("1","6") <=> $false)
  & (less("2","1") <=> $true)
  & (less("2","2") <=> $false)
  & (less("2","3") <=> $false)
  & (less("2","4") <=> $true)
  & (less("2","5") <=> $false)
  & (less("2","6") <=> $false)
  & (less("3","1") <=> $true)
  & (less("3","2") <=> $true)
  & (less("3","3") <=> $false)
  & (less("3","4") <=> $true)
  & (less("3","5") <=> $false)
  & (less("3","6") <=> $false)
  & (less("4","1") <=> $false)
  & (less("4","2") <=> $false)
  & (less("4","3") <=> $false)
  & (less("4","4") <=> $false)
  & (less("4","5") <=> $false)
  & (less("4","6") <=> $false)
  & (less("5","1") <=> $false)
  & (less("5","2") <=> $false)
  & (less("5","3") <=> $false)
  & (less("5","4") <=> $false)
  & (less("5","5") <=> $false)
  & (less("5","6") <=> $false)
  & (less("6","1") <=> $true)
  & (less("6","2") <=> $true)
  & (less("6","3") <=> $true)
  & (less("6","4") <=> $true)
  & (less("6","5") <=> $false)
  & (less("6","6") <=> $false)
  )
).

fof(max, fi_predicates,
  ( (max("1") <=> $true)
  & (max("2") <=> $true)
  & (max("3") <=> $true)
  & (max("4") <=> $false)
  & (max("5") <=> $false)
  & (max("6") <=> $false)
  )
).

fof(maxdim, fi_predicates,
  ( (maxdim("1") <=> $true)
  & (maxdim("2") <=> $false)
  & (maxdim("3") <=> $false)
  & (maxdim("4") <=> $true)
  & (maxdim("5") <=> $false)
  & (maxdim("6") <=> $false)
  )
).

fof(min, fi_predicates,
  ( (min("1") <=> $false)
  & (min("2") <=> $true)
  & (min("3") <=> $true)
  & (min("4") <=> $true)
  & (min("5") <=> $false)
  & (min("6") <=> $false)
  )
).

fof(mindim, fi_predicates,
  ( (mindim("1") <=> $false)
  & (mindim("2") <=> $false)
  & (mindim("3") <=> $true)
  & (mindim("4") <=> $false)
  & (mindim("5") <=> $false)
  & (mindim("6") <=> $false)
  )
).

fof(p, fi_predicates,
  ( (p("1","1") <=> $true)
  & (p("1","2") <=> $false)
  & (p("1","3") <=> $false)
  & (p("1","4") <=> $false)
  & (p("1","5") <=> $false)
  & (p("1","6") <=> $false)
  & (p("2","1") <=> $false)
  & (p("2","2") <=> $true)
  & (p("2","3") <=> $false)
  & (p("2","4") <=> $false)
  & (p("2","5") <=> $false)
  & (p("2","6") <=> $false)
  & (p("3","1") <=> $false)
  & (p("3","2") <=> $false)
  & (p("3","3") <=> $true)
  & (p("3","4") <=> $false)
  & (p("3","5") <=> $false)
  & (p("3","6") <=> $false)
  & (p("4","1") <=> $true)
  & (p("4","2") <=> $false)
  & (p("4","3") <=> $false)
  & (p("4","4") <=> $true)
  & (p("4","5") <=> $false)
  & (p("4","6") <=> $false)
  & (p("5","1") <=> $false)
  & (p("5","2") <=> $false)
  & (p("5","3") <=> $false)
  & (p("5","4") <=> $false)
  & (p("5","5") <=> $false)
  & (p("5","6") <=> $false)
  & (p("6","1") <=> $false)
  & (p("6","2") <=> $false)
  & (p("6","3") <=> $false)
  & (p("6","4") <=> $false)
  & (p("6","5") <=> $false)
  & (p("6","6") <=> $false)
  )
).

fof(point, fi_predicates,
  ( (point("1") <=> $false)
  & (point("2") <=> $false)
  & (point("3") <=> $true)
  & (point("4") <=> $false)
  & (point("5") <=> $false)
  & (point("6") <=> $false)
  )
).

fof(pp, fi_predicates,
  ( (pp("1","1") <=> $false)
  & (pp("1","2") <=> $false)
  & (pp("1","3") <=> $false)
  & (pp("1","4") <=> $false)
  & (pp("1","5") <=> $false)
  & (pp("1","6") <=> $false)
  & (pp("2","1") <=> $false)
  & (pp("2","2") <=> $false)
  & (pp("2","3") <=> $false)
  & (pp("2","4") <=> $false)
  & (pp("2","5") <=> $false)
  & (pp("2","6") <=> $false)
  & (pp("3","1") <=> $false)
  & (pp("3","2") <=> $false)
  & (pp("3","3") <=> $false)
  & (pp("3","4") <=> $false)
  & (pp("3","5") <=> $false)
  & (pp("3","6") <=> $false)
  & (pp("4","1") <=> $true)
  & (pp("4","2") <=> $false)
  & (pp("4","3") <=> $false)
  & (pp("4","4") <=> $false)
  & (pp("4","5") <=> $false)
  & (pp("4","6") <=> $false)
  & (pp("5","1") <=> $false)
  & (pp("5","2") <=> $false)
  & (pp("5","3") <=> $false)
  & (pp("5","4") <=> $false)
  & (pp("5","5") <=> $false)
  & (pp("5","6") <=> $false)
  & (pp("6","1") <=> $false)
  & (pp("6","2") <=> $false)
  & (pp("6","3") <=> $false)
  & (pp("6","4") <=> $false)
  & (pp("6","5") <=> $false)
  & (pp("6","6") <=> $false)
  )
).

fof(s, fi_predicates,
  ( (s("1") <=> $true)
  & (s("2") <=> $true)
  & (s("3") <=> $true)
  & (s("4") <=> $true)
  & (s("5") <=> $false)
  & (s("6") <=> $true)
  )
).

fof(sK0_sos10_X11, fi_functors,
  ( (sK0_sos10_X11 = "3")
  )
).

fof(sK100_sos530_X531, fi_functors,
  ( (sK100_sos530_X531 = "6")
  )
).

fof(sK101_sos540_X541, fi_functors,
  ( (sK101_sos540_X541 = "3")
  )
).

fof(sK102_sos550_X551, fi_functors,
  ( (sK102_sos550_X551 = "1")
  )
).

fof(sK103_sos560_X562, fi_functors,
  ( (sK103_sos560_X562 = "1")
  )
).

fof(sK104_sos560_X561, fi_functors,
  ( (sK104_sos560_X561 = "2")
  )
).

fof(sK105_sos570_X572, fi_functors,
  ( (sK105_sos570_X572 = "4")
  )
).

fof(sK106_sos570_X571, fi_functors,
  ( (sK106_sos570_X571 = "1")
  )
).

fof(sK107_sos580_X582, fi_functors,
  ( (sK107_sos580_X582 = "1")
  )
).

fof(sK108_sos580_X581, fi_functors,
  ( (sK108_sos580_X581 = "4")
  )
).

fof(sK109_sos590_X592, fi_functors,
  ( (sK109_sos590_X592 = "6")
  )
).

fof(sK110_sos590_X591, fi_functors,
  ( (sK110_sos590_X591 = "5")
  )
).

fof(sK111_sos600_X602, fi_functors,
  ( (sK111_sos600_X602 = "2")
  )
).

fof(sK112_sos600_X601, fi_functors,
  ( (sK112_sos600_X601 = "1")
  )
).

fof(sK113_sos610_X612, fi_functors,
  ( (sK113_sos610_X612 = "3")
  )
).

fof(sK114_sos610_X611, fi_functors,
  ( (sK114_sos610_X611 = "5")
  )
).

fof(sK115_sos620_X622, fi_functors,
  ( (sK115_sos620_X622 = "3")
  )
).

fof(sK116_sos620_X621, fi_functors,
  ( (sK116_sos620_X621 = "2")
  )
).

fof(sK117_sos630_X632, fi_functors,
  ( (sK117_sos630_X632 = "1")
  )
).

fof(sK118_sos630_X631, fi_functors,
  ( (sK118_sos630_X631 = "3")
  )
).

fof(sK119_sos640_X642, fi_functors,
  ( (sK119_sos640_X642 = "2")
  )
).

fof(sK11_sos70_X73, fi_functors,
  ( (sK11_sos70_X73("1","1") = "6")
  & (sK11_sos70_X73("1","2") = "5")
  & (sK11_sos70_X73("1","3") = "6")
  & (sK11_sos70_X73("1","4") = "4")
  & (sK11_sos70_X73("1","5") = "1")
  & (sK11_sos70_X73("1","6") = "3")
  & (sK11_sos70_X73("2","1") = "6")
  & (sK11_sos70_X73("2","2") = "1")
  & (sK11_sos70_X73("2","3") = "3")
  & (sK11_sos70_X73("2","4") = "6")
  & (sK11_sos70_X73("2","5") = "2")
  & (sK11_sos70_X73("2","6") = "3")
  & (sK11_sos70_X73("3","1") = "2")
  & (sK11_sos70_X73("3","2") = "6")
  & (sK11_sos70_X73("3","3") = "1")
  & (sK11_sos70_X73("3","4") = "2")
  & (sK11_sos70_X73("3","5") = "1")
  & (sK11_sos70_X73("3","6") = "1")
  & (sK11_sos70_X73("4","1") = "2")
  & (sK11_sos70_X73("4","2") = "3")
  & (sK11_sos70_X73("4","3") = "1")
  & (sK11_sos70_X73("4","4") = "1")
  & (sK11_sos70_X73("4","5") = "6")
  & (sK11_sos70_X73("4","6") = "3")
  & (sK11_sos70_X73("5","1") = "3")
  & (sK11_sos70_X73("5","2") = "5")
  & (sK11_sos70_X73("5","3") = "1")
  & (sK11_sos70_X73("5","4") = "5")
  & (sK11_sos70_X73("5","5") = "1")
  & (sK11_sos70_X73("5","6") = "2")
  & (sK11_sos70_X73("6","1") = "2")
  & (sK11_sos70_X73("6","2") = "3")
  & (sK11_sos70_X73("6","3") = "2")
  & (sK11_sos70_X73("6","4") = "3")
  & (sK11_sos70_X73("6","5") = "5")
  & (sK11_sos70_X73("6","6") = "1")
  )
).

fof(sK120_sos640_X641, fi_functors,
  ( (sK120_sos640_X641 = "4")
  )
).

fof(sK121_sos650_X652, fi_functors,
  ( (sK121_sos650_X652 = "2")
  )
).

fof(sK122_sos650_X651, fi_functors,
  ( (sK122_sos650_X651 = "3")
  )
).

fof(sK123_sos660_X662, fi_functors,
  ( (sK123_sos660_X662 = "3")
  )
).

fof(sK124_sos660_X661, fi_functors,
  ( (sK124_sos660_X661 = "1")
  )
).

fof(sK125_sos670_X672, fi_functors,
  ( (sK125_sos670_X672 = "1")
  )
).

fof(sK126_sos670_X671, fi_functors,
  ( (sK126_sos670_X671 = "3")
  )
).

fof(sK127_sos680_X681, fi_functors,
  ( (sK127_sos680_X681 = "1")
  )
).

fof(sK128_sos690_X691, fi_functors,
  ( (sK128_sos690_X691 = "5")
  )
).

fof(sK129_sos700_X701, fi_functors,
  ( (sK129_sos700_X701 = "3")
  )
).

fof(sK130_sos710_X711, fi_functors,
  ( (sK130_sos710_X711 = "5")
  )
).

fof(sK133_sos730_X731, fi_functors,
  ( (sK133_sos730_X731("1") = "1")
  & (sK133_sos730_X731("2") = "1")
  & (sK133_sos730_X731("3") = "1")
  & (sK133_sos730_X731("4") = "2")
  & (sK133_sos730_X731("5") = "4")
  & (sK133_sos730_X731("6") = "3")
  )
).

fof(sK136_sos740_X741, fi_functors,
  ( (sK136_sos740_X741("1") = "3")
  & (sK136_sos740_X741("2") = "3")
  & (sK136_sos740_X741("3") = "1")
  & (sK136_sos740_X741("4") = "3")
  & (sK136_sos740_X741("5") = "2")
  & (sK136_sos740_X741("6") = "5")
  )
).

fof(sK29_sos140_X141, fi_functors,
  ( (sK29_sos140_X141("1") = "6")
  & (sK29_sos140_X141("2") = "5")
  & (sK29_sos140_X141("3") = "1")
  & (sK29_sos140_X141("4") = "1")
  & (sK29_sos140_X141("5") = "6")
  & (sK29_sos140_X141("6") = "1")
  )
).

fof(sK32_sos150_X151, fi_functors,
  ( (sK32_sos150_X151("1") = "4")
  & (sK32_sos150_X151("2") = "1")
  & (sK32_sos150_X151("3") = "2")
  & (sK32_sos150_X151("4") = "4")
  & (sK32_sos150_X151("5") = "6")
  & (sK32_sos150_X151("6") = "1")
  )
).

fof(sK35_sos160_X161, fi_functors,
  ( (sK35_sos160_X161("1") = "5")
  & (sK35_sos160_X161("2") = "2")
  & (sK35_sos160_X161("3") = "2")
  & (sK35_sos160_X161("4") = "3")
  & (sK35_sos160_X161("5") = "2")
  & (sK35_sos160_X161("6") = "2")
  )
).

fof(sK38_sos170_X171, fi_functors,
  ( (sK38_sos170_X171("1") = "3")
  & (sK38_sos170_X171("2") = "6")
  & (sK38_sos170_X171("3") = "3")
  & (sK38_sos170_X171("4") = "3")
  & (sK38_sos170_X171("5") = "3")
  & (sK38_sos170_X171("6") = "3")
  )
).

fof(sK41_sos180_X182, fi_functors,
  ( (sK41_sos180_X182 = "1")
  )
).

fof(sK42_sos180_X181, fi_functors,
  ( (sK42_sos180_X181 = "4")
  )
).

fof(sK43_sos190_X192, fi_functors,
  ( (sK43_sos190_X192 = "1")
  )
).

fof(sK44_sos190_X191, fi_functors,
  ( (sK44_sos190_X191 = "3")
  )
).

fof(sK45_sos200_X202, fi_functors,
  ( (sK45_sos200_X202 = "1")
  )
).

fof(sK46_sos200_X201, fi_functors,
  ( (sK46_sos200_X201 = "4")
  )
).

fof(sK47_sos210_X212, fi_functors,
  ( (sK47_sos210_X212 = "3")
  )
).

fof(sK48_sos210_X211, fi_functors,
  ( (sK48_sos210_X211 = "6")
  )
).

fof(sK49_sos220_X221, fi_functors,
  ( (sK49_sos220_X221 = "1")
  )
).

fof(sK50_sos230_X231, fi_functors,
  ( (sK50_sos230_X231 = "5")
  )
).

fof(sK51_sos240_X241, fi_functors,
  ( (sK51_sos240_X241 = "2")
  )
).

fof(sK52_sos250_X251, fi_functors,
  ( (sK52_sos250_X251 = "6")
  )
).

fof(sK53_sos260_X261, fi_functors,
  ( (sK53_sos260_X261 = "3")
  )
).

fof(sK54_sos270_X271, fi_functors,
  ( (sK54_sos270_X271 = "4")
  )
).

fof(sK55_sos280_X281, fi_functors,
  ( (sK55_sos280_X281 = "6")
  )
).

fof(sK56_sos290_X291, fi_functors,
  ( (sK56_sos290_X291 = "3")
  )
).

fof(sK57_sos300_X301, fi_functors,
  ( (sK57_sos300_X301 = "3")
  )
).

fof(sK58_sos310_X311, fi_functors,
  ( (sK58_sos310_X311 = "1")
  )
).

fof(sK59_sos320_X322, fi_functors,
  ( (sK59_sos320_X322 = "1")
  )
).

fof(sK60_sos320_X321, fi_functors,
  ( (sK60_sos320_X321 = "4")
  )
).

fof(sK61_sos330_X332, fi_functors,
  ( (sK61_sos330_X332 = "6")
  )
).

fof(sK62_sos330_X331, fi_functors,
  ( (sK62_sos330_X331 = "5")
  )
).

fof(sK63_sos340_X342, fi_functors,
  ( (sK63_sos340_X342 = "4")
  )
).

fof(sK64_sos340_X341, fi_functors,
  ( (sK64_sos340_X341 = "1")
  )
).

fof(sK65_sos350_X352, fi_functors,
  ( (sK65_sos350_X352 = "3")
  )
).

fof(sK66_sos350_X351, fi_functors,
  ( (sK66_sos350_X351 = "4")
  )
).

fof(sK67_sos360_X361, fi_functors,
  ( (sK67_sos360_X361 = "3")
  )
).

fof(sK68_sos370_X371, fi_functors,
  ( (sK68_sos370_X371 = "5")
  )
).

fof(sK69_sos380_X382, fi_functors,
  ( (sK69_sos380_X382 = "1")
  )
).

fof(sK70_sos380_X381, fi_functors,
  ( (sK70_sos380_X381 = "4")
  )
).

fof(sK71_sos390_X392, fi_functors,
  ( (sK71_sos390_X392 = "2")
  )
).

fof(sK72_sos390_X391, fi_functors,
  ( (sK72_sos390_X391 = "5")
  )
).

fof(sK73_sos400_X402, fi_functors,
  ( (sK73_sos400_X402 = "1")
  )
).

fof(sK74_sos400_X401, fi_functors,
  ( (sK74_sos400_X401 = "4")
  )
).

fof(sK75_sos410_X412, fi_functors,
  ( (sK75_sos410_X412 = "5")
  )
).

fof(sK76_sos410_X411, fi_functors,
  ( (sK76_sos410_X411 = "1")
  )
).

fof(sK77_sos420_X422, fi_functors,
  ( (sK77_sos420_X422 = "1")
  )
).

fof(sK78_sos420_X421, fi_functors,
  ( (sK78_sos420_X421 = "2")
  )
).

fof(sK79_sos430_X432, fi_functors,
  ( (sK79_sos430_X432 = "4")
  )
).

fof(sK80_sos430_X431, fi_functors,
  ( (sK80_sos430_X431 = "1")
  )
).

fof(sK81_sos440_X442, fi_functors,
  ( (sK81_sos440_X442 = "4")
  )
).

fof(sK82_sos440_X441, fi_functors,
  ( (sK82_sos440_X441 = "3")
  )
).

fof(sK83_sos450_X452, fi_functors,
  ( (sK83_sos450_X452 = "1")
  )
).

fof(sK84_sos450_X451, fi_functors,
  ( (sK84_sos450_X451 = "5")
  )
).

fof(sK85_sos460_X462, fi_functors,
  ( (sK85_sos460_X462 = "6")
  )
).

fof(sK86_sos460_X461, fi_functors,
  ( (sK86_sos460_X461 = "3")
  )
).

fof(sK87_sos470_X472, fi_functors,
  ( (sK87_sos470_X472 = "3")
  )
).

fof(sK88_sos470_X471, fi_functors,
  ( (sK88_sos470_X471 = "6")
  )
).

fof(sK89_sos480_X482, fi_functors,
  ( (sK89_sos480_X482 = "6")
  )
).

fof(sK90_sos480_X481, fi_functors,
  ( (sK90_sos480_X481 = "3")
  )
).

fof(sK91_sos490_X492, fi_functors,
  ( (sK91_sos490_X492 = "6")
  )
).

fof(sK92_sos490_X491, fi_functors,
  ( (sK92_sos490_X491 = "5")
  )
).

fof(sK93_sos500_X502, fi_functors,
  ( (sK93_sos500_X502 = "1")
  )
).

fof(sK94_sos500_X501, fi_functors,
  ( (sK94_sos500_X501 = "4")
  )
).

fof(sK95_sos510_X512, fi_functors,
  ( (sK95_sos510_X512 = "2")
  )
).

fof(sK96_sos510_X511, fi_functors,
  ( (sK96_sos510_X511 = "1")
  )
).

fof(sK97_sos520_X522, fi_functors,
  ( (sK97_sos520_X522 = "1")
  )
).

fof(sK98_sos520_X521, fi_functors,
  ( (sK98_sos520_X521 = "4")
  )
).

fof(sK99_sos530_X532, fi_functors,
  ( (sK99_sos530_X532 = "1")
  )
).

fof(zex, fi_predicates,
  ( (zex("1") <=> $false)
  & (zex("2") <=> $false)
  & (zex("3") <=> $false)
  & (zex("4") <=> $false)
  & (zex("5") <=> $false)
  & (zex("6") <=> $true)
  )
).
SZS output end FiniteModel for /stl/torsten/git/macleod/qs/multidim_space_codi/consistency/conversions/areal_region_all_weak_nontrivial.all.tptp
+++ END MODEL
+++ RESULT: Satisfiable
SZS status Satisfiable for /stl/torsten/git/macleod/qs/multidim_space_codi/consistency/conversions/areal_region_all_weak_nontrivial.all.tptp
============================= paradox ================================
execution finished: Fri Aug 09 19:39:08 2013
total CPU time used: 3
The command was "paradox --time 3000 --verbose 2 --model --tstp /stl/torsten/git/macleod/qs/multidim_space_codi/consistency/conversions/areal_region_all_weak_nontrivial.all.tptp"
Input read from 
============================ end of footer ===========================
