Hi Geoff, go and have some cold beer while I am trying to solve this very hard problem!
% remaining time: 5999 next slice time: 3
dis-4_5_bd=off:bs=off:ep=RST:fde=none:lcm=predicate:n=on:nicw=on:nwc=2:ptb=off:sio=off:spl=backtracking:ss=included:ssec=off:st=5:updr=off_3 on C:\Users\torsten\Documents\github\colore\ontologies\multidim_space_codi\consistency\conversions\codi_atomic_2d_all_nontrivial.all
Time limit reached!
------------------------------
Version: Vampire 0.6 (revision 903)
Termination reason: Time limit

Active clauses: 1874
Passive clauses: 6631
Generated clauses: 11772
Final active clauses: 1622
Final passive clauses: 3170
Input formulas: 78
Initial clauses: 166

Selected by SInE selection: 78
SInE iterations: 1

Duplicate literals: 47
Fw subsumption resolutions: 675

Simple tautologies: 32
Forward subsumptions: 3683

Binary resolution: 9346
Factoring: 22

Backtracking splits: 1051
Backtracking splits refuted: 241
Backtracking splits refuted at zero level: 85

Memory used: 2302KB
Time elapsed: 0.403 s
------------------------------
% remaining time: 5995 next slice time: 13
dis-1010_2_bs=off:ep=on:n=on:nwc=1.5:sgo=on:sp=occurrence:ss=included:sswn=on:sswsr=on:st=1.5_13 on C:\Users\torsten\Documents\github\colore\ontologies\multidim_space_codi\consistency\conversions\codi_atomic_2d_all_nontrivial.all
Time limit reached!
------------------------------
Version: Vampire 0.6 (revision 903)
Termination reason: Time limit

Active clauses: 3497
Passive clauses: 10589
Generated clauses: 27855
Final active clauses: 3497
Final passive clauses: 6334
Input formulas: 78
Initial clauses: 164

Pure predicates: 1
Selected by SInE selection: 78
SInE iterations: 1

Duplicate literals: 1398
Fw subsumption resolutions: 1443

Simple tautologies: 347
Equational tautologies: 16
Forward subsumptions: 15019

Binary resolution: 14937
Factoring: 255
Forward superposition: 8603
Backward superposition: 1261

Memory used: 3837KB
Time elapsed: 1.402 s
------------------------------
% remaining time: 5981 next slice time: 32
lrs+11_14_bd=off:bs=off:bsr=on:cond=on:drc=off:fde=none:fsr=off:gsp=input_only:lcm=reverse:n=on:nwc=10:ptb=off:sfv=off:sgo=on:sio=off:sos=on:sp=reverse_arity:spl=backtracking:ssec=off:stl=81_32 on C:\Users\torsten\Documents\github\colore\ontologies\multidim_space_codi\consistency\conversions\codi_atomic_2d_all_nontrivial.all
Refutation not found with incomplete strategy!
------------------------------
Version: Vampire 0.6 (revision 903)
Termination reason: Refutation not found, incomplete strategy

Active clauses: 162
Final active clauses: 162
Input formulas: 78
Initial clauses: 162

Pure predicates: 1

Memory used: 255KB
Time elapsed: 0.008 s
------------------------------
% remaining time: 5981 next slice time: 95
dis+2_4_bs=off:ep=on:n=on:nicw=on:nwc=1.5:ptb=off:sac=on:sio=off:spl=backtracking:ssec=off_95 on C:\Users\torsten\Documents\github\colore\ontologies\multidim_space_codi\consistency\conversions\codi_atomic_2d_all_nontrivial.all
============================= C:\Reasoning\vampire_win ================================
execution finished: Tue May 01 17:19:57 2018
total CPU time used: 0
The command was "C:\Reasoning\vampire_win --mode casc --proof tptp -t 600 --input_file C:\Users\torsten\Documents\github\colore\ontologies\multidim_space_codi\consistency\conversions\codi_atomic_2d_all_nontrivial.all.tptp"
Input read from 
============================ end of footer ===========================
