============================== Prover9 ===============================
Prover9 (64) version 2009-11A, November 2009.
Process 12318 was started by torsten on stl-ws2,
Fri Aug  9 16:05:32 2013
The command was "prover9 -t600 -f /stl/torsten/git/macleod/qs/multidim_mereotopology_dim/definitions/conversions/eq_dim.p9 /stl/torsten/git/macleod/qs/multidim_space_codi/consistency/conversions/codi_down_all_weak_nontrivial.p9 /stl/torsten/git/macleod/qs/multidim_mereotopology_dim/definitions/conversions/covers.p9 /stl/torsten/git/macleod/qs/multidim_space_dim/definitions/conversions/eq_dim.p9 /stl/torsten/git/macleod/qs/multidim_mereotopology_dim/definitions/conversions/dim_defs.p9 /stl/torsten/git/macleod/qs/multidim_mereotopology_cont/conversions/cont_basic.p9 /stl/torsten/git/macleod/qs/multidim_space_codi/definitions/conversions/po.p9 /stl/torsten/git/macleod/qs/multidim_space_codi/conversions/codi_down.p9 /stl/torsten/git/macleod/qs/multidim_mereotopology_dim/conversions/dim_prime_linear.p9 /stl/torsten/git/macleod/qs/multidim_space_dim/definitions/conversions/dim_basic_defs.p9 /stl/torsten/git/macleod/qs/multidim_space_cont/conversions/cont_basic.p9 /stl/torsten/git/macleod/qs/multidim_space_codi/definitions/conversions/min_max_in_dim.p9 /stl/torsten/git/macleod/qs/multidim_mereotopology_dim/conversions/dim_prime_linear_unbounded.p9 /stl/torsten/git/macleod/qs/multidim_mereotopology_codi/conversions/codi_linear.p9 /stl/torsten/git/macleod/qs/multidim_mereotopology_codi/definitions/conversions/epp.p9 /stl/torsten/git/macleod/qs/multidim_space_dim/definitions/conversions/min_max_dim.p9 /stl/torsten/git/macleod/qs/multidim_space_dim/conversions/dim_prime_linear_unbounded.p9 /stl/torsten/git/macleod/qs/multidim_mereotopology_dim/definitions/conversions/dim_basic_defs.p9 /stl/torsten/git/macleod/qs/multidim_space_codi/definitions/conversions/inc.p9 /stl/torsten/git/macleod/qs/multidim_space_codi/conversions/codi_basic.p9 /stl/torsten/git/macleod/qs/multidim_space_codi/definitions/conversions/ep.p9 /stl/torsten/git/macleod/qs/multidim_mereotopology_dim/definitions/conversions/min_max_dim.p9 /stl/torsten/git/macleod/qs/multidim_mereotopology_codi/definitions/conversions/ep.p9 /stl/torsten/git/macleod/qs/multidim_space_cont/definitions/conversions/c.p9 /stl/torsten/git/macleod/qs/multidim_space_dim/conversions/dim_prime_linear.p9 /stl/torsten/git/macleod/qs/multidim_space_codi/definitions/conversions/sc.p9 /stl/torsten/git/macleod/qs/multidim_mereotopology_cont/definitions/conversions/c.p9".
============================== end of head ===========================

============================== INPUT =================================

% Reading from file /stl/torsten/git/macleod/qs/multidim_mereotopology_dim/definitions/conversions/eq_dim.p9


formulas(sos).
(all x all y (EqDim(x,y) <-> x <= y & y <= x)).
end_of_list.

% Reading from file /stl/torsten/git/macleod/qs/multidim_space_codi/consistency/conversions/codi_down_all_weak_nontrivial.p9


formulas(sos).
(exists x0 exists x1 (P(x0,x1) & x0 != x1)).
(exists x0 exists x1 (-P(x0,x1) & x0 != x1)).
(exists x0 exists x1 (P(x0,x1) & x1 != x0)).
(exists x0 exists x1 (-P(x0,x1) & x1 != x0)).
(exists x0 MaxDim(x0)).
(exists x0 -MaxDim(x0)).
(exists x0 exists x1 (Inc(x0,x1) & x0 != x1)).
(exists x0 exists x1 (-Inc(x0,x1) & x0 != x1)).
(exists x0 exists x1 (Inc(x0,x1) & x1 != x0)).
(exists x0 exists x1 (-Inc(x0,x1) & x1 != x0)).
(exists x0 ZEX(x0)).
(exists x0 -ZEX(x0)).
(exists x0 Min(x0)).
(exists x0 -Min(x0)).
(exists x0 exists x1 (x0 <= x1 & x0 != x1)).
(exists x0 exists x1 (-(x0 <= x1) & x0 != x1)).
(exists x0 exists x1 (x0 <= x1 & x1 != x0)).
(exists x0 exists x1 (-(x0 <= x1) & x1 != x0)).
(exists x0 exists x1 (PP(x0,x1) & x0 != x1)).
(exists x0 exists x1 (-PP(x0,x1) & x0 != x1)).
(exists x0 exists x1 (PP(x0,x1) & x1 != x0)).
(exists x0 exists x1 (-PP(x0,x1) & x1 != x0)).
(exists x0 exists x1 (EqDim(x0,x1) & x0 != x1)).
(exists x0 exists x1 (-EqDim(x0,x1) & x0 != x1)).
(exists x0 exists x1 (EqDim(x0,x1) & x1 != x0)).
(exists x0 exists x1 (-EqDim(x0,x1) & x1 != x0)).
(exists x0 exists x1 (PO(x0,x1) & x0 != x1)).
(exists x0 exists x1 (-PO(x0,x1) & x0 != x1)).
(exists x0 exists x1 (PO(x0,x1) & x1 != x0)).
(exists x0 exists x1 (-PO(x0,x1) & x1 != x0)).
(exists x0 exists x1 (x0 < x1 & x0 != x1)).
(exists x0 exists x1 (-(x0 < x1) & x0 != x1)).
(exists x0 exists x1 (x0 < x1 & x1 != x0)).
(exists x0 exists x1 (-(x0 < x1) & x1 != x0)).
(exists x0 exists x1 (SC(x0,x1) & x0 != x1)).
(exists x0 exists x1 (-SC(x0,x1) & x0 != x1)).
(exists x0 exists x1 (SC(x0,x1) & x1 != x0)).
(exists x0 exists x1 (-SC(x0,x1) & x1 != x0)).
(exists x0 exists x1 (x0 > x1 & x0 != x1)).
(exists x0 exists x1 (-(x0 > x1) & x0 != x1)).
(exists x0 exists x1 (x0 > x1 & x1 != x0)).
(exists x0 exists x1 (-(x0 > x1) & x1 != x0)).
(exists x0 exists x1 (C(x0,x1) & x0 != x1)).
(exists x0 exists x1 (-C(x0,x1) & x0 != x1)).
(exists x0 exists x1 (C(x0,x1) & x1 != x0)).
(exists x0 exists x1 (-C(x0,x1) & x1 != x0)).
(exists x0 MinDim(x0)).
(exists x0 -MinDim(x0)).
(exists x0 exists x1 (Cont(x0,x1) & x0 != x1)).
(exists x0 exists x1 (-Cont(x0,x1) & x0 != x1)).
(exists x0 exists x1 (Cont(x0,x1) & x1 != x0)).
(exists x0 exists x1 (-Cont(x0,x1) & x1 != x0)).
(exists x0 exists x1 (difference(x0,x1) & x0 != x1)).
(exists x0 exists x1 (-difference(x0,x1) & x0 != x1)).
(exists x0 exists x1 (difference(x0,x1) & x1 != x0)).
(exists x0 exists x1 (-difference(x0,x1) & x1 != x0)).
(exists x0 exists x1 (Covers(x0,x1) & x0 != x1)).
(exists x0 exists x1 (-Covers(x0,x1) & x0 != x1)).
(exists x0 exists x1 (Covers(x0,x1) & x1 != x0)).
(exists x0 exists x1 (-Covers(x0,x1) & x1 != x0)).
(exists x0 exists x1 (x0 >= x1 & x0 != x1)).
(exists x0 exists x1 (-(x0 >= x1) & x0 != x1)).
(exists x0 exists x1 (x0 >= x1 & x1 != x0)).
(exists x0 exists x1 (-(x0 >= x1) & x1 != x0)).
(exists x0 exists x1 (intersection(x0,x1) & x0 != x1)).
(exists x0 exists x1 (-intersection(x0,x1) & x0 != x1)).
(exists x0 exists x1 (intersection(x0,x1) & x1 != x0)).
(exists x0 exists x1 (-intersection(x0,x1) & x1 != x0)).
(exists x0 S(x0)).
(exists x0 -S(x0)).
(exists x0 Max(x0)).
(exists x0 -Max(x0)).
end_of_list.

% Reading from file /stl/torsten/git/macleod/qs/multidim_mereotopology_dim/definitions/conversions/covers.p9


formulas(sos).
(all x all y (Covers(x,y) <-> y < x & (all z -(y < z & z < x)))).
end_of_list.

% Reading from file /stl/torsten/git/macleod/qs/multidim_space_dim/definitions/conversions/eq_dim.p9


formulas(sos).
(all x all y (EqDim(x,y) <-> x <= y & y <= x)).
end_of_list.

% Reading from file /stl/torsten/git/macleod/qs/multidim_mereotopology_dim/definitions/conversions/dim_defs.p9


formulas(sos).
end_of_list.

% Reading from file /stl/torsten/git/macleod/qs/multidim_mereotopology_cont/conversions/cont_basic.p9


formulas(sos).
(all x (-ZEX(x) <-> Cont(x,x))).
(all x all y (Cont(x,y) & Cont(y,x) -> x = y)).
(all x all y all z (Cont(x,y) & Cont(y,z) -> Cont(x,z))).
(all x all y (ZEX(x) -> -Cont(y,x) & -Cont(x,y))).
(all x all y (ZEX(x) & ZEX(y) -> x = y)).
end_of_list.

% Reading from file /stl/torsten/git/macleod/qs/multidim_space_codi/definitions/conversions/po.p9


formulas(sos).
(all x all y (PO(x,y) <-> (exists z (P(z,x) & P(z,y))))).
end_of_list.

% Reading from file /stl/torsten/git/macleod/qs/multidim_space_codi/conversions/codi_down.p9


formulas(sos).
(all x all y (S(x) & S(y) & -C(x,y) <-> ZEX(intersection(x,y)))).
(all x all y (S(x) & S(y) & -ZEX(intersection(x,y)) -> Cont(intersection(x,y),x))).
(all x all y all z (Cont(z,x) & Cont(z,y) -> z <= intersection(x,y))).
(all x all y all z (Cont(z,x) & Cont(z,y) & EqDim(z,intersection(x,y)) <-> P(z,intersection(x,y)))).
(all x all y (S(x) & S(y) & -ZEX(difference(x,y)) -> EqDim(x,difference(x,y)))).
(all x all y (y < x -> x = difference(x,y))).
(all x all y all z (x <= y & Cont(z,x) & intersection(z,y) < z -> Cont(z,difference(x,y)))).
(all x all y all z (x <= y & Cont(z,difference(x,y)) -> Cont(z,x))).
(all x all y all z (x <= y & P(z,difference(x,y)) -> intersection(z,y) < z)).
(all x all y (ZEX(difference(x,y)) <-> ZEX(x) | Cont(x,y))).
end_of_list.

% Reading from file /stl/torsten/git/macleod/qs/multidim_mereotopology_dim/conversions/dim_prime_linear.p9


formulas(sos).
(exists x MinDim(x)).
end_of_list.

% Reading from file /stl/torsten/git/macleod/qs/multidim_space_dim/definitions/conversions/dim_basic_defs.p9


formulas(sos).
(all x all y (x > y <-> y < x)).
(all x all y (x >= y <-> y <= x)).
(all x all y (x < y <-> x <= y & -EqDim(x,y))).
end_of_list.

% Reading from file /stl/torsten/git/macleod/qs/multidim_space_cont/conversions/cont_basic.p9


formulas(sos).
(all x (S(x) & -ZEX(x) <-> Cont(x,x))).
(all x all y (Cont(x,y) & Cont(y,x) -> x = y)).
(all x all y all z (Cont(x,y) & Cont(y,z) -> Cont(x,z))).
(all x all y (ZEX(x) -> S(x) & -Cont(y,x) & -Cont(x,y))).
(all x all y (ZEX(x) & ZEX(y) -> x = y)).
end_of_list.

% Reading from file /stl/torsten/git/macleod/qs/multidim_space_codi/definitions/conversions/min_max_in_dim.p9


formulas(sos).
(all x (Max(x) <-> S(x) & -ZEX(x) & (all y -PP(x,y)))).
(all x (Min(x) <-> S(x) & -ZEX(x) & (all y -PP(y,x)))).
end_of_list.

% Reading from file /stl/torsten/git/macleod/qs/multidim_mereotopology_dim/conversions/dim_prime_linear_unbounded.p9


formulas(sos).
(all x x <= x).
(all x all y all z (x <= y & y <= z -> x <= z)).
(all x all y (ZEX(x) & ZEX(y) -> x = y)).
(all x all y (ZEX(x) -> x <= y)).
end_of_list.

% Reading from file /stl/torsten/git/macleod/qs/multidim_mereotopology_codi/conversions/codi_linear.p9


formulas(sos).
(all x all y (Cont(x,y) -> x < y | EqDim(x,y))).
end_of_list.

% Reading from file /stl/torsten/git/macleod/qs/multidim_mereotopology_codi/definitions/conversions/epp.p9


formulas(sos).
(all x all y (PP(x,y) <-> P(x,y) & x != y)).
end_of_list.

% Reading from file /stl/torsten/git/macleod/qs/multidim_space_dim/definitions/conversions/min_max_dim.p9


formulas(sos).
(all x (MaxDim(x) <-> S(x) & (all y (S(y) -> y <= x)))).
(all x (MinDim(x) <-> S(x) & -ZEX(x) & (all y (S(y) & y < x -> ZEX(y))))).
end_of_list.

% Reading from file /stl/torsten/git/macleod/qs/multidim_space_dim/conversions/dim_prime_linear_unbounded.p9


formulas(sos).
(all x all y (x <= y -> S(x))).
(all x all y (x <= y -> S(y))).
(all x (ZEX(x) -> S(x))).
(all x (S(x) -> x <= x)).
(all x all y all z (x <= y & y <= z -> x <= z)).
(all x all y (ZEX(x) & ZEX(y) -> x = y)).
(all x all y (ZEX(x) & S(y) -> x <= y)).
end_of_list.

% Reading from file /stl/torsten/git/macleod/qs/multidim_mereotopology_dim/definitions/conversions/dim_basic_defs.p9


formulas(sos).
(all x all y (x > y <-> y < x)).
(all x all y (x >= y <-> y <= x)).
(all x all y (x < y <-> x <= y & -EqDim(x,y))).
end_of_list.

% Reading from file /stl/torsten/git/macleod/qs/multidim_space_codi/definitions/conversions/inc.p9


formulas(sos).
(all x all y (Inc(x,y) <-> (exists z (z < x & Cont(z,x) & P(z,y))) | (exists z (z < y & Cont(z,y) & P(z,x))))).
end_of_list.

% Reading from file /stl/torsten/git/macleod/qs/multidim_space_codi/conversions/codi_basic.p9


formulas(sos).
(all x all y (Cont(x,y) -> x < y | EqDim(x,y))).
end_of_list.

% Reading from file /stl/torsten/git/macleod/qs/multidim_space_codi/definitions/conversions/ep.p9


formulas(sos).
(all x all y (P(x,y) <-> Cont(x,y) & EqDim(x,y))).
end_of_list.

% Reading from file /stl/torsten/git/macleod/qs/multidim_mereotopology_dim/definitions/conversions/min_max_dim.p9


formulas(sos).
(all x (MaxDim(x) <-> (all y y <= x))).
(all x (MinDim(x) <-> -ZEX(x) & (all y (y < x -> ZEX(y))))).
end_of_list.

% Reading from file /stl/torsten/git/macleod/qs/multidim_mereotopology_codi/definitions/conversions/ep.p9


formulas(sos).
(all x all y (P(x,y) <-> Cont(x,y) & EqDim(x,y))).
end_of_list.

% Reading from file /stl/torsten/git/macleod/qs/multidim_space_cont/definitions/conversions/c.p9


formulas(sos).
(all x all y (C(x,y) <-> (exists z (Cont(z,x) & Cont(z,y))))).
end_of_list.

% Reading from file /stl/torsten/git/macleod/qs/multidim_space_dim/conversions/dim_prime_linear.p9


formulas(sos).
(exists x MinDim(x)).
end_of_list.

% Reading from file /stl/torsten/git/macleod/qs/multidim_space_codi/definitions/conversions/sc.p9


formulas(sos).
(all x all y (SC(x,y) <-> (exists z (Cont(z,x) & Cont(z,y))) & (all z (Cont(z,x) & Cont(z,y) -> z < x & z < y)))).
end_of_list.

% Reading from file /stl/torsten/git/macleod/qs/multidim_mereotopology_cont/definitions/conversions/c.p9


formulas(sos).
(all x all y (C(x,y) <-> (exists z (Cont(z,x) & Cont(z,y))))).
end_of_list.

Fatal error:  The following symbols/arities are used as both relation and function symbols: intersection/2, difference/2

%%ERROR: The following symbols/arities are used as both relation and function symbols: intersection/2, difference/2.


Fatal error:  The following symbols/arities are used as both relation and function symbols: intersection/2, difference/2

============================= prover9 ================================
execution finished: Fri Aug 09 16:05:33 2013
total CPU time used: 0
The command was "prover9 -t600 -f /stl/torsten/git/macleod/qs/multidim_mereotopology_dim/definitions/conversions/eq_dim.p9 /stl/torsten/git/macleod/qs/multidim_space_codi/consistency/conversions/codi_down_all_weak_nontrivial.p9 /stl/torsten/git/macleod/qs/multidim_mereotopology_dim/definitions/conversions/covers.p9 /stl/torsten/git/macleod/qs/multidim_space_dim/definitions/conversions/eq_dim.p9 /stl/torsten/git/macleod/qs/multidim_mereotopology_dim/definitions/conversions/dim_defs.p9 /stl/torsten/git/macleod/qs/multidim_mereotopology_cont/conversions/cont_basic.p9 /stl/torsten/git/macleod/qs/multidim_space_codi/definitions/conversions/po.p9 /stl/torsten/git/macleod/qs/multidim_space_codi/conversions/codi_down.p9 /stl/torsten/git/macleod/qs/multidim_mereotopology_dim/conversions/dim_prime_linear.p9 /stl/torsten/git/macleod/qs/multidim_space_dim/definitions/conversions/dim_basic_defs.p9 /stl/torsten/git/macleod/qs/multidim_space_cont/conversions/cont_basic.p9 /stl/torsten/git/macleod/qs/multidim_space_codi/definitions/conversions/min_max_in_dim.p9 /stl/torsten/git/macleod/qs/multidim_mereotopology_dim/conversions/dim_prime_linear_unbounded.p9 /stl/torsten/git/macleod/qs/multidim_mereotopology_codi/conversions/codi_linear.p9 /stl/torsten/git/macleod/qs/multidim_mereotopology_codi/definitions/conversions/epp.p9 /stl/torsten/git/macleod/qs/multidim_space_dim/definitions/conversions/min_max_dim.p9 /stl/torsten/git/macleod/qs/multidim_space_dim/conversions/dim_prime_linear_unbounded.p9 /stl/torsten/git/macleod/qs/multidim_mereotopology_dim/definitions/conversions/dim_basic_defs.p9 /stl/torsten/git/macleod/qs/multidim_space_codi/definitions/conversions/inc.p9 /stl/torsten/git/macleod/qs/multidim_space_codi/conversions/codi_basic.p9 /stl/torsten/git/macleod/qs/multidim_space_codi/definitions/conversions/ep.p9 /stl/torsten/git/macleod/qs/multidim_mereotopology_dim/definitions/conversions/min_max_dim.p9 /stl/torsten/git/macleod/qs/multidim_mereotopology_codi/definitions/conversions/ep.p9 /stl/torsten/git/macleod/qs/multidim_space_cont/definitions/conversions/c.p9 /stl/torsten/git/macleod/qs/multidim_space_dim/conversions/dim_prime_linear.p9 /stl/torsten/git/macleod/qs/multidim_space_codi/definitions/conversions/sc.p9 /stl/torsten/git/macleod/qs/multidim_mereotopology_cont/definitions/conversions/c.p9"
Input read from 
============================ end of footer ===========================
