============================== Mace4 =================================
Mace4 (32) version Dec-2007, Dec 2007.
Process 16688 was started by torsten on torsten-2016,
Tue May  1 17:19:54 2018
The command was "/cygdrive/c/Reasoning/prover9-bin/bin-win32/mace4 -v0 -t600 -s60 -n2 -N20 -f C:\Users\torsten\Documents\github\colore\ontologies\multidim_space_codi\definitions\conversions\po.p9 C:\Users\torsten\Documents\github\colore\ontologies\multidim_space_dim\definitions\conversions\dim_basic_defs.p9 C:\Users\torsten\Documents\github\colore\ontologies\multidim_space_codi\conversions\codi_basic.p9 C:\Users\torsten\Documents\github\colore\ontologies\multidim_space_codi\conversions\codi_atomic.p9 C:\Users\torsten\Documents\github\colore\ontologies\multidim_space_codi\definitions\conversions\inc.p9 C:\Users\torsten\Documents\github\colore\ontologies\multidim_space_codi\definitions\conversions\min_max_in_dim.p9 C:\Users\torsten\Documents\github\colore\ontologies\multidim_space_cont\definitions\conversions\c.p9 C:\Users\torsten\Documents\github\colore\ontologies\multidim_space_codi\consistency\conversions\codi_atomic_2d_all_nontrivial.p9 C:\Users\torsten\Documents\github\colore\ontologies\multidim_space_codi\definitions\conversions\curve.p9 C:\Users\torsten\Documents\github\colore\ontologies\multidim_space_dim\conversions\dim_prime_linear_unbounded.p9 C:\Users\torsten\Documents\github\colore\ontologies\multidim_space_codi\definitions\conversions\sc.p9 C:\Users\torsten\Documents\github\colore\ontologies\multidim_space_codi\definitions\conversions\ep.p9 C:\Users\torsten\Documents\github\colore\ontologies\multidim_space_dim\definitions\conversions\eq_dim.p9 C:\Users\torsten\Documents\github\colore\ontologies\multidim_space_codi\conversions\codi_atomic_2d.p9 C:\Users\torsten\Documents\github\colore\ontologies\multidim_space_codi\definitions\conversions\areal_region.p9 C:\Users\torsten\Documents\github\colore\ontologies\multidim_space_codi\definitions\conversions\point_region.p9 C:\Users\torsten\Documents\github\colore\ontologies\multidim_space_dim\definitions\conversions\min_max_dim.p9 C:\Users\torsten\Documents\github\colore\ontologies\multidim_space_cont\conversions\cont_basic.p9 C:\Users\torsten\Documents\github\colore\ontologies\multidim_space_dim\conversions\dim_prime_linear.p9 C:\Users\torsten\Documents\github\colore\ontologies\multidim_space_dim\definitions\conversions\covers.p9 C:\Users\torsten\Documents\github\colore\ontologies\multidim_space_codi\conversions\codi.p9 C:\Users\torsten\Documents\github\colore\ontologies\multidim_space_codi\definitions\conversions\epp.p9".
============================== end of head ===========================

============================== INPUT =================================

% Reading from file C:\Users\torsten\Documents\github\colore\ontologies\multidim_space_codi\definitions\conversions\po.p9


formulas(sos).
(all x12 all x11 (po(x12,x11) <-> (exists x13 (p(x13,x12) & p(x13,x11))))).
end_of_list.

% Reading from file C:\Users\torsten\Documents\github\colore\ontologies\multidim_space_dim\definitions\conversions\dim_basic_defs.p9


formulas(sos).
(all x12 all x11 (gt(x12,x11) <-> lt(x11,x12))).
(all x22 all x21 (geq(x22,x21) <-> leq(x21,x22))).
(all x32 all x31 (lt(x32,x31) <-> leq(x32,x31) & -eqdim(x32,x31))).
end_of_list.

% Reading from file C:\Users\torsten\Documents\github\colore\ontologies\multidim_space_codi\conversions\codi_basic.p9


formulas(sos).
(all x12 all x11 (cont(x12,x11) -> leq(x12,x11))).
end_of_list.

% Reading from file C:\Users\torsten\Documents\github\colore\ontologies\multidim_space_codi\conversions\codi_atomic.p9


formulas(sos).
(all x12 (s(x12) & -zex(x12) -> (exists x11 (p(x11,x12) & (all x13 not(pp,x13,x11)))))).
end_of_list.

% Reading from file C:\Users\torsten\Documents\github\colore\ontologies\multidim_space_codi\definitions\conversions\inc.p9


formulas(sos).
(all x12 all x11 (inc(x12,x11) <-> (exists x13 (lt(x13,x12) & cont(x13,x12) & p(x13,x11))) | (exists x13 (lt(x13,x11) & cont(x13,x11) & p(x13,x12))))).
end_of_list.

% Reading from file C:\Users\torsten\Documents\github\colore\ontologies\multidim_space_codi\definitions\conversions\min_max_in_dim.p9


formulas(sos).
(all x12 (max(x12) <-> s(x12) & -zex(x12) & (all x11 -pp(x12,x11)))).
(all x22 (min(x22) <-> s(x22) & -zex(x22) & (all x21 -pp(x21,x22)))).
end_of_list.

% Reading from file C:\Users\torsten\Documents\github\colore\ontologies\multidim_space_cont\definitions\conversions\c.p9


formulas(sos).
(all x12 all x11 (c(x12,x11) <-> (exists x13 (cont(x13,x12) & cont(x13,x11))))).
end_of_list.

% Reading from file C:\Users\torsten\Documents\github\colore\ontologies\multidim_space_codi\consistency\conversions\codi_atomic_2d_all_nontrivial.p9


formulas(sos).
(exists x11 zex(x11)).
(exists x21 -zex(x21)).
(exists x32 exists x31 (pp(x32,x31) & x32 != x31)).
(exists x42 exists x41 (-pp(x42,x41) & x42 != x41)).
(exists x52 exists x51 (sc(x52,x51) & x52 != x51)).
(exists x62 exists x61 (-sc(x62,x61) & x62 != x61)).
(exists x71 mindim(x71)).
(exists x81 -mindim(x81)).
(exists x92 exists x91 (leq(x92,x91) & x92 != x91)).
(exists x102 exists x101 (-leq(x102,x101) & x102 != x101)).
(exists x112 exists x111 (po(x112,x111) & x112 != x111)).
(exists x122 exists x121 (-po(x122,x121) & x122 != x121)).
(exists x131 min(x131)).
(exists x141 -min(x141)).
(exists x152 exists x151 (p(x152,x151) & x152 != x151)).
(exists x162 exists x161 (-p(x162,x161) & x162 != x161)).
(exists x172 exists x171 (eqdim(x172,x171) & x172 != x171)).
(exists x182 exists x181 (-eqdim(x182,x181) & x182 != x181)).
(exists x191 pointregion(x191)).
(exists x201 -pointregion(x201)).
(exists x212 exists x211 (lt(x212,x211) & x212 != x211)).
(exists x222 exists x221 (-lt(x222,x221) & x222 != x221)).
(exists x231 arealregion(x231)).
(exists x241 -arealregion(x241)).
(exists x252 exists x251 (geq(x252,x251) & x252 != x251)).
(exists x262 exists x261 (-geq(x262,x261) & x262 != x261)).
(exists x272 exists x271 (cont(x272,x271) & x272 != x271)).
(exists x282 exists x281 (-cont(x282,x281) & x282 != x281)).
(exists x291 curve(x291)).
(exists x301 -curve(x301)).
(exists x312 exists x311 (gt(x312,x311) & x312 != x311)).
(exists x322 exists x321 (-gt(x322,x321) & x322 != x321)).
(exists x331 max(x331)).
(exists x341 -max(x341)).
(exists x351 s(x351)).
(exists x361 -s(x361)).
(exists x371 maxdim(x371)).
(exists x381 -maxdim(x381)).
(exists x392 exists x391 (c(x392,x391) & x392 != x391)).
(exists x402 exists x401 (-c(x402,x401) & x402 != x401)).
(exists x412 exists x411 (covers(x412,x411) & x412 != x411)).
(exists x422 exists x421 (-covers(x422,x421) & x422 != x421)).
(exists x432 exists x431 (inc(x432,x431) & x432 != x431)).
(exists x442 exists x441 (-inc(x442,x441) & x442 != x441)).
end_of_list.

% Reading from file C:\Users\torsten\Documents\github\colore\ontologies\multidim_space_codi\definitions\conversions\curve.p9


formulas(sos).
(all x12 (curve(x12) <-> -mindim(x12) & (all x11 (mindim(x11) <-> covers(x12,x11))))).
end_of_list.

% Reading from file C:\Users\torsten\Documents\github\colore\ontologies\multidim_space_dim\conversions\dim_prime_linear_unbounded.p9


formulas(sos).
(all x12 all x11 (leq(x12,x11) -> s(x12))).
(all x22 all x21 (leq(x22,x21) -> s(x21))).
(all x31 (zex(x31) -> s(x31))).
(all x41 (s(x41) -> leq(x41,x41))).
(all x52 all x51 all x53 (leq(x52,x51) & leq(x51,x53) -> leq(x52,x53))).
(all x62 all x61 (zex(x62) & zex(x61) -> x62 = x61)).
(all x72 all x71 (zex(x72) & s(x71) -> leq(x72,x71))).
end_of_list.

% Reading from file C:\Users\torsten\Documents\github\colore\ontologies\multidim_space_codi\definitions\conversions\sc.p9


formulas(sos).
(all x12 all x11 (sc(x12,x11) <-> (exists x13 (cont(x13,x12) & cont(x13,x11))) & (all x13 (cont(x13,x12) & cont(x13,x11) -> lt(x13,x12) & lt(x13,x11))))).
end_of_list.

% Reading from file C:\Users\torsten\Documents\github\colore\ontologies\multidim_space_codi\definitions\conversions\ep.p9


formulas(sos).
(all x12 all x11 (p(x12,x11) <-> cont(x12,x11) & eqdim(x12,x11))).
end_of_list.

% Reading from file C:\Users\torsten\Documents\github\colore\ontologies\multidim_space_dim\definitions\conversions\eq_dim.p9


formulas(sos).
(all x12 all x11 (eqdim(x12,x11) <-> leq(x12,x11) & leq(x11,x12))).
end_of_list.

% Reading from file C:\Users\torsten\Documents\github\colore\ontologies\multidim_space_codi\conversions\codi_atomic_2d.p9


formulas(sos).
(all x2 (s(x2) -> zex(x2) | pointregion(x2) | curve(x2) | arealregion(x2))).
end_of_list.

% Reading from file C:\Users\torsten\Documents\github\colore\ontologies\multidim_space_codi\definitions\conversions\areal_region.p9


formulas(sos).
(all x12 (arealregion(x12) <-> (all x11 (curve(x11) -> covers(x12,x11))))).
end_of_list.

% Reading from file C:\Users\torsten\Documents\github\colore\ontologies\multidim_space_codi\definitions\conversions\point_region.p9


formulas(sos).
(all x2 (pointregion(x2) <-> mindim(x2))).
end_of_list.

% Reading from file C:\Users\torsten\Documents\github\colore\ontologies\multidim_space_dim\definitions\conversions\min_max_dim.p9


formulas(sos).
(all x12 (maxdim(x12) <-> s(x12) & -zex(x12) & (all x11 (s(x11) -> leq(x11,x12))))).
(all x22 (mindim(x22) <-> s(x22) & -zex(x22) & (all x21 (s(x21) & -zex(x21) -> leq(x22,x21))))).
end_of_list.

% Reading from file C:\Users\torsten\Documents\github\colore\ontologies\multidim_space_cont\conversions\cont_basic.p9


formulas(sos).
(all x11 (s(x11) & -zex(x11) <-> cont(x11,x11))).
(all x22 all x21 (cont(x22,x21) & cont(x21,x22) -> x22 = x21)).
(all x32 all x31 all x33 (cont(x32,x31) & cont(x31,x33) -> cont(x32,x33))).
(all x42 all x41 (zex(x42) -> s(x42) & -cont(x41,x42) & -cont(x42,x41))).
(all x52 all x51 (zex(x52) & zex(x51) -> x52 = x51)).
end_of_list.

% Reading from file C:\Users\torsten\Documents\github\colore\ontologies\multidim_space_dim\conversions\dim_prime_linear.p9


formulas(sos).
(exists x2 mindim(x2)).
end_of_list.

% Reading from file C:\Users\torsten\Documents\github\colore\ontologies\multidim_space_dim\definitions\conversions\covers.p9


formulas(sos).
(all x12 all x11 (covers(x12,x11) <-> lt(x11,x12) & (all x13 (s(x13) -> -(lt(x11,x13) & lt(x13,x12)))))).
end_of_list.

% Reading from file C:\Users\torsten\Documents\github\colore\ontologies\multidim_space_codi\conversions\codi.p9


formulas(sos).
end_of_list.

% Reading from file C:\Users\torsten\Documents\github\colore\ontologies\multidim_space_codi\definitions\conversions\epp.p9


formulas(sos).
(all x12 all x11 (pp(x12,x11) <-> p(x12,x11) & x12 != x11)).
end_of_list.

Fatal error:  The following symbols are used with multiple arities: pp/2, pp/0

%%ERROR: The following symbols are used with multiple arities: pp/2, pp/0.


Fatal error:  The following symbols are used with multiple arities: pp/2, pp/0

============================= C:\Reasoning\prover9-bin\bin-win32\mace4 ================================
execution finished: Tue May 01 17:19:55 2018
total CPU time used: 0
The command was "C:\Reasoning\prover9-bin\bin-win32\mace4 -v0 -t600 -s60 -n2 -N20 -f C:\Users\torsten\Documents\github\colore\ontologies\multidim_space_codi\definitions\conversions\po.p9 C:\Users\torsten\Documents\github\colore\ontologies\multidim_space_dim\definitions\conversions\dim_basic_defs.p9 C:\Users\torsten\Documents\github\colore\ontologies\multidim_space_codi\conversions\codi_basic.p9 C:\Users\torsten\Documents\github\colore\ontologies\multidim_space_codi\conversions\codi_atomic.p9 C:\Users\torsten\Documents\github\colore\ontologies\multidim_space_codi\definitions\conversions\inc.p9 C:\Users\torsten\Documents\github\colore\ontologies\multidim_space_codi\definitions\conversions\min_max_in_dim.p9 C:\Users\torsten\Documents\github\colore\ontologies\multidim_space_cont\definitions\conversions\c.p9 C:\Users\torsten\Documents\github\colore\ontologies\multidim_space_codi\consistency\conversions\codi_atomic_2d_all_nontrivial.p9 C:\Users\torsten\Documents\github\colore\ontologies\multidim_space_codi\definitions\conversions\curve.p9 C:\Users\torsten\Documents\github\colore\ontologies\multidim_space_dim\conversions\dim_prime_linear_unbounded.p9 C:\Users\torsten\Documents\github\colore\ontologies\multidim_space_codi\definitions\conversions\sc.p9 C:\Users\torsten\Documents\github\colore\ontologies\multidim_space_codi\definitions\conversions\ep.p9 C:\Users\torsten\Documents\github\colore\ontologies\multidim_space_dim\definitions\conversions\eq_dim.p9 C:\Users\torsten\Documents\github\colore\ontologies\multidim_space_codi\conversions\codi_atomic_2d.p9 C:\Users\torsten\Documents\github\colore\ontologies\multidim_space_codi\definitions\conversions\areal_region.p9 C:\Users\torsten\Documents\github\colore\ontologies\multidim_space_codi\definitions\conversions\point_region.p9 C:\Users\torsten\Documents\github\colore\ontologies\multidim_space_dim\definitions\conversions\min_max_dim.p9 C:\Users\torsten\Documents\github\colore\ontologies\multidim_space_cont\conversions\cont_basic.p9 C:\Users\torsten\Documents\github\colore\ontologies\multidim_space_dim\conversions\dim_prime_linear.p9 C:\Users\torsten\Documents\github\colore\ontologies\multidim_space_dim\definitions\conversions\covers.p9 C:\Users\torsten\Documents\github\colore\ontologies\multidim_space_codi\conversions\codi.p9 C:\Users\torsten\Documents\github\colore\ontologies\multidim_space_codi\definitions\conversions\epp.p9"
Input read from 
============================ end of footer ===========================
