Paradox, version 3.0, 2008-07-29.
+++ PROBLEM: C:\Users\torsten\Documents\github\colore\ontologies\multidim_space_codi\consistency\conversions\codi_atomic_2d_all_nontrivial.all.tptp
Reading 'C:\Users\torsten\Documents\github\colore\ontologies\multidim_space_codi\consistency\conversions\codi_atomic_2d_all_nontrivial.all.tptp' ... OK
+++ SOLVING: C:\Users\torsten\Documents\github\colore\ontologies\multidim_space_codi\consistency\conversions\codi_atomic_2d_all_nontrivial.all.tptp
domain size 1
domain size 2
domain size 3
domain size 4
domain size 5
domain size 6
+++ BEGIN MODEL
SZS output start FiniteModel for C:\Users\torsten\Documents\github\colore\ontologies\multidim_space_codi\consistency\conversions\codi_atomic_2d_all_nontrivial.all.tptp
% domain size is 6
fof(domain, fi_domain,
  (![X] : (X = "1" | X = "2" | X = "3" | X = "4" | X = "5" | X = "6"))
).

fof(arealregion, fi_predicates,
  ( arealregion("1") <=> $false
  & arealregion("2") <=> $false
  & arealregion("3") <=> $false
  & arealregion("4") <=> $false
  & arealregion("5") <=> $false
  & arealregion("6") <=> $true
  )
).

fof(c, fi_predicates,
  ( c("1","1") <=> $false
  & c("1","2") <=> $false
  & c("1","3") <=> $false
  & c("1","4") <=> $false
  & c("1","5") <=> $false
  & c("1","6") <=> $false
  & c("2","1") <=> $false
  & c("2","2") <=> $true
  & c("2","3") <=> $true
  & c("2","4") <=> $true
  & c("2","5") <=> $false
  & c("2","6") <=> $true
  & c("3","1") <=> $false
  & c("3","2") <=> $true
  & c("3","3") <=> $true
  & c("3","4") <=> $true
  & c("3","5") <=> $false
  & c("3","6") <=> $true
  & c("4","1") <=> $false
  & c("4","2") <=> $true
  & c("4","3") <=> $true
  & c("4","4") <=> $true
  & c("4","5") <=> $false
  & c("4","6") <=> $true
  & c("5","1") <=> $false
  & c("5","2") <=> $false
  & c("5","3") <=> $false
  & c("5","4") <=> $false
  & c("5","5") <=> $false
  & c("5","6") <=> $false
  & c("6","1") <=> $false
  & c("6","2") <=> $true
  & c("6","3") <=> $true
  & c("6","4") <=> $true
  & c("6","5") <=> $false
  & c("6","6") <=> $true
  )
).

fof(cont, fi_predicates,
  ( cont("1","1") <=> $false
  & cont("1","2") <=> $false
  & cont("1","3") <=> $false
  & cont("1","4") <=> $false
  & cont("1","5") <=> $false
  & cont("1","6") <=> $false
  & cont("2","1") <=> $false
  & cont("2","2") <=> $true
  & cont("2","3") <=> $true
  & cont("2","4") <=> $true
  & cont("2","5") <=> $false
  & cont("2","6") <=> $true
  & cont("3","1") <=> $false
  & cont("3","2") <=> $false
  & cont("3","3") <=> $true
  & cont("3","4") <=> $false
  & cont("3","5") <=> $false
  & cont("3","6") <=> $false
  & cont("4","1") <=> $false
  & cont("4","2") <=> $false
  & cont("4","3") <=> $false
  & cont("4","4") <=> $true
  & cont("4","5") <=> $false
  & cont("4","6") <=> $false
  & cont("5","1") <=> $false
  & cont("5","2") <=> $false
  & cont("5","3") <=> $false
  & cont("5","4") <=> $false
  & cont("5","5") <=> $false
  & cont("5","6") <=> $false
  & cont("6","1") <=> $false
  & cont("6","2") <=> $false
  & cont("6","3") <=> $false
  & cont("6","4") <=> $false
  & cont("6","5") <=> $false
  & cont("6","6") <=> $true
  )
).

fof(covers, fi_predicates,
  ( covers("1","1") <=> $false
  & covers("1","2") <=> $false
  & covers("1","3") <=> $false
  & covers("1","4") <=> $false
  & covers("1","5") <=> $false
  & covers("1","6") <=> $false
  & covers("2","1") <=> $true
  & covers("2","2") <=> $false
  & covers("2","3") <=> $false
  & covers("2","4") <=> $false
  & covers("2","5") <=> $false
  & covers("2","6") <=> $false
  & covers("3","1") <=> $false
  & covers("3","2") <=> $true
  & covers("3","3") <=> $false
  & covers("3","4") <=> $true
  & covers("3","5") <=> $false
  & covers("3","6") <=> $false
  & covers("4","1") <=> $true
  & covers("4","2") <=> $false
  & covers("4","3") <=> $false
  & covers("4","4") <=> $false
  & covers("4","5") <=> $false
  & covers("4","6") <=> $false
  & covers("5","1") <=> $false
  & covers("5","2") <=> $false
  & covers("5","3") <=> $false
  & covers("5","4") <=> $false
  & covers("5","5") <=> $false
  & covers("5","6") <=> $false
  & covers("6","1") <=> $false
  & covers("6","2") <=> $false
  & covers("6","3") <=> $true
  & covers("6","4") <=> $false
  & covers("6","5") <=> $false
  & covers("6","6") <=> $false
  )
).

fof(curve, fi_predicates,
  ( curve("1") <=> $false
  & curve("2") <=> $false
  & curve("3") <=> $true
  & curve("4") <=> $false
  & curve("5") <=> $false
  & curve("6") <=> $false
  )
).

fof(eqdim, fi_predicates,
  ( eqdim("1","1") <=> $true
  & eqdim("1","2") <=> $false
  & eqdim("1","3") <=> $false
  & eqdim("1","4") <=> $false
  & eqdim("1","5") <=> $false
  & eqdim("1","6") <=> $false
  & eqdim("2","1") <=> $false
  & eqdim("2","2") <=> $true
  & eqdim("2","3") <=> $false
  & eqdim("2","4") <=> $true
  & eqdim("2","5") <=> $false
  & eqdim("2","6") <=> $false
  & eqdim("3","1") <=> $false
  & eqdim("3","2") <=> $false
  & eqdim("3","3") <=> $true
  & eqdim("3","4") <=> $false
  & eqdim("3","5") <=> $false
  & eqdim("3","6") <=> $false
  & eqdim("4","1") <=> $false
  & eqdim("4","2") <=> $true
  & eqdim("4","3") <=> $false
  & eqdim("4","4") <=> $true
  & eqdim("4","5") <=> $false
  & eqdim("4","6") <=> $false
  & eqdim("5","1") <=> $false
  & eqdim("5","2") <=> $false
  & eqdim("5","3") <=> $false
  & eqdim("5","4") <=> $false
  & eqdim("5","5") <=> $false
  & eqdim("5","6") <=> $false
  & eqdim("6","1") <=> $false
  & eqdim("6","2") <=> $false
  & eqdim("6","3") <=> $false
  & eqdim("6","4") <=> $false
  & eqdim("6","5") <=> $false
  & eqdim("6","6") <=> $true
  )
).

fof(geq, fi_predicates,
  ( geq("1","1") <=> $true
  & geq("1","2") <=> $false
  & geq("1","3") <=> $false
  & geq("1","4") <=> $false
  & geq("1","5") <=> $false
  & geq("1","6") <=> $false
  & geq("2","1") <=> $true
  & geq("2","2") <=> $true
  & geq("2","3") <=> $false
  & geq("2","4") <=> $true
  & geq("2","5") <=> $false
  & geq("2","6") <=> $false
  & geq("3","1") <=> $true
  & geq("3","2") <=> $true
  & geq("3","3") <=> $true
  & geq("3","4") <=> $true
  & geq("3","5") <=> $false
  & geq("3","6") <=> $false
  & geq("4","1") <=> $true
  & geq("4","2") <=> $true
  & geq("4","3") <=> $false
  & geq("4","4") <=> $true
  & geq("4","5") <=> $false
  & geq("4","6") <=> $false
  & geq("5","1") <=> $false
  & geq("5","2") <=> $false
  & geq("5","3") <=> $false
  & geq("5","4") <=> $false
  & geq("5","5") <=> $false
  & geq("5","6") <=> $false
  & geq("6","1") <=> $true
  & geq("6","2") <=> $true
  & geq("6","3") <=> $true
  & geq("6","4") <=> $true
  & geq("6","5") <=> $false
  & geq("6","6") <=> $true
  )
).

fof(gt, fi_predicates,
  ( gt("1","1") <=> $false
  & gt("1","2") <=> $false
  & gt("1","3") <=> $false
  & gt("1","4") <=> $false
  & gt("1","5") <=> $false
  & gt("1","6") <=> $false
  & gt("2","1") <=> $true
  & gt("2","2") <=> $false
  & gt("2","3") <=> $false
  & gt("2","4") <=> $false
  & gt("2","5") <=> $false
  & gt("2","6") <=> $false
  & gt("3","1") <=> $true
  & gt("3","2") <=> $true
  & gt("3","3") <=> $false
  & gt("3","4") <=> $true
  & gt("3","5") <=> $false
  & gt("3","6") <=> $false
  & gt("4","1") <=> $true
  & gt("4","2") <=> $false
  & gt("4","3") <=> $false
  & gt("4","4") <=> $false
  & gt("4","5") <=> $false
  & gt("4","6") <=> $false
  & gt("5","1") <=> $false
  & gt("5","2") <=> $false
  & gt("5","3") <=> $false
  & gt("5","4") <=> $false
  & gt("5","5") <=> $false
  & gt("5","6") <=> $false
  & gt("6","1") <=> $true
  & gt("6","2") <=> $true
  & gt("6","3") <=> $true
  & gt("6","4") <=> $true
  & gt("6","5") <=> $false
  & gt("6","6") <=> $false
  )
).

fof(inc, fi_predicates,
  ( inc("1","1") <=> $false
  & inc("1","2") <=> $false
  & inc("1","3") <=> $false
  & inc("1","4") <=> $false
  & inc("1","5") <=> $false
  & inc("1","6") <=> $false
  & inc("2","1") <=> $false
  & inc("2","2") <=> $false
  & inc("2","3") <=> $true
  & inc("2","4") <=> $false
  & inc("2","5") <=> $false
  & inc("2","6") <=> $true
  & inc("3","1") <=> $false
  & inc("3","2") <=> $true
  & inc("3","3") <=> $false
  & inc("3","4") <=> $true
  & inc("3","5") <=> $false
  & inc("3","6") <=> $false
  & inc("4","1") <=> $false
  & inc("4","2") <=> $false
  & inc("4","3") <=> $true
  & inc("4","4") <=> $false
  & inc("4","5") <=> $false
  & inc("4","6") <=> $true
  & inc("5","1") <=> $false
  & inc("5","2") <=> $false
  & inc("5","3") <=> $false
  & inc("5","4") <=> $false
  & inc("5","5") <=> $false
  & inc("5","6") <=> $false
  & inc("6","1") <=> $false
  & inc("6","2") <=> $true
  & inc("6","3") <=> $false
  & inc("6","4") <=> $true
  & inc("6","5") <=> $false
  & inc("6","6") <=> $false
  )
).

fof(leq, fi_predicates,
  ( leq("1","1") <=> $true
  & leq("1","2") <=> $true
  & leq("1","3") <=> $true
  & leq("1","4") <=> $true
  & leq("1","5") <=> $false
  & leq("1","6") <=> $true
  & leq("2","1") <=> $false
  & leq("2","2") <=> $true
  & leq("2","3") <=> $true
  & leq("2","4") <=> $true
  & leq("2","5") <=> $false
  & leq("2","6") <=> $true
  & leq("3","1") <=> $false
  & leq("3","2") <=> $false
  & leq("3","3") <=> $true
  & leq("3","4") <=> $false
  & leq("3","5") <=> $false
  & leq("3","6") <=> $true
  & leq("4","1") <=> $false
  & leq("4","2") <=> $true
  & leq("4","3") <=> $true
  & leq("4","4") <=> $true
  & leq("4","5") <=> $false
  & leq("4","6") <=> $true
  & leq("5","1") <=> $false
  & leq("5","2") <=> $false
  & leq("5","3") <=> $false
  & leq("5","4") <=> $false
  & leq("5","5") <=> $false
  & leq("5","6") <=> $false
  & leq("6","1") <=> $false
  & leq("6","2") <=> $false
  & leq("6","3") <=> $false
  & leq("6","4") <=> $false
  & leq("6","5") <=> $false
  & leq("6","6") <=> $true
  )
).

fof(lt, fi_predicates,
  ( lt("1","1") <=> $false
  & lt("1","2") <=> $true
  & lt("1","3") <=> $true
  & lt("1","4") <=> $true
  & lt("1","5") <=> $false
  & lt("1","6") <=> $true
  & lt("2","1") <=> $false
  & lt("2","2") <=> $false
  & lt("2","3") <=> $true
  & lt("2","4") <=> $false
  & lt("2","5") <=> $false
  & lt("2","6") <=> $true
  & lt("3","1") <=> $false
  & lt("3","2") <=> $false
  & lt("3","3") <=> $false
  & lt("3","4") <=> $false
  & lt("3","5") <=> $false
  & lt("3","6") <=> $true
  & lt("4","1") <=> $false
  & lt("4","2") <=> $false
  & lt("4","3") <=> $true
  & lt("4","4") <=> $false
  & lt("4","5") <=> $false
  & lt("4","6") <=> $true
  & lt("5","1") <=> $false
  & lt("5","2") <=> $false
  & lt("5","3") <=> $false
  & lt("5","4") <=> $false
  & lt("5","5") <=> $false
  & lt("5","6") <=> $false
  & lt("6","1") <=> $false
  & lt("6","2") <=> $false
  & lt("6","3") <=> $false
  & lt("6","4") <=> $false
  & lt("6","5") <=> $false
  & lt("6","6") <=> $false
  )
).

fof(max, fi_predicates,
  ( max("1") <=> $false
  & max("2") <=> $false
  & max("3") <=> $true
  & max("4") <=> $true
  & max("5") <=> $false
  & max("6") <=> $true
  )
).

fof(maxdim, fi_predicates,
  ( maxdim("1") <=> $false
  & maxdim("2") <=> $false
  & maxdim("3") <=> $false
  & maxdim("4") <=> $false
  & maxdim("5") <=> $false
  & maxdim("6") <=> $true
  )
).

fof(min, fi_predicates,
  ( min("1") <=> $false
  & min("2") <=> $true
  & min("3") <=> $true
  & min("4") <=> $false
  & min("5") <=> $false
  & min("6") <=> $true
  )
).

fof(mindim, fi_predicates,
  ( mindim("1") <=> $false
  & mindim("2") <=> $true
  & mindim("3") <=> $false
  & mindim("4") <=> $true
  & mindim("5") <=> $false
  & mindim("6") <=> $false
  )
).

fof(not, fi_predicates,
  ( ![X1,X2,X3] : not(X1,X2,X3) <=> $true
  )
).

fof(p, fi_predicates,
  ( p("1","1") <=> $false
  & p("1","2") <=> $false
  & p("1","3") <=> $false
  & p("1","4") <=> $false
  & p("1","5") <=> $false
  & p("1","6") <=> $false
  & p("2","1") <=> $false
  & p("2","2") <=> $true
  & p("2","3") <=> $false
  & p("2","4") <=> $true
  & p("2","5") <=> $false
  & p("2","6") <=> $false
  & p("3","1") <=> $false
  & p("3","2") <=> $false
  & p("3","3") <=> $true
  & p("3","4") <=> $false
  & p("3","5") <=> $false
  & p("3","6") <=> $false
  & p("4","1") <=> $false
  & p("4","2") <=> $false
  & p("4","3") <=> $false
  & p("4","4") <=> $true
  & p("4","5") <=> $false
  & p("4","6") <=> $false
  & p("5","1") <=> $false
  & p("5","2") <=> $false
  & p("5","3") <=> $false
  & p("5","4") <=> $false
  & p("5","5") <=> $false
  & p("5","6") <=> $false
  & p("6","1") <=> $false
  & p("6","2") <=> $false
  & p("6","3") <=> $false
  & p("6","4") <=> $false
  & p("6","5") <=> $false
  & p("6","6") <=> $true
  )
).

fof(po, fi_predicates,
  ( po("1","1") <=> $false
  & po("1","2") <=> $false
  & po("1","3") <=> $false
  & po("1","4") <=> $false
  & po("1","5") <=> $false
  & po("1","6") <=> $false
  & po("2","1") <=> $false
  & po("2","2") <=> $true
  & po("2","3") <=> $false
  & po("2","4") <=> $true
  & po("2","5") <=> $false
  & po("2","6") <=> $false
  & po("3","1") <=> $false
  & po("3","2") <=> $false
  & po("3","3") <=> $true
  & po("3","4") <=> $false
  & po("3","5") <=> $false
  & po("3","6") <=> $false
  & po("4","1") <=> $false
  & po("4","2") <=> $true
  & po("4","3") <=> $false
  & po("4","4") <=> $true
  & po("4","5") <=> $false
  & po("4","6") <=> $false
  & po("5","1") <=> $false
  & po("5","2") <=> $false
  & po("5","3") <=> $false
  & po("5","4") <=> $false
  & po("5","5") <=> $false
  & po("5","6") <=> $false
  & po("6","1") <=> $false
  & po("6","2") <=> $false
  & po("6","3") <=> $false
  & po("6","4") <=> $false
  & po("6","5") <=> $false
  & po("6","6") <=> $true
  )
).

fof(pointregion, fi_predicates,
  ( pointregion("1") <=> $false
  & pointregion("2") <=> $true
  & pointregion("3") <=> $false
  & pointregion("4") <=> $true
  & pointregion("5") <=> $false
  & pointregion("6") <=> $false
  )
).

fof(pp, fi_predicates,
  ( pp("1","1") <=> $false
  & pp("1","2") <=> $false
  & pp("1","3") <=> $false
  & pp("1","4") <=> $false
  & pp("1","5") <=> $false
  & pp("1","6") <=> $false
  & pp("2","1") <=> $false
  & pp("2","2") <=> $false
  & pp("2","3") <=> $false
  & pp("2","4") <=> $true
  & pp("2","5") <=> $false
  & pp("2","6") <=> $false
  & pp("3","1") <=> $false
  & pp("3","2") <=> $false
  & pp("3","3") <=> $false
  & pp("3","4") <=> $false
  & pp("3","5") <=> $false
  & pp("3","6") <=> $false
  & pp("4","1") <=> $false
  & pp("4","2") <=> $false
  & pp("4","3") <=> $false
  & pp("4","4") <=> $false
  & pp("4","5") <=> $false
  & pp("4","6") <=> $false
  & pp("5","1") <=> $false
  & pp("5","2") <=> $false
  & pp("5","3") <=> $false
  & pp("5","4") <=> $false
  & pp("5","5") <=> $false
  & pp("5","6") <=> $false
  & pp("6","1") <=> $false
  & pp("6","2") <=> $false
  & pp("6","3") <=> $false
  & pp("6","4") <=> $false
  & pp("6","5") <=> $false
  & pp("6","6") <=> $false
  )
).

fof(s, fi_predicates,
  ( s("1") <=> $true
  & s("2") <=> $true
  & s("3") <=> $true
  & s("4") <=> $true
  & s("5") <=> $false
  & s("6") <=> $true
  )
).

fof(sc, fi_predicates,
  ( sc("1","1") <=> $false
  & sc("1","2") <=> $false
  & sc("1","3") <=> $false
  & sc("1","4") <=> $false
  & sc("1","5") <=> $false
  & sc("1","6") <=> $false
  & sc("2","1") <=> $false
  & sc("2","2") <=> $false
  & sc("2","3") <=> $false
  & sc("2","4") <=> $false
  & sc("2","5") <=> $false
  & sc("2","6") <=> $false
  & sc("3","1") <=> $false
  & sc("3","2") <=> $false
  & sc("3","3") <=> $false
  & sc("3","4") <=> $false
  & sc("3","5") <=> $false
  & sc("3","6") <=> $true
  & sc("4","1") <=> $false
  & sc("4","2") <=> $false
  & sc("4","3") <=> $false
  & sc("4","4") <=> $false
  & sc("4","5") <=> $false
  & sc("4","6") <=> $false
  & sc("5","1") <=> $false
  & sc("5","2") <=> $false
  & sc("5","3") <=> $false
  & sc("5","4") <=> $false
  & sc("5","5") <=> $false
  & sc("5","6") <=> $false
  & sc("6","1") <=> $false
  & sc("6","2") <=> $false
  & sc("6","3") <=> $true
  & sc("6","4") <=> $false
  & sc("6","5") <=> $false
  & sc("6","6") <=> $false
  )
).

fof(zex, fi_predicates,
  ( zex("1") <=> $true
  & zex("2") <=> $false
  & zex("3") <=> $false
  & zex("4") <=> $false
  & zex("5") <=> $false
  & zex("6") <=> $false
  )
).
SZS output end FiniteModel for C:\Users\torsten\Documents\github\colore\ontologies\multidim_space_codi\consistency\conversions\codi_atomic_2d_all_nontrivial.all.tptp
+++ END MODEL
+++ RESULT: Satisfiable
SZS status Satisfiable for C:\Users\torsten\Documents\github\colore\ontologies\multidim_space_codi\consistency\conversions\codi_atomic_2d_all_nontrivial.all.tptp
============================= C:\Reasoning\paradox3 ================================
execution finished: Tue May 01 17:19:55 2018
total CPU time used: 0
The command was "C:\Reasoning\paradox3 --time 600 --verbose 2 --model --tstp C:\Users\torsten\Documents\github\colore\ontologies\multidim_space_codi\consistency\conversions\codi_atomic_2d_all_nontrivial.all.tptp"
Input read from 
============================ end of footer ===========================
