============================== Prover9 ===============================
Prover9 (64) version 2009-11A, November 2009.
Process 15863 was started by cchui on stl-ws4.mie.utoronto.ca,
Mon Sep 30 23:51:00 2013
The command was "prover9 -t 120 -f test/p9/dolce_participation.p9 test/p9/dolce_participation2ideal_cem_plane_downward_in_foliation.p9 test/p9/dolce_present.p9 test/p9/dolce_time_mereology.p9 test/p9/dolce_taxonomy.p9 test/p9/options.txt test/p9/ex0930_participation1_7.p9".
============================== end of head ===========================

============================== INPUT =================================

% Reading from file test/p9/dolce_participation.p9


formulas(sos).
(all x all y all t (PC(x,y,t) -> ED(x) & PD(y) & T(t))).
(all x all t (PD(x) & PRE(x,t) -> (exists y PC(y,x,t)))).
(all x (ED(x) -> (exists y exists t PC(x,y,t)))).
(all x all y all t (PC(x,y,t) -> PRE(x,t) & PRE(y,t))).
(all x all y all t (PC(x,y,t) <-> (all t1 (P(t1,t) -> PC(x,y,t1))))).
end_of_list.

% Reading from file test/p9/dolce_participation2ideal_cem_plane_downward_in_foliation.p9


formulas(sos).
(all x (point1(x) <-> T(x))).
(all x (line1(x) <-> PD(x))).
(all x (plane1(x) <-> ED(x))).
(all x all y (in1(x,y) <-> PRE(x,y) & T(y) & (ED(x) | PD(x) | Q(x)) | PRE(y,x) & T(x) & (ED(y) | PD(y) | Q(y)) | x = y & (ED(y) | PD(y) | Q(y) | T(y)))).
(all x all y all z (tin1(x,y,z) <-> PC(x,y,z))).
(all x all y (part1(x,y) <-> P(x,y) & T(x) & T(y))).
(all x (L_1(x) <-> ED(x))).
(all x (L_2(x) <-> PD(x))).
(all x (L_3(x) <-> Q(x))).
end_of_list.

% Reading from file test/p9/dolce_present.p9


formulas(sos).
(all x (ED(x) | PD(x) | Q(x) -> (exists t PRE(x,t)))).
(all x all t all t1 (PRE(x,t) & P(t1,t) -> PRE(x,t1))).
(all x all t (PRE(x,t) -> T(t))).
(all x all t all t1 all t2 (PRE(x,t1) & PRE(x,t2) & SUM(t,t1,t2) -> PRE(x,t))).
end_of_list.

% Reading from file test/p9/dolce_time_mereology.p9


formulas(sos).
(all x all y (P(x,y) -> T(y) & T(y))).
(all x all y (P(x,y) -> (T(x) <-> T(y)))).
(all x all y (T(x) -> P(x,x))).
(all x all y (T(x) & T(y) & P(x,y) & P(y,x) -> x = y)).
(all x all y all z (T(x) & T(y) & P(x,y) & P(y,z) -> P(x,z))).
(all x all y (T(x) & T(y) & -P(x,y) -> (exists z (T(z) & P(z,x) & -O(z,y))))).
(all x all y (T(x) & T(y) & -P(x,y) -> (exists z (P(z,x) & DJ(z,y) & T(z))))).
(all x all y (T(x) & T(y) -> (PP(x,y) <-> P(x,y) & -P(y,x)))).
(all x all y (T(x) & T(y) -> (O(x,y) <-> (exists z (P(z,x) & P(z,y) & T(z)))))).
(all x all y (T(x) & T(y) -> (DJ(x,y) <-> -O(x,y)))).
(all x all y (T(x) & T(y) -> (U(x,y) <-> (exists z (P(x,z) & P(y,z) & T(z)))))).
(all x (AtP(x) <-> T(x) & (all y (T(y) & P(y,x) -> y = x)))).
(all x all y (T(x) & T(y) & U(x,y) -> (exists z (T(z) & (all w (T(w) -> (O(w,z) <-> O(w,x) | O(w,y)))))))).
(all x all y (T(x) & T(y) & O(x,y) -> (exists z (T(z) & (all w (T(w) -> (PP(w,z) <-> PP(w,x) & PP(w,y)))))))).
(all x all y all z (T(x) & T(y) & T(z) -> (SUM(z,x,y) <-> (all w (T(w) -> (O(w,z) <-> O(w,x) | O(w,y))))))).
end_of_list.

% Reading from file test/p9/dolce_taxonomy.p9


formulas(sos).
(all x (ED(x) | PD(x) | Q(x) | AB(x) -> PT(x))).
(all x (PED(x) | NPED(x) | AS(x) -> ED(x))).
(all x (EV(x) | STV(x) -> PD(x))).
(all x (TQ(x) | PQ(x) | AQ(x) -> Q(x))).
(all x (R(x) -> AB(x))).
(all x (M(x) | F(x) | POB(x) -> PED(x))).
(all x (NPOB(x) -> NPED(x))).
(all x (ACH(x) | ACC(x) -> EV(x))).
(all x (ST(x) | PRO(x) -> STV(x))).
(all x (TL(x) -> TQ(x))).
(all x (SL(x) -> PQ(x))).
(all x (TR(x) | PR(x) | AR(x) -> R(x))).
(all x (APO(x) | NAPO(x) -> POB(x))).
(all x (MOB(x) | SOB(x) -> NPOB(x))).
(all x (T(x) -> TR(x))).
(all x (S(x) -> PR(x))).
(all x (ASO(x) | NASO(x) -> SOB(x))).
(all x (SAG(x) | SC(x) -> ASO(x))).
(all x (PT(x) <-> ED(x) | PD(x) | Q(x) | AB(x))).
(all x (ED(x) -> -PD(x) & -Q(x) & -AB(x))).
(all x (PD(x) -> -Q(x) & -AB(x))).
(all x (Q(x) -> -AB(x))).
(all x (ED(x) <-> PED(x) | NPED(x) | AS(x))).
(all x (PED(x) -> -NPED(x) & -AS(x))).
(all x (NPED(x) -> -AS(x))).
(all x (PD(x) <-> EV(x) | STV(x))).
(all x (EV(x) -> -STV(x))).
(all x (Q(x) <-> TQ(x) | PQ(x) | AQ(x))).
(all x (TQ(x) -> -PQ(x) & -AQ(x))).
(all x (PQ(x) -> -AQ(x))).
(all x (PED(x) <-> M(x) | F(x) | POB(x))).
(all x (M(x) -> -F(x) & -POB(x))).
(all x (F(x) -> -POB(x))).
(all x (EV(x) <-> ACH(x) | ACC(x))).
(all x (ACH(x) -> -ACC(x))).
(all x (STV(x) <-> ST(x) | PRO(x))).
(all x (ST(x) -> -PRO(x))).
(all x (R(x) <-> TR(x) | PR(x) | AR(x))).
(all x (TR(x) -> -PR(x) & -AR(x))).
(all x (PR(x) -> -AR(x))).
(all x (POB(x) <-> APO(x) | NAPO(x))).
(all x (APO(x) -> -NAPO(x))).
(all x (NPOB(x) <-> MOB(x) | SOB(x))).
(all x (MOB(x) -> -SOB(x))).
(all x (SOB(x) <-> ASO(x) | NASO(x))).
(all x (ASO(x) -> -NASO(x))).
(all x (ASO(x) <-> SAG(x) | SC(x))).
(all x (SAG(x) -> -SC(x))).
end_of_list.

% Reading from file test/p9/options.txt

clear(auto_denials).
clear(print_initial_clauses).
clear(print_kept).
clear(print_given).

% Reading from file test/p9/ex0930_participation1_7.p9


formulas(goals).
(all x all y all z all l (point1(x) & point1(y) & line1(l) & in1(x,l) & in1(y,l) & sum(x,y,z) -> in1(z,l))).
end_of_list.

============================== end of input ==========================

% From the command line: assign(max_seconds, 120).

============================== PROCESS NON-CLAUSAL FORMULAS ==========

% Formulas that are not ordinary clauses:
1 (all x all y all t (PC(x,y,t) -> ED(x) & PD(y) & T(t))) # label(non_clause).  [assumption].
2 (all x all t (PD(x) & PRE(x,t) -> (exists y PC(y,x,t)))) # label(non_clause).  [assumption].
3 (all x (ED(x) -> (exists y exists t PC(x,y,t)))) # label(non_clause).  [assumption].
4 (all x all y all t (PC(x,y,t) -> PRE(x,t) & PRE(y,t))) # label(non_clause).  [assumption].
5 (all x all y all t (PC(x,y,t) <-> (all t1 (P(t1,t) -> PC(x,y,t1))))) # label(non_clause).  [assumption].
6 (all x (point1(x) <-> T(x))) # label(non_clause).  [assumption].
7 (all x (line1(x) <-> PD(x))) # label(non_clause).  [assumption].
8 (all x (plane1(x) <-> ED(x))) # label(non_clause).  [assumption].
9 (all x all y (in1(x,y) <-> PRE(x,y) & T(y) & (ED(x) | PD(x) | Q(x)) | PRE(y,x) & T(x) & (ED(y) | PD(y) | Q(y)) | x = y & (ED(y) | PD(y) | Q(y) | T(y)))) # label(non_clause).  [assumption].
10 (all x all y all z (tin1(x,y,z) <-> PC(x,y,z))) # label(non_clause).  [assumption].
11 (all x all y (part1(x,y) <-> P(x,y) & T(x) & T(y))) # label(non_clause).  [assumption].
12 (all x (L_1(x) <-> ED(x))) # label(non_clause).  [assumption].
13 (all x (L_2(x) <-> PD(x))) # label(non_clause).  [assumption].
14 (all x (L_3(x) <-> Q(x))) # label(non_clause).  [assumption].
15 (all x (ED(x) | PD(x) | Q(x) -> (exists t PRE(x,t)))) # label(non_clause).  [assumption].
16 (all x all t all t1 (PRE(x,t) & P(t1,t) -> PRE(x,t1))) # label(non_clause).  [assumption].
17 (all x all t (PRE(x,t) -> T(t))) # label(non_clause).  [assumption].
18 (all x all t all t1 all t2 (PRE(x,t1) & PRE(x,t2) & SUM(t,t1,t2) -> PRE(x,t))) # label(non_clause).  [assumption].
19 (all x all y (P(x,y) -> T(y) & T(y))) # label(non_clause).  [assumption].
20 (all x all y (P(x,y) -> (T(x) <-> T(y)))) # label(non_clause).  [assumption].
21 (all x all y (T(x) -> P(x,x))) # label(non_clause).  [assumption].
22 (all x all y (T(x) & T(y) & P(x,y) & P(y,x) -> x = y)) # label(non_clause).  [assumption].
23 (all x all y all z (T(x) & T(y) & P(x,y) & P(y,z) -> P(x,z))) # label(non_clause).  [assumption].
24 (all x all y (T(x) & T(y) & -P(x,y) -> (exists z (T(z) & P(z,x) & -O(z,y))))) # label(non_clause).  [assumption].
25 (all x all y (T(x) & T(y) & -P(x,y) -> (exists z (P(z,x) & DJ(z,y) & T(z))))) # label(non_clause).  [assumption].
26 (all x all y (T(x) & T(y) -> (PP(x,y) <-> P(x,y) & -P(y,x)))) # label(non_clause).  [assumption].
27 (all x all y (T(x) & T(y) -> (O(x,y) <-> (exists z (P(z,x) & P(z,y) & T(z)))))) # label(non_clause).  [assumption].
28 (all x all y (T(x) & T(y) -> (DJ(x,y) <-> -O(x,y)))) # label(non_clause).  [assumption].
29 (all x all y (T(x) & T(y) -> (U(x,y) <-> (exists z (P(x,z) & P(y,z) & T(z)))))) # label(non_clause).  [assumption].
30 (all x (AtP(x) <-> T(x) & (all y (T(y) & P(y,x) -> y = x)))) # label(non_clause).  [assumption].
31 (all x all y (T(x) & T(y) & U(x,y) -> (exists z (T(z) & (all w (T(w) -> (O(w,z) <-> O(w,x) | O(w,y)))))))) # label(non_clause).  [assumption].
32 (all x all y (T(x) & T(y) & O(x,y) -> (exists z (T(z) & (all w (T(w) -> (PP(w,z) <-> PP(w,x) & PP(w,y)))))))) # label(non_clause).  [assumption].
33 (all x all y all z (T(x) & T(y) & T(z) -> (SUM(z,x,y) <-> (all w (T(w) -> (O(w,z) <-> O(w,x) | O(w,y))))))) # label(non_clause).  [assumption].
34 (all x (ED(x) | PD(x) | Q(x) | AB(x) -> PT(x))) # label(non_clause).  [assumption].
35 (all x (PED(x) | NPED(x) | AS(x) -> ED(x))) # label(non_clause).  [assumption].
36 (all x (EV(x) | STV(x) -> PD(x))) # label(non_clause).  [assumption].
37 (all x (TQ(x) | PQ(x) | AQ(x) -> Q(x))) # label(non_clause).  [assumption].
38 (all x (R(x) -> AB(x))) # label(non_clause).  [assumption].
39 (all x (M(x) | F(x) | POB(x) -> PED(x))) # label(non_clause).  [assumption].
40 (all x (NPOB(x) -> NPED(x))) # label(non_clause).  [assumption].
41 (all x (ACH(x) | ACC(x) -> EV(x))) # label(non_clause).  [assumption].
42 (all x (ST(x) | PRO(x) -> STV(x))) # label(non_clause).  [assumption].
43 (all x (TL(x) -> TQ(x))) # label(non_clause).  [assumption].
44 (all x (SL(x) -> PQ(x))) # label(non_clause).  [assumption].
45 (all x (TR(x) | PR(x) | AR(x) -> R(x))) # label(non_clause).  [assumption].
46 (all x (APO(x) | NAPO(x) -> POB(x))) # label(non_clause).  [assumption].
47 (all x (MOB(x) | SOB(x) -> NPOB(x))) # label(non_clause).  [assumption].
48 (all x (T(x) -> TR(x))) # label(non_clause).  [assumption].
49 (all x (S(x) -> PR(x))) # label(non_clause).  [assumption].
50 (all x (ASO(x) | NASO(x) -> SOB(x))) # label(non_clause).  [assumption].
51 (all x (SAG(x) | SC(x) -> ASO(x))) # label(non_clause).  [assumption].
52 (all x (PT(x) <-> ED(x) | PD(x) | Q(x) | AB(x))) # label(non_clause).  [assumption].
53 (all x (ED(x) -> -PD(x) & -Q(x) & -AB(x))) # label(non_clause).  [assumption].
54 (all x (PD(x) -> -Q(x) & -AB(x))) # label(non_clause).  [assumption].
55 (all x (Q(x) -> -AB(x))) # label(non_clause).  [assumption].
56 (all x (ED(x) <-> PED(x) | NPED(x) | AS(x))) # label(non_clause).  [assumption].
57 (all x (PED(x) -> -NPED(x) & -AS(x))) # label(non_clause).  [assumption].
58 (all x (NPED(x) -> -AS(x))) # label(non_clause).  [assumption].
59 (all x (PD(x) <-> EV(x) | STV(x))) # label(non_clause).  [assumption].
60 (all x (EV(x) -> -STV(x))) # label(non_clause).  [assumption].
61 (all x (Q(x) <-> TQ(x) | PQ(x) | AQ(x))) # label(non_clause).  [assumption].
62 (all x (TQ(x) -> -PQ(x) & -AQ(x))) # label(non_clause).  [assumption].
63 (all x (PQ(x) -> -AQ(x))) # label(non_clause).  [assumption].
64 (all x (PED(x) <-> M(x) | F(x) | POB(x))) # label(non_clause).  [assumption].
65 (all x (M(x) -> -F(x) & -POB(x))) # label(non_clause).  [assumption].
66 (all x (F(x) -> -POB(x))) # label(non_clause).  [assumption].
67 (all x (EV(x) <-> ACH(x) | ACC(x))) # label(non_clause).  [assumption].
68 (all x (ACH(x) -> -ACC(x))) # label(non_clause).  [assumption].
69 (all x (STV(x) <-> ST(x) | PRO(x))) # label(non_clause).  [assumption].
70 (all x (ST(x) -> -PRO(x))) # label(non_clause).  [assumption].
71 (all x (R(x) <-> TR(x) | PR(x) | AR(x))) # label(non_clause).  [assumption].
72 (all x (TR(x) -> -PR(x) & -AR(x))) # label(non_clause).  [assumption].
73 (all x (PR(x) -> -AR(x))) # label(non_clause).  [assumption].
74 (all x (POB(x) <-> APO(x) | NAPO(x))) # label(non_clause).  [assumption].
75 (all x (APO(x) -> -NAPO(x))) # label(non_clause).  [assumption].
76 (all x (NPOB(x) <-> MOB(x) | SOB(x))) # label(non_clause).  [assumption].
77 (all x (MOB(x) -> -SOB(x))) # label(non_clause).  [assumption].
78 (all x (SOB(x) <-> ASO(x) | NASO(x))) # label(non_clause).  [assumption].
79 (all x (ASO(x) -> -NASO(x))) # label(non_clause).  [assumption].
80 (all x (ASO(x) <-> SAG(x) | SC(x))) # label(non_clause).  [assumption].
81 (all x (SAG(x) -> -SC(x))) # label(non_clause).  [assumption].
82 (all x all y all z all l (point1(x) & point1(y) & line1(l) & in1(x,l) & in1(y,l) & sum(x,y,z) -> in1(z,l))) # label(non_clause) # label(goal).  [goal].

============================== end of process non-clausal formulas ===

============================== PROCESS INITIAL CLAUSES ===============

============================== PREDICATE ELIMINATION =================

Eliminating point1/1
83 point1(x) | -T(x).  [clausify(6)].
84 -point1(x) | T(x).  [clausify(6)].
85 point1(c1).  [deny(82)].
Derived: T(c1).  [resolve(85,a,84,a)].
86 point1(c2).  [deny(82)].
Derived: T(c2).  [resolve(86,a,84,a)].

Eliminating line1/1
87 line1(x) | -PD(x).  [clausify(7)].
88 -line1(x) | PD(x).  [clausify(7)].
89 line1(c4).  [deny(82)].
Derived: PD(c4).  [resolve(89,a,88,a)].

Eliminating plane1/1
90 plane1(x) | -ED(x).  [clausify(8)].
91 -plane1(x) | ED(x).  [clausify(8)].

Eliminating tin1/3
92 tin1(x,y,z) | -PC(x,y,z).  [clausify(10)].
93 -tin1(x,y,z) | PC(x,y,z).  [clausify(10)].

Eliminating part1/2
94 part1(x,y) | -P(x,y) | -T(x) | -T(y).  [clausify(11)].
95 -part1(x,y) | P(x,y).  [clausify(11)].
96 -part1(x,y) | T(x).  [clausify(11)].
97 -part1(x,y) | T(y).  [clausify(11)].

Eliminating L_1/1
98 L_1(x) | -ED(x).  [clausify(12)].
99 -L_1(x) | ED(x).  [clausify(12)].

Eliminating L_2/1
100 L_2(x) | -PD(x).  [clausify(13)].
101 -L_2(x) | PD(x).  [clausify(13)].

Eliminating L_3/1
102 L_3(x) | -Q(x).  [clausify(14)].
103 -L_3(x) | Q(x).  [clausify(14)].

Eliminating SUM/3
104 -T(x) | -T(y) | -T(z) | SUM(z,x,y) | T(f13(x,y,z)).  [clausify(33)].
105 -PRE(x,y) | -PRE(x,z) | -SUM(u,y,z) | PRE(x,u).  [clausify(18)].
106 -T(x) | -T(y) | -T(z) | -SUM(z,x,y) | -T(u) | -O(u,z) | O(u,x) | O(u,y).  [clausify(33)].
107 -T(x) | -T(y) | -T(z) | -SUM(z,x,y) | -T(u) | O(u,z) | -O(u,x).  [clausify(33)].
108 -T(x) | -T(y) | -T(z) | -SUM(z,x,y) | -T(u) | O(u,z) | -O(u,y).  [clausify(33)].
Derived: -T(x) | -T(y) | -T(z) | T(f13(x,y,z)) | -PRE(u,x) | -PRE(u,y) | PRE(u,z).  [resolve(104,d,105,c)].
Derived: -T(x) | -T(y) | -T(z) | T(f13(x,y,z)) | -T(x) | -T(y) | -T(z) | -T(u) | -O(u,z) | O(u,x) | O(u,y).  [resolve(104,d,106,d)].
Derived: -T(x) | -T(y) | -T(z) | T(f13(x,y,z)) | -T(x) | -T(y) | -T(z) | -T(u) | O(u,z) | -O(u,x).  [resolve(104,d,107,d)].
Derived: -T(x) | -T(y) | -T(z) | T(f13(x,y,z)) | -T(x) | -T(y) | -T(z) | -T(u) | O(u,z) | -O(u,y).  [resolve(104,d,108,d)].
109 -T(x) | -T(y) | -T(z) | SUM(z,x,y) | O(f13(x,y,z),z) | O(f13(x,y,z),x) | O(f13(x,y,z),y).  [clausify(33)].
Derived: -T(x) | -T(y) | -T(z) | O(f13(x,y,z),z) | O(f13(x,y,z),x) | O(f13(x,y,z),y) | -PRE(u,x) | -PRE(u,y) | PRE(u,z).  [resolve(109,d,105,c)].
Derived: -T(x) | -T(y) | -T(z) | O(f13(x,y,z),z) | O(f13(x,y,z),x) | O(f13(x,y,z),y) | -T(x) | -T(y) | -T(z) | -T(u) | -O(u,z) | O(u,x) | O(u,y).  [resolve(109,d,106,d)].
Derived: -T(x) | -T(y) | -T(z) | O(f13(x,y,z),z) | O(f13(x,y,z),x) | O(f13(x,y,z),y) | -T(x) | -T(y) | -T(z) | -T(u) | O(u,z) | -O(u,x).  [resolve(109,d,107,d)].
Derived: -T(x) | -T(y) | -T(z) | O(f13(x,y,z),z) | O(f13(x,y,z),x) | O(f13(x,y,z),y) | -T(x) | -T(y) | -T(z) | -T(u) | O(u,z) | -O(u,y).  [resolve(109,d,108,d)].
110 -T(x) | -T(y) | -T(z) | SUM(z,x,y) | -O(f13(x,y,z),z) | -O(f13(x,y,z),x).  [clausify(33)].
Derived: -T(x) | -T(y) | -T(z) | -O(f13(x,y,z),z) | -O(f13(x,y,z),x) | -PRE(u,x) | -PRE(u,y) | PRE(u,z).  [resolve(110,d,105,c)].
Derived: -T(x) | -T(y) | -T(z) | -O(f13(x,y,z),z) | -O(f13(x,y,z),x) | -T(x) | -T(y) | -T(z) | -T(u) | -O(u,z) | O(u,x) | O(u,y).  [resolve(110,d,106,d)].
Derived: -T(x) | -T(y) | -T(z) | -O(f13(x,y,z),z) | -O(f13(x,y,z),x) | -T(x) | -T(y) | -T(z) | -T(u) | O(u,z) | -O(u,x).  [resolve(110,d,107,d)].
Derived: -T(x) | -T(y) | -T(z) | -O(f13(x,y,z),z) | -O(f13(x,y,z),x) | -T(x) | -T(y) | -T(z) | -T(u) | O(u,z) | -O(u,y).  [resolve(110,d,108,d)].
111 -T(x) | -T(y) | -T(z) | SUM(z,x,y) | -O(f13(x,y,z),z) | -O(f13(x,y,z),y).  [clausify(33)].
Derived: -T(x) | -T(y) | -T(z) | -O(f13(x,y,z),z) | -O(f13(x,y,z),y) | -PRE(u,x) | -PRE(u,y) | PRE(u,z).  [resolve(111,d,105,c)].
Derived: -T(x) | -T(y) | -T(z) | -O(f13(x,y,z),z) | -O(f13(x,y,z),y) | -T(x) | -T(y) | -T(z) | -T(u) | -O(u,z) | O(u,x) | O(u,y).  [resolve(111,d,106,d)].
Derived: -T(x) | -T(y) | -T(z) | -O(f13(x,y,z),z) | -O(f13(x,y,z),y) | -T(x) | -T(y) | -T(z) | -T(u) | O(u,z) | -O(u,x).  [resolve(111,d,107,d)].
Derived: -T(x) | -T(y) | -T(z) | -O(f13(x,y,z),z) | -O(f13(x,y,z),y) | -T(x) | -T(y) | -T(z) | -T(u) | O(u,z) | -O(u,y).  [resolve(111,d,108,d)].

Eliminating DJ/2
112 -T(x) | -T(y) | -DJ(x,y) | -O(x,y).  [clausify(28)].
113 -T(x) | -T(y) | P(x,y) | DJ(f7(x,y),y).  [clausify(25)].
Derived: -T(f7(x,y)) | -T(y) | -O(f7(x,y),y) | -T(x) | -T(y) | P(x,y).  [resolve(112,c,113,d)].
114 -T(x) | -T(y) | DJ(x,y) | O(x,y).  [clausify(28)].

Eliminating U/2
115 -T(x) | -T(y) | U(x,y) | -P(x,z) | -P(y,z) | -T(z).  [clausify(29)].
116 -T(x) | -T(y) | -U(x,y) | P(x,f9(x,y)).  [clausify(29)].
117 -T(x) | -T(y) | -U(x,y) | P(y,f9(x,y)).  [clausify(29)].
118 -T(x) | -T(y) | -U(x,y) | T(f9(x,y)).  [clausify(29)].
Derived: -T(x) | -T(y) | -P(x,z) | -P(y,z) | -T(z) | -T(x) | -T(y) | P(x,f9(x,y)).  [resolve(115,c,116,c)].
Derived: -T(x) | -T(y) | -P(x,z) | -P(y,z) | -T(z) | -T(x) | -T(y) | P(y,f9(x,y)).  [resolve(115,c,117,c)].
Derived: -T(x) | -T(y) | -P(x,z) | -P(y,z) | -T(z) | -T(x) | -T(y) | T(f9(x,y)).  [resolve(115,c,118,c)].
119 -T(x) | -T(y) | -U(x,y) | T(f11(x,y)).  [clausify(31)].
Derived: -T(x) | -T(y) | T(f11(x,y)) | -T(x) | -T(y) | -P(x,z) | -P(y,z) | -T(z).  [resolve(119,c,115,c)].
120 -T(x) | -T(y) | -U(x,y) | -T(z) | -O(z,f11(x,y)) | O(z,x) | O(z,y).  [clausify(31)].
Derived: -T(x) | -T(y) | -T(z) | -O(z,f11(x,y)) | O(z,x) | O(z,y) | -T(x) | -T(y) | -P(x,u) | -P(y,u) | -T(u).  [resolve(120,c,115,c)].
121 -T(x) | -T(y) | -U(x,y) | -T(z) | O(z,f11(x,y)) | -O(z,x).  [clausify(31)].
Derived: -T(x) | -T(y) | -T(z) | O(z,f11(x,y)) | -O(z,x) | -T(x) | -T(y) | -P(x,u) | -P(y,u) | -T(u).  [resolve(121,c,115,c)].
122 -T(x) | -T(y) | -U(x,y) | -T(z) | O(z,f11(x,y)) | -O(z,y).  [clausify(31)].
Derived: -T(x) | -T(y) | -T(z) | O(z,f11(x,y)) | -O(z,y) | -T(x) | -T(y) | -P(x,u) | -P(y,u) | -T(u).  [resolve(122,c,115,c)].

Eliminating AtP/1
123 AtP(x) | -T(x) | T(f10(x)).  [clausify(30)].
124 -AtP(x) | T(x).  [clausify(30)].
125 -AtP(x) | -T(y) | -P(y,x) | y = x.  [clausify(30)].
Derived: -T(x) | T(f10(x)) | -T(y) | -P(y,x) | y = x.  [resolve(123,a,125,a)].
126 AtP(x) | -T(x) | P(f10(x),x).  [clausify(30)].
Derived: -T(x) | P(f10(x),x) | -T(y) | -P(y,x) | y = x.  [resolve(126,a,125,a)].
127 AtP(x) | -T(x) | f10(x) != x.  [clausify(30)].
Derived: -T(x) | f10(x) != x | -T(y) | -P(y,x) | y = x.  [resolve(127,a,125,a)].

Eliminating PT/1
128 -PT(x) | ED(x) | PD(x) | Q(x) | AB(x).  [clausify(52)].
129 -ED(x) | PT(x).  [clausify(34)].
130 -PD(x) | PT(x).  [clausify(34)].
131 -Q(x) | PT(x).  [clausify(34)].
132 -AB(x) | PT(x).  [clausify(34)].
133 PT(x) | -ED(x).  [clausify(52)].
134 PT(x) | -PD(x).  [clausify(52)].
135 PT(x) | -Q(x).  [clausify(52)].
136 PT(x) | -AB(x).  [clausify(52)].

Eliminating PED/1
137 -M(x) | PED(x).  [clausify(39)].
138 -PED(x) | ED(x).  [clausify(35)].
Derived: -M(x) | ED(x).  [resolve(137,b,138,a)].
139 -F(x) | PED(x).  [clausify(39)].
Derived: -F(x) | ED(x).  [resolve(139,b,138,a)].
140 -POB(x) | PED(x).  [clausify(39)].
Derived: -POB(x) | ED(x).  [resolve(140,b,138,a)].
141 -ED(x) | PED(x) | NPED(x) | AS(x).  [clausify(56)].
142 ED(x) | -PED(x).  [clausify(56)].
143 -PED(x) | -NPED(x).  [clausify(57)].
Derived: -NPED(x) | -M(x).  [resolve(143,a,137,b)].
Derived: -NPED(x) | -F(x).  [resolve(143,a,139,b)].
Derived: -NPED(x) | -POB(x).  [resolve(143,a,140,b)].
144 -PED(x) | -AS(x).  [clausify(57)].
Derived: -AS(x) | -M(x).  [resolve(144,a,137,b)].
Derived: -AS(x) | -F(x).  [resolve(144,a,139,b)].
Derived: -AS(x) | -POB(x).  [resolve(144,a,140,b)].
145 -PED(x) | M(x) | F(x) | POB(x).  [clausify(64)].
Derived: M(x) | F(x) | POB(x) | -ED(x) | NPED(x) | AS(x).  [resolve(145,a,141,b)].
146 PED(x) | -M(x).  [clausify(64)].
147 PED(x) | -F(x).  [clausify(64)].
148 PED(x) | -POB(x).  [clausify(64)].

Eliminating NPED/1
149 -NPOB(x) | NPED(x).  [clausify(40)].
150 -NPED(x) | ED(x).  [clausify(35)].
Derived: -NPOB(x) | ED(x).  [resolve(149,b,150,a)].
151 ED(x) | -NPED(x).  [clausify(56)].
152 -NPED(x) | -AS(x).  [clausify(58)].
Derived: -AS(x) | -NPOB(x).  [resolve(152,a,149,b)].
153 -NPED(x) | -M(x).  [resolve(143,a,137,b)].
Derived: -M(x) | -NPOB(x).  [resolve(153,a,149,b)].
154 -NPED(x) | -F(x).  [resolve(143,a,139,b)].
Derived: -F(x) | -NPOB(x).  [resolve(154,a,149,b)].
155 -NPED(x) | -POB(x).  [resolve(143,a,140,b)].
Derived: -POB(x) | -NPOB(x).  [resolve(155,a,149,b)].
156 M(x) | F(x) | POB(x) | -ED(x) | NPED(x) | AS(x).  [resolve(145,a,141,b)].

Eliminating AS/1

Eliminating EV/1
157 -ACH(x) | EV(x).  [clausify(41)].
158 -EV(x) | PD(x).  [clausify(36)].
Derived: -ACH(x) | PD(x).  [resolve(157,b,158,a)].
159 -ACC(x) | EV(x).  [clausify(41)].
Derived: -ACC(x) | PD(x).  [resolve(159,b,158,a)].
160 -PD(x) | EV(x) | STV(x).  [clausify(59)].
161 PD(x) | -EV(x).  [clausify(59)].
162 -EV(x) | -STV(x).  [clausify(60)].
Derived: -STV(x) | -ACH(x).  [resolve(162,a,157,b)].
Derived: -STV(x) | -ACC(x).  [resolve(162,a,159,b)].
163 -EV(x) | ACH(x) | ACC(x).  [clausify(67)].
Derived: ACH(x) | ACC(x) | -PD(x) | STV(x).  [resolve(163,a,160,b)].
164 EV(x) | -ACH(x).  [clausify(67)].
165 EV(x) | -ACC(x).  [clausify(67)].

Eliminating STV/1
166 -ST(x) | STV(x).  [clausify(42)].
167 -STV(x) | PD(x).  [clausify(36)].
Derived: -ST(x) | PD(x).  [resolve(166,b,167,a)].
168 -PRO(x) | STV(x).  [clausify(42)].
Derived: -PRO(x) | PD(x).  [resolve(168,b,167,a)].
169 PD(x) | -STV(x).  [clausify(59)].
170 -STV(x) | ST(x) | PRO(x).  [clausify(69)].
171 STV(x) | -ST(x).  [clausify(69)].
172 STV(x) | -PRO(x).  [clausify(69)].
173 -STV(x) | -ACH(x).  [resolve(162,a,157,b)].
Derived: -ACH(x) | -ST(x).  [resolve(173,a,166,b)].
Derived: -ACH(x) | -PRO(x).  [resolve(173,a,168,b)].
174 -STV(x) | -ACC(x).  [resolve(162,a,159,b)].
Derived: -ACC(x) | -ST(x).  [resolve(174,a,166,b)].
Derived: -ACC(x) | -PRO(x).  [resolve(174,a,168,b)].
175 ACH(x) | ACC(x) | -PD(x) | STV(x).  [resolve(163,a,160,b)].
Derived: ACH(x) | ACC(x) | -PD(x) | ST(x) | PRO(x).  [resolve(175,d,170,a)].

Eliminating TQ/1
176 -TL(x) | TQ(x).  [clausify(43)].
177 -TQ(x) | Q(x).  [clausify(37)].
Derived: -TL(x) | Q(x).  [resolve(176,b,177,a)].
178 -Q(x) | TQ(x) | PQ(x) | AQ(x).  [clausify(61)].
179 Q(x) | -TQ(x).  [clausify(61)].
180 -TQ(x) | -PQ(x).  [clausify(62)].
Derived: -PQ(x) | -TL(x).  [resolve(180,a,176,b)].
181 -TQ(x) | -AQ(x).  [clausify(62)].
Derived: -AQ(x) | -TL(x).  [resolve(181,a,176,b)].

Eliminating PQ/1
182 -SL(x) | PQ(x).  [clausify(44)].
183 -PQ(x) | Q(x).  [clausify(37)].
Derived: -SL(x) | Q(x).  [resolve(182,b,183,a)].
184 Q(x) | -PQ(x).  [clausify(61)].
185 -PQ(x) | -AQ(x).  [clausify(63)].
Derived: -AQ(x) | -SL(x).  [resolve(185,a,182,b)].
186 -PQ(x) | -TL(x).  [resolve(180,a,176,b)].
Derived: -TL(x) | -SL(x).  [resolve(186,a,182,b)].

Eliminating AQ/1

Eliminating R/1
187 -TR(x) | R(x).  [clausify(45)].
188 -R(x) | AB(x).  [clausify(38)].
Derived: -TR(x) | AB(x).  [resolve(187,b,188,a)].
189 -PR(x) | R(x).  [clausify(45)].
Derived: -PR(x) | AB(x).  [resolve(189,b,188,a)].
190 -AR(x) | R(x).  [clausify(45)].
Derived: -AR(x) | AB(x).  [resolve(190,b,188,a)].
191 -R(x) | TR(x) | PR(x) | AR(x).  [clausify(71)].
192 R(x) | -TR(x).  [clausify(71)].
193 R(x) | -PR(x).  [clausify(71)].
194 R(x) | -AR(x).  [clausify(71)].

Eliminating APO/1
195 -POB(x) | APO(x) | NAPO(x).  [clausify(74)].
196 -APO(x) | POB(x).  [clausify(46)].
197 POB(x) | -APO(x).  [clausify(74)].
198 -APO(x) | -NAPO(x).  [clausify(75)].

Eliminating NAPO/1

Eliminating MOB/1
199 -NPOB(x) | MOB(x) | SOB(x).  [clausify(76)].
200 -MOB(x) | NPOB(x).  [clausify(47)].
201 NPOB(x) | -MOB(x).  [clausify(76)].
202 -MOB(x) | -SOB(x).  [clausify(77)].

Eliminating SOB/1
203 -ASO(x) | SOB(x).  [clausify(50)].
204 -SOB(x) | NPOB(x).  [clausify(47)].
Derived: -ASO(x) | NPOB(x).  [resolve(203,b,204,a)].
205 -NASO(x) | SOB(x).  [clausify(50)].
Derived: -NASO(x) | NPOB(x).  [resolve(205,b,204,a)].
206 NPOB(x) | -SOB(x).  [clausify(76)].
207 -SOB(x) | ASO(x) | NASO(x).  [clausify(78)].
208 SOB(x) | -ASO(x).  [clausify(78)].
209 SOB(x) | -NASO(x).  [clausify(78)].

Eliminating TR/1
210 -TR(x) | -PR(x).  [clausify(72)].
211 -T(x) | TR(x).  [clausify(48)].
Derived: -PR(x) | -T(x).  [resolve(210,a,211,b)].
212 -TR(x) | -AR(x).  [clausify(72)].
Derived: -AR(x) | -T(x).  [resolve(212,a,211,b)].
213 -TR(x) | AB(x).  [resolve(187,b,188,a)].
Derived: AB(x) | -T(x).  [resolve(213,a,211,b)].

Eliminating S/1

Eliminating SAG/1
214 -ASO(x) | SAG(x) | SC(x).  [clausify(80)].
215 -SAG(x) | ASO(x).  [clausify(51)].
216 ASO(x) | -SAG(x).  [clausify(80)].
217 -SAG(x) | -SC(x).  [clausify(81)].

Eliminating SC/1

Eliminating AB/1
218 -PR(x) | AB(x).  [resolve(189,b,188,a)].
219 -ED(x) | -AB(x).  [clausify(53)].
220 -PD(x) | -AB(x).  [clausify(54)].
221 -Q(x) | -AB(x).  [clausify(55)].
Derived: -PR(x) | -ED(x).  [resolve(218,b,219,b)].
Derived: -PR(x) | -PD(x).  [resolve(218,b,220,b)].
Derived: -PR(x) | -Q(x).  [resolve(218,b,221,b)].
222 -AR(x) | AB(x).  [resolve(190,b,188,a)].
Derived: -AR(x) | -ED(x).  [resolve(222,b,219,b)].
Derived: -AR(x) | -PD(x).  [resolve(222,b,220,b)].
Derived: -AR(x) | -Q(x).  [resolve(222,b,221,b)].
223 AB(x) | -T(x).  [resolve(213,a,211,b)].
Derived: -T(x) | -ED(x).  [resolve(223,a,219,b)].
Derived: -T(x) | -PD(x).  [resolve(223,a,220,b)].
Derived: -T(x) | -Q(x).  [resolve(223,a,221,b)].

Eliminating M/1

Eliminating F/1

Eliminating ACH/1
224 ACH(x) | ACC(x) | -PD(x) | ST(x) | PRO(x).  [resolve(175,d,170,a)].
225 -ACH(x) | -ACC(x).  [clausify(68)].
226 -ACH(x) | PD(x).  [resolve(157,b,158,a)].
227 -ACH(x) | -ST(x).  [resolve(173,a,166,b)].
228 -ACH(x) | -PRO(x).  [resolve(173,a,168,b)].

Eliminating ST/1

Eliminating PR/1

Eliminating ASO/1

Eliminating sum/3

Eliminating POB/1

Eliminating NPOB/1
229 -NASO(x) | NPOB(x).  [resolve(205,b,204,a)].
230 -NPOB(x) | ED(x).  [resolve(149,b,150,a)].
Derived: -NASO(x) | ED(x).  [resolve(229,b,230,a)].

Eliminating ACC/1

Eliminating PRO/1

Eliminating TL/1

Eliminating SL/1

Eliminating AR/1

Eliminating NASO/1

============================== end predicate elimination =============

Term ordering decisions:
Predicate symbol precedence:  predicate_order([ =, T, PD, ED, Q, O, P, PRE, in1, PP, PC ]).
Function symbol precedence:  function_order([ c1, c2, c3, c4, f1, f6, f7, f8, f9, f11, f12, f2, f3, f5, f10, f4, f13 ]).
After inverse_order:  (no changes).
Unfolding symbols: (none).

Auto_inference settings:
  % set(paramodulation).  % (positive equality literals)
  % set(binary_resolution).  % (non-Horn)
  % set(neg_ur_resolution).  % (non-Horn, less than 100 clauses)

Auto_process settings:
  % set(factor).  % (non-Horn)
  % set(unit_deletion).  % (non-Horn)

============================== end of process initial clauses ========

============================== CLAUSES FOR SEARCH ====================

============================== end of clauses for search =============

============================== SEARCH ================================

% Starting search at 0.10 seconds.

============================== PROOF =================================

% Proof 1 at 16.10 (+ 0.31) seconds.
% Length of proof is 26.
% Level of proof is 6.
% Maximum clause weight is 10.000.
% Given clauses 263.

1 (all x all y all t (PC(x,y,t) -> ED(x) & PD(y) & T(t))) # label(non_clause).  [assumption].
5 (all x all y all t (PC(x,y,t) <-> (all t1 (P(t1,t) -> PC(x,y,t1))))) # label(non_clause).  [assumption].
7 (all x (line1(x) <-> PD(x))) # label(non_clause).  [assumption].
19 (all x all y (P(x,y) -> T(y) & T(y))) # label(non_clause).  [assumption].
38 (all x (R(x) -> AB(x))) # label(non_clause).  [assumption].
45 (all x (TR(x) | PR(x) | AR(x) -> R(x))) # label(non_clause).  [assumption].
48 (all x (T(x) -> TR(x))) # label(non_clause).  [assumption].
54 (all x (PD(x) -> -Q(x) & -AB(x))) # label(non_clause).  [assumption].
82 (all x all y all z all l (point1(x) & point1(y) & line1(l) & in1(x,l) & in1(y,l) & sum(x,y,z) -> in1(z,l))) # label(non_clause) # label(goal).  [goal].
88 -line1(x) | PD(x).  [clausify(7)].
89 line1(c4).  [deny(82)].
187 -TR(x) | R(x).  [clausify(45)].
188 -R(x) | AB(x).  [clausify(38)].
211 -T(x) | TR(x).  [clausify(48)].
213 -TR(x) | AB(x).  [resolve(187,b,188,a)].
220 -PD(x) | -AB(x).  [clausify(54)].
223 AB(x) | -T(x).  [resolve(213,a,211,b)].
233 -PC(x,y,z) | T(z).  [clausify(1)].
239 PC(x,y,z) | P(f4(x,y,z),z).  [clausify(5)].
265 -P(x,y) | T(y).  [clausify(19)].
294 PD(c4).  [resolve(89,a,88,a)].
343 -T(x) | -PD(x).  [resolve(223,a,220,b)].
492 P(f4(x,y,z),z) | T(z).  [resolve(239,a,233,a)].
531 -T(c4).  [resolve(343,b,294,a)].
844 T(x).  [resolve(492,a,265,a),merge(b)].
845 $F.  [resolve(844,a,531,a)].

============================== end of proof ==========================

============================== STATISTICS ============================

Given=263. Generated=1652. Kept=594. proofs=1.
Usable=263. Sos=295. Demods=0. Limbo=1, Disabled=323. Hints=0.
Kept_by_rule=0, Deleted_by_rule=0.
Forward_subsumed=1058. Back_subsumed=11.
Sos_limit_deleted=0. Sos_displaced=0. Sos_removed=0.
New_demodulators=0 (0 lex), Back_demodulated=0. Back_unit_deleted=23.
Demod_attempts=0. Demod_rewrites=0.
Res_instance_prunes=0. Para_instance_prunes=0. Basic_paramod_prunes=0.
Nonunit_fsub_feature_tests=3269. Nonunit_bsub_feature_tests=3417.
Megabytes=1.36.
User_CPU=16.10, System_CPU=0.31, Wall_clock=17.

============================== end of statistics =====================

============================== end of search =========================

THEOREM PROVED

Exiting with 1 proof.

Process 15863 exit (max_proofs) Mon Sep 30 23:51:17 2013
