Paradox, version 3.0, 2008-07-29.
+++ PROBLEM: mt\consistency\tptp\rcc_basic_strict_nontrivial_4.all.tptp
Reading 'mt\consistency\tptp\rcc_basic_strict_nontrivial_4.all.tptp' ... OK
+++ SOLVING: mt\consistency\tptp\rcc_basic_strict_nontrivial_4.all.tptp
domain size 1
domain size 2
domain size 3
domain size 4
domain size 5
domain size 6
domain size 7
+++ BEGIN MODEL
SZS output start FiniteModel for mt\consistency\tptp\rcc_basic_strict_nontrivial_4.all.tptp
% domain size is 7
fof(domain, fi_domain,
  (![X] : (X = "1" | X = "2" | X = "3" | X = "4" | X = "5" | X = "6" | X = "7"))
).

fof('C', fi_predicates,
  ( 'C'("1","1") <=> $true
  & 'C'("1","2") <=> $true
  & 'C'("1","3") <=> $true
  & 'C'("1","4") <=> $true
  & 'C'("1","5") <=> $true
  & 'C'("1","6") <=> $true
  & 'C'("1","7") <=> $true
  & 'C'("2","1") <=> $true
  & 'C'("2","2") <=> $true
  & 'C'("2","3") <=> $false
  & 'C'("2","4") <=> $true
  & 'C'("2","5") <=> $false
  & 'C'("2","6") <=> $false
  & 'C'("2","7") <=> $true
  & 'C'("3","1") <=> $true
  & 'C'("3","2") <=> $false
  & 'C'("3","3") <=> $true
  & 'C'("3","4") <=> $true
  & 'C'("3","5") <=> $true
  & 'C'("3","6") <=> $true
  & 'C'("3","7") <=> $true
  & 'C'("4","1") <=> $true
  & 'C'("4","2") <=> $true
  & 'C'("4","3") <=> $true
  & 'C'("4","4") <=> $true
  & 'C'("4","5") <=> $false
  & 'C'("4","6") <=> $true
  & 'C'("4","7") <=> $true
  & 'C'("5","1") <=> $true
  & 'C'("5","2") <=> $false
  & 'C'("5","3") <=> $true
  & 'C'("5","4") <=> $false
  & 'C'("5","5") <=> $true
  & 'C'("5","6") <=> $false
  & 'C'("5","7") <=> $true
  & 'C'("6","1") <=> $true
  & 'C'("6","2") <=> $false
  & 'C'("6","3") <=> $true
  & 'C'("6","4") <=> $true
  & 'C'("6","5") <=> $false
  & 'C'("6","6") <=> $true
  & 'C'("6","7") <=> $false
  & 'C'("7","1") <=> $true
  & 'C'("7","2") <=> $true
  & 'C'("7","3") <=> $true
  & 'C'("7","4") <=> $true
  & 'C'("7","5") <=> $true
  & 'C'("7","6") <=> $false
  & 'C'("7","7") <=> $true
  )
).

fof('EC', fi_predicates,
  ( 'EC'("1","1") <=> $false
  & 'EC'("1","2") <=> $false
  & 'EC'("1","3") <=> $false
  & 'EC'("1","4") <=> $false
  & 'EC'("1","5") <=> $false
  & 'EC'("1","6") <=> $false
  & 'EC'("1","7") <=> $false
  & 'EC'("2","1") <=> $false
  & 'EC'("2","2") <=> $false
  & 'EC'("2","3") <=> $false
  & 'EC'("2","4") <=> $false
  & 'EC'("2","5") <=> $false
  & 'EC'("2","6") <=> $false
  & 'EC'("2","7") <=> $false
  & 'EC'("3","1") <=> $false
  & 'EC'("3","2") <=> $false
  & 'EC'("3","3") <=> $false
  & 'EC'("3","4") <=> $false
  & 'EC'("3","5") <=> $false
  & 'EC'("3","6") <=> $false
  & 'EC'("3","7") <=> $false
  & 'EC'("4","1") <=> $false
  & 'EC'("4","2") <=> $false
  & 'EC'("4","3") <=> $false
  & 'EC'("4","4") <=> $false
  & 'EC'("4","5") <=> $false
  & 'EC'("4","6") <=> $false
  & 'EC'("4","7") <=> $false
  & 'EC'("5","1") <=> $false
  & 'EC'("5","2") <=> $false
  & 'EC'("5","3") <=> $false
  & 'EC'("5","4") <=> $false
  & 'EC'("5","5") <=> $false
  & 'EC'("5","6") <=> $false
  & 'EC'("5","7") <=> $false
  & 'EC'("6","1") <=> $false
  & 'EC'("6","2") <=> $false
  & 'EC'("6","3") <=> $false
  & 'EC'("6","4") <=> $false
  & 'EC'("6","5") <=> $false
  & 'EC'("6","6") <=> $false
  & 'EC'("6","7") <=> $false
  & 'EC'("7","1") <=> $false
  & 'EC'("7","2") <=> $false
  & 'EC'("7","3") <=> $false
  & 'EC'("7","4") <=> $false
  & 'EC'("7","5") <=> $false
  & 'EC'("7","6") <=> $false
  & 'EC'("7","7") <=> $false
  )
).

fof('NTPP', fi_predicates,
  ( 'NTPP'("1","1") <=> $false
  & 'NTPP'("1","2") <=> $false
  & 'NTPP'("1","3") <=> $false
  & 'NTPP'("1","4") <=> $false
  & 'NTPP'("1","5") <=> $false
  & 'NTPP'("1","6") <=> $false
  & 'NTPP'("1","7") <=> $false
  & 'NTPP'("2","1") <=> $true
  & 'NTPP'("2","2") <=> $false
  & 'NTPP'("2","3") <=> $false
  & 'NTPP'("2","4") <=> $true
  & 'NTPP'("2","5") <=> $false
  & 'NTPP'("2","6") <=> $false
  & 'NTPP'("2","7") <=> $true
  & 'NTPP'("3","1") <=> $true
  & 'NTPP'("3","2") <=> $false
  & 'NTPP'("3","3") <=> $false
  & 'NTPP'("3","4") <=> $false
  & 'NTPP'("3","5") <=> $false
  & 'NTPP'("3","6") <=> $false
  & 'NTPP'("3","7") <=> $false
  & 'NTPP'("4","1") <=> $true
  & 'NTPP'("4","2") <=> $false
  & 'NTPP'("4","3") <=> $false
  & 'NTPP'("4","4") <=> $false
  & 'NTPP'("4","5") <=> $false
  & 'NTPP'("4","6") <=> $false
  & 'NTPP'("4","7") <=> $false
  & 'NTPP'("5","1") <=> $true
  & 'NTPP'("5","2") <=> $false
  & 'NTPP'("5","3") <=> $true
  & 'NTPP'("5","4") <=> $false
  & 'NTPP'("5","5") <=> $false
  & 'NTPP'("5","6") <=> $false
  & 'NTPP'("5","7") <=> $true
  & 'NTPP'("6","1") <=> $true
  & 'NTPP'("6","2") <=> $false
  & 'NTPP'("6","3") <=> $true
  & 'NTPP'("6","4") <=> $true
  & 'NTPP'("6","5") <=> $false
  & 'NTPP'("6","6") <=> $false
  & 'NTPP'("6","7") <=> $false
  & 'NTPP'("7","1") <=> $true
  & 'NTPP'("7","2") <=> $false
  & 'NTPP'("7","3") <=> $false
  & 'NTPP'("7","4") <=> $false
  & 'NTPP'("7","5") <=> $false
  & 'NTPP'("7","6") <=> $false
  & 'NTPP'("7","7") <=> $false
  )
).

fof('O', fi_predicates,
  ( 'O'("1","1") <=> $true
  & 'O'("1","2") <=> $true
  & 'O'("1","3") <=> $true
  & 'O'("1","4") <=> $true
  & 'O'("1","5") <=> $true
  & 'O'("1","6") <=> $true
  & 'O'("1","7") <=> $true
  & 'O'("2","1") <=> $true
  & 'O'("2","2") <=> $true
  & 'O'("2","3") <=> $false
  & 'O'("2","4") <=> $true
  & 'O'("2","5") <=> $false
  & 'O'("2","6") <=> $false
  & 'O'("2","7") <=> $true
  & 'O'("3","1") <=> $true
  & 'O'("3","2") <=> $false
  & 'O'("3","3") <=> $true
  & 'O'("3","4") <=> $true
  & 'O'("3","5") <=> $true
  & 'O'("3","6") <=> $true
  & 'O'("3","7") <=> $true
  & 'O'("4","1") <=> $true
  & 'O'("4","2") <=> $true
  & 'O'("4","3") <=> $true
  & 'O'("4","4") <=> $true
  & 'O'("4","5") <=> $false
  & 'O'("4","6") <=> $true
  & 'O'("4","7") <=> $true
  & 'O'("5","1") <=> $true
  & 'O'("5","2") <=> $false
  & 'O'("5","3") <=> $true
  & 'O'("5","4") <=> $false
  & 'O'("5","5") <=> $true
  & 'O'("5","6") <=> $false
  & 'O'("5","7") <=> $true
  & 'O'("6","1") <=> $true
  & 'O'("6","2") <=> $false
  & 'O'("6","3") <=> $true
  & 'O'("6","4") <=> $true
  & 'O'("6","5") <=> $false
  & 'O'("6","6") <=> $true
  & 'O'("6","7") <=> $false
  & 'O'("7","1") <=> $true
  & 'O'("7","2") <=> $true
  & 'O'("7","3") <=> $true
  & 'O'("7","4") <=> $true
  & 'O'("7","5") <=> $true
  & 'O'("7","6") <=> $false
  & 'O'("7","7") <=> $true
  )
).

fof('P', fi_predicates,
  ( 'P'("1","1") <=> $true
  & 'P'("1","2") <=> $false
  & 'P'("1","3") <=> $false
  & 'P'("1","4") <=> $false
  & 'P'("1","5") <=> $false
  & 'P'("1","6") <=> $false
  & 'P'("1","7") <=> $false
  & 'P'("2","1") <=> $true
  & 'P'("2","2") <=> $true
  & 'P'("2","3") <=> $false
  & 'P'("2","4") <=> $true
  & 'P'("2","5") <=> $false
  & 'P'("2","6") <=> $false
  & 'P'("2","7") <=> $true
  & 'P'("3","1") <=> $true
  & 'P'("3","2") <=> $false
  & 'P'("3","3") <=> $true
  & 'P'("3","4") <=> $false
  & 'P'("3","5") <=> $false
  & 'P'("3","6") <=> $false
  & 'P'("3","7") <=> $false
  & 'P'("4","1") <=> $true
  & 'P'("4","2") <=> $false
  & 'P'("4","3") <=> $false
  & 'P'("4","4") <=> $true
  & 'P'("4","5") <=> $false
  & 'P'("4","6") <=> $false
  & 'P'("4","7") <=> $false
  & 'P'("5","1") <=> $true
  & 'P'("5","2") <=> $false
  & 'P'("5","3") <=> $true
  & 'P'("5","4") <=> $false
  & 'P'("5","5") <=> $true
  & 'P'("5","6") <=> $false
  & 'P'("5","7") <=> $true
  & 'P'("6","1") <=> $true
  & 'P'("6","2") <=> $false
  & 'P'("6","3") <=> $true
  & 'P'("6","4") <=> $true
  & 'P'("6","5") <=> $false
  & 'P'("6","6") <=> $true
  & 'P'("6","7") <=> $false
  & 'P'("7","1") <=> $true
  & 'P'("7","2") <=> $false
  & 'P'("7","3") <=> $false
  & 'P'("7","4") <=> $false
  & 'P'("7","5") <=> $false
  & 'P'("7","6") <=> $false
  & 'P'("7","7") <=> $true
  )
).

fof('PP', fi_predicates,
  ( 'PP'("1","1") <=> $false
  & 'PP'("1","2") <=> $false
  & 'PP'("1","3") <=> $false
  & 'PP'("1","4") <=> $false
  & 'PP'("1","5") <=> $false
  & 'PP'("1","6") <=> $false
  & 'PP'("1","7") <=> $false
  & 'PP'("2","1") <=> $true
  & 'PP'("2","2") <=> $false
  & 'PP'("2","3") <=> $false
  & 'PP'("2","4") <=> $true
  & 'PP'("2","5") <=> $false
  & 'PP'("2","6") <=> $false
  & 'PP'("2","7") <=> $true
  & 'PP'("3","1") <=> $true
  & 'PP'("3","2") <=> $false
  & 'PP'("3","3") <=> $false
  & 'PP'("3","4") <=> $false
  & 'PP'("3","5") <=> $false
  & 'PP'("3","6") <=> $false
  & 'PP'("3","7") <=> $false
  & 'PP'("4","1") <=> $true
  & 'PP'("4","2") <=> $false
  & 'PP'("4","3") <=> $false
  & 'PP'("4","4") <=> $false
  & 'PP'("4","5") <=> $false
  & 'PP'("4","6") <=> $false
  & 'PP'("4","7") <=> $false
  & 'PP'("5","1") <=> $true
  & 'PP'("5","2") <=> $false
  & 'PP'("5","3") <=> $true
  & 'PP'("5","4") <=> $false
  & 'PP'("5","5") <=> $false
  & 'PP'("5","6") <=> $false
  & 'PP'("5","7") <=> $true
  & 'PP'("6","1") <=> $true
  & 'PP'("6","2") <=> $false
  & 'PP'("6","3") <=> $true
  & 'PP'("6","4") <=> $true
  & 'PP'("6","5") <=> $false
  & 'PP'("6","6") <=> $false
  & 'PP'("6","7") <=> $false
  & 'PP'("7","1") <=> $true
  & 'PP'("7","2") <=> $false
  & 'PP'("7","3") <=> $false
  & 'PP'("7","4") <=> $false
  & 'PP'("7","5") <=> $false
  & 'PP'("7","6") <=> $false
  & 'PP'("7","7") <=> $false
  )
).

fof('Uni', fi_functors,
  ( 'Uni' = "1"
  )
).

fof(compl, fi_functors,
  ( compl("1") = "1"
  & compl("2") = "3"
  & compl("3") = "2"
  & compl("4") = "5"
  & compl("5") = "4"
  & compl("6") = "7"
  & compl("7") = "6"
  )
).

fof(prod, fi_functors,
  ( prod("1","1") = "1"
  & prod("1","2") = "2"
  & prod("1","3") = "3"
  & prod("1","4") = "4"
  & prod("1","5") = "5"
  & prod("1","6") = "6"
  & prod("1","7") = "7"
  & prod("2","1") = "2"
  & prod("2","2") = "2"
  & prod("2","3") = "1"
  & prod("2","4") = "2"
  & prod("2","5") = "7"
  & prod("2","6") = "5"
  & prod("2","7") = "2"
  & prod("3","1") = "3"
  & prod("3","2") = "1"
  & prod("3","3") = "3"
  & prod("3","4") = "6"
  & prod("3","5") = "5"
  & prod("3","6") = "6"
  & prod("3","7") = "5"
  & prod("4","1") = "4"
  & prod("4","2") = "2"
  & prod("4","3") = "6"
  & prod("4","4") = "4"
  & prod("4","5") = "2"
  & prod("4","6") = "6"
  & prod("4","7") = "2"
  & prod("5","1") = "5"
  & prod("5","2") = "7"
  & prod("5","3") = "5"
  & prod("5","4") = "6"
  & prod("5","5") = "5"
  & prod("5","6") = "5"
  & prod("5","7") = "5"
  & prod("6","1") = "6"
  & prod("6","2") = "1"
  & prod("6","3") = "6"
  & prod("6","4") = "6"
  & prod("6","5") = "2"
  & prod("6","6") = "6"
  & prod("6","7") = "7"
  & prod("7","1") = "7"
  & prod("7","2") = "2"
  & prod("7","3") = "5"
  & prod("7","4") = "2"
  & prod("7","5") = "5"
  & prod("7","6") = "1"
  & prod("7","7") = "7"
  )
).

fof(sum, fi_functors,
  ( sum("1","1") = "1"
  & sum("1","2") = "1"
  & sum("1","3") = "1"
  & sum("1","4") = "1"
  & sum("1","5") = "1"
  & sum("1","6") = "1"
  & sum("1","7") = "1"
  & sum("2","1") = "1"
  & sum("2","2") = "2"
  & sum("2","3") = "1"
  & sum("2","4") = "4"
  & sum("2","5") = "7"
  & sum("2","6") = "4"
  & sum("2","7") = "7"
  & sum("3","1") = "1"
  & sum("3","2") = "1"
  & sum("3","3") = "3"
  & sum("3","4") = "1"
  & sum("3","5") = "3"
  & sum("3","6") = "3"
  & sum("3","7") = "1"
  & sum("4","1") = "1"
  & sum("4","2") = "4"
  & sum("4","3") = "1"
  & sum("4","4") = "4"
  & sum("4","5") = "1"
  & sum("4","6") = "4"
  & sum("4","7") = "1"
  & sum("5","1") = "1"
  & sum("5","2") = "7"
  & sum("5","3") = "3"
  & sum("5","4") = "1"
  & sum("5","5") = "5"
  & sum("5","6") = "3"
  & sum("5","7") = "7"
  & sum("6","1") = "1"
  & sum("6","2") = "4"
  & sum("6","3") = "3"
  & sum("6","4") = "4"
  & sum("6","5") = "3"
  & sum("6","6") = "6"
  & sum("6","7") = "1"
  & sum("7","1") = "1"
  & sum("7","2") = "7"
  & sum("7","3") = "1"
  & sum("7","4") = "1"
  & sum("7","5") = "7"
  & sum("7","6") = "1"
  & sum("7","7") = "7"
  )
).
SZS output end FiniteModel for mt\consistency\tptp\rcc_basic_strict_nontrivial_4.all.tptp
+++ END MODEL
+++ RESULT: Satisfiable
SZS status Satisfiable for mt\consistency\tptp\rcc_basic_strict_nontrivial_4.all.tptp
