============================== prooftrans ============================
Prover9 (32) version Dec-2007, Dec 2007.
Process 1408 was started,
Fri Jan 18 18:48:35 2013
The command was "/cygdrive/c/Program Files/Prover9-Mace4/bin-win32/prover9".
============================== end of head ===========================

============================== end of input ==========================

============================== PROOF =================================

% -------- Comments from original proof --------
% Proof 1 at 295.31 (+ 8.84) seconds.
% Length of proof is 35.
% Level of proof is 9.
% Maximum clause weight is 24.
% Given clauses 29630.

6 (all occ (activity_occurrence(occ) -> (exists a (activity(a) & occurrence_of(occ,a))))) # label(non_clause).  [assumption].
8 (all s (arboreal(s) -> activity_occurrence(s))) # label(non_clause).  [assumption].
16 (all s all a (occurrence_of(s,a) -> (arboreal(s) <-> generator(a)))) # label(non_clause).  [assumption].
17 (all a all o (occurrence_of(successor(a,o),a) <-> generator(a) & arboreal(o))) # label(non_clause).  [assumption].
30 (all a all occ all f (prior(f,successor(a,occ)) <-> holds(f,occ) & generator(a))) # label(non_clause).  [assumption].
48 (all x all y all o (prior(POs(x,y),o) <-> arboreal(o) & prior(Os(x,y),o) & -prior(Ps(x,y),o) & -prior(Ps(y,x),o))) # label(non_clause).  [assumption].
58 (all x all y all o (prior(ECs(x,y),o) & -holds(ECs(x,y),o) & arboreal(o) & -prior(Os(x,y),o) & holds(Os(x,y),o) & -prior(Ps(x,y),o) & -holds(Ps(x,y),o) & -prior(Ps(y,x),o) & -holds(Ps(y,x),o) & prior(connect(x,y),o) & holds(connect(x,y),o) & prior(region(x),o) & holds(region(x),o) & prior(region(y),o) & holds(region(y),o) -> holds(POs(x,y),o))) # label(non_clause) # label(goal).  [goal].
65 -occurrence_of(x,y) | -arboreal(x) | generator(y).  [clausify(16)].
68 -occurrence_of(x,y) | arboreal(x) | -generator(y).  [clausify(16)].
70 occurrence_of(successor(x,y),x) | -generator(x) | -arboreal(y).  [clausify(17)].
74 prior(x,successor(y,z)) | -holds(x,z) | -generator(y).  [clausify(30)].
140 -activity_occurrence(x) | occurrence_of(x,f1(x)).  [clausify(6)].
142 -arboreal(x) | activity_occurrence(x).  [clausify(8)].
166 -prior(x,successor(y,z)) | holds(x,z).  [clausify(30)].
210 prior(POs(x,y),z) | -arboreal(z) | -prior(Os(x,y),z) | prior(Ps(x,y),z) | prior(Ps(y,x),z).  [clausify(48)].
240 arboreal(c3).  [deny(58)].
242 holds(Os(c1,c2),c3).  [deny(58)].
244 -holds(Ps(c1,c2),c3).  [deny(58)].
246 -holds(Ps(c2,c1),c3).  [deny(58)].
253 -holds(POs(c1,c2),c3).  [deny(58)].
262 -occurrence_of(x,y) | arboreal(x) | -occurrence_of(z,y) | -arboreal(z).  [resolve(68,c,65,c)].
266 occurrence_of(successor(x,y),x) | -arboreal(y) | -occurrence_of(z,x) | -arboreal(z).  [resolve(70,b,65,c)].
278 prior(x,successor(y,z)) | -holds(x,z) | -occurrence_of(u,y) | -arboreal(u).  [resolve(74,c,65,c)].
312 occurrence_of(successor(x,y),x) | -arboreal(y) | -occurrence_of(y,x).  [factor(266,b,d)].
323 activity_occurrence(c3).  [resolve(240,a,142,a)].
391 occurrence_of(c3,f1(c3)).  [resolve(323,a,140,a)].
396 occurrence_of(successor(f1(c3),c3),f1(c3)).  [resolve(391,a,312,c),unit_del(b,240)].
397 prior(x,successor(f1(c3),y)) | -holds(x,y).  [resolve(391,a,278,c),unit_del(c,240)].
399 -occurrence_of(x,f1(c3)) | arboreal(x).  [resolve(391,a,262,c),unit_del(c,240)].
621 arboreal(successor(f1(c3),c3)).  [resolve(396,a,399,a)].
693 prior(Os(c1,c2),successor(f1(c3),c3)).  [resolve(397,b,242,a)].
717 prior(POs(c1,c2),successor(f1(c3),c3)) | prior(Ps(c1,c2),successor(f1(c3),c3)) | prior(Ps(c2,c1),successor(f1(c3),c3)).  [resolve(693,a,210,c),unit_del(b,621)].
7796 prior(Ps(c1,c2),successor(f1(c3),c3)) | prior(Ps(c2,c1),successor(f1(c3),c3)).  [resolve(717,a,166,a),unit_del(c,253)].
51072 prior(Ps(c1,c2),successor(f1(c3),c3)).  [resolve(7796,b,166,a),unit_del(b,246)].
51083 $F.  [resolve(51072,a,166,a),unit_del(a,244)].

============================== end of proof ==========================
