============================== prooftrans ============================
Prover9 (32) version Dec-2007, Dec 2007.
Process 5868 was started by Bahar on Bahar-THINK,
Thu May  2 02:07:03 2013
The command was "/cygdrive/c/Program Files (x86)/Prover9-Mace4/bin-win32/prover9".
============================== end of head ===========================

============================== end of input ==========================

============================== PROOF =================================

% -------- Comments from original proof --------
% Proof 1 at 5.65 (+ 0.44) seconds.
% Length of proof is 185.
% Level of proof is 60.
% Maximum clause weight is 27.
% Given clauses 1901.

1 (all occ (activity_occurrence(occ) -> (exists a (activity(a) & occurrence_of(occ,a))))) # label(non_clause).  [assumption].
2 (all s (arboreal(s) -> activity_occurrence(s))) # label(non_clause).  [assumption].
3 (all s all a (occurrence_of(s,a) -> (arboreal(s) <-> generator(a)))) # label(non_clause).  [assumption].
4 (all a all o (occurrence_of(successor(a,o),a) <-> generator(a) & arboreal(o))) # label(non_clause).  [assumption].
6 (all f all occ (prior(f,occ) -> state(f) & arboreal(occ))) # label(non_clause).  [assumption].
7 (all a all occ all f (prior(f,successor(a,occ)) <-> holds(f,occ) & generator(a))) # label(non_clause).  [assumption].
8 (all f all o (falsifies(o,f) <-> state(f) & arboreal(o) & prior(f,o) & -holds(f,o))) # label(non_clause).  [assumption].
9 (all f all o (achieves(o,f) <-> state(f) & arboreal(o) & -prior(f,o) & holds(f,o))) # label(non_clause).  [assumption].
10 (all f all o (changes(o,f) <-> achieves(o,f) | falsifies(o,f))) # label(non_clause).  [assumption].
11 (all x all y all o (arboreal(o) & prior(connect(x,y),o) -> prior(region(x),o) & prior(region(y),o))) # label(non_clause).  [assumption].
12 (all x all o (arboreal(o) & prior(region(x),o) -> prior(connect(x,x),o))) # label(non_clause).  [assumption].
14 (all x all y all o (prior(Ps(x,y),o) <-> arboreal(o) & prior(region(x),o) & prior(region(y),o) & (all z (prior(connect(z,x),o) -> prior(connect(z,y),o))))) # label(non_clause).  [assumption].
16 (all x all y all o (prior(Os(x,y),o) <-> arboreal(o) & (exists z (prior(Ps(z,x),o) & prior(Ps(z,y),o))))) # label(non_clause).  [assumption].
17 (all x all y all o (prior(ECs(x,y),o) <-> arboreal(o) & prior(connect(x,y),o) & -prior(Os(x,y),o))) # label(non_clause).  [assumption].
18 (all x all y all o (prior(PPs(x,y),o) <-> arboreal(o) & prior(Ps(x,y),o) & -prior(Ps(y,x),o))) # label(non_clause).  [assumption].
20 (all x all y all o (prior(TPPs(x,y),o) <-> arboreal(o) & prior(PPs(x,y),o) & (exists z (prior(ECs(z,x),o) & prior(ECs(z,y),o))))) # label(non_clause).  [assumption].
26 (all o all x all y (changes(o,Os(x,y)) & (changes(o,Ps(x,y)) | changes(o,Ps(y,x))) -> changes(o,region(x)) | changes(o,region(y)))) # label(non_clause).  [assumption].
27 (all o all x all y (changes(o,Ps(x,y)) & changes(o,Ps(y,x)) -> changes(o,region(x)) | changes(o,region(y)))) # label(non_clause).  [assumption].
28 (all x all y all o (changes(o,ECs(x,y)) -> -changes(o,TPPs(y,x)))) # label(non_clause) # label(goal).  [goal].
29 -arboreal(x) | activity_occurrence(x).  [clausify(2)].
31 -activity_occurrence(x) | occurrence_of(x,f1(x)).  [clausify(1)].
32 occurrence_of(successor(x,y),x) | -generator(x) | -arboreal(y).  [clausify(4)].
33 -occurrence_of(x,y) | -arboreal(x) | generator(y).  [clausify(3)].
34 -occurrence_of(x,y) | arboreal(x) | -generator(y).  [clausify(3)].
37 -arboreal(x) | occurrence_of(x,f1(x)).  [resolve(29,b,31,a)].
38 -prior(x,successor(y,z)) | holds(x,z).  [clausify(7)].
41 prior(x,successor(y,z)) | -holds(x,z) | -generator(y).  [clausify(7)].
42 -falsifies(x,y) | -holds(y,x).  [clausify(8)].
43 falsifies(x,y) | -state(y) | -arboreal(x) | -prior(y,x) | holds(y,x).  [clausify(8)].
44 -achieves(x,y) | holds(y,x).  [clausify(9)].
45 achieves(x,y) | -state(y) | -arboreal(x) | prior(y,x) | -holds(y,x).  [clausify(9)].
46 falsifies(x,y) | -state(y) | -arboreal(x) | -prior(y,x) | prior(y,successor(z,x)) | -generator(z).  [resolve(43,e,41,b)].
47 -prior(x,y) | state(x).  [clausify(6)].
52 achieves(x,y) | -state(y) | -arboreal(x) | prior(y,x) | -prior(y,successor(z,x)).  [resolve(45,e,38,b)].
53 -changes(x,y) | achieves(x,y) | falsifies(x,y).  [clausify(10)].
54 -falsifies(x,y) | arboreal(x).  [clausify(8)].
55 -falsifies(x,y) | prior(y,x).  [clausify(8)].
56 changes(x,y) | -falsifies(x,y).  [clausify(10)].
57 -falsifies(x,y) | -prior(y,successor(z,x)).  [resolve(42,b,38,b)].
59 falsifies(x,y) | -arboreal(x) | -prior(y,x) | prior(y,successor(z,x)) | -generator(z) | -prior(y,u).  [resolve(46,b,47,b)].
60 achieves(x,y) | -arboreal(x) | prior(y,x) | -prior(y,successor(z,x)) | -prior(y,u).  [resolve(52,b,47,b)].
61 -achieves(x,y) | arboreal(x).  [clausify(9)].
62 -achieves(x,y) | -prior(y,x).  [clausify(9)].
63 changes(x,y) | -achieves(x,y).  [clausify(10)].
65 -achieves(x,y) | prior(y,successor(z,x)) | -generator(z).  [resolve(44,b,41,b)].
66 -changes(x,y) | achieves(x,y) | arboreal(x).  [resolve(53,c,54,a)].
67 -changes(x,y) | achieves(x,y) | prior(y,x).  [resolve(53,c,55,a)].
68 -prior(x,successor(y,z)) | -changes(z,x) | achieves(z,x).  [resolve(57,a,53,c)].
72 -arboreal(x) | -prior(connect(y,z),x) | prior(region(y),x).  [clausify(11)].
73 -arboreal(x) | -prior(connect(y,z),x) | prior(region(z),x).  [clausify(11)].
74 -arboreal(x) | -prior(region(y),x) | prior(connect(y,y),x).  [clausify(12)].
76 -prior(Ps(x,y),z) | prior(region(x),z).  [clausify(14)].
77 -prior(Ps(x,y),z) | prior(region(y),z).  [clausify(14)].
79 prior(Ps(x,y),z) | -arboreal(z) | -prior(region(x),z) | -prior(region(y),z) | prior(connect(f2(x,y,z),x),z).  [clausify(14)].
80 prior(Ps(x,y),z) | -arboreal(z) | -prior(region(x),z) | -prior(region(y),z) | -prior(connect(f2(x,y,z),y),z).  [clausify(14)].
85 -prior(Os(x,y),z) | prior(Ps(f3(x,y,z),x),z).  [clausify(16)].
86 -prior(Os(x,y),z) | prior(Ps(f3(x,y,z),y),z).  [clausify(16)].
87 prior(Os(x,y),z) | -arboreal(z) | -prior(Ps(u,x),z) | -prior(Ps(u,y),z).  [clausify(16)].
88 -prior(ECs(x,y),z) | prior(connect(x,y),z).  [clausify(17)].
89 -prior(ECs(x,y),z) | -prior(Os(x,y),z).  [clausify(17)].
91 -prior(PPs(x,y),z) | prior(Ps(x,y),z).  [clausify(18)].
98 -prior(TPPs(x,y),z) | prior(PPs(x,y),z).  [clausify(20)].
121 -changes(x,Os(y,z)) | -changes(x,Ps(y,z)) | changes(x,region(y)) | changes(x,region(z)).  [clausify(26)].
122 -changes(x,Os(y,z)) | -changes(x,Ps(z,y)) | changes(x,region(y)) | changes(x,region(z)).  [clausify(26)].
123 -changes(x,Ps(y,z)) | -changes(x,Ps(z,y)) | changes(x,region(y)) | changes(x,region(z)).  [clausify(27)].
124 changes(c3,ECs(c1,c2)).  [deny(28)].
125 changes(c3,TPPs(c2,c1)).  [deny(28)].
126 -generator(x) | -arboreal(y) | arboreal(successor(x,y)) | -generator(x).  [resolve(32,a,34,a)].
127 -generator(x) | -arboreal(y) | arboreal(successor(x,y)).  [copy(126),merge(d)].
128 -arboreal(x) | -arboreal(x) | generator(f1(x)).  [resolve(37,b,33,a)].
129 -arboreal(x) | generator(f1(x)).  [copy(128),merge(b)].
131 prior(x,successor(y,z)) | -generator(y) | -prior(x,successor(u,z)).  [resolve(41,b,38,b)].
132 -arboreal(x) | -prior(y,x) | prior(y,successor(z,x)) | -generator(z) | -prior(y,u) | changes(x,y).  [resolve(59,a,56,b)].
133 -arboreal(x) | prior(y,x) | -prior(y,successor(z,x)) | -prior(y,u) | changes(x,y).  [resolve(60,a,63,b)].
134 -changes(x,y) | arboreal(x) | arboreal(x).  [resolve(66,b,61,a)].
135 -changes(x,y) | arboreal(x).  [copy(134),merge(c)].
136 -changes(x,y) | prior(y,x) | prior(y,successor(z,x)) | -generator(z).  [resolve(67,b,65,a)].
137 -prior(x,successor(y,z)) | -changes(z,x) | -prior(x,z).  [resolve(68,c,62,a)].
138 prior(Ps(x,x),y) | -arboreal(y) | -prior(region(x),y) | prior(connect(f2(x,x,y),x),y).  [factor(79,c,d)].
139 prior(Ps(x,x),y) | -arboreal(y) | -prior(region(x),y) | -prior(connect(f2(x,x,y),x),y).  [factor(80,c,d)].
155 -changes(x,Ps(y,y)) | changes(x,region(y)).  [factor(123,a,b),merge(c)].
156 -arboreal(x) | -prior(y,x) | prior(y,successor(z,x)) | -generator(z) | changes(x,y).  [factor(132,b,e)].
157 -arboreal(x) | prior(y,x) | -prior(y,successor(z,x)) | changes(x,y).  [factor(133,c,d)].
158 arboreal(c3).  [resolve(135,a,125,a)].
159 prior(TPPs(c2,c1),c3) | prior(TPPs(c2,c1),successor(x,c3)) | -generator(x).  [resolve(136,a,125,a)].
160 prior(ECs(c1,c2),c3) | prior(ECs(c1,c2),successor(x,c3)) | -generator(x).  [resolve(136,a,124,a)].
163 generator(f1(c3)).  [resolve(158,a,129,a)].
164 -arboreal(x) | arboreal(successor(f1(c3),x)).  [resolve(163,a,127,a)].
165 arboreal(successor(f1(c3),c3)).  [resolve(164,a,158,a)].
167 generator(f1(successor(f1(c3),c3))).  [resolve(165,a,129,a)].
170 prior(TPPs(c2,c1),c3) | prior(TPPs(c2,c1),successor(f1(c3),c3)).  [resolve(159,c,163,a)].
183 prior(ECs(c1,c2),c3) | prior(ECs(c1,c2),successor(f1(c3),c3)).  [resolve(160,c,163,a)].
212 prior(TPPs(c2,c1),c3) | prior(PPs(c2,c1),successor(f1(c3),c3)).  [resolve(170,b,98,a)].
240 prior(ECs(c1,c2),c3) | -prior(Os(c1,c2),successor(f1(c3),c3)).  [resolve(183,b,89,a)].
241 prior(ECs(c1,c2),c3) | prior(connect(c1,c2),successor(f1(c3),c3)).  [resolve(183,b,88,a)].
265 prior(PPs(c2,c1),successor(f1(c3),c3)) | prior(PPs(c2,c1),c3).  [resolve(212,a,98,a)].
277 prior(connect(c1,c2),successor(f1(c3),c3)) | -prior(Os(c1,c2),c3).  [resolve(241,a,89,a)].
278 prior(connect(c1,c2),successor(f1(c3),c3)) | prior(connect(c1,c2),c3).  [resolve(241,a,88,a)].
286 prior(PPs(c2,c1),c3) | prior(Ps(c2,c1),successor(f1(c3),c3)).  [resolve(265,a,91,a)].
303 prior(connect(c1,c2),c3) | prior(region(c1),successor(f1(c3),c3)).  [resolve(278,a,72,b),unit_del(b,165)].
332 prior(connect(c1,c2),c3) | prior(connect(c1,c1),successor(f1(c3),c3)).  [resolve(303,b,74,b),unit_del(b,165)].
347 prior(Ps(c2,c1),successor(f1(c3),c3)) | prior(Ps(c2,c1),c3).  [resolve(286,a,91,a)].
382 prior(connect(c1,c1),successor(f1(c3),c3)) | prior(region(c2),c3).  [resolve(332,a,73,b),unit_del(b,158)].
390 prior(connect(c1,c1),successor(f1(c3),c3)) | prior(Ps(c2,c2),c3) | prior(connect(f2(c2,c2,c3),c2),c3).  [resolve(382,b,138,c),unit_del(c,158)].
403 prior(Ps(c2,c1),c3) | changes(c3,Ps(c2,c1)).  [resolve(347,a,157,c),merge(c),unit_del(b,158)].
410 prior(Ps(c2,c1),c3) | prior(Os(x,c1),successor(f1(c3),c3)) | -prior(Ps(c2,x),successor(f1(c3),c3)).  [resolve(347,a,87,d),unit_del(c,165)].
411 prior(Ps(c2,c1),c3) | prior(Os(c1,x),successor(f1(c3),c3)) | -prior(Ps(c2,x),successor(f1(c3),c3)).  [resolve(347,a,87,c),unit_del(c,165)].
413 prior(Ps(c2,c1),c3) | prior(region(c1),successor(f1(c3),c3)).  [resolve(347,a,77,a)].
414 prior(Ps(c2,c1),c3) | prior(region(c2),successor(f1(c3),c3)).  [resolve(347,a,76,a)].
423 prior(Ps(c2,c1),c3) | prior(Ps(c1,c1),successor(f1(c3),c3)) | prior(connect(f2(c1,c1,successor(f1(c3),c3)),c1),successor(f1(c3),c3)).  [resolve(413,b,138,c),unit_del(c,165)].
432 prior(Ps(c2,c1),c3) | prior(Ps(c2,c2),successor(f1(c3),c3)) | prior(connect(f2(c2,c2,successor(f1(c3),c3)),c2),successor(f1(c3),c3)).  [resolve(414,b,138,c),unit_del(c,165)].
433 prior(Ps(c2,c1),c3) | prior(region(c2),successor(x,c3)) | -generator(x).  [resolve(414,b,131,c)].
497 prior(Ps(c2,c1),c3) | prior(region(c2),successor(f1(successor(f1(c3),c3)),c3)).  [resolve(433,c,167,a)].
6976 prior(connect(c1,c1),successor(f1(c3),c3)) | prior(Ps(c2,c2),c3) | -prior(region(c2),c3).  [resolve(390,c,139,d),merge(c),unit_del(c,158)].
6992 prior(connect(c1,c1),successor(f1(c3),c3)) | prior(Ps(c2,c2),c3).  [resolve(6976,c,382,b),merge(c)].
6997 prior(Ps(c2,c2),c3) | prior(region(c1),successor(f1(c3),c3)).  [resolve(6992,a,73,b),unit_del(b,165)].
7001 prior(Ps(c2,c2),c3) | prior(region(c1),successor(x,c3)) | -generator(x).  [resolve(6997,b,131,c)].
7069 prior(Ps(c2,c2),c3) | prior(region(c1),successor(f1(successor(f1(c3),c3)),c3)).  [resolve(7001,c,167,a)].
8910 prior(Ps(c2,c1),c3) | prior(Ps(c1,c1),successor(f1(c3),c3)) | -prior(region(c1),successor(f1(c3),c3)).  [resolve(423,c,139,d),merge(c),unit_del(c,165)].
9609 prior(Ps(c2,c1),c3) | prior(Ps(c2,c2),successor(f1(c3),c3)) | -prior(region(c2),successor(f1(c3),c3)).  [resolve(432,c,139,d),merge(c),unit_del(c,165)].
10698 prior(Ps(c2,c1),c3) | prior(Ps(c1,c1),successor(f1(c3),c3)).  [resolve(8910,c,413,b),merge(c)].
10705 prior(Ps(c1,c1),successor(f1(c3),c3)) | prior(Os(c1,x),c3) | -prior(Ps(c2,x),c3).  [resolve(10698,a,87,c),unit_del(c,158)].
10794 prior(Ps(c2,c1),c3) | prior(Ps(c2,c2),successor(f1(c3),c3)).  [resolve(9609,c,414,b),merge(c)].
10795 prior(Ps(c2,c1),c3) | prior(Os(c1,c2),successor(f1(c3),c3)).  [resolve(10794,b,411,c),merge(b)].
10796 prior(Ps(c2,c1),c3) | prior(Os(c2,c1),successor(f1(c3),c3)).  [resolve(10794,b,410,c),merge(b)].
10869 prior(Ps(c2,c1),c3) | prior(ECs(c1,c2),c3).  [resolve(10795,b,240,b)].
10881 prior(Ps(c2,c1),c3) | -prior(Os(c1,c2),c3).  [resolve(10869,b,89,a)].
10882 prior(Ps(c2,c1),c3) | prior(connect(c1,c2),c3).  [resolve(10869,b,88,a)].
10885 prior(Ps(c2,c1),c3) | prior(region(c2),c3).  [resolve(10882,b,73,b),unit_del(b,158)].
10886 prior(Ps(c2,c1),c3) | prior(region(c1),c3).  [resolve(10882,b,72,b),unit_del(b,158)].
10894 prior(Ps(c2,c1),c3) | prior(Ps(c1,c1),c3) | prior(connect(f2(c1,c1,c3),c1),c3).  [resolve(10886,b,138,c),unit_del(c,158)].
10913 prior(Ps(c2,c1),c3) | prior(Os(c2,c1),c3) | changes(c3,Os(c2,c1)).  [resolve(10796,b,157,c),unit_del(b,158)].
11353 prior(Ps(c2,c1),c3) | prior(Os(c2,c1),c3) | -changes(c3,Ps(c2,c1)) | changes(c3,region(c2)) | changes(c3,region(c1)).  [resolve(10913,c,121,a)].
11497 prior(Ps(c2,c1),c3) | prior(Ps(c1,c1),c3) | -prior(region(c1),c3).  [resolve(10894,c,139,d),merge(c),unit_del(c,158)].
11503 prior(Ps(c2,c1),c3) | prior(Ps(c1,c1),c3).  [resolve(11497,c,10886,b),merge(c)].
11513 prior(Ps(c1,c1),c3) | prior(region(c1),c3).  [resolve(11503,a,77,a)].
11515 prior(Ps(c1,c1),c3) | prior(connect(f2(c1,c1,c3),c1),c3).  [resolve(11513,b,138,c),merge(b),unit_del(b,158)].
11603 prior(Ps(c1,c1),c3) | -prior(region(c1),c3).  [resolve(11515,b,139,d),merge(b),unit_del(b,158)].
11608 prior(Ps(c1,c1),c3).  [resolve(11603,b,11513,b),merge(b)].
11609 prior(Ps(c1,c1),successor(x,c3)) | -generator(x) | changes(c3,Ps(c1,c1)).  [resolve(11608,a,156,b),unit_del(a,158)].
11614 prior(region(c1),c3).  [resolve(11608,a,77,a)].
11850 prior(Ps(c1,c1),successor(f1(c3),c3)) | changes(c3,Ps(c1,c1)).  [resolve(11609,b,163,a)].
11851 prior(Ps(c1,c1),successor(f1(c3),c3)) | changes(c3,region(c1)).  [resolve(11850,b,155,a)].
11853 prior(Ps(c1,c1),successor(f1(c3),c3)) | -prior(region(c1),successor(x,c3)).  [resolve(11851,b,137,b),unit_del(c,11614)].
12074 prior(Ps(c1,c1),successor(f1(c3),c3)) | prior(Ps(c2,c2),c3).  [resolve(11853,b,7069,b)].
12076 prior(Ps(c1,c1),successor(f1(c3),c3)) | prior(Os(c1,c2),c3).  [resolve(12074,b,10705,c),merge(b)].
12113 prior(Ps(c1,c1),successor(f1(c3),c3)) | prior(connect(c1,c2),successor(f1(c3),c3)).  [resolve(12076,b,277,b)].
12294 prior(Ps(c1,c1),successor(f1(c3),c3)) | prior(region(c1),successor(f1(c3),c3)).  [resolve(12113,b,72,b),unit_del(b,165)].
12304 prior(Ps(c1,c1),successor(f1(c3),c3)).  [resolve(12294,b,11853,b),merge(b)].
12311 prior(region(c1),successor(f1(c3),c3)).  [resolve(12304,a,77,a)].
12387 -changes(c3,region(c1)).  [ur(137,a,12311,a,c,11614,a)].
12457 prior(Ps(c2,c1),c3) | prior(Os(c2,c1),c3) | -changes(c3,Ps(c2,c1)) | changes(c3,region(c2)).  [back_unit_del(11353),unit_del(e,12387)].
13440 prior(Ps(c2,c1),c3) | prior(Os(c2,c1),c3) | changes(c3,region(c2)).  [resolve(12457,c,403,b),merge(d)].
13441 prior(Ps(c2,c1),c3) | prior(Os(c2,c1),c3) | -prior(region(c2),successor(x,c3)) | -prior(region(c2),c3).  [resolve(13440,c,137,b)].
14800 prior(Ps(c2,c1),c3) | prior(Os(c2,c1),c3) | -prior(region(c2),c3).  [resolve(13441,c,497,b),merge(d)].
14801 prior(Ps(c2,c1),c3) | prior(Os(c2,c1),c3).  [resolve(14800,c,10885,b),merge(c)].
14803 prior(Ps(c2,c1),c3) | prior(Ps(f3(c2,c1,c3),c1),c3).  [resolve(14801,b,86,a)].
14804 prior(Ps(c2,c1),c3) | prior(Ps(f3(c2,c1,c3),c2),c3).  [resolve(14801,b,85,a)].
14810 prior(Ps(c2,c1),c3) | prior(Os(c1,x),c3) | -prior(Ps(f3(c2,c1,c3),x),c3).  [resolve(14803,b,87,c),unit_del(c,158)].
14838 prior(Ps(c2,c1),c3) | prior(Os(c1,c2),c3).  [resolve(14810,c,14804,b),merge(c)].
14839 prior(Ps(c2,c1),c3).  [resolve(14838,b,10881,b),merge(b)].
14841 prior(Ps(c2,c1),successor(x,c3)) | -generator(x) | changes(c3,Ps(c2,c1)).  [resolve(14839,a,156,b),unit_del(a,158)].
14846 prior(Os(c1,x),c3) | -prior(Ps(c2,x),c3).  [resolve(14839,a,87,c),unit_del(b,158)].
14848 prior(region(c2),c3).  [resolve(14839,a,76,a)].
14862 prior(Ps(c2,c2),c3) | prior(connect(f2(c2,c2,c3),c2),c3).  [resolve(14848,a,138,c),unit_del(b,158)].
14989 prior(Ps(c2,c2),c3).  [resolve(14862,b,139,d),merge(b),unit_del(b,158),unit_del(c,14848)].
14990 prior(Os(c1,c2),c3).  [resolve(14989,a,14846,b)].
14992 prior(Ps(c2,c2),successor(x,c3)) | -generator(x) | changes(c3,Ps(c2,c2)).  [resolve(14989,a,156,b),unit_del(a,158)].
15002 prior(connect(c1,c2),successor(f1(c3),c3)).  [back_unit_del(277),unit_del(b,14990)].
15003 prior(Os(c1,c2),successor(x,c3)) | -generator(x) | changes(c3,Os(c1,c2)).  [resolve(14990,a,156,b),unit_del(a,158)].
15021 prior(region(c2),successor(f1(c3),c3)).  [resolve(15002,a,73,b),unit_del(a,165)].
15030 -changes(c3,region(c2)).  [ur(137,a,15021,a,c,14848,a)].
15125 -changes(c3,Ps(c2,c2)).  [ur(155,b,15030,a)].
15126 prior(Ps(c2,c2),successor(x,c3)) | -generator(x).  [back_unit_del(14992),unit_del(c,15125)].
15317 prior(Ps(c2,c2),successor(f1(c3),c3)).  [resolve(15126,b,163,a)].
15321 prior(Os(x,c2),successor(f1(c3),c3)) | -prior(Ps(c2,x),successor(f1(c3),c3)).  [resolve(15317,a,87,d),unit_del(b,165)].
15760 prior(Ps(c2,c1),successor(f1(c3),c3)) | changes(c3,Ps(c2,c1)).  [resolve(14841,b,163,a)].
15842 prior(Os(c1,c2),successor(f1(c3),c3)) | changes(c3,Os(c1,c2)).  [resolve(15003,b,163,a)].
15844 prior(Os(c1,c2),successor(f1(c3),c3)) | -changes(c3,Ps(c2,c1)).  [resolve(15842,b,122,a),unit_del(c,12387),unit_del(d,15030)].
15848 prior(Os(c1,c2),successor(f1(c3),c3)) | prior(Ps(c2,c1),successor(f1(c3),c3)).  [resolve(15844,b,15760,b)].
16228 prior(Ps(c2,c1),successor(f1(c3),c3)) | prior(ECs(c1,c2),c3).  [resolve(15848,a,240,b)].
16238 prior(Ps(c2,c1),successor(f1(c3),c3)).  [resolve(16228,b,89,a),unit_del(b,14990)].
16240 prior(Os(c1,c2),successor(f1(c3),c3)).  [resolve(16238,a,15321,b)].
16253 prior(ECs(c1,c2),c3).  [back_unit_del(240),unit_del(b,16240)].
16324 $F.  [resolve(16253,a,89,a),unit_del(a,14990)].

============================== end of proof ==========================
