============================== prooftrans ============================
Prover9 (32) version Dec-2007, Dec 2007.
Process 11992 was started by Bahar on Bahar-THINK,
Thu May  2 02:21:58 2013
The command was "/cygdrive/c/Program Files (x86)/Prover9-Mace4/bin-win32/prover9".
============================== end of head ===========================

============================== end of input ==========================

============================== PROOF =================================

% -------- Comments from original proof --------
% Proof 1 at 39.64 (+ 0.76) seconds.
% Length of proof is 182.
% Level of proof is 45.
% Maximum clause weight is 24.
% Given clauses 3498.

1 (all occ (activity_occurrence(occ) -> (exists a (activity(a) & occurrence_of(occ,a))))) # label(non_clause).  [assumption].
2 (all s (arboreal(s) -> activity_occurrence(s))) # label(non_clause).  [assumption].
3 (all s all a (occurrence_of(s,a) -> (arboreal(s) <-> generator(a)))) # label(non_clause).  [assumption].
4 (all a all o (occurrence_of(successor(a,o),a) <-> generator(a) & arboreal(o))) # label(non_clause).  [assumption].
6 (all f all occ (prior(f,occ) -> state(f) & arboreal(occ))) # label(non_clause).  [assumption].
7 (all a all occ all f (prior(f,successor(a,occ)) <-> holds(f,occ) & generator(a))) # label(non_clause).  [assumption].
8 (all f all o (falsifies(o,f) <-> state(f) & arboreal(o) & prior(f,o) & -holds(f,o))) # label(non_clause).  [assumption].
9 (all f all o (achieves(o,f) <-> state(f) & arboreal(o) & -prior(f,o) & holds(f,o))) # label(non_clause).  [assumption].
10 (all f all o (changes(o,f) <-> achieves(o,f) | falsifies(o,f))) # label(non_clause).  [assumption].
11 (all x all y all o (arboreal(o) & prior(connect(x,y),o) -> prior(region(x),o) & prior(region(y),o))) # label(non_clause).  [assumption].
12 (all x all o (arboreal(o) & prior(region(x),o) -> prior(connect(x,x),o))) # label(non_clause).  [assumption].
14 (all x all y all o (prior(Ps(x,y),o) <-> arboreal(o) & prior(region(x),o) & prior(region(y),o) & (all z (prior(connect(z,x),o) -> prior(connect(z,y),o))))) # label(non_clause).  [assumption].
17 (all x all y all o (prior(ECs(x,y),o) <-> arboreal(o) & prior(connect(x,y),o) & -prior(Os(x,y),o))) # label(non_clause).  [assumption].
18 (all x all y all o (prior(PPs(x,y),o) <-> arboreal(o) & prior(Ps(x,y),o) & -prior(Ps(y,x),o))) # label(non_clause).  [assumption].
20 (all x all y all o (prior(TPPs(x,y),o) <-> arboreal(o) & prior(PPs(x,y),o) & (exists z (prior(ECs(z,x),o) & prior(ECs(z,y),o))))) # label(non_clause).  [assumption].
27 (all o all x all y (changes(o,Ps(x,y)) & changes(o,Ps(y,x)) -> changes(o,region(x)) | changes(o,region(y)))) # label(non_clause).  [assumption].
28 (all x all y all o (changes(o,TPPs(x,y)) -> -changes(o,TPPs(y,x)))) # label(non_clause) # label(goal).  [goal].
29 -arboreal(x) | activity_occurrence(x).  [clausify(2)].
31 -activity_occurrence(x) | occurrence_of(x,f1(x)).  [clausify(1)].
32 occurrence_of(successor(x,y),x) | -generator(x) | -arboreal(y).  [clausify(4)].
33 -occurrence_of(x,y) | -arboreal(x) | generator(y).  [clausify(3)].
34 -occurrence_of(x,y) | arboreal(x) | -generator(y).  [clausify(3)].
37 -arboreal(x) | occurrence_of(x,f1(x)).  [resolve(29,b,31,a)].
38 -prior(x,successor(y,z)) | holds(x,z).  [clausify(7)].
41 prior(x,successor(y,z)) | -holds(x,z) | -generator(y).  [clausify(7)].
42 -falsifies(x,y) | -holds(y,x).  [clausify(8)].
43 falsifies(x,y) | -state(y) | -arboreal(x) | -prior(y,x) | holds(y,x).  [clausify(8)].
44 -achieves(x,y) | holds(y,x).  [clausify(9)].
45 achieves(x,y) | -state(y) | -arboreal(x) | prior(y,x) | -holds(y,x).  [clausify(9)].
46 falsifies(x,y) | -state(y) | -arboreal(x) | -prior(y,x) | prior(y,successor(z,x)) | -generator(z).  [resolve(43,e,41,b)].
47 -prior(x,y) | state(x).  [clausify(6)].
52 achieves(x,y) | -state(y) | -arboreal(x) | prior(y,x) | -prior(y,successor(z,x)).  [resolve(45,e,38,b)].
53 -changes(x,y) | achieves(x,y) | falsifies(x,y).  [clausify(10)].
54 -falsifies(x,y) | arboreal(x).  [clausify(8)].
55 -falsifies(x,y) | prior(y,x).  [clausify(8)].
56 changes(x,y) | -falsifies(x,y).  [clausify(10)].
57 -falsifies(x,y) | -prior(y,successor(z,x)).  [resolve(42,b,38,b)].
59 falsifies(x,y) | -arboreal(x) | -prior(y,x) | prior(y,successor(z,x)) | -generator(z) | -prior(y,u).  [resolve(46,b,47,b)].
60 achieves(x,y) | -arboreal(x) | prior(y,x) | -prior(y,successor(z,x)) | -prior(y,u).  [resolve(52,b,47,b)].
61 -achieves(x,y) | arboreal(x).  [clausify(9)].
62 -achieves(x,y) | -prior(y,x).  [clausify(9)].
63 changes(x,y) | -achieves(x,y).  [clausify(10)].
65 -achieves(x,y) | prior(y,successor(z,x)) | -generator(z).  [resolve(44,b,41,b)].
66 -changes(x,y) | achieves(x,y) | arboreal(x).  [resolve(53,c,54,a)].
67 -changes(x,y) | achieves(x,y) | prior(y,x).  [resolve(53,c,55,a)].
68 -prior(x,successor(y,z)) | -changes(z,x) | achieves(z,x).  [resolve(57,a,53,c)].
73 -arboreal(x) | -prior(connect(y,z),x) | prior(region(z),x).  [clausify(11)].
74 -arboreal(x) | -prior(region(y),x) | prior(connect(y,y),x).  [clausify(12)].
76 -prior(Ps(x,y),z) | prior(region(x),z).  [clausify(14)].
77 -prior(Ps(x,y),z) | prior(region(y),z).  [clausify(14)].
79 prior(Ps(x,y),z) | -arboreal(z) | -prior(region(x),z) | -prior(region(y),z) | prior(connect(f2(x,y,z),x),z).  [clausify(14)].
80 prior(Ps(x,y),z) | -arboreal(z) | -prior(region(x),z) | -prior(region(y),z) | -prior(connect(f2(x,y,z),y),z).  [clausify(14)].
88 -prior(ECs(x,y),z) | prior(connect(x,y),z).  [clausify(17)].
91 -prior(PPs(x,y),z) | prior(Ps(x,y),z).  [clausify(18)].
92 -prior(PPs(x,y),z) | -prior(Ps(y,x),z).  [clausify(18)].
98 -prior(TPPs(x,y),z) | prior(PPs(x,y),z).  [clausify(20)].
99 -prior(TPPs(x,y),z) | prior(ECs(f5(x,y,z),x),z).  [clausify(20)].
123 -changes(x,Ps(y,z)) | -changes(x,Ps(z,y)) | changes(x,region(y)) | changes(x,region(z)).  [clausify(27)].
124 changes(c3,TPPs(c1,c2)).  [deny(28)].
125 changes(c3,TPPs(c2,c1)).  [deny(28)].
126 -generator(x) | -arboreal(y) | arboreal(successor(x,y)) | -generator(x).  [resolve(32,a,34,a)].
127 -generator(x) | -arboreal(y) | arboreal(successor(x,y)).  [copy(126),merge(d)].
128 -arboreal(x) | -arboreal(x) | generator(f1(x)).  [resolve(37,b,33,a)].
129 -arboreal(x) | generator(f1(x)).  [copy(128),merge(b)].
131 prior(x,successor(y,z)) | -generator(y) | -prior(x,successor(u,z)).  [resolve(41,b,38,b)].
132 -arboreal(x) | -prior(y,x) | prior(y,successor(z,x)) | -generator(z) | -prior(y,u) | changes(x,y).  [resolve(59,a,56,b)].
133 -arboreal(x) | prior(y,x) | -prior(y,successor(z,x)) | -prior(y,u) | changes(x,y).  [resolve(60,a,63,b)].
134 -changes(x,y) | arboreal(x) | arboreal(x).  [resolve(66,b,61,a)].
135 -changes(x,y) | arboreal(x).  [copy(134),merge(c)].
136 -changes(x,y) | prior(y,x) | prior(y,successor(z,x)) | -generator(z).  [resolve(67,b,65,a)].
137 -prior(x,successor(y,z)) | -changes(z,x) | -prior(x,z).  [resolve(68,c,62,a)].
138 prior(Ps(x,x),y) | -arboreal(y) | -prior(region(x),y) | prior(connect(f2(x,x,y),x),y).  [factor(79,c,d)].
139 prior(Ps(x,x),y) | -arboreal(y) | -prior(region(x),y) | -prior(connect(f2(x,x,y),x),y).  [factor(80,c,d)].
155 -changes(x,Ps(y,y)) | changes(x,region(y)).  [factor(123,a,b),merge(c)].
156 -arboreal(x) | -prior(y,x) | prior(y,successor(z,x)) | -generator(z) | changes(x,y).  [factor(132,b,e)].
157 -arboreal(x) | prior(y,x) | -prior(y,successor(z,x)) | changes(x,y).  [factor(133,c,d)].
158 arboreal(c3).  [resolve(135,a,125,a)].
159 prior(TPPs(c2,c1),c3) | prior(TPPs(c2,c1),successor(x,c3)) | -generator(x).  [resolve(136,a,125,a)].
160 prior(TPPs(c1,c2),c3) | prior(TPPs(c1,c2),successor(x,c3)) | -generator(x).  [resolve(136,a,124,a)].
163 generator(f1(c3)).  [resolve(158,a,129,a)].
164 -arboreal(x) | arboreal(successor(f1(c3),x)).  [resolve(163,a,127,a)].
165 arboreal(successor(f1(c3),c3)).  [resolve(164,a,158,a)].
166 arboreal(successor(f1(c3),successor(f1(c3),c3))).  [resolve(165,a,164,a)].
167 generator(f1(successor(f1(c3),c3))).  [resolve(165,a,129,a)].
168 -arboreal(x) | arboreal(successor(f1(successor(f1(c3),c3)),x)).  [resolve(167,a,127,a)].
170 prior(TPPs(c2,c1),c3) | prior(TPPs(c2,c1),successor(f1(c3),c3)).  [resolve(159,c,163,a)].
171 arboreal(successor(f1(c3),successor(f1(c3),successor(f1(c3),c3)))).  [resolve(166,a,164,a)].
177 arboreal(successor(f1(successor(f1(c3),c3)),c3)).  [resolve(168,a,158,a)].
180 generator(f1(successor(f1(successor(f1(c3),c3)),c3))).  [resolve(177,a,129,a)].
183 prior(TPPs(c1,c2),c3) | prior(TPPs(c1,c2),successor(f1(c3),c3)).  [resolve(160,c,163,a)].
186 -arboreal(x) | arboreal(successor(f1(successor(f1(successor(f1(c3),c3)),c3)),x)).  [resolve(180,a,127,a)].
189 generator(f1(successor(f1(c3),successor(f1(c3),successor(f1(c3),c3))))).  [resolve(171,a,129,a)].
211 prior(TPPs(c2,c1),c3) | prior(ECs(f5(c2,c1,successor(f1(c3),c3)),c2),successor(f1(c3),c3)).  [resolve(170,b,99,a)].
212 prior(TPPs(c2,c1),c3) | prior(PPs(c2,c1),successor(f1(c3),c3)).  [resolve(170,b,98,a)].
236 prior(TPPs(c1,c2),c3) | prior(PPs(c1,c2),successor(f1(c3),c3)).  [resolve(183,b,98,a)].
249 arboreal(successor(f1(successor(f1(successor(f1(c3),c3)),c3)),c3)).  [resolve(186,a,158,a)].
254 generator(f1(successor(f1(successor(f1(successor(f1(c3),c3)),c3)),c3))).  [resolve(249,a,129,a)].
257 -arboreal(x) | arboreal(successor(f1(successor(f1(successor(f1(successor(f1(c3),c3)),c3)),c3)),x)).  [resolve(254,a,127,a)].
259 prior(PPs(c2,c1),successor(f1(c3),c3)) | prior(ECs(f5(c2,c1,c3),c2),c3).  [resolve(212,a,99,a)].
260 prior(PPs(c2,c1),successor(f1(c3),c3)) | prior(PPs(c2,c1),c3).  [resolve(212,a,98,a)].
268 prior(PPs(c1,c2),successor(f1(c3),c3)) | prior(PPs(c1,c2),c3).  [resolve(236,a,98,a)].
271 prior(PPs(c2,c1),c3) | prior(PPs(c2,c1),successor(x,c3)) | -generator(x).  [resolve(260,a,131,c)].
276 prior(PPs(c2,c1),c3) | prior(Ps(c2,c1),successor(f1(c3),c3)).  [resolve(260,a,91,a)].
279 prior(PPs(c1,c2),c3) | prior(PPs(c1,c2),successor(x,c3)) | -generator(x).  [resolve(268,a,131,c)].
283 prior(PPs(c1,c2),c3) | -prior(Ps(c2,c1),successor(f1(c3),c3)).  [resolve(268,a,92,a)].
284 prior(PPs(c1,c2),c3) | prior(Ps(c1,c2),successor(f1(c3),c3)).  [resolve(268,a,91,a)].
293 prior(Ps(c2,c1),successor(f1(c3),c3)) | -prior(Ps(c1,c2),c3).  [resolve(276,a,92,a)].
294 prior(Ps(c2,c1),successor(f1(c3),c3)) | prior(Ps(c2,c1),c3).  [resolve(276,a,91,a)].
304 prior(Ps(c1,c2),successor(f1(c3),c3)) | prior(Ps(c1,c2),c3).  [resolve(284,a,91,a)].
305 prior(Ps(c2,c1),c3) | prior(PPs(c1,c2),c3).  [resolve(294,a,283,b)].
306 prior(Ps(c2,c1),c3) | changes(c3,Ps(c2,c1)).  [resolve(294,a,157,c),merge(c),unit_del(b,158)].
316 prior(Ps(c2,c1),c3) | prior(region(c1),successor(f1(c3),c3)).  [resolve(294,a,77,a)].
322 prior(Ps(c2,c1),c3) | prior(Ps(c1,c2),c3).  [resolve(305,b,91,a)].
327 prior(Ps(c2,c1),c3) | -changes(c3,Ps(c1,c2)) | changes(c3,region(c1)) | changes(c3,region(c2)).  [resolve(306,b,123,b)].
328 prior(Ps(c1,c2),c3) | prior(Ps(c2,c1),successor(x,c3)) | -generator(x) | changes(c3,Ps(c2,c1)).  [resolve(322,a,156,b),unit_del(b,158)].
334 prior(Ps(c1,c2),c3) | prior(region(c1),c3).  [resolve(322,a,77,a)].
337 prior(Ps(c1,c2),c3) | prior(Ps(c1,c1),c3) | prior(connect(f2(c1,c1,c3),c1),c3).  [resolve(334,b,138,c),unit_del(c,158)].
376 prior(Ps(c2,c1),c3) | prior(region(c1),successor(x,c3)) | -generator(x).  [resolve(316,b,131,c)].
391 prior(Ps(c1,c2),c3) | changes(c3,Ps(c1,c2)).  [resolve(304,a,157,c),merge(c),unit_del(b,158)].
401 prior(Ps(c1,c2),c3) | prior(region(c2),successor(f1(c3),c3)).  [resolve(304,a,77,a)].
402 prior(Ps(c1,c2),c3) | prior(region(c1),successor(f1(c3),c3)).  [resolve(304,a,76,a)].
408 prior(Ps(c1,c2),c3) | -changes(c3,Ps(c2,c1)) | changes(c3,region(c2)) | changes(c3,region(c1)).  [resolve(391,b,123,b)].
411 prior(Ps(c1,c2),c3) | prior(region(c2),successor(x,c3)) | -generator(x).  [resolve(401,b,131,c)].
419 prior(Ps(c1,c2),c3) | prior(region(c1),successor(x,c3)) | -generator(x).  [resolve(402,b,131,c)].
457 prior(Ps(c2,c1),c3) | prior(region(c1),successor(f1(successor(f1(c3),c3)),c3)).  [resolve(376,c,167,a)].
508 prior(Ps(c1,c2),c3) | prior(region(c1),successor(f1(successor(f1(c3),c3)),c3)).  [resolve(419,c,167,a)].
551 prior(PPs(c2,c1),c3) | prior(PPs(c2,c1),successor(f1(successor(f1(c3),successor(f1(c3),successor(f1(c3),c3)))),c3)).  [resolve(271,c,189,a)].
559 prior(PPs(c1,c2),c3) | prior(PPs(c1,c2),successor(f1(successor(f1(c3),successor(f1(c3),successor(f1(c3),c3)))),c3)).  [resolve(279,c,189,a)].
1147 arboreal(successor(f1(successor(f1(successor(f1(successor(f1(c3),c3)),c3)),c3)),c3)).  [resolve(257,a,158,a)].
1157 generator(f1(successor(f1(successor(f1(successor(f1(successor(f1(c3),c3)),c3)),c3)),c3))).  [resolve(1147,a,129,a)].
1165 prior(Ps(c1,c2),c3) | prior(region(c2),successor(f1(successor(f1(successor(f1(successor(f1(successor(f1(c3),c3)),c3)),c3)),c3)),c3)).  [resolve(1157,a,411,c)].
1205 prior(PPs(c2,c1),successor(f1(c3),c3)) | prior(connect(f5(c2,c1,c3),c2),c3).  [resolve(259,b,88,a)].
1216 prior(TPPs(c2,c1),c3) | prior(connect(f5(c2,c1,successor(f1(c3),c3)),c2),successor(f1(c3),c3)).  [resolve(211,b,88,a)].
1407 prior(PPs(c2,c1),successor(f1(c3),c3)) | prior(region(c2),c3).  [resolve(1205,b,73,b),unit_del(b,158)].
1414 prior(PPs(c2,c1),successor(f1(c3),c3)) | prior(connect(c2,c2),c3).  [resolve(1407,b,74,b),unit_del(b,158)].
1431 prior(connect(c2,c2),c3) | prior(Ps(c2,c1),successor(f1(c3),c3)).  [resolve(1414,a,91,a)].
1435 prior(Ps(c2,c1),successor(f1(c3),c3)) | prior(region(c2),c3).  [resolve(1431,a,73,b),unit_del(b,158)].
2189 prior(Ps(c1,c2),c3) | prior(Ps(c1,c1),c3) | -prior(region(c1),c3).  [resolve(337,c,139,d),merge(c),unit_del(c,158)].
2208 prior(Ps(c1,c2),c3) | prior(Ps(c1,c1),c3).  [resolve(2189,c,334,b),merge(c)].
2220 prior(Ps(c1,c1),c3) | prior(region(c1),c3).  [resolve(2208,a,76,a)].
2229 prior(Ps(c1,c1),c3) | prior(connect(f2(c1,c1,c3),c1),c3).  [resolve(2220,b,138,c),merge(b),unit_del(b,158)].
2312 prior(Ps(c1,c1),c3) | -prior(region(c1),c3).  [resolve(2229,b,139,d),merge(b),unit_del(b,158)].
2317 prior(Ps(c1,c1),c3).  [resolve(2312,b,2220,b),merge(b)].
2318 prior(Ps(c1,c1),successor(x,c3)) | -generator(x) | changes(c3,Ps(c1,c1)).  [resolve(2317,a,156,b),unit_del(a,158)].
2323 prior(region(c1),c3).  [resolve(2317,a,77,a)].
2482 prior(Ps(c1,c1),successor(f1(c3),c3)) | changes(c3,Ps(c1,c1)).  [resolve(2318,b,163,a)].
2506 prior(Ps(c1,c1),successor(f1(c3),c3)) | changes(c3,region(c1)).  [resolve(2482,b,155,a)].
2508 prior(Ps(c1,c1),successor(f1(c3),c3)) | -prior(region(c1),successor(x,c3)).  [resolve(2506,b,137,b),unit_del(c,2323)].
2623 prior(Ps(c1,c1),successor(f1(c3),c3)) | prior(Ps(c1,c2),c3).  [resolve(2508,b,508,b)].
2624 prior(Ps(c1,c1),successor(f1(c3),c3)) | prior(Ps(c2,c1),c3).  [resolve(2508,b,457,b)].
2632 prior(Ps(c1,c1),successor(f1(c3),c3)) | prior(Ps(c2,c1),successor(f1(c3),c3)).  [resolve(2623,b,293,b)].
2791 prior(Ps(c1,c1),successor(f1(c3),c3)) | prior(PPs(c1,c2),c3).  [resolve(2632,b,283,b)].
2806 prior(Ps(c1,c1),successor(f1(c3),c3)) | -prior(Ps(c2,c1),c3).  [resolve(2791,b,92,a)].
2807 prior(Ps(c1,c1),successor(f1(c3),c3)).  [resolve(2806,b,2624,b),merge(b)].
2814 prior(region(c1),successor(f1(c3),c3)).  [resolve(2807,a,77,a)].
2873 -changes(c3,region(c1)).  [ur(137,a,2814,a,c,2323,a)].
2898 prior(Ps(c1,c2),c3) | -changes(c3,Ps(c2,c1)) | changes(c3,region(c2)).  [back_unit_del(408),unit_del(d,2873)].
2899 prior(Ps(c2,c1),c3) | -changes(c3,Ps(c1,c2)) | changes(c3,region(c2)).  [back_unit_del(327),unit_del(c,2873)].
3490 prior(Ps(c1,c2),c3) | prior(Ps(c2,c1),successor(f1(c3),c3)) | changes(c3,Ps(c2,c1)).  [resolve(328,c,163,a)].
5311 prior(Ps(c1,c2),c3) | prior(Ps(c2,c1),successor(f1(c3),c3)) | changes(c3,region(c2)).  [resolve(3490,c,2898,b),merge(c)].
5313 prior(Ps(c1,c2),c3) | prior(Ps(c2,c1),successor(f1(c3),c3)) | -prior(region(c2),successor(x,c3)) | -prior(region(c2),c3).  [resolve(5311,c,137,b)].
8117 prior(TPPs(c2,c1),c3) | prior(region(c2),successor(f1(c3),c3)).  [resolve(1216,b,73,b),unit_del(b,165)].
9765 prior(PPs(c2,c1),c3) | prior(Ps(c2,c1),successor(f1(successor(f1(c3),successor(f1(c3),successor(f1(c3),c3)))),c3)).  [resolve(551,b,91,a)].
9933 prior(PPs(c1,c2),c3) | -prior(Ps(c2,c1),successor(f1(successor(f1(c3),successor(f1(c3),successor(f1(c3),c3)))),c3)).  [resolve(559,b,92,a)].
22832 prior(Ps(c2,c1),successor(f1(successor(f1(c3),successor(f1(c3),successor(f1(c3),c3)))),c3)) | -prior(Ps(c1,c2),c3).  [resolve(9765,a,92,a)].
24513 prior(Ps(c1,c2),c3) | prior(Ps(c2,c1),successor(f1(c3),c3)) | -prior(region(c2),c3).  [resolve(5313,c,1165,b),merge(d)].
24526 prior(Ps(c1,c2),c3) | prior(Ps(c2,c1),successor(f1(c3),c3)).  [resolve(24513,c,1435,b),merge(c)].
24529 prior(Ps(c1,c2),c3) | prior(PPs(c1,c2),c3).  [resolve(24526,b,283,b)].
24541 prior(Ps(c1,c2),c3).  [resolve(24529,b,91,a),merge(b)].
24547 prior(Ps(c2,c1),successor(f1(successor(f1(c3),successor(f1(c3),successor(f1(c3),c3)))),c3)).  [back_unit_del(22832),unit_del(b,24541)].
24562 prior(PPs(c1,c2),c3).  [back_unit_del(9933),unit_del(b,24547)].
24579 prior(region(c2),c3).  [resolve(24541,a,77,a)].
24582 -prior(PPs(c2,c1),c3).  [ur(92,b,24541,a)].
24870 prior(PPs(c2,c1),successor(f1(c3),c3)).  [back_unit_del(260),unit_del(b,24582)].
24887 -prior(TPPs(c2,c1),c3).  [ur(98,b,24582,a)].
25879 prior(region(c2),successor(f1(c3),c3)).  [back_unit_del(8117),unit_del(a,24887)].
26140 -prior(Ps(c2,c1),c3).  [resolve(24562,a,92,a)].
28896 -changes(c3,Ps(c1,c2)) | changes(c3,region(c2)).  [back_unit_del(2899),unit_del(a,26140)].
28981 -changes(c3,region(c2)).  [ur(137,a,25879,a,c,24579,a)].
28982 -changes(c3,Ps(c1,c2)).  [back_unit_del(28896),unit_del(b,28981)].
29110 -prior(Ps(c1,c2),successor(f1(c3),c3)).  [resolve(24870,a,92,a)].
29207 $F.  [ur(156,b,24541,a,c,29110,a,d,163,a,e,28982,a),unit_del(a,158)].

============================== end of proof ==========================
