Paradox, version 3.0, 2008-07-29.
+++ PROBLEM: C:\Users\torsten\Documents\github\colore\ontologies\multidim_mereotopology_codi\conversions\codi_int.all.tptp
Reading 'C:\Users\torsten\Documents\github\colore\ontologies\multidim_mereotopology_codi\conversions\codi_int.all.tptp' ... OK
+++ SOLVING: C:\Users\torsten\Documents\github\colore\ontologies\multidim_mereotopology_codi\conversions\codi_int.all.tptp
domain size 1
domain size 2
+++ BEGIN MODEL
SZS output start FiniteModel for C:\Users\torsten\Documents\github\colore\ontologies\multidim_mereotopology_codi\conversions\codi_int.all.tptp
% domain size is 2
fof(domain, fi_domain,
  (![X] : (X = "1" | X = "2"))
).

fof(c, fi_predicates,
  ( c("1","1") <=> $false
  & c("1","2") <=> $false
  & c("2","1") <=> $false
  & c("2","2") <=> $true
  )
).

fof(cont, fi_predicates,
  ( cont("1","1") <=> $false
  & cont("1","2") <=> $false
  & cont("2","1") <=> $false
  & cont("2","2") <=> $true
  )
).

fof(covers, fi_predicates,
  ( covers("1","1") <=> $false
  & covers("1","2") <=> $false
  & covers("2","1") <=> $true
  & covers("2","2") <=> $false
  )
).

fof(eqdim, fi_predicates,
  ( eqdim("1","1") <=> $true
  & eqdim("1","2") <=> $false
  & eqdim("2","1") <=> $false
  & eqdim("2","2") <=> $true
  )
).

fof(geq, fi_predicates,
  ( geq("1","1") <=> $true
  & geq("1","2") <=> $false
  & geq("2","1") <=> $true
  & geq("2","2") <=> $true
  )
).

fof(gt, fi_predicates,
  ( gt("1","1") <=> $false
  & gt("1","2") <=> $false
  & gt("2","1") <=> $true
  & gt("2","2") <=> $false
  )
).

fof(intersection, fi_functors,
  ( intersection("1","1") = "1"
  & intersection("1","2") = "1"
  & intersection("2","1") = "1"
  & intersection("2","2") = "2"
  )
).

fof(leq, fi_predicates,
  ( leq("1","1") <=> $true
  & leq("1","2") <=> $true
  & leq("2","1") <=> $false
  & leq("2","2") <=> $true
  )
).

fof(lt, fi_predicates,
  ( lt("1","1") <=> $false
  & lt("1","2") <=> $true
  & lt("2","1") <=> $false
  & lt("2","2") <=> $false
  )
).

fof(maxdim, fi_predicates,
  ( maxdim("1") <=> $false
  & maxdim("2") <=> $true
  )
).

fof(mindim, fi_predicates,
  ( mindim("1") <=> $false
  & mindim("2") <=> $true
  )
).

fof(p, fi_predicates,
  ( p("1","1") <=> $false
  & p("1","2") <=> $false
  & p("2","1") <=> $false
  & p("2","2") <=> $true
  )
).

fof(zex, fi_predicates,
  ( zex("1") <=> $true
  & zex("2") <=> $false
  )
).
SZS output end FiniteModel for C:\Users\torsten\Documents\github\colore\ontologies\multidim_mereotopology_codi\conversions\codi_int.all.tptp
+++ END MODEL
+++ RESULT: Satisfiable
SZS status Satisfiable for C:\Users\torsten\Documents\github\colore\ontologies\multidim_mereotopology_codi\conversions\codi_int.all.tptp
============================= C:\Reasoning\paradox3 ================================
execution finished: Thu Apr 19 13:04:18 2018
total CPU time used: 0
The command was "C:\Reasoning\paradox3 --time 600 --verbose 2 --model --tstp C:\Users\torsten\Documents\github\colore\ontologies\multidim_mereotopology_codi\conversions\codi_int.all.tptp"
Input read from 
============================ end of footer ===========================
