============================== Prover9 ===============================
Prover9 (32) version Dec-2007, Dec 2007.
Process 11200 was started by torsten on torsten-2016,
Tue Apr 24 10:11:38 2018
The command was "/cygdrive/c/Reasoning/prover9-bin/bin-win32/prover9 -t600 -f C:\Users\torsten\Documents\github\colore\ontologies\multidim_mereotopology_dim\conversions\dim_prime_linear_unbounded.p9 C:\Users\torsten\Documents\github\colore\ontologies\multidim_mereotopology_dim\definitions\conversions\eq_dim.p9 C:\Users\torsten\Documents\github\colore\ontologies\multidim_mereotopology_codi\theorems\conversions\codi_down_theoremspo-e1.p9 C:\Users\torsten\Documents\github\colore\ontologies\multidim_mereotopology_codi\theorems\conversions\codi_down_theoremst11.p9 C:\Users\torsten\Documents\github\colore\ontologies\multidim_mereotopology_codi\definitions\conversions\epp.p9 C:\Users\torsten\Documents\github\colore\ontologies\multidim_mereotopology_cont\definitions\conversions\c.p9 C:\Users\torsten\Documents\github\colore\ontologies\multidim_mereotopology_zex\conversions\zex.p9 C:\Users\torsten\Documents\github\colore\ontologies\multidim_mereotopology_codi\theorems\conversions\codi_down_theoremsep-e1.p9 C:\Users\torsten\Documents\github\colore\ontologies\multidim_mereotopology_codi\definitions\conversions\ep.p9 C:\Users\torsten\Documents\github\colore\ontologies\multidim_mereotopology_cont\conversions\cont_basic.p9 C:\Users\torsten\Documents\github\colore\ontologies\multidim_mereotopology_codi\conversions\codi_int.p9 C:\Users\torsten\Documents\github\colore\ontologies\multidim_mereotopology_codi\conversions\codi_down_sum.p9 C:\Users\torsten\Documents\github\colore\ontologies\multidim_mereotopology_codi\theorems\conversions\codi_down_theoremsep-e3.p9 C:\Users\torsten\Documents\github\colore\ontologies\multidim_mereotopology_codi\theorems\conversions\codi_down_theoremsep-e2.p9 C:\Users\torsten\Documents\github\colore\ontologies\multidim_mereotopology_codi\theorems\conversions\codi_down_theoremst1-t2.p9 C:\Users\torsten\Documents\github\colore\ontologies\multidim_mereotopology_dim\definitions\conversions\covers.p9 C:\Users\torsten\Documents\github\colore\ontologies\multidim_mereotopology_codi\definitions\conversions\min_max_in_dim.p9 C:\Users\torsten\Documents\github\colore\ontologies\multidim_mereotopology_codi\conversions\codi_linear.p9 C:\Users\torsten\Documents\github\colore\ontologies\multidim_mereotopology_dim\definitions\conversions\dim_defs.p9 C:\Users\torsten\Documents\github\colore\ontologies\multidim_mereotopology_codi\conversions\codi_down.p9 C:\Users\torsten\Documents\github\colore\ontologies\multidim_mereotopology_dim\conversions\dim_prime_linear.p9 C:\Users\torsten\Documents\github\colore\ontologies\multidim_mereotopology_codi\theorems\conversions\codi_down_theoremst3-t5.p9 C:\Users\torsten\Documents\github\colore\ontologies\multidim_mereotopology_dim\definitions\conversions\dim_basic_defs.p9 C:\Users\torsten\Documents\github\colore\ontologies\multidim_mereotopology_dim\definitions\conversions\min_max_dim.p9".
============================== end of head ===========================

============================== INPUT =================================

% Reading from file C:\Users\torsten\Documents\github\colore\ontologies\multidim_mereotopology_dim\conversions\dim_prime_linear_unbounded.p9


formulas(sos).
(all x11 leq(x11,x11)).
(all x22 all x21 all x23 (leq(x22,x21) & leq(x21,x23) -> leq(x22,x23))).
(all x32 all x31 (zex(x32) & zex(x31) -> x32 = x31)).
(all x42 all x41 (zex(x42) -> leq(x42,x41))).
end_of_list.

% Reading from file C:\Users\torsten\Documents\github\colore\ontologies\multidim_mereotopology_dim\definitions\conversions\eq_dim.p9


formulas(sos).
(all x12 all x11 (eqdim(x12,x11) <-> leq(x12,x11) & leq(x11,x12))).
end_of_list.

% Reading from file C:\Users\torsten\Documents\github\colore\ontologies\multidim_mereotopology_codi\theorems\conversions\codi_down_theoremspo-e1.p9


formulas(sos).
(all x12 all x11 (-zex(x12) & (all x13 (po(x12,x13) -> po(x11,x13))) -> p(x12,x11))).
(all x22 all x21 ((all x23 (po(x22,x23) <-> po(x21,x23))) -> x22 = x21)).
end_of_list.

% Reading from file C:\Users\torsten\Documents\github\colore\ontologies\multidim_mereotopology_codi\theorems\conversions\codi_down_theoremst11.p9


formulas(sos).
(all x12 all x11 all x13 (p(x11,x12) & min(x13) & cont(x13,x12) -> cont(x13,x11) | cont(x13,difference(x12,x11)))).
end_of_list.

% Reading from file C:\Users\torsten\Documents\github\colore\ontologies\multidim_mereotopology_codi\definitions\conversions\epp.p9


formulas(sos).
(all x12 all x11 (pp(x12,x11) <-> p(x12,x11) & x12 != x11)).
end_of_list.

% Reading from file C:\Users\torsten\Documents\github\colore\ontologies\multidim_mereotopology_cont\definitions\conversions\c.p9


formulas(sos).
(all x12 all x11 (c(x12,x11) <-> (exists x13 (cont(x13,x12) & cont(x13,x11))))).
end_of_list.

% Reading from file C:\Users\torsten\Documents\github\colore\ontologies\multidim_mereotopology_zex\conversions\zex.p9


formulas(sos).
(exists x2 zex(x2)).
end_of_list.

% Reading from file C:\Users\torsten\Documents\github\colore\ontologies\multidim_mereotopology_codi\theorems\conversions\codi_down_theoremsep-e1.p9


formulas(sos).
(all x12 all x11 (pp(x12,x11) -> (exists x13 (p(x13,x11) & -po(x13,x12))))).
end_of_list.

% Reading from file C:\Users\torsten\Documents\github\colore\ontologies\multidim_mereotopology_codi\definitions\conversions\ep.p9


formulas(sos).
(all x12 all x11 (p(x12,x11) <-> cont(x12,x11) & eqdim(x12,x11))).
end_of_list.

% Reading from file C:\Users\torsten\Documents\github\colore\ontologies\multidim_mereotopology_cont\conversions\cont_basic.p9


formulas(sos).
(all x11 (-zex(x11) <-> cont(x11,x11))).
(all x22 all x21 (cont(x22,x21) & cont(x21,x22) -> x22 = x21)).
(all x32 all x31 all x33 (cont(x32,x31) & cont(x31,x33) -> cont(x32,x33))).
(all x42 all x41 (zex(x42) -> -cont(x41,x42) & -cont(x42,x41))).
(all x52 all x51 (zex(x52) & zex(x51) -> x52 = x51)).
end_of_list.

% Reading from file C:\Users\torsten\Documents\github\colore\ontologies\multidim_mereotopology_codi\conversions\codi_int.p9


formulas(sos).
(all x12 all x11 (-c(x12,x11) <-> zex(intersection(x12,x11)))).
(all x22 all x21 (-zex(intersection(x22,x21)) -> cont(intersection(x22,x21),x22))).
(all x32 all x31 all x33 (cont(x33,x32) & cont(x33,x31) -> leq(x33,intersection(x32,x31)))).
(all x42 all x41 all x43 (cont(x43,x42) & cont(x43,x41) & eqdim(x43,intersection(x42,x41)) <-> p(x43,intersection(x42,x41)))).
end_of_list.

% Reading from file C:\Users\torsten\Documents\github\colore\ontologies\multidim_mereotopology_codi\conversions\codi_down_sum.p9


formulas(sos).
(all x12 all x11 sum(x12,x11) = sum(x11,x12)).
(all x22 all x21 (lt(x22,x21) -> x21 = sum(x22,x21))).
(all x32 all x31 all x33 (leq(x32,x31) & cont(x33,x31) -> cont(x33,sum(x32,x31)))).
(all x42 all x41 all x43 (cont(x43,sum(x42,x41)) & -cont(x43,x42) -> cont(difference(x43,x42),x41))).
end_of_list.

% Reading from file C:\Users\torsten\Documents\github\colore\ontologies\multidim_mereotopology_codi\theorems\conversions\codi_down_theoremsep-e3.p9


formulas(sos).
(all x12 all x11 (-zex(x12) & -zex(x11) & -cont(x11,x12) -> (exists x13 (p(x13,x11) & lt(intersection(x13,x12),x13))))).
end_of_list.

% Reading from file C:\Users\torsten\Documents\github\colore\ontologies\multidim_mereotopology_codi\theorems\conversions\codi_down_theoremsep-e2.p9


formulas(sos).
(all x12 all x11 (-zex(x12) & -zex(x11) & -p(x11,x12) & eqdim(x12,x11) & po(x12,x11) & -pp(x11,x12) -> (exists x13 (p(x13,x11) & -po(x13,x12))))).
(all x22 all x21 (-zex(x22) & -zex(x21) & -p(x21,x22) & eqdim(x22,x21) & -po(x22,x21) -> (exists x23 (p(x23,x21) & -po(x23,x22))))).
(all x32 all x31 (-zex(x32) & -zex(x31) & -p(x31,x32) & -eqdim(x32,x31) -> (exists x33 (p(x33,x31) & -po(x33,x32))))).
(all x42 all x41 (zex(x42) & -zex(x41) & -p(x41,x42) & -eqdim(x42,x41) -> (exists x43 (p(x43,x41) & -po(x43,x42))))).
end_of_list.

% Reading from file C:\Users\torsten\Documents\github\colore\ontologies\multidim_mereotopology_codi\theorems\conversions\codi_down_theoremst1-t2.p9


formulas(sos).
(all x12 all x11 (-zex(difference(x12,x11)) -> p(difference(x12,x11),x12))).
(all x22 all x21 (pp(x21,x22) & -zex(difference(x22,x21)) & p(difference(x22,x21),x22) -> pp(difference(x22,x21),x22))).
(all x32 all x31 (pp(x31,x32) -> pp(difference(x32,x31),x32))).
end_of_list.

% Reading from file C:\Users\torsten\Documents\github\colore\ontologies\multidim_mereotopology_dim\definitions\conversions\covers.p9


formulas(sos).
(all x12 all x11 (covers(x12,x11) <-> lt(x11,x12) & (all x13 -(lt(x11,x13) & lt(x13,x12))))).
end_of_list.

% Reading from file C:\Users\torsten\Documents\github\colore\ontologies\multidim_mereotopology_codi\definitions\conversions\min_max_in_dim.p9


formulas(sos).
(all x12 (max(x12) <-> -zex(x12) & (all x11 -pp(x12,x11)))).
(all x22 (min(x22) <-> -zex(x22) & (all x21 -pp(x21,x22)))).
end_of_list.

% Reading from file C:\Users\torsten\Documents\github\colore\ontologies\multidim_mereotopology_codi\conversions\codi_linear.p9


formulas(sos).
(all x12 all x11 (cont(x12,x11) -> lt(x12,x11) | eqdim(x12,x11))).
end_of_list.

% Reading from file C:\Users\torsten\Documents\github\colore\ontologies\multidim_mereotopology_dim\definitions\conversions\dim_defs.p9


formulas(sos).
end_of_list.

% Reading from file C:\Users\torsten\Documents\github\colore\ontologies\multidim_mereotopology_codi\conversions\codi_down.p9


formulas(sos).
(all x12 all x11 (-zex(difference(x12,x11)) -> eqdim(x12,difference(x12,x11)))).
(all x22 all x21 (lt(x21,x22) -> x22 = difference(x22,x21))).
(all x32 all x31 all x33 (leq(x32,x31) & cont(x33,x32) & lt(intersection(x33,x31),x33) -> cont(x33,difference(x32,x31)))).
(all x42 all x41 all x43 (leq(x42,x41) & cont(x43,difference(x42,x41)) -> cont(x43,x42))).
(all x52 all x51 all x53 (leq(x52,x51) & p(x53,difference(x52,x51)) -> lt(intersection(x53,x51),x53))).
(all x62 all x61 (zex(difference(x62,x61)) <-> zex(x62) | cont(x62,x61))).
end_of_list.

% Reading from file C:\Users\torsten\Documents\github\colore\ontologies\multidim_mereotopology_dim\conversions\dim_prime_linear.p9


formulas(sos).
(exists x2 mindim(x2)).
end_of_list.

% Reading from file C:\Users\torsten\Documents\github\colore\ontologies\multidim_mereotopology_codi\theorems\conversions\codi_down_theoremst3-t5.p9


formulas(sos).
(all x12 all x11 (-zex(x11) & -zex(difference(x12,x11)) -> -po(x11,difference(x12,x11)))).
(all x22 all x21 -po(intersection(x22,x21),difference(x22,x21))).
(all x32 all x31 all x33 (p(x33,difference(x32,x31)) -> p(x33,x32))).
(all x42 all x41 all x43 (p(x43,difference(x42,x41)) -> -po(x43,intersection(x42,x41)))).
(all x52 all x51 all x53 (p(x53,x52) & -po(x53,intersection(x52,x51)) -> p(x53,difference(x52,x51)))).
end_of_list.

% Reading from file C:\Users\torsten\Documents\github\colore\ontologies\multidim_mereotopology_dim\definitions\conversions\dim_basic_defs.p9


formulas(sos).
(all x12 all x11 (gt(x12,x11) <-> lt(x11,x12))).
(all x22 all x21 (geq(x22,x21) <-> leq(x21,x22))).
(all x32 all x31 (lt(x32,x31) <-> leq(x32,x31) & -eqdim(x32,x31))).
end_of_list.

% Reading from file C:\Users\torsten\Documents\github\colore\ontologies\multidim_mereotopology_dim\definitions\conversions\min_max_dim.p9


formulas(sos).
(all x12 (maxdim(x12) <-> -zex(x12) & (all x11 leq(x11,x12)))).
(all x22 (mindim(x22) <-> -zex(x22) & (all x21 (-zex(x21) -> leq(x22,x21))))).
end_of_list.

============================== end of input ==========================

% From the command line: assign(max_seconds, 600).

============================== PROCESS NON-CLAUSAL FORMULAS ==========

% Formulas that are not ordinary clauses:
1 (all x11 leq(x11,x11)) # label(non_clause).  [assumption].
2 (all x22 all x21 all x23 (leq(x22,x21) & leq(x21,x23) -> leq(x22,x23))) # label(non_clause).  [assumption].
3 (all x32 all x31 (zex(x32) & zex(x31) -> x32 = x31)) # label(non_clause).  [assumption].
4 (all x42 all x41 (zex(x42) -> leq(x42,x41))) # label(non_clause).  [assumption].
5 (all x12 all x11 (eqdim(x12,x11) <-> leq(x12,x11) & leq(x11,x12))) # label(non_clause).  [assumption].
6 (all x12 all x11 (-zex(x12) & (all x13 (po(x12,x13) -> po(x11,x13))) -> p(x12,x11))) # label(non_clause).  [assumption].
7 (all x22 all x21 ((all x23 (po(x22,x23) <-> po(x21,x23))) -> x22 = x21)) # label(non_clause).  [assumption].
8 (all x12 all x11 all x13 (p(x11,x12) & min(x13) & cont(x13,x12) -> cont(x13,x11) | cont(x13,difference(x12,x11)))) # label(non_clause).  [assumption].
9 (all x12 all x11 (pp(x12,x11) <-> p(x12,x11) & x12 != x11)) # label(non_clause).  [assumption].
10 (all x12 all x11 (c(x12,x11) <-> (exists x13 (cont(x13,x12) & cont(x13,x11))))) # label(non_clause).  [assumption].
11 (exists x2 zex(x2)) # label(non_clause).  [assumption].
12 (all x12 all x11 (pp(x12,x11) -> (exists x13 (p(x13,x11) & -po(x13,x12))))) # label(non_clause).  [assumption].
13 (all x12 all x11 (p(x12,x11) <-> cont(x12,x11) & eqdim(x12,x11))) # label(non_clause).  [assumption].
14 (all x11 (-zex(x11) <-> cont(x11,x11))) # label(non_clause).  [assumption].
15 (all x22 all x21 (cont(x22,x21) & cont(x21,x22) -> x22 = x21)) # label(non_clause).  [assumption].
16 (all x32 all x31 all x33 (cont(x32,x31) & cont(x31,x33) -> cont(x32,x33))) # label(non_clause).  [assumption].
17 (all x42 all x41 (zex(x42) -> -cont(x41,x42) & -cont(x42,x41))) # label(non_clause).  [assumption].
18 (all x52 all x51 (zex(x52) & zex(x51) -> x52 = x51)) # label(non_clause).  [assumption].
19 (all x12 all x11 (-c(x12,x11) <-> zex(intersection(x12,x11)))) # label(non_clause).  [assumption].
20 (all x22 all x21 (-zex(intersection(x22,x21)) -> cont(intersection(x22,x21),x22))) # label(non_clause).  [assumption].
21 (all x32 all x31 all x33 (cont(x33,x32) & cont(x33,x31) -> leq(x33,intersection(x32,x31)))) # label(non_clause).  [assumption].
22 (all x42 all x41 all x43 (cont(x43,x42) & cont(x43,x41) & eqdim(x43,intersection(x42,x41)) <-> p(x43,intersection(x42,x41)))) # label(non_clause).  [assumption].
23 (all x12 all x11 sum(x12,x11) = sum(x11,x12)) # label(non_clause).  [assumption].
24 (all x22 all x21 (lt(x22,x21) -> x21 = sum(x22,x21))) # label(non_clause).  [assumption].
25 (all x32 all x31 all x33 (leq(x32,x31) & cont(x33,x31) -> cont(x33,sum(x32,x31)))) # label(non_clause).  [assumption].
26 (all x42 all x41 all x43 (cont(x43,sum(x42,x41)) & -cont(x43,x42) -> cont(difference(x43,x42),x41))) # label(non_clause).  [assumption].
27 (all x12 all x11 (-zex(x12) & -zex(x11) & -cont(x11,x12) -> (exists x13 (p(x13,x11) & lt(intersection(x13,x12),x13))))) # label(non_clause).  [assumption].
28 (all x12 all x11 (-zex(x12) & -zex(x11) & -p(x11,x12) & eqdim(x12,x11) & po(x12,x11) & -pp(x11,x12) -> (exists x13 (p(x13,x11) & -po(x13,x12))))) # label(non_clause).  [assumption].
29 (all x22 all x21 (-zex(x22) & -zex(x21) & -p(x21,x22) & eqdim(x22,x21) & -po(x22,x21) -> (exists x23 (p(x23,x21) & -po(x23,x22))))) # label(non_clause).  [assumption].
30 (all x32 all x31 (-zex(x32) & -zex(x31) & -p(x31,x32) & -eqdim(x32,x31) -> (exists x33 (p(x33,x31) & -po(x33,x32))))) # label(non_clause).  [assumption].
31 (all x42 all x41 (zex(x42) & -zex(x41) & -p(x41,x42) & -eqdim(x42,x41) -> (exists x43 (p(x43,x41) & -po(x43,x42))))) # label(non_clause).  [assumption].
32 (all x12 all x11 (-zex(difference(x12,x11)) -> p(difference(x12,x11),x12))) # label(non_clause).  [assumption].
33 (all x22 all x21 (pp(x21,x22) & -zex(difference(x22,x21)) & p(difference(x22,x21),x22) -> pp(difference(x22,x21),x22))) # label(non_clause).  [assumption].
34 (all x32 all x31 (pp(x31,x32) -> pp(difference(x32,x31),x32))) # label(non_clause).  [assumption].
35 (all x12 all x11 (covers(x12,x11) <-> lt(x11,x12) & (all x13 -(lt(x11,x13) & lt(x13,x12))))) # label(non_clause).  [assumption].
36 (all x12 (max(x12) <-> -zex(x12) & (all x11 -pp(x12,x11)))) # label(non_clause).  [assumption].
37 (all x22 (min(x22) <-> -zex(x22) & (all x21 -pp(x21,x22)))) # label(non_clause).  [assumption].
38 (all x12 all x11 (cont(x12,x11) -> lt(x12,x11) | eqdim(x12,x11))) # label(non_clause).  [assumption].
39 (all x12 all x11 (-zex(difference(x12,x11)) -> eqdim(x12,difference(x12,x11)))) # label(non_clause).  [assumption].
40 (all x22 all x21 (lt(x21,x22) -> x22 = difference(x22,x21))) # label(non_clause).  [assumption].
41 (all x32 all x31 all x33 (leq(x32,x31) & cont(x33,x32) & lt(intersection(x33,x31),x33) -> cont(x33,difference(x32,x31)))) # label(non_clause).  [assumption].
42 (all x42 all x41 all x43 (leq(x42,x41) & cont(x43,difference(x42,x41)) -> cont(x43,x42))) # label(non_clause).  [assumption].
43 (all x52 all x51 all x53 (leq(x52,x51) & p(x53,difference(x52,x51)) -> lt(intersection(x53,x51),x53))) # label(non_clause).  [assumption].
44 (all x62 all x61 (zex(difference(x62,x61)) <-> zex(x62) | cont(x62,x61))) # label(non_clause).  [assumption].
45 (exists x2 mindim(x2)) # label(non_clause).  [assumption].
46 (all x12 all x11 (-zex(x11) & -zex(difference(x12,x11)) -> -po(x11,difference(x12,x11)))) # label(non_clause).  [assumption].
47 (all x22 all x21 -po(intersection(x22,x21),difference(x22,x21))) # label(non_clause).  [assumption].
48 (all x32 all x31 all x33 (p(x33,difference(x32,x31)) -> p(x33,x32))) # label(non_clause).  [assumption].
49 (all x42 all x41 all x43 (p(x43,difference(x42,x41)) -> -po(x43,intersection(x42,x41)))) # label(non_clause).  [assumption].
50 (all x52 all x51 all x53 (p(x53,x52) & -po(x53,intersection(x52,x51)) -> p(x53,difference(x52,x51)))) # label(non_clause).  [assumption].
51 (all x12 all x11 (gt(x12,x11) <-> lt(x11,x12))) # label(non_clause).  [assumption].
52 (all x22 all x21 (geq(x22,x21) <-> leq(x21,x22))) # label(non_clause).  [assumption].
53 (all x32 all x31 (lt(x32,x31) <-> leq(x32,x31) & -eqdim(x32,x31))) # label(non_clause).  [assumption].
54 (all x12 (maxdim(x12) <-> -zex(x12) & (all x11 leq(x11,x12)))) # label(non_clause).  [assumption].
55 (all x22 (mindim(x22) <-> -zex(x22) & (all x21 (-zex(x21) -> leq(x22,x21))))) # label(non_clause).  [assumption].

============================== end of process non-clausal formulas ===

============================== PROCESS INITIAL CLAUSES ===============

% Clauses before input processing:

formulas(usable).
end_of_list.

formulas(sos).
leq(x,x).  [clausify(1)].
-leq(x,y) | -leq(y,z) | leq(x,z).  [clausify(2)].
-zex(x) | -zex(y) | y = x.  [clausify(3)].
-zex(x) | leq(x,y).  [clausify(4)].
-eqdim(x,y) | leq(x,y).  [clausify(5)].
-eqdim(x,y) | leq(y,x).  [clausify(5)].
eqdim(x,y) | -leq(x,y) | -leq(y,x).  [clausify(5)].
zex(x) | po(x,f1(x,y)) | p(x,y).  [clausify(6)].
zex(x) | -po(y,f1(x,y)) | p(x,y).  [clausify(6)].
po(x,f2(x,y)) | po(y,f2(x,y)) | y = x.  [clausify(7)].
-po(x,f2(x,y)) | -po(y,f2(x,y)) | y = x.  [clausify(7)].
-p(x,y) | -min(z) | -cont(z,y) | cont(z,x) | cont(z,difference(y,x)).  [clausify(8)].
-pp(x,y) | p(x,y).  [clausify(9)].
-pp(x,y) | x != y.  [clausify(9)].
pp(x,y) | -p(x,y) | x = y.  [clausify(9)].
-c(x,y) | cont(f3(x,y),x).  [clausify(10)].
-c(x,y) | cont(f3(x,y),y).  [clausify(10)].
c(x,y) | -cont(z,x) | -cont(z,y).  [clausify(10)].
zex(c1).  [clausify(11)].
-pp(x,y) | p(f4(x,y),y).  [clausify(12)].
-pp(x,y) | -po(f4(x,y),x).  [clausify(12)].
-p(x,y) | cont(x,y).  [clausify(13)].
-p(x,y) | eqdim(x,y).  [clausify(13)].
p(x,y) | -cont(x,y) | -eqdim(x,y).  [clausify(13)].
zex(x) | cont(x,x).  [clausify(14)].
-zex(x) | -cont(x,x).  [clausify(14)].
-cont(x,y) | -cont(y,x) | y = x.  [clausify(15)].
-cont(x,y) | -cont(y,z) | cont(x,z).  [clausify(16)].
-zex(x) | -cont(y,x).  [clausify(17)].
-zex(x) | -cont(x,y).  [clausify(17)].
-zex(x) | -zex(y) | y = x.  [clausify(18)].
c(x,y) | zex(intersection(x,y)).  [clausify(19)].
-c(x,y) | -zex(intersection(x,y)).  [clausify(19)].
zex(intersection(x,y)) | cont(intersection(x,y),x).  [clausify(20)].
-cont(x,y) | -cont(x,z) | leq(x,intersection(y,z)).  [clausify(21)].
-cont(x,y) | -cont(x,z) | -eqdim(x,intersection(y,z)) | p(x,intersection(y,z)).  [clausify(22)].
cont(x,y) | -p(x,intersection(y,z)).  [clausify(22)].
cont(x,y) | -p(x,intersection(z,y)).  [clausify(22)].
eqdim(x,intersection(y,z)) | -p(x,intersection(y,z)).  [clausify(22)].
sum(x,y) = sum(y,x).  [clausify(23)].
-lt(x,y) | sum(x,y) = y.  [clausify(24)].
-leq(x,y) | -cont(z,y) | cont(z,sum(x,y)).  [clausify(25)].
-cont(x,sum(y,z)) | cont(x,y) | cont(difference(x,y),z).  [clausify(26)].
zex(x) | zex(y) | cont(y,x) | p(f5(x,y),y).  [clausify(27)].
zex(x) | zex(y) | cont(y,x) | lt(intersection(f5(x,y),x),f5(x,y)).  [clausify(27)].
zex(x) | zex(y) | p(y,x) | -eqdim(x,y) | -po(x,y) | pp(y,x) | p(f6(x,y),y).  [clausify(28)].
zex(x) | zex(y) | p(y,x) | -eqdim(x,y) | -po(x,y) | pp(y,x) | -po(f6(x,y),x).  [clausify(28)].
zex(x) | zex(y) | p(y,x) | -eqdim(x,y) | po(x,y) | p(f7(x,y),y).  [clausify(29)].
zex(x) | zex(y) | p(y,x) | -eqdim(x,y) | po(x,y) | -po(f7(x,y),x).  [clausify(29)].
zex(x) | zex(y) | p(y,x) | eqdim(x,y) | p(f8(x,y),y).  [clausify(30)].
zex(x) | zex(y) | p(y,x) | eqdim(x,y) | -po(f8(x,y),x).  [clausify(30)].
-zex(x) | zex(y) | p(y,x) | eqdim(x,y) | p(f9(x,y),y).  [clausify(31)].
-zex(x) | zex(y) | p(y,x) | eqdim(x,y) | -po(f9(x,y),x).  [clausify(31)].
zex(difference(x,y)) | p(difference(x,y),x).  [clausify(32)].
-pp(x,y) | zex(difference(y,x)) | -p(difference(y,x),y) | pp(difference(y,x),y).  [clausify(33)].
-pp(x,y) | pp(difference(y,x),y).  [clausify(34)].
-covers(x,y) | lt(y,x).  [clausify(35)].
-covers(x,y) | -lt(y,z) | -lt(z,x).  [clausify(35)].
covers(x,y) | -lt(y,x) | lt(y,f10(x,y)).  [clausify(35)].
covers(x,y) | -lt(y,x) | lt(f10(x,y),x).  [clausify(35)].
-max(x) | -zex(x).  [clausify(36)].
-max(x) | -pp(x,y).  [clausify(36)].
max(x) | zex(x) | pp(x,f11(x)).  [clausify(36)].
-min(x) | -zex(x).  [clausify(37)].
-min(x) | -pp(y,x).  [clausify(37)].
min(x) | zex(x) | pp(f12(x),x).  [clausify(37)].
-cont(x,y) | lt(x,y) | eqdim(x,y).  [clausify(38)].
zex(difference(x,y)) | eqdim(x,difference(x,y)).  [clausify(39)].
-lt(x,y) | difference(y,x) = y.  [clausify(40)].
-leq(x,y) | -cont(z,x) | -lt(intersection(z,y),z) | cont(z,difference(x,y)).  [clausify(41)].
-leq(x,y) | -cont(z,difference(x,y)) | cont(z,x).  [clausify(42)].
-leq(x,y) | -p(z,difference(x,y)) | lt(intersection(z,y),z).  [clausify(43)].
-zex(difference(x,y)) | zex(x) | cont(x,y).  [clausify(44)].
zex(difference(x,y)) | -zex(x).  [clausify(44)].
zex(difference(x,y)) | -cont(x,y).  [clausify(44)].
mindim(c2).  [clausify(45)].
zex(x) | zex(difference(y,x)) | -po(x,difference(y,x)).  [clausify(46)].
-po(intersection(x,y),difference(x,y)).  [clausify(47)].
-p(x,difference(y,z)) | p(x,y).  [clausify(48)].
-p(x,difference(y,z)) | -po(x,intersection(y,z)).  [clausify(49)].
-p(x,y) | po(x,intersection(y,z)) | p(x,difference(y,z)).  [clausify(50)].
-gt(x,y) | lt(y,x).  [clausify(51)].
gt(x,y) | -lt(y,x).  [clausify(51)].
-geq(x,y) | leq(y,x).  [clausify(52)].
geq(x,y) | -leq(y,x).  [clausify(52)].
-lt(x,y) | leq(x,y).  [clausify(53)].
-lt(x,y) | -eqdim(x,y).  [clausify(53)].
lt(x,y) | -leq(x,y) | eqdim(x,y).  [clausify(53)].
-maxdim(x) | -zex(x).  [clausify(54)].
-maxdim(x) | leq(y,x).  [clausify(54)].
maxdim(x) | zex(x) | -leq(f13(x),x).  [clausify(54)].
-mindim(x) | -zex(x).  [clausify(55)].
-mindim(x) | zex(y) | leq(x,y).  [clausify(55)].
mindim(x) | zex(x) | -zex(f14(x)).  [clausify(55)].
mindim(x) | zex(x) | -leq(x,f14(x)).  [clausify(55)].
end_of_list.

formulas(demodulators).
end_of_list.

============================== PREDICATE ELIMINATION =================

Eliminating min/1
56 min(x) | zex(x) | pp(f12(x),x).  [clausify(37)].
57 -p(x,y) | -min(z) | -cont(z,y) | cont(z,x) | cont(z,difference(y,x)).  [clausify(8)].
58 -min(x) | -zex(x).  [clausify(37)].
59 -min(x) | -pp(y,x).  [clausify(37)].
Derived: zex(x) | pp(f12(x),x) | -p(y,z) | -cont(x,z) | cont(x,y) | cont(x,difference(z,y)).  [resolve(56,a,57,b)].
Derived: zex(x) | pp(f12(x),x) | -pp(y,x).  [resolve(56,a,59,a)].

Eliminating c/2
60 c(x,y) | -cont(z,x) | -cont(z,y).  [clausify(10)].
61 -c(x,y) | cont(f3(x,y),x).  [clausify(10)].
62 -c(x,y) | cont(f3(x,y),y).  [clausify(10)].
Derived: -cont(x,y) | -cont(x,z) | cont(f3(y,z),y).  [resolve(60,a,61,a)].
Derived: -cont(x,y) | -cont(x,z) | cont(f3(y,z),z).  [resolve(60,a,62,a)].
63 c(x,y) | zex(intersection(x,y)).  [clausify(19)].
Derived: zex(intersection(x,y)) | cont(f3(x,y),x).  [resolve(63,a,61,a)].
Derived: zex(intersection(x,y)) | cont(f3(x,y),y).  [resolve(63,a,62,a)].
64 -c(x,y) | -zex(intersection(x,y)).  [clausify(19)].
Derived: -zex(intersection(x,y)) | -cont(z,x) | -cont(z,y).  [resolve(64,a,60,a)].

Eliminating covers/2
65 covers(x,y) | -lt(y,x) | lt(y,f10(x,y)).  [clausify(35)].
66 -covers(x,y) | lt(y,x).  [clausify(35)].
67 -covers(x,y) | -lt(y,z) | -lt(z,x).  [clausify(35)].
Derived: -lt(x,y) | lt(x,f10(y,x)) | -lt(x,z) | -lt(z,y).  [resolve(65,a,67,a)].
68 covers(x,y) | -lt(y,x) | lt(f10(x,y),x).  [clausify(35)].
Derived: -lt(x,y) | lt(f10(y,x),y) | -lt(x,z) | -lt(z,y).  [resolve(68,a,67,a)].

Eliminating max/1
69 max(x) | zex(x) | pp(x,f11(x)).  [clausify(36)].
70 -max(x) | -zex(x).  [clausify(36)].
71 -max(x) | -pp(x,y).  [clausify(36)].
Derived: zex(x) | pp(x,f11(x)) | -pp(x,y).  [resolve(69,a,71,a)].

Eliminating mindim/1
72 -mindim(x) | -zex(x).  [clausify(55)].
73 mindim(c2).  [clausify(45)].
Derived: -zex(c2).  [resolve(72,a,73,a)].
74 -mindim(x) | zex(y) | leq(x,y).  [clausify(55)].
Derived: zex(x) | leq(c2,x).  [resolve(74,a,73,a)].
75 mindim(x) | zex(x) | -zex(f14(x)).  [clausify(55)].
Derived: zex(x) | -zex(f14(x)) | zex(y) | leq(x,y).  [resolve(75,a,74,a)].
76 mindim(x) | zex(x) | -leq(x,f14(x)).  [clausify(55)].
Derived: zex(x) | -leq(x,f14(x)) | zex(y) | leq(x,y).  [resolve(76,a,74,a)].

Eliminating gt/2
77 gt(x,y) | -lt(y,x).  [clausify(51)].
78 -gt(x,y) | lt(y,x).  [clausify(51)].

Eliminating geq/2
79 geq(x,y) | -leq(y,x).  [clausify(52)].
80 -geq(x,y) | leq(y,x).  [clausify(52)].

Eliminating maxdim/1
81 maxdim(x) | zex(x) | -leq(f13(x),x).  [clausify(54)].
82 -maxdim(x) | -zex(x).  [clausify(54)].
83 -maxdim(x) | leq(y,x).  [clausify(54)].
Derived: zex(x) | -leq(f13(x),x) | leq(y,x).  [resolve(81,a,83,a)].

============================== end predicate elimination =============

Auto_denials:  (non-Horn, no changes).

Term ordering decisions:
Predicate symbol precedence:  predicate_order([ =, zex, cont, p, leq, eqdim, lt, po, pp ]).
Function symbol precedence:  function_order([ c1, c2, difference, intersection, sum, f1, f2, f3, f4, f5, f6, f7, f8, f9, f10, f11, f12, f13, f14 ]).
After inverse_order:  (no changes).
Unfolding symbols: (none).

Auto_inference settings:
  % set(paramodulation).  % (positive equality literals)
  % set(binary_resolution).  % (non-Horn)
  % set(neg_ur_resolution).  % (non-Horn, less than 100 clauses)

Auto_process settings:
  % set(factor).  % (non-Horn)
  % set(unit_deletion).  % (non-Horn)

% Operation sum is commutative; C redundancy checks enabled.

============================== end of process initial clauses ========

============================== CLAUSES FOR SEARCH ====================

% Clauses after input processing:

formulas(usable).
end_of_list.

formulas(sos).
84 leq(x,x).  [clausify(1)].
85 -leq(x,y) | -leq(y,z) | leq(x,z).  [clausify(2)].
86 -zex(x) | -zex(y) | y = x.  [clausify(3)].
87 -zex(x) | leq(x,y).  [clausify(4)].
88 -eqdim(x,y) | leq(x,y).  [clausify(5)].
89 -eqdim(x,y) | leq(y,x).  [clausify(5)].
90 eqdim(x,y) | -leq(x,y) | -leq(y,x).  [clausify(5)].
91 zex(x) | po(x,f1(x,y)) | p(x,y).  [clausify(6)].
92 zex(x) | -po(y,f1(x,y)) | p(x,y).  [clausify(6)].
93 po(x,f2(x,y)) | po(y,f2(x,y)) | y = x.  [clausify(7)].
94 -po(x,f2(x,y)) | -po(y,f2(x,y)) | y = x.  [clausify(7)].
95 -pp(x,y) | p(x,y).  [clausify(9)].
96 -pp(x,y) | x != y.  [clausify(9)].
97 pp(x,y) | -p(x,y) | x = y.  [clausify(9)].
98 zex(c1).  [clausify(11)].
99 -pp(x,y) | p(f4(x,y),y).  [clausify(12)].
100 -pp(x,y) | -po(f4(x,y),x).  [clausify(12)].
101 -p(x,y) | cont(x,y).  [clausify(13)].
102 -p(x,y) | eqdim(x,y).  [clausify(13)].
103 p(x,y) | -cont(x,y) | -eqdim(x,y).  [clausify(13)].
104 zex(x) | cont(x,x).  [clausify(14)].
106 -cont(x,y) | -cont(y,x) | y = x.  [clausify(15)].
107 -cont(x,y) | -cont(y,z) | cont(x,z).  [clausify(16)].
108 -zex(x) | -cont(y,x).  [clausify(17)].
109 -zex(x) | -cont(x,y).  [clausify(17)].
110 zex(intersection(x,y)) | cont(intersection(x,y),x).  [clausify(20)].
111 -cont(x,y) | -cont(x,z) | leq(x,intersection(y,z)).  [clausify(21)].
112 -cont(x,y) | -cont(x,z) | -eqdim(x,intersection(y,z)) | p(x,intersection(y,z)).  [clausify(22)].
113 cont(x,y) | -p(x,intersection(y,z)).  [clausify(22)].
114 cont(x,y) | -p(x,intersection(z,y)).  [clausify(22)].
115 sum(x,y) = sum(y,x).  [clausify(23)].
116 -lt(x,y) | sum(x,y) = y.  [clausify(24)].
117 -leq(x,y) | -cont(z,y) | cont(z,sum(x,y)).  [clausify(25)].
118 -cont(x,sum(y,z)) | cont(x,y) | cont(difference(x,y),z).  [clausify(26)].
119 zex(x) | zex(y) | cont(y,x) | p(f5(x,y),y).  [clausify(27)].
120 zex(x) | zex(y) | cont(y,x) | lt(intersection(f5(x,y),x),f5(x,y)).  [clausify(27)].
121 zex(x) | zex(y) | p(y,x) | -eqdim(x,y) | -po(x,y) | pp(y,x) | p(f6(x,y),y).  [clausify(28)].
122 zex(x) | zex(y) | p(y,x) | -eqdim(x,y) | -po(x,y) | pp(y,x) | -po(f6(x,y),x).  [clausify(28)].
123 zex(x) | zex(y) | p(y,x) | -eqdim(x,y) | po(x,y) | p(f7(x,y),y).  [clausify(29)].
124 zex(x) | zex(y) | p(y,x) | -eqdim(x,y) | po(x,y) | -po(f7(x,y),x).  [clausify(29)].
125 zex(x) | zex(y) | p(y,x) | eqdim(x,y) | p(f8(x,y),y).  [clausify(30)].
126 zex(x) | zex(y) | p(y,x) | eqdim(x,y) | -po(f8(x,y),x).  [clausify(30)].
127 -zex(x) | zex(y) | p(y,x) | eqdim(x,y) | p(f9(x,y),y).  [clausify(31)].
128 -zex(x) | zex(y) | p(y,x) | eqdim(x,y) | -po(f9(x,y),x).  [clausify(31)].
129 zex(difference(x,y)) | p(difference(x,y),x).  [clausify(32)].
131 -pp(x,y) | pp(difference(y,x),y).  [clausify(34)].
132 -cont(x,y) | lt(x,y) | eqdim(x,y).  [clausify(38)].
133 zex(difference(x,y)) | eqdim(x,difference(x,y)).  [clausify(39)].
134 -lt(x,y) | difference(y,x) = y.  [clausify(40)].
135 -leq(x,y) | -cont(z,x) | -lt(intersection(z,y),z) | cont(z,difference(x,y)).  [clausify(41)].
136 -leq(x,y) | -cont(z,difference(x,y)) | cont(z,x).  [clausify(42)].
137 -leq(x,y) | -p(z,difference(x,y)) | lt(intersection(z,y),z).  [clausify(43)].
138 -zex(difference(x,y)) | zex(x) | cont(x,y).  [clausify(44)].
139 zex(difference(x,y)) | -zex(x).  [clausify(44)].
140 zex(difference(x,y)) | -cont(x,y).  [clausify(44)].
141 zex(x) | zex(difference(y,x)) | -po(x,difference(y,x)).  [clausify(46)].
142 -po(intersection(x,y),difference(x,y)).  [clausify(47)].
143 -p(x,difference(y,z)) | p(x,y).  [clausify(48)].
144 -p(x,difference(y,z)) | -po(x,intersection(y,z)).  [clausify(49)].
145 -p(x,y) | po(x,intersection(y,z)) | p(x,difference(y,z)).  [clausify(50)].
146 -lt(x,y) | leq(x,y).  [clausify(53)].
147 -lt(x,y) | -eqdim(x,y).  [clausify(53)].
148 lt(x,y) | -leq(x,y) | eqdim(x,y).  [clausify(53)].
149 zex(x) | pp(f12(x),x) | -p(y,z) | -cont(x,z) | cont(x,y) | cont(x,difference(z,y)).  [resolve(56,a,57,b)].
150 zex(x) | pp(f12(x),x) | -pp(y,x).  [resolve(56,a,59,a)].
151 -cont(x,y) | -cont(x,z) | cont(f3(y,z),y).  [resolve(60,a,61,a)].
152 -cont(x,y) | -cont(x,z) | cont(f3(y,z),z).  [resolve(60,a,62,a)].
153 zex(intersection(x,y)) | cont(f3(x,y),x).  [resolve(63,a,61,a)].
154 zex(intersection(x,y)) | cont(f3(x,y),y).  [resolve(63,a,62,a)].
155 -zex(intersection(x,y)) | -cont(z,x) | -cont(z,y).  [resolve(64,a,60,a)].
156 -lt(x,y) | lt(x,f10(y,x)) | -lt(x,z) | -lt(z,y).  [resolve(65,a,67,a)].
157 -lt(x,y) | lt(f10(y,x),y) | -lt(x,z) | -lt(z,y).  [resolve(68,a,67,a)].
158 zex(x) | pp(x,f11(x)) | -pp(x,y).  [resolve(69,a,71,a)].
159 -zex(c2).  [resolve(72,a,73,a)].
160 zex(x) | leq(c2,x).  [resolve(74,a,73,a)].
161 zex(x) | -zex(f14(x)) | zex(y) | leq(x,y).  [resolve(75,a,74,a)].
162 zex(x) | -leq(x,f14(x)) | zex(y) | leq(x,y).  [resolve(76,a,74,a)].
163 zex(x) | -leq(f13(x),x) | leq(y,x).  [resolve(81,a,83,a)].
164 eqdim(x,x).  [factor(90,b,c),unit_del(b,84)].
165 -cont(x,y) | leq(x,intersection(y,y)).  [factor(111,a,b)].
166 -cont(x,y) | -eqdim(x,intersection(y,y)) | p(x,intersection(y,y)).  [factor(112,a,b)].
167 zex(x) | p(x,x) | -po(x,x) | pp(x,x) | p(f6(x,x),x).  [factor(121,a,b),unit_del(c,164)].
168 zex(x) | p(x,x) | -po(x,x) | pp(x,x) | -po(f6(x,x),x).  [factor(122,a,b),unit_del(c,164)].
169 zex(x) | p(x,x) | po(x,x) | p(f7(x,x),x).  [factor(123,a,b),unit_del(c,164)].
170 zex(x) | p(x,x) | po(x,x) | -po(f7(x,x),x).  [factor(124,a,b),unit_del(c,164)].
171 -cont(x,y) | cont(f3(y,y),y).  [factor(151,a,b)].
172 -zex(intersection(x,x)) | -cont(y,x).  [factor(155,b,c)].
173 -lt(x,y) | lt(x,f10(y,x)) | -lt(y,y).  [factor(156,a,c)].
174 -lt(x,y) | lt(x,f10(y,x)) | -lt(x,x).  [factor(156,a,d)].
175 -lt(x,x) | lt(x,f10(x,x)).  [factor(156,c,d),merge(c)].
176 -lt(x,y) | lt(f10(y,x),y) | -lt(y,y).  [factor(157,a,c)].
177 -lt(x,y) | lt(f10(y,x),y) | -lt(x,x).  [factor(157,a,d)].
178 -lt(x,x) | lt(f10(x,x),x).  [factor(157,c,d),merge(c)].
end_of_list.

formulas(demodulators).
115 sum(x,y) = sum(y,x).  [clausify(23)].
        % (lex-dep)
end_of_list.

============================== end of clauses for search =============

============================== SEARCH ================================

% Starting search at 0.05 seconds.

given #1 (I,wt=3): 84 leq(x,x).  [clausify(1)].

given #2 (I,wt=9): 85 -leq(x,y) | -leq(y,z) | leq(x,z).  [clausify(2)].

given #3 (I,wt=7): 86 -zex(x) | -zex(y) | y = x.  [clausify(3)].

given #4 (I,wt=5): 87 -zex(x) | leq(x,y).  [clausify(4)].

given #5 (I,wt=6): 88 -eqdim(x,y) | leq(x,y).  [clausify(5)].

given #6 (I,wt=6): 89 -eqdim(x,y) | leq(y,x).  [clausify(5)].

given #7 (I,wt=9): 90 eqdim(x,y) | -leq(x,y) | -leq(y,x).  [clausify(5)].

given #8 (I,wt=10): 91 zex(x) | po(x,f1(x,y)) | p(x,y).  [clausify(6)].

given #9 (I,wt=10): 92 zex(x) | -po(y,f1(x,y)) | p(x,y).  [clausify(6)].

given #10 (I,wt=13): 93 po(x,f2(x,y)) | po(y,f2(x,y)) | y = x.  [clausify(7)].

given #11 (I,wt=13): 94 -po(x,f2(x,y)) | -po(y,f2(x,y)) | y = x.  [clausify(7)].

given #12 (I,wt=6): 95 -pp(x,y) | p(x,y).  [clausify(9)].

given #13 (I,wt=6): 96 -pp(x,y) | x != y.  [clausify(9)].

given #14 (I,wt=9): 97 pp(x,y) | -p(x,y) | x = y.  [clausify(9)].

given #15 (I,wt=2): 98 zex(c1).  [clausify(11)].

given #16 (I,wt=8): 99 -pp(x,y) | p(f4(x,y),y).  [clausify(12)].

given #17 (I,wt=8): 100 -pp(x,y) | -po(f4(x,y),x).  [clausify(12)].

given #18 (I,wt=6): 101 -p(x,y) | cont(x,y).  [clausify(13)].

given #19 (I,wt=6): 102 -p(x,y) | eqdim(x,y).  [clausify(13)].

given #20 (I,wt=9): 103 p(x,y) | -cont(x,y) | -eqdim(x,y).  [clausify(13)].

given #21 (I,wt=5): 104 zex(x) | cont(x,x).  [clausify(14)].

given #22 (I,wt=9): 106 -cont(x,y) | -cont(y,x) | y = x.  [clausify(15)].

given #23 (I,wt=9): 107 -cont(x,y) | -cont(y,z) | cont(x,z).  [clausify(16)].

given #24 (I,wt=5): 108 -zex(x) | -cont(y,x).  [clausify(17)].

given #25 (I,wt=5): 109 -zex(x) | -cont(x,y).  [clausify(17)].

given #26 (I,wt=9): 110 zex(intersection(x,y)) | cont(intersection(x,y),x).  [clausify(20)].

given #27 (I,wt=11): 111 -cont(x,y) | -cont(x,z) | leq(x,intersection(y,z)).  [clausify(21)].

given #28 (I,wt=16): 112 -cont(x,y) | -cont(x,z) | -eqdim(x,intersection(y,z)) | p(x,intersection(y,z)).  [clausify(22)].

given #29 (I,wt=8): 113 cont(x,y) | -p(x,intersection(y,z)).  [clausify(22)].

given #30 (I,wt=8): 114 cont(x,y) | -p(x,intersection(z,y)).  [clausify(22)].

given #31 (I,wt=7): 115 sum(x,y) = sum(y,x).  [clausify(23)].

given #32 (I,wt=8): 116 -lt(x,y) | sum(x,y) = y.  [clausify(24)].

given #33 (I,wt=11): 117 -leq(x,y) | -cont(z,y) | cont(z,sum(x,y)).  [clausify(25)].

given #34 (I,wt=13): 118 -cont(x,sum(y,z)) | cont(x,y) | cont(difference(x,y),z).  [clausify(26)].

given #35 (I,wt=12): 119 zex(x) | zex(y) | cont(y,x) | p(f5(x,y),y).  [clausify(27)].

given #36 (I,wt=16): 120 zex(x) | zex(y) | cont(y,x) | lt(intersection(f5(x,y),x),f5(x,y)).  [clausify(27)].

given #37 (I,wt=21): 121 zex(x) | zex(y) | p(y,x) | -eqdim(x,y) | -po(x,y) | pp(y,x) | p(f6(x,y),y).  [clausify(28)].

given #38 (I,wt=21): 122 zex(x) | zex(y) | p(y,x) | -eqdim(x,y) | -po(x,y) | pp(y,x) | -po(f6(x,y),x).  [clausify(28)].

given #39 (I,wt=18): 123 zex(x) | zex(y) | p(y,x) | -eqdim(x,y) | po(x,y) | p(f7(x,y),y).  [clausify(29)].

given #40 (I,wt=18): 124 zex(x) | zex(y) | p(y,x) | -eqdim(x,y) | po(x,y) | -po(f7(x,y),x).  [clausify(29)].

given #41 (I,wt=15): 125 zex(x) | zex(y) | p(y,x) | eqdim(x,y) | p(f8(x,y),y).  [clausify(30)].

given #42 (I,wt=15): 126 zex(x) | zex(y) | p(y,x) | eqdim(x,y) | -po(f8(x,y),x).  [clausify(30)].

given #43 (I,wt=15): 127 -zex(x) | zex(y) | p(y,x) | eqdim(x,y) | p(f9(x,y),y).  [clausify(31)].

given #44 (I,wt=15): 128 -zex(x) | zex(y) | p(y,x) | eqdim(x,y) | -po(f9(x,y),x).  [clausify(31)].

given #45 (I,wt=9): 129 zex(difference(x,y)) | p(difference(x,y),x).  [clausify(32)].

given #46 (I,wt=8): 131 -pp(x,y) | pp(difference(y,x),y).  [clausify(34)].

given #47 (I,wt=9): 132 -cont(x,y) | lt(x,y) | eqdim(x,y).  [clausify(38)].

given #48 (I,wt=9): 133 zex(difference(x,y)) | eqdim(x,difference(x,y)).  [clausify(39)].

given #49 (I,wt=8): 134 -lt(x,y) | difference(y,x) = y.  [clausify(40)].

given #50 (I,wt=16): 135 -leq(x,y) | -cont(z,x) | -lt(intersection(z,y),z) | cont(z,difference(x,y)).  [clausify(41)].

given #51 (I,wt=11): 136 -leq(x,y) | -cont(z,difference(x,y)) | cont(z,x).  [clausify(42)].

given #52 (I,wt=13): 137 -leq(x,y) | -p(z,difference(x,y)) | lt(intersection(z,y),z).  [clausify(43)].

given #53 (I,wt=9): 138 -zex(difference(x,y)) | zex(x) | cont(x,y).  [clausify(44)].

given #54 (I,wt=6): 139 zex(difference(x,y)) | -zex(x).  [clausify(44)].

given #55 (I,wt=7): 140 zex(difference(x,y)) | -cont(x,y).  [clausify(44)].

given #56 (I,wt=11): 141 zex(x) | zex(difference(y,x)) | -po(x,difference(y,x)).  [clausify(46)].

given #57 (I,wt=7): 142 -po(intersection(x,y),difference(x,y)).  [clausify(47)].

given #58 (I,wt=8): 143 -p(x,difference(y,z)) | p(x,y).  [clausify(48)].

given #59 (I,wt=10): 144 -p(x,difference(y,z)) | -po(x,intersection(y,z)).  [clausify(49)].

given #60 (I,wt=13): 145 -p(x,y) | po(x,intersection(y,z)) | p(x,difference(y,z)).  [clausify(50)].

given #61 (I,wt=6): 146 -lt(x,y) | leq(x,y).  [clausify(53)].

given #62 (I,wt=6): 147 -lt(x,y) | -eqdim(x,y).  [clausify(53)].

given #63 (I,wt=9): 148 lt(x,y) | -leq(x,y) | eqdim(x,y).  [clausify(53)].

given #64 (I,wt=20): 149 zex(x) | pp(f12(x),x) | -p(y,z) | -cont(x,z) | cont(x,y) | cont(x,difference(z,y)).  [resolve(56,a,57,b)].

given #65 (I,wt=9): 150 zex(x) | pp(f12(x),x) | -pp(y,x).  [resolve(56,a,59,a)].

given #66 (I,wt=11): 151 -cont(x,y) | -cont(x,z) | cont(f3(y,z),y).  [resolve(60,a,61,a)].

given #67 (I,wt=11): 152 -cont(x,y) | -cont(x,z) | cont(f3(y,z),z).  [resolve(60,a,62,a)].

given #68 (I,wt=9): 153 zex(intersection(x,y)) | cont(f3(x,y),x).  [resolve(63,a,61,a)].

given #69 (I,wt=9): 154 zex(intersection(x,y)) | cont(f3(x,y),y).  [resolve(63,a,62,a)].

given #70 (I,wt=10): 155 -zex(intersection(x,y)) | -cont(z,x) | -cont(z,y).  [resolve(64,a,60,a)].

given #71 (I,wt=14): 156 -lt(x,y) | lt(x,f10(y,x)) | -lt(x,z) | -lt(z,y).  [resolve(65,a,67,a)].

given #72 (I,wt=14): 157 -lt(x,y) | lt(f10(y,x),y) | -lt(x,z) | -lt(z,y).  [resolve(68,a,67,a)].

given #73 (I,wt=9): 158 zex(x) | pp(x,f11(x)) | -pp(x,y).  [resolve(69,a,71,a)].

given #74 (I,wt=2): 159 -zex(c2).  [resolve(72,a,73,a)].

given #75 (I,wt=5): 160 zex(x) | leq(c2,x).  [resolve(74,a,73,a)].

given #76 (I,wt=10): 161 zex(x) | -zex(f14(x)) | zex(y) | leq(x,y).  [resolve(75,a,74,a)].

given #77 (I,wt=11): 162 zex(x) | -leq(x,f14(x)) | zex(y) | leq(x,y).  [resolve(76,a,74,a)].

given #78 (I,wt=9): 163 zex(x) | -leq(f13(x),x) | leq(y,x).  [resolve(81,a,83,a)].

given #79 (I,wt=3): 164 eqdim(x,x).  [factor(90,b,c),unit_del(b,84)].

given #80 (I,wt=8): 165 -cont(x,y) | leq(x,intersection(y,y)).  [factor(111,a,b)].

given #81 (I,wt=13): 166 -cont(x,y) | -eqdim(x,intersection(y,y)) | p(x,intersection(y,y)).  [factor(112,a,b)].

given #82 (I,wt=8): 171 -cont(x,y) | cont(f3(y,y),y).  [factor(151,a,b)].

given #83 (I,wt=7): 172 -zex(intersection(x,x)) | -cont(y,x).  [factor(155,b,c)].

given #84 (A,wt=5): 179 zex(x) | p(x,x).  [resolve(92,b,91,b),merge(c),merge(d)].

given #85 (F,wt=3): 180 -pp(x,x).  [ur(96,b,xx)].

given #86 (F,wt=3): 183 -cont(x,c1).  [ur(108,a,98,a)].

given #87 (F,wt=3): 184 -cont(c1,x).  [ur(109,a,98,a)].

given #88 (F,wt=3): 298 -lt(x,x).  [ur(147,b,164,a)].

given #89 (T,wt=3): 181 leq(c1,x).  [resolve(98,a,87,a)].

given #90 (T,wt=4): 227 zex(difference(c1,x)).  [resolve(139,b,98,a)].

given #91 (T,wt=4): 312 zex(intersection(x,c1)).  [resolve(183,a,154,b)].

given #92 (T,wt=4): 313 zex(intersection(c1,x)).  [resolve(183,a,153,b)].

given #93 (A,wt=5): 182 -zex(x) | c1 = x.  [resolve(98,a,86,b)].

given #94 (F,wt=3): 319 -p(x,c1).  [ur(101,b,183,a)].

given #95 (F,wt=3): 322 -p(c1,x).  [ur(101,b,184,a)].

given #96 (F,wt=3): 350 -pp(x,c1).  [ur(99,b,319,a)].

given #97 (F,wt=3): 352 -pp(c1,x).  [ur(95,b,322,a)].

given #98 (T,wt=5): 347 intersection(c1,x) = c1.  [resolve(182,a,313,a),flip(a)].

given #99 (T,wt=5): 348 intersection(x,c1) = c1.  [resolve(182,a,312,a),flip(a)].

given #100 (T,wt=5): 349 difference(c1,x) = c1.  [resolve(182,a,227,a),flip(a)].

given #101 (T,wt=6): 185 zex(intersection(x,y)) | -zex(x).  [resolve(110,b,108,b)].

given #102 (A,wt=12): 186 zex(intersection(x,y)) | -cont(z,intersection(x,y)) | cont(z,x).  [resolve(110,b,107,b)].

given #103 (F,wt=3): 353 -po(c1,c1).  [para(347(a,1),142(a,1)),rewrite([349(3)])].

given #104 (F,wt=4): 314 -zex(difference(c2,c1)).  [ur(138,b,159,a,c,183,a)].

given #105 (F,wt=5): 316 -cont(x,sum(c1,c1)).  [ur(118,b,183,a,c,183,a)].

given #106 (F,wt=5): 351 -po(c1,f1(c2,c1)).  [ur(92,a,159,a,c,319,a)].

given #107 (T,wt=4): 364 zex(sum(c1,c1)).  [resolve(316,a,104,b)].

given #108 (T,wt=5): 373 sum(c1,c1) = c1.  [resolve(364,a,182,a),flip(a)].

given #109 (T,wt=6): 229 zex(difference(x,x)) | zex(x).  [resolve(140,b,104,b)].

given #110 (T,wt=6): 270 zex(intersection(x,y)) | -zex(y).  [resolve(154,b,108,b)].

given #111 (A,wt=12): 187 zex(intersection(x,y)) | -cont(x,z) | cont(intersection(x,y),z).  [resolve(110,b,107,a)].

given #112 (F,wt=5): 355 -po(c1,difference(x,c1)).  [para(348(a,1),142(a,1))].

given #113 (F,wt=6): 360 -zex(difference(difference(c2,c1),c1)).  [ur(138,b,314,a,c,183,a)].

given #114 (F,wt=7): 193 -pp(sum(x,y),sum(y,x)).  [ur(96,b,115,a)].

given #115 (F,wt=7): 361 -po(c1,f1(difference(c2,c1),c1)).  [ur(92,a,314,a,c,319,a)].

given #116 (T,wt=6): 297 p(x,x) | -cont(x,x).  [resolve(164,a,103,c)].

given #117 (T,wt=6): 309 -zex(intersection(x,x)) | zex(x).  [resolve(172,b,104,b)].

given #118 (T,wt=6): 323 lt(c1,x) | eqdim(c1,x).  [resolve(181,a,148,b)].

given #119 (T,wt=6): 327 eqdim(x,c1) | -leq(x,c1).  [resolve(181,a,90,c)].

given #120 (A,wt=14): 188 zex(intersection(x,y)) | -cont(x,intersection(x,y)) | intersection(x,y) = x.  [resolve(110,b,106,b)].

given #121 (F,wt=4): 388 -zex(intersection(c2,c2)).  [ur(309,b,159,a)].

given #122 (F,wt=6): 398 -zex(difference(intersection(c2,c2),c1)).  [ur(138,b,388,a,c,183,a)].

given #123 (F,wt=7): 399 -po(c1,f1(intersection(c2,c2),c1)).  [ur(92,a,388,a,c,319,a)].

given #124 (F,wt=8): 356 -p(x,difference(y,c1)) | -po(x,c1).  [para(348(a,1),144(b,2))].

given #125 (T,wt=6): 328 eqdim(c1,x) | -leq(x,c1).  [resolve(181,a,90,b)].

given #126 (T,wt=6): 329 -leq(x,c1) | leq(x,y).  [resolve(181,a,85,b)].

given #127 (T,wt=7): 303 leq(x,intersection(x,x)) | zex(x).  [resolve(165,a,104,b)].

given #128 (T,wt=7): 306 cont(f3(x,x),x) | zex(x).  [resolve(171,a,104,b)].

given #129 (A,wt=16): 189 -cont(intersection(x,y),z) | leq(intersection(x,y),intersection(x,z)) | zex(intersection(x,y)).  [resolve(111,a,110,b)].

given #130 (F,wt=8): 384 -zex(difference(difference(difference(c2,c1),c1),c1)).  [ur(138,b,360,a,c,183,a)].

given #131 (F,wt=8): 387 -zex(intersection(difference(c2,c1),difference(c2,c1))).  [ur(309,b,314,a)].

given #132 (F,wt=8): 397 -zex(intersection(intersection(c2,c2),intersection(c2,c2))).  [ur(309,b,388,a)].

given #133 (F,wt=8): 401 -zex(difference(difference(intersection(c2,c2),c1),c1)).  [ur(138,b,398,a,c,183,a)].

given #134 (T,wt=6): 425 zex(x) | -zex(f3(x,x)).  [resolve(306,a,109,b)].

given #135 (T,wt=7): 375 zex(x) | difference(x,x) = c1.  [resolve(229,a,182,a),flip(b)].

given #136 (T,wt=5): 465 difference(c2,c2) = c1.  [resolve(375,a,159,a)].

given #137 (T,wt=3): 472 cont(c2,c2).  [para(465(a,1),138(a,1)),unit_del(a,98),unit_del(b,159)].

given #138 (A,wt=10): 190 -cont(x,y) | leq(x,intersection(x,y)) | zex(x).  [resolve(111,a,104,b)].

given #139 (F,wt=4): 450 -zex(f3(c2,c2)).  [ur(425,a,159,a)].

given #140 (F,wt=5): 473 -po(intersection(c2,c2),c1).  [para(465(a,1),142(a,2))].

given #141 (F,wt=6): 492 -zex(difference(f3(c2,c2),c1)).  [ur(138,b,450,a,c,183,a)].

given #142 (F,wt=7): 477 -zex(intersection(x,c2)) | -cont(c2,x).  [resolve(472,a,155,c)].

given #143 (T,wt=3): 474 p(c2,c2).  [resolve(472,a,297,b)].

given #144 (T,wt=5): 475 cont(f3(c2,c2),c2).  [resolve(472,a,171,a)].

given #145 (T,wt=5): 476 leq(c2,intersection(c2,c2)).  [resolve(472,a,165,a)].

given #146 (T,wt=6): 509 zex(difference(f3(c2,c2),c2)).  [resolve(475,a,140,b)].

given #147 (A,wt=16): 191 -cont(intersection(x,y),z) | leq(intersection(x,y),intersection(z,x)) | zex(intersection(x,y)).  [resolve(111,b,110,b)].

given #148 (F,wt=7): 478 -zex(intersection(c2,x)) | -cont(c2,x).  [resolve(472,a,155,b)].

given #149 (F,wt=7): 493 -po(c1,f1(f3(c2,c2),c1)).  [ur(92,a,450,a,c,319,a)].

given #150 (F,wt=8): 445 -zex(f3(intersection(c2,c2),intersection(c2,c2))).  [ur(425,a,388,a)].

given #151 (F,wt=8): 449 -zex(f3(difference(c2,c1),difference(c2,c1))).  [ur(425,a,314,a)].

given #152 (T,wt=7): 378 zex(x) | leq(difference(x,x),y).  [resolve(229,a,87,a)].

given #153 (T,wt=7): 502 leq(f3(c2,c2),intersection(c2,c2)).  [resolve(475,a,165,a)].

given #154 (T,wt=7): 526 difference(f3(c2,c2),c2) = c1.  [resolve(509,a,182,a),flip(a)].

given #155 (T,wt=7): 537 zex(x) | eqdim(c1,difference(x,x)).  [resolve(378,b,328,b)].

given #156 (A,wt=10): 192 -cont(x,y) | leq(x,intersection(y,x)) | zex(x).  [resolve(111,b,104,b)].

given #157 (F,wt=7): 554 -po(intersection(f3(c2,c2),c2),c1).  [para(526(a,1),142(a,2))].

given #158 (F,wt=8): 490 -zex(f3(f3(c2,c2),f3(c2,c2))).  [ur(425,a,450,a)].

given #159 (F,wt=8): 491 -zex(intersection(f3(c2,c2),f3(c2,c2))).  [ur(309,b,450,a)].

given #160 (F,wt=8): 497 -zex(difference(difference(f3(c2,c2),c1),c1)).  [ur(138,b,492,a,c,183,a)].

given #161 (T,wt=7): 538 zex(x) | eqdim(difference(x,x),c1).  [resolve(378,b,327,b)].

given #162 (T,wt=8): 194 -cont(x,y) | cont(x,sum(y,y)).  [resolve(117,a,84,a)].

given #163 (T,wt=5): 575 cont(c2,sum(c2,c2)).  [resolve(194,a,472,a)].

given #164 (T,wt=6): 595 zex(difference(c2,sum(c2,c2))).  [resolve(575,a,140,b)].

given #165 (A,wt=22): 195 cont(intersection(sum(x,y),z),x) | cont(difference(intersection(sum(x,y),z),x),y) | zex(intersection(sum(x,y),z)).  [resolve(118,a,110,b)].

given #166 (F,wt=4): 599 -zex(sum(c2,c2)).  [resolve(575,a,108,b)].

given #167 (F,wt=6): 581 -zex(intersection(c2,sum(c2,c2))).  [resolve(575,a,478,b)].

given #168 (F,wt=6): 582 -zex(intersection(sum(c2,c2),c2)).  [resolve(575,a,477,b)].

given #169 (F,wt=6): 633 -zex(difference(sum(c2,c2),c1)).  [ur(138,b,599,a,c,183,a)].

given #170 (T,wt=7): 574 cont(f3(c2,c2),sum(c2,c2)).  [resolve(194,a,475,a)].

given #171 (T,wt=7): 580 cont(x,sum(x,x)) | zex(x).  [resolve(194,a,104,b)].

given #172 (T,wt=6): 686 zex(x) | -zex(sum(x,x)).  [resolve(580,a,108,b)].

given #173 (T,wt=7): 584 leq(c2,intersection(sum(c2,c2),c2)).  [resolve(575,a,192,a),unit_del(b,159)].

given #174 (A,wt=16): 196 cont(sum(x,y),x) | cont(difference(sum(x,y),x),y) | zex(sum(x,y)).  [resolve(118,a,104,b)].

given #175 (F,wt=7): 634 -po(c1,f1(sum(c2,c2),c1)).  [ur(92,a,599,a,c,319,a)].

given #176 (F,wt=8): 586 -zex(intersection(sum(c2,c2),sum(c2,c2))).  [resolve(575,a,172,b)].

given #177 (F,wt=8): 632 -zex(f3(sum(c2,c2),sum(c2,c2))).  [ur(425,a,599,a)].

given #178 (F,wt=8): 638 -zex(difference(intersection(c2,sum(c2,c2)),c1)).  [ur(138,b,581,a,c,183,a)].

given #179 (T,wt=7): 585 leq(c2,intersection(c2,sum(c2,c2))).  [resolve(575,a,190,a),unit_del(b,159)].

given #180 (T,wt=7): 604 difference(c2,sum(c2,c2)) = c1.  [resolve(595,a,182,a),flip(a)].

given #181 (T,wt=8): 225 -cont(x,difference(y,y)) | cont(x,y).  [resolve(136,a,84,a)].

given #182 (T,wt=8): 257 zex(intersection(x,y)) | -zex(f3(x,y)).  [resolve(153,b,109,b)].

given #183 (A,wt=13): 197 -cont(x,sum(y,z)) | cont(x,z) | cont(difference(x,z),y).  [para(115(a,1),118(a,2))].

given #184 (F,wt=6): 777 -zex(f3(sum(c2,c2),c2)).  [ur(257,a,582,a)].

given #185 (F,wt=6): 778 -zex(f3(c2,sum(c2,c2))).  [ur(257,a,581,a)].

given #186 (F,wt=7): 769 -po(intersection(c2,sum(c2,c2)),c1).  [para(604(a,1),142(a,2))].

given #187 (F,wt=8): 643 -zex(difference(intersection(sum(c2,c2),c2),c1)).  [ur(138,b,582,a,c,183,a)].

given #188 (T,wt=8): 288 zex(x) | lt(c2,x) | eqdim(c2,x).  [resolve(160,b,148,b)].

given #189 (T,wt=8): 292 zex(x) | eqdim(x,c2) | -leq(x,c2).  [resolve(160,b,90,c)].

given #190 (T,wt=8): 293 zex(x) | eqdim(c2,x) | -leq(x,c2).  [resolve(160,b,90,b)].

given #191 (T,wt=8): 294 zex(x) | -leq(y,c2) | leq(y,x).  [resolve(160,b,85,b)].

given #192 (A,wt=18): 198 zex(x) | zex(intersection(y,z)) | cont(intersection(y,z),x) | cont(f5(x,intersection(y,z)),z).  [resolve(119,d,114,b)].

given #193 (F,wt=8): 648 -zex(difference(difference(sum(c2,c2),c1),c1)).  [ur(138,b,633,a,c,183,a)].

given #194 (F,wt=8): 691 -zex(sum(sum(c2,c2),sum(c2,c2))).  [ur(686,a,599,a)].

given #195 (F,wt=8): 698 -zex(sum(f3(c2,c2),f3(c2,c2))).  [ur(686,a,450,a)].

given #196 (F,wt=8): 704 -zex(sum(intersection(c2,c2),intersection(c2,c2))).  [ur(686,a,388,a)].

given #197 (T,wt=8): 295 zex(x) | -leq(x,y) | leq(c2,y).  [resolve(160,b,85,a)].

given #198 (T,wt=7): 859 zex(x) | leq(c2,intersection(x,x)).  [resolve(295,b,303,a),merge(c)].

given #199 (T,wt=8): 307 -zex(intersection(x,x)) | zex(intersection(y,x)).  [resolve(172,b,154,b)].

given #200 (T,wt=8): 308 -zex(intersection(x,x)) | zex(intersection(x,y)).  [resolve(172,b,153,b)].

given #201 (A,wt=18): 199 zex(x) | zex(intersection(y,z)) | cont(intersection(y,z),x) | cont(f5(x,intersection(y,z)),y).  [resolve(119,d,113,b)].

given #202 (F,wt=8): 708 -zex(sum(difference(c2,c1),difference(c2,c1))).  [ur(686,a,314,a)].

given #203 (F,wt=8): 790 -zex(difference(f3(sum(c2,c2),c2),c1)).  [ur(138,b,777,a,c,183,a)].

given #204 (F,wt=8): 796 -zex(difference(f3(c2,sum(c2,c2)),c1)).  [ur(138,b,778,a,c,183,a)].

given #205 (F,wt=9): 385 -po(c1,f1(difference(difference(c2,c1),c1),c1)).  [ur(92,a,360,a,c,319,a)].

given #206 (T,wt=8): 326 -cont(x,y) | cont(x,sum(c1,y)).  [resolve(181,a,117,a)].

given #207 (T,wt=5): 914 cont(c2,sum(c1,c2)).  [resolve(326,a,472,a)].

given #208 (T,wt=5): 941 cont(difference(c2,c1),c2).  [resolve(914,a,118,a),unit_del(a,183)].

given #209 (T,wt=6): 939 zex(difference(c2,sum(c1,c2))).  [resolve(914,a,140,b)].

given #210 (A,wt=12): 200 zex(x) | zex(y) | cont(y,x) | eqdim(f5(x,y),y).  [resolve(119,d,102,a)].

given #211 (F,wt=4): 944 -zex(sum(c1,c2)).  [resolve(914,a,108,b)].

given #212 (F,wt=6): 924 -zex(intersection(c2,sum(c1,c2))).  [resolve(914,a,478,b)].

given #213 (F,wt=6): 925 -zex(intersection(sum(c1,c2),c2)).  [resolve(914,a,477,b)].

given #214 (F,wt=6): 977 -zex(difference(sum(c1,c2),c1)).  [ur(138,b,944,a,c,183,a)].

given #215 (T,wt=6): 961 zex(difference(difference(c2,c1),c2)).  [resolve(941,a,140,b)].

given #216 (T,wt=7): 911 cont(c2,sum(c1,sum(c2,c2))).  [resolve(326,a,575,a)].

given #217 (T,wt=7): 913 cont(f3(c2,c2),sum(c1,c2)).  [resolve(326,a,475,a)].

given #218 (T,wt=7): 923 cont(x,sum(c1,x)) | zex(x).  [resolve(326,a,104,b)].

given #219 (A,wt=12): 201 zex(x) | zex(y) | cont(y,x) | cont(f5(x,y),y).  [resolve(119,d,101,a)].

given #220 (F,wt=6): 983 -zex(f3(c2,sum(c1,c2))).  [ur(257,a,924,a)].

given #221 (F,wt=6): 990 -zex(f3(sum(c1,c2),c2)).  [ur(257,a,925,a)].

given #222 (F,wt=6): 1022 -zex(sum(c1,sum(c2,c2))).  [resolve(911,a,108,b)].

given #223 (F,wt=7): 978 -po(c1,f1(sum(c1,c2),c1)).  [ur(92,a,944,a,c,319,a)].

given #224 (T,wt=6): 1070 zex(x) | -zex(sum(c1,x)).  [resolve(923,a,108,b)].

given #225 (T,wt=6): 1152 zex(x) | -zex(sum(x,c1)).  [para(115(a,1),1070(b,1))].

given #226 (T,wt=7): 926 cont(c2,sum(c1,sum(c1,c2))).  [resolve(914,a,326,a)].

given #227 (T,wt=7): 928 leq(c2,intersection(sum(c1,c2),c2)).  [resolve(914,a,192,a),unit_del(b,159)].

given #228 (A,wt=17): 202 zex(x) | zex(y) | cont(y,x) | pp(f5(x,y),y) | f5(x,y) = y.  [resolve(119,d,97,b)].

given #229 (F,wt=6): 1118 -zex(sum(c1,sum(c1,c2))).  [ur(1070,a,944,a)].

given #230 (F,wt=6): 1141 -zex(sum(c1,f3(c2,c2))).  [ur(1070,a,450,a)].

given #231 (F,wt=6): 1147 -zex(sum(c1,intersection(c2,c2))).  [ur(1070,a,388,a)].

given #232 (F,wt=6): 1151 -zex(sum(c1,difference(c2,c1))).  [ur(1070,a,314,a)].

given #233 (T,wt=7): 929 leq(c2,intersection(c2,sum(c1,c2))).  [resolve(914,a,190,a),unit_del(b,159)].

given #234 (T,wt=7): 949 cont(difference(c2,c1),sum(c1,c2)).  [resolve(941,a,326,a)].

given #235 (T,wt=7): 950 cont(difference(c2,c1),sum(c2,c2)).  [resolve(941,a,194,a)].

given #236 (T,wt=7): 954 leq(difference(c2,c1),intersection(c2,c2)).  [resolve(941,a,165,a)].

given #237 (A,wt=20): 203 zex(x) | zex(y) | cont(y,x) | sum(f5(x,y),intersection(f5(x,y),x)) = f5(x,y).  [resolve(120,d,116,a),rewrite([115(7)])].

given #238 (F,wt=8): 930 -zex(intersection(sum(c1,c2),sum(c1,c2))).  [resolve(914,a,172,b)].

given #239 (F,wt=8): 947 -zex(intersection(sum(c2,c2),sum(c1,c2))).  [ur(155,b,575,a,c,914,a)].

given #240 (F,wt=8): 948 -zex(intersection(sum(c1,c2),sum(c2,c2))).  [ur(155,b,914,a,c,575,a)].

given #241 (F,wt=8): 975 -zex(sum(sum(c1,c2),sum(c1,c2))).  [ur(686,a,944,a)].

given #242 (T,wt=7): 970 difference(c2,sum(c1,c2)) = c1.  [resolve(939,a,182,a),flip(a)].

given #243 (T,wt=7): 1001 difference(difference(c2,c1),c2) = c1.  [resolve(961,a,182,a),flip(a)].

given #244 (T,wt=7): 1044 cont(difference(f3(c2,c2),c1),c2).  [resolve(913,a,118,a),unit_del(a,183)].

given #245 (T,wt=7): 1067 zex(x) | cont(difference(x,c1),x).  [resolve(923,a,118,a),unit_del(b,183)].

given #246 (A,wt=38): 204 zex(x) | zex(f2(y,x)) | p(f2(y,x),x) | -eqdim(x,f2(y,x)) | pp(f2(y,x),x) | p(f6(x,f2(y,x)),f2(y,x)) | po(y,f2(y,x)) | x = y.  [resolve(121,e,93,b)].

given #247 (F,wt=7): 1337 -po(intersection(c2,sum(c1,c2)),c1).  [para(970(a,1),142(a,2))].

given #248 (F,wt=7): 1338 -po(intersection(difference(c2,c1),c2),c1).  [para(1001(a,1),142(a,2))].

given #249 (F,wt=8): 976 -zex(f3(sum(c1,c2),sum(c1,c2))).  [ur(425,a,944,a)].

given #250 (F,wt=8): 984 -zex(difference(intersection(c2,sum(c1,c2)),c1)).  [ur(138,b,924,a,c,183,a)].

given #251 (T,wt=6): 1378 zex(x) | -zex(difference(x,c1)).  [resolve(1067,b,109,b)].

given #252 (T,wt=7): 1073 cont(x,sum(x,c1)) | zex(x).  [para(115(a,1),923(a,2))].

given #253 (T,wt=7): 1245 cont(difference(difference(c2,c1),c1),c2).  [resolve(949,a,118,a),unit_del(a,183)].

given #254 (T,wt=8): 374 zex(x) | zex(intersection(difference(x,x),y)).  [resolve(229,a,185,b)].

given #255 (A,wt=38): 205 zex(x) | zex(f2(x,y)) | p(f2(x,y),x) | -eqdim(x,f2(x,y)) | pp(f2(x,y),x) | p(f6(x,f2(x,y)),f2(x,y)) | po(y,f2(x,y)) | y = x.  [resolve(121,e,93,a)].

given #256 (F,wt=8): 991 -zex(difference(intersection(sum(c1,c2),c2),c1)).  [ur(138,b,925,a,c,183,a)].

given #257 (F,wt=8): 997 -zex(difference(difference(sum(c1,c2),c1),c1)).  [ur(138,b,977,a,c,183,a)].

given #258 (F,wt=8): 1002 -zex(intersection(c2,sum(c1,sum(c2,c2)))).  [resolve(911,a,478,b)].

given #259 (F,wt=8): 1003 -zex(intersection(sum(c1,sum(c2,c2)),c2)).  [resolve(911,a,477,b)].

given #260 (T,wt=8): 376 zex(x) | zex(difference(difference(x,x),y)).  [resolve(229,a,139,b)].

given #261 (T,wt=8): 381 zex(intersection(x,difference(y,y))) | zex(y).  [resolve(270,b,229,a)].

given #262 (T,wt=8): 395 eqdim(c1,x) | difference(x,c1) = x.  [resolve(323,a,134,a)].

given #263 (T,wt=8): 396 eqdim(c1,x) | sum(c1,x) = x.  [resolve(323,a,116,a)].

given #264 (A,wt=33): 206 zex(x) | zex(f1(x,y)) | p(f1(x,y),x) | -eqdim(x,f1(x,y)) | pp(f1(x,y),x) | p(f6(x,f1(x,y)),f1(x,y)) | p(x,y).  [resolve(121,e,91,b),merge(g)].

given #265 (F,wt=8): 1100 -zex(difference(f3(c2,sum(c1,c2)),c1)).  [ur(138,b,983,a,c,183,a)].

given #266 (F,wt=8): 1106 -zex(difference(f3(sum(c1,c2),c2),c1)).  [ur(138,b,990,a,c,183,a)].

given #267 (F,wt=8): 1111 -zex(difference(sum(c1,sum(c2,c2)),c1)).  [ur(138,b,1022,a,c,183,a)].

given #268 (F,wt=8): 1114 -zex(sum(c1,sum(c1,sum(c2,c2)))).  [ur(1070,a,1022,a)].

given #269 (T,wt=8): 420 zex(x) | zex(difference(f3(x,x),x)).  [resolve(306,a,140,b)].

given #270 (T,wt=8): 463 difference(x,x) = c1 | c1 = x.  [resolve(375,a,182,a)].

given #271 (T,wt=7): 1532 c1 = x | zex(difference(x,x)).  [para(463(a,1),129(b,1)),unit_del(c,322)].

given #272 (T,wt=8): 469 difference(x,x) = c1 | leq(x,y).  [resolve(375,a,87,a)].

given #273 (A,wt=20): 207 zex(x) | zex(y) | p(y,x) | p(f8(x,y),y) | po(x,y) | p(f7(x,y),y).  [resolve(125,d,123,d),merge(e),merge(f),merge(g)].

given #274 (F,wt=8): 1115 -zex(sum(c1,f3(sum(c1,c2),c2))).  [ur(1070,a,990,a)].

given #275 (F,wt=8): 1116 -zex(sum(c1,f3(c2,sum(c1,c2)))).  [ur(1070,a,983,a)].

given #276 (F,wt=8): 1117 -zex(sum(c1,difference(sum(c1,c2),c1))).  [ur(1070,a,977,a)].

given #277 (F,wt=8): 1119 -zex(sum(c1,intersection(sum(c1,c2),c2))).  [ur(1070,a,925,a)].

given #278 (T,wt=8): 479 -cont(c2,x) | cont(f3(x,c2),c2).  [resolve(472,a,152,b)].

given #279 (T,wt=7): 1588 cont(f3(sum(c1,c2),c2),c2).  [resolve(479,a,1073,a),rewrite([115(3)]),unit_del(b,159)].

given #280 (T,wt=7): 1591 cont(f3(sum(c2,c2),c2),c2).  [resolve(479,a,580,a),unit_del(b,159)].

given #281 (T,wt=8): 480 -cont(c2,x) | cont(f3(c2,x),x).  [resolve(472,a,152,a)].

given #282 (A,wt=31): 208 zex(x) | zex(intersection(y,z)) | p(intersection(y,z),x) | p(f8(x,intersection(y,z)),intersection(y,z)) | -cont(x,y) | -cont(x,z) | p(x,intersection(y,z)).  [resolve(125,d,112,c)].

given #283 (F,wt=8): 1120 -zex(sum(c1,intersection(c2,sum(c1,c2)))).  [ur(1070,a,924,a)].

given #284 (F,wt=8): 1123 -zex(sum(c1,f3(c2,sum(c2,c2)))).  [ur(1070,a,778,a)].

given #285 (F,wt=8): 1124 -zex(sum(c1,f3(sum(c2,c2),c2))).  [ur(1070,a,777,a)].

given #286 (F,wt=8): 1132 -zex(sum(c1,difference(sum(c2,c2),c1))).  [ur(1070,a,633,a)].

given #287 (T,wt=8): 481 -cont(c2,x) | cont(f3(x,c2),x).  [resolve(472,a,151,b)].

given #288 (T,wt=8): 482 -cont(c2,x) | cont(f3(c2,x),c2).  [resolve(472,a,151,a)].

given #289 (T,wt=7): 1735 cont(f3(c2,sum(c1,c2)),c2).  [resolve(482,a,1073,a),rewrite([115(4)]),unit_del(b,159)].

given #290 (T,wt=7): 1738 cont(f3(c2,sum(c2,c2)),c2).  [resolve(482,a,580,a),unit_del(b,159)].

given #291 (A,wt=18): 209 zex(x) | zex(y) | p(y,x) | p(f8(x,y),y) | p(x,y) | -cont(x,y).  [resolve(125,d,103,c)].

given #292 (F,wt=8): 1135 -zex(sum(c1,intersection(sum(c2,c2),c2))).  [ur(1070,a,582,a)].

given #293 (F,wt=8): 1136 -zex(sum(c1,intersection(c2,sum(c2,c2)))).  [ur(1070,a,581,a)].

given #294 (F,wt=8): 1138 -zex(sum(c1,difference(f3(c2,c2),c1))).  [ur(1070,a,492,a)].

given #295 (F,wt=8): 1145 -zex(sum(c1,difference(intersection(c2,c2),c1))).  [ur(1070,a,398,a)].

given #296 (T,wt=8): 483 -cont(c2,x) | leq(c2,intersection(x,c2)).  [resolve(472,a,111,b)].

given #297 (T,wt=8): 484 -cont(c2,x) | leq(c2,intersection(c2,x)).  [resolve(472,a,111,a)].

given #298 (T,wt=8): 513 -cont(x,f3(c2,c2)) | cont(x,c2).  [resolve(475,a,107,b)].

given #299 (T,wt=8): 514 -cont(c2,x) | cont(f3(c2,c2),x).  [resolve(475,a,107,a)].

given #300 (A,wt=15): 210 zex(x) | zex(y) | p(y,x) | p(f8(x,y),y) | leq(y,x).  [resolve(125,d,89,a)].

given #301 (F,wt=8): 1150 -zex(sum(c1,difference(difference(c2,c1),c1))).  [ur(1070,a,360,a)].

given #302 (F,wt=8): 1154 -zex(intersection(c2,sum(c1,sum(c1,c2)))).  [resolve(926,a,478,b)].

given #303 (F,wt=8): 1155 -zex(intersection(sum(c1,sum(c1,c2)),c2)).  [resolve(926,a,477,b)].

given #304 (F,wt=8): 1197 -zex(sum(c1,sum(c1,sum(c1,c2)))).  [ur(1152,a,1118,a),rewrite([115(7)])].

given #305 (T,wt=8): 522 -leq(x,c2) | leq(x,intersection(c2,c2)).  [resolve(476,a,85,b)].

given #306 (T,wt=8): 523 -leq(intersection(c2,c2),x) | leq(c2,x).  [resolve(476,a,85,a)].

given #307 (T,wt=8): 600 -cont(sum(c2,c2),x) | cont(c2,x).  [resolve(575,a,107,a)].

given #308 (T,wt=8): 661 zex(difference(f3(c2,c2),sum(c2,c2))).  [resolve(574,a,140,b)].

given #309 (A,wt=15): 211 zex(x) | zex(y) | p(y,x) | p(f8(x,y),y) | leq(x,y).  [resolve(125,d,88,a)].

given #310 (F,wt=8): 1200 -zex(difference(sum(c1,sum(c1,c2)),c1)).  [ur(138,b,1118,a,c,183,a)].

given #311 (F,wt=8): 1203 -zex(sum(c1,sum(c1,f3(c2,c2)))).  [ur(1152,a,1141,a),rewrite([115(7)])].

given #312 (F,wt=8): 1207 -zex(difference(sum(c1,f3(c2,c2)),c1)).  [ur(138,b,1141,a,c,183,a)].

given #313 (F,wt=8): 1210 -zex(sum(c1,sum(c1,intersection(c2,c2)))).  [ur(1152,a,1147,a),rewrite([115(7)])].

given #314 (T,wt=8): 682 zex(x) | zex(difference(x,sum(x,x))).  [resolve(580,a,140,b)].

given #315 (T,wt=8): 945 -cont(sum(c1,c2),x) | cont(c2,x).  [resolve(914,a,107,a)].

given #316 (T,wt=8): 965 -cont(x,difference(c2,c1)) | cont(x,c2).  [resolve(941,a,107,b)].

given #317 (T,wt=8): 966 -cont(c2,x) | cont(difference(c2,c1),x).  [resolve(941,a,107,a)].

given #318 (A,wt=28): 212 zex(x) | zex(intersection(y,y)) | p(intersection(y,y),x) | p(f8(x,intersection(y,y)),intersection(y,y)) | -cont(x,y) | p(x,intersection(y,y)).  [factor(208,e,f)].

given #319 (F,wt=8): 1214 -zex(difference(sum(c1,intersection(c2,c2)),c1)).  [ur(138,b,1147,a,c,183,a)].

given #320 (F,wt=8): 1217 -zex(sum(c1,sum(c1,difference(c2,c1)))).  [ur(1152,a,1151,a),rewrite([115(7)])].

given #321 (F,wt=8): 1221 -zex(difference(sum(c1,difference(c2,c1)),c1)).  [ur(138,b,1151,a,c,183,a)].

given #322 (F,wt=8): 1319 -zex(f3(sum(c2,c2),sum(c1,c2))).  [ur(257,a,947,a)].

given #323 (T,wt=8): 1018 zex(difference(c2,sum(c1,sum(c2,c2)))).  [resolve(911,a,140,b)].

given #324 (T,wt=8): 1042 zex(difference(f3(c2,c2),sum(c1,c2))).  [resolve(913,a,140,b)].

given #325 (T,wt=8): 1065 zex(x) | zex(difference(x,sum(c1,x))).  [resolve(923,a,140,b)].

given #326 (T,wt=8): 1170 zex(difference(c2,sum(c1,sum(c1,c2)))).  [resolve(926,a,140,b)].

given #327 (A,wt=13): 214 zex(difference(intersection(x,y),z)) | cont(difference(intersection(x,y),z),y).  [resolve(129,b,114,b)].

given #328 (F,wt=8): 1327 -zex(f3(sum(c1,c2),sum(c2,c2))).  [ur(257,a,948,a)].

given #329 (F,wt=8): 1467 -zex(f3(c2,sum(c1,sum(c2,c2)))).  [ur(257,a,1002,a)].

given #330 (F,wt=8): 1475 -zex(f3(sum(c1,sum(c2,c2)),c2)).  [ur(257,a,1003,a)].

given #331 (F,wt=8): 1873 -zex(f3(c2,sum(c1,sum(c1,c2)))).  [ur(257,a,1154,a)].

given #332 (T,wt=8): 1243 zex(difference(difference(c2,c1),sum(c1,c2))).  [resolve(949,a,140,b)].

given #333 (T,wt=8): 1263 zex(difference(difference(c2,c1),sum(c2,c2))).  [resolve(950,a,140,b)].

given #334 (T,wt=8): 1351 zex(difference(difference(f3(c2,c2),c1),c2)).  [resolve(1044,a,140,b)].

given #335 (T,wt=8): 1373 zex(x) | zex(difference(difference(x,c1),x)).  [resolve(1067,b,140,b)].

given #336 (A,wt=13): 215 zex(difference(intersection(x,y),z)) | cont(difference(intersection(x,y),z),x).  [resolve(129,b,113,b)].

given #337 (F,wt=8): 1881 -zex(f3(sum(c1,sum(c1,c2)),c2)).  [ur(257,a,1155,a)].

given #338 (F,wt=9): 402 -po(c1,f1(difference(intersection(c2,c2),c1),c1)).  [ur(92,a,398,a,c,319,a)].

given #339 (F,wt=9): 498 -po(c1,f1(difference(f3(c2,c2),c1),c1)).  [ur(92,a,492,a,c,319,a)].

given #340 (F,wt=9): 503 -zex(intersection(x,c2)) | -cont(f3(c2,c2),x).  [resolve(475,a,155,c)].

given #341 (T,wt=8): 1412 zex(x) | zex(difference(x,sum(x,c1))).  [resolve(1073,a,140,b)].

given #342 (T,wt=8): 1431 zex(difference(difference(difference(c2,c1),c1),c2)).  [resolve(1245,a,140,b)].

given #343 (T,wt=8): 1493 difference(x,c1) = x | leq(x,c1).  [resolve(395,a,89,a)].

given #344 (T,wt=8): 1494 sum(c1,x) = x | leq(x,c1).  [resolve(396,a,89,a)].

given #345 (A,wt=9): 216 zex(difference(x,y)) | eqdim(difference(x,y),x).  [resolve(129,b,102,a)].

given #346 (F,wt=6): 2156 -zex(intersection(f3(c2,c2),c2)).  [resolve(503,b,104,b),unit_del(b,450)].

given #347 (F,wt=6): 2189 -zex(f3(f3(c2,c2),c2)).  [ur(257,a,2156,a)].

given #348 (F,wt=8): 2153 -zex(intersection(sum(c1,f3(c2,c2)),c2)).  [resolve(503,b,1073,a),rewrite([115(5)]),unit_del(b,450)].

given #349 (F,wt=8): 2184 -zex(difference(intersection(f3(c2,c2),c2),c1)).  [ur(1378,a,2156,a)].

given #350 (T,wt=8): 1533 c1 = x | -po(intersection(x,x),c1).  [para(463(a,1),142(a,2))].

given #351 (T,wt=8): 1538 c1 = x | leq(difference(x,x),y).  [resolve(1532,b,87,a)].

given #352 (T,wt=8): 1540 difference(x,x) = c1 | eqdim(c1,x).  [resolve(469,b,328,b)].

given #353 (T,wt=8): 1541 difference(x,x) = c1 | eqdim(x,c1).  [resolve(469,b,327,b)].

given #354 (A,wt=9): 217 zex(difference(x,y)) | cont(difference(x,y),x).  [resolve(129,b,101,a)].

given #355 (F,wt=8): 2185 -zex(sum(c1,intersection(f3(c2,c2),c2))).  [ur(1152,a,2156,a),rewrite([115(7)])].

given #356 (F,wt=8): 2192 -zex(difference(f3(f3(c2,c2),c2),c1)).  [ur(1378,a,2189,a)].

given #357 (F,wt=8): 2193 -zex(sum(c1,f3(f3(c2,c2),c2))).  [ur(1152,a,2189,a),rewrite([115(7)])].

given #358 (F,wt=8): 2204 -zex(f3(sum(c1,f3(c2,c2)),c2)).  [ur(257,a,2153,a)].

given #359 (T,wt=8): 1605 zex(difference(f3(sum(c1,c2),c2),c2)).  [resolve(1588,a,140,b)].

given #360 (T,wt=8): 1624 zex(difference(f3(sum(c2,c2),c2),c2)).  [resolve(1591,a,140,b)].

given #361 (T,wt=8): 1753 zex(difference(f3(c2,sum(c1,c2)),c2)).  [resolve(1735,a,140,b)].

given #362 (T,wt=8): 1773 zex(difference(f3(c2,sum(c2,c2)),c2)).  [resolve(1738,a,140,b)].

given #363 (A,wt=14): 218 zex(difference(x,y)) | pp(difference(x,y),x) | difference(x,y) = x.  [resolve(129,b,97,b)].

given #364 (F,wt=9): 504 -zex(intersection(c2,x)) | -cont(f3(c2,c2),x).  [resolve(475,a,155,b)].

given #365 (F,wt=6): 2298 -zex(intersection(c2,f3(c2,c2))).  [resolve(504,b,104,b),unit_del(b,450)].

given #366 (F,wt=6): 2305 -zex(f3(c2,f3(c2,c2))).  [ur(257,a,2298,a)].

given #367 (F,wt=8): 2295 -zex(intersection(c2,sum(c1,f3(c2,c2)))).  [resolve(504,b,1073,a),rewrite([115(6)]),unit_del(b,450)].

given #368 (T,wt=8): 2064 zex(difference(intersection(x,y),z)) | -zex(y).  [resolve(214,b,108,b)].

given #369 (T,wt=8): 2142 zex(difference(intersection(x,y),z)) | -zex(x).  [resolve(215,b,108,b)].

given #370 (T,wt=8): 2169 difference(x,c1) = x | leq(x,y).  [resolve(1493,b,329,a)].

given #371 (T,wt=8): 2170 difference(x,c1) = x | eqdim(x,c1).  [resolve(1493,b,327,b)].

given #372 (A,wt=14): 219 lt(intersection(x,y),x) | eqdim(intersection(x,y),x) | zex(intersection(x,y)).  [resolve(132,a,110,b)].

given #373 (F,wt=8): 2300 -zex(difference(intersection(c2,f3(c2,c2)),c1)).  [ur(1378,a,2298,a)].

given #374 (F,wt=8): 2301 -zex(sum(c1,intersection(c2,f3(c2,c2)))).  [ur(1152,a,2298,a),rewrite([115(7)])].

given #375 (F,wt=8): 2308 -zex(difference(f3(c2,f3(c2,c2)),c1)).  [ur(1378,a,2305,a)].

given #376 (F,wt=8): 2309 -zex(sum(c1,f3(c2,f3(c2,c2)))).  [ur(1152,a,2305,a),rewrite([115(7)])].

given #377 (T,wt=8): 2176 sum(c1,x) = x | leq(x,y).  [resolve(1494,b,329,a)].

given #378 (T,wt=8): 2177 sum(c1,x) = x | eqdim(x,c1).  [resolve(1494,b,327,b)].

given #379 (T,wt=8): 2213 c1 = x | eqdim(c1,difference(x,x)).  [resolve(1538,b,328,b)].

given #380 (T,wt=8): 2214 c1 = x | eqdim(difference(x,x),c1).  [resolve(1538,b,327,b)].

given #381 (A,wt=14): 220 zex(difference(x,y)) | p(x,difference(x,y)) | -cont(x,difference(x,y)).  [resolve(133,b,103,c)].

given #382 (F,wt=8): 2320 -zex(f3(c2,sum(c1,f3(c2,c2)))).  [ur(257,a,2295,a)].

given #383 (F,wt=9): 589 -zex(intersection(x,sum(c2,c2))) | -cont(c2,x).  [resolve(575,a,155,c)].

given #384 (F,wt=9): 590 -zex(intersection(sum(c2,c2),x)) | -cont(c2,x).  [resolve(575,a,155,b)].

given #385 (F,wt=9): 639 -po(c1,f1(intersection(c2,sum(c2,c2)),c1)).  [ur(92,a,581,a,c,319,a)].

given #386 (T,wt=8): 2234 zex(difference(x,y)) | -zex(intersection(x,x)).  [resolve(217,b,172,b)].

given #387 (T,wt=9): 221 zex(difference(x,y)) | leq(difference(x,y),x).  [resolve(133,b,89,a)].

given #388 (T,wt=7): 2415 zex(difference(x,y)) | leq(c2,x).  [resolve(221,b,295,b),merge(b)].

given #389 (T,wt=9): 222 zex(difference(x,y)) | leq(x,difference(x,y)).  [resolve(133,b,88,a)].

given #390 (A,wt=20): 223 difference(f5(x,y),intersection(f5(x,y),x)) = f5(x,y) | zex(x) | zex(y) | cont(y,x).  [resolve(134,a,120,d)].

given #391 (F,wt=9): 644 -po(c1,f1(intersection(sum(c2,c2),c2),c1)).  [ur(92,a,582,a,c,319,a)].

given #392 (F,wt=9): 649 -po(c1,f1(difference(sum(c2,c2),c1),c1)).  [ur(92,a,633,a,c,319,a)].

given #393 (F,wt=9): 791 -po(c1,f1(f3(sum(c2,c2),c2),c1)).  [ur(92,a,777,a,c,319,a)].

given #394 (F,wt=9): 797 -po(c1,f1(f3(c2,sum(c2,c2)),c1)).  [ur(92,a,778,a,c,319,a)].

given #395 (T,wt=9): 277 -zex(intersection(x,y)) | -cont(x,y) | zex(x).  [resolve(155,b,104,b)].

given #396 (T,wt=8): 2490 -zex(intersection(x,sum(x,c1))) | zex(x).  [resolve(277,b,1073,a),merge(c)].

given #397 (T,wt=8): 2496 -zex(intersection(x,sum(c1,x))) | zex(x).  [resolve(277,b,923,a),merge(c)].

given #398 (T,wt=8): 2498 -zex(intersection(x,sum(x,x))) | zex(x).  [resolve(277,b,580,a),merge(c)].

given #399 (A,wt=22): 224 -leq(x,y) | -cont(f5(y,z),x) | cont(f5(y,z),difference(x,y)) | zex(y) | zex(z) | cont(z,y).  [resolve(135,c,120,d)].

given #400 (F,wt=6): 2495 -zex(intersection(difference(c2,c1),c2)).  [resolve(277,b,941,a),unit_del(b,314)].

given #401 (F,wt=6): 2753 -zex(f3(difference(c2,c1),c2)).  [ur(257,a,2495,a)].

given #402 (F,wt=8): 2485 -zex(intersection(f3(c2,sum(c2,c2)),c2)).  [resolve(277,b,1738,a),unit_del(b,778)].

given #403 (F,wt=8): 2486 -zex(intersection(f3(c2,sum(c1,c2)),c2)).  [resolve(277,b,1735,a),unit_del(b,983)].

given #404 (T,wt=9): 281 -zex(intersection(x,y)) | -cont(y,x) | zex(y).  [resolve(155,c,104,b)].

given #405 (T,wt=8): 2789 -zex(intersection(sum(x,c1),x)) | zex(x).  [resolve(281,b,1073,a),merge(c)].

given #406 (T,wt=8): 2795 -zex(intersection(sum(c1,x),x)) | zex(x).  [resolve(281,b,923,a),merge(c)].

given #407 (T,wt=8): 2797 -zex(intersection(sum(x,x),x)) | zex(x).  [resolve(281,b,580,a),merge(c)].

given #408 (A,wt=10): 226 -p(x,difference(y,y)) | lt(intersection(x,y),x).  [resolve(137,a,84,a)].

given #409 (F,wt=6): 2794 -zex(intersection(c2,difference(c2,c1))).  [resolve(281,b,941,a),unit_del(b,314)].

given #410 (F,wt=6): 3039 -zex(f3(c2,difference(c2,c1))).  [ur(257,a,2794,a)].

given #411 (F,wt=8): 2487 -zex(intersection(f3(sum(c2,c2),c2),c2)).  [resolve(277,b,1591,a),unit_del(b,777)].

given #412 (F,wt=8): 2488 -zex(intersection(f3(sum(c1,c2),c2),c2)).  [resolve(277,b,1588,a),unit_del(b,990)].

given #413 (T,wt=9): 304 cont(f3(x,x),x) | zex(intersection(y,x)).  [resolve(171,a,154,b)].

given #414 (T,wt=8): 3099 zex(intersection(x,y)) | -zex(f3(y,y)).  [resolve(304,a,109,b)].

given #415 (T,wt=9): 305 cont(f3(x,x),x) | zex(intersection(x,y)).  [resolve(171,a,153,b)].

given #416 (T,wt=8): 3127 zex(intersection(x,y)) | -zex(f3(x,x)).  [resolve(305,a,109,b)].

given #417 (A,wt=10): 228 zex(difference(intersection(x,y),x)) | zex(intersection(x,y)).  [resolve(140,b,110,b)].

given #418 (F,wt=8): 2489 -zex(intersection(difference(difference(c2,c1),c1),c2)).  [resolve(277,b,1245,a),unit_del(b,360)].

given #419 (F,wt=8): 2492 -zex(intersection(difference(f3(c2,c2),c1),c2)).  [resolve(277,b,1044,a),unit_del(b,492)].

given #420 (F,wt=8): 2493 -zex(intersection(difference(c2,c1),sum(c2,c2))).  [resolve(277,b,950,a),unit_del(b,314)].

given #421 (F,wt=8): 2494 -zex(intersection(difference(c2,c1),sum(c1,c2))).  [resolve(277,b,949,a),unit_del(b,314)].

given #422 (T,wt=9): 311 zex(intersection(x,y)) | cont(intersection(x,y),y).  [resolve(179,b,114,b)].

given #423 (T,wt=9): 379 zex(x) | -zex(y) | difference(x,x) = y.  [resolve(229,a,86,b)].

given #424 (T,wt=9): 413 zex(x) | leq(f3(x,x),intersection(x,x)).  [resolve(306,a,165,a)].

given #425 (T,wt=9): 455 difference(intersection(c2,c2),intersection(c2,c2)) = c1.  [resolve(375,a,388,a)].

given #426 (A,wt=13): 230 p(difference(difference(x,y),z),x) | zex(difference(difference(x,y),z)).  [resolve(143,a,129,b)].

given #427 (F,wt=8): 2497 -zex(intersection(f3(c2,c2),sum(c1,c2))).  [resolve(277,b,913,a),unit_del(b,450)].

given #428 (F,wt=8): 2499 -zex(intersection(f3(c2,c2),sum(c2,c2))).  [resolve(277,b,574,a),unit_del(b,450)].

given #429 (F,wt=8): 2748 -zex(difference(intersection(difference(c2,c1),c2),c1)).  [ur(1378,a,2495,a)].

given #430 (F,wt=8): 2749 -zex(sum(c1,intersection(difference(c2,c1),c2))).  [ur(1152,a,2495,a),rewrite([115(7)])].

given #431 (T,wt=7): 3254 cont(intersection(c2,c2),intersection(c2,c2)).  [para(455(a,1),138(a,1)),unit_del(a,98),unit_del(b,388)].

given #432 (T,wt=5): 3321 cont(intersection(c2,c2),c2).  [resolve(3254,a,186,b),unit_del(a,388)].

given #433 (T,wt=6): 3345 zex(difference(intersection(c2,c2),c2)).  [resolve(3321,a,140,b)].

given #434 (T,wt=7): 3313 p(intersection(c2,c2),intersection(c2,c2)).  [resolve(3254,a,297,b)].

given #435 (A,wt=18): 231 p(f5(x,difference(y,z)),y) | zex(x) | zex(difference(y,z)) | cont(difference(y,z),x).  [resolve(143,a,119,d)].

given #436 (F,wt=6): 3332 -zex(intersection(c2,intersection(c2,c2))).  [resolve(3321,a,281,b),unit_del(b,388)].

given #437 (F,wt=6): 3333 -zex(intersection(intersection(c2,c2),c2)).  [resolve(3321,a,277,b),unit_del(b,388)].

given #438 (F,wt=6): 3380 -zex(f3(c2,intersection(c2,c2))).  [ur(257,a,3332,a)].

given #439 (F,wt=6): 3392 -zex(f3(intersection(c2,c2),c2)).  [ur(257,a,3333,a)].

given #440 (T,wt=7): 3331 cont(intersection(c2,c2),sum(c1,c2)).  [resolve(3321,a,326,a)].

given #441 (T,wt=7): 3337 cont(intersection(c2,c2),sum(c2,c2)).  [resolve(3321,a,194,a)].

given #442 (T,wt=7): 3357 difference(intersection(c2,c2),c2) = c1.  [resolve(3345,a,182,a),flip(a)].

given #443 (T,wt=7): 3438 cont(difference(intersection(c2,c2),c1),c2).  [resolve(3331,a,118,a),unit_del(a,183)].

given #444 (A,wt=18): 232 po(difference(x,y),intersection(x,z)) | p(difference(x,y),difference(x,z)) | zex(difference(x,y)).  [resolve(145,a,129,b)].

given #445 (F,wt=7): 3471 -po(intersection(intersection(c2,c2),c2),c1).  [para(3357(a,1),142(a,2))].

given #446 (F,wt=8): 2758 -zex(difference(f3(difference(c2,c1),c2),c1)).  [ur(1378,a,2753,a)].

given #447 (F,wt=8): 2759 -zex(sum(c1,f3(difference(c2,c1),c2))).  [ur(1152,a,2753,a),rewrite([115(7)])].

given #448 (F,wt=8): 2772 -zex(f3(f3(c2,sum(c2,c2)),c2)).  [ur(257,a,2485,a)].

given #449 (T,wt=8): 3349 -cont(x,intersection(c2,c2)) | cont(x,c2).  [resolve(3321,a,107,b)].

given #450 (T,wt=8): 3350 -cont(c2,x) | cont(intersection(c2,c2),x).  [resolve(3321,a,107,a)].

given #451 (T,wt=8): 3436 zex(difference(intersection(c2,c2),sum(c1,c2))).  [resolve(3331,a,140,b)].

given #452 (T,wt=8): 3464 zex(difference(intersection(c2,c2),sum(c2,c2))).  [resolve(3337,a,140,b)].

given #453 (A,wt=21): 233 po(f5(x,y),intersection(y,z)) | p(f5(x,y),difference(y,z)) | zex(x) | zex(y) | cont(y,x).  [resolve(145,a,119,d)].

given #454 (F,wt=8): 2782 -zex(f3(f3(c2,sum(c1,c2)),c2)).  [ur(257,a,2486,a)].

given #455 (F,wt=8): 2784 -zex(intersection(c2,f3(c2,sum(c2,c2)))).  [resolve(281,b,1738,a),unit_del(b,778)].

given #456 (F,wt=8): 2785 -zex(intersection(c2,f3(c2,sum(c1,c2)))).  [resolve(281,b,1735,a),unit_del(b,983)].

given #457 (F,wt=8): 2786 -zex(intersection(c2,f3(sum(c2,c2),c2))).  [resolve(281,b,1591,a),unit_del(b,777)].

given #458 (T,wt=8): 3490 zex(difference(difference(intersection(c2,c2),c1),c2)).  [resolve(3438,a,140,b)].

given #459 (T,wt=9): 459 difference(difference(c2,c1),difference(c2,c1)) = c1.  [resolve(375,a,314,a)].

given #460 (T,wt=7): 3615 cont(difference(c2,c1),difference(c2,c1)).  [para(459(a,1),138(a,1)),unit_del(a,98),unit_del(b,314)].

given #461 (T,wt=7): 3618 p(difference(c2,c1),difference(c2,c1)).  [resolve(3615,a,297,b)].

given #462 (A,wt=16): 234 leq(intersection(f5(x,y),x),f5(x,y)) | zex(x) | zex(y) | cont(y,x).  [resolve(146,a,120,d)].

given #463 (F,wt=5): 3635 -po(difference(c2,c1),c1).  [ur(356,a,3618,a)].

given #464 (F,wt=8): 2787 -zex(intersection(c2,f3(sum(c1,c2),c2))).  [resolve(281,b,1588,a),unit_del(b,990)].

given #465 (F,wt=8): 2788 -zex(intersection(c2,difference(difference(c2,c1),c1))).  [resolve(281,b,1245,a),unit_del(b,360)].

given #466 (F,wt=8): 2791 -zex(intersection(c2,difference(f3(c2,c2),c1))).  [resolve(281,b,1044,a),unit_del(b,492)].

given #467 (T,wt=5): 3634 p(difference(c2,c1),c2).  [resolve(3618,a,143,a)].

given #468 (T,wt=5): 3685 eqdim(difference(c2,c1),c2).  [resolve(3634,a,102,a)].

given #469 (T,wt=5): 3688 leq(c2,difference(c2,c1)).  [resolve(3685,a,89,a)].

given #470 (T,wt=5): 3689 leq(difference(c2,c1),c2).  [resolve(3685,a,88,a)].

given #471 (A,wt=16): 235 -eqdim(intersection(f5(x,y),x),f5(x,y)) | zex(x) | zex(y) | cont(y,x).  [resolve(147,a,120,d)].

given #472 (F,wt=5): 3690 -lt(difference(c2,c1),c2).  [ur(147,b,3685,a)].

given #473 (F,wt=8): 2792 -zex(intersection(sum(c2,c2),difference(c2,c1))).  [resolve(281,b,950,a),unit_del(b,314)].

given #474 (F,wt=8): 2793 -zex(intersection(sum(c1,c2),difference(c2,c1))).  [resolve(281,b,949,a),unit_del(b,314)].

given #475 (F,wt=8): 2796 -zex(intersection(sum(c1,c2),f3(c2,c2))).  [resolve(281,b,913,a),unit_del(b,450)].

given #476 (T,wt=5): 3696 eqdim(c2,difference(c2,c1)).  [resolve(3688,a,90,b),unit_del(b,3689)].

given #477 (T,wt=7): 3699 zex(x) | leq(difference(c2,c1),x).  [resolve(3689,a,294,b)].

given #478 (T,wt=8): 3697 -leq(x,c2) | leq(x,difference(c2,c1)).  [resolve(3688,a,85,b)].

given #479 (T,wt=8): 3698 -leq(difference(c2,c1),x) | leq(c2,x).  [resolve(3688,a,85,a)].

given #480 (A,wt=25): 236 zex(x) | pp(f12(x),x) | -cont(x,y) | cont(x,difference(y,z)) | cont(x,difference(y,difference(y,z))) | zex(difference(y,z)).  [resolve(149,c,129,b)].

given #481 (F,wt=5): 3742 -lt(c2,difference(c2,c1)).  [ur(147,b,3696,a)].

given #482 (F,wt=8): 2798 -zex(intersection(sum(c2,c2),f3(c2,c2))).  [resolve(281,b,574,a),unit_del(b,450)].

given #483 (F,wt=8): 3034 -zex(difference(intersection(c2,difference(c2,c1)),c1)).  [ur(1378,a,2794,a)].

given #484 (F,wt=8): 3035 -zex(sum(c1,intersection(c2,difference(c2,c1)))).  [ur(1152,a,2794,a),rewrite([115(7)])].

given #485 (T,wt=8): 3702 -leq(x,difference(c2,c1)) | leq(x,c2).  [resolve(3689,a,85,b)].

given #486 (T,wt=8): 3703 -leq(c2,x) | leq(difference(c2,c1),x).  [resolve(3689,a,85,a)].

given #487 (T,wt=9): 461 difference(x,x) = c1 | zex(intersection(y,x)).  [resolve(375,a,270,b)].

given #488 (T,wt=9): 462 difference(x,x) = c1 | zex(intersection(x,y)).  [resolve(375,a,185,b)].

given #489 (A,wt=28): 237 zex(x) | pp(f12(x),x) | -cont(x,y) | cont(x,f5(z,y)) | cont(x,difference(y,f5(z,y))) | zex(z) | zex(y) | cont(y,z).  [resolve(149,c,119,d)].

given #490 (F,wt=8): 3046 -zex(difference(f3(c2,difference(c2,c1)),c1)).  [ur(1378,a,3039,a)].

given #491 (F,wt=8): 3047 -zex(sum(c1,f3(c2,difference(c2,c1)))).  [ur(1152,a,3039,a),rewrite([115(7)])].

given #492 (F,wt=8): 3062 -zex(f3(f3(sum(c2,c2),c2),c2)).  [ur(257,a,2487,a)].

given #493 (F,wt=8): 3074 -zex(f3(f3(sum(c1,c2),c2),c2)).  [ur(257,a,2488,a)].

given #494 (T,wt=9): 466 difference(x,x) = c1 | zex(difference(x,y)).  [resolve(375,a,139,b)].

given #495 (T,wt=5): 3992 difference(x,x) = c1.  [factor(3987,a,b)].

given #496 (T,wt=9): 500 leq(f3(c2,c2),intersection(f3(c2,c2),c2)).  [resolve(475,a,190,a),unit_del(b,450)].

given #497 (T,wt=7): 3995 leq(c2,intersection(f3(c2,c2),c2)).  [resolve(500,a,295,b),unit_del(a,450)].

given #498 (A,wt=26): 238 zex(x) | pp(f12(x),x) | -cont(x,y) | cont(x,f5(x,y)) | cont(x,difference(y,f5(x,y))) | zex(y) | cont(y,x).  [factor(237,a,f)].

given #499 (F,wt=5): 3994 -po(intersection(x,x),c1).  [para(3992(a,1),142(a,2))].

given #500 (F,wt=8): 3153 -zex(f3(difference(difference(c2,c1),c1),c2)).  [ur(257,a,2489,a)].

given #501 (F,wt=8): 3165 -zex(f3(difference(f3(c2,c2),c1),c2)).  [ur(257,a,2492,a)].

given #502 (F,wt=8): 3177 -zex(f3(difference(c2,c1),sum(c2,c2))).  [ur(257,a,2493,a)].

given #503 (T,wt=9): 555 leq(f3(c2,c2),intersection(c2,f3(c2,c2))).  [resolve(192,a,475,a),unit_del(b,450)].

given #504 (T,wt=7): 4065 leq(c2,intersection(c2,f3(c2,c2))).  [resolve(555,a,295,b),unit_del(a,450)].

given #505 (T,wt=9): 576 cont(f3(x,x),sum(x,x)) | zex(x).  [resolve(194,a,306,a)].

given #506 (T,wt=9): 583 cont(c2,sum(sum(c2,c2),sum(c2,c2))).  [resolve(575,a,194,a)].

given #507 (A,wt=14): 240 -cont(intersection(x,y),z) | cont(f3(x,z),x) | zex(intersection(x,y)).  [resolve(151,a,110,b)].

given #508 (F,wt=8): 3189 -zex(f3(difference(c2,c1),sum(c1,c2))).  [ur(257,a,2494,a)].

given #509 (F,wt=8): 3276 -zex(f3(f3(c2,c2),sum(c1,c2))).  [ur(257,a,2497,a)].

given #510 (F,wt=8): 3288 -zex(f3(f3(c2,c2),sum(c2,c2))).  [ur(257,a,2499,a)].

given #511 (F,wt=8): 3375 -zex(difference(intersection(c2,intersection(c2,c2)),c1)).  [ur(1378,a,3332,a)].

given #512 (T,wt=7): 4153 cont(f3(c2,intersection(c2,c2)),c2).  [resolve(240,a,3254,a),unit_del(b,388)].

given #513 (T,wt=8): 4220 zex(difference(f3(c2,intersection(c2,c2)),c2)).  [resolve(4153,a,140,b)].

given #514 (T,wt=9): 588 leq(c2,intersection(sum(c2,c2),sum(c2,c2))).  [resolve(575,a,165,a)].

given #515 (T,wt=9): 669 zex(x) | leq(x,intersection(sum(x,x),x)).  [resolve(580,a,192,a),merge(c)].

given #516 (A,wt=10): 241 -cont(x,y) | cont(f3(x,y),x) | zex(x).  [resolve(151,a,104,b)].

given #517 (F,wt=8): 3376 -zex(sum(c1,intersection(c2,intersection(c2,c2)))).  [ur(1152,a,3332,a),rewrite([115(7)])].

given #518 (F,wt=8): 3387 -zex(difference(intersection(intersection(c2,c2),c2),c1)).  [ur(1378,a,3333,a)].

given #519 (F,wt=8): 3388 -zex(sum(c1,intersection(intersection(c2,c2),c2))).  [ur(1152,a,3333,a),rewrite([115(7)])].

given #520 (F,wt=8): 3399 -zex(difference(f3(c2,intersection(c2,c2)),c1)).  [ur(1378,a,3380,a)].

given #521 (T,wt=9): 671 zex(x) | leq(x,intersection(x,sum(x,x))).  [resolve(580,a,190,a),merge(c)].

given #522 (T,wt=9): 722 cont(sum(x,c1),x) | zex(sum(x,c1)).  [resolve(196,b,183,a)].

given #523 (T,wt=6): 4378 zex(sum(x,c1)) | -zex(x).  [resolve(722,a,108,b)].

given #524 (T,wt=7): 4346 cont(sum(c1,intersection(c2,c2)),c2).  [resolve(722,a,3349,a),rewrite([115(5),115(11)]),unit_del(a,1147)].

given #525 (A,wt=14): 242 -cont(intersection(x,y),z) | cont(f3(z,x),z) | zex(intersection(x,y)).  [resolve(151,b,110,b)].

given #526 (F,wt=8): 3400 -zex(sum(c1,f3(c2,intersection(c2,c2)))).  [ur(1152,a,3380,a),rewrite([115(7)])].

given #527 (F,wt=8): 3410 -zex(difference(f3(intersection(c2,c2),c2),c1)).  [ur(1378,a,3392,a)].

given #528 (F,wt=8): 3411 -zex(sum(c1,f3(intersection(c2,c2),c2))).  [ur(1152,a,3392,a),rewrite([115(7)])].

given #529 (F,wt=8): 3417 -zex(intersection(sum(c1,c2),intersection(c2,c2))).  [resolve(3331,a,281,b),unit_del(b,388)].

given #530 (T,wt=7): 4347 cont(sum(c1,difference(c2,c1)),c2).  [resolve(722,a,965,a),rewrite([115(5),115(11)]),unit_del(a,1151)].

given #531 (T,wt=7): 4348 cont(sum(c1,f3(c2,c2)),c2).  [resolve(722,a,513,a),rewrite([115(5),115(11)]),unit_del(a,1141)].

given #532 (T,wt=8): 4364 zex(sum(x,c1)) | -zex(intersection(x,x)).  [resolve(722,a,172,b)].

given #533 (T,wt=8): 4411 zex(difference(sum(c1,intersection(c2,c2)),c2)).  [resolve(4346,a,140,b)].

given #534 (A,wt=10): 243 -cont(x,y) | cont(f3(y,x),y) | zex(x).  [resolve(151,b,104,b)].

given #535 (F,wt=8): 3418 -zex(intersection(intersection(c2,c2),sum(c1,c2))).  [resolve(3331,a,277,b),unit_del(b,388)].

given #536 (F,wt=8): 3445 -zex(intersection(sum(c2,c2),intersection(c2,c2))).  [resolve(3337,a,281,b),unit_del(b,388)].

given #537 (F,wt=8): 3446 -zex(intersection(intersection(c2,c2),sum(c2,c2))).  [resolve(3337,a,277,b),unit_del(b,388)].

given #538 (F,wt=8): 3473 -zex(intersection(c2,difference(intersection(c2,c2),c1))).  [resolve(3438,a,281,b),unit_del(b,398)].

given #539 (T,wt=7): 4543 cont(f3(c2,difference(c2,c1)),c2).  [resolve(243,a,941,a),unit_del(b,314)].

given #540 (T,wt=7): 4550 cont(f3(c2,f3(c2,c2)),c2).  [resolve(243,a,475,a),unit_del(b,450)].

given #541 (T,wt=8): 4486 zex(difference(sum(c1,difference(c2,c1)),c2)).  [resolve(4347,a,140,b)].

given #542 (T,wt=8): 4513 zex(difference(sum(c1,f3(c2,c2)),c2)).  [resolve(4348,a,140,b)].

given #543 (A,wt=14): 244 -cont(intersection(x,y),z) | cont(f3(x,z),z) | zex(intersection(x,y)).  [resolve(152,a,110,b)].

given #544 (F,wt=8): 3474 -zex(intersection(difference(intersection(c2,c2),c1),c2)).  [resolve(3438,a,277,b),unit_del(b,398)].

given #545 (F,wt=8): 3583 -zex(f3(c2,f3(c2,sum(c2,c2)))).  [ur(257,a,2784,a)].

given #546 (F,wt=8): 3595 -zex(f3(c2,f3(c2,sum(c1,c2)))).  [ur(257,a,2785,a)].

given #547 (F,wt=8): 3607 -zex(f3(c2,f3(sum(c2,c2),c2))).  [ur(257,a,2786,a)].

given #548 (T,wt=8): 4634 zex(difference(f3(c2,difference(c2,c1)),c2)).  [resolve(4543,a,140,b)].

given #549 (T,wt=8): 4664 zex(difference(f3(c2,f3(c2,c2)),c2)).  [resolve(4550,a,140,b)].

given #550 (T,wt=9): 910 cont(x,sum(c1,sum(x,x))) | zex(x).  [resolve(326,a,580,a)].

given #551 (T,wt=8): 4779 zex(x) | -zex(sum(c1,sum(x,x))).  [resolve(910,a,108,b)].

given #552 (A,wt=10): 245 -cont(x,y) | cont(f3(x,y),y) | zex(x).  [resolve(152,a,104,b)].

given #553 (F,wt=8): 3657 -zex(f3(c2,f3(sum(c1,c2),c2))).  [ur(257,a,2787,a)].

given #554 (F,wt=8): 3669 -zex(f3(c2,difference(difference(c2,c1),c1))).  [ur(257,a,2788,a)].

given #555 (F,wt=8): 3681 -zex(f3(c2,difference(f3(c2,c2),c1))).  [ur(257,a,2791,a)].

given #556 (F,wt=8): 3715 -zex(f3(sum(c2,c2),difference(c2,c1))).  [ur(257,a,2792,a)].

given #557 (T,wt=7): 4952 cont(f3(intersection(c2,c2),c2),c2).  [resolve(245,a,3321,a),unit_del(b,388)].

given #558 (T,wt=7): 4963 cont(f3(difference(c2,c1),c2),c2).  [resolve(245,a,941,a),unit_del(b,314)].

given #559 (T,wt=7): 4971 cont(f3(f3(c2,c2),c2),c2).  [resolve(245,a,475,a),unit_del(b,450)].

given #560 (T,wt=8): 5057 zex(difference(f3(intersection(c2,c2),c2),c2)).  [resolve(4952,a,140,b)].

given #561 (A,wt=14): 246 -cont(intersection(x,y),z) | cont(f3(z,x),x) | zex(intersection(x,y)).  [resolve(152,b,110,b)].

given #562 (F,wt=8): 3727 -zex(f3(sum(c1,c2),difference(c2,c1))).  [ur(257,a,2793,a)].

given #563 (F,wt=8): 3739 -zex(f3(sum(c1,c2),f3(c2,c2))).  [ur(257,a,2796,a)].

given #564 (F,wt=8): 3816 -zex(f3(sum(c2,c2),f3(c2,c2))).  [ur(257,a,2798,a)].

given #565 (F,wt=8): 4200 -zex(intersection(c2,f3(c2,intersection(c2,c2)))).  [resolve(4153,a,281,b),unit_del(b,3380)].

given #566 (T,wt=8): 5088 zex(difference(f3(difference(c2,c1),c2),c2)).  [resolve(4963,a,140,b)].

given #567 (T,wt=8): 5119 zex(difference(f3(f3(c2,c2),c2),c2)).  [resolve(4971,a,140,b)].

given #568 (T,wt=9): 912 cont(f3(c2,c2),sum(c1,sum(c2,c2))).  [resolve(326,a,574,a)].

given #569 (T,wt=9): 915 cont(f3(x,x),sum(c1,x)) | zex(x).  [resolve(326,a,306,a)].

given #570 (A,wt=10): 247 -cont(x,y) | cont(f3(y,x),x) | zex(x).  [resolve(152,b,104,b)].

given #571 (F,wt=8): 4201 -zex(intersection(f3(c2,intersection(c2,c2)),c2)).  [resolve(4153,a,277,b),unit_del(b,3380)].

given #572 (F,wt=8): 4390 -zex(intersection(c2,sum(c1,intersection(c2,c2)))).  [resolve(4346,a,281,b),unit_del(b,1147)].

given #573 (F,wt=8): 4391 -zex(intersection(sum(c1,intersection(c2,c2)),c2)).  [resolve(4346,a,277,b),unit_del(b,1147)].

given #574 (F,wt=8): 4462 -zex(f3(sum(c1,c2),intersection(c2,c2))).  [ur(257,a,3417,a)].

given #575 (T,wt=9): 927 cont(c2,sum(sum(c1,c2),sum(c1,c2))).  [resolve(914,a,194,a)].

given #576 (T,wt=9): 932 leq(c2,intersection(sum(c1,c2),sum(c1,c2))).  [resolve(914,a,165,a)].

given #577 (T,wt=9): 951 leq(difference(c2,c1),intersection(c2,difference(c2,c1))).  [resolve(941,a,192,a),unit_del(b,314)].

given #578 (T,wt=7): 5405 leq(c2,intersection(c2,difference(c2,c1))).  [resolve(951,a,3698,a)].

given #579 (A,wt=14): 248 zex(intersection(x,y)) | -cont(f3(x,y),z) | cont(f3(z,x),x).  [resolve(153,b,152,b)].

given #580 (F,wt=8): 4465 -zex(intersection(c2,sum(c1,difference(c2,c1)))).  [resolve(4347,a,281,b),unit_del(b,1151)].

given #581 (F,wt=8): 4466 -zex(intersection(sum(c1,difference(c2,c1)),c2)).  [resolve(4347,a,277,b),unit_del(b,1151)].

given #582 (F,wt=8): 4576 -zex(f3(intersection(c2,c2),sum(c1,c2))).  [ur(257,a,3418,a)].

given #583 (F,wt=8): 4587 -zex(f3(sum(c2,c2),intersection(c2,c2))).  [ur(257,a,3445,a)].

given #584 (T,wt=9): 952 leq(difference(c2,c1),intersection(difference(c2,c1),c2)).  [resolve(941,a,190,a),unit_del(b,314)].

given #585 (T,wt=7): 5475 leq(c2,intersection(difference(c2,c1),c2)).  [resolve(952,a,3698,a)].

given #586 (T,wt=9): 1004 cont(c2,sum(c1,sum(c1,sum(c2,c2)))).  [resolve(911,a,326,a)].

given #587 (T,wt=9): 1006 leq(c2,intersection(sum(c1,sum(c2,c2)),c2)).  [resolve(911,a,192,a),unit_del(b,159)].

given #588 (A,wt=14): 249 zex(intersection(x,y)) | -cont(f3(x,y),z) | cont(f3(x,z),z).  [resolve(153,b,152,a)].

given #589 (F,wt=8): 4598 -zex(f3(intersection(c2,c2),sum(c2,c2))).  [ur(257,a,3446,a)].

given #590 (F,wt=8): 4609 -zex(f3(c2,difference(intersection(c2,c2),c1))).  [ur(257,a,3473,a)].

given #591 (F,wt=8): 4612 -zex(intersection(c2,f3(c2,difference(c2,c1)))).  [resolve(4543,a,281,b),unit_del(b,3039)].

given #592 (F,wt=8): 4613 -zex(intersection(f3(c2,difference(c2,c1)),c2)).  [resolve(4543,a,277,b),unit_del(b,3039)].

given #593 (T,wt=9): 1007 leq(c2,intersection(c2,sum(c1,sum(c2,c2)))).  [resolve(911,a,190,a),unit_del(b,159)].

given #594 (T,wt=9): 1030 cont(f3(c2,c2),sum(c1,sum(c1,c2))).  [resolve(913,a,326,a)].

given #595 (T,wt=9): 1050 zex(x) | cont(x,sum(c1,sum(c1,x))).  [resolve(923,a,326,a)].

given #596 (T,wt=8): 5683 zex(x) | -zex(sum(c1,sum(c1,x))).  [resolve(1050,b,108,b)].

given #597 (A,wt=14): 250 zex(intersection(x,y)) | -cont(f3(x,y),z) | cont(f3(z,x),z).  [resolve(153,b,151,b)].

given #598 (F,wt=8): 4642 -zex(intersection(c2,f3(c2,f3(c2,c2)))).  [resolve(4550,a,281,b),unit_del(b,2305)].

given #599 (F,wt=8): 4643 -zex(intersection(f3(c2,f3(c2,c2)),c2)).  [resolve(4550,a,277,b),unit_del(b,2305)].

given #600 (F,wt=8): 4698 -zex(f3(difference(intersection(c2,c2),c1),c2)).  [ur(257,a,3474,a)].

given #601 (F,wt=8): 5034 -zex(intersection(c2,f3(intersection(c2,c2),c2))).  [resolve(4952,a,281,b),unit_del(b,3392)].

given #602 (T,wt=8): 5837 zex(x) | -zex(sum(c1,sum(x,c1))).  [para(115(a,1),5683(b,1,2))].

given #603 (T,wt=9): 1052 zex(x) | leq(x,intersection(sum(c1,x),x)).  [resolve(923,a,192,a),merge(c)].

given #604 (T,wt=9): 1054 zex(x) | leq(x,intersection(x,sum(c1,x))).  [resolve(923,a,190,a),merge(c)].

given #605 (T,wt=9): 1156 cont(c2,sum(c1,sum(c1,sum(c1,c2)))).  [resolve(926,a,326,a)].

given #606 (A,wt=14): 251 zex(intersection(x,y)) | -cont(f3(x,y),z) | cont(f3(x,z),x).  [resolve(153,b,151,a)].

given #607 (F,wt=8): 5035 -zex(intersection(f3(intersection(c2,c2),c2),c2)).  [resolve(4952,a,277,b),unit_del(b,3392)].

given #608 (F,wt=8): 5065 -zex(intersection(c2,f3(difference(c2,c1),c2))).  [resolve(4963,a,281,b),unit_del(b,2753)].

given #609 (F,wt=8): 5066 -zex(intersection(f3(difference(c2,c1),c2),c2)).  [resolve(4963,a,277,b),unit_del(b,2753)].

given #610 (F,wt=8): 5096 -zex(intersection(c2,f3(f3(c2,c2),c2))).  [resolve(4971,a,281,b),unit_del(b,2189)].

given #611 (T,wt=9): 1158 leq(c2,intersection(sum(c1,sum(c1,c2)),c2)).  [resolve(926,a,192,a),unit_del(b,159)].

given #612 (T,wt=9): 1159 leq(c2,intersection(c2,sum(c1,sum(c1,c2)))).  [resolve(926,a,190,a),unit_del(b,159)].

given #613 (T,wt=9): 1231 cont(difference(c2,c1),sum(c1,sum(c1,c2))).  [resolve(949,a,326,a)].

given #614 (T,wt=9): 1251 cont(difference(c2,c1),sum(c1,sum(c2,c2))).  [resolve(950,a,326,a)].

given #615 (A,wt=10): 252 zex(intersection(x,y)) | zex(difference(f3(x,y),x)).  [resolve(153,b,140,b)].

given #616 (F,wt=8): 5097 -zex(intersection(f3(f3(c2,c2),c2),c2)).  [resolve(4971,a,277,b),unit_del(b,2189)].

given #617 (F,wt=8): 5181 -zex(f3(c2,f3(c2,intersection(c2,c2)))).  [ur(257,a,4200,a)].

given #618 (F,wt=8): 5319 -zex(f3(f3(c2,intersection(c2,c2)),c2)).  [ur(257,a,4201,a)].

given #619 (F,wt=8): 5331 -zex(f3(c2,sum(c1,intersection(c2,c2)))).  [ur(257,a,4390,a)].

given #620 (T,wt=9): 1339 cont(difference(f3(c2,c2),c1),sum(c1,c2)).  [resolve(1044,a,326,a)].

given #621 (T,wt=9): 1340 cont(difference(f3(c2,c2),c1),sum(c2,c2)).  [resolve(1044,a,194,a)].

given #622 (T,wt=9): 1344 leq(difference(f3(c2,c2),c1),intersection(c2,c2)).  [resolve(1044,a,165,a)].

given #623 (T,wt=9): 1358 zex(x) | cont(difference(x,c1),sum(c1,x)).  [resolve(1067,b,326,a)].

given #624 (A,wt=14): 253 zex(intersection(x,y)) | lt(f3(x,y),x) | eqdim(f3(x,y),x).  [resolve(153,b,132,a)].

given #625 (F,wt=8): 5343 -zex(f3(sum(c1,intersection(c2,c2)),c2)).  [ur(257,a,4391,a)].

given #626 (F,wt=8): 5439 -zex(f3(c2,sum(c1,difference(c2,c1)))).  [ur(257,a,4465,a)].

given #627 (F,wt=8): 5451 -zex(f3(sum(c1,difference(c2,c1)),c2)).  [ur(257,a,4466,a)].

given #628 (F,wt=8): 5586 -zex(f3(c2,f3(c2,difference(c2,c1)))).  [ur(257,a,4612,a)].

given #629 (T,wt=9): 1361 zex(x) | cont(difference(x,c1),sum(x,x)).  [resolve(1067,b,194,a)].

given #630 (T,wt=9): 1366 zex(x) | leq(difference(x,c1),intersection(x,x)).  [resolve(1067,b,165,a)].

given #631 (T,wt=9): 1398 zex(x) | cont(x,sum(c1,sum(x,c1))).  [resolve(1073,a,326,a)].

given #632 (T,wt=9): 1400 zex(x) | leq(x,intersection(sum(x,c1),x)).  [resolve(1073,a,192,a),merge(c)].

given #633 (A,wt=22): 254 zex(intersection(sum(x,y),z)) | cont(f3(sum(x,y),z),x) | cont(difference(f3(sum(x,y),z),x),y).  [resolve(153,b,118,a)].

given #634 (F,wt=8): 5598 -zex(f3(f3(c2,difference(c2,c1)),c2)).  [ur(257,a,4613,a)].

given #635 (F,wt=8): 5855 -zex(f3(c2,f3(c2,f3(c2,c2)))).  [ur(257,a,4642,a)].
============================= C:\Reasoning\prover9-bin\bin-win32\prover9 ================================
execution finished: Tue Apr 24 10:11:42 2018
total CPU time used: 3.3
The command was "C:\Reasoning\prover9-bin\bin-win32\prover9 -t600 -f C:\Users\torsten\Documents\github\colore\ontologies\multidim_mereotopology_dim\conversions\dim_prime_linear_unbounded.p9 C:\Users\torsten\Documents\github\colore\ontologies\multidim_mereotopology_dim\definitions\conversions\eq_dim.p9 C:\Users\torsten\Documents\github\colore\ontologies\multidim_mereotopology_codi\theorems\conversions\codi_down_theoremspo-e1.p9 C:\Users\torsten\Documents\github\colore\ontologies\multidim_mereotopology_codi\theorems\conversions\codi_down_theoremst11.p9 C:\Users\torsten\Documents\github\colore\ontologies\multidim_mereotopology_codi\definitions\conversions\epp.p9 C:\Users\torsten\Documents\github\colore\ontologies\multidim_mereotopology_cont\definitions\conversions\c.p9 C:\Users\torsten\Documents\github\colore\ontologies\multidim_mereotopology_zex\conversions\zex.p9 C:\Users\torsten\Documents\github\colore\ontologies\multidim_mereotopology_codi\theorems\conversions\codi_down_theoremsep-e1.p9 C:\Users\torsten\Documents\github\colore\ontologies\multidim_mereotopology_codi\definitions\conversions\ep.p9 C:\Users\torsten\Documents\github\colore\ontologies\multidim_mereotopology_cont\conversions\cont_basic.p9 C:\Users\torsten\Documents\github\colore\ontologies\multidim_mereotopology_codi\conversions\codi_int.p9 C:\Users\torsten\Documents\github\colore\ontologies\multidim_mereotopology_codi\conversions\codi_down_sum.p9 C:\Users\torsten\Documents\github\colore\ontologies\multidim_mereotopology_codi\theorems\conversions\codi_down_theoremsep-e3.p9 C:\Users\torsten\Documents\github\colore\ontologies\multidim_mereotopology_codi\theorems\conversions\codi_down_theoremsep-e2.p9 C:\Users\torsten\Documents\github\colore\ontologies\multidim_mereotopology_codi\theorems\conversions\codi_down_theoremst1-t2.p9 C:\Users\torsten\Documents\github\colore\ontologies\multidim_mereotopology_dim\definitions\conversions\covers.p9 C:\Users\torsten\Documents\github\colore\ontologies\multidim_mereotopology_codi\definitions\conversions\min_max_in_dim.p9 C:\Users\torsten\Documents\github\colore\ontologies\multidim_mereotopology_codi\conversions\codi_linear.p9 C:\Users\torsten\Documents\github\colore\ontologies\multidim_mereotopology_dim\definitions\conversions\dim_defs.p9 C:\Users\torsten\Documents\github\colore\ontologies\multidim_mereotopology_codi\conversions\codi_down.p9 C:\Users\torsten\Documents\github\colore\ontologies\multidim_mereotopology_dim\conversions\dim_prime_linear.p9 C:\Users\torsten\Documents\github\colore\ontologies\multidim_mereotopology_codi\theorems\conversions\codi_down_theoremst3-t5.p9 C:\Users\torsten\Documents\github\colore\ontologies\multidim_mereotopology_dim\definitions\conversions\dim_basic_defs.p9 C:\Users\torsten\Documents\github\colore\ontologies\multidim_mereotopology_dim\definitions\conversions\min_max_dim.p9"
Input read from 
============================ end of footer ===========================
