============================== Mace4 =================================
Mace4 (32) version Dec-2007, Dec 2007.
Process 17680 was started by torsten on torsten-2016,
Tue Apr 24 10:55:09 2018
The command was "/cygdrive/c/Reasoning/prover9-bin/bin-win32/mace4 -v0 -t600 -s60 -n2 -N20 -f C:\Users\torsten\Documents\github\colore\ontologies\multidim_mereotopology_dim\definitions\conversions\eq_dim.p9 C:\Users\torsten\Documents\github\colore\ontologies\multidim_mereotopology_dim\definitions\conversions\dim_defs.p9 C:\Users\torsten\Documents\github\colore\ontologies\multidim_mereotopology_codi\conversions\codi.p9 C:\Users\torsten\Documents\github\colore\ontologies\multidim_mereotopology_codi\theorems\conversions\codi_down_theoremst1-t2.p9 C:\Users\torsten\Documents\github\colore\ontologies\multidim_mereotopology_codi\theorems\conversions\codi_down_theoremst11.p9 C:\Users\torsten\Documents\github\colore\ontologies\multidim_mereotopology_codi\definitions\conversions\min_max_in_dim.p9 C:\Users\torsten\Documents\github\colore\ontologies\multidim_mereotopology_codi\definitions\conversions\curve.p9 C:\Users\torsten\Documents\github\colore\ontologies\multidim_mereotopology_codi\definitions\conversions\ep.p9 C:\Users\torsten\Documents\github\colore\ontologies\multidim_mereotopology_codi\conversions\codi_down.p9 C:\Users\torsten\Documents\github\colore\ontologies\multidim_mereotopology_zex\conversions\zex.p9 C:\Users\torsten\Documents\github\colore\ontologies\multidim_mereotopology_cont\conversions\cont_c_ext.p9 C:\Users\torsten\Documents\github\colore\ontologies\multidim_mereotopology_cont\conversions\cont_basic.p9 C:\Users\torsten\Documents\github\colore\ontologies\multidim_mereotopology_codi\definitions\conversions\areal_region.p9 C:\Users\torsten\Documents\github\colore\ontologies\multidim_mereotopology_codi\theorems\conversions\codi_down_theoremsep-e3.p9 C:\Users\torsten\Documents\github\colore\ontologies\multidim_mereotopology_codi\conversions\codi_down_sum.p9 C:\Users\torsten\Documents\github\colore\ontologies\multidim_mereotopology_codi\theorems\conversions\codi_down_theoremspo-e1.p9 C:\Users\torsten\Documents\github\colore\ontologies\multidim_mereotopology_codi\theorems\conversions\codi_down_theoremsep-e2.p9 C:\Users\torsten\Documents\github\colore\ontologies\multidim_mereotopology_cont\definitions\conversions\c.p9 C:\Users\torsten\Documents\github\colore\ontologies\multidim_mereotopology_codi\definitions\conversions\po.p9 C:\Users\torsten\Documents\github\colore\ontologies\multidim_mereotopology_codi\conversions\codi_linear.p9 C:\Users\torsten\Documents\github\colore\ontologies\multidim_mereotopology_codi\theorems\conversions\codi_down_theoremsep-e1.p9 C:\Users\torsten\Documents\github\colore\ontologies\multidim_mereotopology_dim\definitions\conversions\covers.p9 C:\Users\torsten\Documents\github\colore\ontologies\multidim_mereotopology_dim\definitions\conversions\dim_basic_defs.p9 C:\Users\torsten\Documents\github\colore\ontologies\multidim_mereotopology_dim\conversions\dim_prime_linear_unbounded.p9 C:\Users\torsten\Documents\github\colore\ontologies\multidim_mereotopology_codi\definitions\conversions\sc.p9 C:\Users\torsten\Documents\github\colore\ontologies\multidim_mereotopology_codi\conversions\codi_updown_3d.p9 C:\Users\torsten\Documents\github\colore\ontologies\multidim_mereotopology_codi\conversions\codi_updown.p9 C:\Users\torsten\Documents\github\colore\ontologies\multidim_mereotopology_codi\conversions\codi_int.p9 C:\Users\torsten\Documents\github\colore\ontologies\multidim_mereotopology_codi\definitions\conversions\inc.p9 C:\Users\torsten\Documents\github\colore\ontologies\multidim_mereotopology_dim\definitions\conversions\min_max_dim.p9 C:\Users\torsten\Documents\github\colore\ontologies\multidim_mereotopology_dim\conversions\dim_basic.p9 C:\Users\torsten\Documents\github\colore\ontologies\multidim_mereotopology_codi\definitions\conversions\voluminal_region.p9 C:\Users\torsten\Documents\github\colore\ontologies\multidim_mereotopology_codi\definitions\conversions\epp.p9 C:\Users\torsten\Documents\github\colore\ontologies\multidim_mereotopology_codi\theorems\conversions\codi_down_theoremst3-t5.p9 C:\Users\torsten\Documents\github\colore\ontologies\multidim_mereotopology_codi\definitions\conversions\point_region.p9 C:\Users\torsten\Documents\github\colore\ontologies\multidim_mereotopology_codi\conversions\codi_basic.p9 C:\Users\torsten\Documents\github\colore\ontologies\multidim_mereotopology_cont\conversions\cont_ext.p9 C:\Users\torsten\Documents\github\colore\ontologies\multidim_mereotopology_dim\conversions\dim_prime_linear.p9".
============================== end of head ===========================

============================== INPUT =================================

% Reading from file C:\Users\torsten\Documents\github\colore\ontologies\multidim_mereotopology_dim\definitions\conversions\eq_dim.p9


formulas(sos).
(all x12 all x11 (eqdim(x12,x11) <-> leq(x12,x11) & leq(x11,x12))).
end_of_list.

% Reading from file C:\Users\torsten\Documents\github\colore\ontologies\multidim_mereotopology_dim\definitions\conversions\dim_defs.p9


formulas(sos).
end_of_list.

% Reading from file C:\Users\torsten\Documents\github\colore\ontologies\multidim_mereotopology_codi\conversions\codi.p9


formulas(sos).
end_of_list.

% Reading from file C:\Users\torsten\Documents\github\colore\ontologies\multidim_mereotopology_codi\theorems\conversions\codi_down_theoremst1-t2.p9


formulas(sos).
(all x12 all x11 (-zex(difference(x12,x11)) -> p(difference(x12,x11),x12))).
(all x22 all x21 (pp(x21,x22) & -zex(difference(x22,x21)) & p(difference(x22,x21),x22) -> pp(difference(x22,x21),x22))).
(all x32 all x31 (pp(x31,x32) -> pp(difference(x32,x31),x32))).
end_of_list.

% Reading from file C:\Users\torsten\Documents\github\colore\ontologies\multidim_mereotopology_codi\theorems\conversions\codi_down_theoremst11.p9


formulas(sos).
(all x12 all x11 all x13 (p(x11,x12) & min(x13) & cont(x13,x12) -> cont(x13,x11) | cont(x13,difference(x12,x11)))).
end_of_list.

% Reading from file C:\Users\torsten\Documents\github\colore\ontologies\multidim_mereotopology_codi\definitions\conversions\min_max_in_dim.p9


formulas(sos).
(all x12 (max(x12) <-> -zex(x12) & (all x11 -pp(x12,x11)))).
(all x22 (min(x22) <-> -zex(x22) & (all x21 -pp(x21,x22)))).
end_of_list.

% Reading from file C:\Users\torsten\Documents\github\colore\ontologies\multidim_mereotopology_codi\definitions\conversions\curve.p9


formulas(sos).
(all x12 (curve(x12) <-> (all x11 (pointregion(x11) <-> covers(x12,x11))))).
end_of_list.

% Reading from file C:\Users\torsten\Documents\github\colore\ontologies\multidim_mereotopology_codi\definitions\conversions\ep.p9


formulas(sos).
(all x12 all x11 (p(x12,x11) <-> cont(x12,x11) & eqdim(x12,x11))).
end_of_list.

% Reading from file C:\Users\torsten\Documents\github\colore\ontologies\multidim_mereotopology_codi\conversions\codi_down.p9


formulas(sos).
(all x12 all x11 (-zex(difference(x12,x11)) -> eqdim(x12,difference(x12,x11)))).
(all x22 all x21 (lt(x21,x22) -> x22 = difference(x22,x21))).
(all x32 all x31 all x33 (leq(x32,x31) & cont(x33,x32) & lt(intersection(x33,x31),x33) -> cont(x33,difference(x32,x31)))).
(all x42 all x41 all x43 (leq(x42,x41) & cont(x43,difference(x42,x41)) -> cont(x43,x42))).
(all x52 all x51 all x53 (leq(x52,x51) & p(x53,difference(x52,x51)) -> lt(intersection(x53,x51),x53))).
(all x62 all x61 (zex(difference(x62,x61)) <-> zex(x62) | cont(x62,x61))).
end_of_list.

% Reading from file C:\Users\torsten\Documents\github\colore\ontologies\multidim_mereotopology_zex\conversions\zex.p9


formulas(sos).
(exists x2 zex(x2)).
end_of_list.

% Reading from file C:\Users\torsten\Documents\github\colore\ontologies\multidim_mereotopology_cont\conversions\cont_c_ext.p9


formulas(sos).
end_of_list.

% Reading from file C:\Users\torsten\Documents\github\colore\ontologies\multidim_mereotopology_cont\conversions\cont_basic.p9


formulas(sos).
(all x11 (-zex(x11) <-> cont(x11,x11))).
(all x22 all x21 (cont(x22,x21) & cont(x21,x22) -> x22 = x21)).
(all x32 all x31 all x33 (cont(x32,x31) & cont(x31,x33) -> cont(x32,x33))).
(all x42 all x41 (zex(x42) -> -cont(x41,x42) & -cont(x42,x41))).
(all x52 all x51 (zex(x52) & zex(x51) -> x52 = x51)).
end_of_list.

% Reading from file C:\Users\torsten\Documents\github\colore\ontologies\multidim_mereotopology_codi\definitions\conversions\areal_region.p9


formulas(sos).
(all x12 (arealregion(x12) <-> (all x11 (curve(x11) <-> covers(x12,x11))))).
end_of_list.

% Reading from file C:\Users\torsten\Documents\github\colore\ontologies\multidim_mereotopology_codi\theorems\conversions\codi_down_theoremsep-e3.p9


formulas(sos).
(all x12 all x11 (-zex(x12) & -zex(x11) & -cont(x11,x12) -> (exists x13 (p(x13,x11) & lt(intersection(x13,x12),x13))))).
end_of_list.

% Reading from file C:\Users\torsten\Documents\github\colore\ontologies\multidim_mereotopology_codi\conversions\codi_down_sum.p9


formulas(sos).
(all x12 all x11 sum(x12,x11) = sum(x11,x12)).
(all x22 all x21 (lt(x22,x21) -> x21 = sum(x22,x21))).
(all x32 all x31 all x33 (leq(x32,x31) & cont(x33,x31) -> cont(x33,sum(x32,x31)))).
(all x42 all x41 all x43 (cont(x43,sum(x42,x41)) & -cont(x43,x42) -> cont(difference(x43,x42),x41))).
end_of_list.

% Reading from file C:\Users\torsten\Documents\github\colore\ontologies\multidim_mereotopology_codi\theorems\conversions\codi_down_theoremspo-e1.p9


formulas(sos).
(all x12 all x11 (-zex(x12) & (all x13 (po(x12,x13) -> po(x11,x13))) -> p(x12,x11))).
(all x22 all x21 ((all x23 (po(x22,x23) <-> po(x21,x23))) -> x22 = x21)).
end_of_list.

% Reading from file C:\Users\torsten\Documents\github\colore\ontologies\multidim_mereotopology_codi\theorems\conversions\codi_down_theoremsep-e2.p9


formulas(sos).
(all x12 all x11 (-zex(x12) & -zex(x11) & -p(x11,x12) & eqdim(x12,x11) & po(x12,x11) & -pp(x11,x12) -> (exists x13 (p(x13,x11) & -po(x13,x12))))).
(all x22 all x21 (-zex(x22) & -zex(x21) & -p(x21,x22) & eqdim(x22,x21) & -po(x22,x21) -> (exists x23 (p(x23,x21) & -po(x23,x22))))).
(all x32 all x31 (-zex(x32) & -zex(x31) & -p(x31,x32) & -eqdim(x32,x31) -> (exists x33 (p(x33,x31) & -po(x33,x32))))).
(all x42 all x41 (zex(x42) & -zex(x41) & -p(x41,x42) & -eqdim(x42,x41) -> (exists x43 (p(x43,x41) & -po(x43,x42))))).
end_of_list.

% Reading from file C:\Users\torsten\Documents\github\colore\ontologies\multidim_mereotopology_cont\definitions\conversions\c.p9


formulas(sos).
(all x12 all x11 (c(x12,x11) <-> (exists x13 (cont(x13,x12) & cont(x13,x11))))).
end_of_list.

% Reading from file C:\Users\torsten\Documents\github\colore\ontologies\multidim_mereotopology_codi\definitions\conversions\po.p9


formulas(sos).
(all x12 all x11 (po(x12,x11) <-> (exists x13 (p(x13,x12) & p(x13,x11))))).
end_of_list.

% Reading from file C:\Users\torsten\Documents\github\colore\ontologies\multidim_mereotopology_codi\conversions\codi_linear.p9


formulas(sos).
(all x12 all x11 (cont(x12,x11) -> lt(x12,x11) | eqdim(x12,x11))).
end_of_list.

% Reading from file C:\Users\torsten\Documents\github\colore\ontologies\multidim_mereotopology_codi\theorems\conversions\codi_down_theoremsep-e1.p9


formulas(sos).
(all x12 all x11 (pp(x12,x11) -> (exists x13 (p(x13,x11) & -po(x13,x12))))).
end_of_list.

% Reading from file C:\Users\torsten\Documents\github\colore\ontologies\multidim_mereotopology_dim\definitions\conversions\covers.p9


formulas(sos).
(all x12 all x11 (covers(x12,x11) <-> lt(x11,x12) & (all x13 -(lt(x11,x13) & lt(x13,x12))))).
end_of_list.

% Reading from file C:\Users\torsten\Documents\github\colore\ontologies\multidim_mereotopology_dim\definitions\conversions\dim_basic_defs.p9


formulas(sos).
(all x12 all x11 (gt(x12,x11) <-> lt(x11,x12))).
(all x22 all x21 (geq(x22,x21) <-> leq(x21,x22))).
(all x32 all x31 (lt(x32,x31) <-> leq(x32,x31) & -eqdim(x32,x31))).
end_of_list.

% Reading from file C:\Users\torsten\Documents\github\colore\ontologies\multidim_mereotopology_dim\conversions\dim_prime_linear_unbounded.p9


formulas(sos).
(all x11 leq(x11,x11)).
(all x22 all x21 all x23 (leq(x22,x21) & leq(x21,x23) -> leq(x22,x23))).
(all x32 all x31 (zex(x32) & zex(x31) -> x32 = x31)).
(all x42 all x41 (zex(x42) -> leq(x42,x41))).
end_of_list.

% Reading from file C:\Users\torsten\Documents\github\colore\ontologies\multidim_mereotopology_codi\definitions\conversions\sc.p9


formulas(sos).
(all x12 all x11 (sc(x12,x11) <-> (exists x13 (cont(x13,x12) & cont(x13,x11))) & (all x13 (cont(x13,x12) & cont(x13,x11) -> lt(x13,x12) & lt(x13,x11))))).
end_of_list.

% Reading from file C:\Users\torsten\Documents\github\colore\ontologies\multidim_mereotopology_codi\conversions\codi_updown_3d.p9


formulas(sos).
end_of_list.

% Reading from file C:\Users\torsten\Documents\github\colore\ontologies\multidim_mereotopology_codi\conversions\codi_updown.p9


formulas(sos).
(all x2 (-zex(x2) -> cont(x2,cuni))).
end_of_list.

% Reading from file C:\Users\torsten\Documents\github\colore\ontologies\multidim_mereotopology_codi\conversions\codi_int.p9


formulas(sos).
(all x12 all x11 (-c(x12,x11) <-> zex(intersection(x12,x11)))).
(all x22 all x21 (-zex(intersection(x22,x21)) -> cont(intersection(x22,x21),x22))).
(all x32 all x31 all x33 (cont(x33,x32) & cont(x33,x31) -> leq(x33,intersection(x32,x31)))).
(all x42 all x41 all x43 (cont(x43,x42) & cont(x43,x41) & eqdim(x43,intersection(x42,x41)) <-> p(x43,intersection(x42,x41)))).
end_of_list.

% Reading from file C:\Users\torsten\Documents\github\colore\ontologies\multidim_mereotopology_codi\definitions\conversions\inc.p9


formulas(sos).
(all x12 all x11 (inc(x12,x11) <-> (exists x13 (lt(x13,x12) & cont(x13,x12) & p(x13,x11))) | (exists x13 (lt(x13,x11) & cont(x13,x11) & p(x13,x12))))).
end_of_list.

% Reading from file C:\Users\torsten\Documents\github\colore\ontologies\multidim_mereotopology_dim\definitions\conversions\min_max_dim.p9


formulas(sos).
(all x12 (maxdim(x12) <-> -zex(x12) & (all x11 leq(x11,x12)))).
(all x22 (mindim(x22) <-> -zex(x22) & (all x21 (-zex(x21) -> leq(x22,x21))))).
end_of_list.

% Reading from file C:\Users\torsten\Documents\github\colore\ontologies\multidim_mereotopology_dim\conversions\dim_basic.p9


formulas(sos).
(all x11 -lt(x11,x11)).
(all x22 all x21 (lt(x22,x21) -> -lt(x21,x22))).
(all x32 all x31 all x33 (lt(x32,x31) & lt(x31,x33) -> lt(x32,x33))).
(all x41 eqdim(x41,x41)).
(all x52 all x51 (eqdim(x52,x51) -> eqdim(x51,x52))).
(all x62 all x61 all x63 (eqdim(x62,x61) & eqdim(x61,x63) -> eqdim(x62,x63))).
(all x72 all x71 (lt(x72,x71) -> -eqdim(x72,x71))).
(all x82 all x81 all x83 (eqdim(x82,x81) -> (lt(x83,x82) -> lt(x83,x81)))).
(all x92 all x91 all x93 (eqdim(x92,x91) -> (lt(x92,x93) -> lt(x91,x93)))).
(exists x102 (-zex(x102) & (all x101 (lt(x101,x102) -> zex(x101))))).
(all x112 all x111 (zex(x112) & zex(x111) -> x112 = x111)).
(all x122 all x121 (zex(x122) & -zex(x121) -> lt(x122,x121))).
end_of_list.

% Reading from file C:\Users\torsten\Documents\github\colore\ontologies\multidim_mereotopology_codi\definitions\conversions\voluminal_region.p9


formulas(sos).
(all x12 (voluminalregion(x12) <-> (all x11 (arealregion(x11) <-> covers(x12,x11))))).
end_of_list.

% Reading from file C:\Users\torsten\Documents\github\colore\ontologies\multidim_mereotopology_codi\definitions\conversions\epp.p9


formulas(sos).
(all x12 all x11 (pp(x12,x11) <-> p(x12,x11) & x12 != x11)).
end_of_list.

% Reading from file C:\Users\torsten\Documents\github\colore\ontologies\multidim_mereotopology_codi\theorems\conversions\codi_down_theoremst3-t5.p9


formulas(sos).
(all x12 all x11 (-zex(x11) & -zex(difference(x12,x11)) -> -po(x11,difference(x12,x11)))).
(all x22 all x21 -po(intersection(x22,x21),difference(x22,x21))).
(all x32 all x31 all x33 (p(x33,difference(x32,x31)) -> p(x33,x32))).
(all x42 all x41 all x43 (p(x43,difference(x42,x41)) -> -po(x43,intersection(x42,x41)))).
(all x52 all x51 all x53 (p(x53,x52) & -po(x53,intersection(x52,x51)) -> p(x53,difference(x52,x51)))).
end_of_list.

% Reading from file C:\Users\torsten\Documents\github\colore\ontologies\multidim_mereotopology_codi\definitions\conversions\point_region.p9


formulas(sos).
(all x2 (pointregion(x2) <-> mindim(x2))).
end_of_list.

% Reading from file C:\Users\torsten\Documents\github\colore\ontologies\multidim_mereotopology_codi\conversions\codi_basic.p9


formulas(sos).
(all x12 all x11 (cont(x12,x11) -> lt(x12,x11) | eqdim(x12,x11))).
end_of_list.

% Reading from file C:\Users\torsten\Documents\github\colore\ontologies\multidim_mereotopology_cont\conversions\cont_ext.p9


formulas(sos).
(all x12 all x11 ((all x13 (cont(x13,x12) <-> cont(x13,x11))) -> x12 = x11)).
end_of_list.

% Reading from file C:\Users\torsten\Documents\github\colore\ontologies\multidim_mereotopology_dim\conversions\dim_prime_linear.p9


formulas(sos).
(exists x2 mindim(x2)).
end_of_list.

% From the command line: clear(verbose).

% From the command line: assign(max_seconds, 600).

% From the command line: assign(max_seconds_per, 60).
    % assign(domain_size, 2) -> assign(start_size, 2).
    % assign(domain_size, 2) -> assign(end_size, 2).

% From the command line: assign(domain_size, 2).

% From the command line: assign(end_size, 20).

============================== end of input ==========================

============================== PROCESS NON-CLAUSAL FORMULAS ==========

% Formulas that are not ordinary clauses:
1 (all x12 all x11 (eqdim(x12,x11) <-> leq(x12,x11) & leq(x11,x12))) # label(non_clause).  [assumption].
2 (all x12 all x11 (-zex(difference(x12,x11)) -> p(difference(x12,x11),x12))) # label(non_clause).  [assumption].
3 (all x22 all x21 (pp(x21,x22) & -zex(difference(x22,x21)) & p(difference(x22,x21),x22) -> pp(difference(x22,x21),x22))) # label(non_clause).  [assumption].
4 (all x32 all x31 (pp(x31,x32) -> pp(difference(x32,x31),x32))) # label(non_clause).  [assumption].
5 (all x12 all x11 all x13 (p(x11,x12) & min(x13) & cont(x13,x12) -> cont(x13,x11) | cont(x13,difference(x12,x11)))) # label(non_clause).  [assumption].
6 (all x12 (max(x12) <-> -zex(x12) & (all x11 -pp(x12,x11)))) # label(non_clause).  [assumption].
7 (all x22 (min(x22) <-> -zex(x22) & (all x21 -pp(x21,x22)))) # label(non_clause).  [assumption].
8 (all x12 (curve(x12) <-> (all x11 (pointregion(x11) <-> covers(x12,x11))))) # label(non_clause).  [assumption].
9 (all x12 all x11 (p(x12,x11) <-> cont(x12,x11) & eqdim(x12,x11))) # label(non_clause).  [assumption].
10 (all x12 all x11 (-zex(difference(x12,x11)) -> eqdim(x12,difference(x12,x11)))) # label(non_clause).  [assumption].
11 (all x22 all x21 (lt(x21,x22) -> x22 = difference(x22,x21))) # label(non_clause).  [assumption].
12 (all x32 all x31 all x33 (leq(x32,x31) & cont(x33,x32) & lt(intersection(x33,x31),x33) -> cont(x33,difference(x32,x31)))) # label(non_clause).  [assumption].
13 (all x42 all x41 all x43 (leq(x42,x41) & cont(x43,difference(x42,x41)) -> cont(x43,x42))) # label(non_clause).  [assumption].
14 (all x52 all x51 all x53 (leq(x52,x51) & p(x53,difference(x52,x51)) -> lt(intersection(x53,x51),x53))) # label(non_clause).  [assumption].
15 (all x62 all x61 (zex(difference(x62,x61)) <-> zex(x62) | cont(x62,x61))) # label(non_clause).  [assumption].
16 (exists x2 zex(x2)) # label(non_clause).  [assumption].
17 (all x11 (-zex(x11) <-> cont(x11,x11))) # label(non_clause).  [assumption].
18 (all x22 all x21 (cont(x22,x21) & cont(x21,x22) -> x22 = x21)) # label(non_clause).  [assumption].
19 (all x32 all x31 all x33 (cont(x32,x31) & cont(x31,x33) -> cont(x32,x33))) # label(non_clause).  [assumption].
20 (all x42 all x41 (zex(x42) -> -cont(x41,x42) & -cont(x42,x41))) # label(non_clause).  [assumption].
21 (all x52 all x51 (zex(x52) & zex(x51) -> x52 = x51)) # label(non_clause).  [assumption].
22 (all x12 (arealregion(x12) <-> (all x11 (curve(x11) <-> covers(x12,x11))))) # label(non_clause).  [assumption].
23 (all x12 all x11 (-zex(x12) & -zex(x11) & -cont(x11,x12) -> (exists x13 (p(x13,x11) & lt(intersection(x13,x12),x13))))) # label(non_clause).  [assumption].
24 (all x12 all x11 sum(x12,x11) = sum(x11,x12)) # label(non_clause).  [assumption].
25 (all x22 all x21 (lt(x22,x21) -> x21 = sum(x22,x21))) # label(non_clause).  [assumption].
26 (all x32 all x31 all x33 (leq(x32,x31) & cont(x33,x31) -> cont(x33,sum(x32,x31)))) # label(non_clause).  [assumption].
27 (all x42 all x41 all x43 (cont(x43,sum(x42,x41)) & -cont(x43,x42) -> cont(difference(x43,x42),x41))) # label(non_clause).  [assumption].
28 (all x12 all x11 (-zex(x12) & (all x13 (po(x12,x13) -> po(x11,x13))) -> p(x12,x11))) # label(non_clause).  [assumption].
29 (all x22 all x21 ((all x23 (po(x22,x23) <-> po(x21,x23))) -> x22 = x21)) # label(non_clause).  [assumption].
30 (all x12 all x11 (-zex(x12) & -zex(x11) & -p(x11,x12) & eqdim(x12,x11) & po(x12,x11) & -pp(x11,x12) -> (exists x13 (p(x13,x11) & -po(x13,x12))))) # label(non_clause).  [assumption].
31 (all x22 all x21 (-zex(x22) & -zex(x21) & -p(x21,x22) & eqdim(x22,x21) & -po(x22,x21) -> (exists x23 (p(x23,x21) & -po(x23,x22))))) # label(non_clause).  [assumption].
32 (all x32 all x31 (-zex(x32) & -zex(x31) & -p(x31,x32) & -eqdim(x32,x31) -> (exists x33 (p(x33,x31) & -po(x33,x32))))) # label(non_clause).  [assumption].
33 (all x42 all x41 (zex(x42) & -zex(x41) & -p(x41,x42) & -eqdim(x42,x41) -> (exists x43 (p(x43,x41) & -po(x43,x42))))) # label(non_clause).  [assumption].
34 (all x12 all x11 (c(x12,x11) <-> (exists x13 (cont(x13,x12) & cont(x13,x11))))) # label(non_clause).  [assumption].
35 (all x12 all x11 (po(x12,x11) <-> (exists x13 (p(x13,x12) & p(x13,x11))))) # label(non_clause).  [assumption].
36 (all x12 all x11 (cont(x12,x11) -> lt(x12,x11) | eqdim(x12,x11))) # label(non_clause).  [assumption].
37 (all x12 all x11 (pp(x12,x11) -> (exists x13 (p(x13,x11) & -po(x13,x12))))) # label(non_clause).  [assumption].
38 (all x12 all x11 (covers(x12,x11) <-> lt(x11,x12) & (all x13 -(lt(x11,x13) & lt(x13,x12))))) # label(non_clause).  [assumption].
39 (all x12 all x11 (gt(x12,x11) <-> lt(x11,x12))) # label(non_clause).  [assumption].
40 (all x22 all x21 (geq(x22,x21) <-> leq(x21,x22))) # label(non_clause).  [assumption].
41 (all x32 all x31 (lt(x32,x31) <-> leq(x32,x31) & -eqdim(x32,x31))) # label(non_clause).  [assumption].
42 (all x11 leq(x11,x11)) # label(non_clause).  [assumption].
43 (all x22 all x21 all x23 (leq(x22,x21) & leq(x21,x23) -> leq(x22,x23))) # label(non_clause).  [assumption].
44 (all x32 all x31 (zex(x32) & zex(x31) -> x32 = x31)) # label(non_clause).  [assumption].
45 (all x42 all x41 (zex(x42) -> leq(x42,x41))) # label(non_clause).  [assumption].
46 (all x12 all x11 (sc(x12,x11) <-> (exists x13 (cont(x13,x12) & cont(x13,x11))) & (all x13 (cont(x13,x12) & cont(x13,x11) -> lt(x13,x12) & lt(x13,x11))))) # label(non_clause).  [assumption].
47 (all x2 (-zex(x2) -> cont(x2,cuni))) # label(non_clause).  [assumption].
48 (all x12 all x11 (-c(x12,x11) <-> zex(intersection(x12,x11)))) # label(non_clause).  [assumption].
49 (all x22 all x21 (-zex(intersection(x22,x21)) -> cont(intersection(x22,x21),x22))) # label(non_clause).  [assumption].
50 (all x32 all x31 all x33 (cont(x33,x32) & cont(x33,x31) -> leq(x33,intersection(x32,x31)))) # label(non_clause).  [assumption].
51 (all x42 all x41 all x43 (cont(x43,x42) & cont(x43,x41) & eqdim(x43,intersection(x42,x41)) <-> p(x43,intersection(x42,x41)))) # label(non_clause).  [assumption].
52 (all x12 all x11 (inc(x12,x11) <-> (exists x13 (lt(x13,x12) & cont(x13,x12) & p(x13,x11))) | (exists x13 (lt(x13,x11) & cont(x13,x11) & p(x13,x12))))) # label(non_clause).  [assumption].
53 (all x12 (maxdim(x12) <-> -zex(x12) & (all x11 leq(x11,x12)))) # label(non_clause).  [assumption].
54 (all x22 (mindim(x22) <-> -zex(x22) & (all x21 (-zex(x21) -> leq(x22,x21))))) # label(non_clause).  [assumption].
55 (all x11 -lt(x11,x11)) # label(non_clause).  [assumption].
56 (all x22 all x21 (lt(x22,x21) -> -lt(x21,x22))) # label(non_clause).  [assumption].
57 (all x32 all x31 all x33 (lt(x32,x31) & lt(x31,x33) -> lt(x32,x33))) # label(non_clause).  [assumption].
58 (all x41 eqdim(x41,x41)) # label(non_clause).  [assumption].
59 (all x52 all x51 (eqdim(x52,x51) -> eqdim(x51,x52))) # label(non_clause).  [assumption].
60 (all x62 all x61 all x63 (eqdim(x62,x61) & eqdim(x61,x63) -> eqdim(x62,x63))) # label(non_clause).  [assumption].
61 (all x72 all x71 (lt(x72,x71) -> -eqdim(x72,x71))) # label(non_clause).  [assumption].
62 (all x82 all x81 all x83 (eqdim(x82,x81) -> (lt(x83,x82) -> lt(x83,x81)))) # label(non_clause).  [assumption].
63 (all x92 all x91 all x93 (eqdim(x92,x91) -> (lt(x92,x93) -> lt(x91,x93)))) # label(non_clause).  [assumption].
64 (exists x102 (-zex(x102) & (all x101 (lt(x101,x102) -> zex(x101))))) # label(non_clause).  [assumption].
65 (all x112 all x111 (zex(x112) & zex(x111) -> x112 = x111)) # label(non_clause).  [assumption].
66 (all x122 all x121 (zex(x122) & -zex(x121) -> lt(x122,x121))) # label(non_clause).  [assumption].
67 (all x12 (voluminalregion(x12) <-> (all x11 (arealregion(x11) <-> covers(x12,x11))))) # label(non_clause).  [assumption].
68 (all x12 all x11 (pp(x12,x11) <-> p(x12,x11) & x12 != x11)) # label(non_clause).  [assumption].
69 (all x12 all x11 (-zex(x11) & -zex(difference(x12,x11)) -> -po(x11,difference(x12,x11)))) # label(non_clause).  [assumption].
70 (all x22 all x21 -po(intersection(x22,x21),difference(x22,x21))) # label(non_clause).  [assumption].
71 (all x32 all x31 all x33 (p(x33,difference(x32,x31)) -> p(x33,x32))) # label(non_clause).  [assumption].
72 (all x42 all x41 all x43 (p(x43,difference(x42,x41)) -> -po(x43,intersection(x42,x41)))) # label(non_clause).  [assumption].
73 (all x52 all x51 all x53 (p(x53,x52) & -po(x53,intersection(x52,x51)) -> p(x53,difference(x52,x51)))) # label(non_clause).  [assumption].
74 (all x2 (pointregion(x2) <-> mindim(x2))) # label(non_clause).  [assumption].
75 (all x12 all x11 (cont(x12,x11) -> lt(x12,x11) | eqdim(x12,x11))) # label(non_clause).  [assumption].
76 (all x12 all x11 ((all x13 (cont(x13,x12) <-> cont(x13,x11))) -> x12 = x11)) # label(non_clause).  [assumption].
77 (exists x2 mindim(x2)) # label(non_clause).  [assumption].

============================== end of process non-clausal formulas ===

============================== CLAUSES FOR SEARCH ====================

formulas(mace4_clauses).
-eqdim(x,y) | leq(x,y).
-eqdim(x,y) | leq(y,x).
eqdim(x,y) | -leq(x,y) | -leq(y,x).
zex(difference(x,y)) | p(difference(x,y),x).
-pp(x,y) | zex(difference(y,x)) | -p(difference(y,x),y) | pp(difference(y,x),y).
-pp(x,y) | pp(difference(y,x),y).
-p(x,y) | -min(z) | -cont(z,y) | cont(z,x) | cont(z,difference(y,x)).
-max(x) | -zex(x).
-max(x) | -pp(x,y).
max(x) | zex(x) | pp(x,f1(x)).
-min(x) | -zex(x).
-min(x) | -pp(y,x).
min(x) | zex(x) | pp(f2(x),x).
-curve(x) | -pointregion(y) | covers(x,y).
-curve(x) | pointregion(y) | -covers(x,y).
curve(x) | pointregion(f3(x)) | covers(x,f3(x)).
curve(x) | -pointregion(f3(x)) | -covers(x,f3(x)).
-p(x,y) | cont(x,y).
-p(x,y) | eqdim(x,y).
p(x,y) | -cont(x,y) | -eqdim(x,y).
zex(difference(x,y)) | eqdim(x,difference(x,y)).
-lt(x,y) | difference(y,x) = y.
-leq(x,y) | -cont(z,x) | -lt(intersection(z,y),z) | cont(z,difference(x,y)).
-leq(x,y) | -cont(z,difference(x,y)) | cont(z,x).
-leq(x,y) | -p(z,difference(x,y)) | lt(intersection(z,y),z).
-zex(difference(x,y)) | zex(x) | cont(x,y).
zex(difference(x,y)) | -zex(x).
zex(difference(x,y)) | -cont(x,y).
zex(c1).
zex(x) | cont(x,x).
-zex(x) | -cont(x,x).
-cont(x,y) | -cont(y,x) | y = x.
-cont(x,y) | -cont(y,z) | cont(x,z).
-zex(x) | -cont(y,x).
-zex(x) | -cont(x,y).
-zex(x) | -zex(y) | y = x.
-arealregion(x) | -curve(y) | covers(x,y).
-arealregion(x) | curve(y) | -covers(x,y).
arealregion(x) | curve(f4(x)) | covers(x,f4(x)).
arealregion(x) | -curve(f4(x)) | -covers(x,f4(x)).
zex(x) | zex(y) | cont(y,x) | p(f5(x,y),y).
zex(x) | zex(y) | cont(y,x) | lt(intersection(f5(x,y),x),f5(x,y)).
sum(x,y) = sum(y,x).
-lt(x,y) | sum(x,y) = y.
-leq(x,y) | -cont(z,y) | cont(z,sum(x,y)).
-cont(x,sum(y,z)) | cont(x,y) | cont(difference(x,y),z).
zex(x) | po(x,f6(x,y)) | p(x,y).
zex(x) | -po(y,f6(x,y)) | p(x,y).
po(x,f7(x,y)) | po(y,f7(x,y)) | y = x.
-po(x,f7(x,y)) | -po(y,f7(x,y)) | y = x.
zex(x) | zex(y) | p(y,x) | -eqdim(x,y) | -po(x,y) | pp(y,x) | p(f8(x,y),y).
zex(x) | zex(y) | p(y,x) | -eqdim(x,y) | -po(x,y) | pp(y,x) | -po(f8(x,y),x).
zex(x) | zex(y) | p(y,x) | -eqdim(x,y) | po(x,y) | p(f9(x,y),y).
zex(x) | zex(y) | p(y,x) | -eqdim(x,y) | po(x,y) | -po(f9(x,y),x).
zex(x) | zex(y) | p(y,x) | eqdim(x,y) | p(f10(x,y),y).
zex(x) | zex(y) | p(y,x) | eqdim(x,y) | -po(f10(x,y),x).
-zex(x) | zex(y) | p(y,x) | eqdim(x,y) | p(f11(x,y),y).
-zex(x) | zex(y) | p(y,x) | eqdim(x,y) | -po(f11(x,y),x).
-c(x,y) | cont(f12(x,y),x).
-c(x,y) | cont(f12(x,y),y).
c(x,y) | -cont(z,x) | -cont(z,y).
-po(x,y) | p(f13(x,y),x).
-po(x,y) | p(f13(x,y),y).
po(x,y) | -p(z,x) | -p(z,y).
-cont(x,y) | lt(x,y) | eqdim(x,y).
-pp(x,y) | p(f14(x,y),y).
-pp(x,y) | -po(f14(x,y),x).
-covers(x,y) | lt(y,x).
-covers(x,y) | -lt(y,z) | -lt(z,x).
covers(x,y) | -lt(y,x) | lt(y,f15(x,y)).
covers(x,y) | -lt(y,x) | lt(f15(x,y),x).
-gt(x,y) | lt(y,x).
gt(x,y) | -lt(y,x).
-geq(x,y) | leq(y,x).
geq(x,y) | -leq(y,x).
-lt(x,y) | leq(x,y).
-lt(x,y) | -eqdim(x,y).
lt(x,y) | -leq(x,y) | eqdim(x,y).
leq(x,x).
-leq(x,y) | -leq(y,z) | leq(x,z).
-zex(x) | -zex(y) | y = x.
-zex(x) | leq(x,y).
-sc(x,y) | cont(f16(x,y),x).
-sc(x,y) | cont(f16(x,y),y).
-sc(x,y) | -cont(z,x) | -cont(z,y) | lt(z,x).
-sc(x,y) | -cont(z,x) | -cont(z,y) | lt(z,y).
sc(x,y) | -cont(z,x) | -cont(z,y) | cont(f17(x,y),x).
sc(x,y) | -cont(z,x) | -cont(z,y) | cont(f17(x,y),y).
sc(x,y) | -cont(z,x) | -cont(z,y) | -lt(f17(x,y),x) | -lt(f17(x,y),y).
zex(x) | cont(x,cuni).
c(x,y) | zex(intersection(x,y)).
-c(x,y) | -zex(intersection(x,y)).
zex(intersection(x,y)) | cont(intersection(x,y),x).
-cont(x,y) | -cont(x,z) | leq(x,intersection(y,z)).
-cont(x,y) | -cont(x,z) | -eqdim(x,intersection(y,z)) | p(x,intersection(y,z)).
cont(x,y) | -p(x,intersection(y,z)).
cont(x,y) | -p(x,intersection(z,y)).
eqdim(x,intersection(y,z)) | -p(x,intersection(y,z)).
-inc(x,y) | lt(f18(x,y),x) | lt(f19(x,y),y).
-inc(x,y) | lt(f18(x,y),x) | cont(f19(x,y),y).
-inc(x,y) | lt(f18(x,y),x) | p(f19(x,y),x).
-inc(x,y) | cont(f18(x,y),x) | lt(f19(x,y),y).
-inc(x,y) | cont(f18(x,y),x) | cont(f19(x,y),y).
-inc(x,y) | cont(f18(x,y),x) | p(f19(x,y),x).
-inc(x,y) | p(f18(x,y),y) | lt(f19(x,y),y).
-inc(x,y) | p(f18(x,y),y) | cont(f19(x,y),y).
-inc(x,y) | p(f18(x,y),y) | p(f19(x,y),x).
inc(x,y) | -lt(z,x) | -cont(z,x) | -p(z,y).
inc(x,y) | -lt(z,y) | -cont(z,y) | -p(z,x).
-maxdim(x) | -zex(x).
-maxdim(x) | leq(y,x).
maxdim(x) | zex(x) | -leq(f20(x),x).
-mindim(x) | -zex(x).
-mindim(x) | zex(y) | leq(x,y).
mindim(x) | zex(x) | -zex(f21(x)).
mindim(x) | zex(x) | -leq(x,f21(x)).
-lt(x,x).
-lt(x,y) | -lt(y,x).
-lt(x,y) | -lt(y,z) | lt(x,z).
eqdim(x,x).
-eqdim(x,y) | eqdim(y,x).
-eqdim(x,y) | -eqdim(y,z) | eqdim(x,z).
-lt(x,y) | -eqdim(x,y).
-eqdim(x,y) | -lt(z,x) | lt(z,y).
-eqdim(x,y) | -lt(x,z) | lt(y,z).
-zex(c2).
-lt(x,c2) | zex(x).
-zex(x) | -zex(y) | y = x.
-zex(x) | zex(y) | lt(x,y).
-voluminalregion(x) | -arealregion(y) | covers(x,y).
-voluminalregion(x) | arealregion(y) | -covers(x,y).
voluminalregion(x) | arealregion(f22(x)) | covers(x,f22(x)).
voluminalregion(x) | -arealregion(f22(x)) | -covers(x,f22(x)).
-pp(x,y) | p(x,y).
-pp(x,y) | y != x.
pp(x,y) | -p(x,y) | y = x.
zex(x) | zex(difference(y,x)) | -po(x,difference(y,x)).
-po(intersection(x,y),difference(x,y)).
-p(x,difference(y,z)) | p(x,y).
-p(x,difference(y,z)) | -po(x,intersection(y,z)).
-p(x,y) | po(x,intersection(y,z)) | p(x,difference(y,z)).
-pointregion(x) | mindim(x).
pointregion(x) | -mindim(x).
-cont(x,y) | lt(x,y) | eqdim(x,y).
cont(f23(x,y),x) | cont(f23(x,y),y) | y = x.
-cont(f23(x,y),x) | -cont(f23(x,y),y) | y = x.
mindim(c3).
end_of_list.

============================== end of clauses for search =============

% There are no domain elements in the input.

============================== DOMAIN SIZE 2 =========================

=== Mace4 starting on domain size 2. ===

============================== MODEL =================================

interpretation( 2, [number=1, seconds=0], [

        function(cuni, [ 0 ]),

        function(c1, [ 1 ]),

        function(c2, [ 0 ]),

        function(c3, [ 0 ]),

        function(f1(_), [ 0, 0 ]),

        function(f2(_), [ 0, 0 ]),

        function(f3(_), [ 0, 0 ]),

        function(f4(_), [ 1, 0 ]),

        function(f20(_), [ 0, 0 ]),

        function(f21(_), [ 0, 0 ]),

        function(f22(_), [ 0, 1 ]),

        function(difference(_,_), [
			   1, 0,
			   1, 1 ]),

        function(intersection(_,_), [
			   0, 1,
			   1, 1 ]),

        function(sum(_,_), [
			   0, 0,
			   0, 1 ]),

        function(f5(_,_), [
			   0, 0,
			   0, 0 ]),

        function(f6(_,_), [
			   0, 0,
			   0, 0 ]),

        function(f7(_,_), [
			   0, 0,
			   0, 0 ]),

        function(f8(_,_), [
			   0, 0,
			   0, 0 ]),

        function(f9(_,_), [
			   0, 0,
			   0, 0 ]),

        function(f10(_,_), [
			   0, 0,
			   0, 0 ]),

        function(f11(_,_), [
			   0, 0,
			   0, 0 ]),

        function(f12(_,_), [
			   0, 0,
			   0, 0 ]),

        function(f13(_,_), [
			   0, 0,
			   0, 0 ]),

        function(f14(_,_), [
			   0, 0,
			   0, 0 ]),

        function(f15(_,_), [
			   0, 0,
			   0, 0 ]),

        function(f16(_,_), [
			   0, 0,
			   0, 0 ]),

        function(f17(_,_), [
			   0, 0,
			   0, 0 ]),

        function(f18(_,_), [
			   0, 0,
			   0, 0 ]),

        function(f19(_,_), [
			   0, 0,
			   0, 0 ]),

        function(f23(_,_), [
			   0, 0,
			   0, 0 ]),

        relation(arealregion(_), [ 0, 1 ]),

        relation(curve(_), [ 0, 0 ]),

        relation(max(_), [ 1, 0 ]),

        relation(maxdim(_), [ 1, 0 ]),

        relation(min(_), [ 1, 0 ]),

        relation(mindim(_), [ 1, 0 ]),

        relation(pointregion(_), [ 1, 0 ]),

        relation(voluminalregion(_), [ 1, 0 ]),

        relation(zex(_), [ 0, 1 ]),

        relation(c(_,_), [
			   1, 0,
			   0, 0 ]),

        relation(cont(_,_), [
			   1, 0,
			   0, 0 ]),

        relation(covers(_,_), [
			   0, 1,
			   0, 0 ]),

        relation(eqdim(_,_), [
			   1, 0,
			   0, 1 ]),

        relation(geq(_,_), [
			   1, 1,
			   0, 1 ]),

        relation(gt(_,_), [
			   0, 1,
			   0, 0 ]),

        relation(inc(_,_), [
			   0, 0,
			   0, 0 ]),

        relation(leq(_,_), [
			   1, 0,
			   1, 1 ]),

        relation(lt(_,_), [
			   0, 0,
			   1, 0 ]),

        relation(p(_,_), [
			   1, 0,
			   0, 0 ]),

        relation(po(_,_), [
			   1, 0,
			   0, 0 ]),

        relation(pp(_,_), [
			   0, 0,
			   0, 0 ]),

        relation(sc(_,_), [
			   0, 0,
			   0, 0 ])
]).

============================== end of model ==========================

============================== STATISTICS ============================

For domain size 2.

Current CPU time: 0.00 seconds (total CPU time: 0.05 seconds).
Ground clauses: seen=651, kept=581.
Selections=76, assignments=79, propagations=108, current_models=1.
Rewrite_terms=588, rewrite_bools=1024, indexes=78.
Rules_from_neg_clauses=22, cross_offs=22.

============================== end of statistics =====================

------ process 17680 exit (max_models) ------

User_CPU=0.05, System_CPU=0.01, Wall_clock=0.

Exiting with 1 model.

Process 17680 exit (max_models) Tue Apr 24 10:55:09 2018
The process finished Tue Apr 24 10:55:09 2018
============================= C:\Reasoning\prover9-bin\bin-win32\mace4 ================================
execution finished: Tue Apr 24 10:55:11 2018
total CPU time used: 0
The command was "C:\Reasoning\prover9-bin\bin-win32\mace4 -v0 -t600 -s60 -n2 -N20 -f C:\Users\torsten\Documents\github\colore\ontologies\multidim_mereotopology_dim\definitions\conversions\eq_dim.p9 C:\Users\torsten\Documents\github\colore\ontologies\multidim_mereotopology_dim\definitions\conversions\dim_defs.p9 C:\Users\torsten\Documents\github\colore\ontologies\multidim_mereotopology_codi\conversions\codi.p9 C:\Users\torsten\Documents\github\colore\ontologies\multidim_mereotopology_codi\theorems\conversions\codi_down_theoremst1-t2.p9 C:\Users\torsten\Documents\github\colore\ontologies\multidim_mereotopology_codi\theorems\conversions\codi_down_theoremst11.p9 C:\Users\torsten\Documents\github\colore\ontologies\multidim_mereotopology_codi\definitions\conversions\min_max_in_dim.p9 C:\Users\torsten\Documents\github\colore\ontologies\multidim_mereotopology_codi\definitions\conversions\curve.p9 C:\Users\torsten\Documents\github\colore\ontologies\multidim_mereotopology_codi\definitions\conversions\ep.p9 C:\Users\torsten\Documents\github\colore\ontologies\multidim_mereotopology_codi\conversions\codi_down.p9 C:\Users\torsten\Documents\github\colore\ontologies\multidim_mereotopology_zex\conversions\zex.p9 C:\Users\torsten\Documents\github\colore\ontologies\multidim_mereotopology_cont\conversions\cont_c_ext.p9 C:\Users\torsten\Documents\github\colore\ontologies\multidim_mereotopology_cont\conversions\cont_basic.p9 C:\Users\torsten\Documents\github\colore\ontologies\multidim_mereotopology_codi\definitions\conversions\areal_region.p9 C:\Users\torsten\Documents\github\colore\ontologies\multidim_mereotopology_codi\theorems\conversions\codi_down_theoremsep-e3.p9 C:\Users\torsten\Documents\github\colore\ontologies\multidim_mereotopology_codi\conversions\codi_down_sum.p9 C:\Users\torsten\Documents\github\colore\ontologies\multidim_mereotopology_codi\theorems\conversions\codi_down_theoremspo-e1.p9 C:\Users\torsten\Documents\github\colore\ontologies\multidim_mereotopology_codi\theorems\conversions\codi_down_theoremsep-e2.p9 C:\Users\torsten\Documents\github\colore\ontologies\multidim_mereotopology_cont\definitions\conversions\c.p9 C:\Users\torsten\Documents\github\colore\ontologies\multidim_mereotopology_codi\definitions\conversions\po.p9 C:\Users\torsten\Documents\github\colore\ontologies\multidim_mereotopology_codi\conversions\codi_linear.p9 C:\Users\torsten\Documents\github\colore\ontologies\multidim_mereotopology_codi\theorems\conversions\codi_down_theoremsep-e1.p9 C:\Users\torsten\Documents\github\colore\ontologies\multidim_mereotopology_dim\definitions\conversions\covers.p9 C:\Users\torsten\Documents\github\colore\ontologies\multidim_mereotopology_dim\definitions\conversions\dim_basic_defs.p9 C:\Users\torsten\Documents\github\colore\ontologies\multidim_mereotopology_dim\conversions\dim_prime_linear_unbounded.p9 C:\Users\torsten\Documents\github\colore\ontologies\multidim_mereotopology_codi\definitions\conversions\sc.p9 C:\Users\torsten\Documents\github\colore\ontologies\multidim_mereotopology_codi\conversions\codi_updown_3d.p9 C:\Users\torsten\Documents\github\colore\ontologies\multidim_mereotopology_codi\conversions\codi_updown.p9 C:\Users\torsten\Documents\github\colore\ontologies\multidim_mereotopology_codi\conversions\codi_int.p9 C:\Users\torsten\Documents\github\colore\ontologies\multidim_mereotopology_codi\definitions\conversions\inc.p9 C:\Users\torsten\Documents\github\colore\ontologies\multidim_mereotopology_dim\definitions\conversions\min_max_dim.p9 C:\Users\torsten\Documents\github\colore\ontologies\multidim_mereotopology_dim\conversions\dim_basic.p9 C:\Users\torsten\Documents\github\colore\ontologies\multidim_mereotopology_codi\definitions\conversions\voluminal_region.p9 C:\Users\torsten\Documents\github\colore\ontologies\multidim_mereotopology_codi\definitions\conversions\epp.p9 C:\Users\torsten\Documents\github\colore\ontologies\multidim_mereotopology_codi\theorems\conversions\codi_down_theoremst3-t5.p9 C:\Users\torsten\Documents\github\colore\ontologies\multidim_mereotopology_codi\definitions\conversions\point_region.p9 C:\Users\torsten\Documents\github\colore\ontologies\multidim_mereotopology_codi\conversions\codi_basic.p9 C:\Users\torsten\Documents\github\colore\ontologies\multidim_mereotopology_cont\conversions\cont_ext.p9 C:\Users\torsten\Documents\github\colore\ontologies\multidim_mereotopology_dim\conversions\dim_prime_linear.p9"
Input read from 
============================ end of footer ===========================
