============================== prooftrans ============================
Prover9 (32) version Dec-2007, Dec 2007.
Process 9304 was started,
Mon Jan 21 00:10:24 2013
The command was "/cygdrive/c/Program Files (x86)/Prover9-Mace4/bin-win32/prover9".
============================== end of head ===========================

============================== end of input ==========================

============================== PROOF =================================

% -------- Comments from original proof --------
% Proof 1 at 145.47 (+ 3.46) seconds.
% Length of proof is 111.
% Level of proof is 19.
% Maximum clause weight is 21.
% Given clauses 16966.

6 (all occ (activity_occurrence(occ) -> (exists a (activity(a) & occurrence_of(occ,a))))) # label(non_clause).  [assumption].
8 (all s (arboreal(s) -> activity_occurrence(s))) # label(non_clause).  [assumption].
16 (all s all a (occurrence_of(s,a) -> (arboreal(s) <-> generator(a)))) # label(non_clause).  [assumption].
17 (all a all o (occurrence_of(successor(a,o),a) <-> generator(a) & arboreal(o))) # label(non_clause).  [assumption].
18 (all s1 all s2 (earlier(s1,s2) -> (exists a exists s3 s2 = successor(a,s3)))) # label(non_clause).  [assumption].
19 (all a all s1 all s2 (generator(a) -> (earlier(s1,successor(a,s2)) <-> earlierEq(s1,s2)))) # label(non_clause).  [assumption].
23 (all s1 all s2 (earlierEq(s1,s2) <-> arboreal(s1) & arboreal(s2) & (earlier(s1,s2) | s1 = s2))) # label(non_clause).  [assumption].
27 (all f all occ (holds(f,occ) -> state(f) & arboreal(occ))) # label(non_clause).  [assumption].
28 (all f all occ (prior(f,occ) -> state(f) & arboreal(occ))) # label(non_clause).  [assumption].
30 (all a all occ all f (prior(f,successor(a,occ)) <-> holds(f,occ) & generator(a))) # label(non_clause).  [assumption].
34 (all f all o (falsifies(o,f) <-> state(f) & arboreal(o) & prior(f,o) & -holds(f,o))) # label(non_clause).  [assumption].
35 (all f all o (achieves(o,f) <-> state(f) & arboreal(o) & -prior(f,o) & holds(f,o))) # label(non_clause).  [assumption].
39 (all x all y all o (arboreal(o) & prior(connect(x,y),o) -> prior(connect(y,x),o))) # label(non_clause).  [assumption].
40 (all x all y all o (prior(Ps(x,y),o) <-> arboreal(o) & prior(region(x),o) & prior(region(y),o) & (all z (prior(connect(z,x),o) -> prior(connect(z,y),o))))) # label(non_clause).  [assumption].
42 (all x all y all o (prior(Os(x,y),o) <-> arboreal(o) & (exists z (prior(Ps(z,x),o) & prior(Ps(z,y),o))))) # label(non_clause).  [assumption].
44 (all x all y all o (prior(PPs(x,y),o) <-> arboreal(o) & prior(Ps(x,y),o) & -prior(Ps(y,x),o))) # label(non_clause).  [assumption].
45 (all x all y all o (prior(NTPPs(x,y),o) <-> arboreal(o) & prior(PPs(x,y),o) & -(exists z (prior(ECs(z,x),o) & prior(ECs(z,y),o))))) # label(non_clause).  [assumption].
48 (all x all y all o (prior(POs(x,y),o) <-> arboreal(o) & prior(Os(x,y),o) & -prior(Ps(x,y),o) & -prior(Ps(y,x),o))) # label(non_clause).  [assumption].
58 (all x all y all o (arboreal(o) & prior(region(x),o) & prior(region(y),o) -> (-prior(connect(y,compl(x)),o) <-> prior(NTPPs(y,x),o)))) # label(non_clause).  [assumption].
59 (all x all y all o (arboreal(o) & holds(region(x),o) & holds(region(y),o) -> (holds(connect(y,compl(x)),o) <-> -holds(NTPPs(y,x),o)))) # label(non_clause).  [assumption].
62 (all x all y all o (achieves(o,POs(x,y)) & falsifies(o,NTPPs(y,x)) & arboreal(o) -> falsifies(o,Ps(y,x)) & achieves(o,connect(compl(x),y)))) # label(non_clause) # label(goal).  [goal].
69 -occurrence_of(x,y) | -arboreal(x) | generator(y).  [clausify(16)].
72 -occurrence_of(x,y) | arboreal(x) | -generator(y).  [clausify(16)].
73 -occurrence_of(successor(x,y),x) | generator(x).  [clausify(17)].
74 occurrence_of(successor(x,y),x) | -generator(x) | -arboreal(y).  [clausify(17)].
76 -generator(x) | earlier(y,successor(x,z)) | -earlierEq(y,z).  [clausify(19)].
78 prior(x,successor(y,z)) | -holds(x,z) | -generator(y).  [clausify(30)].
84 -holds(x,y) | state(x).  [clausify(27)].
86 -prior(x,y) | state(x).  [clausify(28)].
92 falsifies(x,y) | -state(y) | -arboreal(x) | -prior(y,x) | holds(y,x).  [clausify(34)].
94 achieves(x,y) | -state(y) | -arboreal(x) | prior(y,x) | -holds(y,x).  [clausify(35)].
102 -activity_occurrence(x) | occurrence_of(x,f1(x)).  [clausify(6)].
104 -arboreal(x) | activity_occurrence(x).  [clausify(8)].
114 -earlier(x,y) | successor(f4(x,y),f5(x,y)) = y.  [clausify(18)].
121 earlierEq(x,y) | -arboreal(x) | -arboreal(y) | y != x.  [clausify(23)].
125 -holds(x,y) | arboreal(y).  [clausify(27)].
128 -prior(x,successor(y,z)) | holds(x,z).  [clausify(30)].
137 -falsifies(x,y) | prior(y,x).  [clausify(34)].
138 -falsifies(x,y) | -holds(y,x).  [clausify(34)].
141 -achieves(x,y) | holds(y,x).  [clausify(35)].
145 -arboreal(x) | -prior(connect(y,z),x) | prior(connect(z,y),x).  [clausify(39)].
146 -prior(Ps(x,y),z) | prior(region(x),z).  [clausify(40)].
147 -prior(Ps(x,y),z) | prior(region(y),z).  [clausify(40)].
155 -prior(Os(x,y),z) | prior(Ps(f11(x,y,z),x),z).  [clausify(42)].
156 -prior(Os(x,y),z) | prior(Ps(f11(x,y,z),y),z).  [clausify(42)].
161 -prior(PPs(x,y),z) | prior(Ps(x,y),z).  [clausify(44)].
164 -prior(NTPPs(x,y),z) | prior(PPs(x,y),z).  [clausify(45)].
175 -prior(POs(x,y),z) | prior(Os(x,y),z).  [clausify(48)].
177 -prior(POs(x,y),z) | -prior(Ps(y,x),z).  [clausify(48)].
207 -arboreal(x) | -prior(region(y),x) | -prior(region(z),x) | -prior(connect(z,compl(y)),x) | -prior(NTPPs(z,y),x).  [clausify(58)].
209 -arboreal(x) | -holds(region(y),x) | -holds(region(z),x) | holds(connect(z,compl(y)),x) | holds(NTPPs(z,y),x).  [clausify(59)].
213 achieves(c3,POs(c1,c2)).  [deny(62)].
214 falsifies(c3,NTPPs(c2,c1)).  [deny(62)].
215 arboreal(c3).  [deny(62)].
216 -falsifies(c3,Ps(c2,c1)) | -achieves(c3,connect(compl(c1),c2)).  [deny(62)].
225 -occurrence_of(x,y) | arboreal(x) | -occurrence_of(z,y) | -arboreal(z).  [resolve(72,c,69,c)].
229 occurrence_of(successor(x,y),x) | -arboreal(y) | -occurrence_of(z,x) | -arboreal(z).  [resolve(74,b,69,c)].
234 earlier(x,successor(y,z)) | -earlierEq(x,z) | -occurrence_of(successor(y,u),y).  [resolve(76,a,73,b)].
241 prior(x,successor(y,z)) | -holds(x,z) | -occurrence_of(u,y) | -arboreal(u).  [resolve(78,c,69,c)].
256 falsifies(x,y) | -arboreal(x) | -prior(y,x) | holds(y,x) | -prior(y,z).  [resolve(92,b,86,b)].
260 achieves(x,y) | -arboreal(x) | prior(y,x) | -holds(y,x) | -holds(y,z).  [resolve(94,b,84,b)].
262 earlierEq(x,x) | -arboreal(x).  [factor(121,b,c),xx(c)].
280 occurrence_of(successor(x,y),x) | -arboreal(y) | -occurrence_of(y,x).  [factor(229,b,d)].
283 falsifies(x,y) | -arboreal(x) | -prior(y,x) | holds(y,x).  [factor(256,c,e)].
284 achieves(x,y) | -arboreal(x) | prior(y,x) | -holds(y,x).  [factor(260,d,e)].
285 holds(POs(c1,c2),c3).  [resolve(213,a,141,a)].
287 -holds(NTPPs(c2,c1),c3).  [resolve(214,a,138,a)].
288 prior(NTPPs(c2,c1),c3).  [resolve(214,a,137,a)].
292 activity_occurrence(c3).  [resolve(215,a,104,a)].
299 earlierEq(c3,c3).  [resolve(262,b,215,a)].
307 occurrence_of(c3,f1(c3)).  [resolve(292,a,102,a)].
310 earlier(c3,successor(x,c3)) | -occurrence_of(successor(x,y),x).  [resolve(299,a,234,b)].
312 -prior(region(c1),c3) | -prior(region(c2),c3) | -prior(connect(c2,compl(c1)),c3).  [resolve(288,a,207,e),unit_del(a,215)].
317 prior(PPs(c2,c1),c3).  [resolve(288,a,164,a)].
319 occurrence_of(successor(f1(c3),c3),f1(c3)).  [resolve(307,a,280,c),unit_del(b,215)].
320 prior(x,successor(f1(c3),y)) | -holds(x,y).  [resolve(307,a,241,c),unit_del(c,215)].
322 -occurrence_of(x,f1(c3)) | arboreal(x).  [resolve(307,a,225,c),unit_del(c,215)].
352 prior(Ps(c2,c1),c3).  [resolve(317,a,161,a)].
354 falsifies(c3,Ps(c2,c1)) | holds(Ps(c2,c1),c3).  [resolve(352,a,283,c),unit_del(b,215)].
362 prior(region(c1),c3).  [resolve(352,a,147,a)].
363 prior(region(c2),c3).  [resolve(352,a,146,a)].
365 -prior(connect(c2,compl(c1)),c3).  [back_unit_del(312),unit_del(a,362),unit_del(b,363)].
570 arboreal(successor(f1(c3),c3)).  [resolve(319,a,322,a)].
657 earlier(c3,successor(f1(c3),c3)).  [resolve(310,b,319,a)].
661 successor(f4(c3,successor(f1(c3),c3)),f5(c3,successor(f1(c3),c3))) = successor(f1(c3),c3).  [resolve(657,a,114,a)].
716 prior(POs(c1,c2),successor(f1(c3),c3)).  [resolve(320,b,285,a)].
862 prior(Os(c1,c2),successor(f1(c3),c3)).  [resolve(716,a,175,a)].
908 prior(Ps(f11(c1,c2,successor(f1(c3),c3)),c2),successor(f1(c3),c3)).  [resolve(862,a,156,a)].
909 prior(Ps(f11(c1,c2,successor(f1(c3),c3)),c1),successor(f1(c3),c3)).  [resolve(862,a,155,a)].
11106 -prior(x,successor(f1(c3),c3)) | holds(x,f5(c3,successor(f1(c3),c3))).  [para(661(a,1),128(a,2))].
17046 prior(region(c2),successor(f1(c3),c3)).  [resolve(908,a,147,a)].
17063 holds(region(c2),c3).  [resolve(17046,a,128,a)].
17066 -holds(region(x),c3) | holds(connect(c2,compl(x)),c3) | holds(NTPPs(c2,x),c3).  [resolve(17063,a,209,c),unit_del(a,215)].
17110 prior(region(c1),successor(f1(c3),c3)).  [resolve(909,a,147,a)].
17208 holds(region(c1),c3).  [resolve(17110,a,128,a)].
34404 holds(region(c1),f5(c3,successor(f1(c3),c3))).  [resolve(11106,a,17110,a)].
34443 arboreal(f5(c3,successor(f1(c3),c3))).  [resolve(34404,a,125,a)].
34448 activity_occurrence(f5(c3,successor(f1(c3),c3))).  [resolve(34443,a,104,a)].
34451 occurrence_of(f5(c3,successor(f1(c3),c3)),f1(f5(c3,successor(f1(c3),c3)))).  [resolve(34448,a,102,a)].
39128 prior(x,successor(f1(f5(c3,successor(f1(c3),c3))),y)) | -holds(x,y).  [resolve(34451,a,241,c),unit_del(c,34443)].
41094 prior(POs(c1,c2),successor(f1(f5(c3,successor(f1(c3),c3))),c3)).  [resolve(39128,b,285,a)].
41108 -prior(Ps(c2,c1),successor(f1(f5(c3,successor(f1(c3),c3))),c3)).  [resolve(41094,a,177,a)].
41791 holds(connect(c2,compl(c1)),c3).  [resolve(17066,a,17208,a),unit_del(b,287)].
41823 prior(connect(c2,compl(c1)),successor(f1(c3),c3)).  [resolve(41791,a,320,b)].
41860 prior(connect(compl(c1),c2),successor(f1(c3),c3)).  [resolve(41823,a,145,b),unit_del(a,570)].
41864 holds(connect(compl(c1),c2),c3).  [resolve(41860,a,128,a)].
41896 achieves(c3,connect(compl(c1),c2)) | prior(connect(compl(c1),c2),c3).  [resolve(41864,a,284,d),unit_del(b,215)].
41962 prior(connect(compl(c1),c2),c3) | -falsifies(c3,Ps(c2,c1)).  [resolve(41896,a,216,b)].
41963 prior(connect(compl(c1),c2),c3) | holds(Ps(c2,c1),c3).  [resolve(41962,b,354,a)].
41964 prior(connect(compl(c1),c2),c3).  [resolve(41963,b,39128,b),unit_del(b,41108)].
41968 $F.  [resolve(41964,a,145,b),unit_del(a,215),unit_del(b,365)].

============================== end of proof ==========================
