Paradox, version 3.0, 2008-07-29.
+++ PROBLEM: C:\Users\torsten\GitHub\colore\ontologies\multidim_mereotopology_codi\conversions\codi_down.all.tptp
Reading 'C:\Users\torsten\GitHub\colore\ontologies\multidim_mereotopology_codi\conversions\codi_down.all.tptp' ... OK
+++ SOLVING: C:\Users\torsten\GitHub\colore\ontologies\multidim_mereotopology_codi\conversions\codi_down.all.tptp
domain size 1
domain size 2
+++ BEGIN MODEL
% domain size is 2

c(!1,!1) <=> $false
c(!1,!2) <=> $false
c(!2,!1) <=> $false
c(!2,!2) <=> $true

cont(!1,!1) <=> $false
cont(!1,!2) <=> $false
cont(!2,!1) <=> $false
cont(!2,!2) <=> $true

covers(!1,!1) <=> $false
covers(!1,!2) <=> $false
covers(!2,!1) <=> $true
covers(!2,!2) <=> $false

difference(!1,!1) = !1
difference(!1,!2) = !1
difference(!2,!1) = !2
difference(!2,!2) = !1

eqdim(!1,!1) <=> $true
eqdim(!1,!2) <=> $false
eqdim(!2,!1) <=> $false
eqdim(!2,!2) <=> $true

geq(!1,!1) <=> $true
geq(!1,!2) <=> $false
geq(!2,!1) <=> $true
geq(!2,!2) <=> $true

gt(!1,!1) <=> $false
gt(!1,!2) <=> $false
gt(!2,!1) <=> $true
gt(!2,!2) <=> $false

intersection(!1,!1) = !1
intersection(!1,!2) = !1
intersection(!2,!1) = !1
intersection(!2,!2) = !2

leq(!1,!1) <=> $true
leq(!1,!2) <=> $true
leq(!2,!1) <=> $false
leq(!2,!2) <=> $true

lt(!1,!1) <=> $false
lt(!1,!2) <=> $true
lt(!2,!1) <=> $false
lt(!2,!2) <=> $false

maxdim(!1) <=> $false
maxdim(!2) <=> $true

mindim(!1) <=> $false
mindim(!2) <=> $true

p(!1,!1) <=> $false
p(!1,!2) <=> $false
p(!2,!1) <=> $false
p(!2,!2) <=> $true

zex(!1) <=> $true
zex(!2) <=> $false
+++ END MODEL
+++ RESULT: Satisfiable
