============================== Mace4 =================================
Mace4 (32) version Dec-2007, Dec 2007.
Process 12100 was started by torsten on torsten-2016,
Tue Apr 24 10:05:02 2018
The command was "/cygdrive/c/Reasoning/prover9-bin/bin-win32/mace4 -v0 -t600 -s60 -n2 -N20 -f C:\Users\torsten\Documents\github\colore\ontologies\multidim_mereotopology_codi\definitions\conversions\min_max_in_dim.p9 C:\Users\torsten\Documents\github\colore\ontologies\multidim_mereotopology_codi\definitions\conversions\epp.p9 C:\Users\torsten\Documents\github\colore\ontologies\multidim_mereotopology_cont\definitions\conversions\c.p9 C:\Users\torsten\Documents\github\colore\ontologies\multidim_mereotopology_codi\theorems\conversions\codi_down_theoremst1-t2.p9 C:\Users\torsten\Documents\github\colore\ontologies\multidim_mereotopology_codi\theorems\conversions\codi_down_theoremsep-e2.p9 C:\Users\torsten\Documents\github\colore\ontologies\multidim_mereotopology_dim\definitions\conversions\min_max_dim.p9 C:\Users\torsten\Documents\github\colore\ontologies\multidim_mereotopology_codi\conversions\codi_down_sum.p9 C:\Users\torsten\Documents\github\colore\ontologies\multidim_mereotopology_dim\definitions\conversions\dim_defs.p9 C:\Users\torsten\Documents\github\colore\ontologies\multidim_mereotopology_dim\definitions\conversions\covers.p9 C:\Users\torsten\Documents\github\colore\ontologies\multidim_mereotopology_codi\conversions\codi_down.p9 C:\Users\torsten\Documents\github\colore\ontologies\multidim_mereotopology_codi\conversions\codi_updown.p9 C:\Users\torsten\Documents\github\colore\ontologies\multidim_mereotopology_cont\conversions\cont_basic.p9 C:\Users\torsten\Documents\github\colore\ontologies\multidim_mereotopology_codi\theorems\conversions\codi_down_theoremst3-t5.p9 C:\Users\torsten\Documents\github\colore\ontologies\multidim_mereotopology_codi\theorems\conversions\codi_down_theoremst11.p9 C:\Users\torsten\Documents\github\colore\ontologies\multidim_mereotopology_codi\consistency\conversions\codi_updown_nontrivial.p9 C:\Users\torsten\Documents\github\colore\ontologies\multidim_mereotopology_codi\theorems\conversions\codi_down_theoremspo-e1.p9 C:\Users\torsten\Documents\github\colore\ontologies\multidim_mereotopology_codi\theorems\conversions\codi_down_theoremsep-e3.p9 C:\Users\torsten\Documents\github\colore\ontologies\multidim_mereotopology_dim\conversions\dim_prime_linear.p9 C:\Users\torsten\Documents\github\colore\ontologies\multidim_mereotopology_zex\conversions\zex.p9 C:\Users\torsten\Documents\github\colore\ontologies\multidim_mereotopology_codi\conversions\codi_int.p9 C:\Users\torsten\Documents\github\colore\ontologies\multidim_mereotopology_codi\definitions\conversions\ep.p9 C:\Users\torsten\Documents\github\colore\ontologies\multidim_mereotopology_dim\conversions\dim_prime_linear_unbounded.p9 C:\Users\torsten\Documents\github\colore\ontologies\multidim_mereotopology_dim\definitions\conversions\dim_basic_defs.p9 C:\Users\torsten\Documents\github\colore\ontologies\multidim_mereotopology_dim\definitions\conversions\eq_dim.p9 C:\Users\torsten\Documents\github\colore\ontologies\multidim_mereotopology_codi\conversions\codi_linear.p9 C:\Users\torsten\Documents\github\colore\ontologies\multidim_mereotopology_codi\theorems\conversions\codi_down_theoremsep-e1.p9".
============================== end of head ===========================

============================== INPUT =================================

% Reading from file C:\Users\torsten\Documents\github\colore\ontologies\multidim_mereotopology_codi\definitions\conversions\min_max_in_dim.p9


formulas(sos).
(all x11 (max(x11) <-> -zex(x11) & (all x12 -pp(x11,x12)))).
(all x21 (min(x21) <-> -zex(x21) & (all x22 -pp(x22,x21)))).
end_of_list.

% Reading from file C:\Users\torsten\Documents\github\colore\ontologies\multidim_mereotopology_codi\definitions\conversions\epp.p9


formulas(sos).
(all x11 all x12 (pp(x11,x12) <-> p(x11,x12) & x11 != x12)).
end_of_list.

% Reading from file C:\Users\torsten\Documents\github\colore\ontologies\multidim_mereotopology_cont\definitions\conversions\c.p9


formulas(sos).
(all x11 all x12 (c(x11,x12) <-> (exists x13 (cont(x13,x11) & cont(x13,x12))))).
end_of_list.

% Reading from file C:\Users\torsten\Documents\github\colore\ontologies\multidim_mereotopology_codi\theorems\conversions\codi_down_theoremst1-t2.p9


formulas(sos).
(all x11 all x12 (-zex(difference(x11,x12)) -> p(difference(x11,x12),x11))).
(all x21 all x22 (pp(x22,x21) & -zex(difference(x21,x22)) & p(difference(x21,x22),x21) -> pp(difference(x21,x22),x21))).
(all x31 all x32 (pp(x32,x31) -> pp(difference(x31,x32),x31))).
end_of_list.

% Reading from file C:\Users\torsten\Documents\github\colore\ontologies\multidim_mereotopology_codi\theorems\conversions\codi_down_theoremsep-e2.p9


formulas(sos).
(all x11 all x12 (-zex(x11) & -zex(x12) & -p(x12,x11) & eqdim(x11,x12) & po(x11,x12) & -pp(x12,x11) -> (exists x13 (p(x13,x12) & -po(x13,x11))))).
(all x21 all x22 (-zex(x21) & -zex(x22) & -p(x22,x21) & eqdim(x21,x22) & -po(x21,x22) -> (exists x23 (p(x23,x22) & -po(x23,x21))))).
(all x31 all x32 (-zex(x31) & -zex(x32) & -p(x32,x31) & -eqdim(x31,x32) -> (exists x33 (p(x33,x32) & -po(x33,x31))))).
(all x41 all x42 (zex(x41) & -zex(x42) & -p(x42,x41) & -eqdim(x41,x42) -> (exists x43 (p(x43,x42) & -po(x43,x41))))).
end_of_list.

% Reading from file C:\Users\torsten\Documents\github\colore\ontologies\multidim_mereotopology_dim\definitions\conversions\min_max_dim.p9


formulas(sos).
(all x11 (maxdim(x11) <-> -zex(x11) & (all x12 leq(x12,x11)))).
(all x21 (mindim(x21) <-> -zex(x21) & (all x22 (-zex(x22) -> leq(x21,x22))))).
end_of_list.

% Reading from file C:\Users\torsten\Documents\github\colore\ontologies\multidim_mereotopology_codi\conversions\codi_down_sum.p9


formulas(sos).
(all x11 all x12 sum(x11,x12) = sum(x12,x11)).
(all x21 all x22 (lt(x21,x22) -> x22 = sum(x21,x22))).
(all x31 all x32 all x33 (leq(x31,x32) & cont(x33,x32) -> cont(x33,sum(x31,x32)))).
(all x41 all x42 all x43 (cont(x43,sum(x41,x42)) & -cont(x43,x41) -> cont(difference(x43,x41),x42))).
end_of_list.

% Reading from file C:\Users\torsten\Documents\github\colore\ontologies\multidim_mereotopology_dim\definitions\conversions\dim_defs.p9


formulas(sos).
end_of_list.

% Reading from file C:\Users\torsten\Documents\github\colore\ontologies\multidim_mereotopology_dim\definitions\conversions\covers.p9


formulas(sos).
(all x11 all x12 (covers(x11,x12) <-> lt(x12,x11) & (all x13 -(lt(x12,x13) & lt(x13,x11))))).
end_of_list.

% Reading from file C:\Users\torsten\Documents\github\colore\ontologies\multidim_mereotopology_codi\conversions\codi_down.p9


formulas(sos).
(all x11 all x12 (-zex(difference(x11,x12)) -> eqdim(x11,difference(x11,x12)))).
(all x21 all x22 (lt(x22,x21) -> x21 = difference(x21,x22))).
(all x31 all x32 all x33 (leq(x31,x32) & cont(x33,x31) & lt(intersection(x33,x32),x33) -> cont(x33,difference(x31,x32)))).
(all x41 all x42 all x43 (leq(x41,x42) & cont(x43,difference(x41,x42)) -> cont(x43,x41))).
(all x51 all x52 all x53 (leq(x51,x52) & p(x53,difference(x51,x52)) -> lt(intersection(x53,x52),x53))).
(all x61 all x62 (zex(difference(x61,x62)) <-> zex(x61) | cont(x61,x62))).
end_of_list.

% Reading from file C:\Users\torsten\Documents\github\colore\ontologies\multidim_mereotopology_codi\conversions\codi_updown.p9


formulas(sos).
(all x2 (-zex(x2) -> cont(x2,cuni))).
end_of_list.

% Reading from file C:\Users\torsten\Documents\github\colore\ontologies\multidim_mereotopology_cont\conversions\cont_basic.p9


formulas(sos).
(all x11 (-zex(x11) <-> cont(x11,x11))).
(all x21 all x22 (cont(x21,x22) & cont(x22,x21) -> x21 = x22)).
(all x31 all x32 all x33 (cont(x31,x32) & cont(x32,x33) -> cont(x31,x33))).
(all x41 all x42 (zex(x41) -> -cont(x42,x41) & -cont(x41,x42))).
(all x51 all x52 (zex(x51) & zex(x52) -> x51 = x52)).
end_of_list.

% Reading from file C:\Users\torsten\Documents\github\colore\ontologies\multidim_mereotopology_codi\theorems\conversions\codi_down_theoremst3-t5.p9


formulas(sos).
(all x11 all x12 (-zex(x12) & -zex(difference(x11,x12)) -> -po(x12,difference(x11,x12)))).
(all x21 all x22 -po(intersection(x21,x22),difference(x21,x22))).
(all x31 all x32 all x33 (p(x33,difference(x31,x32)) -> p(x33,x31))).
(all x41 all x42 all x43 (p(x43,difference(x41,x42)) -> -po(x43,intersection(x41,x42)))).
(all x51 all x52 all x53 (p(x53,x51) & -po(x53,intersection(x51,x52)) -> p(x53,difference(x51,x52)))).
end_of_list.

% Reading from file C:\Users\torsten\Documents\github\colore\ontologies\multidim_mereotopology_codi\theorems\conversions\codi_down_theoremst11.p9


formulas(sos).
(all x11 all x12 all x13 (p(x12,x11) & min(x13) & cont(x13,x11) -> cont(x13,x12) | cont(x13,difference(x11,x12)))).
end_of_list.

% Reading from file C:\Users\torsten\Documents\github\colore\ontologies\multidim_mereotopology_codi\consistency\conversions\codi_updown_nontrivial.p9


formulas(sos).
(exists x11 exists x12 (cont(x11,x12) & x11 != x12)).
(exists x21 exists x22 (-cont(x21,x22) & x21 != x22)).
(exists x31 zex(x31)).
(exists x41 -zex(x41)).
end_of_list.

% Reading from file C:\Users\torsten\Documents\github\colore\ontologies\multidim_mereotopology_codi\theorems\conversions\codi_down_theoremspo-e1.p9


formulas(sos).
(all x11 all x12 (-zex(x11) & (all x13 (po(x11,x13) -> po(x12,x13))) -> p(x11,x12))).
(all x21 all x22 ((all x23 (po(x21,x23) <-> po(x22,x23))) -> x21 = x22)).
end_of_list.

% Reading from file C:\Users\torsten\Documents\github\colore\ontologies\multidim_mereotopology_codi\theorems\conversions\codi_down_theoremsep-e3.p9


formulas(sos).
(all x11 all x12 (-zex(x11) & -zex(x12) & -cont(x12,x11) -> (exists x13 (p(x13,x12) & lt(intersection(x13,x11),x13))))).
end_of_list.

% Reading from file C:\Users\torsten\Documents\github\colore\ontologies\multidim_mereotopology_dim\conversions\dim_prime_linear.p9


formulas(sos).
(exists x2 mindim(x2)).
end_of_list.

% Reading from file C:\Users\torsten\Documents\github\colore\ontologies\multidim_mereotopology_zex\conversions\zex.p9


formulas(sos).
(exists x2 zex(x2)).
end_of_list.

% Reading from file C:\Users\torsten\Documents\github\colore\ontologies\multidim_mereotopology_codi\conversions\codi_int.p9


formulas(sos).
(all x11 all x12 (-c(x11,x12) <-> zex(intersection(x11,x12)))).
(all x21 all x22 (-zex(intersection(x21,x22)) -> cont(intersection(x21,x22),x21))).
(all x31 all x32 all x33 (cont(x33,x31) & cont(x33,x32) -> leq(x33,intersection(x31,x32)))).
(all x41 all x42 all x43 (cont(x43,x41) & cont(x43,x42) & eqdim(x43,intersection(x41,x42)) <-> p(x43,intersection(x41,x42)))).
end_of_list.

% Reading from file C:\Users\torsten\Documents\github\colore\ontologies\multidim_mereotopology_codi\definitions\conversions\ep.p9


formulas(sos).
(all x11 all x12 (p(x11,x12) <-> cont(x11,x12) & eqdim(x11,x12))).
end_of_list.

% Reading from file C:\Users\torsten\Documents\github\colore\ontologies\multidim_mereotopology_dim\conversions\dim_prime_linear_unbounded.p9


formulas(sos).
(all x11 leq(x11,x11)).
(all x21 all x22 all x23 (leq(x21,x22) & leq(x22,x23) -> leq(x21,x23))).
(all x31 all x32 (zex(x31) & zex(x32) -> x31 = x32)).
(all x41 all x42 (zex(x41) -> leq(x41,x42))).
end_of_list.

% Reading from file C:\Users\torsten\Documents\github\colore\ontologies\multidim_mereotopology_dim\definitions\conversions\dim_basic_defs.p9


formulas(sos).
(all x11 all x12 (gt(x11,x12) <-> lt(x12,x11))).
(all x21 all x22 (geq(x21,x22) <-> leq(x22,x21))).
(all x31 all x32 (lt(x31,x32) <-> leq(x31,x32) & -eqdim(x31,x32))).
end_of_list.

% Reading from file C:\Users\torsten\Documents\github\colore\ontologies\multidim_mereotopology_dim\definitions\conversions\eq_dim.p9


formulas(sos).
(all x11 all x12 (eqdim(x11,x12) <-> leq(x11,x12) & leq(x12,x11))).
end_of_list.

% Reading from file C:\Users\torsten\Documents\github\colore\ontologies\multidim_mereotopology_codi\conversions\codi_linear.p9


formulas(sos).
(all x11 all x12 (cont(x11,x12) -> lt(x11,x12) | eqdim(x11,x12))).
end_of_list.

% Reading from file C:\Users\torsten\Documents\github\colore\ontologies\multidim_mereotopology_codi\theorems\conversions\codi_down_theoremsep-e1.p9


formulas(sos).
(all x11 all x12 (pp(x11,x12) -> (exists x13 (p(x13,x12) & -po(x13,x11))))).
end_of_list.

% From the command line: clear(verbose).

% From the command line: assign(max_seconds, 600).

% From the command line: assign(max_seconds_per, 60).
    % assign(domain_size, 2) -> assign(start_size, 2).
    % assign(domain_size, 2) -> assign(end_size, 2).

% From the command line: assign(domain_size, 2).

% From the command line: assign(end_size, 20).

============================== end of input ==========================

============================== PROCESS NON-CLAUSAL FORMULAS ==========

% Formulas that are not ordinary clauses:
1 (all x11 (max(x11) <-> -zex(x11) & (all x12 -pp(x11,x12)))) # label(non_clause).  [assumption].
2 (all x21 (min(x21) <-> -zex(x21) & (all x22 -pp(x22,x21)))) # label(non_clause).  [assumption].
3 (all x11 all x12 (pp(x11,x12) <-> p(x11,x12) & x11 != x12)) # label(non_clause).  [assumption].
4 (all x11 all x12 (c(x11,x12) <-> (exists x13 (cont(x13,x11) & cont(x13,x12))))) # label(non_clause).  [assumption].
5 (all x11 all x12 (-zex(difference(x11,x12)) -> p(difference(x11,x12),x11))) # label(non_clause).  [assumption].
6 (all x21 all x22 (pp(x22,x21) & -zex(difference(x21,x22)) & p(difference(x21,x22),x21) -> pp(difference(x21,x22),x21))) # label(non_clause).  [assumption].
7 (all x31 all x32 (pp(x32,x31) -> pp(difference(x31,x32),x31))) # label(non_clause).  [assumption].
8 (all x11 all x12 (-zex(x11) & -zex(x12) & -p(x12,x11) & eqdim(x11,x12) & po(x11,x12) & -pp(x12,x11) -> (exists x13 (p(x13,x12) & -po(x13,x11))))) # label(non_clause).  [assumption].
9 (all x21 all x22 (-zex(x21) & -zex(x22) & -p(x22,x21) & eqdim(x21,x22) & -po(x21,x22) -> (exists x23 (p(x23,x22) & -po(x23,x21))))) # label(non_clause).  [assumption].
10 (all x31 all x32 (-zex(x31) & -zex(x32) & -p(x32,x31) & -eqdim(x31,x32) -> (exists x33 (p(x33,x32) & -po(x33,x31))))) # label(non_clause).  [assumption].
11 (all x41 all x42 (zex(x41) & -zex(x42) & -p(x42,x41) & -eqdim(x41,x42) -> (exists x43 (p(x43,x42) & -po(x43,x41))))) # label(non_clause).  [assumption].
12 (all x11 (maxdim(x11) <-> -zex(x11) & (all x12 leq(x12,x11)))) # label(non_clause).  [assumption].
13 (all x21 (mindim(x21) <-> -zex(x21) & (all x22 (-zex(x22) -> leq(x21,x22))))) # label(non_clause).  [assumption].
14 (all x11 all x12 sum(x11,x12) = sum(x12,x11)) # label(non_clause).  [assumption].
15 (all x21 all x22 (lt(x21,x22) -> x22 = sum(x21,x22))) # label(non_clause).  [assumption].
16 (all x31 all x32 all x33 (leq(x31,x32) & cont(x33,x32) -> cont(x33,sum(x31,x32)))) # label(non_clause).  [assumption].
17 (all x41 all x42 all x43 (cont(x43,sum(x41,x42)) & -cont(x43,x41) -> cont(difference(x43,x41),x42))) # label(non_clause).  [assumption].
18 (all x11 all x12 (covers(x11,x12) <-> lt(x12,x11) & (all x13 -(lt(x12,x13) & lt(x13,x11))))) # label(non_clause).  [assumption].
19 (all x11 all x12 (-zex(difference(x11,x12)) -> eqdim(x11,difference(x11,x12)))) # label(non_clause).  [assumption].
20 (all x21 all x22 (lt(x22,x21) -> x21 = difference(x21,x22))) # label(non_clause).  [assumption].
21 (all x31 all x32 all x33 (leq(x31,x32) & cont(x33,x31) & lt(intersection(x33,x32),x33) -> cont(x33,difference(x31,x32)))) # label(non_clause).  [assumption].
22 (all x41 all x42 all x43 (leq(x41,x42) & cont(x43,difference(x41,x42)) -> cont(x43,x41))) # label(non_clause).  [assumption].
23 (all x51 all x52 all x53 (leq(x51,x52) & p(x53,difference(x51,x52)) -> lt(intersection(x53,x52),x53))) # label(non_clause).  [assumption].
24 (all x61 all x62 (zex(difference(x61,x62)) <-> zex(x61) | cont(x61,x62))) # label(non_clause).  [assumption].
25 (all x2 (-zex(x2) -> cont(x2,cuni))) # label(non_clause).  [assumption].
26 (all x11 (-zex(x11) <-> cont(x11,x11))) # label(non_clause).  [assumption].
27 (all x21 all x22 (cont(x21,x22) & cont(x22,x21) -> x21 = x22)) # label(non_clause).  [assumption].
28 (all x31 all x32 all x33 (cont(x31,x32) & cont(x32,x33) -> cont(x31,x33))) # label(non_clause).  [assumption].
29 (all x41 all x42 (zex(x41) -> -cont(x42,x41) & -cont(x41,x42))) # label(non_clause).  [assumption].
30 (all x51 all x52 (zex(x51) & zex(x52) -> x51 = x52)) # label(non_clause).  [assumption].
31 (all x11 all x12 (-zex(x12) & -zex(difference(x11,x12)) -> -po(x12,difference(x11,x12)))) # label(non_clause).  [assumption].
32 (all x21 all x22 -po(intersection(x21,x22),difference(x21,x22))) # label(non_clause).  [assumption].
33 (all x31 all x32 all x33 (p(x33,difference(x31,x32)) -> p(x33,x31))) # label(non_clause).  [assumption].
34 (all x41 all x42 all x43 (p(x43,difference(x41,x42)) -> -po(x43,intersection(x41,x42)))) # label(non_clause).  [assumption].
35 (all x51 all x52 all x53 (p(x53,x51) & -po(x53,intersection(x51,x52)) -> p(x53,difference(x51,x52)))) # label(non_clause).  [assumption].
36 (all x11 all x12 all x13 (p(x12,x11) & min(x13) & cont(x13,x11) -> cont(x13,x12) | cont(x13,difference(x11,x12)))) # label(non_clause).  [assumption].
37 (exists x11 exists x12 (cont(x11,x12) & x11 != x12)) # label(non_clause).  [assumption].
38 (exists x21 exists x22 (-cont(x21,x22) & x21 != x22)) # label(non_clause).  [assumption].
39 (exists x31 zex(x31)) # label(non_clause).  [assumption].
40 (exists x41 -zex(x41)) # label(non_clause).  [assumption].
41 (all x11 all x12 (-zex(x11) & (all x13 (po(x11,x13) -> po(x12,x13))) -> p(x11,x12))) # label(non_clause).  [assumption].
42 (all x21 all x22 ((all x23 (po(x21,x23) <-> po(x22,x23))) -> x21 = x22)) # label(non_clause).  [assumption].
43 (all x11 all x12 (-zex(x11) & -zex(x12) & -cont(x12,x11) -> (exists x13 (p(x13,x12) & lt(intersection(x13,x11),x13))))) # label(non_clause).  [assumption].
44 (exists x2 mindim(x2)) # label(non_clause).  [assumption].
45 (exists x2 zex(x2)) # label(non_clause).  [assumption].
46 (all x11 all x12 (-c(x11,x12) <-> zex(intersection(x11,x12)))) # label(non_clause).  [assumption].
47 (all x21 all x22 (-zex(intersection(x21,x22)) -> cont(intersection(x21,x22),x21))) # label(non_clause).  [assumption].
48 (all x31 all x32 all x33 (cont(x33,x31) & cont(x33,x32) -> leq(x33,intersection(x31,x32)))) # label(non_clause).  [assumption].
49 (all x41 all x42 all x43 (cont(x43,x41) & cont(x43,x42) & eqdim(x43,intersection(x41,x42)) <-> p(x43,intersection(x41,x42)))) # label(non_clause).  [assumption].
50 (all x11 all x12 (p(x11,x12) <-> cont(x11,x12) & eqdim(x11,x12))) # label(non_clause).  [assumption].
51 (all x11 leq(x11,x11)) # label(non_clause).  [assumption].
52 (all x21 all x22 all x23 (leq(x21,x22) & leq(x22,x23) -> leq(x21,x23))) # label(non_clause).  [assumption].
53 (all x31 all x32 (zex(x31) & zex(x32) -> x31 = x32)) # label(non_clause).  [assumption].
54 (all x41 all x42 (zex(x41) -> leq(x41,x42))) # label(non_clause).  [assumption].
55 (all x11 all x12 (gt(x11,x12) <-> lt(x12,x11))) # label(non_clause).  [assumption].
56 (all x21 all x22 (geq(x21,x22) <-> leq(x22,x21))) # label(non_clause).  [assumption].
57 (all x31 all x32 (lt(x31,x32) <-> leq(x31,x32) & -eqdim(x31,x32))) # label(non_clause).  [assumption].
58 (all x11 all x12 (eqdim(x11,x12) <-> leq(x11,x12) & leq(x12,x11))) # label(non_clause).  [assumption].
59 (all x11 all x12 (cont(x11,x12) -> lt(x11,x12) | eqdim(x11,x12))) # label(non_clause).  [assumption].
60 (all x11 all x12 (pp(x11,x12) -> (exists x13 (p(x13,x12) & -po(x13,x11))))) # label(non_clause).  [assumption].

============================== end of process non-clausal formulas ===

============================== CLAUSES FOR SEARCH ====================

formulas(mace4_clauses).
-max(x) | -zex(x).
-max(x) | -pp(x,y).
max(x) | zex(x) | pp(x,f1(x)).
-min(x) | -zex(x).
-min(x) | -pp(y,x).
min(x) | zex(x) | pp(f2(x),x).
-pp(x,y) | p(x,y).
-pp(x,y) | y != x.
pp(x,y) | -p(x,y) | y = x.
-c(x,y) | cont(f3(x,y),x).
-c(x,y) | cont(f3(x,y),y).
c(x,y) | -cont(z,x) | -cont(z,y).
zex(difference(x,y)) | p(difference(x,y),x).
-pp(x,y) | zex(difference(y,x)) | -p(difference(y,x),y) | pp(difference(y,x),y).
-pp(x,y) | pp(difference(y,x),y).
zex(x) | zex(y) | p(y,x) | -eqdim(x,y) | -po(x,y) | pp(y,x) | p(f4(x,y),y).
zex(x) | zex(y) | p(y,x) | -eqdim(x,y) | -po(x,y) | pp(y,x) | -po(f4(x,y),x).
zex(x) | zex(y) | p(y,x) | -eqdim(x,y) | po(x,y) | p(f5(x,y),y).
zex(x) | zex(y) | p(y,x) | -eqdim(x,y) | po(x,y) | -po(f5(x,y),x).
zex(x) | zex(y) | p(y,x) | eqdim(x,y) | p(f6(x,y),y).
zex(x) | zex(y) | p(y,x) | eqdim(x,y) | -po(f6(x,y),x).
-zex(x) | zex(y) | p(y,x) | eqdim(x,y) | p(f7(x,y),y).
-zex(x) | zex(y) | p(y,x) | eqdim(x,y) | -po(f7(x,y),x).
-maxdim(x) | -zex(x).
-maxdim(x) | leq(y,x).
maxdim(x) | zex(x) | -leq(f8(x),x).
-mindim(x) | -zex(x).
-mindim(x) | zex(y) | leq(x,y).
mindim(x) | zex(x) | -zex(f9(x)).
mindim(x) | zex(x) | -leq(x,f9(x)).
sum(x,y) = sum(y,x).
-lt(x,y) | sum(x,y) = y.
-leq(x,y) | -cont(z,y) | cont(z,sum(x,y)).
-cont(x,sum(y,z)) | cont(x,y) | cont(difference(x,y),z).
-covers(x,y) | lt(y,x).
-covers(x,y) | -lt(y,z) | -lt(z,x).
covers(x,y) | -lt(y,x) | lt(y,f10(x,y)).
covers(x,y) | -lt(y,x) | lt(f10(x,y),x).
zex(difference(x,y)) | eqdim(x,difference(x,y)).
-lt(x,y) | difference(y,x) = y.
-leq(x,y) | -cont(z,x) | -lt(intersection(z,y),z) | cont(z,difference(x,y)).
-leq(x,y) | -cont(z,difference(x,y)) | cont(z,x).
-leq(x,y) | -p(z,difference(x,y)) | lt(intersection(z,y),z).
-zex(difference(x,y)) | zex(x) | cont(x,y).
zex(difference(x,y)) | -zex(x).
zex(difference(x,y)) | -cont(x,y).
zex(x) | cont(x,cuni).
zex(x) | cont(x,x).
-zex(x) | -cont(x,x).
-cont(x,y) | -cont(y,x) | y = x.
-cont(x,y) | -cont(y,z) | cont(x,z).
-zex(x) | -cont(y,x).
-zex(x) | -cont(x,y).
-zex(x) | -zex(y) | y = x.
zex(x) | zex(difference(y,x)) | -po(x,difference(y,x)).
-po(intersection(x,y),difference(x,y)).
-p(x,difference(y,z)) | p(x,y).
-p(x,difference(y,z)) | -po(x,intersection(y,z)).
-p(x,y) | po(x,intersection(y,z)) | p(x,difference(y,z)).
-p(x,y) | -min(z) | -cont(z,y) | cont(z,x) | cont(z,difference(y,x)).
cont(c1,c2).
c2 != c1.
-cont(c3,c4).
c4 != c3.
zex(c5).
-zex(c6).
zex(x) | po(x,f11(x,y)) | p(x,y).
zex(x) | -po(y,f11(x,y)) | p(x,y).
po(x,f12(x,y)) | po(y,f12(x,y)) | y = x.
-po(x,f12(x,y)) | -po(y,f12(x,y)) | y = x.
zex(x) | zex(y) | cont(y,x) | p(f13(x,y),y).
zex(x) | zex(y) | cont(y,x) | lt(intersection(f13(x,y),x),f13(x,y)).
mindim(c7).
zex(c8).
c(x,y) | zex(intersection(x,y)).
-c(x,y) | -zex(intersection(x,y)).
zex(intersection(x,y)) | cont(intersection(x,y),x).
-cont(x,y) | -cont(x,z) | leq(x,intersection(y,z)).
-cont(x,y) | -cont(x,z) | -eqdim(x,intersection(y,z)) | p(x,intersection(y,z)).
cont(x,y) | -p(x,intersection(y,z)).
cont(x,y) | -p(x,intersection(z,y)).
eqdim(x,intersection(y,z)) | -p(x,intersection(y,z)).
-p(x,y) | cont(x,y).
-p(x,y) | eqdim(x,y).
p(x,y) | -cont(x,y) | -eqdim(x,y).
leq(x,x).
-leq(x,y) | -leq(y,z) | leq(x,z).
-zex(x) | -zex(y) | y = x.
-zex(x) | leq(x,y).
-gt(x,y) | lt(y,x).
gt(x,y) | -lt(y,x).
-geq(x,y) | leq(y,x).
geq(x,y) | -leq(y,x).
-lt(x,y) | leq(x,y).
-lt(x,y) | -eqdim(x,y).
lt(x,y) | -leq(x,y) | eqdim(x,y).
-eqdim(x,y) | leq(x,y).
-eqdim(x,y) | leq(y,x).
eqdim(x,y) | -leq(x,y) | -leq(y,x).
-cont(x,y) | lt(x,y) | eqdim(x,y).
-pp(x,y) | p(f14(x,y),y).
-pp(x,y) | -po(f14(x,y),x).
end_of_list.

============================== end of clauses for search =============

% There are no domain elements in the input.

============================== DOMAIN SIZE 2 =========================

=== Mace4 starting on domain size 2. ===

============================== STATISTICS ============================

For domain size 2.

Current CPU time: 0.00 seconds (total CPU time: 0.01 seconds).
Ground clauses: seen=430, kept=392.
Selections=2, assignments=3, propagations=28, current_models=0.
Rewrite_terms=10, rewrite_bools=181, indexes=4.
Rules_from_neg_clauses=4, cross_offs=4.

============================== end of statistics =====================

============================== DOMAIN SIZE 3 =========================

=== Mace4 starting on domain size 3. ===

============================== MODEL =================================

interpretation( 3, [number=1, seconds=0], [

        function(cuni, [ 0 ]),

        function(c1, [ 1 ]),

        function(c2, [ 0 ]),

        function(c3, [ 0 ]),

        function(c4, [ 1 ]),

        function(c5, [ 2 ]),

        function(c6, [ 0 ]),

        function(c7, [ 1 ]),

        function(c8, [ 2 ]),

        function(f1(_), [ 0, 0, 0 ]),

        function(f2(_), [ 0, 0, 0 ]),

        function(f8(_), [ 0, 0, 0 ]),

        function(f9(_), [ 1, 0, 0 ]),

        function(difference(_,_), [
			   2, 0, 0,
			   2, 2, 1,
			   2, 2, 2 ]),

        function(intersection(_,_), [
			   0, 1, 2,
			   1, 1, 2,
			   2, 2, 2 ]),

        function(sum(_,_), [
			   0, 0, 0,
			   0, 1, 1,
			   0, 1, 2 ]),

        function(f3(_,_), [
			   0, 1, 0,
			   1, 1, 0,
			   0, 0, 0 ]),

        function(f4(_,_), [
			   0, 0, 0,
			   0, 0, 0,
			   0, 0, 0 ]),

        function(f5(_,_), [
			   0, 0, 0,
			   0, 0, 0,
			   0, 0, 0 ]),

        function(f6(_,_), [
			   0, 1, 0,
			   0, 0, 0,
			   0, 0, 0 ]),

        function(f7(_,_), [
			   0, 0, 0,
			   0, 0, 0,
			   0, 1, 0 ]),

        function(f10(_,_), [
			   0, 0, 1,
			   0, 0, 0,
			   0, 0, 0 ]),

        function(f11(_,_), [
			   0, 0, 0,
			   1, 0, 1,
			   0, 0, 0 ]),

        function(f12(_,_), [
			   0, 0, 0,
			   0, 0, 1,
			   0, 1, 0 ]),

        function(f13(_,_), [
			   0, 0, 0,
			   0, 0, 0,
			   0, 0, 0 ]),

        function(f14(_,_), [
			   0, 0, 0,
			   0, 0, 0,
			   0, 0, 0 ]),

        relation(max(_), [ 1, 1, 0 ]),

        relation(maxdim(_), [ 1, 0, 0 ]),

        relation(min(_), [ 1, 1, 0 ]),

        relation(mindim(_), [ 0, 1, 0 ]),

        relation(zex(_), [ 0, 0, 1 ]),

        relation(c(_,_), [
			   1, 1, 0,
			   1, 1, 0,
			   0, 0, 0 ]),

        relation(cont(_,_), [
			   1, 0, 0,
			   1, 1, 0,
			   0, 0, 0 ]),

        relation(covers(_,_), [
			   0, 1, 0,
			   0, 0, 1,
			   0, 0, 0 ]),

        relation(eqdim(_,_), [
			   1, 0, 0,
			   0, 1, 0,
			   0, 0, 1 ]),

        relation(geq(_,_), [
			   1, 1, 1,
			   0, 1, 1,
			   0, 0, 1 ]),

        relation(gt(_,_), [
			   0, 1, 1,
			   0, 0, 1,
			   0, 0, 0 ]),

        relation(leq(_,_), [
			   1, 0, 0,
			   1, 1, 0,
			   1, 1, 1 ]),

        relation(lt(_,_), [
			   0, 0, 0,
			   1, 0, 0,
			   1, 1, 0 ]),

        relation(p(_,_), [
			   1, 0, 0,
			   0, 1, 0,
			   0, 0, 0 ]),

        relation(po(_,_), [
			   1, 0, 0,
			   0, 1, 0,
			   0, 0, 0 ]),

        relation(pp(_,_), [
			   0, 0, 0,
			   0, 0, 0,
			   0, 0, 0 ])
]).

============================== end of model ==========================

============================== STATISTICS ============================

For domain size 3.

Current CPU time: 0.00 seconds (total CPU time: 0.01 seconds).
Ground clauses: seen=1100, kept=1037.
Selections=99, assignments=110, propagations=200, current_models=1.
Rewrite_terms=1164, rewrite_bools=2280, indexes=247.
Rules_from_neg_clauses=42, cross_offs=96.

============================== end of statistics =====================

------ process 12100 exit (max_models) ------

User_CPU=0.01, System_CPU=0.01, Wall_clock=0.

Exiting with 1 model.

Process 12100 exit (max_models) Tue Apr 24 10:05:02 2018
The process finished Tue Apr 24 10:05:02 2018
============================= C:\Reasoning\prover9-bin\bin-win32\mace4 ================================
execution finished: Tue Apr 24 10:05:04 2018
total CPU time used: 0
The command was "C:\Reasoning\prover9-bin\bin-win32\mace4 -v0 -t600 -s60 -n2 -N20 -f C:\Users\torsten\Documents\github\colore\ontologies\multidim_mereotopology_codi\definitions\conversions\min_max_in_dim.p9 C:\Users\torsten\Documents\github\colore\ontologies\multidim_mereotopology_codi\definitions\conversions\epp.p9 C:\Users\torsten\Documents\github\colore\ontologies\multidim_mereotopology_cont\definitions\conversions\c.p9 C:\Users\torsten\Documents\github\colore\ontologies\multidim_mereotopology_codi\theorems\conversions\codi_down_theoremst1-t2.p9 C:\Users\torsten\Documents\github\colore\ontologies\multidim_mereotopology_codi\theorems\conversions\codi_down_theoremsep-e2.p9 C:\Users\torsten\Documents\github\colore\ontologies\multidim_mereotopology_dim\definitions\conversions\min_max_dim.p9 C:\Users\torsten\Documents\github\colore\ontologies\multidim_mereotopology_codi\conversions\codi_down_sum.p9 C:\Users\torsten\Documents\github\colore\ontologies\multidim_mereotopology_dim\definitions\conversions\dim_defs.p9 C:\Users\torsten\Documents\github\colore\ontologies\multidim_mereotopology_dim\definitions\conversions\covers.p9 C:\Users\torsten\Documents\github\colore\ontologies\multidim_mereotopology_codi\conversions\codi_down.p9 C:\Users\torsten\Documents\github\colore\ontologies\multidim_mereotopology_codi\conversions\codi_updown.p9 C:\Users\torsten\Documents\github\colore\ontologies\multidim_mereotopology_cont\conversions\cont_basic.p9 C:\Users\torsten\Documents\github\colore\ontologies\multidim_mereotopology_codi\theorems\conversions\codi_down_theoremst3-t5.p9 C:\Users\torsten\Documents\github\colore\ontologies\multidim_mereotopology_codi\theorems\conversions\codi_down_theoremst11.p9 C:\Users\torsten\Documents\github\colore\ontologies\multidim_mereotopology_codi\consistency\conversions\codi_updown_nontrivial.p9 C:\Users\torsten\Documents\github\colore\ontologies\multidim_mereotopology_codi\theorems\conversions\codi_down_theoremspo-e1.p9 C:\Users\torsten\Documents\github\colore\ontologies\multidim_mereotopology_codi\theorems\conversions\codi_down_theoremsep-e3.p9 C:\Users\torsten\Documents\github\colore\ontologies\multidim_mereotopology_dim\conversions\dim_prime_linear.p9 C:\Users\torsten\Documents\github\colore\ontologies\multidim_mereotopology_zex\conversions\zex.p9 C:\Users\torsten\Documents\github\colore\ontologies\multidim_mereotopology_codi\conversions\codi_int.p9 C:\Users\torsten\Documents\github\colore\ontologies\multidim_mereotopology_codi\definitions\conversions\ep.p9 C:\Users\torsten\Documents\github\colore\ontologies\multidim_mereotopology_dim\conversions\dim_prime_linear_unbounded.p9 C:\Users\torsten\Documents\github\colore\ontologies\multidim_mereotopology_dim\definitions\conversions\dim_basic_defs.p9 C:\Users\torsten\Documents\github\colore\ontologies\multidim_mereotopology_dim\definitions\conversions\eq_dim.p9 C:\Users\torsten\Documents\github\colore\ontologies\multidim_mereotopology_codi\conversions\codi_linear.p9 C:\Users\torsten\Documents\github\colore\ontologies\multidim_mereotopology_codi\theorems\conversions\codi_down_theoremsep-e1.p9"
Input read from 
============================ end of footer ===========================
