Hi Geoff, go and have some cold beer while I am trying to solve this very hard problem!
% remaining time: 5999 next slice time: 3
dis-4_5_bd=off:bs=off:ep=RST:fde=none:lcm=predicate:n=on:nicw=on:nwc=2:ptb=off:sio=off:spl=backtracking:ss=included:ssec=off:st=5:updr=off_3 on C:\Users\torsten\Documents\github\colore\ontologies\multidim_mereotopology_codi\consistency\conversions\codi_down_atomic_all_nontrivial.all
Time limit reached!
------------------------------
Version: Vampire 0.6 (revision 903)
Termination reason: Time limit

Active clauses: 911
Passive clauses: 2182
Generated clauses: 3853
Final active clauses: 889
Final passive clauses: 1190
Input formulas: 59
Initial clauses: 111

Selected by SInE selection: 59
SInE iterations: 1

Duplicate literals: 1
Fw subsumption resolutions: 200

Simple tautologies: 18
Forward subsumptions: 1163

Binary resolution: 3163
Factoring: 3

Backtracking splits: 325
Backtracking splits refuted: 17

Memory used: 1023KB
Time elapsed: 0.406 s
------------------------------
% remaining time: 5991 next slice time: 13
dis-1010_2_bs=off:ep=on:n=on:nwc=1.5:sgo=on:sp=occurrence:ss=included:sswn=on:sswsr=on:st=1.5_13 on C:\Users\torsten\Documents\github\colore\ontologies\multidim_mereotopology_codi\consistency\conversions\codi_down_atomic_all_nontrivial.all
Time limit reached!
------------------------------
Version: Vampire 0.6 (revision 903)
Termination reason: Time limit

Active clauses: 2242
Passive clauses: 7335
Generated clauses: 21378
Final active clauses: 2242
Final passive clauses: 4591
Input formulas: 59
Initial clauses: 110

Selected by SInE selection: 59
SInE iterations: 1

Duplicate literals: 905
Fw subsumption resolutions: 1364
Fw demodulations: 82

Simple tautologies: 561
Equational tautologies: 21
Forward subsumptions: 11629

Binary resolution: 11101
Factoring: 136
Forward superposition: 6765
Backward superposition: 938

Memory used: 2814KB
Time elapsed: 1.402 s
------------------------------
% remaining time: 5975 next slice time: 32
lrs+11_14_bd=off:bs=off:bsr=on:cond=on:drc=off:fde=none:fsr=off:gsp=input_only:lcm=reverse:n=on:nwc=10:ptb=off:sfv=off:sgo=on:sio=off:sos=on:sp=reverse_arity:spl=backtracking:ssec=off:stl=81_32 on C:\Users\torsten\Documents\github\colore\ontologies\multidim_mereotopology_codi\consistency\conversions\codi_down_atomic_all_nontrivial.all
Refutation not found with incomplete strategy!
------------------------------
Version: Vampire 0.6 (revision 903)
Termination reason: Refutation not found, incomplete strategy

Active clauses: 108
Final active clauses: 108
Input formulas: 59
Initial clauses: 108

Memory used: 255KB
Time elapsed: 0.008 s
------------------------------
% remaining time: 5975 next slice time: 95
dis+2_4_bs=off:ep=on:n=on:nicw=on:nwc=1.5:ptb=off:sac=on:sio=off:spl=backtracking:ssec=off_95 on C:\Users\torsten\Documents\github\colore\ontologies\multidim_mereotopology_codi\consistency\conversions\codi_down_atomic_all_nontrivial.all
============================= C:\Reasoning\vampire_win ================================
execution finished: Tue Apr 24 11:31:32 2018
total CPU time used: 0
The command was "C:\Reasoning\vampire_win --mode casc --proof tptp -t 600 --input_file C:\Users\torsten\Documents\github\colore\ontologies\multidim_mereotopology_codi\consistency\conversions\codi_down_atomic_all_nontrivial.all.tptp"
Input read from 
============================ end of footer ===========================
