Hi Geoff, go and have some cold beer while I am trying to solve this very hard problem!
% remaining time: 29999 next slice time: 3
dis-4_5_bd=off:bs=off:ep=RST:fde=none:lcm=predicate:nwc=2.0:nicw=on:ptb=off:ssec=off:ss=included:st=5.0:sio=off:spl=backtracking:updr=off_1 on unknown
Time limit reached!
------------------------------
Version: Vampire 0.6 (revision 903)
Termination reason: Time limit
Termination phase: Saturation

Active clauses: 4615
Passive clauses: 20359
Generated clauses: 52558
Input formulas: 79
Initial clauses: 152

Selected by SInE selection: 79
SInE iterations: 1

Duplicate literals: 209
Fw subsumption resolutions: 1707

Simple tautologies: 166
Forward subsumptions: 26801

Binary resolution: 46250
Factoring: 159

Backtracking splits: 3075
Backtracking splits refuted: 440
Backtracking splits refuted at zero level: 13

Memory used: 8955KB
Time elapsed: 0.400 s
------------------------------
% remaining time: 29995 next slice time: 13
dis-1010_2_bs=off:ep=on:nwc=1.5:sswn=on:sswsr=on:ss=included:st=1.5:sgo=on:sp=occurrence_9 on unknown
Time limit reached!
------------------------------
Version: Vampire 0.6 (revision 903)
Termination reason: Time limit
Termination phase: Saturation

Active clauses: 5390
Passive clauses: 36755
Generated clauses: 101530
Input formulas: 79
Initial clauses: 151

Selected by SInE selection: 79
SInE iterations: 1

Duplicate literals: 2718
Fw subsumption resolutions: 4831

Simple tautologies: 929
Equational tautologies: 22
Forward subsumptions: 57537

Binary resolution: 60878
Factoring: 389
Forward superposition: 21002
Backward superposition: 11690
Self superposition: 6

Memory used: 10874KB
Time elapsed: 1.400 s
------------------------------
% remaining time: 29981 next slice time: 32
lrs+11_14_bd=off:bs=off:bsr=on:cond=on:drc=off:fsr=off:fde=none:gsp=input_only:lcm=reverse:nwc=10:ptb=off:ssec=off:stl=60:sos=on:sgo=on:sio=off:spl=backtracking:sfv=off:sp=reverse_arity_23 on unknown
Refutation not found with incomplete strategy!
------------------------------
Version: Vampire 0.6 (revision 903)
Termination reason: Refutation not found, incomplete strategy

Active clauses: 149
Final active clauses: 149
Input formulas: 79
Initial clauses: 149

Memory used: 255KB
Time elapsed: 0.003 s
------------------------------
% remaining time: 29981 next slice time: 95
dis+2_4_bs=off:ep=on:nwc=1.5:nicw=on:ptb=off:ssec=off:sac=on:sio=off:spl=backtracking_70 on unknown
Aborted by signal SIGTERM on 
Aborted by signal SIGINT on 
------------------------------
Version: Vampire 0.6 (revision 903)
Termination reason: Unknown
Termination phase: Saturation

Active clauses: 10436
Passive clauses: 183018
Generated clauses: 582387
Input formulas: 79
Initial clauses: 151

Duplicate literals: 5444
Fw subsumption resolutions: 24544
Fw demodulations: 3394
Bw demodulations: 1322

Simple tautologies: 1860
Equational tautologies: 561
Forward subsumptions: 374288

Binary resolution: 539843
Factoring: 70
Forward superposition: 2722
Backward superposition: 1800

Backtracking splits: 744
Backtracking splits refuted: 65
Backtracking splits refuted at zero level: 4

Memory used: 93260KB
Time elapsed: 5.460 s
------------------------------
% Terminated by SIGINT!
% SZS status User for unknown
------------------------------
Version: Vampire 0.6 (revision 903)
Termination reason: Unknown
Termination phase: Unknown

Input formulas: 79

Memory used: 127KB
Time elapsed: 7.348 s
------------------------------
============================= vampire_lin32 ================================
execution finished: Tue Oct 08 16:56:25 2013
total CPU time used: 5
The command was "vampire_lin32 --mode casc --proof tptp -t 3000"
Input read from  /stl/torsten/git/macleod/qs/multidim_mereotopology_codi/consistency/conversions/point_region_all_nontrivial.all.tptp
============================ end of footer ===========================
