Hi Geoff, go and have some cold beer while I am trying to solve this very hard problem!
% remaining time: 9999 next slice time: 84
dis+10_10_bs=off:gsp=input_only:lcm=reverse:n=on:nicw=on:nwc=10:sgo=on:sswn=on_84 on D:\colore-testbed\ontologies\hydrologicflow\conversions\hydro_flow.all
Refutation not found with incomplete strategy!
------------------------------
Version: Vampire 0.6 (revision 903)
Termination reason: Refutation not found, incomplete strategy

Input formulas: 1

Pure predicates: 2

Memory used: 127KB
Time elapsed: 0.002 s
------------------------------
% remaining time: 9999 next slice time: 36
lrs+11_3:2_bs=unit_only:bsr=unit_only:cond=on:fsr=off:lcm=predicate:n=on:nwc=1.3:ptb=off:sac=on:spl=backtracking:ssec=off:stl=81_36 on D:\colore-testbed\ontologies\hydrologicflow\conversions\hydro_flow.all
Refutation not found!
------------------------------
Version: Vampire 0.6 (revision 903)
Termination reason: Satisfiable

Input formulas: 1

Pure predicates: 2

Memory used: 127KB
Time elapsed: 0.002 s
------------------------------
% remaining time: 9999 next slice time: 7
dis+10_24_bsr=unit_only:cond=fast:n=on:nwc=10:ptb=off:sgo=on:sio=off:sp=reverse_arity:spl=backtracking:spo=on:ssec=off:updr=off_7 on D:\colore-testbed\ontologies\hydrologicflow\conversions\hydro_flow.all
Refutation not found!
------------------------------
Version: Vampire 0.6 (revision 903)
Termination reason: Satisfiable

Active clauses: 1
Passive clauses: 1
Generated clauses: 1
Final active clauses: 1
Input formulas: 1
Initial clauses: 1

Memory used: 127KB
Time elapsed: 0.002 s
------------------------------
% remaining time: 9998 next slice time: 22
dis+4_10_bs=off:ep=on:n=on:nicw=on:ptb=off:sac=on:sio=off:spl=backtracking:ssec=off_22 on D:\colore-testbed\ontologies\hydrologicflow\conversions\hydro_flow.all
Refutation not found!
------------------------------
Version: Vampire 0.6 (revision 903)
Termination reason: Satisfiable

Input formulas: 1

Pure predicates: 2

Memory used: 127KB
Time elapsed: 0.002 s
------------------------------
% remaining time: 9998 next slice time: 10
dis-4_128_n=on:nwc=1.2:ptb=off:sac=on:sgo=on:sp=reverse_arity:ssec=off:swb=on_10 on D:\colore-testbed\ontologies\hydrologicflow\conversions\hydro_flow.all
Refutation not found!
------------------------------
Version: Vampire 0.6 (revision 903)
Termination reason: Satisfiable

Input formulas: 1

Pure predicates: 2

Memory used: 127KB
Time elapsed: 0.002 s
------------------------------
% remaining time: 9998 next slice time: 30
dis+1011_3_bs=off:cond=fast:gsp=input_only:lcm=predicate:n=on:nicw=on:nwc=1.5:sos=on:sp=reverse_arity:spo=on:ssec=off_30 on D:\colore-testbed\ontologies\hydrologicflow\conversions\hydro_flow.all
Refutation not found with incomplete strategy!
------------------------------
Version: Vampire 0.6 (revision 903)
Termination reason: Refutation not found, incomplete strategy

Input formulas: 1

Pure predicates: 2

Memory used: 127KB
Time elapsed: 0.001 s
------------------------------
% remaining time: 9997 next slice time: 10
dis+1002_32_fsr=off:lcm=predicate:n=on:nicw=on:nwc=1.1:ptb=off:sac=on:sagn=off:sgo=on:sio=off:sos=on:spl=backtracking:spo=on:ssec=off_10 on D:\colore-testbed\ontologies\hydrologicflow\conversions\hydro_flow.all
Refutation not found with incomplete strategy!
------------------------------
Version: Vampire 0.6 (revision 903)
Termination reason: Refutation not found, incomplete strategy

Input formulas: 1

Pure predicates: 2

Memory used: 127KB
Time elapsed: 0.002 s
------------------------------
% remaining time: 9997 next slice time: 77
dis+1011_128_bms=on:bsr=on:cond=on:fsr=off:lcm=reverse:n=on:nicw=on:nwc=4:sac=on:sio=off:sp=occurrence:sswn=on:sswsr=on:updr=off_77 on D:\colore-testbed\ontologies\hydrologicflow\conversions\hydro_flow.all
Refutation not found with incomplete strategy!
------------------------------
Version: Vampire 0.6 (revision 903)
Termination reason: Refutation not found, incomplete strategy

Active clauses: 1
Passive clauses: 1
Generated clauses: 1
Final active clauses: 1
Input formulas: 1
Initial clauses: 1

Unique components: 1

Memory used: 127KB
Time elapsed: 0.002 s
------------------------------
% remaining time: 9997 next slice time: 293
dis+1002_24_bs=off:cond=on:ecs=on:lcm=reverse:n=on:sp=reverse_arity:spo=on:ssec=off:updr=off_293 on D:\colore-testbed\ontologies\hydrologicflow\conversions\hydro_flow.all
Refutation not found with incomplete strategy!
------------------------------
Version: Vampire 0.6 (revision 903)
Termination reason: Refutation not found, incomplete strategy

Active clauses: 1
Passive clauses: 1
Generated clauses: 1
Final active clauses: 1
Input formulas: 1
Initial clauses: 1

Unique components: 1

Memory used: 127KB
Time elapsed: 0.001 s
------------------------------
% remaining time: 9996 next slice time: 44
dis+1002_128_bs=off:flr=on:gsp=input_only:lcm=predicate:n=on:nwc=1.1:ptb=off:sgo=on:spl=backtracking:ssec=off:updr=off_44 on D:\colore-testbed\ontologies\hydrologicflow\conversions\hydro_flow.all
Refutation not found with incomplete strategy!
------------------------------
Version: Vampire 0.6 (revision 903)
Termination reason: Refutation not found, incomplete strategy

Active clauses: 1
Passive clauses: 1
Generated clauses: 1
Final active clauses: 1
Input formulas: 1
Initial clauses: 1

Memory used: 127KB
Time elapsed: 0.002 s
------------------------------
% remaining time: 9996 next slice time: 200
dis+1004_5_bs=off:flr=on:lcm=predicate:n=on:nwc=5:ptb=off:sgo=on:sp=occurrence:ssec=off:swb=on_200 on D:\colore-testbed\ontologies\hydrologicflow\conversions\hydro_flow.all
Refutation not found with incomplete strategy!
------------------------------
Version: Vampire 0.6 (revision 903)
Termination reason: Refutation not found, incomplete strategy

Input formulas: 1

Pure predicates: 2

Memory used: 127KB
Time elapsed: 0.002 s
------------------------------
% remaining time: 9996 next slice time: 762
dis+2_28_bs=off:lcm=reverse:n=on:nicw=on:sac=on:sgo=on:sp=reverse_arity:spo=on:sswn=on:sswsr=on:updr=off_762 on D:\colore-testbed\ontologies\hydrologicflow\conversions\hydro_flow.all
Refutation not found with incomplete strategy!
------------------------------
Version: Vampire 0.6 (revision 903)
Termination reason: Refutation not found, incomplete strategy

Active clauses: 1
Passive clauses: 1
Generated clauses: 1
Final active clauses: 1
Input formulas: 1
Initial clauses: 1

Memory used: 127KB
Time elapsed: 0.002 s
------------------------------
% remaining time: 9995 next slice time: 596
lrs+1002_2:3_bs=off:bsr=on:gsp=input_only:n=on:ptb=off:sac=on:sagn=off:sio=off:sp=reverse_arity:spl=backtracking:ssec=off:stl=81_596 on D:\colore-testbed\ontologies\hydrologicflow\conversions\hydro_flow.all
Refutation not found with incomplete strategy!
------------------------------
Version: Vampire 0.6 (revision 903)
Termination reason: Refutation not found, incomplete strategy

Input formulas: 1

Pure predicates: 2

Memory used: 127KB
Time elapsed: 0.002 s
------------------------------
% remaining time: 9995 next slice time: 427
dis+10_128_bs=off:cond=on:fsr=off:gsp=input_only:lcm=reverse:n=on:nwc=3:ptb=off:sio=off:sos=on:sp=reverse_arity:spl=backtracking:spo=on:ssec=off_427 on D:\colore-testbed\ontologies\hydrologicflow\conversions\hydro_flow.all
Refutation not found with incomplete strategy!
------------------------------
Version: Vampire 0.6 (revision 903)
Termination reason: Refutation not found, incomplete strategy

Input formulas: 1

Pure predicates: 2

Memory used: 127KB
Time elapsed: 0.002 s
------------------------------
% remaining time: 9995 next slice time: 9995
User error: Backtracking splitting cannot be used unless all BDD related options are disabled
% remaining time: 9994 next slice time: 9994
dis+4_8_n=on_9994 on D:\colore-testbed\ontologies\hydrologicflow\conversions\hydro_flow.all
Refutation not found!
------------------------------
Version: Vampire 0.6 (revision 903)
Termination reason: Satisfiable

Input formulas: 1

Pure predicates: 2

Memory used: 127KB
Time elapsed: 0.002 s
------------------------------
% Proof not found in time 0.561 s
% SZS status GaveUp for D:\colore-testbed\ontologies\hydrologicflow\conversions\hydro_flow.all
============================= C:\Reasoning\vampire_win ================================
execution finished: Wed May 31 10:44:49 2017
total CPU time used: 0
The command was "C:\Reasoning\vampire_win --mode casc --proof tptp -t 1000 --input_file D:\colore-testbed\ontologies\hydrologicflow\conversions\hydro_flow.all.tptp"
Input read from 
============================ end of footer ===========================
