============================== Prover9 ===============================
Prover9 (64) version 2009-11A, November 2009.
Process 26089 was started by torsten on scotus.mie.utoronto.ca,
Wed Oct 24 22:19:11 2012
The command was "prover9 -t 600 -f oig/p9/woig.p9 oig/p9/b_3d.p9 ig/p9/ig.p9 ig/p9/ig_2d_lin.p9 ig/p9/ig_2d_slin.p9 ig/p9/ig_2d.p9 oig//theorems/p9/options.txt oig//theorems/p9/woig_theorems_5.p9".
============================== end of head ===========================

============================== INPUT =================================

% Reading from file oig/p9/woig.p9


formulas(sos).
(all a all b all c (B(a,b,c) -> Pt(a))).
(all a all b all c (B(a,b,c) -> Pt(b))).
(all a all b all c (B(a,b,c) -> Pt(c))).
end_of_list.

% Reading from file oig/p9/b_3d.p9


formulas(sos).
(all x (Pt(x) -> -L(x) & -Pl(x))).
(all x (L(x) -> -Pt(x) & -Pl(x))).
(all x (Pl(x) -> -Pt(x) & -L(x))).
(all x all y (on(x,y) -> Pt(x) & -Pt(y))).
(all a all b all c (B(a,b,c) -> B(c,b,a))).
(all a all b all c (B(a,b,c) -> -B(b,c,a))).
(all a all b all c all p (a != b & a != c & b != c & (exists l (L(l) & on(a,l) & on(b,l) & on(c,l))) <-> B(a,b,c) | B(b,c,a) | B(c,a,b))).
(all a all b all c all p all l (L(l) & on(a,l) & on(b,l) & on(c,l) & on(p,l) & p != a & p != b & p != c & B(a,p,b) -> B(b,p,c) & -B(a,p,c) | B(a,p,c) & -B(b,p,c))).
end_of_list.

% Reading from file ig/p9/ig.p9


formulas(sos).
(all x (Pt(x) -> -L(x) & -Pl(x))).
(all x (L(x) -> -Pt(x) & -Pl(x))).
(all x (Pl(x) -> -Pt(x) & -L(x))).
(all x (Pl(x) -> (exists p exists q exists r (p != q & p != r & q != r & Pt(p) & Pt(q) & Pt(r) & on(p,x) & on(q,x) & on(r,x) & (all l (L(l) -> -on(p,l) | -on(q,l) | -on(r,l))))))).
(all p all q all r (Pt(p) & Pt(q) & Pt(r) & (all l (L(l) -> -on(p,l) | -on(q,l) | -on(r,l))) -> (exists x (Pl(x) & on(p,x) & on(q,x) & on(r,x))))).
(all p all q all r all x all y (Pt(p) & Pt(q) & Pt(r) & (all l (L(l) -> -on(p,l) | -on(q,l) | -on(r,l))) & Pl(x) & on(p,x) & on(q,x) & on(r,x) & Pl(y) & on(p,y) & on(q,y) & on(r,y) -> x = y)).
(all p all q all l all x (Pt(p) & Pt(q) & p != q & L(l) & on(p,l) & on(q,l) & Pl(x) & on(p,x) & on(q,x) -> (all r (Pt(r) & on(r,l) -> on(r,x))))).
end_of_list.

% Reading from file ig/p9/ig_2d_lin.p9


formulas(sos).
(all x all y (Pt(x) & Pt(y) & x != y -> (exists z (L(z) & on(x,z) & on(y,z))))).
end_of_list.

% Reading from file ig/p9/ig_2d_slin.p9


formulas(sos).
(all l all m all x all y (x != y & L(l) & L(m) & on(x,l) & on(y,l) & on(x,m) & on(y,m) -> l = m)).
end_of_list.

% Reading from file ig/p9/ig_2d.p9


formulas(sos).
(all x all y (on(x,y) -> Pt(x) & -Pt(y))).
(all x (L(x) -> (exists y exists z (on(y,x) & on(z,x) & y != z)))).
end_of_list.

% Reading from file oig//theorems/p9/options.txt

clear(auto_denials).
clear(print_initial_clauses).
clear(print_kept).
clear(print_given).

% Reading from file oig//theorems/p9/woig_theorems_5.p9


formulas(goals).
(all a all b all x all y all l (L(l) & on(a,l) & on(b,l) & on(x,l) & on(y,l) & B(a,x,b) & B(a,y,b) & x != y -> B(a,x,y) | B(a,y,x))).
end_of_list.

============================== end of input ==========================

% From the command line: assign(max_seconds, 600).

============================== PROCESS NON-CLAUSAL FORMULAS ==========

% Formulas that are not ordinary clauses:
1 (all a all b all c (B(a,b,c) -> Pt(a))) # label(non_clause).  [assumption].
2 (all a all b all c (B(a,b,c) -> Pt(b))) # label(non_clause).  [assumption].
3 (all a all b all c (B(a,b,c) -> Pt(c))) # label(non_clause).  [assumption].
4 (all x (Pt(x) -> -L(x) & -Pl(x))) # label(non_clause).  [assumption].
5 (all x (L(x) -> -Pt(x) & -Pl(x))) # label(non_clause).  [assumption].
6 (all x (Pl(x) -> -Pt(x) & -L(x))) # label(non_clause).  [assumption].
7 (all x all y (on(x,y) -> Pt(x) & -Pt(y))) # label(non_clause).  [assumption].
8 (all a all b all c (B(a,b,c) -> B(c,b,a))) # label(non_clause).  [assumption].
9 (all a all b all c (B(a,b,c) -> -B(b,c,a))) # label(non_clause).  [assumption].
10 (all a all b all c all p (a != b & a != c & b != c & (exists l (L(l) & on(a,l) & on(b,l) & on(c,l))) <-> B(a,b,c) | B(b,c,a) | B(c,a,b))) # label(non_clause).  [assumption].
11 (all a all b all c all p all l (L(l) & on(a,l) & on(b,l) & on(c,l) & on(p,l) & p != a & p != b & p != c & B(a,p,b) -> B(b,p,c) & -B(a,p,c) | B(a,p,c) & -B(b,p,c))) # label(non_clause).  [assumption].
12 (all x (Pt(x) -> -L(x) & -Pl(x))) # label(non_clause).  [assumption].
13 (all x (L(x) -> -Pt(x) & -Pl(x))) # label(non_clause).  [assumption].
14 (all x (Pl(x) -> -Pt(x) & -L(x))) # label(non_clause).  [assumption].
15 (all x (Pl(x) -> (exists p exists q exists r (p != q & p != r & q != r & Pt(p) & Pt(q) & Pt(r) & on(p,x) & on(q,x) & on(r,x) & (all l (L(l) -> -on(p,l) | -on(q,l) | -on(r,l))))))) # label(non_clause).  [assumption].
16 (all p all q all r (Pt(p) & Pt(q) & Pt(r) & (all l (L(l) -> -on(p,l) | -on(q,l) | -on(r,l))) -> (exists x (Pl(x) & on(p,x) & on(q,x) & on(r,x))))) # label(non_clause).  [assumption].
17 (all p all q all r all x all y (Pt(p) & Pt(q) & Pt(r) & (all l (L(l) -> -on(p,l) | -on(q,l) | -on(r,l))) & Pl(x) & on(p,x) & on(q,x) & on(r,x) & Pl(y) & on(p,y) & on(q,y) & on(r,y) -> x = y)) # label(non_clause).  [assumption].
18 (all p all q all l all x (Pt(p) & Pt(q) & p != q & L(l) & on(p,l) & on(q,l) & Pl(x) & on(p,x) & on(q,x) -> (all r (Pt(r) & on(r,l) -> on(r,x))))) # label(non_clause).  [assumption].
19 (all x all y (Pt(x) & Pt(y) & x != y -> (exists z (L(z) & on(x,z) & on(y,z))))) # label(non_clause).  [assumption].
20 (all l all m all x all y (x != y & L(l) & L(m) & on(x,l) & on(y,l) & on(x,m) & on(y,m) -> l = m)) # label(non_clause).  [assumption].
21 (all x all y (on(x,y) -> Pt(x) & -Pt(y))) # label(non_clause).  [assumption].
22 (all x (L(x) -> (exists y exists z (on(y,x) & on(z,x) & y != z)))) # label(non_clause).  [assumption].
23 (all a all b all x all y all l (L(l) & on(a,l) & on(b,l) & on(x,l) & on(y,l) & B(a,x,b) & B(a,y,b) & x != y -> B(a,x,y) | B(a,y,x))) # label(non_clause) # label(goal).  [goal].

============================== end of process non-clausal formulas ===

============================== PROCESS INITIAL CLAUSES ===============

============================== PREDICATE ELIMINATION =================

No predicates eliminated.

============================== end predicate elimination =============

Term ordering decisions:
Predicate symbol precedence:  predicate_order([ =, Pt, Pl, L, on, B ]).
Function symbol precedence:  function_order([ c1, c2, c3, c4, c5, f8, f2, f3, f4, f9, f10, f5, f6, f1, f7 ]).
After inverse_order:  (no changes).
Unfolding symbols: (none).

Auto_inference settings:
  % set(paramodulation).  % (positive equality literals)
  % set(binary_resolution).  % (non-Horn)
  % set(neg_ur_resolution).  % (non-Horn, less than 100 clauses)

Auto_process settings:
  % set(factor).  % (non-Horn)
  % set(unit_deletion).  % (non-Horn)

============================== end of process initial clauses ========

============================== CLAUSES FOR SEARCH ====================

============================== end of clauses for search =============

============================== SEARCH ================================

% Starting search at 0.02 seconds.

============================== PROOF =================================

% Proof 1 at 7.28 (+ 0.01) seconds.
% Length of proof is 32.
% Level of proof is 5.
% Maximum clause weight is 35.000.
% Given clauses 215.

8 (all a all b all c (B(a,b,c) -> B(c,b,a))) # label(non_clause).  [assumption].
9 (all a all b all c (B(a,b,c) -> -B(b,c,a))) # label(non_clause).  [assumption].
10 (all a all b all c all p (a != b & a != c & b != c & (exists l (L(l) & on(a,l) & on(b,l) & on(c,l))) <-> B(a,b,c) | B(b,c,a) | B(c,a,b))) # label(non_clause).  [assumption].
11 (all a all b all c all p all l (L(l) & on(a,l) & on(b,l) & on(c,l) & on(p,l) & p != a & p != b & p != c & B(a,p,b) -> B(b,p,c) & -B(a,p,c) | B(a,p,c) & -B(b,p,c))) # label(non_clause).  [assumption].
23 (all a all b all x all y all l (L(l) & on(a,l) & on(b,l) & on(x,l) & on(y,l) & B(a,x,b) & B(a,y,b) & x != y -> B(a,x,y) | B(a,y,x))) # label(non_clause) # label(goal).  [goal].
32 -B(x,y,z) | B(z,y,x).  [clausify(8)].
33 -B(x,y,z) | -B(y,z,x).  [clausify(9)].
34 x = y | z = y | z = x | -L(u) | -on(y,u) | -on(x,u) | -on(z,u) | B(y,x,z) | B(x,z,y) | B(z,y,x).  [clausify(10)].
38 x != y | -B(y,z,x).  [clausify(10)].
40 x != y | -B(x,y,z).  [clausify(10)].
53 -L(x) | -on(y,x) | -on(z,x) | -on(u,x) | -on(w,x) | w = y | w = z | w = u | -B(y,w,z) | B(z,w,u) | B(y,w,u).  [clausify(11)].
93 L(c5).  [deny(23)].
94 on(c1,c5).  [deny(23)].
95 on(c2,c5).  [deny(23)].
96 on(c3,c5).  [deny(23)].
97 on(c4,c5).  [deny(23)].
98 B(c1,c3,c2).  [deny(23)].
99 B(c1,c4,c2).  [deny(23)].
100 c4 != c3.  [deny(23)].
101 -B(c1,c3,c4).  [deny(23)].
102 -B(c1,c4,c3).  [deny(23)].
162 c1 = x | y = x | c1 = y | -on(x,c5) | -on(y,c5) | B(x,c1,y) | B(c1,y,x) | B(y,x,c1).  [resolve(94,a,34,f),flip(c),unit_del(d,93)].
206 c3 != c1.  [resolve(98,a,40,b),flip(a)].
208 c2 != c1.  [resolve(98,a,38,b)].
211 B(c2,c3,c1).  [resolve(98,a,32,a)].
232 c4 != c1.  [resolve(99,a,40,b),flip(a)].
236 B(c2,c4,c1).  [resolve(99,a,32,a)].
242 -B(c3,c4,c1).  [ur(32,b,102,a)].
971 -B(c3,c1,c2).  [resolve(211,a,33,a)].
986 -B(c4,c1,c2).  [resolve(236,a,33,a)].
1112 -B(c4,c1,c3).  [ur(53,a,93,a,b,97,a,c,96,a,d,95,a,e,94,a,f,232,a(flip),g,206,a(flip),h,208,a(flip),j,971,a,k,986,a)].
1123 $F.  [ur(162,a,232,a(flip),b,100,a(flip),c,206,a(flip),e,96,a,f,1112,a,g,101,a,h,242,a),unit_del(a,97)].

============================== end of proof ==========================

============================== STATISTICS ============================

Given=215. Generated=4645. Kept=1099. proofs=1.
Usable=188. Sos=757. Demods=12. Limbo=0, Disabled=247. Hints=0.
Kept_by_rule=0, Deleted_by_rule=0.
Forward_subsumed=3545. Back_subsumed=11.
Sos_limit_deleted=0. Sos_displaced=0. Sos_removed=0.
New_demodulators=12 (0 lex), Back_demodulated=123. Back_unit_deleted=20.
Demod_attempts=43991. Demod_rewrites=4116.
Res_instance_prunes=0. Para_instance_prunes=0. Basic_paramod_prunes=0.
Nonunit_fsub_feature_tests=10908. Nonunit_bsub_feature_tests=10224.
Megabytes=1.52.
User_CPU=7.28, System_CPU=0.01, Wall_clock=7.

============================== end of statistics =====================

============================== end of search =========================

THEOREM PROVED

Exiting with 1 proof.

Process 26089 exit (max_proofs) Wed Oct 24 22:19:18 2012
