============================== Mace4 =================================
Mace4 (64) version 2009-11A, November 2009.
Process 24006 was started by torsten on stl-ws2,
Mon May 28 18:10:48 2012
The command was "mace4 -c -t 600 -s 60 -n 2 -N 20 -f inch/theorems/input/codi_down_C-E4_I-M8.p9 codi/conversions/codi_down_nodefs.p9 codi/conversions/C-E4.p9 zex/input/zex.p9 codi/definitions/input/ep.p9 inch/mappings/conversions/codi2inch.p9 inch/definitions/input/inch_I-M2.p9 inch/definitions/input/inch_I-M3.p9 inch/definitions/input/inch_I-M6.p9 codi/conversions/codi_linear_nodefs.p9 codi/definitions/input/epp.p9 codi/definitions/input/po.p9 cont/conversions/cont_basic.p9".
============================== end of head ===========================

============================== INPUT =================================

% Reading from file inch/theorems/input/codi_down_C-E4_I-M8.p9


formulas(sos).
(all x all y (P(x,y) -> CH(x,y))).
(all x all y (CH(x,y) -> P(x,y))).
end_of_list.

% Reading from file codi/conversions/codi_down_nodefs.p9


formulas(sos).
(all x all y (-C(x,y) -> ZEX(intersection(x,y)))).
(all x all y (-ZEX(intersection(x,y)) -> Cont(intersection(x,y),x))).
(all x all y all z (Cont(z,x) & Cont(z,y) -> z <= intersection(x,y))).
(all x all y all z (Cont(z,x) & Cont(z,y) & EqDim(z,intersection(x,y)) <-> P(z,intersection(x,y)))).
(all x all y (-ZEX(difference(x,y)) -> EqDim(x,difference(x,y)))).
(all x all y (y < x -> x = difference(x,y))).
(all x all y all z (x <= y & Cont(z,x) & intersection(z,y) < z -> Cont(z,difference(x,y)))).
(all x all y all z (x <= y & Cont(z,difference(x,y)) -> Cont(z,x))).
(all x all y all z (x <= y & P(z,difference(x,y)) -> intersection(z,y) < z)).
(all x all y (ZEX(difference(x,y)) <-> ZEX(x) | Cont(x,y))).
(all x all y (PP(x,y) -> (exists z (P(z,y) & -PO(z,x))))).
(all x all y (-ZEX(x) & -ZEX(y) & -P(y,x) & EqDim(x,y) & PO(x,y) & -PP(y,x) -> (exists z (P(z,y) & -PO(z,x))))).
(all x all y (-ZEX(x) & -ZEX(y) & -P(y,x) & EqDim(x,y) & -PO(x,y) -> (exists z (P(z,y) & -PO(z,x))))).
(all x all y (-ZEX(x) & -ZEX(y) & -P(y,x) & -EqDim(x,y) -> (exists z (P(z,y) & -PO(z,x))))).
(all x all y ((all z (PO(z,x) <-> PO(z,y))) -> x = y)).
(all x all y (PO(x,y) <-> INCH(x,y) & INCH(y,x))).
(all x all y (CH(x,y) <-> INCH(x,y) & (all z (PO(x,z) -> PO(y,z))))).
end_of_list.

% Reading from file codi/conversions/C-E4.p9


formulas(sos).
(all x all y (x <= y -> ZEX(x) | (exists z exists v exists w (P(v,x) & Cont(v,z) & P(w,z) & Cont(w,y))))).
(all x all y (x < y -> ZEX(x) | (exists z exists v exists w (P(v,x) & Cont(v,z) & P(w,z) & Cont(w,y))))).
(all x all y (EqDim(x,y) -> ZEX(x) | (exists z exists v exists w (P(v,x) & Cont(v,z) & P(w,z) & Cont(w,y))))).
end_of_list.

% Reading from file zex/input/zex.p9


formulas(sos).
(exists x ZEX(x)).
end_of_list.

% Reading from file codi/definitions/input/ep.p9


formulas(sos).
(all x all y (P(x,y) <-> Cont(x,y) & EqDim(x,y))).
end_of_list.

% Reading from file inch/mappings/conversions/codi2inch.p9


formulas(sos).
(all x all y (INCH(x,y) <-> (exists z (Cont(z,x) & Cont(z,y) & EqDim(z,y))))).
end_of_list.

% Reading from file inch/definitions/input/inch_I-M2.p9


formulas(sos).
(all x (ZEX(x) <-> ZEXI(x))).
end_of_list.

% Reading from file inch/definitions/input/inch_I-M3.p9


formulas(sos).
(all x all y (GED(y,x) <-> x <= y)).
end_of_list.

% Reading from file inch/definitions/input/inch_I-M6.p9


formulas(sos).
(all x all y (PO(x,y) <-> OV(x,y))).
(all x all y (PO(x,y) <-> INCH(x,y) & INCH(y,x))).
end_of_list.

% Reading from file codi/conversions/codi_linear_nodefs.p9


formulas(sos).
(all x all y (Cont(x,y) -> x < y | EqDim(x,y))).
(all x -(x < x)).
(all x all y (x < y -> -(y < x))).
(all x all y all z (x < y & y <= z -> x < z)).
(all x all y all z (x <= y & y <= z -> x <= z)).
(all x all y (ZEX(x) & ZEX(y) -> x = y)).
(all x all y (ZEX(x) & -ZEX(y) -> x < y)).
(exists x MinDim(x)).
(all x all y (EqDim(x,y) <-> -(x < y) & -(y < x))).
(all x all y (x <= y <-> x < y | EqDim(x,y))).
(all x (MinDim(x) <-> -ZEX(x) & (all y (y < x -> ZEX(y))))).
end_of_list.

% Reading from file codi/definitions/input/epp.p9


formulas(sos).
(all x all y (PP(x,y) <-> P(x,y) & x != y)).
end_of_list.

% Reading from file codi/definitions/input/po.p9


formulas(sos).
(all x all y (PO(x,y) <-> (exists z (P(z,x) & P(z,y))))).
end_of_list.

% Reading from file cont/conversions/cont_basic.p9


formulas(sos).
(all x (-ZEX(x) <-> Cont(x,x))).
(all x all y (Cont(x,y) & Cont(y,x) -> x = y)).
(all x all y all z (Cont(x,y) & Cont(y,z) -> Cont(x,z))).
(all x all y (ZEX(x) -> -Cont(y,x) & -Cont(x,y))).
(all x all y (ZEX(x) & ZEX(y) -> x = y)).
end_of_list.

% From the command line: assign(max_seconds, 600).

% From the command line: assign(max_seconds_per, 60).
    % assign(domain_size, 2) -> assign(start_size, 2).
    % assign(domain_size, 2) -> assign(end_size, 2).

% From the command line: assign(domain_size, 2).

% From the command line: assign(end_size, 20).

============================== end of input ==========================

============================== PROCESS NON-CLAUSAL FORMULAS ==========

% Formulas that are not ordinary clauses:
1 (all x all y (P(x,y) -> CH(x,y))) # label(non_clause).  [assumption].
2 (all x all y (CH(x,y) -> P(x,y))) # label(non_clause).  [assumption].
3 (all x all y (-C(x,y) -> ZEX(intersection(x,y)))) # label(non_clause).  [assumption].
4 (all x all y (-ZEX(intersection(x,y)) -> Cont(intersection(x,y),x))) # label(non_clause).  [assumption].
5 (all x all y all z (Cont(z,x) & Cont(z,y) -> z <= intersection(x,y))) # label(non_clause).  [assumption].
6 (all x all y all z (Cont(z,x) & Cont(z,y) & EqDim(z,intersection(x,y)) <-> P(z,intersection(x,y)))) # label(non_clause).  [assumption].
7 (all x all y (-ZEX(difference(x,y)) -> EqDim(x,difference(x,y)))) # label(non_clause).  [assumption].
8 (all x all y (y < x -> x = difference(x,y))) # label(non_clause).  [assumption].
9 (all x all y all z (x <= y & Cont(z,x) & intersection(z,y) < z -> Cont(z,difference(x,y)))) # label(non_clause).  [assumption].
10 (all x all y all z (x <= y & Cont(z,difference(x,y)) -> Cont(z,x))) # label(non_clause).  [assumption].
11 (all x all y all z (x <= y & P(z,difference(x,y)) -> intersection(z,y) < z)) # label(non_clause).  [assumption].
12 (all x all y (ZEX(difference(x,y)) <-> ZEX(x) | Cont(x,y))) # label(non_clause).  [assumption].
13 (all x all y (PP(x,y) -> (exists z (P(z,y) & -PO(z,x))))) # label(non_clause).  [assumption].
14 (all x all y (-ZEX(x) & -ZEX(y) & -P(y,x) & EqDim(x,y) & PO(x,y) & -PP(y,x) -> (exists z (P(z,y) & -PO(z,x))))) # label(non_clause).  [assumption].
15 (all x all y (-ZEX(x) & -ZEX(y) & -P(y,x) & EqDim(x,y) & -PO(x,y) -> (exists z (P(z,y) & -PO(z,x))))) # label(non_clause).  [assumption].
16 (all x all y (-ZEX(x) & -ZEX(y) & -P(y,x) & -EqDim(x,y) -> (exists z (P(z,y) & -PO(z,x))))) # label(non_clause).  [assumption].
17 (all x all y ((all z (PO(z,x) <-> PO(z,y))) -> x = y)) # label(non_clause).  [assumption].
18 (all x all y (PO(x,y) <-> INCH(x,y) & INCH(y,x))) # label(non_clause).  [assumption].
19 (all x all y (CH(x,y) <-> INCH(x,y) & (all z (PO(x,z) -> PO(y,z))))) # label(non_clause).  [assumption].
20 (all x all y (x <= y -> ZEX(x) | (exists z exists v exists w (P(v,x) & Cont(v,z) & P(w,z) & Cont(w,y))))) # label(non_clause).  [assumption].
21 (all x all y (x < y -> ZEX(x) | (exists z exists v exists w (P(v,x) & Cont(v,z) & P(w,z) & Cont(w,y))))) # label(non_clause).  [assumption].
22 (all x all y (EqDim(x,y) -> ZEX(x) | (exists z exists v exists w (P(v,x) & Cont(v,z) & P(w,z) & Cont(w,y))))) # label(non_clause).  [assumption].
23 (exists x ZEX(x)) # label(non_clause).  [assumption].
24 (all x all y (P(x,y) <-> Cont(x,y) & EqDim(x,y))) # label(non_clause).  [assumption].
25 (all x all y (INCH(x,y) <-> (exists z (Cont(z,x) & Cont(z,y) & EqDim(z,y))))) # label(non_clause).  [assumption].
26 (all x (ZEX(x) <-> ZEXI(x))) # label(non_clause).  [assumption].
27 (all x all y (GED(y,x) <-> x <= y)) # label(non_clause).  [assumption].
28 (all x all y (PO(x,y) <-> OV(x,y))) # label(non_clause).  [assumption].
29 (all x all y (PO(x,y) <-> INCH(x,y) & INCH(y,x))) # label(non_clause).  [assumption].
30 (all x all y (Cont(x,y) -> x < y | EqDim(x,y))) # label(non_clause).  [assumption].
31 (all x -(x < x)) # label(non_clause).  [assumption].
32 (all x all y (x < y -> -(y < x))) # label(non_clause).  [assumption].
33 (all x all y all z (x < y & y <= z -> x < z)) # label(non_clause).  [assumption].
34 (all x all y all z (x <= y & y <= z -> x <= z)) # label(non_clause).  [assumption].
35 (all x all y (ZEX(x) & ZEX(y) -> x = y)) # label(non_clause).  [assumption].
36 (all x all y (ZEX(x) & -ZEX(y) -> x < y)) # label(non_clause).  [assumption].
37 (exists x MinDim(x)) # label(non_clause).  [assumption].
38 (all x all y (EqDim(x,y) <-> -(x < y) & -(y < x))) # label(non_clause).  [assumption].
39 (all x all y (x <= y <-> x < y | EqDim(x,y))) # label(non_clause).  [assumption].
40 (all x (MinDim(x) <-> -ZEX(x) & (all y (y < x -> ZEX(y))))) # label(non_clause).  [assumption].
41 (all x all y (PP(x,y) <-> P(x,y) & x != y)) # label(non_clause).  [assumption].
42 (all x all y (PO(x,y) <-> (exists z (P(z,x) & P(z,y))))) # label(non_clause).  [assumption].
43 (all x (-ZEX(x) <-> Cont(x,x))) # label(non_clause).  [assumption].
44 (all x all y (Cont(x,y) & Cont(y,x) -> x = y)) # label(non_clause).  [assumption].
45 (all x all y all z (Cont(x,y) & Cont(y,z) -> Cont(x,z))) # label(non_clause).  [assumption].
46 (all x all y (ZEX(x) -> -Cont(y,x) & -Cont(x,y))) # label(non_clause).  [assumption].
47 (all x all y (ZEX(x) & ZEX(y) -> x = y)) # label(non_clause).  [assumption].

============================== end of process non-clausal formulas ===

============================== CLAUSES FOR SEARCH ====================

formulas(mace4_clauses).
-P(x,y) | CH(x,y).
-CH(x,y) | P(x,y).
C(x,y) | ZEX(intersection(x,y)).
ZEX(intersection(x,y)) | Cont(intersection(x,y),x).
-Cont(x,y) | -Cont(x,z) | x <= intersection(y,z).
-Cont(x,y) | -Cont(x,z) | -EqDim(x,intersection(y,z)) | P(x,intersection(y,z)).
Cont(x,y) | -P(x,intersection(y,z)).
Cont(x,y) | -P(x,intersection(z,y)).
EqDim(x,intersection(y,z)) | -P(x,intersection(y,z)).
ZEX(difference(x,y)) | EqDim(x,difference(x,y)).
-(x < y) | difference(y,x) = y.
-(x <= y) | -Cont(z,x) | -(intersection(z,y) < z) | Cont(z,difference(x,y)).
-(x <= y) | -Cont(z,difference(x,y)) | Cont(z,x).
-(x <= y) | -P(z,difference(x,y)) | intersection(z,y) < z.
-ZEX(difference(x,y)) | ZEX(x) | Cont(x,y).
ZEX(difference(x,y)) | -ZEX(x).
ZEX(difference(x,y)) | -Cont(x,y).
-PP(x,y) | P(f1(x,y),y).
-PP(x,y) | -PO(f1(x,y),x).
ZEX(x) | ZEX(y) | P(y,x) | -EqDim(x,y) | -PO(x,y) | PP(y,x) | P(f2(x,y),y).
ZEX(x) | ZEX(y) | P(y,x) | -EqDim(x,y) | -PO(x,y) | PP(y,x) | -PO(f2(x,y),x).
ZEX(x) | ZEX(y) | P(y,x) | -EqDim(x,y) | PO(x,y) | P(f3(x,y),y).
ZEX(x) | ZEX(y) | P(y,x) | -EqDim(x,y) | PO(x,y) | -PO(f3(x,y),x).
ZEX(x) | ZEX(y) | P(y,x) | EqDim(x,y) | P(f4(x,y),y).
ZEX(x) | ZEX(y) | P(y,x) | EqDim(x,y) | -PO(f4(x,y),x).
PO(f5(x,y),x) | PO(f5(x,y),y) | y = x.
-PO(f5(x,y),x) | -PO(f5(x,y),y) | y = x.
-PO(x,y) | INCH(x,y).
-PO(x,y) | INCH(y,x).
PO(x,y) | -INCH(x,y) | -INCH(y,x).
-CH(x,y) | INCH(x,y).
-CH(x,y) | -PO(x,z) | PO(y,z).
CH(x,y) | -INCH(x,y) | PO(x,f6(x,y)).
CH(x,y) | -INCH(x,y) | -PO(y,f6(x,y)).
-(x <= y) | ZEX(x) | P(f8(x,y),x).
-(x <= y) | ZEX(x) | Cont(f8(x,y),f7(x,y)).
-(x <= y) | ZEX(x) | P(f9(x,y),f7(x,y)).
-(x <= y) | ZEX(x) | Cont(f9(x,y),y).
-(x < y) | ZEX(x) | P(f11(x,y),x).
-(x < y) | ZEX(x) | Cont(f11(x,y),f10(x,y)).
-(x < y) | ZEX(x) | P(f12(x,y),f10(x,y)).
-(x < y) | ZEX(x) | Cont(f12(x,y),y).
-EqDim(x,y) | ZEX(x) | P(f14(x,y),x).
-EqDim(x,y) | ZEX(x) | Cont(f14(x,y),f13(x,y)).
-EqDim(x,y) | ZEX(x) | P(f15(x,y),f13(x,y)).
-EqDim(x,y) | ZEX(x) | Cont(f15(x,y),y).
ZEX(c1).
-P(x,y) | Cont(x,y).
-P(x,y) | EqDim(x,y).
P(x,y) | -Cont(x,y) | -EqDim(x,y).
-INCH(x,y) | Cont(f16(x,y),x).
-INCH(x,y) | Cont(f16(x,y),y).
-INCH(x,y) | EqDim(f16(x,y),y).
INCH(x,y) | -Cont(z,x) | -Cont(z,y) | -EqDim(z,y).
-ZEX(x) | ZEXI(x).
ZEX(x) | -ZEXI(x).
-GED(x,y) | y <= x.
GED(x,y) | -(y <= x).
-PO(x,y) | OV(x,y).
PO(x,y) | -OV(x,y).
-PO(x,y) | INCH(x,y).
-PO(x,y) | INCH(y,x).
PO(x,y) | -INCH(x,y) | -INCH(y,x).
-Cont(x,y) | x < y | EqDim(x,y).
-(x < x).
-(x < y) | -(y < x).
-(x < y) | -(y <= z) | x < z.
-(x <= y) | -(y <= z) | x <= z.
-ZEX(x) | -ZEX(y) | y = x.
-ZEX(x) | ZEX(y) | x < y.
MinDim(c2).
-EqDim(x,y) | -(x < y).
-EqDim(x,y) | -(y < x).
EqDim(x,y) | x < y | y < x.
-(x <= y) | x < y | EqDim(x,y).
x <= y | -(x < y).
x <= y | -EqDim(x,y).
-MinDim(x) | -ZEX(x).
-MinDim(x) | -(y < x) | ZEX(y).
MinDim(x) | ZEX(x) | f17(x) < x.
MinDim(x) | ZEX(x) | -ZEX(f17(x)).
-PP(x,y) | P(x,y).
-PP(x,y) | y != x.
PP(x,y) | -P(x,y) | y = x.
-PO(x,y) | P(f18(x,y),x).
-PO(x,y) | P(f18(x,y),y).
PO(x,y) | -P(z,x) | -P(z,y).
ZEX(x) | Cont(x,x).
-ZEX(x) | -Cont(x,x).
-Cont(x,y) | -Cont(y,x) | y = x.
-Cont(x,y) | -Cont(y,z) | Cont(x,z).
-ZEX(x) | -Cont(y,x).
-ZEX(x) | -Cont(x,y).
-ZEX(x) | -ZEX(y) | y = x.
end_of_list.

============================== end of clauses for search =============

% There are no natural numbers in the input.

============================== DOMAIN SIZE 2 =========================

============================== MODEL =================================

interpretation( 2, [number=1, seconds=0], [

        function(c1, [ 0 ]),

        function(c2, [ 1 ]),

        function(f17(_), [ 0, 0 ]),

        function(difference(_,_), [
			   0, 0,
			   1, 0 ]),

        function(intersection(_,_), [
			   0, 0,
			   0, 1 ]),

        function(f1(_,_), [
			   0, 0,
			   0, 0 ]),

        function(f2(_,_), [
			   0, 0,
			   0, 0 ]),

        function(f3(_,_), [
			   0, 0,
			   0, 0 ]),

        function(f4(_,_), [
			   0, 0,
			   0, 0 ]),

        function(f5(_,_), [
			   0, 1,
			   1, 0 ]),

        function(f6(_,_), [
			   0, 0,
			   0, 0 ]),

        function(f7(_,_), [
			   0, 0,
			   0, 1 ]),

        function(f8(_,_), [
			   0, 0,
			   0, 1 ]),

        function(f9(_,_), [
			   0, 0,
			   0, 1 ]),

        function(f10(_,_), [
			   0, 0,
			   0, 0 ]),

        function(f11(_,_), [
			   0, 0,
			   0, 0 ]),

        function(f12(_,_), [
			   0, 0,
			   0, 0 ]),

        function(f13(_,_), [
			   0, 0,
			   0, 1 ]),

        function(f14(_,_), [
			   0, 0,
			   0, 1 ]),

        function(f15(_,_), [
			   0, 0,
			   0, 1 ]),

        function(f16(_,_), [
			   0, 0,
			   0, 1 ]),

        function(f18(_,_), [
			   0, 0,
			   0, 1 ]),

        relation(MinDim(_), [ 0, 1 ]),

        relation(ZEX(_), [ 1, 0 ]),

        relation(ZEXI(_), [ 1, 0 ]),

        relation(<(_,_), [
			   0, 1,
			   0, 0 ]),

        relation(<=(_,_), [
			   1, 1,
			   0, 1 ]),

        relation(C(_,_), [
			   0, 0,
			   0, 1 ]),

        relation(CH(_,_), [
			   0, 0,
			   0, 1 ]),

        relation(Cont(_,_), [
			   0, 0,
			   0, 1 ]),

        relation(EqDim(_,_), [
			   1, 0,
			   0, 1 ]),

        relation(GED(_,_), [
			   1, 0,
			   1, 1 ]),

        relation(INCH(_,_), [
			   0, 0,
			   0, 1 ]),

        relation(OV(_,_), [
			   0, 0,
			   0, 1 ]),

        relation(P(_,_), [
			   0, 0,
			   0, 1 ]),

        relation(PO(_,_), [
			   0, 0,
			   0, 1 ]),

        relation(PP(_,_), [
			   0, 0,
			   0, 0 ])
]).

============================== end of model ==========================

============================== STATISTICS ============================

For domain size 2.

Current CPU time: 0.00 seconds (total CPU time: 0.01 seconds).
Ground clauses: seen=410, kept=380.
Selections=66, assignments=68, propagations=77, current_models=1.
Rewrite_terms=287, rewrite_bools=618, indexes=36.
Rules_from_neg_clauses=18, cross_offs=18.

============================== end of statistics =====================

User_CPU=0.01, System_CPU=0.00, Wall_clock=0.

Exiting with 1 model.

Process 24006 exit (max_models) Mon May 28 18:10:48 2012
The process finished Mon May 28 18:10:48 2012
