============================== Prover9 ===============================
Prover9 (64) version 2009-11A, November 2009.
Process 17556 was started by torsten on stl-ws2,
Tue Oct 23 21:43:29 2012
The command was "prover9 -t 600 -f codib/p9/codi_bcont_U-A1.p9 codib/p9/codi_bcont.p9 codi/p9/codi.p9 codi//defs/p9/min_max_in_dim.p9 codi//defs/p9/po.p9 codi//defs/p9/inc.p9 codi//defs/p9/sc.p9 codi//theorems/p9/po_theorems.p9 codi//theorems/p9/inc_theorems.p9 codi//theorems/p9/sc_theorems.p9 codi/p9/codi_linear.p9 cont/p9/cont_c.p9 codi//defs/p9/ep.p9 codi//defs/p9/epp.p9 codi/p9/codi_basic.p9 dim/p9/dim_prime_linear.p9 cont/p9/cont_basic.p9 dim/p9/dim_basic.p9 cont/p9/cont_ext.p9 dim/p9/dim_prime_linear_unbounded.p9 codib//theorems/p9/options.txt codib//theorems/p9/codi_bcont_U-A1_theorems_1.p9".
============================== end of head ===========================

============================== INPUT =================================

% Reading from file codib/p9/codi_bcont_U-A1.p9


formulas(sos).
(all x (-ZEX(x) -> Cont(x,Uni))).
end_of_list.

% Reading from file codib/p9/codi_bcont.p9


formulas(sos).
(all x all y (BCont(x,y) -> Cont(x,y) & Inc(x,y))).
(all x all y all v all z (SC(x,y) & Min(x) & P(x,v) & Cont(y,v) & Cont(z,x) & Cont(z,y) -> BCont(z,x))).
(all x all y all z all v (SC(x,y) & P(x,v) & P(y,v) & Cont(z,x) & Cont(z,y) & Covers(v,z) -> -BCont(z,v))).
(all x all y all z (BCont(x,y) & P(y,z) & (all v all w (P(v,z) & -PO(v,y) & P(w,x) -> -Cont(w,v))) -> BCont(x,z))).
(all x all y all z (BCont(x,y) & Cont(z,x) -> BCont(z,y))).
end_of_list.

% Reading from file codi/p9/codi.p9


formulas(sos).
end_of_list.

% Reading from file codi//defs/p9/min_max_in_dim.p9


formulas(sos).
(all x (Max(x) <-> -ZEX(x) & (all y -PP(x,y)))).
(all x (Min(x) <-> -ZEX(x) & (all y -PP(y,x)))).
end_of_list.

% Reading from file codi//defs/p9/po.p9


formulas(sos).
(all x all y (PO(x,y) <-> (exists z (P(z,x) & P(z,y))))).
end_of_list.

% Reading from file codi//defs/p9/inc.p9


formulas(sos).
(all x all y (Inc(x,y) <-> (exists z (z < x & Cont(z,x) & P(z,y))) | (exists z (z < y & Cont(z,y) & P(z,x))))).
end_of_list.

% Reading from file codi//defs/p9/sc.p9


formulas(sos).
(all x all y (SC(x,y) <-> (exists z (Cont(z,x) & Cont(z,y))) & (all z (Cont(z,x) & Cont(z,y) -> z < x & z < y)))).
end_of_list.

% Reading from file codi//theorems/p9/po_theorems.p9


formulas(sos).
(all x (-ZEX(x) -> PO(x,x))).
(all x all y (PO(x,y) -> PO(y,x))).
(all x all y (PO(x,y) -> EqDim(x,y))).
end_of_list.

% Reading from file codi//theorems/p9/inc_theorems.p9


formulas(sos).
(all x -Inc(x,x)).
(all x all y (Inc(x,y) -> Inc(y,x))).
(all x all y (EqDim(x,y) -> -Inc(x,y))).
(all x all y (Inc(x,y) -> x < y | y < x)).
(all x all y (Cont(x,y) & x < y -> Inc(x,y))).
(all x all y all z (Inc(x,y) & P(y,z) -> Inc(x,z))).
end_of_list.

% Reading from file codi//theorems/p9/sc_theorems.p9


formulas(sos).
(all x all y (SC(x,y) -> C(x,y))).
(all x all y (SC(x,y) -> -(exists z (Cont(z,x) & P(z,y))))).
(all x all y (SC(x,y) -> -(exists z (P(z,x) & Cont(z,y))))).
(all x all y (C(x,y) & (all z (-Cont(z,x) | -Cont(z,y) | -P(z,x) & -P(z,y))) -> SC(x,y))).
(all x -SC(x,x)).
(all x all y (SC(x,y) -> SC(y,x))).
(all x all y (SC(x,y) -> (exists z (z < x & z < y & Cont(z,x) & Cont(z,y))))).
end_of_list.

% Reading from file codi/p9/codi_linear.p9


formulas(sos).
(all x all y (Cont(x,y) -> x < y | EqDim(x,y))).
end_of_list.

% Reading from file cont/p9/cont_c.p9


formulas(sos).
(all x all y (C(x,y) <-> (exists z (Cont(z,x) & Cont(z,y))))).
end_of_list.

% Reading from file codi//defs/p9/ep.p9


formulas(sos).
(all x all y (P(x,y) <-> Cont(x,y) & EqDim(x,y))).
end_of_list.

% Reading from file codi//defs/p9/epp.p9


formulas(sos).
(all x all y (PP(x,y) <-> P(x,y) & x != y)).
end_of_list.

% Reading from file codi/p9/codi_basic.p9


formulas(sos).
(all x all y (Cont(x,y) -> x < y | EqDim(x,y))).
end_of_list.

% Reading from file dim/p9/dim_prime_linear.p9


formulas(sos).
(exists x MinDim(x)).
end_of_list.

% Reading from file cont/p9/cont_basic.p9


formulas(sos).
(all x (-ZEX(x) <-> Cont(x,x))).
(all x all y (Cont(x,y) & Cont(y,x) -> x = y)).
(all x all y all z (Cont(x,y) & Cont(y,z) -> Cont(x,z))).
(all x all y (ZEX(x) -> -Cont(y,x) & -Cont(x,y))).
(all x all y (ZEX(x) & ZEX(y) -> x = y)).
end_of_list.

% Reading from file dim/p9/dim_basic.p9


formulas(sos).
(all x -(x < x)).
(all x all y (x < y -> -(y < x))).
(all x all y all z (x < y & y < z -> x < z)).
(all x EqDim(x,x)).
(all x all y (EqDim(x,y) -> EqDim(y,x))).
(all x all y all z (EqDim(x,y) & EqDim(y,z) -> EqDim(x,z))).
(all x all y (x < y -> -EqDim(x,y))).
(all x all y all z (EqDim(x,y) -> (z < x -> z < y))).
(all x all y all z (EqDim(x,y) -> (x < z -> y < z))).
(exists x (-ZEX(x) & (all y (y < x -> ZEX(y))))).
(all x all y (ZEX(x) & ZEX(y) -> x = y)).
(all x all y (ZEX(x) & -ZEX(y) -> x < y)).
end_of_list.

% Reading from file cont/p9/cont_ext.p9


formulas(sos).
(all x all y ((all z (Cont(z,x) <-> Cont(z,y))) -> x = y)).
end_of_list.

% Reading from file dim/p9/dim_prime_linear_unbounded.p9


formulas(sos).
(all x -(x < x)).
(all x all y (x < y -> -(y < x))).
(all x all y all z (x < y & y <= z -> x < z)).
(all x all y (ZEX(x) & ZEX(y) -> x = y)).
(all x all y (ZEX(x) & -ZEX(y) -> x < y)).
(all x all y (EqDim(x,y) <-> -(x < y) & -(y < x))).
(all x all y (x <= y <-> x < y | EqDim(x,y))).
(all x (MaxDim(x) <-> (all y y <= x))).
(all x (MinDim(x) <-> -ZEX(x) & (all y (y < x -> ZEX(y))))).
(all x all y (Covers(x,y) <-> y < x & (all z -(y < z & z < x)))).
end_of_list.

% Reading from file codib//theorems/p9/options.txt

clear(auto_denials).
clear(print_initial_clauses).
clear(print_kept).
clear(print_given).

% Reading from file codib//theorems/p9/codi_bcont_U-A1_theorems_1.p9


formulas(goals).
(all x all y all z (SC(x,y) & Min(x) & MaxDim(x) & Cont(z,x) & Cont(z,y) -> BCont(z,x))).
end_of_list.

============================== end of input ==========================

% From the command line: assign(max_seconds, 600).

============================== PROCESS NON-CLAUSAL FORMULAS ==========

% Formulas that are not ordinary clauses:
1 (all x (-ZEX(x) -> Cont(x,Uni))) # label(non_clause).  [assumption].
2 (all x all y (BCont(x,y) -> Cont(x,y) & Inc(x,y))) # label(non_clause).  [assumption].
3 (all x all y all v all z (SC(x,y) & Min(x) & P(x,v) & Cont(y,v) & Cont(z,x) & Cont(z,y) -> BCont(z,x))) # label(non_clause).  [assumption].
4 (all x all y all z all v (SC(x,y) & P(x,v) & P(y,v) & Cont(z,x) & Cont(z,y) & Covers(v,z) -> -BCont(z,v))) # label(non_clause).  [assumption].
5 (all x all y all z (BCont(x,y) & P(y,z) & (all v all w (P(v,z) & -PO(v,y) & P(w,x) -> -Cont(w,v))) -> BCont(x,z))) # label(non_clause).  [assumption].
6 (all x all y all z (BCont(x,y) & Cont(z,x) -> BCont(z,y))) # label(non_clause).  [assumption].
7 (all x (Max(x) <-> -ZEX(x) & (all y -PP(x,y)))) # label(non_clause).  [assumption].
8 (all x (Min(x) <-> -ZEX(x) & (all y -PP(y,x)))) # label(non_clause).  [assumption].
9 (all x all y (PO(x,y) <-> (exists z (P(z,x) & P(z,y))))) # label(non_clause).  [assumption].
10 (all x all y (Inc(x,y) <-> (exists z (z < x & Cont(z,x) & P(z,y))) | (exists z (z < y & Cont(z,y) & P(z,x))))) # label(non_clause).  [assumption].
11 (all x all y (SC(x,y) <-> (exists z (Cont(z,x) & Cont(z,y))) & (all z (Cont(z,x) & Cont(z,y) -> z < x & z < y)))) # label(non_clause).  [assumption].
12 (all x (-ZEX(x) -> PO(x,x))) # label(non_clause).  [assumption].
13 (all x all y (PO(x,y) -> PO(y,x))) # label(non_clause).  [assumption].
14 (all x all y (PO(x,y) -> EqDim(x,y))) # label(non_clause).  [assumption].
15 (all x -Inc(x,x)) # label(non_clause).  [assumption].
16 (all x all y (Inc(x,y) -> Inc(y,x))) # label(non_clause).  [assumption].
17 (all x all y (EqDim(x,y) -> -Inc(x,y))) # label(non_clause).  [assumption].
18 (all x all y (Inc(x,y) -> x < y | y < x)) # label(non_clause).  [assumption].
19 (all x all y (Cont(x,y) & x < y -> Inc(x,y))) # label(non_clause).  [assumption].
20 (all x all y all z (Inc(x,y) & P(y,z) -> Inc(x,z))) # label(non_clause).  [assumption].
21 (all x all y (SC(x,y) -> C(x,y))) # label(non_clause).  [assumption].
22 (all x all y (SC(x,y) -> -(exists z (Cont(z,x) & P(z,y))))) # label(non_clause).  [assumption].
23 (all x all y (SC(x,y) -> -(exists z (P(z,x) & Cont(z,y))))) # label(non_clause).  [assumption].
24 (all x all y (C(x,y) & (all z (-Cont(z,x) | -Cont(z,y) | -P(z,x) & -P(z,y))) -> SC(x,y))) # label(non_clause).  [assumption].
25 (all x -SC(x,x)) # label(non_clause).  [assumption].
26 (all x all y (SC(x,y) -> SC(y,x))) # label(non_clause).  [assumption].
27 (all x all y (SC(x,y) -> (exists z (z < x & z < y & Cont(z,x) & Cont(z,y))))) # label(non_clause).  [assumption].
28 (all x all y (Cont(x,y) -> x < y | EqDim(x,y))) # label(non_clause).  [assumption].
29 (all x all y (C(x,y) <-> (exists z (Cont(z,x) & Cont(z,y))))) # label(non_clause).  [assumption].
30 (all x all y (P(x,y) <-> Cont(x,y) & EqDim(x,y))) # label(non_clause).  [assumption].
31 (all x all y (PP(x,y) <-> P(x,y) & x != y)) # label(non_clause).  [assumption].
32 (all x all y (Cont(x,y) -> x < y | EqDim(x,y))) # label(non_clause).  [assumption].
33 (exists x MinDim(x)) # label(non_clause).  [assumption].
34 (all x (-ZEX(x) <-> Cont(x,x))) # label(non_clause).  [assumption].
35 (all x all y (Cont(x,y) & Cont(y,x) -> x = y)) # label(non_clause).  [assumption].
36 (all x all y all z (Cont(x,y) & Cont(y,z) -> Cont(x,z))) # label(non_clause).  [assumption].
37 (all x all y (ZEX(x) -> -Cont(y,x) & -Cont(x,y))) # label(non_clause).  [assumption].
38 (all x all y (ZEX(x) & ZEX(y) -> x = y)) # label(non_clause).  [assumption].
39 (all x -(x < x)) # label(non_clause).  [assumption].
40 (all x all y (x < y -> -(y < x))) # label(non_clause).  [assumption].
41 (all x all y all z (x < y & y < z -> x < z)) # label(non_clause).  [assumption].
42 (all x EqDim(x,x)) # label(non_clause).  [assumption].
43 (all x all y (EqDim(x,y) -> EqDim(y,x))) # label(non_clause).  [assumption].
44 (all x all y all z (EqDim(x,y) & EqDim(y,z) -> EqDim(x,z))) # label(non_clause).  [assumption].
45 (all x all y (x < y -> -EqDim(x,y))) # label(non_clause).  [assumption].
46 (all x all y all z (EqDim(x,y) -> (z < x -> z < y))) # label(non_clause).  [assumption].
47 (all x all y all z (EqDim(x,y) -> (x < z -> y < z))) # label(non_clause).  [assumption].
48 (exists x (-ZEX(x) & (all y (y < x -> ZEX(y))))) # label(non_clause).  [assumption].
49 (all x all y (ZEX(x) & ZEX(y) -> x = y)) # label(non_clause).  [assumption].
50 (all x all y (ZEX(x) & -ZEX(y) -> x < y)) # label(non_clause).  [assumption].
51 (all x all y ((all z (Cont(z,x) <-> Cont(z,y))) -> x = y)) # label(non_clause).  [assumption].
52 (all x -(x < x)) # label(non_clause).  [assumption].
53 (all x all y (x < y -> -(y < x))) # label(non_clause).  [assumption].
54 (all x all y all z (x < y & y <= z -> x < z)) # label(non_clause).  [assumption].
55 (all x all y (ZEX(x) & ZEX(y) -> x = y)) # label(non_clause).  [assumption].
56 (all x all y (ZEX(x) & -ZEX(y) -> x < y)) # label(non_clause).  [assumption].
57 (all x all y (EqDim(x,y) <-> -(x < y) & -(y < x))) # label(non_clause).  [assumption].
58 (all x all y (x <= y <-> x < y | EqDim(x,y))) # label(non_clause).  [assumption].
59 (all x (MaxDim(x) <-> (all y y <= x))) # label(non_clause).  [assumption].
60 (all x (MinDim(x) <-> -ZEX(x) & (all y (y < x -> ZEX(y))))) # label(non_clause).  [assumption].
61 (all x all y (Covers(x,y) <-> y < x & (all z -(y < z & z < x)))) # label(non_clause).  [assumption].
62 (all x all y all z (SC(x,y) & Min(x) & MaxDim(x) & Cont(z,x) & Cont(z,y) -> BCont(z,x))) # label(non_clause) # label(goal).  [goal].

============================== end of process non-clausal formulas ===

============================== PROCESS INITIAL CLAUSES ===============

============================== PREDICATE ELIMINATION =================

Eliminating Min/1
63 Min(x) | ZEX(x) | PP(f4(x),x).  [clausify(8)].
64 -SC(x,y) | -Min(x) | -P(x,z) | -Cont(y,z) | -Cont(u,x) | -Cont(u,y) | BCont(u,x).  [clausify(3)].
65 -Min(x) | -ZEX(x).  [clausify(8)].
66 -Min(x) | -PP(y,x).  [clausify(8)].
Derived: ZEX(x) | PP(f4(x),x) | -SC(x,y) | -P(x,z) | -Cont(y,z) | -Cont(u,x) | -Cont(u,y) | BCont(u,x).  [resolve(63,a,64,b)].
Derived: ZEX(x) | PP(f4(x),x) | -PP(y,x).  [resolve(63,a,66,a)].
67 Min(c3).  [deny(62)].
Derived: -SC(c3,x) | -P(c3,y) | -Cont(x,y) | -Cont(z,c3) | -Cont(z,x) | BCont(z,c3).  [resolve(67,a,64,b)].
Derived: -ZEX(c3).  [resolve(67,a,65,a)].
Derived: -PP(x,c3).  [resolve(67,a,66,a)].

Eliminating Covers/2
68 Covers(x,y) | -(y < x) | y < f16(x,y).  [clausify(61)].
69 -SC(x,y) | -P(x,z) | -P(y,z) | -Cont(u,x) | -Cont(u,y) | -Covers(z,u) | -BCont(u,z).  [clausify(4)].
70 -Covers(x,y) | y < x.  [clausify(61)].
71 -Covers(x,y) | -(y < z) | -(z < x).  [clausify(61)].
Derived: -(x < y) | x < f16(y,x) | -SC(z,u) | -P(z,y) | -P(u,y) | -Cont(x,z) | -Cont(x,u) | -BCont(x,y).  [resolve(68,a,69,f)].
Derived: -(x < y) | x < f16(y,x) | -(x < z) | -(z < y).  [resolve(68,a,71,a)].
72 Covers(x,y) | -(y < x) | f16(x,y) < x.  [clausify(61)].
Derived: -(x < y) | f16(y,x) < y | -SC(z,u) | -P(z,y) | -P(u,y) | -Cont(x,z) | -Cont(x,u) | -BCont(x,y).  [resolve(72,a,69,f)].
Derived: -(x < y) | f16(y,x) < y | -(x < z) | -(z < y).  [resolve(72,a,71,a)].

Eliminating Max/1
73 Max(x) | ZEX(x) | PP(x,f3(x)).  [clausify(7)].
74 -Max(x) | -ZEX(x).  [clausify(7)].
75 -Max(x) | -PP(x,y).  [clausify(7)].
Derived: ZEX(x) | PP(x,f3(x)) | -PP(x,y).  [resolve(73,a,75,a)].

Eliminating C/2
76 -C(x,y) | Cont(f10(x,y),x) | SC(x,y).  [clausify(24)].
77 -SC(x,y) | C(x,y).  [clausify(21)].
78 -C(x,y) | Cont(f10(x,y),y) | SC(x,y).  [clausify(24)].
79 -C(x,y) | P(f10(x,y),x) | P(f10(x,y),y) | SC(x,y).  [clausify(24)].
80 -C(x,y) | Cont(f12(x,y),x).  [clausify(29)].
Derived: Cont(f12(x,y),x) | -SC(x,y).  [resolve(80,a,77,b)].
81 -C(x,y) | Cont(f12(x,y),y).  [clausify(29)].
Derived: Cont(f12(x,y),y) | -SC(x,y).  [resolve(81,a,77,b)].
82 C(x,y) | -Cont(z,x) | -Cont(z,y).  [clausify(29)].
Derived: -Cont(x,y) | -Cont(x,z) | Cont(f10(y,z),y) | SC(y,z).  [resolve(82,a,76,a)].
Derived: -Cont(x,y) | -Cont(x,z) | Cont(f10(y,z),z) | SC(y,z).  [resolve(82,a,78,a)].
Derived: -Cont(x,y) | -Cont(x,z) | P(f10(y,z),y) | P(f10(y,z),z) | SC(y,z).  [resolve(82,a,79,a)].
Derived: -Cont(x,y) | -Cont(x,z) | Cont(f12(y,z),y).  [resolve(82,a,80,a)].
Derived: -Cont(x,y) | -Cont(x,z) | Cont(f12(y,z),z).  [resolve(82,a,81,a)].

Eliminating MinDim/1
83 -MinDim(x) | -ZEX(x).  [clausify(60)].
84 MinDim(c1).  [clausify(33)].
Derived: -ZEX(c1).  [resolve(83,a,84,a)].
85 -MinDim(x) | -(y < x) | ZEX(y).  [clausify(60)].
Derived: -(x < c1) | ZEX(x).  [resolve(85,a,84,a)].
86 MinDim(x) | ZEX(x) | f15(x) < x.  [clausify(60)].
Derived: ZEX(x) | f15(x) < x | -(y < x) | ZEX(y).  [resolve(86,a,85,a)].
87 MinDim(x) | ZEX(x) | -ZEX(f15(x)).  [clausify(60)].
Derived: ZEX(x) | -ZEX(f15(x)) | -(y < x) | ZEX(y).  [resolve(87,a,85,a)].

Eliminating MaxDim/1
88 MaxDim(x) | -(f14(x) <= x).  [clausify(59)].
89 -MaxDim(x) | y <= x.  [clausify(59)].
Derived: -(f14(x) <= x) | y <= x.  [resolve(88,a,89,a)].
90 MaxDim(c3).  [deny(62)].
Derived: x <= c3.  [resolve(90,a,89,a)].

============================== end predicate elimination =============

Term ordering decisions:
Predicate symbol precedence:  predicate_order([ =, ZEX, Cont, <, P, SC, Inc, BCont, EqDim, PO, <=, PP ]).
Function symbol precedence:  function_order([ Uni, c1, c2, c3, c4, c5, f5, f6, f7, f8, f9, f10, f11, f12, f13, f16, f3, f4, f14, f15, f1, f2 ]).
After inverse_order:  (no changes).
Unfolding symbols: (none).

Auto_inference settings:
  % set(paramodulation).  % (positive equality literals)
  % set(binary_resolution).  % (non-Horn)

Auto_process settings:
  % set(factor).  % (non-Horn)
  % set(unit_deletion).  % (non-Horn)

============================== end of process initial clauses ========

============================== CLAUSES FOR SEARCH ====================

============================== end of clauses for search =============

============================== SEARCH ================================

% Starting search at 0.03 seconds.

NOTE: Back_subsumption disabled, ratio of kept to back_subsumed is 59 (0.00 of 0.14 sec).

Low Water (keep): wt=35.000, iters=7521

Low Water (keep): wt=26.000, iters=7409

Low Water (keep): wt=22.000, iters=7209

Low Water (keep): wt=21.000, iters=7209

Low Water (keep): wt=20.000, iters=6889

Low Water (keep): wt=19.000, iters=6667

Low Water (keep): wt=18.000, iters=6703

Low Water (keep): wt=16.000, iters=6710

Low Water (keep): wt=15.000, iters=6706

Low Water (keep): wt=14.000, iters=6799

Low Water (keep): wt=13.000, iters=6666

Low Water (keep): wt=12.000, iters=6927

Low Water (keep): wt=11.000, iters=6865

Low Water (displace): id=7992, wt=33.000

Low Water (displace): id=12760, wt=29.000

Low Water (displace): id=11553, wt=27.000

Low Water (displace): id=26347, wt=12.000

Low Water (displace): id=26349, wt=10.000

Low Water (displace): id=26351, wt=9.000

Low Water (keep): wt=10.000, iters=6672

============================== PROOF =================================

% Proof 1 at 9.95 (+ 0.14) seconds.
% Length of proof is 58.
% Level of proof is 13.
% Maximum clause weight is 24.000.
% Given clauses 12135.

1 (all x (-ZEX(x) -> Cont(x,Uni))) # label(non_clause).  [assumption].
3 (all x all y all v all z (SC(x,y) & Min(x) & P(x,v) & Cont(y,v) & Cont(z,x) & Cont(z,y) -> BCont(z,x))) # label(non_clause).  [assumption].
8 (all x (Min(x) <-> -ZEX(x) & (all y -PP(y,x)))) # label(non_clause).  [assumption].
24 (all x all y (C(x,y) & (all z (-Cont(z,x) | -Cont(z,y) | -P(z,x) & -P(z,y))) -> SC(x,y))) # label(non_clause).  [assumption].
25 (all x -SC(x,x)) # label(non_clause).  [assumption].
28 (all x all y (Cont(x,y) -> x < y | EqDim(x,y))) # label(non_clause).  [assumption].
29 (all x all y (C(x,y) <-> (exists z (Cont(z,x) & Cont(z,y))))) # label(non_clause).  [assumption].
30 (all x all y (P(x,y) <-> Cont(x,y) & EqDim(x,y))) # label(non_clause).  [assumption].
31 (all x all y (PP(x,y) <-> P(x,y) & x != y)) # label(non_clause).  [assumption].
36 (all x all y all z (Cont(x,y) & Cont(y,z) -> Cont(x,z))) # label(non_clause).  [assumption].
37 (all x all y (ZEX(x) -> -Cont(y,x) & -Cont(x,y))) # label(non_clause).  [assumption].
39 (all x -(x < x)) # label(non_clause).  [assumption].
54 (all x all y all z (x < y & y <= z -> x < z)) # label(non_clause).  [assumption].
59 (all x (MaxDim(x) <-> (all y y <= x))) # label(non_clause).  [assumption].
62 (all x all y all z (SC(x,y) & Min(x) & MaxDim(x) & Cont(z,x) & Cont(z,y) -> BCont(z,x))) # label(non_clause) # label(goal).  [goal].
63 Min(x) | ZEX(x) | PP(f4(x),x).  [clausify(8)].
64 -SC(x,y) | -Min(x) | -P(x,z) | -Cont(y,z) | -Cont(u,x) | -Cont(u,y) | BCont(u,x).  [clausify(3)].
65 -Min(x) | -ZEX(x).  [clausify(8)].
66 -Min(x) | -PP(y,x).  [clausify(8)].
67 Min(c3).  [deny(62)].
79 -C(x,y) | P(f10(x,y),x) | P(f10(x,y),y) | SC(x,y).  [clausify(24)].
82 C(x,y) | -Cont(z,x) | -Cont(z,y).  [clausify(29)].
89 -MaxDim(x) | y <= x.  [clausify(59)].
90 MaxDim(c3).  [deny(62)].
91 ZEX(x) | Cont(x,Uni).  [clausify(1)].
131 -SC(x,x).  [clausify(25)].
137 -Cont(x,y) | x < y | EqDim(x,y).  [clausify(28)].
138 -P(x,y) | Cont(x,y).  [clausify(30)].
140 P(x,y) | -Cont(x,y) | -EqDim(x,y).  [clausify(30)].
143 PP(x,y) | -P(x,y) | y = x.  [clausify(31)].
147 -Cont(x,y) | -Cont(y,z) | Cont(x,z).  [clausify(36)].
148 -ZEX(x) | -Cont(y,x).  [clausify(37)].
151 -(x < x).  [clausify(39)].
165 -(x < y) | -(y <= z) | x < z.  [clausify(54)].
171 SC(c3,c4).  [deny(62)].
172 Cont(c5,c3).  [deny(62)].
173 Cont(c5,c4).  [deny(62)].
174 -BCont(c5,c3).  [deny(62)].
175 ZEX(x) | PP(f4(x),x) | -SC(x,y) | -P(x,z) | -Cont(y,z) | -Cont(u,x) | -Cont(u,y) | BCont(u,x).  [resolve(63,a,64,b)].
178 -ZEX(c3).  [resolve(67,a,65,a)].
179 -PP(x,c3).  [resolve(67,a,66,a)].
189 -Cont(x,y) | -Cont(x,z) | P(f10(y,z),y) | P(f10(y,z),z) | SC(y,z).  [resolve(82,a,79,a)].
197 x <= c3.  [resolve(90,a,89,a)].
220 -Cont(x,y) | Cont(x,Uni) | ZEX(y).  [resolve(147,b,91,b)].
274 -ZEX(c4).  [resolve(173,a,148,b)].
283 -P(c3,x) | -Cont(c4,x) | -Cont(y,c3) | -Cont(y,c4) | BCont(y,c3).  [resolve(175,c,171,a),unit_del(a,178),unit_del(b,179)].
313 -Cont(c5,x) | P(f10(c3,x),c3) | P(f10(c3,x),x) | SC(c3,x).  [resolve(189,a,172,a)].
325 P(f10(c3,c3),c3).  [factor(313,b,c),unit_del(a,172),unit_del(c,131)].
351 -(x < y) | x < c3.  [resolve(197,a,165,b)].
576 f10(c3,c3) = c3.  [resolve(325,a,143,b),flip(b),unit_del(a,179)].
577 Cont(c3,c3).  [resolve(325,a,138,a),rewrite([576(3)])].
1014 Cont(c3,Uni).  [resolve(220,a,577,a),unit_del(b,178)].
1049 c3 < Uni | EqDim(c3,Uni).  [resolve(1014,a,137,a)].
1670 c3 < Uni | P(c3,Uni).  [resolve(1049,b,140,c),unit_del(c,1014)].
2776 -Cont(c4,Uni) | -Cont(x,c3) | -Cont(x,c4) | BCont(x,c3) | c3 < Uni.  [resolve(283,a,1670,b)].
36333 -Cont(c4,Uni) | c3 < Uni.  [resolve(2776,c,173,a),unit_del(b,172),unit_del(c,174)].
36334 c3 < Uni.  [resolve(36333,a,91,b),unit_del(b,274)].
36375 $F.  [resolve(36334,a,351,a),unit_del(a,151)].

============================== end of proof ==========================

============================== STATISTICS ============================

Given=12135. Generated=416006. Kept=36284. proofs=1.
Usable=12104. Sos=19957. Demods=4. Limbo=30, Disabled=4335. Hints=0.
Kept_by_rule=0, Deleted_by_rule=0.
Forward_subsumed=110309. Back_subsumed=52.
Sos_limit_deleted=269412. Sos_displaced=3068. Sos_removed=0.
New_demodulators=4 (0 lex), Back_demodulated=131. Back_unit_deleted=942.
Demod_attempts=6748199. Demod_rewrites=2219.
Res_instance_prunes=0. Para_instance_prunes=0. Basic_paramod_prunes=0.
Nonunit_fsub_feature_tests=376858. Nonunit_bsub_feature_tests=10093.
Megabytes=45.97.
User_CPU=9.95, System_CPU=0.14, Wall_clock=11.

============================== end of statistics =====================

============================== end of search =========================

THEOREM PROVED

Exiting with 1 proof.

Process 17556 exit (max_proofs) Tue Oct 23 21:43:40 2012
