Paradox, version 3.0, 2008-07-29.
+++ PROBLEM: E:\COLORE-local-testbed\multidim_space_codib\consistency\conversions\atomic_curve_weak_nontrivial.all.tptp
Reading 'E:\COLORE-local-testbed\multidim_space_codib\consistency\conversions\atomic_curve_weak_nontrivial.all.tptp' ... OK
+++ SOLVING: E:\COLORE-local-testbed\multidim_space_codib\consistency\conversions\atomic_curve_weak_nontrivial.all.tptp
domain size 1
domain size 2
domain size 3
domain size 4
domain size 5
domain size 6
+++ BEGIN MODEL
SZS output start FiniteModel for E:\COLORE-local-testbed\multidim_space_codib\consistency\conversions\atomic_curve_weak_nontrivial.all.tptp
% domain size is 6
fof(domain, fi_domain,
  (![X] : (X = "1" | X = "2" | X = "3" | X = "4" | X = "5" | X = "6"))
).

fof(atomiccurve, fi_predicates,
  ( atomiccurve("1") <=> $false
  & atomiccurve("2") <=> $true
  & atomiccurve("3") <=> $true
  & atomiccurve("4") <=> $true
  & atomiccurve("5") <=> $false
  & atomiccurve("6") <=> $false
  )
).

fof(atomiccurvesegment, fi_predicates,
  ( atomiccurvesegment("1") <=> $false
  & atomiccurvesegment("2") <=> $true
  & atomiccurvesegment("3") <=> $false
  & atomiccurvesegment("4") <=> $false
  & atomiccurvesegment("5") <=> $false
  & atomiccurvesegment("6") <=> $false
  )
).

fof(atomicloopcurve, fi_predicates,
  ( atomicloopcurve("1") <=> $false
  & atomicloopcurve("2") <=> $false
  & atomicloopcurve("3") <=> $true
  & atomicloopcurve("4") <=> $false
  & atomicloopcurve("5") <=> $false
  & atomicloopcurve("6") <=> $false
  )
).

fof(atomicraycurve, fi_predicates,
  ( atomicraycurve("1") <=> $false
  & atomicraycurve("2") <=> $false
  & atomicraycurve("3") <=> $false
  & atomicraycurve("4") <=> $true
  & atomicraycurve("5") <=> $false
  & atomicraycurve("6") <=> $false
  )
).

fof(bcont, fi_predicates,
  ( bcont("1","1") <=> $false
  & bcont("1","2") <=> $true
  & bcont("1","3") <=> $false
  & bcont("1","4") <=> $false
  & bcont("1","5") <=> $false
  & bcont("1","6") <=> $false
  & bcont("2","1") <=> $false
  & bcont("2","2") <=> $false
  & bcont("2","3") <=> $false
  & bcont("2","4") <=> $false
  & bcont("2","5") <=> $false
  & bcont("2","6") <=> $false
  & bcont("3","1") <=> $false
  & bcont("3","2") <=> $false
  & bcont("3","3") <=> $false
  & bcont("3","4") <=> $false
  & bcont("3","5") <=> $false
  & bcont("3","6") <=> $false
  & bcont("4","1") <=> $false
  & bcont("4","2") <=> $false
  & bcont("4","3") <=> $false
  & bcont("4","4") <=> $false
  & bcont("4","5") <=> $false
  & bcont("4","6") <=> $false
  & bcont("5","1") <=> $false
  & bcont("5","2") <=> $false
  & bcont("5","3") <=> $false
  & bcont("5","4") <=> $false
  & bcont("5","5") <=> $false
  & bcont("5","6") <=> $false
  & bcont("6","1") <=> $false
  & bcont("6","2") <=> $true
  & bcont("6","3") <=> $false
  & bcont("6","4") <=> $true
  & bcont("6","5") <=> $false
  & bcont("6","6") <=> $false
  )
).

fof(c, fi_predicates,
  ( c("1","1") <=> $true
  & c("1","2") <=> $true
  & c("1","3") <=> $false
  & c("1","4") <=> $false
  & c("1","5") <=> $false
  & c("1","6") <=> $false
  & c("2","1") <=> $true
  & c("2","2") <=> $true
  & c("2","3") <=> $true
  & c("2","4") <=> $true
  & c("2","5") <=> $false
  & c("2","6") <=> $true
  & c("3","1") <=> $false
  & c("3","2") <=> $true
  & c("3","3") <=> $true
  & c("3","4") <=> $true
  & c("3","5") <=> $false
  & c("3","6") <=> $true
  & c("4","1") <=> $false
  & c("4","2") <=> $true
  & c("4","3") <=> $true
  & c("4","4") <=> $true
  & c("4","5") <=> $false
  & c("4","6") <=> $true
  & c("5","1") <=> $false
  & c("5","2") <=> $false
  & c("5","3") <=> $false
  & c("5","4") <=> $false
  & c("5","5") <=> $false
  & c("5","6") <=> $false
  & c("6","1") <=> $false
  & c("6","2") <=> $true
  & c("6","3") <=> $true
  & c("6","4") <=> $true
  & c("6","5") <=> $false
  & c("6","6") <=> $true
  )
).

fof(clifsym1, fi_predicates,
  ( clifsym1("1","1") <=> $true
  & clifsym1("1","2") <=> $false
  & clifsym1("1","3") <=> $false
  & clifsym1("1","4") <=> $false
  & clifsym1("1","5") <=> $false
  & clifsym1("1","6") <=> $false
  & clifsym1("2","1") <=> $true
  & clifsym1("2","2") <=> $true
  & clifsym1("2","3") <=> $false
  & clifsym1("2","4") <=> $false
  & clifsym1("2","5") <=> $false
  & clifsym1("2","6") <=> $true
  & clifsym1("3","1") <=> $true
  & clifsym1("3","2") <=> $false
  & clifsym1("3","3") <=> $true
  & clifsym1("3","4") <=> $false
  & clifsym1("3","5") <=> $false
  & clifsym1("3","6") <=> $true
  & clifsym1("4","1") <=> $true
  & clifsym1("4","2") <=> $false
  & clifsym1("4","3") <=> $false
  & clifsym1("4","4") <=> $true
  & clifsym1("4","5") <=> $false
  & clifsym1("4","6") <=> $true
  & clifsym1("5","1") <=> $false
  & clifsym1("5","2") <=> $false
  & clifsym1("5","3") <=> $false
  & clifsym1("5","4") <=> $false
  & clifsym1("5","5") <=> $false
  & clifsym1("5","6") <=> $false
  & clifsym1("6","1") <=> $false
  & clifsym1("6","2") <=> $false
  & clifsym1("6","3") <=> $false
  & clifsym1("6","4") <=> $false
  & clifsym1("6","5") <=> $false
  & clifsym1("6","6") <=> $true
  )
).

fof(clifsym2, fi_predicates,
  ( clifsym2("1","1") <=> $false
  & clifsym2("1","2") <=> $false
  & clifsym2("1","3") <=> $false
  & clifsym2("1","4") <=> $false
  & clifsym2("1","5") <=> $false
  & clifsym2("1","6") <=> $false
  & clifsym2("2","1") <=> $true
  & clifsym2("2","2") <=> $false
  & clifsym2("2","3") <=> $false
  & clifsym2("2","4") <=> $false
  & clifsym2("2","5") <=> $false
  & clifsym2("2","6") <=> $true
  & clifsym2("3","1") <=> $true
  & clifsym2("3","2") <=> $false
  & clifsym2("3","3") <=> $false
  & clifsym2("3","4") <=> $false
  & clifsym2("3","5") <=> $false
  & clifsym2("3","6") <=> $true
  & clifsym2("4","1") <=> $true
  & clifsym2("4","2") <=> $false
  & clifsym2("4","3") <=> $false
  & clifsym2("4","4") <=> $false
  & clifsym2("4","5") <=> $false
  & clifsym2("4","6") <=> $true
  & clifsym2("5","1") <=> $false
  & clifsym2("5","2") <=> $false
  & clifsym2("5","3") <=> $false
  & clifsym2("5","4") <=> $false
  & clifsym2("5","5") <=> $false
  & clifsym2("5","6") <=> $false
  & clifsym2("6","1") <=> $false
  & clifsym2("6","2") <=> $false
  & clifsym2("6","3") <=> $false
  & clifsym2("6","4") <=> $false
  & clifsym2("6","5") <=> $false
  & clifsym2("6","6") <=> $false
  )
).

fof(closed, fi_predicates,
  ( closed("1") <=> $true
  & closed("2") <=> $false
  & closed("3") <=> $true
  & closed("4") <=> $false
  & closed("5") <=> $true
  & closed("6") <=> $true
  )
).

fof(cont, fi_predicates,
  ( cont("1","1") <=> $true
  & cont("1","2") <=> $true
  & cont("1","3") <=> $false
  & cont("1","4") <=> $false
  & cont("1","5") <=> $false
  & cont("1","6") <=> $false
  & cont("2","1") <=> $false
  & cont("2","2") <=> $true
  & cont("2","3") <=> $false
  & cont("2","4") <=> $false
  & cont("2","5") <=> $false
  & cont("2","6") <=> $false
  & cont("3","1") <=> $false
  & cont("3","2") <=> $false
  & cont("3","3") <=> $true
  & cont("3","4") <=> $false
  & cont("3","5") <=> $false
  & cont("3","6") <=> $false
  & cont("4","1") <=> $false
  & cont("4","2") <=> $false
  & cont("4","3") <=> $false
  & cont("4","4") <=> $true
  & cont("4","5") <=> $false
  & cont("4","6") <=> $false
  & cont("5","1") <=> $false
  & cont("5","2") <=> $false
  & cont("5","3") <=> $false
  & cont("5","4") <=> $false
  & cont("5","5") <=> $false
  & cont("5","6") <=> $false
  & cont("6","1") <=> $false
  & cont("6","2") <=> $true
  & cont("6","3") <=> $true
  & cont("6","4") <=> $true
  & cont("6","5") <=> $false
  & cont("6","6") <=> $true
  )
).

fof(covers, fi_predicates,
  ( covers("1","1") <=> $false
  & covers("1","2") <=> $false
  & covers("1","3") <=> $false
  & covers("1","4") <=> $false
  & covers("1","5") <=> $false
  & covers("1","6") <=> $false
  & covers("2","1") <=> $true
  & covers("2","2") <=> $false
  & covers("2","3") <=> $false
  & covers("2","4") <=> $false
  & covers("2","5") <=> $false
  & covers("2","6") <=> $true
  & covers("3","1") <=> $true
  & covers("3","2") <=> $false
  & covers("3","3") <=> $false
  & covers("3","4") <=> $false
  & covers("3","5") <=> $false
  & covers("3","6") <=> $true
  & covers("4","1") <=> $true
  & covers("4","2") <=> $false
  & covers("4","3") <=> $false
  & covers("4","4") <=> $false
  & covers("4","5") <=> $false
  & covers("4","6") <=> $true
  & covers("5","1") <=> $false
  & covers("5","2") <=> $false
  & covers("5","3") <=> $false
  & covers("5","4") <=> $false
  & covers("5","5") <=> $false
  & covers("5","6") <=> $false
  & covers("6","1") <=> $false
  & covers("6","2") <=> $false
  & covers("6","3") <=> $false
  & covers("6","4") <=> $false
  & covers("6","5") <=> $false
  & covers("6","6") <=> $false
  )
).

fof(curve, fi_predicates,
  ( curve("1") <=> $false
  & curve("2") <=> $true
  & curve("3") <=> $true
  & curve("4") <=> $true
  & curve("5") <=> $false
  & curve("6") <=> $false
  )
).

fof(endpoint, fi_predicates,
  ( endpoint("1","1") <=> $false
  & endpoint("1","2") <=> $true
  & endpoint("1","3") <=> $false
  & endpoint("1","4") <=> $false
  & endpoint("1","5") <=> $false
  & endpoint("1","6") <=> $false
  & endpoint("2","1") <=> $false
  & endpoint("2","2") <=> $false
  & endpoint("2","3") <=> $false
  & endpoint("2","4") <=> $false
  & endpoint("2","5") <=> $false
  & endpoint("2","6") <=> $false
  & endpoint("3","1") <=> $false
  & endpoint("3","2") <=> $false
  & endpoint("3","3") <=> $false
  & endpoint("3","4") <=> $false
  & endpoint("3","5") <=> $false
  & endpoint("3","6") <=> $false
  & endpoint("4","1") <=> $false
  & endpoint("4","2") <=> $false
  & endpoint("4","3") <=> $false
  & endpoint("4","4") <=> $false
  & endpoint("4","5") <=> $false
  & endpoint("4","6") <=> $false
  & endpoint("5","1") <=> $false
  & endpoint("5","2") <=> $false
  & endpoint("5","3") <=> $false
  & endpoint("5","4") <=> $false
  & endpoint("5","5") <=> $false
  & endpoint("5","6") <=> $false
  & endpoint("6","1") <=> $false
  & endpoint("6","2") <=> $true
  & endpoint("6","3") <=> $false
  & endpoint("6","4") <=> $true
  & endpoint("6","5") <=> $false
  & endpoint("6","6") <=> $false
  )
).

fof(eqdim, fi_predicates,
  ( eqdim("1","1") <=> $true
  & eqdim("1","2") <=> $false
  & eqdim("1","3") <=> $false
  & eqdim("1","4") <=> $false
  & eqdim("1","5") <=> $false
  & eqdim("1","6") <=> $false
  & eqdim("2","1") <=> $false
  & eqdim("2","2") <=> $true
  & eqdim("2","3") <=> $false
  & eqdim("2","4") <=> $false
  & eqdim("2","5") <=> $false
  & eqdim("2","6") <=> $false
  & eqdim("3","1") <=> $false
  & eqdim("3","2") <=> $false
  & eqdim("3","3") <=> $true
  & eqdim("3","4") <=> $false
  & eqdim("3","5") <=> $false
  & eqdim("3","6") <=> $false
  & eqdim("4","1") <=> $false
  & eqdim("4","2") <=> $false
  & eqdim("4","3") <=> $false
  & eqdim("4","4") <=> $true
  & eqdim("4","5") <=> $false
  & eqdim("4","6") <=> $false
  & eqdim("5","1") <=> $false
  & eqdim("5","2") <=> $false
  & eqdim("5","3") <=> $false
  & eqdim("5","4") <=> $false
  & eqdim("5","5") <=> $false
  & eqdim("5","6") <=> $false
  & eqdim("6","1") <=> $false
  & eqdim("6","2") <=> $false
  & eqdim("6","3") <=> $false
  & eqdim("6","4") <=> $false
  & eqdim("6","5") <=> $false
  & eqdim("6","6") <=> $true
  )
).

fof(inc, fi_predicates,
  ( inc("1","1") <=> $false
  & inc("1","2") <=> $true
  & inc("1","3") <=> $false
  & inc("1","4") <=> $false
  & inc("1","5") <=> $false
  & inc("1","6") <=> $false
  & inc("2","1") <=> $true
  & inc("2","2") <=> $false
  & inc("2","3") <=> $false
  & inc("2","4") <=> $false
  & inc("2","5") <=> $false
  & inc("2","6") <=> $true
  & inc("3","1") <=> $false
  & inc("3","2") <=> $false
  & inc("3","3") <=> $false
  & inc("3","4") <=> $false
  & inc("3","5") <=> $false
  & inc("3","6") <=> $true
  & inc("4","1") <=> $false
  & inc("4","2") <=> $false
  & inc("4","3") <=> $false
  & inc("4","4") <=> $false
  & inc("4","5") <=> $false
  & inc("4","6") <=> $true
  & inc("5","1") <=> $false
  & inc("5","2") <=> $false
  & inc("5","3") <=> $false
  & inc("5","4") <=> $false
  & inc("5","5") <=> $false
  & inc("5","6") <=> $false
  & inc("6","1") <=> $false
  & inc("6","2") <=> $true
  & inc("6","3") <=> $true
  & inc("6","4") <=> $true
  & inc("6","5") <=> $false
  & inc("6","6") <=> $false
  )
).

fof(leq, fi_predicates,
  ( leq("1","1") <=> $true
  & leq("1","2") <=> $true
  & leq("1","3") <=> $true
  & leq("1","4") <=> $true
  & leq("1","5") <=> $false
  & leq("1","6") <=> $false
  & leq("2","1") <=> $false
  & leq("2","2") <=> $true
  & leq("2","3") <=> $false
  & leq("2","4") <=> $false
  & leq("2","5") <=> $false
  & leq("2","6") <=> $false
  & leq("3","1") <=> $false
  & leq("3","2") <=> $false
  & leq("3","3") <=> $true
  & leq("3","4") <=> $false
  & leq("3","5") <=> $false
  & leq("3","6") <=> $false
  & leq("4","1") <=> $false
  & leq("4","2") <=> $false
  & leq("4","3") <=> $false
  & leq("4","4") <=> $true
  & leq("4","5") <=> $false
  & leq("4","6") <=> $false
  & leq("5","1") <=> $false
  & leq("5","2") <=> $false
  & leq("5","3") <=> $false
  & leq("5","4") <=> $false
  & leq("5","5") <=> $false
  & leq("5","6") <=> $false
  & leq("6","1") <=> $false
  & leq("6","2") <=> $true
  & leq("6","3") <=> $true
  & leq("6","4") <=> $true
  & leq("6","5") <=> $false
  & leq("6","6") <=> $true
  )
).

fof(less, fi_predicates,
  ( less("1","1") <=> $false
  & less("1","2") <=> $true
  & less("1","3") <=> $true
  & less("1","4") <=> $true
  & less("1","5") <=> $false
  & less("1","6") <=> $false
  & less("2","1") <=> $false
  & less("2","2") <=> $false
  & less("2","3") <=> $false
  & less("2","4") <=> $false
  & less("2","5") <=> $false
  & less("2","6") <=> $false
  & less("3","1") <=> $false
  & less("3","2") <=> $false
  & less("3","3") <=> $false
  & less("3","4") <=> $false
  & less("3","5") <=> $false
  & less("3","6") <=> $false
  & less("4","1") <=> $false
  & less("4","2") <=> $false
  & less("4","3") <=> $false
  & less("4","4") <=> $false
  & less("4","5") <=> $false
  & less("4","6") <=> $false
  & less("5","1") <=> $false
  & less("5","2") <=> $false
  & less("5","3") <=> $false
  & less("5","4") <=> $false
  & less("5","5") <=> $false
  & less("5","6") <=> $false
  & less("6","1") <=> $false
  & less("6","2") <=> $true
  & less("6","3") <=> $true
  & less("6","4") <=> $true
  & less("6","5") <=> $false
  & less("6","6") <=> $false
  )
).

fof(max, fi_predicates,
  ( max("1") <=> $true
  & max("2") <=> $true
  & max("3") <=> $true
  & max("4") <=> $true
  & max("5") <=> $false
  & max("6") <=> $true
  )
).

fof(maxdim, fi_predicates,
  ( maxdim("1") <=> $false
  & maxdim("2") <=> $false
  & maxdim("3") <=> $false
  & maxdim("4") <=> $false
  & maxdim("5") <=> $false
  & maxdim("6") <=> $false
  )
).

fof(min, fi_predicates,
  ( min("1") <=> $true
  & min("2") <=> $true
  & min("3") <=> $true
  & min("4") <=> $true
  & min("5") <=> $false
  & min("6") <=> $true
  )
).

fof(mindim, fi_predicates,
  ( mindim("1") <=> $true
  & mindim("2") <=> $false
  & mindim("3") <=> $false
  & mindim("4") <=> $false
  & mindim("5") <=> $false
  & mindim("6") <=> $true
  )
).

fof(p, fi_predicates,
  ( p("1","1") <=> $true
  & p("1","2") <=> $false
  & p("1","3") <=> $false
  & p("1","4") <=> $false
  & p("1","5") <=> $false
  & p("1","6") <=> $false
  & p("2","1") <=> $false
  & p("2","2") <=> $true
  & p("2","3") <=> $false
  & p("2","4") <=> $false
  & p("2","5") <=> $false
  & p("2","6") <=> $false
  & p("3","1") <=> $false
  & p("3","2") <=> $false
  & p("3","3") <=> $true
  & p("3","4") <=> $false
  & p("3","5") <=> $false
  & p("3","6") <=> $false
  & p("4","1") <=> $false
  & p("4","2") <=> $false
  & p("4","3") <=> $false
  & p("4","4") <=> $true
  & p("4","5") <=> $false
  & p("4","6") <=> $false
  & p("5","1") <=> $false
  & p("5","2") <=> $false
  & p("5","3") <=> $false
  & p("5","4") <=> $false
  & p("5","5") <=> $false
  & p("5","6") <=> $false
  & p("6","1") <=> $false
  & p("6","2") <=> $false
  & p("6","3") <=> $false
  & p("6","4") <=> $false
  & p("6","5") <=> $false
  & p("6","6") <=> $true
  )
).

fof(po, fi_predicates,
  ( po("1","1") <=> $true
  & po("1","2") <=> $false
  & po("1","3") <=> $false
  & po("1","4") <=> $false
  & po("1","5") <=> $false
  & po("1","6") <=> $false
  & po("2","1") <=> $false
  & po("2","2") <=> $true
  & po("2","3") <=> $false
  & po("2","4") <=> $false
  & po("2","5") <=> $false
  & po("2","6") <=> $false
  & po("3","1") <=> $false
  & po("3","2") <=> $false
  & po("3","3") <=> $true
  & po("3","4") <=> $false
  & po("3","5") <=> $false
  & po("3","6") <=> $false
  & po("4","1") <=> $false
  & po("4","2") <=> $false
  & po("4","3") <=> $false
  & po("4","4") <=> $true
  & po("4","5") <=> $false
  & po("4","6") <=> $false
  & po("5","1") <=> $false
  & po("5","2") <=> $false
  & po("5","3") <=> $false
  & po("5","4") <=> $false
  & po("5","5") <=> $false
  & po("5","6") <=> $false
  & po("6","1") <=> $false
  & po("6","2") <=> $false
  & po("6","3") <=> $false
  & po("6","4") <=> $false
  & po("6","5") <=> $false
  & po("6","6") <=> $true
  )
).

fof(point, fi_predicates,
  ( point("1") <=> $true
  & point("2") <=> $false
  & point("3") <=> $false
  & point("4") <=> $false
  & point("5") <=> $false
  & point("6") <=> $true
  )
).

fof(pointregion, fi_predicates,
  ( pointregion("1") <=> $true
  & pointregion("2") <=> $false
  & pointregion("3") <=> $false
  & pointregion("4") <=> $false
  & pointregion("5") <=> $false
  & pointregion("6") <=> $true
  )
).

fof(pp, fi_predicates,
  ( pp("1","1") <=> $false
  & pp("1","2") <=> $false
  & pp("1","3") <=> $false
  & pp("1","4") <=> $false
  & pp("1","5") <=> $false
  & pp("1","6") <=> $false
  & pp("2","1") <=> $false
  & pp("2","2") <=> $false
  & pp("2","3") <=> $false
  & pp("2","4") <=> $false
  & pp("2","5") <=> $false
  & pp("2","6") <=> $false
  & pp("3","1") <=> $false
  & pp("3","2") <=> $false
  & pp("3","3") <=> $false
  & pp("3","4") <=> $false
  & pp("3","5") <=> $false
  & pp("3","6") <=> $false
  & pp("4","1") <=> $false
  & pp("4","2") <=> $false
  & pp("4","3") <=> $false
  & pp("4","4") <=> $false
  & pp("4","5") <=> $false
  & pp("4","6") <=> $false
  & pp("5","1") <=> $false
  & pp("5","2") <=> $false
  & pp("5","3") <=> $false
  & pp("5","4") <=> $false
  & pp("5","5") <=> $false
  & pp("5","6") <=> $false
  & pp("6","1") <=> $false
  & pp("6","2") <=> $false
  & pp("6","3") <=> $false
  & pp("6","4") <=> $false
  & pp("6","5") <=> $false
  & pp("6","6") <=> $false
  )
).

fof(s, fi_predicates,
  ( s("1") <=> $true
  & s("2") <=> $true
  & s("3") <=> $true
  & s("4") <=> $true
  & s("5") <=> $false
  & s("6") <=> $true
  )
).

fof(sc, fi_predicates,
  ( sc("1","1") <=> $false
  & sc("1","2") <=> $false
  & sc("1","3") <=> $false
  & sc("1","4") <=> $false
  & sc("1","5") <=> $false
  & sc("1","6") <=> $false
  & sc("2","1") <=> $false
  & sc("2","2") <=> $false
  & sc("2","3") <=> $true
  & sc("2","4") <=> $true
  & sc("2","5") <=> $false
  & sc("2","6") <=> $false
  & sc("3","1") <=> $false
  & sc("3","2") <=> $true
  & sc("3","3") <=> $false
  & sc("3","4") <=> $true
  & sc("3","5") <=> $false
  & sc("3","6") <=> $false
  & sc("4","1") <=> $false
  & sc("4","2") <=> $true
  & sc("4","3") <=> $true
  & sc("4","4") <=> $false
  & sc("4","5") <=> $false
  & sc("4","6") <=> $false
  & sc("5","1") <=> $false
  & sc("5","2") <=> $false
  & sc("5","3") <=> $false
  & sc("5","4") <=> $false
  & sc("5","5") <=> $false
  & sc("5","6") <=> $false
  & sc("6","1") <=> $false
  & sc("6","2") <=> $false
  & sc("6","3") <=> $false
  & sc("6","4") <=> $false
  & sc("6","5") <=> $false
  & sc("6","6") <=> $false
  )
).

fof(zex, fi_predicates,
  ( zex("1") <=> $false
  & zex("2") <=> $false
  & zex("3") <=> $false
  & zex("4") <=> $false
  & zex("5") <=> $false
  & zex("6") <=> $false
  )
).
SZS output end FiniteModel for E:\COLORE-local-testbed\multidim_space_codib\consistency\conversions\atomic_curve_weak_nontrivial.all.tptp
+++ END MODEL
+++ RESULT: Satisfiable
SZS status Satisfiable for E:\COLORE-local-testbed\multidim_space_codib\consistency\conversions\atomic_curve_weak_nontrivial.all.tptp
============================= C:\Reasoning\paradox3 ================================
execution finished: Fri Aug 01 12:20:54 2014
total CPU time used: 0
The command was "C:\Reasoning\paradox3 --time 600 --verbose 2 --model --tstp E:\COLORE-local-testbed\multidim_space_codib\consistency\conversions\atomic_curve_weak_nontrivial.all.tptp"
Input read from 
============================ end of footer ===========================
