============================== Prover9 ===============================
Prover9 (64) version 2009-11A, November 2009.
Process 28582 was started by torsten on stl-ws2,
Thu Aug  8 17:54:06 2013
The command was "prover9 -t600 -f /stl/torsten/git/macleod/qs/multidim_mereotopology_cont/p9/cont_c_ext.p9 /stl/torsten/git/macleod/qs/multidim_mereotopology_codi/definitions/p9/po.p9 /stl/torsten/git/macleod/qs/multidim_mereotopology_cont/definitions/p9/c.p9 /stl/torsten/git/macleod/qs/multidim_mereotopology_dim/definitions/p9/dim_defs.p9 /stl/torsten/git/macleod/qs/multidim_mereotopology_omt/definitions/p9/separates.p9 /stl/torsten/git/macleod/qs/multidim_mereotopology_codi/definitions/p9/min_max_in_dim.p9 /stl/torsten/git/macleod/qs/multidim_mereotopology_codi/definitions/p9/sc.p9 /stl/torsten/git/macleod/qs/multidim_mereotopology_codi/definitions/p9/epp.p9 /stl/torsten/git/macleod/qs/multidim_mereotopology_codi/definitions/p9/inc.p9 /stl/torsten/git/macleod/qs/multidim_mereotopology_codi/p9/codi_linear.p9 /stl/torsten/git/macleod/qs/multidim_mereotopology_codi/p9/codi.p9 /stl/torsten/git/macleod/qs/multidim_mereotopology_dim/definitions/p9/dim_basic_defs.p9 /stl/torsten/git/macleod/qs/between_quaternary/p9/btw_basic.p9 /stl/torsten/git/macleod/qs/between_quaternary/p9/btw.p9 /stl/torsten/git/macleod/qs/multidim_mereotopology_dim/definitions/p9/covers.p9 /stl/torsten/git/macleod/qs/multidim_mereotopology_codi/definitions/p9/ep.p9 /stl/torsten/git/macleod/qs/multidim_mereotopology_dim/p9/dim_prime_linear.p9 /stl/torsten/git/macleod/qs/multidim_mereotopology_codi/p9/codi_int.p9 /stl/torsten/git/macleod/qs/multidim_mereotopology_codi/p9/codi_down.p9 /stl/torsten/git/macleod/qs/multidim_mereotopology_dim/definitions/p9/min_max_dim.p9 /stl/torsten/git/macleod/qs/multidim_mereotopology_cont/p9/cont_basic.p9 /stl/torsten/git/macleod/qs/multidim_mereotopology_codi/definitions/p9/connected.p9 /stl/torsten/git/macleod/qs/multidim_mereotopology_dim/p9/dim_prime_linear_unbounded.p9 /stl/torsten/git/macleod/qs/multidim_mereotopology_dim/definitions/p9/eq_dim.p9 /stl/torsten/git/macleod/qs/multidim_mereotopology_cont/p9/cont_ext.p9 /stl/torsten/git/macleod/qs/multidim_mereotopology_omt/theorems/p9/separates_theorems_goal1.p9 /stl/torsten/git/macleod/qs/multidim_mereotopology_zex/p9/zex.p9 /stl/torsten/git/macleod/qs/multidim_mereotopology_codi/p9/codi_basic.p9 /stl/torsten/git/macleod/qs/multidim_mereotopology_omt/p9/omt_down.p9 /stl/torsten/git/macleod/qs/multidim_mereotopology_dim/p9/dim_basic.p9".
============================== end of head ===========================

============================== INPUT =================================

% Reading from file /stl/torsten/git/macleod/qs/multidim_mereotopology_cont/p9/cont_c_ext.p9


formulas(sos).
end_of_list.

% Reading from file /stl/torsten/git/macleod/qs/multidim_mereotopology_codi/definitions/p9/po.p9


formulas(sos).
(all x all y (PO(x,y) <-> (exists z (P(z,x) & P(z,y))))).
end_of_list.

% Reading from file /stl/torsten/git/macleod/qs/multidim_mereotopology_cont/definitions/p9/c.p9


formulas(sos).
(all x all y (C(x,y) <-> (exists z (Cont(z,x) & Cont(z,y))))).
end_of_list.

% Reading from file /stl/torsten/git/macleod/qs/multidim_mereotopology_dim/definitions/p9/dim_defs.p9


formulas(sos).
end_of_list.

% Reading from file /stl/torsten/git/macleod/qs/multidim_mereotopology_omt/definitions/p9/separates.p9


formulas(sos).
(all r all x all y all z (Separates(r,x,y,z) <-> Btw(r,x,y,z) & (EqDim(r,y) | Covers(r,y)))).
end_of_list.

% Reading from file /stl/torsten/git/macleod/qs/multidim_mereotopology_codi/definitions/p9/min_max_in_dim.p9


formulas(sos).
(all x (Max(x) <-> -ZEX(x) & (all y -PP(x,y)))).
(all x (Min(x) <-> -ZEX(x) & (all y -PP(y,x)))).
end_of_list.

% Reading from file /stl/torsten/git/macleod/qs/multidim_mereotopology_codi/definitions/p9/sc.p9


formulas(sos).
(all x all y (SC(x,y) <-> (exists z (Cont(z,x) & Cont(z,y))) & (all z (Cont(z,x) & Cont(z,y) -> z < x & z < y)))).
end_of_list.

% Reading from file /stl/torsten/git/macleod/qs/multidim_mereotopology_codi/definitions/p9/epp.p9


formulas(sos).
(all x all y (PP(x,y) <-> P(x,y) & x != y)).
end_of_list.

% Reading from file /stl/torsten/git/macleod/qs/multidim_mereotopology_codi/definitions/p9/inc.p9


formulas(sos).
(all x all y (Inc(x,y) <-> (exists z (z < x & Cont(z,x) & P(z,y))) | (exists z (z < y & Cont(z,y) & P(z,x))))).
end_of_list.

% Reading from file /stl/torsten/git/macleod/qs/multidim_mereotopology_codi/p9/codi_linear.p9


formulas(sos).
(all x all y (Cont(x,y) -> x < y | EqDim(x,y))).
end_of_list.

% Reading from file /stl/torsten/git/macleod/qs/multidim_mereotopology_codi/p9/codi.p9


formulas(sos).
end_of_list.

% Reading from file /stl/torsten/git/macleod/qs/multidim_mereotopology_dim/definitions/p9/dim_basic_defs.p9


formulas(sos).
(all x all y (x > y <-> y < x)).
(all x all y (x >= y <-> y <= x)).
(all x all y (x < y <-> x <= y & -EqDim(x,y))).
end_of_list.

% Reading from file /stl/torsten/git/macleod/qs/between_quaternary/p9/btw_basic.p9


formulas(sos).
(all r all a all b all c (Btw(r,a,b,c) -> r != a & r != a & r != a)).
(all r all a all b all c (Btw(r,a,b,c) -> a != b & a != c & b != c)).
(all r all a all b all c (Btw(r,a,b,c) -> Btw(r,c,b,a))).
(all r all a all b all c (Btw(r,a,b,c) -> -Btw(r,a,c,b))).
(all r all a all b all x all y (Btw(r,x,a,b) & Btw(r,a,b,y) -> Btw(r,x,a,y))).
(all r all a all b all x all y (Btw(r,x,a,b) & Btw(r,a,y,b) -> Btw(r,x,a,y))).
end_of_list.

% Reading from file /stl/torsten/git/macleod/qs/between_quaternary/p9/btw.p9


formulas(sos).
(all r all a all b all c all x (Btw(r,a,x,b) & Btw(r,a,x,c) -> -Btw(r,b,x,c))).
end_of_list.

% Reading from file /stl/torsten/git/macleod/qs/multidim_mereotopology_dim/definitions/p9/covers.p9


formulas(sos).
(all x all y (Covers(x,y) <-> y < x & (all z -(y < z & z < x)))).
end_of_list.

% Reading from file /stl/torsten/git/macleod/qs/multidim_mereotopology_codi/definitions/p9/ep.p9


formulas(sos).
(all x all y (P(x,y) <-> Cont(x,y) & EqDim(x,y))).
end_of_list.

% Reading from file /stl/torsten/git/macleod/qs/multidim_mereotopology_dim/p9/dim_prime_linear.p9


formulas(sos).
(exists x MinDim(x)).
end_of_list.

% Reading from file /stl/torsten/git/macleod/qs/multidim_mereotopology_codi/p9/codi_int.p9


formulas(sos).
(all x all y (-C(x,y) <-> ZEX(intersection(x,y)))).
(all x all y (-ZEX(intersection(x,y)) -> Cont(intersection(x,y),x))).
(all x all y all z (Cont(z,x) & Cont(z,y) -> z <= intersection(x,y))).
(all x all y all z (Cont(z,x) & Cont(z,y) & EqDim(z,intersection(x,y)) <-> P(z,intersection(x,y)))).
end_of_list.

% Reading from file /stl/torsten/git/macleod/qs/multidim_mereotopology_codi/p9/codi_down.p9


formulas(sos).
(all x all y (-ZEX(difference(x,y)) -> EqDim(x,difference(x,y)))).
(all x all y (y < x -> x = difference(x,y))).
(all x all y all z (x <= y & Cont(z,x) & intersection(z,y) < z -> Cont(z,difference(x,y)))).
(all x all y all z (x <= y & Cont(z,difference(x,y)) -> Cont(z,x))).
(all x all y all z (x <= y & P(z,difference(x,y)) -> intersection(z,y) < z)).
(all x all y (ZEX(difference(x,y)) <-> ZEX(x) | Cont(x,y))).
end_of_list.

% Reading from file /stl/torsten/git/macleod/qs/multidim_mereotopology_dim/definitions/p9/min_max_dim.p9


formulas(sos).
(all x (MaxDim(x) <-> (all y y <= x))).
(all x (MinDim(x) <-> -ZEX(x) & (all y (y < x -> ZEX(y))))).
end_of_list.

% Reading from file /stl/torsten/git/macleod/qs/multidim_mereotopology_cont/p9/cont_basic.p9


formulas(sos).
(all x (-ZEX(x) <-> Cont(x,x))).
(all x all y (Cont(x,y) & Cont(y,x) -> x = y)).
(all x all y all z (Cont(x,y) & Cont(y,z) -> Cont(x,z))).
(all x all y (ZEX(x) -> -Cont(y,x) & -Cont(x,y))).
(all x all y (ZEX(x) & ZEX(y) -> x = y)).
end_of_list.

% Reading from file /stl/torsten/git/macleod/qs/multidim_mereotopology_codi/definitions/p9/connected.p9


formulas(sos).
(all x (Con(x) <-> (all y (PP(y,x) -> SC(y,difference(x,y)))))).
end_of_list.

% Reading from file /stl/torsten/git/macleod/qs/multidim_mereotopology_dim/p9/dim_prime_linear_unbounded.p9


formulas(sos).
(all x x <= x).
(all x all y all z (x <= y & y <= z -> x <= z)).
(all x all y (ZEX(x) & ZEX(y) -> x = y)).
(all x all y (ZEX(x) -> x <= y)).
end_of_list.

% Reading from file /stl/torsten/git/macleod/qs/multidim_mereotopology_dim/definitions/p9/eq_dim.p9


formulas(sos).
(all x all y (EqDim(x,y) <-> x <= y & y <= x)).
end_of_list.

% Reading from file /stl/torsten/git/macleod/qs/multidim_mereotopology_cont/p9/cont_ext.p9


formulas(sos).
(all x all y ((all z (Cont(z,x) <-> Cont(z,y))) -> x = y)).
end_of_list.

% Reading from file /stl/torsten/git/macleod/qs/multidim_mereotopology_omt/theorems/p9/separates_theorems_goal1.p9


formulas(goals).
(all r all x all y all z (Separates(r,x,y,z) -> (exists w (Con(w) & Cont(x,w) & Cont(y,w))))).
end_of_list.

% Reading from file /stl/torsten/git/macleod/qs/multidim_mereotopology_zex/p9/zex.p9


formulas(sos).
(exists x ZEX(x)).
end_of_list.

% Reading from file /stl/torsten/git/macleod/qs/multidim_mereotopology_codi/p9/codi_basic.p9


formulas(sos).
(all x all y (Cont(x,y) -> x < y | EqDim(x,y))).
end_of_list.

% Reading from file /stl/torsten/git/macleod/qs/multidim_mereotopology_omt/p9/omt_down.p9


formulas(sos).
(all r all x all y all z (Btw(r,x,y,z) -> Con(r) & Cont(x,r) & Cont(y,r) & Cont(z,r) & -Cont(x,y) & -Cont(z,y))).
(all r all v all x all y all z (Btw(r,x,y,z) & Cont(v,r) & Con(v) & C(v,x) & C(v,z) -> C(v,y))).
(all x (Max(x) -> Con(x))).
end_of_list.

% Reading from file /stl/torsten/git/macleod/qs/multidim_mereotopology_dim/p9/dim_basic.p9


formulas(sos).
(all x -(x < x)).
(all x all y (x < y -> -(y < x))).
(all x all y all z (x < y & y < z -> x < z)).
(all x EqDim(x,x)).
(all x all y (EqDim(x,y) -> EqDim(y,x))).
(all x all y all z (EqDim(x,y) & EqDim(y,z) -> EqDim(x,z))).
(all x all y (x < y -> -EqDim(x,y))).
(all x all y all z (EqDim(x,y) -> (z < x -> z < y))).
(all x all y all z (EqDim(x,y) -> (x < z -> y < z))).
(exists x (-ZEX(x) & (all y (y < x -> ZEX(y))))).
(all x all y (ZEX(x) & ZEX(y) -> x = y)).
(all x all y (ZEX(x) & -ZEX(y) -> x < y)).
end_of_list.

============================== end of input ==========================

% From the command line: assign(max_seconds, 600).

============================== PROCESS NON-CLAUSAL FORMULAS ==========

% Formulas that are not ordinary clauses:
1 (all x all y (PO(x,y) <-> (exists z (P(z,x) & P(z,y))))) # label(non_clause).  [assumption].
2 (all x all y (C(x,y) <-> (exists z (Cont(z,x) & Cont(z,y))))) # label(non_clause).  [assumption].
3 (all r all x all y all z (Separates(r,x,y,z) <-> Btw(r,x,y,z) & (EqDim(r,y) | Covers(r,y)))) # label(non_clause).  [assumption].
4 (all x (Max(x) <-> -ZEX(x) & (all y -PP(x,y)))) # label(non_clause).  [assumption].
5 (all x (Min(x) <-> -ZEX(x) & (all y -PP(y,x)))) # label(non_clause).  [assumption].
6 (all x all y (SC(x,y) <-> (exists z (Cont(z,x) & Cont(z,y))) & (all z (Cont(z,x) & Cont(z,y) -> z < x & z < y)))) # label(non_clause).  [assumption].
7 (all x all y (PP(x,y) <-> P(x,y) & x != y)) # label(non_clause).  [assumption].
8 (all x all y (Inc(x,y) <-> (exists z (z < x & Cont(z,x) & P(z,y))) | (exists z (z < y & Cont(z,y) & P(z,x))))) # label(non_clause).  [assumption].
9 (all x all y (Cont(x,y) -> x < y | EqDim(x,y))) # label(non_clause).  [assumption].
10 (all x all y (x > y <-> y < x)) # label(non_clause).  [assumption].
11 (all x all y (x >= y <-> y <= x)) # label(non_clause).  [assumption].
12 (all x all y (x < y <-> x <= y & -EqDim(x,y))) # label(non_clause).  [assumption].
13 (all r all a all b all c (Btw(r,a,b,c) -> r != a & r != a & r != a)) # label(non_clause).  [assumption].
14 (all r all a all b all c (Btw(r,a,b,c) -> a != b & a != c & b != c)) # label(non_clause).  [assumption].
15 (all r all a all b all c (Btw(r,a,b,c) -> Btw(r,c,b,a))) # label(non_clause).  [assumption].
16 (all r all a all b all c (Btw(r,a,b,c) -> -Btw(r,a,c,b))) # label(non_clause).  [assumption].
17 (all r all a all b all x all y (Btw(r,x,a,b) & Btw(r,a,b,y) -> Btw(r,x,a,y))) # label(non_clause).  [assumption].
18 (all r all a all b all x all y (Btw(r,x,a,b) & Btw(r,a,y,b) -> Btw(r,x,a,y))) # label(non_clause).  [assumption].
19 (all r all a all b all c all x (Btw(r,a,x,b) & Btw(r,a,x,c) -> -Btw(r,b,x,c))) # label(non_clause).  [assumption].
20 (all x all y (Covers(x,y) <-> y < x & (all z -(y < z & z < x)))) # label(non_clause).  [assumption].
21 (all x all y (P(x,y) <-> Cont(x,y) & EqDim(x,y))) # label(non_clause).  [assumption].
22 (exists x MinDim(x)) # label(non_clause).  [assumption].
23 (all x all y (-C(x,y) <-> ZEX(intersection(x,y)))) # label(non_clause).  [assumption].
24 (all x all y (-ZEX(intersection(x,y)) -> Cont(intersection(x,y),x))) # label(non_clause).  [assumption].
25 (all x all y all z (Cont(z,x) & Cont(z,y) -> z <= intersection(x,y))) # label(non_clause).  [assumption].
26 (all x all y all z (Cont(z,x) & Cont(z,y) & EqDim(z,intersection(x,y)) <-> P(z,intersection(x,y)))) # label(non_clause).  [assumption].
27 (all x all y (-ZEX(difference(x,y)) -> EqDim(x,difference(x,y)))) # label(non_clause).  [assumption].
28 (all x all y (y < x -> x = difference(x,y))) # label(non_clause).  [assumption].
29 (all x all y all z (x <= y & Cont(z,x) & intersection(z,y) < z -> Cont(z,difference(x,y)))) # label(non_clause).  [assumption].
30 (all x all y all z (x <= y & Cont(z,difference(x,y)) -> Cont(z,x))) # label(non_clause).  [assumption].
31 (all x all y all z (x <= y & P(z,difference(x,y)) -> intersection(z,y) < z)) # label(non_clause).  [assumption].
32 (all x all y (ZEX(difference(x,y)) <-> ZEX(x) | Cont(x,y))) # label(non_clause).  [assumption].
33 (all x (MaxDim(x) <-> (all y y <= x))) # label(non_clause).  [assumption].
34 (all x (MinDim(x) <-> -ZEX(x) & (all y (y < x -> ZEX(y))))) # label(non_clause).  [assumption].
35 (all x (-ZEX(x) <-> Cont(x,x))) # label(non_clause).  [assumption].
36 (all x all y (Cont(x,y) & Cont(y,x) -> x = y)) # label(non_clause).  [assumption].
37 (all x all y all z (Cont(x,y) & Cont(y,z) -> Cont(x,z))) # label(non_clause).  [assumption].
38 (all x all y (ZEX(x) -> -Cont(y,x) & -Cont(x,y))) # label(non_clause).  [assumption].
39 (all x all y (ZEX(x) & ZEX(y) -> x = y)) # label(non_clause).  [assumption].
40 (all x (Con(x) <-> (all y (PP(y,x) -> SC(y,difference(x,y)))))) # label(non_clause).  [assumption].
41 (all x x <= x) # label(non_clause).  [assumption].
42 (all x all y all z (x <= y & y <= z -> x <= z)) # label(non_clause).  [assumption].
43 (all x all y (ZEX(x) & ZEX(y) -> x = y)) # label(non_clause).  [assumption].
44 (all x all y (ZEX(x) -> x <= y)) # label(non_clause).  [assumption].
45 (all x all y (EqDim(x,y) <-> x <= y & y <= x)) # label(non_clause).  [assumption].
46 (all x all y ((all z (Cont(z,x) <-> Cont(z,y))) -> x = y)) # label(non_clause).  [assumption].
47 (exists x ZEX(x)) # label(non_clause).  [assumption].
48 (all x all y (Cont(x,y) -> x < y | EqDim(x,y))) # label(non_clause).  [assumption].
49 (all r all x all y all z (Btw(r,x,y,z) -> Con(r) & Cont(x,r) & Cont(y,r) & Cont(z,r) & -Cont(x,y) & -Cont(z,y))) # label(non_clause).  [assumption].
50 (all r all v all x all y all z (Btw(r,x,y,z) & Cont(v,r) & Con(v) & C(v,x) & C(v,z) -> C(v,y))) # label(non_clause).  [assumption].
51 (all x (Max(x) -> Con(x))) # label(non_clause).  [assumption].
52 (all x -(x < x)) # label(non_clause).  [assumption].
53 (all x all y (x < y -> -(y < x))) # label(non_clause).  [assumption].
54 (all x all y all z (x < y & y < z -> x < z)) # label(non_clause).  [assumption].
55 (all x EqDim(x,x)) # label(non_clause).  [assumption].
56 (all x all y (EqDim(x,y) -> EqDim(y,x))) # label(non_clause).  [assumption].
57 (all x all y all z (EqDim(x,y) & EqDim(y,z) -> EqDim(x,z))) # label(non_clause).  [assumption].
58 (all x all y (x < y -> -EqDim(x,y))) # label(non_clause).  [assumption].
59 (all x all y all z (EqDim(x,y) -> (z < x -> z < y))) # label(non_clause).  [assumption].
60 (all x all y all z (EqDim(x,y) -> (x < z -> y < z))) # label(non_clause).  [assumption].
61 (exists x (-ZEX(x) & (all y (y < x -> ZEX(y))))) # label(non_clause).  [assumption].
62 (all x all y (ZEX(x) & ZEX(y) -> x = y)) # label(non_clause).  [assumption].
63 (all x all y (ZEX(x) & -ZEX(y) -> x < y)) # label(non_clause).  [assumption].
64 (all r all x all y all z (Separates(r,x,y,z) -> (exists w (Con(w) & Cont(x,w) & Cont(y,w))))) # label(non_clause) # label(goal).  [goal].

============================== end of process non-clausal formulas ===

============================== PROCESS INITIAL CLAUSES ===============

% Clauses before input processing:

formulas(usable).
end_of_list.

formulas(sos).
-PO(x,y) | P(f1(x,y),x).  [clausify(1)].
-PO(x,y) | P(f1(x,y),y).  [clausify(1)].
PO(x,y) | -P(z,x) | -P(z,y).  [clausify(1)].
-C(x,y) | Cont(f2(x,y),x).  [clausify(2)].
-C(x,y) | Cont(f2(x,y),y).  [clausify(2)].
C(x,y) | -Cont(z,x) | -Cont(z,y).  [clausify(2)].
-Separates(x,y,z,u) | Btw(x,y,z,u).  [clausify(3)].
-Separates(x,y,z,u) | EqDim(x,z) | Covers(x,z).  [clausify(3)].
Separates(x,y,z,u) | -Btw(x,y,z,u) | -EqDim(x,z).  [clausify(3)].
Separates(x,y,z,u) | -Btw(x,y,z,u) | -Covers(x,z).  [clausify(3)].
-Max(x) | -ZEX(x).  [clausify(4)].
-Max(x) | -PP(x,y).  [clausify(4)].
Max(x) | ZEX(x) | PP(x,f3(x)).  [clausify(4)].
-Min(x) | -ZEX(x).  [clausify(5)].
-Min(x) | -PP(y,x).  [clausify(5)].
Min(x) | ZEX(x) | PP(f4(x),x).  [clausify(5)].
-SC(x,y) | Cont(f5(x,y),x).  [clausify(6)].
-SC(x,y) | Cont(f5(x,y),y).  [clausify(6)].
-SC(x,y) | -Cont(z,x) | -Cont(z,y) | z < x.  [clausify(6)].
-SC(x,y) | -Cont(z,x) | -Cont(z,y) | z < y.  [clausify(6)].
SC(x,y) | -Cont(z,x) | -Cont(z,y) | Cont(f6(x,y),x).  [clausify(6)].
SC(x,y) | -Cont(z,x) | -Cont(z,y) | Cont(f6(x,y),y).  [clausify(6)].
SC(x,y) | -Cont(z,x) | -Cont(z,y) | -(f6(x,y) < x) | -(f6(x,y) < y).  [clausify(6)].
-PP(x,y) | P(x,y).  [clausify(7)].
-PP(x,y) | y != x.  [clausify(7)].
PP(x,y) | -P(x,y) | y = x.  [clausify(7)].
-Inc(x,y) | f7(x,y) < x | f8(x,y) < y.  [clausify(8)].
-Inc(x,y) | f7(x,y) < x | Cont(f8(x,y),y).  [clausify(8)].
-Inc(x,y) | f7(x,y) < x | P(f8(x,y),x).  [clausify(8)].
-Inc(x,y) | Cont(f7(x,y),x) | f8(x,y) < y.  [clausify(8)].
-Inc(x,y) | Cont(f7(x,y),x) | Cont(f8(x,y),y).  [clausify(8)].
-Inc(x,y) | Cont(f7(x,y),x) | P(f8(x,y),x).  [clausify(8)].
-Inc(x,y) | P(f7(x,y),y) | f8(x,y) < y.  [clausify(8)].
-Inc(x,y) | P(f7(x,y),y) | Cont(f8(x,y),y).  [clausify(8)].
-Inc(x,y) | P(f7(x,y),y) | P(f8(x,y),x).  [clausify(8)].
Inc(x,y) | -(z < x) | -Cont(z,x) | -P(z,y).  [clausify(8)].
Inc(x,y) | -(z < y) | -Cont(z,y) | -P(z,x).  [clausify(8)].
-Cont(x,y) | x < y | EqDim(x,y).  [clausify(9)].
-(x > y) | y < x.  [clausify(10)].
x > y | -(y < x).  [clausify(10)].
-(x >= y) | y <= x.  [clausify(11)].
x >= y | -(y <= x).  [clausify(11)].
-(x < y) | x <= y.  [clausify(12)].
-(x < y) | -EqDim(x,y).  [clausify(12)].
x < y | -(x <= y) | EqDim(x,y).  [clausify(12)].
-Btw(x,y,z,u) | y != x.  [clausify(13)].
-Btw(x,y,z,u) | z != y.  [clausify(14)].
-Btw(x,y,z,u) | u != y.  [clausify(14)].
-Btw(x,y,z,u) | u != z.  [clausify(14)].
-Btw(x,y,z,u) | Btw(x,u,z,y).  [clausify(15)].
-Btw(x,y,z,u) | -Btw(x,y,u,z).  [clausify(16)].
-Btw(x,y,z,u) | -Btw(x,z,u,w) | Btw(x,y,z,w).  [clausify(17)].
-Btw(x,y,z,u) | -Btw(x,z,w,u) | Btw(x,y,z,w).  [clausify(18)].
-Btw(x,y,z,u) | -Btw(x,y,z,w) | -Btw(x,u,z,w).  [clausify(19)].
-Covers(x,y) | y < x.  [clausify(20)].
-Covers(x,y) | -(y < z) | -(z < x).  [clausify(20)].
Covers(x,y) | -(y < x) | y < f9(x,y).  [clausify(20)].
Covers(x,y) | -(y < x) | f9(x,y) < x.  [clausify(20)].
-P(x,y) | Cont(x,y).  [clausify(21)].
-P(x,y) | EqDim(x,y).  [clausify(21)].
P(x,y) | -Cont(x,y) | -EqDim(x,y).  [clausify(21)].
MinDim(c1).  [clausify(22)].
C(x,y) | ZEX(intersection(x,y)).  [clausify(23)].
-C(x,y) | -ZEX(intersection(x,y)).  [clausify(23)].
ZEX(intersection(x,y)) | Cont(intersection(x,y),x).  [clausify(24)].
-Cont(x,y) | -Cont(x,z) | x <= intersection(y,z).  [clausify(25)].
-Cont(x,y) | -Cont(x,z) | -EqDim(x,intersection(y,z)) | P(x,intersection(y,z)).  [clausify(26)].
Cont(x,y) | -P(x,intersection(y,z)).  [clausify(26)].
Cont(x,y) | -P(x,intersection(z,y)).  [clausify(26)].
EqDim(x,intersection(y,z)) | -P(x,intersection(y,z)).  [clausify(26)].
ZEX(difference(x,y)) | EqDim(x,difference(x,y)).  [clausify(27)].
-(x < y) | difference(y,x) = y.  [clausify(28)].
-(x <= y) | -Cont(z,x) | -(intersection(z,y) < z) | Cont(z,difference(x,y)).  [clausify(29)].
-(x <= y) | -Cont(z,difference(x,y)) | Cont(z,x).  [clausify(30)].
-(x <= y) | -P(z,difference(x,y)) | intersection(z,y) < z.  [clausify(31)].
-ZEX(difference(x,y)) | ZEX(x) | Cont(x,y).  [clausify(32)].
ZEX(difference(x,y)) | -ZEX(x).  [clausify(32)].
ZEX(difference(x,y)) | -Cont(x,y).  [clausify(32)].
-MaxDim(x) | y <= x.  [clausify(33)].
MaxDim(x) | -(f10(x) <= x).  [clausify(33)].
-MinDim(x) | -ZEX(x).  [clausify(34)].
-MinDim(x) | -(y < x) | ZEX(y).  [clausify(34)].
MinDim(x) | ZEX(x) | f11(x) < x.  [clausify(34)].
MinDim(x) | ZEX(x) | -ZEX(f11(x)).  [clausify(34)].
ZEX(x) | Cont(x,x).  [clausify(35)].
-ZEX(x) | -Cont(x,x).  [clausify(35)].
-Cont(x,y) | -Cont(y,x) | y = x.  [clausify(36)].
-Cont(x,y) | -Cont(y,z) | Cont(x,z).  [clausify(37)].
-ZEX(x) | -Cont(y,x).  [clausify(38)].
-ZEX(x) | -Cont(x,y).  [clausify(38)].
-ZEX(x) | -ZEX(y) | y = x.  [clausify(39)].
-Con(x) | -PP(y,x) | SC(y,difference(x,y)).  [clausify(40)].
Con(x) | PP(f12(x),x).  [clausify(40)].
Con(x) | -SC(f12(x),difference(x,f12(x))).  [clausify(40)].
x <= x.  [clausify(41)].
-(x <= y) | -(y <= z) | x <= z.  [clausify(42)].
-ZEX(x) | -ZEX(y) | y = x.  [clausify(43)].
-ZEX(x) | x <= y.  [clausify(44)].
-EqDim(x,y) | x <= y.  [clausify(45)].
-EqDim(x,y) | y <= x.  [clausify(45)].
EqDim(x,y) | -(x <= y) | -(y <= x).  [clausify(45)].
Cont(f13(x,y),x) | Cont(f13(x,y),y) | y = x.  [clausify(46)].
-Cont(f13(x,y),x) | -Cont(f13(x,y),y) | y = x.  [clausify(46)].
ZEX(c2).  [clausify(47)].
-Cont(x,y) | x < y | EqDim(x,y).  [clausify(48)].
-Btw(x,y,z,u) | Con(x).  [clausify(49)].
-Btw(x,y,z,u) | Cont(y,x).  [clausify(49)].
-Btw(x,y,z,u) | Cont(z,x).  [clausify(49)].
-Btw(x,y,z,u) | Cont(u,x).  [clausify(49)].
-Btw(x,y,z,u) | -Cont(y,z).  [clausify(49)].
-Btw(x,y,z,u) | -Cont(u,z).  [clausify(49)].
-Btw(x,y,z,u) | -Cont(w,x) | -Con(w) | -C(w,y) | -C(w,u) | C(w,z).  [clausify(50)].
-Max(x) | Con(x).  [clausify(51)].
-(x < x).  [clausify(52)].
-(x < y) | -(y < x).  [clausify(53)].
-(x < y) | -(y < z) | x < z.  [clausify(54)].
EqDim(x,x).  [clausify(55)].
-EqDim(x,y) | EqDim(y,x).  [clausify(56)].
-EqDim(x,y) | -EqDim(y,z) | EqDim(x,z).  [clausify(57)].
-(x < y) | -EqDim(x,y).  [clausify(58)].
-EqDim(x,y) | -(z < x) | z < y.  [clausify(59)].
-EqDim(x,y) | -(x < z) | y < z.  [clausify(60)].
-ZEX(c3).  [clausify(61)].
-(x < c3) | ZEX(x).  [clausify(61)].
-ZEX(x) | -ZEX(y) | y = x.  [clausify(62)].
-ZEX(x) | ZEX(y) | x < y.  [clausify(63)].
Separates(c4,c5,c6,c7).  [deny(64)].
-Con(x) | -Cont(c5,x) | -Cont(c6,x).  [deny(64)].
end_of_list.

formulas(demodulators).
end_of_list.

============================== PREDICATE ELIMINATION =================

Eliminating PO/2
65 PO(x,y) | -P(z,x) | -P(z,y).  [clausify(1)].
66 -PO(x,y) | P(f1(x,y),x).  [clausify(1)].
67 -PO(x,y) | P(f1(x,y),y).  [clausify(1)].
Derived: -P(x,y) | -P(x,z) | P(f1(y,z),y).  [resolve(65,a,66,a)].
Derived: -P(x,y) | -P(x,z) | P(f1(y,z),z).  [resolve(65,a,67,a)].

Eliminating Separates/4
68 Separates(x,y,z,u) | -Btw(x,y,z,u) | -EqDim(x,z).  [clausify(3)].
69 -Separates(x,y,z,u) | Btw(x,y,z,u).  [clausify(3)].
70 -Separates(x,y,z,u) | EqDim(x,z) | Covers(x,z).  [clausify(3)].
71 Separates(x,y,z,u) | -Btw(x,y,z,u) | -Covers(x,z).  [clausify(3)].
72 Separates(c4,c5,c6,c7).  [deny(64)].
Derived: Btw(c4,c5,c6,c7).  [resolve(72,a,69,a)].
Derived: EqDim(c4,c6) | Covers(c4,c6).  [resolve(72,a,70,a)].

Eliminating Max/1
73 Max(x) | ZEX(x) | PP(x,f3(x)).  [clausify(4)].
74 -Max(x) | -ZEX(x).  [clausify(4)].
75 -Max(x) | -PP(x,y).  [clausify(4)].
Derived: ZEX(x) | PP(x,f3(x)) | -PP(x,y).  [resolve(73,a,75,a)].
76 -Max(x) | Con(x).  [clausify(51)].
Derived: Con(x) | ZEX(x) | PP(x,f3(x)).  [resolve(76,a,73,a)].

Eliminating Min/1
77 Min(x) | ZEX(x) | PP(f4(x),x).  [clausify(5)].
78 -Min(x) | -ZEX(x).  [clausify(5)].
79 -Min(x) | -PP(y,x).  [clausify(5)].
Derived: ZEX(x) | PP(f4(x),x) | -PP(y,x).  [resolve(77,a,79,a)].

Eliminating Inc/2
80 Inc(x,y) | -(z < x) | -Cont(z,x) | -P(z,y).  [clausify(8)].
81 -Inc(x,y) | f7(x,y) < x | f8(x,y) < y.  [clausify(8)].
82 -Inc(x,y) | f7(x,y) < x | Cont(f8(x,y),y).  [clausify(8)].
83 -Inc(x,y) | f7(x,y) < x | P(f8(x,y),x).  [clausify(8)].
84 -Inc(x,y) | Cont(f7(x,y),x) | f8(x,y) < y.  [clausify(8)].
85 -Inc(x,y) | Cont(f7(x,y),x) | Cont(f8(x,y),y).  [clausify(8)].
86 -Inc(x,y) | Cont(f7(x,y),x) | P(f8(x,y),x).  [clausify(8)].
87 -Inc(x,y) | P(f7(x,y),y) | f8(x,y) < y.  [clausify(8)].
88 -Inc(x,y) | P(f7(x,y),y) | Cont(f8(x,y),y).  [clausify(8)].
89 -Inc(x,y) | P(f7(x,y),y) | P(f8(x,y),x).  [clausify(8)].
Derived: -(x < y) | -Cont(x,y) | -P(x,z) | f7(y,z) < y | f8(y,z) < z.  [resolve(80,a,81,a)].
Derived: -(x < y) | -Cont(x,y) | -P(x,z) | f7(y,z) < y | Cont(f8(y,z),z).  [resolve(80,a,82,a)].
Derived: -(x < y) | -Cont(x,y) | -P(x,z) | f7(y,z) < y | P(f8(y,z),y).  [resolve(80,a,83,a)].
Derived: -(x < y) | -Cont(x,y) | -P(x,z) | Cont(f7(y,z),y) | f8(y,z) < z.  [resolve(80,a,84,a)].
Derived: -(x < y) | -Cont(x,y) | -P(x,z) | Cont(f7(y,z),y) | Cont(f8(y,z),z).  [resolve(80,a,85,a)].
Derived: -(x < y) | -Cont(x,y) | -P(x,z) | Cont(f7(y,z),y) | P(f8(y,z),y).  [resolve(80,a,86,a)].
Derived: -(x < y) | -Cont(x,y) | -P(x,z) | P(f7(y,z),z) | f8(y,z) < z.  [resolve(80,a,87,a)].
Derived: -(x < y) | -Cont(x,y) | -P(x,z) | P(f7(y,z),z) | Cont(f8(y,z),z).  [resolve(80,a,88,a)].
Derived: -(x < y) | -Cont(x,y) | -P(x,z) | P(f7(y,z),z) | P(f8(y,z),y).  [resolve(80,a,89,a)].
90 Inc(x,y) | -(z < y) | -Cont(z,y) | -P(z,x).  [clausify(8)].
Derived: -(x < y) | -Cont(x,y) | -P(x,z) | f7(z,y) < z | f8(z,y) < y.  [resolve(90,a,81,a)].
Derived: -(x < y) | -Cont(x,y) | -P(x,z) | f7(z,y) < z | Cont(f8(z,y),y).  [resolve(90,a,82,a)].
Derived: -(x < y) | -Cont(x,y) | -P(x,z) | f7(z,y) < z | P(f8(z,y),z).  [resolve(90,a,83,a)].
Derived: -(x < y) | -Cont(x,y) | -P(x,z) | Cont(f7(z,y),z) | f8(z,y) < y.  [resolve(90,a,84,a)].
Derived: -(x < y) | -Cont(x,y) | -P(x,z) | Cont(f7(z,y),z) | Cont(f8(z,y),y).  [resolve(90,a,85,a)].
Derived: -(x < y) | -Cont(x,y) | -P(x,z) | Cont(f7(z,y),z) | P(f8(z,y),z).  [resolve(90,a,86,a)].
Derived: -(x < y) | -Cont(x,y) | -P(x,z) | P(f7(z,y),y) | f8(z,y) < y.  [resolve(90,a,87,a)].
Derived: -(x < y) | -Cont(x,y) | -P(x,z) | P(f7(z,y),y) | Cont(f8(z,y),y).  [resolve(90,a,88,a)].
Derived: -(x < y) | -Cont(x,y) | -P(x,z) | P(f7(z,y),y) | P(f8(z,y),z).  [resolve(90,a,89,a)].

Eliminating >/2
91 x > y | -(y < x).  [clausify(10)].
92 -(x > y) | y < x.  [clausify(10)].

Eliminating >=/2
93 x >= y | -(y <= x).  [clausify(11)].
94 -(x >= y) | y <= x.  [clausify(11)].

Eliminating Covers/2
95 Covers(x,y) | -(y < x) | y < f9(x,y).  [clausify(20)].
96 -Covers(x,y) | y < x.  [clausify(20)].
97 -Covers(x,y) | -(y < z) | -(z < x).  [clausify(20)].
Derived: -(x < y) | x < f9(y,x) | -(x < z) | -(z < y).  [resolve(95,a,97,a)].
98 Covers(x,y) | -(y < x) | f9(x,y) < x.  [clausify(20)].
Derived: -(x < y) | f9(y,x) < y | -(x < z) | -(z < y).  [resolve(98,a,97,a)].
99 EqDim(c4,c6) | Covers(c4,c6).  [resolve(72,a,70,a)].
Derived: EqDim(c4,c6) | c6 < c4.  [resolve(99,b,96,a)].
Derived: EqDim(c4,c6) | -(c6 < x) | -(x < c4).  [resolve(99,b,97,a)].

Eliminating MinDim/1
100 -MinDim(x) | -ZEX(x).  [clausify(34)].
101 MinDim(c1).  [clausify(22)].
Derived: -ZEX(c1).  [resolve(100,a,101,a)].
102 -MinDim(x) | -(y < x) | ZEX(y).  [clausify(34)].
Derived: -(x < c1) | ZEX(x).  [resolve(102,a,101,a)].
103 MinDim(x) | ZEX(x) | f11(x) < x.  [clausify(34)].
Derived: ZEX(x) | f11(x) < x | -(y < x) | ZEX(y).  [resolve(103,a,102,a)].
104 MinDim(x) | ZEX(x) | -ZEX(f11(x)).  [clausify(34)].
Derived: ZEX(x) | -ZEX(f11(x)) | -(y < x) | ZEX(y).  [resolve(104,a,102,a)].

Eliminating MaxDim/1
105 MaxDim(x) | -(f10(x) <= x).  [clausify(33)].
106 -MaxDim(x) | y <= x.  [clausify(33)].
Derived: -(f10(x) <= x) | y <= x.  [resolve(105,a,106,a)].

Eliminating Con/1
107 Con(x) | PP(f12(x),x).  [clausify(40)].
108 -Con(x) | -PP(y,x) | SC(y,difference(x,y)).  [clausify(40)].
Derived: PP(f12(x),x) | -PP(y,x) | SC(y,difference(x,y)).  [resolve(107,a,108,a)].
109 Con(x) | -SC(f12(x),difference(x,f12(x))).  [clausify(40)].
Derived: -SC(f12(x),difference(x,f12(x))) | -PP(y,x) | SC(y,difference(x,y)).  [resolve(109,a,108,a)].
110 -Btw(x,y,z,u) | Con(x).  [clausify(49)].
Derived: -Btw(x,y,z,u) | -PP(w,x) | SC(w,difference(x,w)).  [resolve(110,b,108,a)].
111 -Btw(x,y,z,u) | -Cont(w,x) | -Con(w) | -C(w,y) | -C(w,u) | C(w,z).  [clausify(50)].
Derived: -Btw(x,y,z,u) | -Cont(w,x) | -C(w,y) | -C(w,u) | C(w,z) | PP(f12(w),w).  [resolve(111,c,107,a)].
Derived: -Btw(x,y,z,u) | -Cont(w,x) | -C(w,y) | -C(w,u) | C(w,z) | -SC(f12(w),difference(w,f12(w))).  [resolve(111,c,109,a)].
Derived: -Btw(x,y,z,u) | -Cont(w,x) | -C(w,y) | -C(w,u) | C(w,z) | -Btw(w,v5,v6,v7).  [resolve(111,c,110,b)].
112 -Con(x) | -Cont(c5,x) | -Cont(c6,x).  [deny(64)].
Derived: -Cont(c5,x) | -Cont(c6,x) | PP(f12(x),x).  [resolve(112,a,107,a)].
Derived: -Cont(c5,x) | -Cont(c6,x) | -SC(f12(x),difference(x,f12(x))).  [resolve(112,a,109,a)].
Derived: -Cont(c5,x) | -Cont(c6,x) | -Btw(x,y,z,u).  [resolve(112,a,110,b)].
113 Con(x) | ZEX(x) | PP(x,f3(x)).  [resolve(76,a,73,a)].
Derived: ZEX(x) | PP(x,f3(x)) | -PP(y,x) | SC(y,difference(x,y)).  [resolve(113,a,108,a)].
Derived: ZEX(x) | PP(x,f3(x)) | -Btw(y,z,u,w) | -Cont(x,y) | -C(x,z) | -C(x,w) | C(x,u).  [resolve(113,a,111,c)].
Derived: ZEX(x) | PP(x,f3(x)) | -Cont(c5,x) | -Cont(c6,x).  [resolve(113,a,112,a)].

============================== end predicate elimination =============

Auto_denials:  (non-Horn, no changes).

Term ordering decisions:
Predicate symbol precedence:  predicate_order([ =, ZEX, Cont, <, P, EqDim, <=, C, PP, SC, Btw ]).
Function symbol precedence:  function_order([ c1, c2, c3, c4, c5, c6, c7, difference, intersection, f1, f2, f5, f6, f7, f8, f9, f13, f3, f4, f10, f11, f12 ]).
After inverse_order:  (no changes).
Unfolding symbols: (none).

Auto_inference settings:
  % set(paramodulation).  % (positive equality literals)
  % set(binary_resolution).  % (non-Horn)

Auto_process settings:
  % set(factor).  % (non-Horn)
  % set(unit_deletion).  % (non-Horn)

kept:      114 -C(x,y) | Cont(f2(x,y),x).  [clausify(2)].
kept:      115 -C(x,y) | Cont(f2(x,y),y).  [clausify(2)].
kept:      116 C(x,y) | -Cont(z,x) | -Cont(z,y).  [clausify(2)].
kept:      117 -SC(x,y) | Cont(f5(x,y),x).  [clausify(6)].
kept:      118 -SC(x,y) | Cont(f5(x,y),y).  [clausify(6)].
kept:      119 -SC(x,y) | -Cont(z,x) | -Cont(z,y) | z < x.  [clausify(6)].
kept:      120 -SC(x,y) | -Cont(z,x) | -Cont(z,y) | z < y.  [clausify(6)].
kept:      121 SC(x,y) | -Cont(z,x) | -Cont(z,y) | Cont(f6(x,y),x).  [clausify(6)].
kept:      122 SC(x,y) | -Cont(z,x) | -Cont(z,y) | Cont(f6(x,y),y).  [clausify(6)].
kept:      123 SC(x,y) | -Cont(z,x) | -Cont(z,y) | -(f6(x,y) < x) | -(f6(x,y) < y).  [clausify(6)].
kept:      124 -PP(x,y) | P(x,y).  [clausify(7)].
kept:      125 -PP(x,y) | y != x.  [clausify(7)].
kept:      126 PP(x,y) | -P(x,y) | y = x.  [clausify(7)].
kept:      127 -Cont(x,y) | x < y | EqDim(x,y).  [clausify(9)].
kept:      128 -(x < y) | x <= y.  [clausify(12)].
kept:      129 -(x < y) | -EqDim(x,y).  [clausify(12)].
kept:      130 x < y | -(x <= y) | EqDim(x,y).  [clausify(12)].
kept:      131 -Btw(x,y,z,u) | y != x.  [clausify(13)].
kept:      132 -Btw(x,y,z,u) | z != y.  [clausify(14)].
kept:      133 -Btw(x,y,z,u) | u != y.  [clausify(14)].
kept:      134 -Btw(x,y,z,u) | u != z.  [clausify(14)].
kept:      135 -Btw(x,y,z,u) | Btw(x,u,z,y).  [clausify(15)].
kept:      136 -Btw(x,y,z,u) | -Btw(x,y,u,z).  [clausify(16)].
kept:      137 -Btw(x,y,z,u) | -Btw(x,z,u,w) | Btw(x,y,z,w).  [clausify(17)].
kept:      138 -Btw(x,y,z,u) | -Btw(x,z,w,u) | Btw(x,y,z,w).  [clausify(18)].
kept:      139 -Btw(x,y,z,u) | -Btw(x,y,z,w) | -Btw(x,u,z,w).  [clausify(19)].
kept:      140 -P(x,y) | Cont(x,y).  [clausify(21)].
kept:      141 -P(x,y) | EqDim(x,y).  [clausify(21)].
kept:      142 P(x,y) | -Cont(x,y) | -EqDim(x,y).  [clausify(21)].
kept:      143 C(x,y) | ZEX(intersection(x,y)).  [clausify(23)].
kept:      144 -C(x,y) | -ZEX(intersection(x,y)).  [clausify(23)].
kept:      145 ZEX(intersection(x,y)) | Cont(intersection(x,y),x).  [clausify(24)].
kept:      146 -Cont(x,y) | -Cont(x,z) | x <= intersection(y,z).  [clausify(25)].
kept:      147 -Cont(x,y) | -Cont(x,z) | -EqDim(x,intersection(y,z)) | P(x,intersection(y,z)).  [clausify(26)].
kept:      148 Cont(x,y) | -P(x,intersection(y,z)).  [clausify(26)].
kept:      149 Cont(x,y) | -P(x,intersection(z,y)).  [clausify(26)].
kept:      150 ZEX(difference(x,y)) | EqDim(x,difference(x,y)).  [clausify(27)].
kept:      151 -(x < y) | difference(y,x) = y.  [clausify(28)].
kept:      152 -(x <= y) | -Cont(z,x) | -(intersection(z,y) < z) | Cont(z,difference(x,y)).  [clausify(29)].
kept:      153 -(x <= y) | -Cont(z,difference(x,y)) | Cont(z,x).  [clausify(30)].
kept:      154 -(x <= y) | -P(z,difference(x,y)) | intersection(z,y) < z.  [clausify(31)].
kept:      155 -ZEX(difference(x,y)) | ZEX(x) | Cont(x,y).  [clausify(32)].
kept:      156 ZEX(difference(x,y)) | -ZEX(x).  [clausify(32)].
kept:      157 ZEX(difference(x,y)) | -Cont(x,y).  [clausify(32)].
kept:      158 ZEX(x) | Cont(x,x).  [clausify(35)].
kept:      159 -ZEX(x) | -Cont(x,x).  [clausify(35)].
kept:      160 -Cont(x,y) | -Cont(y,x) | y = x.  [clausify(36)].
kept:      161 -Cont(x,y) | -Cont(y,z) | Cont(x,z).  [clausify(37)].
kept:      162 -ZEX(x) | -Cont(y,x).  [clausify(38)].
kept:      163 -ZEX(x) | -Cont(x,y).  [clausify(38)].
kept:      164 -ZEX(x) | -ZEX(y) | y = x.  [clausify(39)].
kept:      165 x <= x.  [clausify(41)].
kept:      166 -(x <= y) | -(y <= z) | x <= z.  [clausify(42)].
kept:      167 -ZEX(x) | x <= y.  [clausify(44)].
kept:      168 -EqDim(x,y) | x <= y.  [clausify(45)].
kept:      169 -EqDim(x,y) | y <= x.  [clausify(45)].
kept:      170 EqDim(x,y) | -(x <= y) | -(y <= x).  [clausify(45)].
kept:      171 Cont(f13(x,y),x) | Cont(f13(x,y),y) | y = x.  [clausify(46)].
kept:      172 -Cont(f13(x,y),x) | -Cont(f13(x,y),y) | y = x.  [clausify(46)].
kept:      173 ZEX(c2).  [clausify(47)].
kept:      174 -Btw(x,y,z,u) | Cont(y,x).  [clausify(49)].
kept:      175 -Btw(x,y,z,u) | Cont(z,x).  [clausify(49)].
kept:      176 -Btw(x,y,z,u) | Cont(u,x).  [clausify(49)].
kept:      177 -Btw(x,y,z,u) | -Cont(y,z).  [clausify(49)].
kept:      178 -Btw(x,y,z,u) | -Cont(u,z).  [clausify(49)].
kept:      179 -(x < x).  [clausify(52)].
kept:      180 -(x < y) | -(y < x).  [clausify(53)].
kept:      181 -(x < y) | -(y < z) | x < z.  [clausify(54)].
kept:      182 EqDim(x,x).  [clausify(55)].
kept:      183 -EqDim(x,y) | EqDim(y,x).  [clausify(56)].
kept:      184 -EqDim(x,y) | -EqDim(y,z) | EqDim(x,z).  [clausify(57)].
kept:      185 -EqDim(x,y) | -(z < x) | z < y.  [clausify(59)].
kept:      186 -EqDim(x,y) | -(x < z) | y < z.  [clausify(60)].
kept:      187 -ZEX(c3).  [clausify(61)].
kept:      188 -(x < c3) | ZEX(x).  [clausify(61)].
kept:      189 -ZEX(x) | ZEX(y) | x < y.  [clausify(63)].
kept:      190 -P(x,y) | -P(x,z) | P(f1(y,z),y).  [resolve(65,a,66,a)].
kept:      191 -P(x,y) | -P(x,z) | P(f1(y,z),z).  [resolve(65,a,67,a)].
kept:      192 Btw(c4,c5,c6,c7).  [resolve(72,a,69,a)].
kept:      193 ZEX(x) | PP(x,f3(x)) | -PP(x,y).  [resolve(73,a,75,a)].
kept:      194 ZEX(x) | PP(f4(x),x) | -PP(y,x).  [resolve(77,a,79,a)].
kept:      195 -(x < y) | -Cont(x,y) | -P(x,z) | f7(y,z) < y | f8(y,z) < z.  [resolve(80,a,81,a)].
kept:      196 -(x < y) | -Cont(x,y) | -P(x,z) | f7(y,z) < y | Cont(f8(y,z),z).  [resolve(80,a,82,a)].
kept:      197 -(x < y) | -Cont(x,y) | -P(x,z) | f7(y,z) < y | P(f8(y,z),y).  [resolve(80,a,83,a)].
kept:      198 -(x < y) | -Cont(x,y) | -P(x,z) | Cont(f7(y,z),y) | f8(y,z) < z.  [resolve(80,a,84,a)].
kept:      199 -(x < y) | -Cont(x,y) | -P(x,z) | Cont(f7(y,z),y) | Cont(f8(y,z),z).  [resolve(80,a,85,a)].
kept:      200 -(x < y) | -Cont(x,y) | -P(x,z) | Cont(f7(y,z),y) | P(f8(y,z),y).  [resolve(80,a,86,a)].
kept:      201 -(x < y) | -Cont(x,y) | -P(x,z) | P(f7(y,z),z) | f8(y,z) < z.  [resolve(80,a,87,a)].
kept:      202 -(x < y) | -Cont(x,y) | -P(x,z) | P(f7(y,z),z) | Cont(f8(y,z),z).  [resolve(80,a,88,a)].
kept:      203 -(x < y) | -Cont(x,y) | -P(x,z) | P(f7(y,z),z) | P(f8(y,z),y).  [resolve(80,a,89,a)].
kept:      204 -(x < y) | -Cont(x,y) | -P(x,z) | f7(z,y) < z | f8(z,y) < y.  [resolve(90,a,81,a)].
kept:      205 -(x < y) | -Cont(x,y) | -P(x,z) | f7(z,y) < z | Cont(f8(z,y),y).  [resolve(90,a,82,a)].
kept:      206 -(x < y) | -Cont(x,y) | -P(x,z) | f7(z,y) < z | P(f8(z,y),z).  [resolve(90,a,83,a)].
kept:      207 -(x < y) | -Cont(x,y) | -P(x,z) | Cont(f7(z,y),z) | f8(z,y) < y.  [resolve(90,a,84,a)].
kept:      208 -(x < y) | -Cont(x,y) | -P(x,z) | Cont(f7(z,y),z) | Cont(f8(z,y),y).  [resolve(90,a,85,a)].
kept:      209 -(x < y) | -Cont(x,y) | -P(x,z) | Cont(f7(z,y),z) | P(f8(z,y),z).  [resolve(90,a,86,a)].
kept:      210 -(x < y) | -Cont(x,y) | -P(x,z) | P(f7(z,y),y) | f8(z,y) < y.  [resolve(90,a,87,a)].
kept:      211 -(x < y) | -Cont(x,y) | -P(x,z) | P(f7(z,y),y) | Cont(f8(z,y),y).  [resolve(90,a,88,a)].
kept:      212 -(x < y) | -Cont(x,y) | -P(x,z) | P(f7(z,y),y) | P(f8(z,y),z).  [resolve(90,a,89,a)].
kept:      213 -(x < y) | x < f9(y,x) | -(x < z) | -(z < y).  [resolve(95,a,97,a)].
kept:      214 -(x < y) | f9(y,x) < y | -(x < z) | -(z < y).  [resolve(98,a,97,a)].
kept:      215 EqDim(c4,c6) | c6 < c4.  [resolve(99,b,96,a)].
kept:      216 EqDim(c4,c6) | -(c6 < x) | -(x < c4).  [resolve(99,b,97,a)].
kept:      217 -ZEX(c1).  [resolve(100,a,101,a)].
kept:      218 -(x < c1) | ZEX(x).  [resolve(102,a,101,a)].
kept:      219 ZEX(x) | f11(x) < x | -(y < x) | ZEX(y).  [resolve(103,a,102,a)].
kept:      220 ZEX(x) | -ZEX(f11(x)) | -(y < x) | ZEX(y).  [resolve(104,a,102,a)].
kept:      221 -(f10(x) <= x) | y <= x.  [resolve(105,a,106,a)].
kept:      222 PP(f12(x),x) | -PP(y,x) | SC(y,difference(x,y)).  [resolve(107,a,108,a)].
kept:      223 -SC(f12(x),difference(x,f12(x))) | -PP(y,x) | SC(y,difference(x,y)).  [resolve(109,a,108,a)].
kept:      224 -Btw(x,y,z,u) | -PP(w,x) | SC(w,difference(x,w)).  [resolve(110,b,108,a)].
kept:      225 -Btw(x,y,z,u) | -Cont(w,x) | -C(w,y) | -C(w,u) | C(w,z) | PP(f12(w),w).  [resolve(111,c,107,a)].
kept:      226 -Btw(x,y,z,u) | -Cont(w,x) | -C(w,y) | -C(w,u) | C(w,z) | -SC(f12(w),difference(w,f12(w))).  [resolve(111,c,109,a)].
kept:      227 -Btw(x,y,z,u) | -Cont(w,x) | -C(w,y) | -C(w,u) | C(w,z) | -Btw(w,v5,v6,v7).  [resolve(111,c,110,b)].
kept:      228 -Cont(c5,x) | -Cont(c6,x) | PP(f12(x),x).  [resolve(112,a,107,a)].
kept:      229 -Cont(c5,x) | -Cont(c6,x) | -SC(f12(x),difference(x,f12(x))).  [resolve(112,a,109,a)].
kept:      230 -Cont(c5,x) | -Cont(c6,x) | -Btw(x,y,z,u).  [resolve(112,a,110,b)].
kept:      231 ZEX(x) | PP(x,f3(x)) | -PP(y,x) | SC(y,difference(x,y)).  [resolve(113,a,108,a)].
kept:      232 ZEX(x) | PP(x,f3(x)) | -Btw(y,z,u,w) | -Cont(x,y) | -C(x,z) | -C(x,w) | C(x,u).  [resolve(113,a,111,c)].
kept:      233 ZEX(x) | PP(x,f3(x)) | -Cont(c5,x) | -Cont(c6,x).  [resolve(113,a,112,a)].
kept:      234 C(x,x) | -Cont(y,x).  [factor(116,b,c)].
kept:      235 -SC(x,x) | -Cont(y,x) | y < x.  [factor(119,b,c)].
kept:      236 SC(x,x) | -Cont(y,x) | Cont(f6(x,x),x).  [factor(121,b,c)].
kept:      237 SC(x,x) | -Cont(y,x) | -(f6(x,x) < x).  [factor(123,b,c),merge(d)].
kept:      238 -Btw(x,y,z,z).  [factor(136,a,b)].
kept:      239 -Btw(x,y,y,z).  [factor(138,a,b),unit_del(b,238)].
kept:      240 -Btw(x,y,z,u) | -Btw(x,u,z,u).  [factor(139,a,b)].
kept:      241 -Btw(x,y,z,y).  [factor(139,a,c),merge(b)].
kept:      242 -Cont(x,y) | x <= intersection(y,y).  [factor(146,a,b)].
kept:      243 -Cont(x,y) | -EqDim(x,intersection(y,y)) | P(x,intersection(y,y)).  [factor(147,a,b)].
kept:      244 -P(x,y) | P(f1(y,y),y).  [factor(190,a,b)].
kept:      245 -Btw(x,y,z,u) | -Cont(x,x) | -C(x,y) | -C(x,u) | C(x,z).  [factor(227,a,f)].

============================== end of process initial clauses ========

============================== CLAUSES FOR SEARCH ====================

% Clauses after input processing:

formulas(usable).
end_of_list.

formulas(sos).
114 -C(x,y) | Cont(f2(x,y),x).  [clausify(2)].
115 -C(x,y) | Cont(f2(x,y),y).  [clausify(2)].
116 C(x,y) | -Cont(z,x) | -Cont(z,y).  [clausify(2)].
117 -SC(x,y) | Cont(f5(x,y),x).  [clausify(6)].
118 -SC(x,y) | Cont(f5(x,y),y).  [clausify(6)].
119 -SC(x,y) | -Cont(z,x) | -Cont(z,y) | z < x.  [clausify(6)].
120 -SC(x,y) | -Cont(z,x) | -Cont(z,y) | z < y.  [clausify(6)].
121 SC(x,y) | -Cont(z,x) | -Cont(z,y) | Cont(f6(x,y),x).  [clausify(6)].
122 SC(x,y) | -Cont(z,x) | -Cont(z,y) | Cont(f6(x,y),y).  [clausify(6)].
123 SC(x,y) | -Cont(z,x) | -Cont(z,y) | -(f6(x,y) < x) | -(f6(x,y) < y).  [clausify(6)].
124 -PP(x,y) | P(x,y).  [clausify(7)].
125 -PP(x,y) | y != x.  [clausify(7)].
126 PP(x,y) | -P(x,y) | y = x.  [clausify(7)].
127 -Cont(x,y) | x < y | EqDim(x,y).  [clausify(9)].
128 -(x < y) | x <= y.  [clausify(12)].
129 -(x < y) | -EqDim(x,y).  [clausify(12)].
130 x < y | -(x <= y) | EqDim(x,y).  [clausify(12)].
131 -Btw(x,y,z,u) | y != x.  [clausify(13)].
132 -Btw(x,y,z,u) | z != y.  [clausify(14)].
133 -Btw(x,y,z,u) | u != y.  [clausify(14)].
134 -Btw(x,y,z,u) | u != z.  [clausify(14)].
135 -Btw(x,y,z,u) | Btw(x,u,z,y).  [clausify(15)].
136 -Btw(x,y,z,u) | -Btw(x,y,u,z).  [clausify(16)].
137 -Btw(x,y,z,u) | -Btw(x,z,u,w) | Btw(x,y,z,w).  [clausify(17)].
138 -Btw(x,y,z,u) | -Btw(x,z,w,u) | Btw(x,y,z,w).  [clausify(18)].
139 -Btw(x,y,z,u) | -Btw(x,y,z,w) | -Btw(x,u,z,w).  [clausify(19)].
140 -P(x,y) | Cont(x,y).  [clausify(21)].
141 -P(x,y) | EqDim(x,y).  [clausify(21)].
142 P(x,y) | -Cont(x,y) | -EqDim(x,y).  [clausify(21)].
143 C(x,y) | ZEX(intersection(x,y)).  [clausify(23)].
144 -C(x,y) | -ZEX(intersection(x,y)).  [clausify(23)].
145 ZEX(intersection(x,y)) | Cont(intersection(x,y),x).  [clausify(24)].
146 -Cont(x,y) | -Cont(x,z) | x <= intersection(y,z).  [clausify(25)].
147 -Cont(x,y) | -Cont(x,z) | -EqDim(x,intersection(y,z)) | P(x,intersection(y,z)).  [clausify(26)].
148 Cont(x,y) | -P(x,intersection(y,z)).  [clausify(26)].
149 Cont(x,y) | -P(x,intersection(z,y)).  [clausify(26)].
150 ZEX(difference(x,y)) | EqDim(x,difference(x,y)).  [clausify(27)].
151 -(x < y) | difference(y,x) = y.  [clausify(28)].
152 -(x <= y) | -Cont(z,x) | -(intersection(z,y) < z) | Cont(z,difference(x,y)).  [clausify(29)].
153 -(x <= y) | -Cont(z,difference(x,y)) | Cont(z,x).  [clausify(30)].
154 -(x <= y) | -P(z,difference(x,y)) | intersection(z,y) < z.  [clausify(31)].
155 -ZEX(difference(x,y)) | ZEX(x) | Cont(x,y).  [clausify(32)].
156 ZEX(difference(x,y)) | -ZEX(x).  [clausify(32)].
157 ZEX(difference(x,y)) | -Cont(x,y).  [clausify(32)].
158 ZEX(x) | Cont(x,x).  [clausify(35)].
160 -Cont(x,y) | -Cont(y,x) | y = x.  [clausify(36)].
161 -Cont(x,y) | -Cont(y,z) | Cont(x,z).  [clausify(37)].
162 -ZEX(x) | -Cont(y,x).  [clausify(38)].
163 -ZEX(x) | -Cont(x,y).  [clausify(38)].
164 -ZEX(x) | -ZEX(y) | y = x.  [clausify(39)].
165 x <= x.  [clausify(41)].
166 -(x <= y) | -(y <= z) | x <= z.  [clausify(42)].
167 -ZEX(x) | x <= y.  [clausify(44)].
168 -EqDim(x,y) | x <= y.  [clausify(45)].
169 -EqDim(x,y) | y <= x.  [clausify(45)].
170 EqDim(x,y) | -(x <= y) | -(y <= x).  [clausify(45)].
171 Cont(f13(x,y),x) | Cont(f13(x,y),y) | y = x.  [clausify(46)].
172 -Cont(f13(x,y),x) | -Cont(f13(x,y),y) | y = x.  [clausify(46)].
173 ZEX(c2).  [clausify(47)].
174 -Btw(x,y,z,u) | Cont(y,x).  [clausify(49)].
175 -Btw(x,y,z,u) | Cont(z,x).  [clausify(49)].
176 -Btw(x,y,z,u) | Cont(u,x).  [clausify(49)].
177 -Btw(x,y,z,u) | -Cont(y,z).  [clausify(49)].
178 -Btw(x,y,z,u) | -Cont(u,z).  [clausify(49)].
179 -(x < x).  [clausify(52)].
180 -(x < y) | -(y < x).  [clausify(53)].
181 -(x < y) | -(y < z) | x < z.  [clausify(54)].
182 EqDim(x,x).  [clausify(55)].
183 -EqDim(x,y) | EqDim(y,x).  [clausify(56)].
184 -EqDim(x,y) | -EqDim(y,z) | EqDim(x,z).  [clausify(57)].
185 -EqDim(x,y) | -(z < x) | z < y.  [clausify(59)].
186 -EqDim(x,y) | -(x < z) | y < z.  [clausify(60)].
187 -ZEX(c3).  [clausify(61)].
188 -(x < c3) | ZEX(x).  [clausify(61)].
189 -ZEX(x) | ZEX(y) | x < y.  [clausify(63)].
190 -P(x,y) | -P(x,z) | P(f1(y,z),y).  [resolve(65,a,66,a)].
191 -P(x,y) | -P(x,z) | P(f1(y,z),z).  [resolve(65,a,67,a)].
192 Btw(c4,c5,c6,c7).  [resolve(72,a,69,a)].
193 ZEX(x) | PP(x,f3(x)) | -PP(x,y).  [resolve(73,a,75,a)].
194 ZEX(x) | PP(f4(x),x) | -PP(y,x).  [resolve(77,a,79,a)].
195 -(x < y) | -Cont(x,y) | -P(x,z) | f7(y,z) < y | f8(y,z) < z.  [resolve(80,a,81,a)].
196 -(x < y) | -Cont(x,y) | -P(x,z) | f7(y,z) < y | Cont(f8(y,z),z).  [resolve(80,a,82,a)].
197 -(x < y) | -Cont(x,y) | -P(x,z) | f7(y,z) < y | P(f8(y,z),y).  [resolve(80,a,83,a)].
198 -(x < y) | -Cont(x,y) | -P(x,z) | Cont(f7(y,z),y) | f8(y,z) < z.  [resolve(80,a,84,a)].
199 -(x < y) | -Cont(x,y) | -P(x,z) | Cont(f7(y,z),y) | Cont(f8(y,z),z).  [resolve(80,a,85,a)].
200 -(x < y) | -Cont(x,y) | -P(x,z) | Cont(f7(y,z),y) | P(f8(y,z),y).  [resolve(80,a,86,a)].
201 -(x < y) | -Cont(x,y) | -P(x,z) | P(f7(y,z),z) | f8(y,z) < z.  [resolve(80,a,87,a)].
202 -(x < y) | -Cont(x,y) | -P(x,z) | P(f7(y,z),z) | Cont(f8(y,z),z).  [resolve(80,a,88,a)].
203 -(x < y) | -Cont(x,y) | -P(x,z) | P(f7(y,z),z) | P(f8(y,z),y).  [resolve(80,a,89,a)].
204 -(x < y) | -Cont(x,y) | -P(x,z) | f7(z,y) < z | f8(z,y) < y.  [resolve(90,a,81,a)].
205 -(x < y) | -Cont(x,y) | -P(x,z) | f7(z,y) < z | Cont(f8(z,y),y).  [resolve(90,a,82,a)].
206 -(x < y) | -Cont(x,y) | -P(x,z) | f7(z,y) < z | P(f8(z,y),z).  [resolve(90,a,83,a)].
207 -(x < y) | -Cont(x,y) | -P(x,z) | Cont(f7(z,y),z) | f8(z,y) < y.  [resolve(90,a,84,a)].
208 -(x < y) | -Cont(x,y) | -P(x,z) | Cont(f7(z,y),z) | Cont(f8(z,y),y).  [resolve(90,a,85,a)].
209 -(x < y) | -Cont(x,y) | -P(x,z) | Cont(f7(z,y),z) | P(f8(z,y),z).  [resolve(90,a,86,a)].
210 -(x < y) | -Cont(x,y) | -P(x,z) | P(f7(z,y),y) | f8(z,y) < y.  [resolve(90,a,87,a)].
211 -(x < y) | -Cont(x,y) | -P(x,z) | P(f7(z,y),y) | Cont(f8(z,y),y).  [resolve(90,a,88,a)].
212 -(x < y) | -Cont(x,y) | -P(x,z) | P(f7(z,y),y) | P(f8(z,y),z).  [resolve(90,a,89,a)].
213 -(x < y) | x < f9(y,x) | -(x < z) | -(z < y).  [resolve(95,a,97,a)].
214 -(x < y) | f9(y,x) < y | -(x < z) | -(z < y).  [resolve(98,a,97,a)].
215 EqDim(c4,c6) | c6 < c4.  [resolve(99,b,96,a)].
216 EqDim(c4,c6) | -(c6 < x) | -(x < c4).  [resolve(99,b,97,a)].
217 -ZEX(c1).  [resolve(100,a,101,a)].
218 -(x < c1) | ZEX(x).  [resolve(102,a,101,a)].
219 ZEX(x) | f11(x) < x | -(y < x) | ZEX(y).  [resolve(103,a,102,a)].
220 ZEX(x) | -ZEX(f11(x)) | -(y < x) | ZEX(y).  [resolve(104,a,102,a)].
221 -(f10(x) <= x) | y <= x.  [resolve(105,a,106,a)].
222 PP(f12(x),x) | -PP(y,x) | SC(y,difference(x,y)).  [resolve(107,a,108,a)].
223 -SC(f12(x),difference(x,f12(x))) | -PP(y,x) | SC(y,difference(x,y)).  [resolve(109,a,108,a)].
224 -Btw(x,y,z,u) | -PP(w,x) | SC(w,difference(x,w)).  [resolve(110,b,108,a)].
225 -Btw(x,y,z,u) | -Cont(w,x) | -C(w,y) | -C(w,u) | C(w,z) | PP(f12(w),w).  [resolve(111,c,107,a)].
226 -Btw(x,y,z,u) | -Cont(w,x) | -C(w,y) | -C(w,u) | C(w,z) | -SC(f12(w),difference(w,f12(w))).  [resolve(111,c,109,a)].
227 -Btw(x,y,z,u) | -Cont(w,x) | -C(w,y) | -C(w,u) | C(w,z) | -Btw(w,v5,v6,v7).  [resolve(111,c,110,b)].
228 -Cont(c5,x) | -Cont(c6,x) | PP(f12(x),x).  [resolve(112,a,107,a)].
229 -Cont(c5,x) | -Cont(c6,x) | -SC(f12(x),difference(x,f12(x))).  [resolve(112,a,109,a)].
230 -Cont(c5,x) | -Cont(c6,x) | -Btw(x,y,z,u).  [resolve(112,a,110,b)].
231 ZEX(x) | PP(x,f3(x)) | -PP(y,x) | SC(y,difference(x,y)).  [resolve(113,a,108,a)].
232 ZEX(x) | PP(x,f3(x)) | -Btw(y,z,u,w) | -Cont(x,y) | -C(x,z) | -C(x,w) | C(x,u).  [resolve(113,a,111,c)].
233 ZEX(x) | PP(x,f3(x)) | -Cont(c5,x) | -Cont(c6,x).  [resolve(113,a,112,a)].
234 C(x,x) | -Cont(y,x).  [factor(116,b,c)].
235 -SC(x,x) | -Cont(y,x) | y < x.  [factor(119,b,c)].
236 SC(x,x) | -Cont(y,x) | Cont(f6(x,x),x).  [factor(121,b,c)].
237 SC(x,x) | -Cont(y,x) | -(f6(x,x) < x).  [factor(123,b,c),merge(d)].
238 -Btw(x,y,z,z).  [factor(136,a,b)].
239 -Btw(x,y,y,z).  [factor(138,a,b),unit_del(b,238)].
241 -Btw(x,y,z,y).  [factor(139,a,c),merge(b)].
242 -Cont(x,y) | x <= intersection(y,y).  [factor(146,a,b)].
243 -Cont(x,y) | -EqDim(x,intersection(y,y)) | P(x,intersection(y,y)).  [factor(147,a,b)].
244 -P(x,y) | P(f1(y,y),y).  [factor(190,a,b)].
245 -Btw(x,y,z,u) | -Cont(x,x) | -C(x,y) | -C(x,u) | C(x,z).  [factor(227,a,f)].
end_of_list.

formulas(demodulators).
end_of_list.

============================== end of clauses for search =============

============================== SEARCH ================================

% Starting search at 0.02 seconds.

given #1 (I,wt=8): 114 -C(x,y) | Cont(f2(x,y),x).  [clausify(2)].

given #2 (I,wt=8): 115 -C(x,y) | Cont(f2(x,y),y).  [clausify(2)].

given #3 (I,wt=9): 116 C(x,y) | -Cont(z,x) | -Cont(z,y).  [clausify(2)].

given #4 (I,wt=8): 117 -SC(x,y) | Cont(f5(x,y),x).  [clausify(6)].

given #5 (I,wt=8): 118 -SC(x,y) | Cont(f5(x,y),y).  [clausify(6)].

given #6 (I,wt=12): 119 -SC(x,y) | -Cont(z,x) | -Cont(z,y) | z < x.  [clausify(6)].

given #7 (I,wt=12): 120 -SC(x,y) | -Cont(z,x) | -Cont(z,y) | z < y.  [clausify(6)].

given #8 (I,wt=14): 121 SC(x,y) | -Cont(z,x) | -Cont(z,y) | Cont(f6(x,y),x).  [clausify(6)].

given #9 (I,wt=14): 122 SC(x,y) | -Cont(z,x) | -Cont(z,y) | Cont(f6(x,y),y).  [clausify(6)].

given #10 (I,wt=19): 123 SC(x,y) | -Cont(z,x) | -Cont(z,y) | -(f6(x,y) < x) | -(f6(x,y) < y).  [clausify(6)].

given #11 (I,wt=6): 124 -PP(x,y) | P(x,y).  [clausify(7)].

given #12 (I,wt=6): 125 -PP(x,y) | y != x.  [clausify(7)].

given #13 (I,wt=9): 126 PP(x,y) | -P(x,y) | y = x.  [clausify(7)].

given #14 (I,wt=9): 127 -Cont(x,y) | x < y | EqDim(x,y).  [clausify(9)].

given #15 (I,wt=6): 128 -(x < y) | x <= y.  [clausify(12)].

given #16 (I,wt=6): 129 -(x < y) | -EqDim(x,y).  [clausify(12)].

given #17 (I,wt=9): 130 x < y | -(x <= y) | EqDim(x,y).  [clausify(12)].

given #18 (I,wt=8): 131 -Btw(x,y,z,u) | y != x.  [clausify(13)].

given #19 (I,wt=8): 132 -Btw(x,y,z,u) | z != y.  [clausify(14)].

given #20 (I,wt=8): 133 -Btw(x,y,z,u) | u != y.  [clausify(14)].

given #21 (I,wt=8): 134 -Btw(x,y,z,u) | u != z.  [clausify(14)].

given #22 (I,wt=10): 135 -Btw(x,y,z,u) | Btw(x,u,z,y).  [clausify(15)].

given #23 (I,wt=10): 136 -Btw(x,y,z,u) | -Btw(x,y,u,z).  [clausify(16)].

given #24 (I,wt=15): 137 -Btw(x,y,z,u) | -Btw(x,z,u,w) | Btw(x,y,z,w).  [clausify(17)].

given #25 (I,wt=15): 138 -Btw(x,y,z,u) | -Btw(x,z,w,u) | Btw(x,y,z,w).  [clausify(18)].

given #26 (I,wt=15): 139 -Btw(x,y,z,u) | -Btw(x,y,z,w) | -Btw(x,u,z,w).  [clausify(19)].

given #27 (I,wt=6): 140 -P(x,y) | Cont(x,y).  [clausify(21)].

given #28 (I,wt=6): 141 -P(x,y) | EqDim(x,y).  [clausify(21)].

given #29 (I,wt=9): 142 P(x,y) | -Cont(x,y) | -EqDim(x,y).  [clausify(21)].

given #30 (I,wt=7): 143 C(x,y) | ZEX(intersection(x,y)).  [clausify(23)].

given #31 (I,wt=7): 144 -C(x,y) | -ZEX(intersection(x,y)).  [clausify(23)].

given #32 (I,wt=9): 145 ZEX(intersection(x,y)) | Cont(intersection(x,y),x).  [clausify(24)].

given #33 (I,wt=11): 146 -Cont(x,y) | -Cont(x,z) | x <= intersection(y,z).  [clausify(25)].

given #34 (I,wt=16): 147 -Cont(x,y) | -Cont(x,z) | -EqDim(x,intersection(y,z)) | P(x,intersection(y,z)).  [clausify(26)].

given #35 (I,wt=8): 148 Cont(x,y) | -P(x,intersection(y,z)).  [clausify(26)].

given #36 (I,wt=8): 149 Cont(x,y) | -P(x,intersection(z,y)).  [clausify(26)].

given #37 (I,wt=9): 150 ZEX(difference(x,y)) | EqDim(x,difference(x,y)).  [clausify(27)].

given #38 (I,wt=8): 151 -(x < y) | difference(y,x) = y.  [clausify(28)].

given #39 (I,wt=16): 152 -(x <= y) | -Cont(z,x) | -(intersection(z,y) < z) | Cont(z,difference(x,y)).  [clausify(29)].

given #40 (I,wt=11): 153 -(x <= y) | -Cont(z,difference(x,y)) | Cont(z,x).  [clausify(30)].

given #41 (I,wt=13): 154 -(x <= y) | -P(z,difference(x,y)) | intersection(z,y) < z.  [clausify(31)].

given #42 (I,wt=9): 155 -ZEX(difference(x,y)) | ZEX(x) | Cont(x,y).  [clausify(32)].

given #43 (I,wt=6): 156 ZEX(difference(x,y)) | -ZEX(x).  [clausify(32)].

given #44 (I,wt=7): 157 ZEX(difference(x,y)) | -Cont(x,y).  [clausify(32)].

given #45 (I,wt=5): 158 ZEX(x) | Cont(x,x).  [clausify(35)].

given #46 (I,wt=9): 160 -Cont(x,y) | -Cont(y,x) | y = x.  [clausify(36)].

given #47 (I,wt=9): 161 -Cont(x,y) | -Cont(y,z) | Cont(x,z).  [clausify(37)].

given #48 (I,wt=5): 162 -ZEX(x) | -Cont(y,x).  [clausify(38)].

given #49 (I,wt=5): 163 -ZEX(x) | -Cont(x,y).  [clausify(38)].

given #50 (I,wt=7): 164 -ZEX(x) | -ZEX(y) | y = x.  [clausify(39)].

given #51 (I,wt=3): 165 x <= x.  [clausify(41)].

given #52 (I,wt=9): 166 -(x <= y) | -(y <= z) | x <= z.  [clausify(42)].

given #53 (I,wt=5): 167 -ZEX(x) | x <= y.  [clausify(44)].

given #54 (I,wt=6): 168 -EqDim(x,y) | x <= y.  [clausify(45)].

given #55 (I,wt=6): 169 -EqDim(x,y) | y <= x.  [clausify(45)].

given #56 (I,wt=9): 170 EqDim(x,y) | -(x <= y) | -(y <= x).  [clausify(45)].

given #57 (I,wt=13): 171 Cont(f13(x,y),x) | Cont(f13(x,y),y) | y = x.  [clausify(46)].

given #58 (I,wt=13): 172 -Cont(f13(x,y),x) | -Cont(f13(x,y),y) | y = x.  [clausify(46)].

given #59 (I,wt=2): 173 ZEX(c2).  [clausify(47)].

given #60 (I,wt=8): 174 -Btw(x,y,z,u) | Cont(y,x).  [clausify(49)].

given #61 (I,wt=8): 175 -Btw(x,y,z,u) | Cont(z,x).  [clausify(49)].

given #62 (I,wt=8): 176 -Btw(x,y,z,u) | Cont(u,x).  [clausify(49)].

given #63 (I,wt=8): 177 -Btw(x,y,z,u) | -Cont(y,z).  [clausify(49)].

given #64 (I,wt=8): 178 -Btw(x,y,z,u) | -Cont(u,z).  [clausify(49)].

given #65 (I,wt=3): 179 -(x < x).  [clausify(52)].

given #66 (I,wt=6): 180 -(x < y) | -(y < x).  [clausify(53)].

given #67 (I,wt=9): 181 -(x < y) | -(y < z) | x < z.  [clausify(54)].

given #68 (I,wt=3): 182 EqDim(x,x).  [clausify(55)].

given #69 (I,wt=6): 183 -EqDim(x,y) | EqDim(y,x).  [clausify(56)].

given #70 (I,wt=9): 184 -EqDim(x,y) | -EqDim(y,z) | EqDim(x,z).  [clausify(57)].

given #71 (I,wt=9): 185 -EqDim(x,y) | -(z < x) | z < y.  [clausify(59)].

given #72 (I,wt=9): 186 -EqDim(x,y) | -(x < z) | y < z.  [clausify(60)].

given #73 (I,wt=2): 187 -ZEX(c3).  [clausify(61)].

given #74 (I,wt=5): 188 -(x < c3) | ZEX(x).  [clausify(61)].

given #75 (I,wt=7): 189 -ZEX(x) | ZEX(y) | x < y.  [clausify(63)].

given #76 (I,wt=11): 190 -P(x,y) | -P(x,z) | P(f1(y,z),y).  [resolve(65,a,66,a)].

given #77 (I,wt=11): 191 -P(x,y) | -P(x,z) | P(f1(y,z),z).  [resolve(65,a,67,a)].

given #78 (I,wt=5): 192 Btw(c4,c5,c6,c7).  [resolve(72,a,69,a)].

given #79 (I,wt=9): 193 ZEX(x) | PP(x,f3(x)) | -PP(x,y).  [resolve(73,a,75,a)].

given #80 (I,wt=9): 194 ZEX(x) | PP(f4(x),x) | -PP(y,x).  [resolve(77,a,79,a)].

given #81 (I,wt=19): 195 -(x < y) | -Cont(x,y) | -P(x,z) | f7(y,z) < y | f8(y,z) < z.  [resolve(80,a,81,a)].

given #82 (I,wt=19): 196 -(x < y) | -Cont(x,y) | -P(x,z) | f7(y,z) < y | Cont(f8(y,z),z).  [resolve(80,a,82,a)].

given #83 (I,wt=19): 197 -(x < y) | -Cont(x,y) | -P(x,z) | f7(y,z) < y | P(f8(y,z),y).  [resolve(80,a,83,a)].

given #84 (I,wt=19): 198 -(x < y) | -Cont(x,y) | -P(x,z) | Cont(f7(y,z),y) | f8(y,z) < z.  [resolve(80,a,84,a)].

given #85 (I,wt=19): 199 -(x < y) | -Cont(x,y) | -P(x,z) | Cont(f7(y,z),y) | Cont(f8(y,z),z).  [resolve(80,a,85,a)].

given #86 (I,wt=19): 200 -(x < y) | -Cont(x,y) | -P(x,z) | Cont(f7(y,z),y) | P(f8(y,z),y).  [resolve(80,a,86,a)].

given #87 (I,wt=19): 201 -(x < y) | -Cont(x,y) | -P(x,z) | P(f7(y,z),z) | f8(y,z) < z.  [resolve(80,a,87,a)].

given #88 (I,wt=19): 202 -(x < y) | -Cont(x,y) | -P(x,z) | P(f7(y,z),z) | Cont(f8(y,z),z).  [resolve(80,a,88,a)].

given #89 (I,wt=19): 203 -(x < y) | -Cont(x,y) | -P(x,z) | P(f7(y,z),z) | P(f8(y,z),y).  [resolve(80,a,89,a)].

given #90 (I,wt=19): 204 -(x < y) | -Cont(x,y) | -P(x,z) | f7(z,y) < z | f8(z,y) < y.  [resolve(90,a,81,a)].

given #91 (I,wt=19): 205 -(x < y) | -Cont(x,y) | -P(x,z) | f7(z,y) < z | Cont(f8(z,y),y).  [resolve(90,a,82,a)].

given #92 (I,wt=19): 206 -(x < y) | -Cont(x,y) | -P(x,z) | f7(z,y) < z | P(f8(z,y),z).  [resolve(90,a,83,a)].

given #93 (I,wt=19): 207 -(x < y) | -Cont(x,y) | -P(x,z) | Cont(f7(z,y),z) | f8(z,y) < y.  [resolve(90,a,84,a)].

given #94 (I,wt=19): 208 -(x < y) | -Cont(x,y) | -P(x,z) | Cont(f7(z,y),z) | Cont(f8(z,y),y).  [resolve(90,a,85,a)].

given #95 (I,wt=19): 209 -(x < y) | -Cont(x,y) | -P(x,z) | Cont(f7(z,y),z) | P(f8(z,y),z).  [resolve(90,a,86,a)].

given #96 (I,wt=19): 210 -(x < y) | -Cont(x,y) | -P(x,z) | P(f7(z,y),y) | f8(z,y) < y.  [resolve(90,a,87,a)].

given #97 (I,wt=19): 211 -(x < y) | -Cont(x,y) | -P(x,z) | P(f7(z,y),y) | Cont(f8(z,y),y).  [resolve(90,a,88,a)].

given #98 (I,wt=19): 212 -(x < y) | -Cont(x,y) | -P(x,z) | P(f7(z,y),y) | P(f8(z,y),z).  [resolve(90,a,89,a)].

given #99 (I,wt=14): 213 -(x < y) | x < f9(y,x) | -(x < z) | -(z < y).  [resolve(95,a,97,a)].

given #100 (I,wt=14): 214 -(x < y) | f9(y,x) < y | -(x < z) | -(z < y).  [resolve(98,a,97,a)].

given #101 (I,wt=6): 215 EqDim(c4,c6) | c6 < c4.  [resolve(99,b,96,a)].

given #102 (I,wt=9): 216 EqDim(c4,c6) | -(c6 < x) | -(x < c4).  [resolve(99,b,97,a)].

given #103 (I,wt=2): 217 -ZEX(c1).  [resolve(100,a,101,a)].

given #104 (I,wt=5): 218 -(x < c1) | ZEX(x).  [resolve(102,a,101,a)].

given #105 (I,wt=11): 219 ZEX(x) | f11(x) < x | -(y < x) | ZEX(y).  [resolve(103,a,102,a)].

given #106 (I,wt=10): 220 ZEX(x) | -ZEX(f11(x)) | -(y < x) | ZEX(y).  [resolve(104,a,102,a)].

given #107 (I,wt=7): 221 -(f10(x) <= x) | y <= x.  [resolve(105,a,106,a)].

given #108 (I,wt=12): 222 PP(f12(x),x) | -PP(y,x) | SC(y,difference(x,y)).  [resolve(107,a,108,a)].

given #109 (I,wt=15): 223 -SC(f12(x),difference(x,f12(x))) | -PP(y,x) | SC(y,difference(x,y)).  [resolve(109,a,108,a)].

given #110 (I,wt=13): 224 -Btw(x,y,z,u) | -PP(w,x) | SC(w,difference(x,w)).  [resolve(110,b,108,a)].

given #111 (I,wt=21): 225 -Btw(x,y,z,u) | -Cont(w,x) | -C(w,y) | -C(w,u) | C(w,z) | PP(f12(w),w).  [resolve(111,c,107,a)].

given #112 (I,wt=24): 226 -Btw(x,y,z,u) | -Cont(w,x) | -C(w,y) | -C(w,u) | C(w,z) | -SC(f12(w),difference(w,f12(w))).  [resolve(111,c,109,a)].

given #113 (I,wt=22): 227 -Btw(x,y,z,u) | -Cont(w,x) | -C(w,y) | -C(w,u) | C(w,z) | -Btw(w,v5,v6,v7).  [resolve(111,c,110,b)].

given #114 (I,wt=10): 228 -Cont(c5,x) | -Cont(c6,x) | PP(f12(x),x).  [resolve(112,a,107,a)].

given #115 (I,wt=13): 229 -Cont(c5,x) | -Cont(c6,x) | -SC(f12(x),difference(x,f12(x))).  [resolve(112,a,109,a)].

given #116 (I,wt=11): 230 -Cont(c5,x) | -Cont(c6,x) | -Btw(x,y,z,u).  [resolve(112,a,110,b)].
-------- Proof 1 -------- 

============================== PROOF =================================

% Proof 1 at 0.02 (+ 0.01) seconds.
% Length of proof is 14.
% Level of proof is 4.
% Maximum clause weight is 11.000.
% Given clauses 116.

3 (all r all x all y all z (Separates(r,x,y,z) <-> Btw(r,x,y,z) & (EqDim(r,y) | Covers(r,y)))) # label(non_clause).  [assumption].
49 (all r all x all y all z (Btw(r,x,y,z) -> Con(r) & Cont(x,r) & Cont(y,r) & Cont(z,r) & -Cont(x,y) & -Cont(z,y))) # label(non_clause).  [assumption].
64 (all r all x all y all z (Separates(r,x,y,z) -> (exists w (Con(w) & Cont(x,w) & Cont(y,w))))) # label(non_clause) # label(goal).  [goal].
69 -Separates(x,y,z,u) | Btw(x,y,z,u).  [clausify(3)].
72 Separates(c4,c5,c6,c7).  [deny(64)].
110 -Btw(x,y,z,u) | Con(x).  [clausify(49)].
112 -Con(x) | -Cont(c5,x) | -Cont(c6,x).  [deny(64)].
174 -Btw(x,y,z,u) | Cont(y,x).  [clausify(49)].
175 -Btw(x,y,z,u) | Cont(z,x).  [clausify(49)].
192 Btw(c4,c5,c6,c7).  [resolve(72,a,69,a)].
230 -Cont(c5,x) | -Cont(c6,x) | -Btw(x,y,z,u).  [resolve(112,a,110,b)].
325 Cont(c6,c4).  [resolve(192,a,175,a)].
326 Cont(c5,c4).  [resolve(192,a,174,a)].
354 $F.  [resolve(230,c,192,a),unit_del(a,326),unit_del(b,325)].

============================== end of proof ==========================

============================== STATISTICS ============================

Given=116. Generated=312. Kept=240. proofs=1.
Usable=116. Sos=122. Demods=0. Limbo=0, Disabled=176. Hints=0.
Kept_by_rule=0, Deleted_by_rule=0.
Forward_subsumed=71. Back_subsumed=2.
Sos_limit_deleted=0. Sos_displaced=0. Sos_removed=0.
New_demodulators=0 (0 lex), Back_demodulated=0. Back_unit_deleted=0.
Demod_attempts=0. Demod_rewrites=0.
Res_instance_prunes=0. Para_instance_prunes=0. Basic_paramod_prunes=0.
Nonunit_fsub_feature_tests=267. Nonunit_bsub_feature_tests=759.
Megabytes=0.81.
User_CPU=0.02, System_CPU=0.01, Wall_clock=0.

============================== end of statistics =====================

============================== end of search =========================

THEOREM PROVED

THEOREM PROVED

Exiting with 1 proof.

------ process 28582 exit (max_proofs) ------

Process 28582 exit (max_proofs) Thu Aug  8 17:54:06 2013
============================= prover9 ================================
execution finished: Thu Aug 08 17:54:07 2013
total CPU time used: 0
The command was "prover9 -t600 -f /stl/torsten/git/macleod/qs/multidim_mereotopology_cont/p9/cont_c_ext.p9 /stl/torsten/git/macleod/qs/multidim_mereotopology_codi/definitions/p9/po.p9 /stl/torsten/git/macleod/qs/multidim_mereotopology_cont/definitions/p9/c.p9 /stl/torsten/git/macleod/qs/multidim_mereotopology_dim/definitions/p9/dim_defs.p9 /stl/torsten/git/macleod/qs/multidim_mereotopology_omt/definitions/p9/separates.p9 /stl/torsten/git/macleod/qs/multidim_mereotopology_codi/definitions/p9/min_max_in_dim.p9 /stl/torsten/git/macleod/qs/multidim_mereotopology_codi/definitions/p9/sc.p9 /stl/torsten/git/macleod/qs/multidim_mereotopology_codi/definitions/p9/epp.p9 /stl/torsten/git/macleod/qs/multidim_mereotopology_codi/definitions/p9/inc.p9 /stl/torsten/git/macleod/qs/multidim_mereotopology_codi/p9/codi_linear.p9 /stl/torsten/git/macleod/qs/multidim_mereotopology_codi/p9/codi.p9 /stl/torsten/git/macleod/qs/multidim_mereotopology_dim/definitions/p9/dim_basic_defs.p9 /stl/torsten/git/macleod/qs/between_quaternary/p9/btw_basic.p9 /stl/torsten/git/macleod/qs/between_quaternary/p9/btw.p9 /stl/torsten/git/macleod/qs/multidim_mereotopology_dim/definitions/p9/covers.p9 /stl/torsten/git/macleod/qs/multidim_mereotopology_codi/definitions/p9/ep.p9 /stl/torsten/git/macleod/qs/multidim_mereotopology_dim/p9/dim_prime_linear.p9 /stl/torsten/git/macleod/qs/multidim_mereotopology_codi/p9/codi_int.p9 /stl/torsten/git/macleod/qs/multidim_mereotopology_codi/p9/codi_down.p9 /stl/torsten/git/macleod/qs/multidim_mereotopology_dim/definitions/p9/min_max_dim.p9 /stl/torsten/git/macleod/qs/multidim_mereotopology_cont/p9/cont_basic.p9 /stl/torsten/git/macleod/qs/multidim_mereotopology_codi/definitions/p9/connected.p9 /stl/torsten/git/macleod/qs/multidim_mereotopology_dim/p9/dim_prime_linear_unbounded.p9 /stl/torsten/git/macleod/qs/multidim_mereotopology_dim/definitions/p9/eq_dim.p9 /stl/torsten/git/macleod/qs/multidim_mereotopology_cont/p9/cont_ext.p9 /stl/torsten/git/macleod/qs/multidim_mereotopology_omt/theorems/p9/separates_theorems_goal1.p9 /stl/torsten/git/macleod/qs/multidim_mereotopology_zex/p9/zex.p9 /stl/torsten/git/macleod/qs/multidim_mereotopology_codi/p9/codi_basic.p9 /stl/torsten/git/macleod/qs/multidim_mereotopology_omt/p9/omt_down.p9 /stl/torsten/git/macleod/qs/multidim_mereotopology_dim/p9/dim_basic.p9"
Input read from 
============================ end of footer ===========================
