Hi Geoff, go and have some cold beer while I am trying to solve this very hard problem!
% remaining time: 29999 next slice time: 3
dis-4_5_bd=off:bs=off:ep=RST:fde=none:lcm=predicate:nwc=2.0:nicw=on:ptb=off:ssec=off:ss=included:st=5.0:sio=off:spl=backtracking:updr=off_1 on unknown
Time limit reached!
------------------------------
Version: Vampire 0.6 (revision 903)
Termination reason: Time limit
Termination phase: Saturation

Active clauses: 2869
Passive clauses: 13165
Generated clauses: 26099
Input formulas: 72
Initial clauses: 168

Selected by SInE selection: 72
SInE iterations: 1

Duplicate literals: 137
Fw subsumption resolutions: 983

Simple tautologies: 224
Forward subsumptions: 10830

Binary resolution: 23369
Factoring: 77

Backtracking splits: 1091
Backtracking splits refuted: 81
Backtracking splits refuted at zero level: 15

Memory used: 5245KB
Time elapsed: 0.400 s
------------------------------
% remaining time: 29995 next slice time: 13
dis-1010_2_bs=off:ep=on:nwc=1.5:sswn=on:sswsr=on:ss=included:st=1.5:sgo=on:sp=occurrence_9 on unknown
Time limit reached!
------------------------------
Version: Vampire 0.6 (revision 903)
Termination reason: Time limit
Termination phase: Saturation

Active clauses: 2686
Passive clauses: 29608
Generated clauses: 69813
Input formulas: 72
Initial clauses: 159

Unused predicate definitions: 3
Selected by SInE selection: 72
SInE iterations: 1

Duplicate literals: 11628
Fw subsumption resolutions: 5301

Simple tautologies: 419
Equational tautologies: 60
Forward subsumptions: 24793

Binary resolution: 33969
Factoring: 200
Forward superposition: 15461
Backward superposition: 4468
Self superposition: 110
Equality factoring: 16

Unique components: 2

Memory used: 10746KB
Time elapsed: 1.400 s
------------------------------
% remaining time: 29981 next slice time: 32
lrs+11_14_bd=off:bs=off:bsr=on:cond=on:drc=off:fsr=off:fde=none:gsp=input_only:lcm=reverse:nwc=10:ptb=off:ssec=off:stl=60:sos=on:sgo=on:sio=off:spl=backtracking:sfv=off:sp=reverse_arity_23 on unknown
Refutation not found with incomplete strategy!
------------------------------
Version: Vampire 0.6 (revision 903)
Termination reason: Refutation not found, incomplete strategy

Active clauses: 158
Passive clauses: 2
Generated clauses: 2
Final active clauses: 158
Input formulas: 72
Initial clauses: 158

Unused predicate definitions: 3

Memory used: 255KB
Time elapsed: 0.004 s
------------------------------
% remaining time: 29981 next slice time: 95
dis+2_4_bs=off:ep=on:nwc=1.5:nicw=on:ptb=off:ssec=off:sac=on:sio=off:spl=backtracking_70 on unknown
Refutation found. Thanks to Tanya!
% SZS status Theorem for unknown
% SZS output start Proof for unknown
fof(f14947,plain,(
  $false),
  inference(subsumption_resolution,[],[f14946,f531])).
fof(f531,plain,(
  ( ! [X0] : (sQ1_eqProxy(X0,X0)) )),
  introduced(equality_proxy_reflexivity_axiom,[])).
fof(f14946,plain,(
  ~sQ1_eqProxy(sK10(sK0),sK10(sK0))),
  inference(forward_demodulation,[],[f14945,f14793])).
fof(f14793,plain,(
  sK10(sK0) = sK13(sK0)),
  inference(subsumption_resolution,[],[f14792,f359])).
fof(f359,plain,(
  atomiccurvesegment(sK0)),
  inference(cnf_transformation,[],[f281])).
fof(f281,plain,(
  atomiccurvesegment(sK0) & atomicraycurve(sK0)),
  inference(skolemisation,[status(esa)],[f194])).
fof(f194,plain,(
  ? [X0] : (atomiccurvesegment(X0) & atomicraycurve(X0))),
  inference(ennf_transformation,[],[f1])).
fof(f1,negated_conjecture,(
  ~! [X0] : (~atomiccurvesegment(X0) | ~atomicraycurve(X0))),
  file(unknown,unknown)).
fof(f14792,plain,(
  sK10(sK0) = sK13(sK0) | ~atomiccurvesegment(sK0)),
  inference(resolution,[],[f8267,f360])).
fof(f360,plain,(
  atomicraycurve(sK0)),
  inference(cnf_transformation,[],[f281])).
fof(f8267,plain,(
  ( ! [X0] : (~atomicraycurve(X0) | sK10(X0) = sK13(X0) | ~atomiccurvesegment(X0)) )),
  inference(resolution,[],[f3542,f409])).
fof(f409,plain,(
  ( ! [X0] : (sP1(X0) | ~atomiccurvesegment(X0)) )),
  inference(cnf_transformation,[],[f313])).
fof(f313,plain,(
  ! [X0] : ((~atomiccurvesegment(X0) | sP1(X0)) & (~sP1(X0) | atomiccurvesegment(X0)))),
  inference(nnf_transformation,[],[f278])).
fof(f278,plain,(
  ! [X0] : (atomiccurvesegment(X0) <=> sP1(X0))),
  inference(definition_folding,[],[f277])).
fof(f277,plain,(
  ! [X0] : (sP1(X0) <=> (curve(X0) & ! [X1] : ~pp(X1,X0) & ? [X2,X3] : (endpoint(X2,X0) & endpoint(X3,X0) & X2 != X3 & ! [X4] : (~point(X4) | ~cont(X4,X0) | X2 = X4 | X3 = X4))))),
  introduced(predicate_definition_introduction,[])).
fof(f3542,plain,(
  ( ! [X3] : (~sP1(X3) | sK10(X3) = sK13(X3) | ~atomicraycurve(X3)) )),
  inference(resolution,[],[f1199,f401])).
fof(f401,plain,(
  ( ! [X0] : (endpoint(sK13(X0),X0) | ~sP1(X0)) )),
  inference(cnf_transformation,[],[f312])).
fof(f312,plain,(
  ! [X0] : ((~sP1(X0) | (curve(X0) & ! [X1] : ~pp(X1,X0) & (endpoint(sK13(X0),X0) & endpoint(sK14(X0),X0) & sK13(X0) != sK14(X0) & ! [X4] : (~point(X4) | ~cont(X4,X0) | sK13(X0) = X4 | sK14(X0) = X4)))) & (~curve(X0) | pp(sK15(X0),X0) | ! [X6,X7] : (~endpoint(X6,X0) | ~endpoint(X7,X0) | X6 = X7 | (point(sK16(X7,X6,X0)) & cont(sK16(X7,X6,X0),X0) & sK16(X7,X6,X0) != X6 & sK16(X7,X6,X0) != X7)) | sP1(X0)))),
  inference(skolemisation,[status(esa)],[f311])).
fof(f311,plain,(
  ! [X0] : ((~sP1(X0) | (curve(X0) & ! [X1] : ~pp(X1,X0) & ? [X2,X3] : (endpoint(X2,X0) & endpoint(X3,X0) & X2 != X3 & ! [X4] : (~point(X4) | ~cont(X4,X0) | X2 = X4 | X3 = X4)))) & (~curve(X0) | ? [X5] : pp(X5,X0) | ! [X6,X7] : (~endpoint(X6,X0) | ~endpoint(X7,X0) | X6 = X7 | ? [X8] : (point(X8) & cont(X8,X0) & X6 != X8 & X7 != X8)) | sP1(X0)))),
  inference(rectify,[],[f310])).
fof(f310,plain,(
  ! [X0] : ((~sP1(X0) | (curve(X0) & ! [X1] : ~pp(X1,X0) & ? [X2,X3] : (endpoint(X2,X0) & endpoint(X3,X0) & X2 != X3 & ! [X4] : (~point(X4) | ~cont(X4,X0) | X2 = X4 | X3 = X4)))) & (~curve(X0) | ? [X1] : pp(X1,X0) | ! [X2,X3] : (~endpoint(X2,X0) | ~endpoint(X3,X0) | X2 = X3 | ? [X4] : (point(X4) & cont(X4,X0) & X2 != X4 & X3 != X4)) | sP1(X0)))),
  inference(flattening,[],[f309])).
fof(f309,plain,(
  ! [X0] : ((~sP1(X0) | (curve(X0) & ! [X1] : ~pp(X1,X0) & ? [X2,X3] : (endpoint(X2,X0) & endpoint(X3,X0) & X2 != X3 & ! [X4] : (~point(X4) | ~cont(X4,X0) | X2 = X4 | X3 = X4)))) & ((~curve(X0) | ? [X1] : pp(X1,X0) | ! [X2,X3] : (~endpoint(X2,X0) | ~endpoint(X3,X0) | X2 = X3 | ? [X4] : (point(X4) & cont(X4,X0) & X2 != X4 & X3 != X4))) | sP1(X0)))),
  inference(nnf_transformation,[],[f277])).
fof(f1199,plain,(
  ( ! [X14,X13] : (~endpoint(X14,X13) | ~atomicraycurve(X13) | sK10(X13) = X14) )),
  inference(subsumption_resolution,[],[f1193,f457])).
fof(f457,plain,(
  ( ! [X0,X1] : (~endpoint(X0,X1) | point(X0)) )),
  inference(cnf_transformation,[],[f326])).
fof(f326,plain,(
  ! [X0,X1] : ((~endpoint(X0,X1) | (point(X0) & curve(X1) & bcont(X0,X1))) & (~point(X0) | ~curve(X1) | ~bcont(X0,X1) | endpoint(X0,X1)))),
  inference(flattening,[],[f325])).
fof(f325,plain,(
  ! [X0,X1] : ((~endpoint(X0,X1) | (point(X0) & curve(X1) & bcont(X0,X1))) & ((~point(X0) | ~curve(X1) | ~bcont(X0,X1)) | endpoint(X0,X1)))),
  inference(nnf_transformation,[],[f151])).
fof(f151,plain,(
  ! [X0,X1] : (endpoint(X0,X1) <=> (point(X0) & curve(X1) & bcont(X0,X1)))),
  inference(flattening,[],[f150])).
fof(f150,plain,(
  ! [X0] : ! [X1] : (endpoint(X0,X1) <=> (point(X0) & curve(X1) & bcont(X0,X1)))),
  inference(rectify,[],[f55])).
fof(f55,axiom,(
  ! [X123] : ! [X124] : (endpoint(X123,X124) <=> (point(X123) & curve(X124) & bcont(X123,X124)))),
  file(unknown,unknown)).
fof(f1193,plain,(
  ( ! [X14,X13] : (sK10(X13) = X14 | ~point(X14) | ~atomicraycurve(X13) | ~endpoint(X14,X13)) )),
  inference(resolution,[],[f395,f580])).
fof(f580,plain,(
  ( ! [X2,X3] : (cont(X2,X3) | ~endpoint(X2,X3)) )),
  inference(resolution,[],[f459,f436])).
fof(f436,plain,(
  ( ! [X0,X1] : (~bcont(X0,X1) | cont(X0,X1)) )),
  inference(cnf_transformation,[],[f220])).
fof(f220,plain,(
  ! [X0,X1] : (~bcont(X0,X1) | (cont(X0,X1) & inc(X0,X1)))),
  inference(ennf_transformation,[],[f113])).
fof(f113,plain,(
  ! [X0,X1] : (bcont(X0,X1) => (cont(X0,X1) & inc(X0,X1)))),
  inference(flattening,[],[f112])).
fof(f112,plain,(
  ! [X0] : ! [X1] : (bcont(X0,X1) => (cont(X0,X1) & inc(X0,X1)))),
  inference(rectify,[],[f14])).
fof(f14,axiom,(
  ! [X29] : ! [X30] : (bcont(X29,X30) => (cont(X29,X30) & inc(X29,X30)))),
  file(unknown,unknown)).
fof(f459,plain,(
  ( ! [X0,X1] : (bcont(X0,X1) | ~endpoint(X0,X1)) )),
  inference(cnf_transformation,[],[f326])).
fof(f395,plain,(
  ( ! [X0,X3] : (~cont(X3,X0) | sK10(X0) = X3 | ~point(X3) | ~atomicraycurve(X0)) )),
  inference(cnf_transformation,[],[f308])).
fof(f308,plain,(
  ! [X0] : ((~atomicraycurve(X0) | (curve(X0) & ! [X1] : ~pp(X1,X0) & (endpoint(sK10(X0),X0) & ! [X3] : (~point(X3) | ~cont(X3,X0) | sK10(X0) = X3)))) & (~curve(X0) | pp(sK11(X0),X0) | ! [X5] : (~endpoint(X5,X0) | (point(sK12(X5,X0)) & cont(sK12(X5,X0),X0) & sK12(X5,X0) != X5)) | atomicraycurve(X0)))),
  inference(skolemisation,[status(esa)],[f307])).
fof(f307,plain,(
  ! [X0] : ((~atomicraycurve(X0) | (curve(X0) & ! [X1] : ~pp(X1,X0) & ? [X2] : (endpoint(X2,X0) & ! [X3] : (~point(X3) | ~cont(X3,X0) | X2 = X3)))) & (~curve(X0) | ? [X4] : pp(X4,X0) | ! [X5] : (~endpoint(X5,X0) | ? [X6] : (point(X6) & cont(X6,X0) & X5 != X6)) | atomicraycurve(X0)))),
  inference(rectify,[],[f306])).
fof(f306,plain,(
  ! [X0] : ((~atomicraycurve(X0) | (curve(X0) & ! [X1] : ~pp(X1,X0) & ? [X2] : (endpoint(X2,X0) & ! [X3] : (~point(X3) | ~cont(X3,X0) | X2 = X3)))) & (~curve(X0) | ? [X1] : pp(X1,X0) | ! [X2] : (~endpoint(X2,X0) | ? [X3] : (point(X3) & cont(X3,X0) & X2 != X3)) | atomicraycurve(X0)))),
  inference(flattening,[],[f305])).
fof(f305,plain,(
  ! [X0] : ((~atomicraycurve(X0) | (curve(X0) & ! [X1] : ~pp(X1,X0) & ? [X2] : (endpoint(X2,X0) & ! [X3] : (~point(X3) | ~cont(X3,X0) | X2 = X3)))) & ((~curve(X0) | ? [X1] : pp(X1,X0) | ! [X2] : (~endpoint(X2,X0) | ? [X3] : (point(X3) & cont(X3,X0) & X2 != X3))) | atomicraycurve(X0)))),
  inference(nnf_transformation,[],[f203])).
fof(f203,plain,(
  ! [X0] : (atomicraycurve(X0) <=> (curve(X0) & ! [X1] : ~pp(X1,X0) & ? [X2] : (endpoint(X2,X0) & ! [X3] : (~point(X3) | ~cont(X3,X0) | X2 = X3))))),
  inference(flattening,[],[f202])).
fof(f202,plain,(
  ! [X0] : (atomicraycurve(X0) <=> (curve(X0) & ! [X1] : ~pp(X1,X0) & ? [X2] : (endpoint(X2,X0) & ! [X3] : ((~point(X3) | ~cont(X3,X0)) | X2 = X3))))),
  inference(ennf_transformation,[],[f85])).
fof(f85,plain,(
  ! [X0] : (atomicraycurve(X0) <=> (curve(X0) & ! [X1] : ~pp(X1,X0) & ? [X2] : (endpoint(X2,X0) & ! [X3] : ((point(X3) & cont(X3,X0)) => X2 = X3))))),
  inference(rectify,[],[f4])).
fof(f4,axiom,(
  ! [X8] : (atomicraycurve(X8) <=> (curve(X8) & ! [X9] : ~pp(X9,X8) & ? [X9] : (endpoint(X9,X8) & ! [X10] : ((point(X10) & cont(X10,X8)) => X9 = X10))))),
  file(unknown,unknown)).
fof(f14945,plain,(
  ~sQ1_eqProxy(sK13(sK0),sK10(sK0))),
  inference(subsumption_resolution,[],[f14908,f14843])).
fof(f14843,plain,(
  sP1(sK0)),
  inference(backtracking_split_refutation,[],[f14796,f14834_D,f14841])).
fof(f14841,plain,(
  $false | $spl16),
  inference(subsumption_resolution,[],[f14840,f359])).
fof(f14840,plain,(
  ~atomiccurvesegment(sK0) | $spl16),
  inference(resolution,[],[f14834,f409])).
fof(f14834,plain,(
  ~sP1(sK0) | $spl16),
  inference(cnf_transformation,[],[f14834_D])).
fof(f14834_D,plain,(
  ~sP1(sK0) <=> ~$spl16),
  introduced(backtracking_splitting_component,[])).
fof(f14796,plain,(
  point(sK10(sK0)) | ~sP1(sK0)),
  inference(superposition,[],[f560,f14793])).
fof(f560,plain,(
  ( ! [X1] : (point(sK13(X1)) | ~sP1(X1)) )),
  inference(resolution,[],[f401,f457])).
fof(f14908,plain,(
  ~sQ1_eqProxy(sK13(sK0),sK10(sK0)) | ~sP1(sK0)),
  inference(superposition,[],[f522,f14856])).
fof(f14856,plain,(
  sK10(sK0) = sK14(sK0)),
  inference(subsumption_resolution,[],[f14854,f360])).
fof(f14854,plain,(
  sK10(sK0) = sK14(sK0) | ~atomicraycurve(sK0)),
  inference(resolution,[],[f14843,f3543])).
fof(f3543,plain,(
  ( ! [X4] : (~sP1(X4) | sK10(X4) = sK14(X4) | ~atomicraycurve(X4)) )),
  inference(resolution,[],[f1199,f402])).
fof(f402,plain,(
  ( ! [X0] : (endpoint(sK14(X0),X0) | ~sP1(X0)) )),
  inference(cnf_transformation,[],[f312])).
fof(f522,plain,(
  ( ! [X0] : (~sQ1_eqProxy(sK13(X0),sK14(X0)) | ~sP1(X0)) )),
  inference(equality_proxy_replacement,[],[f403])).
fof(f403,plain,(
  ( ! [X0] : (sK13(X0) != sK14(X0) | ~sP1(X0)) )),
  inference(cnf_transformation,[],[f312])).
% SZS output end Proof for unknown
------------------------------
Version: Vampire 0.6 (revision 903)
Termination reason: Refutation

Active clauses: 1410
Passive clauses: 8287
Generated clauses: 14574
Final active clauses: 1403
Final passive clauses: 6500
Input formulas: 72
Initial clauses: 159

Unused predicate definitions: 3

Duplicate literals: 320
Fw subsumption resolutions: 939
Fw demodulations: 6

Simple tautologies: 240
Equational tautologies: 10
Forward subsumptions: 5137

Binary resolution: 13133
Factoring: 4
Backward superposition: 73

Backtracking splits: 16
Backtracking splits refuted: 6
Backtracking splits refuted at zero level: 5

Memory used: 2814KB
Time elapsed: 0.275 s
------------------------------
% Success in time 2.154 s
============================= vampire_lin32 ================================
execution finished: Tue Oct 08 20:05:03 2013
total CPU time used: 0
The command was "vampire_lin32 --mode casc --proof tptp -t 3000"
Input read from  /stl/torsten/git/macleod/qs/multidim_mereotopology_codib/theorems/conversions/atomic_curve_theorems_goal2.all.tptp
============================ end of footer ===========================
