Hi Geoff, go and have some cold beer while I am trying to solve this very hard problem!
% remaining time: 29999 next slice time: 3
dis-4_5_bd=off:bs=off:ep=RST:fde=none:lcm=predicate:nwc=2.0:nicw=on:ptb=off:ssec=off:ss=included:st=5.0:sio=off:spl=backtracking:updr=off_1 on unknown
Refutation found. Thanks to Tanya!
% SZS status Theorem for unknown
% SZS output start Proof for unknown
fof(f613,plain,(
  $false),
  inference(subsumption_resolution,[],[f612,f413])).
fof(f413,plain,(
  atomicraycurve(sK0)),
  inference(cnf_transformation,[],[f324])).
fof(f324,plain,(
  atomicraycurve(sK0) & pp(sK1,sK0)),
  inference(skolemisation,[status(esa)],[f229])).
fof(f229,plain,(
  ? [X0] : (atomicraycurve(X0) & ? [X1] : pp(X1,X0))),
  inference(ennf_transformation,[],[f1])).
fof(f1,negated_conjecture,(
  ~! [X0] : (atomicraycurve(X0) => ! [X1] : ~pp(X1,X0))),
  file(unknown,unknown)).
fof(f612,plain,(
  ~atomicraycurve(sK0)),
  inference(resolution,[],[f449,f414])).
fof(f414,plain,(
  pp(sK1,sK0)),
  inference(cnf_transformation,[],[f324])).
fof(f449,plain,(
  ( ! [X0,X1] : (~pp(X1,X0) | ~atomicraycurve(X0)) )),
  inference(cnf_transformation,[],[f357])).
fof(f357,plain,(
  ! [X0] : ((~atomicraycurve(X0) | (curve(X0) & ! [X1] : ~pp(X1,X0) & (endpoint(sK11(X0),X0) & ! [X3] : (~point(X3) | ~cont(X3,X0) | sK11(X0) = X3)))) & (~curve(X0) | pp(sK12(X0),X0) | ! [X5] : (~endpoint(X5,X0) | (point(sK13(X5,X0)) & cont(sK13(X5,X0),X0) & sK13(X5,X0) != X5)) | atomicraycurve(X0)))),
  inference(skolemisation,[status(esa)],[f356])).
fof(f356,plain,(
  ! [X0] : ((~atomicraycurve(X0) | (curve(X0) & ! [X1] : ~pp(X1,X0) & ? [X2] : (endpoint(X2,X0) & ! [X3] : (~point(X3) | ~cont(X3,X0) | X2 = X3)))) & (~curve(X0) | ? [X4] : pp(X4,X0) | ! [X5] : (~endpoint(X5,X0) | ? [X6] : (point(X6) & cont(X6,X0) & X5 != X6)) | atomicraycurve(X0)))),
  inference(rectify,[],[f355])).
fof(f355,plain,(
  ! [X0] : ((~atomicraycurve(X0) | (curve(X0) & ! [X1] : ~pp(X1,X0) & ? [X2] : (endpoint(X2,X0) & ! [X3] : (~point(X3) | ~cont(X3,X0) | X2 = X3)))) & (~curve(X0) | ? [X1] : pp(X1,X0) | ! [X2] : (~endpoint(X2,X0) | ? [X3] : (point(X3) & cont(X3,X0) & X2 != X3)) | atomicraycurve(X0)))),
  inference(flattening,[],[f354])).
fof(f354,plain,(
  ! [X0] : ((~atomicraycurve(X0) | (curve(X0) & ! [X1] : ~pp(X1,X0) & ? [X2] : (endpoint(X2,X0) & ! [X3] : (~point(X3) | ~cont(X3,X0) | X2 = X3)))) & ((~curve(X0) | ? [X1] : pp(X1,X0) | ! [X2] : (~endpoint(X2,X0) | ? [X3] : (point(X3) & cont(X3,X0) & X2 != X3))) | atomicraycurve(X0)))),
  inference(nnf_transformation,[],[f240])).
fof(f240,plain,(
  ! [X0] : (atomicraycurve(X0) <=> (curve(X0) & ! [X1] : ~pp(X1,X0) & ? [X2] : (endpoint(X2,X0) & ! [X3] : (~point(X3) | ~cont(X3,X0) | X2 = X3))))),
  inference(flattening,[],[f239])).
fof(f239,plain,(
  ! [X0] : (atomicraycurve(X0) <=> (curve(X0) & ! [X1] : ~pp(X1,X0) & ? [X2] : (endpoint(X2,X0) & ! [X3] : ((~point(X3) | ~cont(X3,X0)) | X2 = X3))))),
  inference(ennf_transformation,[],[f99])).
fof(f99,plain,(
  ! [X0] : (atomicraycurve(X0) <=> (curve(X0) & ! [X1] : ~pp(X1,X0) & ? [X2] : (endpoint(X2,X0) & ! [X3] : ((point(X3) & cont(X3,X0)) => X2 = X3))))),
  inference(rectify,[],[f11])).
fof(f11,axiom,(
  ! [X21] : (atomicraycurve(X21) <=> (curve(X21) & ! [X22] : ~pp(X22,X21) & ? [X22] : (endpoint(X22,X21) & ! [X23] : ((point(X23) & cont(X23,X21)) => X22 = X23))))),
  file(unknown,unknown)).
% SZS output end Proof for unknown
------------------------------
Version: Vampire 0.6 (revision 903)
Termination reason: Refutation

Active clauses: 37
Passive clauses: 185
Generated clauses: 190
Final active clauses: 37
Final passive clauses: 147
Input formulas: 84
Initial clauses: 175

Selected by SInE selection: 84
SInE iterations: 1

Fw subsumption resolutions: 1

Simple tautologies: 2
Forward subsumptions: 2

Binary resolution: 14

Memory used: 255KB
Time elapsed: 0.005 s
------------------------------
% Success in time 0.064 s
============================= vampire_lin32 ================================
execution finished: Tue Oct 08 20:02:40 2013
total CPU time used: 0
The command was "vampire_lin32 --mode casc --proof tptp -t 3000"
Input read from  /stl/torsten/git/macleod/qs/multidim_mereotopology_codib/theorems/conversions/atomic_ray_curve_theorems_goal2.all.tptp
============================ end of footer ===========================
