============================== Mace4 =================================
Mace4 (64) version 2009-11A, November 2009.
Process 20332 was started by torsten on stl-ws2,
Mon Jul  9 12:42:53 2012
The command was "mace4 -c -t 600 -s 60 -n 2 -N 20 -f codi/p9/codi_down_sum_prime.p9 codi/p9/codi_down.p9 codi//theorems/p9/codi_down_theoremsPO-E1.p9 codi/p9/codi_int.p9 codi//theorems/p9/codi_down_theoremsEP-E3.p9 codi//theorems/p9/codi_down_theoremsT11.p9 codi/p9/codi_linear.p9 zex/p9/zex.p9 codi//theorems/p9/codi_down_theoremsEP-E2.p9 codi//defs/p9/min_max_in_dim.p9 dim/p9/dim_prime_linear.p9 cont/p9/cont_c.p9 codi//theorems/p9/codi_down_theoremsEP-E1.p9 codi//defs/p9/epp.p9 cont/p9/cont_basic.p9 codi//theorems/p9/codi_down_theoremsT1-T2.p9 codi//theorems/p9/codi_down_theoremsT3-T5.p9 codi//defs/p9/ep.p9".
============================== end of head ===========================

============================== INPUT =================================

% Reading from file codi/p9/codi_down_sum_prime.p9


formulas(sos).
(all x all y all z all v (TSum(x,y,z) & TSum(x,y,v) -> v = z)).
(all x all y all z (TSum(x,y,z) -> TSum(y,x,z))).
(all x all y (x < y -> TSum(x,y,y))).
(all x all y all z all v (TSum(x,y,z) & x <= y & Cont(v,y) -> Cont(v,z))).
(all x all y all z all v (TSum(x,y,z) & Cont(v,z) & -Cont(v,x) -> Cont(difference(v,x),y))).
(all x all y all z (EqDim(x,y) & (all v (PO(v,z) <-> PO(v,x) | PO(v,y))) -> TSum(x,y,z))).
end_of_list.

% Reading from file codi/p9/codi_down.p9


formulas(sos).
(all x all y (-ZEX(difference(x,y)) -> EqDim(x,difference(x,y)))).
(all x all y (y < x -> x = difference(x,y))).
(all x all y all z (x <= y & Cont(z,x) & intersection(z,y) < z -> Cont(z,difference(x,y)))).
(all x all y all z (x <= y & Cont(z,difference(x,y)) -> Cont(z,x))).
(all x all y all z (x <= y & P(z,difference(x,y)) -> intersection(z,y) < z)).
(all x all y (ZEX(difference(x,y)) <-> ZEX(x) | Cont(x,y))).
end_of_list.

% Reading from file codi//theorems/p9/codi_down_theoremsPO-E1.p9


formulas(sos).
(all x all y (-ZEX(x) & (all z (PO(x,z) -> PO(y,z))) -> P(x,y))).
(all x all y ((all z (PO(x,z) <-> PO(y,z))) -> x = y)).
end_of_list.

% Reading from file codi/p9/codi_int.p9


formulas(sos).
(all x all y (-C(x,y) <-> ZEX(intersection(x,y)))).
(all x all y (-ZEX(intersection(x,y)) -> Cont(intersection(x,y),x))).
(all x all y all z (Cont(z,x) & Cont(z,y) -> z <= intersection(x,y))).
(all x all y all z (Cont(z,x) & Cont(z,y) & EqDim(z,intersection(x,y)) <-> P(z,intersection(x,y)))).
end_of_list.

% Reading from file codi//theorems/p9/codi_down_theoremsEP-E3.p9


formulas(sos).
(all x all y (-ZEX(x) & -ZEX(y) & -Cont(y,x) -> (exists z (P(z,y) & intersection(z,x) < z)))).
end_of_list.

% Reading from file codi//theorems/p9/codi_down_theoremsT11.p9


formulas(sos).
(all x all y all z (P(y,x) & Min(z) & Cont(z,x) -> Cont(z,y) | Cont(z,difference(x,y)))).
end_of_list.

% Reading from file codi/p9/codi_linear.p9


formulas(sos).
(all x all y (Cont(x,y) -> x < y | EqDim(x,y))).
end_of_list.

% Reading from file zex/p9/zex.p9


formulas(sos).
(exists x ZEX(x)).
end_of_list.

% Reading from file codi//theorems/p9/codi_down_theoremsEP-E2.p9


formulas(sos).
(all x all y (-ZEX(x) & -ZEX(y) & -P(y,x) & EqDim(x,y) & PO(x,y) & -PP(y,x) -> (exists z (P(z,y) & -PO(z,x))))).
(all x all y (-ZEX(x) & -ZEX(y) & -P(y,x) & EqDim(x,y) & -PO(x,y) -> (exists z (P(z,y) & -PO(z,x))))).
(all x all y (-ZEX(x) & -ZEX(y) & -P(y,x) & -EqDim(x,y) -> (exists z (P(z,y) & -PO(z,x))))).
end_of_list.

% Reading from file codi//defs/p9/min_max_in_dim.p9


formulas(sos).
(all x (Max(x) <-> -ZEX(x) & (all y -PP(x,y)))).
(all x (Min(x) <-> -ZEX(x) & (all y -PP(y,x)))).
end_of_list.

% Reading from file dim/p9/dim_prime_linear.p9


formulas(sos).
(all x -(x < x)).
(all x all y (x < y -> -(y < x))).
(all x all y all z (x < y & y <= z -> x < z)).
(all x all y (ZEX(x) & ZEX(y) -> x = y)).
(all x all y (ZEX(x) & -ZEX(y) -> x < y)).
(exists x MinDim(x)).
(all x all y (EqDim(x,y) <-> -(x < y) & -(y < x))).
(all x all y (x <= y <-> x < y | EqDim(x,y))).
(all x (MaxDim(x) <-> (all y y <= x))).
(all x (MinDim(x) <-> -ZEX(x) & (all y (y < x -> ZEX(y))))).
(all x all y (Covers(x,y) <-> y < x & (all z -(y < z & z < x)))).
end_of_list.

% Reading from file cont/p9/cont_c.p9


formulas(sos).
(all x all y (C(x,y) <-> (exists z (Cont(z,x) & Cont(z,y))))).
end_of_list.

% Reading from file codi//theorems/p9/codi_down_theoremsEP-E1.p9


formulas(sos).
(all x all y (PP(x,y) -> (exists z (P(z,y) & -PO(z,x))))).
end_of_list.

% Reading from file codi//defs/p9/epp.p9


formulas(sos).
(all x all y (PP(x,y) <-> P(x,y) & x != y)).
end_of_list.

% Reading from file cont/p9/cont_basic.p9


formulas(sos).
(all x (-ZEX(x) <-> Cont(x,x))).
(all x all y (Cont(x,y) & Cont(y,x) -> x = y)).
(all x all y all z (Cont(x,y) & Cont(y,z) -> Cont(x,z))).
(all x all y (ZEX(x) -> -Cont(y,x) & -Cont(x,y))).
(all x all y (ZEX(x) & ZEX(y) -> x = y)).
end_of_list.

% Reading from file codi//theorems/p9/codi_down_theoremsT1-T2.p9


formulas(sos).
(all x all y (-ZEX(difference(x,y)) -> P(difference(x,y),x))).
(all x all y (PP(y,x) & -ZEX(difference(x,y)) & P(difference(x,y),x) -> PP(difference(x,y),x))).
(all x all y (PP(y,x) -> PP(difference(x,y),x))).
end_of_list.

% Reading from file codi//theorems/p9/codi_down_theoremsT3-T5.p9


formulas(sos).
(all x all y (-ZEX(y) & -ZEX(difference(x,y)) -> -PO(y,difference(x,y)))).
(all x all y -PO(intersection(x,y),difference(x,y))).
(all x all y all z (P(z,difference(x,y)) -> P(z,x))).
(all x all y all z (P(z,difference(x,y)) -> -PO(z,intersection(x,y)))).
(all x all y all z (P(z,x) & -PO(z,intersection(x,y)) -> P(z,difference(x,y)))).
end_of_list.

% Reading from file codi//defs/p9/ep.p9


formulas(sos).
(all x all y (P(x,y) <-> Cont(x,y) & EqDim(x,y))).
end_of_list.

% From the command line: assign(max_seconds, 600).

% From the command line: assign(max_seconds_per, 60).
    % assign(domain_size, 2) -> assign(start_size, 2).
    % assign(domain_size, 2) -> assign(end_size, 2).

% From the command line: assign(domain_size, 2).

% From the command line: assign(end_size, 20).

============================== end of input ==========================

============================== PROCESS NON-CLAUSAL FORMULAS ==========

% Formulas that are not ordinary clauses:
1 (all x all y all z all v (TSum(x,y,z) & TSum(x,y,v) -> v = z)) # label(non_clause).  [assumption].
2 (all x all y all z (TSum(x,y,z) -> TSum(y,x,z))) # label(non_clause).  [assumption].
3 (all x all y (x < y -> TSum(x,y,y))) # label(non_clause).  [assumption].
4 (all x all y all z all v (TSum(x,y,z) & x <= y & Cont(v,y) -> Cont(v,z))) # label(non_clause).  [assumption].
5 (all x all y all z all v (TSum(x,y,z) & Cont(v,z) & -Cont(v,x) -> Cont(difference(v,x),y))) # label(non_clause).  [assumption].
6 (all x all y all z (EqDim(x,y) & (all v (PO(v,z) <-> PO(v,x) | PO(v,y))) -> TSum(x,y,z))) # label(non_clause).  [assumption].
7 (all x all y (-ZEX(difference(x,y)) -> EqDim(x,difference(x,y)))) # label(non_clause).  [assumption].
8 (all x all y (y < x -> x = difference(x,y))) # label(non_clause).  [assumption].
9 (all x all y all z (x <= y & Cont(z,x) & intersection(z,y) < z -> Cont(z,difference(x,y)))) # label(non_clause).  [assumption].
10 (all x all y all z (x <= y & Cont(z,difference(x,y)) -> Cont(z,x))) # label(non_clause).  [assumption].
11 (all x all y all z (x <= y & P(z,difference(x,y)) -> intersection(z,y) < z)) # label(non_clause).  [assumption].
12 (all x all y (ZEX(difference(x,y)) <-> ZEX(x) | Cont(x,y))) # label(non_clause).  [assumption].
13 (all x all y (-ZEX(x) & (all z (PO(x,z) -> PO(y,z))) -> P(x,y))) # label(non_clause).  [assumption].
14 (all x all y ((all z (PO(x,z) <-> PO(y,z))) -> x = y)) # label(non_clause).  [assumption].
15 (all x all y (-C(x,y) <-> ZEX(intersection(x,y)))) # label(non_clause).  [assumption].
16 (all x all y (-ZEX(intersection(x,y)) -> Cont(intersection(x,y),x))) # label(non_clause).  [assumption].
17 (all x all y all z (Cont(z,x) & Cont(z,y) -> z <= intersection(x,y))) # label(non_clause).  [assumption].
18 (all x all y all z (Cont(z,x) & Cont(z,y) & EqDim(z,intersection(x,y)) <-> P(z,intersection(x,y)))) # label(non_clause).  [assumption].
19 (all x all y (-ZEX(x) & -ZEX(y) & -Cont(y,x) -> (exists z (P(z,y) & intersection(z,x) < z)))) # label(non_clause).  [assumption].
20 (all x all y all z (P(y,x) & Min(z) & Cont(z,x) -> Cont(z,y) | Cont(z,difference(x,y)))) # label(non_clause).  [assumption].
21 (all x all y (Cont(x,y) -> x < y | EqDim(x,y))) # label(non_clause).  [assumption].
22 (exists x ZEX(x)) # label(non_clause).  [assumption].
23 (all x all y (-ZEX(x) & -ZEX(y) & -P(y,x) & EqDim(x,y) & PO(x,y) & -PP(y,x) -> (exists z (P(z,y) & -PO(z,x))))) # label(non_clause).  [assumption].
24 (all x all y (-ZEX(x) & -ZEX(y) & -P(y,x) & EqDim(x,y) & -PO(x,y) -> (exists z (P(z,y) & -PO(z,x))))) # label(non_clause).  [assumption].
25 (all x all y (-ZEX(x) & -ZEX(y) & -P(y,x) & -EqDim(x,y) -> (exists z (P(z,y) & -PO(z,x))))) # label(non_clause).  [assumption].
26 (all x (Max(x) <-> -ZEX(x) & (all y -PP(x,y)))) # label(non_clause).  [assumption].
27 (all x (Min(x) <-> -ZEX(x) & (all y -PP(y,x)))) # label(non_clause).  [assumption].
28 (all x -(x < x)) # label(non_clause).  [assumption].
29 (all x all y (x < y -> -(y < x))) # label(non_clause).  [assumption].
30 (all x all y all z (x < y & y <= z -> x < z)) # label(non_clause).  [assumption].
31 (all x all y (ZEX(x) & ZEX(y) -> x = y)) # label(non_clause).  [assumption].
32 (all x all y (ZEX(x) & -ZEX(y) -> x < y)) # label(non_clause).  [assumption].
33 (exists x MinDim(x)) # label(non_clause).  [assumption].
34 (all x all y (EqDim(x,y) <-> -(x < y) & -(y < x))) # label(non_clause).  [assumption].
35 (all x all y (x <= y <-> x < y | EqDim(x,y))) # label(non_clause).  [assumption].
36 (all x (MaxDim(x) <-> (all y y <= x))) # label(non_clause).  [assumption].
37 (all x (MinDim(x) <-> -ZEX(x) & (all y (y < x -> ZEX(y))))) # label(non_clause).  [assumption].
38 (all x all y (Covers(x,y) <-> y < x & (all z -(y < z & z < x)))) # label(non_clause).  [assumption].
39 (all x all y (C(x,y) <-> (exists z (Cont(z,x) & Cont(z,y))))) # label(non_clause).  [assumption].
40 (all x all y (PP(x,y) -> (exists z (P(z,y) & -PO(z,x))))) # label(non_clause).  [assumption].
41 (all x all y (PP(x,y) <-> P(x,y) & x != y)) # label(non_clause).  [assumption].
42 (all x (-ZEX(x) <-> Cont(x,x))) # label(non_clause).  [assumption].
43 (all x all y (Cont(x,y) & Cont(y,x) -> x = y)) # label(non_clause).  [assumption].
44 (all x all y all z (Cont(x,y) & Cont(y,z) -> Cont(x,z))) # label(non_clause).  [assumption].
45 (all x all y (ZEX(x) -> -Cont(y,x) & -Cont(x,y))) # label(non_clause).  [assumption].
46 (all x all y (ZEX(x) & ZEX(y) -> x = y)) # label(non_clause).  [assumption].
47 (all x all y (-ZEX(difference(x,y)) -> P(difference(x,y),x))) # label(non_clause).  [assumption].
48 (all x all y (PP(y,x) & -ZEX(difference(x,y)) & P(difference(x,y),x) -> PP(difference(x,y),x))) # label(non_clause).  [assumption].
49 (all x all y (PP(y,x) -> PP(difference(x,y),x))) # label(non_clause).  [assumption].
50 (all x all y (-ZEX(y) & -ZEX(difference(x,y)) -> -PO(y,difference(x,y)))) # label(non_clause).  [assumption].
51 (all x all y -PO(intersection(x,y),difference(x,y))) # label(non_clause).  [assumption].
52 (all x all y all z (P(z,difference(x,y)) -> P(z,x))) # label(non_clause).  [assumption].
53 (all x all y all z (P(z,difference(x,y)) -> -PO(z,intersection(x,y)))) # label(non_clause).  [assumption].
54 (all x all y all z (P(z,x) & -PO(z,intersection(x,y)) -> P(z,difference(x,y)))) # label(non_clause).  [assumption].
55 (all x all y (P(x,y) <-> Cont(x,y) & EqDim(x,y))) # label(non_clause).  [assumption].

============================== end of process non-clausal formulas ===

============================== CLAUSES FOR SEARCH ====================

formulas(mace4_clauses).
-TSum(x,y,z) | -TSum(x,y,u) | u = z.
-TSum(x,y,z) | TSum(y,x,z).
-(x < y) | TSum(x,y,y).
-TSum(x,y,z) | -(x <= y) | -Cont(u,y) | Cont(u,z).
-TSum(x,y,z) | -Cont(u,z) | Cont(u,x) | Cont(difference(u,x),y).
-EqDim(x,y) | PO(f1(x,y,z),z) | PO(f1(x,y,z),x) | PO(f1(x,y,z),y) | TSum(x,y,z).
-EqDim(x,y) | -PO(f1(x,y,z),z) | -PO(f1(x,y,z),x) | TSum(x,y,z).
-EqDim(x,y) | -PO(f1(x,y,z),z) | -PO(f1(x,y,z),y) | TSum(x,y,z).
ZEX(difference(x,y)) | EqDim(x,difference(x,y)).
-(x < y) | difference(y,x) = y.
-(x <= y) | -Cont(z,x) | -(intersection(z,y) < z) | Cont(z,difference(x,y)).
-(x <= y) | -Cont(z,difference(x,y)) | Cont(z,x).
-(x <= y) | -P(z,difference(x,y)) | intersection(z,y) < z.
-ZEX(difference(x,y)) | ZEX(x) | Cont(x,y).
ZEX(difference(x,y)) | -ZEX(x).
ZEX(difference(x,y)) | -Cont(x,y).
ZEX(x) | PO(x,f2(x,y)) | P(x,y).
ZEX(x) | -PO(y,f2(x,y)) | P(x,y).
PO(x,f3(x,y)) | PO(y,f3(x,y)) | y = x.
-PO(x,f3(x,y)) | -PO(y,f3(x,y)) | y = x.
C(x,y) | ZEX(intersection(x,y)).
-C(x,y) | -ZEX(intersection(x,y)).
ZEX(intersection(x,y)) | Cont(intersection(x,y),x).
-Cont(x,y) | -Cont(x,z) | x <= intersection(y,z).
-Cont(x,y) | -Cont(x,z) | -EqDim(x,intersection(y,z)) | P(x,intersection(y,z)).
Cont(x,y) | -P(x,intersection(y,z)).
Cont(x,y) | -P(x,intersection(z,y)).
EqDim(x,intersection(y,z)) | -P(x,intersection(y,z)).
ZEX(x) | ZEX(y) | Cont(y,x) | P(f4(x,y),y).
ZEX(x) | ZEX(y) | Cont(y,x) | intersection(f4(x,y),x) < f4(x,y).
-P(x,y) | -Min(z) | -Cont(z,y) | Cont(z,x) | Cont(z,difference(y,x)).
-Cont(x,y) | x < y | EqDim(x,y).
ZEX(c1).
ZEX(x) | ZEX(y) | P(y,x) | -EqDim(x,y) | -PO(x,y) | PP(y,x) | P(f5(x,y),y).
ZEX(x) | ZEX(y) | P(y,x) | -EqDim(x,y) | -PO(x,y) | PP(y,x) | -PO(f5(x,y),x).
ZEX(x) | ZEX(y) | P(y,x) | -EqDim(x,y) | PO(x,y) | P(f6(x,y),y).
ZEX(x) | ZEX(y) | P(y,x) | -EqDim(x,y) | PO(x,y) | -PO(f6(x,y),x).
ZEX(x) | ZEX(y) | P(y,x) | EqDim(x,y) | P(f7(x,y),y).
ZEX(x) | ZEX(y) | P(y,x) | EqDim(x,y) | -PO(f7(x,y),x).
-Max(x) | -ZEX(x).
-Max(x) | -PP(x,y).
Max(x) | ZEX(x) | PP(x,f8(x)).
-Min(x) | -ZEX(x).
-Min(x) | -PP(y,x).
Min(x) | ZEX(x) | PP(f9(x),x).
-(x < x).
-(x < y) | -(y < x).
-(x < y) | -(y <= z) | x < z.
-ZEX(x) | -ZEX(y) | y = x.
-ZEX(x) | ZEX(y) | x < y.
MinDim(c2).
-EqDim(x,y) | -(x < y).
-EqDim(x,y) | -(y < x).
EqDim(x,y) | x < y | y < x.
-(x <= y) | x < y | EqDim(x,y).
x <= y | -(x < y).
x <= y | -EqDim(x,y).
-MaxDim(x) | y <= x.
MaxDim(x) | -(f10(x) <= x).
-MinDim(x) | -ZEX(x).
-MinDim(x) | -(y < x) | ZEX(y).
MinDim(x) | ZEX(x) | f11(x) < x.
MinDim(x) | ZEX(x) | -ZEX(f11(x)).
-Covers(x,y) | y < x.
-Covers(x,y) | -(y < z) | -(z < x).
Covers(x,y) | -(y < x) | y < f12(x,y).
Covers(x,y) | -(y < x) | f12(x,y) < x.
-C(x,y) | Cont(f13(x,y),x).
-C(x,y) | Cont(f13(x,y),y).
C(x,y) | -Cont(z,x) | -Cont(z,y).
-PP(x,y) | P(f14(x,y),y).
-PP(x,y) | -PO(f14(x,y),x).
-PP(x,y) | P(x,y).
-PP(x,y) | y != x.
PP(x,y) | -P(x,y) | y = x.
ZEX(x) | Cont(x,x).
-ZEX(x) | -Cont(x,x).
-Cont(x,y) | -Cont(y,x) | y = x.
-Cont(x,y) | -Cont(y,z) | Cont(x,z).
-ZEX(x) | -Cont(y,x).
-ZEX(x) | -Cont(x,y).
-ZEX(x) | -ZEX(y) | y = x.
ZEX(difference(x,y)) | P(difference(x,y),x).
-PP(x,y) | ZEX(difference(y,x)) | -P(difference(y,x),y) | PP(difference(y,x),y).
-PP(x,y) | PP(difference(y,x),y).
ZEX(x) | ZEX(difference(y,x)) | -PO(x,difference(y,x)).
-PO(intersection(x,y),difference(x,y)).
-P(x,difference(y,z)) | P(x,y).
-P(x,difference(y,z)) | -PO(x,intersection(y,z)).
-P(x,y) | PO(x,intersection(y,z)) | P(x,difference(y,z)).
-P(x,y) | Cont(x,y).
-P(x,y) | EqDim(x,y).
P(x,y) | -Cont(x,y) | -EqDim(x,y).
end_of_list.

============================== end of clauses for search =============

% There are no natural numbers in the input.

============================== DOMAIN SIZE 2 =========================

============================== MODEL =================================

interpretation( 2, [number=1, seconds=0], [

        function(c1, [ 0 ]),

        function(c2, [ 1 ]),

        function(f8(_), [ 0, 0 ]),

        function(f9(_), [ 0, 0 ]),

        function(f10(_), [ 1, 0 ]),

        function(f11(_), [ 0, 0 ]),

        function(difference(_,_), [
			   0, 0,
			   1, 0 ]),

        function(intersection(_,_), [
			   0, 0,
			   0, 1 ]),

        function(f2(_,_), [
			   0, 0,
			   1, 0 ]),

        function(f3(_,_), [
			   0, 1,
			   1, 0 ]),

        function(f4(_,_), [
			   0, 0,
			   0, 0 ]),

        function(f5(_,_), [
			   0, 0,
			   0, 0 ]),

        function(f6(_,_), [
			   0, 0,
			   0, 0 ]),

        function(f7(_,_), [
			   0, 0,
			   0, 0 ]),

        function(f12(_,_), [
			   0, 0,
			   0, 0 ]),

        function(f13(_,_), [
			   0, 0,
			   0, 1 ]),

        function(f14(_,_), [
			   0, 0,
			   0, 0 ]),

        function(f1(_,_,_), [
			   0, 1,
			   0, 0,
			   0, 0,
			   1, 0 ]),

        relation(Max(_), [ 0, 1 ]),

        relation(MaxDim(_), [ 0, 1 ]),

        relation(Min(_), [ 0, 1 ]),

        relation(MinDim(_), [ 0, 1 ]),

        relation(ZEX(_), [ 1, 0 ]),

        relation(<(_,_), [
			   0, 1,
			   0, 0 ]),

        relation(<=(_,_), [
			   1, 1,
			   0, 1 ]),

        relation(C(_,_), [
			   0, 0,
			   0, 1 ]),

        relation(Cont(_,_), [
			   0, 0,
			   0, 1 ]),

        relation(Covers(_,_), [
			   0, 0,
			   1, 0 ]),

        relation(EqDim(_,_), [
			   1, 0,
			   0, 1 ]),

        relation(P(_,_), [
			   0, 0,
			   0, 1 ]),

        relation(PO(_,_), [
			   0, 0,
			   0, 1 ]),

        relation(PP(_,_), [
			   0, 0,
			   0, 0 ]),

        relation(TSum(_,_,_), [
			   1, 0,
			   0, 1,
			   0, 1,
			   0, 1 ])
]).

============================== end of model ==========================

============================== STATISTICS ============================

For domain size 2.

Current CPU time: 0.00 seconds (total CPU time: 0.01 seconds).
Ground clauses: seen=460, kept=402.
Selections=50, assignments=54, propagations=66, current_models=1.
Rewrite_terms=378, rewrite_bools=649, indexes=47.
Rules_from_neg_clauses=12, cross_offs=12.

============================== end of statistics =====================

User_CPU=0.01, System_CPU=0.00, Wall_clock=0.

Exiting with 1 model.

Process 20332 exit (max_models) Mon Jul  9 12:42:53 2012
The process finished Mon Jul  9 12:42:53 2012
