============================== Prover9 ===============================
Prover9 (64) version 2009-11A, November 2009.
Process 15686 was started by cchui on stl1.mie.utoronto.ca,
Tue Jul 16 23:41:40 2013
The command was "prover9 -t 600 -f test/p9/interval_mandatory.p9 test/p9/interval_psl_core2dolce_present.p9 test/p9/interval_mandatory2dolce_participation.p9 test/p9/interval_psl_core.p9 test/p9/interval_moment.p9 test/p9/psl_core_root-ext.p9 test/p9/interval_with_endpoints.p9 test/p9/moment_with_endpoints.p9 test/p9/finite_sim_vc_end.p9 test/p9/lp_infinite_end.p9 test/p9/finite_moment.p9 test/p9/lp_ordering.p9 test/p9/ex0716_interval_mandatory2dolce_participation_2.p9".
============================== end of head ===========================

============================== INPUT =================================

% Reading from file test/p9/interval_mandatory.p9


formulas(sos).
end_of_list.

% Reading from file test/p9/interval_psl_core2dolce_present.p9


formulas(sos).
(all x (ED(x) <-> object(x))).
(all x (PD(x) <-> activity_occurrence(x))).
(all x (T(x) <-> timeinterval(x))).
(all t1 all t2 (P(t1,t2) <-> timeinterval(t1) & timeinterval(t2) & beforeEq(beginof(t2),beginof(t1)) & beforeEq(endof(t1),endof(t2)))).
(all x all y all t (PRE(x,t) <-> (object(x) | activity_occurrence(x)) & timeinterval(t) & beforeEq(beginof(x),beginof(t)) & beforeEq(endof(t),endof(x)))).
(all x all y all z (SUM(z,x,y) <-> timeinterval(x) & timeinterval(y) & timeinterval(z) & (beginof(z) = beginof(x) & endof(z) = endof(y) | beginof(z) = beginof(y) & endof(z) = endof(x)))).
(all x (object(x) | activity_occurrence(x) -> (exists t psl_interval(x,t)))).
(all x all y all z (beforeEq(x,y) & beforeEq(y,z) -> beforeEq(x,z))).
(all x all y all z (P(x,y) & P(y,z) -> P(x,z))).
(all x all y (psl_interval(x,y) <-> (activity_occurrence(x) | object(x)) & timeinterval(y) & beginof(x) = beginof(y) & endof(x) = endof(y))).
(all x all y all z (overlay(x,y,z) <-> (exists i1 exists i2 (psl_interval(x,i1) & psl_interval(y,i2) & beginof(i2) = beginof(z) & endof(i1) = endof(z))))).
end_of_list.

% Reading from file test/p9/interval_mandatory2dolce_participation.p9


formulas(sos).
(all x all y all z all t (PC(x,y,z) <-> object(x) & activity_occurrence(y) & timeinterval(z) & (beforeEq(beginof(z),t) & beforeEq(t,endof(z)) -> participates_in(x,y,t)))).
(all t1 all t2 (P(t1,t2) <-> timeinterval(t1) & timeinterval(t2) & beforeEq(beginof(t2),beginof(t1)) & beforeEq(endof(t1),endof(t2)))).
end_of_list.

% Reading from file test/p9/interval_psl_core.p9


formulas(sos).
(all x (timeinterval(x) -> -(activity(x) | activity_occurrence(x) | timepoint(x) | object(x)))).
(all x all y (psl_interval(x,y) <-> (activity_occurrence(x) | object(x)) & timeinterval(y) & beginof(x) = beginof(y) & endof(x) = endof(y))).
(all x all y all z (overlay(x,y,z) <-> (exists i1 exists i2 (psl_interval(x,i1) & psl_interval(y,i2) & beginof(i2) = beginof(z) & endof(i1) = endof(z))))).
end_of_list.

% Reading from file test/p9/interval_moment.p9


formulas(sos).
end_of_list.

% Reading from file test/p9/psl_core_root-ext.p9


formulas(sos).
(all t1 all t2 (before(t1,t2) -> timepoint(t1) & timepoint(t2))).
(all t1 all t2 (timepoint(t1) & timepoint(t2) -> t1 = t2 | before(t1,t2) | before(t2,t1))).
(all t1 -before(t1,t1)).
(all t1 all t2 all t3 (before(t1,t2) & before(t2,t3) -> before(t1,t3))).
(all t (timepoint(t) & t != "inf-" -> before("inf-",t))).
(all t (timepoint(t) & t != "inf+" -> before(t,"inf+"))).
(all t (timepoint(t) & t != "inf-" -> (exists u (before("inf-",u) & before(u,t))))).
(all t (timepoint(t) & t != "inf+" -> (exists u (before(t,u) & before(u,"inf+"))))).
(all x ((activity(x) -> -(activity_occurrence(x) | object(x) | timepoint(x))) & (activity_occurrence(x) -> -(object(x) | timepoint(x))) & (object(x) -> -timepoint(x)))).
(all a all occ (occurrence_of(occ,a) -> activity(a) & activity_occurrence(occ))).
(all occ (activity_occurrence(occ) -> (exists a (activity(a) & occurrence_of(occ,a))))).
(all occ all a1 all a2 (occurrence_of(occ,a1) & occurrence_of(occ,a2) -> a1 = a2)).
(all a all x (occurrence_of(x,a) | object(x) -> timepoint(beginof(x)) & timepoint(endof(x)))).
(all x (activity_occurrence(x) | object(x) -> beforeEq(beginof(x),endof(x)))).
(all x all occ all t (participates_in(x,occ,t) -> object(x) & activity_occurrence(occ) & timepoint(t))).
(all x all occ all t (participates_in(x,occ,t) -> exists_at(x,t) & is_occurring_at(occ,t))).
(all t1 all t2 (beforeEq(t1,t2) <-> timepoint(t1) & timepoint(t2) & (before(t1,t2) | t1 = t2))).
(all t1 all t2 all t3 (betweenEq(t1,t2,t3) <-> beforeEq(t1,t2) & beforeEq(t2,t3))).
(all x all t (exists_at(x,t) <-> object(x) & betweenEq(beginof(x),t,endof(x)))).
(all occ all t (is_occurring_at(occ,t) <-> betweenEq(beginof(occ),t,endof(occ)))).
end_of_list.

% Reading from file test/p9/interval_with_endpoints.p9


formulas(sos).
end_of_list.

% Reading from file test/p9/moment_with_endpoints.p9


formulas(sos).
end_of_list.

% Reading from file test/p9/finite_sim_vc_end.p9


formulas(sos).
(all x (timepoint(x) -> -timeinterval(x))).
(all i all p all q (p = beginof(i) & q = endof(i) -> i = between(p,q))).
(all i (timeinterval(i) -> timepoint(beginof(i)) & timepoint(endof(i)))).
(all x all y (before(x,y) -> timeinterval(between(x,y)))).
(all p all q (before(p,q) -> p = beginof(between(p,q)) & q = endof(between(p,q)))).
end_of_list.

% Reading from file test/p9/lp_infinite_end.p9


formulas(sos).
(exists t1 (timepoint(t1) & (all t2 (timepoint(t2) & t1 != t2 -> before(t2,t1))) & (all t3 (timepoint(t3) & t1 != t3 -> (exists t4 (before(t3,t4) & before(t4,t1))))))).
(exists t1 (timepoint(t1) & (all t2 (timepoint(t2) & t1 != t2 -> before(t1,t2))) & (all t3 (timepoint(t3) & t1 != t3 -> (exists t4 (before(t4,t3) & before(t1,t4))))))).
end_of_list.

% Reading from file test/p9/finite_moment.p9


formulas(sos).
(all t (timepoint(t) -> (exists i (timeinterval(i) & t = beginof(i) & t = endof(i))))).
end_of_list.

% Reading from file test/p9/lp_ordering.p9


formulas(sos).
(all x all y all z (timepoint(x) & timepoint(y) & timepoint(z) & before(x,y) & before(y,z) -> before(x,z))).
(all x (timepoint(x) -> -before(x,x))).
(all x all y (timepoint(x) & timepoint(y) -> before(x,y) | before(y,x) | x = y)).
(all x all y (bbefore(x,y) <-> timepoint(x) & timepoint(y) & (before(x,y) | x = y))).
end_of_list.

% Reading from file test/p9/ex0716_interval_mandatory2dolce_participation_2.p9


formulas(goals).
(all x all t (PD(x) & PRE(x,t) -> (exists y PC(y,x,t)))).
end_of_list.

============================== end of input ==========================

% From the command line: assign(max_seconds, 600).

============================== PROCESS NON-CLAUSAL FORMULAS ==========

% Formulas that are not ordinary clauses:
1 (all x (ED(x) <-> object(x))) # label(non_clause).  [assumption].
2 (all x (PD(x) <-> activity_occurrence(x))) # label(non_clause).  [assumption].
3 (all x (T(x) <-> timeinterval(x))) # label(non_clause).  [assumption].
4 (all t1 all t2 (P(t1,t2) <-> timeinterval(t1) & timeinterval(t2) & beforeEq(beginof(t2),beginof(t1)) & beforeEq(endof(t1),endof(t2)))) # label(non_clause).  [assumption].
5 (all x all y all t (PRE(x,t) <-> (object(x) | activity_occurrence(x)) & timeinterval(t) & beforeEq(beginof(x),beginof(t)) & beforeEq(endof(t),endof(x)))) # label(non_clause).  [assumption].
6 (all x all y all z (SUM(z,x,y) <-> timeinterval(x) & timeinterval(y) & timeinterval(z) & (beginof(z) = beginof(x) & endof(z) = endof(y) | beginof(z) = beginof(y) & endof(z) = endof(x)))) # label(non_clause).  [assumption].
7 (all x (object(x) | activity_occurrence(x) -> (exists t psl_interval(x,t)))) # label(non_clause).  [assumption].
8 (all x all y all z (beforeEq(x,y) & beforeEq(y,z) -> beforeEq(x,z))) # label(non_clause).  [assumption].
9 (all x all y all z (P(x,y) & P(y,z) -> P(x,z))) # label(non_clause).  [assumption].
10 (all x all y (psl_interval(x,y) <-> (activity_occurrence(x) | object(x)) & timeinterval(y) & beginof(x) = beginof(y) & endof(x) = endof(y))) # label(non_clause).  [assumption].
11 (all x all y all z (overlay(x,y,z) <-> (exists i1 exists i2 (psl_interval(x,i1) & psl_interval(y,i2) & beginof(i2) = beginof(z) & endof(i1) = endof(z))))) # label(non_clause).  [assumption].
12 (all x all y all z all t (PC(x,y,z) <-> object(x) & activity_occurrence(y) & timeinterval(z) & (beforeEq(beginof(z),t) & beforeEq(t,endof(z)) -> participates_in(x,y,t)))) # label(non_clause).  [assumption].
13 (all t1 all t2 (P(t1,t2) <-> timeinterval(t1) & timeinterval(t2) & beforeEq(beginof(t2),beginof(t1)) & beforeEq(endof(t1),endof(t2)))) # label(non_clause).  [assumption].
14 (all x (timeinterval(x) -> -(activity(x) | activity_occurrence(x) | timepoint(x) | object(x)))) # label(non_clause).  [assumption].
15 (all x all y (psl_interval(x,y) <-> (activity_occurrence(x) | object(x)) & timeinterval(y) & beginof(x) = beginof(y) & endof(x) = endof(y))) # label(non_clause).  [assumption].
16 (all x all y all z (overlay(x,y,z) <-> (exists i1 exists i2 (psl_interval(x,i1) & psl_interval(y,i2) & beginof(i2) = beginof(z) & endof(i1) = endof(z))))) # label(non_clause).  [assumption].
17 (all t1 all t2 (before(t1,t2) -> timepoint(t1) & timepoint(t2))) # label(non_clause).  [assumption].
18 (all t1 all t2 (timepoint(t1) & timepoint(t2) -> t1 = t2 | before(t1,t2) | before(t2,t1))) # label(non_clause).  [assumption].
19 (all t1 -before(t1,t1)) # label(non_clause).  [assumption].
20 (all t1 all t2 all t3 (before(t1,t2) & before(t2,t3) -> before(t1,t3))) # label(non_clause).  [assumption].
21 (all t (timepoint(t) & t != "inf-" -> before("inf-",t))) # label(non_clause).  [assumption].
22 (all t (timepoint(t) & t != "inf+" -> before(t,"inf+"))) # label(non_clause).  [assumption].
23 (all t (timepoint(t) & t != "inf-" -> (exists u (before("inf-",u) & before(u,t))))) # label(non_clause).  [assumption].
24 (all t (timepoint(t) & t != "inf+" -> (exists u (before(t,u) & before(u,"inf+"))))) # label(non_clause).  [assumption].
25 (all x ((activity(x) -> -(activity_occurrence(x) | object(x) | timepoint(x))) & (activity_occurrence(x) -> -(object(x) | timepoint(x))) & (object(x) -> -timepoint(x)))) # label(non_clause).  [assumption].
26 (all a all occ (occurrence_of(occ,a) -> activity(a) & activity_occurrence(occ))) # label(non_clause).  [assumption].
27 (all occ (activity_occurrence(occ) -> (exists a (activity(a) & occurrence_of(occ,a))))) # label(non_clause).  [assumption].
28 (all occ all a1 all a2 (occurrence_of(occ,a1) & occurrence_of(occ,a2) -> a1 = a2)) # label(non_clause).  [assumption].
29 (all a all x (occurrence_of(x,a) | object(x) -> timepoint(beginof(x)) & timepoint(endof(x)))) # label(non_clause).  [assumption].
30 (all x (activity_occurrence(x) | object(x) -> beforeEq(beginof(x),endof(x)))) # label(non_clause).  [assumption].
31 (all x all occ all t (participates_in(x,occ,t) -> object(x) & activity_occurrence(occ) & timepoint(t))) # label(non_clause).  [assumption].
32 (all x all occ all t (participates_in(x,occ,t) -> exists_at(x,t) & is_occurring_at(occ,t))) # label(non_clause).  [assumption].
33 (all t1 all t2 (beforeEq(t1,t2) <-> timepoint(t1) & timepoint(t2) & (before(t1,t2) | t1 = t2))) # label(non_clause).  [assumption].
34 (all t1 all t2 all t3 (betweenEq(t1,t2,t3) <-> beforeEq(t1,t2) & beforeEq(t2,t3))) # label(non_clause).  [assumption].
35 (all x all t (exists_at(x,t) <-> object(x) & betweenEq(beginof(x),t,endof(x)))) # label(non_clause).  [assumption].
36 (all occ all t (is_occurring_at(occ,t) <-> betweenEq(beginof(occ),t,endof(occ)))) # label(non_clause).  [assumption].
37 (all x (timepoint(x) -> -timeinterval(x))) # label(non_clause).  [assumption].
38 (all i all p all q (p = beginof(i) & q = endof(i) -> i = between(p,q))) # label(non_clause).  [assumption].
39 (all i (timeinterval(i) -> timepoint(beginof(i)) & timepoint(endof(i)))) # label(non_clause).  [assumption].
40 (all x all y (before(x,y) -> timeinterval(between(x,y)))) # label(non_clause).  [assumption].
41 (all p all q (before(p,q) -> p = beginof(between(p,q)) & q = endof(between(p,q)))) # label(non_clause).  [assumption].
42 (exists t1 (timepoint(t1) & (all t2 (timepoint(t2) & t1 != t2 -> before(t2,t1))) & (all t3 (timepoint(t3) & t1 != t3 -> (exists t4 (before(t3,t4) & before(t4,t1))))))) # label(non_clause).  [assumption].
43 (exists t1 (timepoint(t1) & (all t2 (timepoint(t2) & t1 != t2 -> before(t1,t2))) & (all t3 (timepoint(t3) & t1 != t3 -> (exists t4 (before(t4,t3) & before(t1,t4))))))) # label(non_clause).  [assumption].
44 (all t (timepoint(t) -> (exists i (timeinterval(i) & t = beginof(i) & t = endof(i))))) # label(non_clause).  [assumption].
45 (all x all y all z (timepoint(x) & timepoint(y) & timepoint(z) & before(x,y) & before(y,z) -> before(x,z))) # label(non_clause).  [assumption].
46 (all x (timepoint(x) -> -before(x,x))) # label(non_clause).  [assumption].
47 (all x all y (timepoint(x) & timepoint(y) -> before(x,y) | before(y,x) | x = y)) # label(non_clause).  [assumption].
48 (all x all y (bbefore(x,y) <-> timepoint(x) & timepoint(y) & (before(x,y) | x = y))) # label(non_clause).  [assumption].
49 (all x all t (PD(x) & PRE(x,t) -> (exists y PC(y,x,t)))) # label(non_clause) # label(goal).  [goal].

============================== end of process non-clausal formulas ===

============================== PROCESS INITIAL CLAUSES ===============

% Clauses before input processing:

formulas(usable).
end_of_list.

formulas(sos).
-ED(x) | object(x).  [clausify(1)].
ED(x) | -object(x).  [clausify(1)].
-PD(x) | activity_occurrence(x).  [clausify(2)].
PD(x) | -activity_occurrence(x).  [clausify(2)].
-T(x) | timeinterval(x).  [clausify(3)].
T(x) | -timeinterval(x).  [clausify(3)].
-P(x,y) | timeinterval(x).  [clausify(4)].
-P(x,y) | timeinterval(y).  [clausify(4)].
-P(x,y) | beforeEq(beginof(y),beginof(x)).  [clausify(4)].
-P(x,y) | beforeEq(endof(x),endof(y)).  [clausify(4)].
P(x,y) | -timeinterval(x) | -timeinterval(y) | -beforeEq(beginof(y),beginof(x)) | -beforeEq(endof(x),endof(y)).  [clausify(4)].
-PRE(x,y) | object(x) | activity_occurrence(x).  [clausify(5)].
-PRE(x,y) | timeinterval(y).  [clausify(5)].
-PRE(x,y) | beforeEq(beginof(x),beginof(y)).  [clausify(5)].
-PRE(x,y) | beforeEq(endof(y),endof(x)).  [clausify(5)].
PRE(x,y) | -object(x) | -timeinterval(y) | -beforeEq(beginof(x),beginof(y)) | -beforeEq(endof(y),endof(x)).  [clausify(5)].
PRE(x,y) | -activity_occurrence(x) | -timeinterval(y) | -beforeEq(beginof(x),beginof(y)) | -beforeEq(endof(y),endof(x)).  [clausify(5)].
-SUM(x,y,z) | timeinterval(y).  [clausify(6)].
-SUM(x,y,z) | timeinterval(z).  [clausify(6)].
-SUM(x,y,z) | timeinterval(x).  [clausify(6)].
-SUM(x,y,z) | beginof(x) = beginof(y) | beginof(x) = beginof(z).  [clausify(6)].
-SUM(x,y,z) | beginof(x) = beginof(y) | endof(x) = endof(y).  [clausify(6)].
-SUM(x,y,z) | endof(x) = endof(z) | beginof(x) = beginof(z).  [clausify(6)].
-SUM(x,y,z) | endof(x) = endof(z) | endof(x) = endof(y).  [clausify(6)].
SUM(x,y,z) | -timeinterval(y) | -timeinterval(z) | -timeinterval(x) | beginof(x) != beginof(y) | endof(x) != endof(z).  [clausify(6)].
SUM(x,y,z) | -timeinterval(y) | -timeinterval(z) | -timeinterval(x) | beginof(x) != beginof(z) | endof(x) != endof(y).  [clausify(6)].
-object(x) | psl_interval(x,f1(x)).  [clausify(7)].
-activity_occurrence(x) | psl_interval(x,f1(x)).  [clausify(7)].
-beforeEq(x,y) | -beforeEq(y,z) | beforeEq(x,z).  [clausify(8)].
-P(x,y) | -P(y,z) | P(x,z).  [clausify(9)].
-psl_interval(x,y) | activity_occurrence(x) | object(x).  [clausify(10)].
-psl_interval(x,y) | timeinterval(y).  [clausify(10)].
-psl_interval(x,y) | beginof(y) = beginof(x).  [clausify(10)].
-psl_interval(x,y) | endof(y) = endof(x).  [clausify(10)].
psl_interval(x,y) | -activity_occurrence(x) | -timeinterval(y) | beginof(y) != beginof(x) | endof(y) != endof(x).  [clausify(10)].
psl_interval(x,y) | -object(x) | -timeinterval(y) | beginof(y) != beginof(x) | endof(y) != endof(x).  [clausify(10)].
-overlay(x,y,z) | psl_interval(x,f2(x,y,z)).  [clausify(11)].
-overlay(x,y,z) | psl_interval(y,f3(x,y,z)).  [clausify(11)].
-overlay(x,y,z) | beginof(f3(x,y,z)) = beginof(z).  [clausify(11)].
-overlay(x,y,z) | endof(f2(x,y,z)) = endof(z).  [clausify(11)].
overlay(x,y,z) | -psl_interval(x,u) | -psl_interval(y,w) | beginof(w) != beginof(z) | endof(u) != endof(z).  [clausify(11)].
-PC(x,y,z) | object(x).  [clausify(12)].
-PC(x,y,z) | activity_occurrence(y).  [clausify(12)].
-PC(x,y,z) | timeinterval(z).  [clausify(12)].
-PC(x,y,z) | -beforeEq(beginof(z),u) | -beforeEq(u,endof(z)) | participates_in(x,y,u).  [clausify(12)].
PC(x,y,z) | -object(x) | -activity_occurrence(y) | -timeinterval(z) | beforeEq(beginof(z),u).  [clausify(12)].
PC(x,y,z) | -object(x) | -activity_occurrence(y) | -timeinterval(z) | beforeEq(u,endof(z)).  [clausify(12)].
PC(x,y,z) | -object(x) | -activity_occurrence(y) | -timeinterval(z) | -participates_in(x,y,u).  [clausify(12)].
-P(x,y) | timeinterval(x).  [clausify(13)].
-P(x,y) | timeinterval(y).  [clausify(13)].
-P(x,y) | beforeEq(beginof(y),beginof(x)).  [clausify(13)].
-P(x,y) | beforeEq(endof(x),endof(y)).  [clausify(13)].
P(x,y) | -timeinterval(x) | -timeinterval(y) | -beforeEq(beginof(y),beginof(x)) | -beforeEq(endof(x),endof(y)).  [clausify(13)].
-timeinterval(x) | -activity(x).  [clausify(14)].
-timeinterval(x) | -activity_occurrence(x).  [clausify(14)].
-timeinterval(x) | -timepoint(x).  [clausify(14)].
-timeinterval(x) | -object(x).  [clausify(14)].
-psl_interval(x,y) | activity_occurrence(x) | object(x).  [clausify(15)].
-psl_interval(x,y) | timeinterval(y).  [clausify(15)].
-psl_interval(x,y) | beginof(y) = beginof(x).  [clausify(15)].
-psl_interval(x,y) | endof(y) = endof(x).  [clausify(15)].
psl_interval(x,y) | -activity_occurrence(x) | -timeinterval(y) | beginof(y) != beginof(x) | endof(y) != endof(x).  [clausify(15)].
psl_interval(x,y) | -object(x) | -timeinterval(y) | beginof(y) != beginof(x) | endof(y) != endof(x).  [clausify(15)].
-overlay(x,y,z) | psl_interval(x,f4(x,y,z)).  [clausify(16)].
-overlay(x,y,z) | psl_interval(y,f5(x,y,z)).  [clausify(16)].
-overlay(x,y,z) | beginof(f5(x,y,z)) = beginof(z).  [clausify(16)].
-overlay(x,y,z) | endof(f4(x,y,z)) = endof(z).  [clausify(16)].
overlay(x,y,z) | -psl_interval(x,u) | -psl_interval(y,w) | beginof(w) != beginof(z) | endof(u) != endof(z).  [clausify(16)].
-before(x,y) | timepoint(x).  [clausify(17)].
-before(x,y) | timepoint(y).  [clausify(17)].
-timepoint(x) | -timepoint(y) | y = x | before(x,y) | before(y,x).  [clausify(18)].
-before(x,x).  [clausify(19)].
-before(x,y) | -before(y,z) | before(x,z).  [clausify(20)].
-timepoint(x) | "inf-" = x | before("inf-",x).  [clausify(21)].
-timepoint(x) | "inf+" = x | before(x,"inf+").  [clausify(22)].
-timepoint(x) | "inf-" = x | before("inf-",f6(x)).  [clausify(23)].
-timepoint(x) | "inf-" = x | before(f6(x),x).  [clausify(23)].
-timepoint(x) | "inf+" = x | before(x,f7(x)).  [clausify(24)].
-timepoint(x) | "inf+" = x | before(f7(x),"inf+").  [clausify(24)].
-activity(x) | -activity_occurrence(x).  [clausify(25)].
-activity(x) | -object(x).  [clausify(25)].
-activity(x) | -timepoint(x).  [clausify(25)].
-activity_occurrence(x) | -object(x).  [clausify(25)].
-activity_occurrence(x) | -timepoint(x).  [clausify(25)].
-object(x) | -timepoint(x).  [clausify(25)].
-occurrence_of(x,y) | activity(y).  [clausify(26)].
-occurrence_of(x,y) | activity_occurrence(x).  [clausify(26)].
-activity_occurrence(x) | activity(f8(x)).  [clausify(27)].
-activity_occurrence(x) | occurrence_of(x,f8(x)).  [clausify(27)].
-occurrence_of(x,y) | -occurrence_of(x,z) | z = y.  [clausify(28)].
-occurrence_of(x,y) | timepoint(beginof(x)).  [clausify(29)].
-occurrence_of(x,y) | timepoint(endof(x)).  [clausify(29)].
-object(x) | timepoint(beginof(x)).  [clausify(29)].
-object(x) | timepoint(endof(x)).  [clausify(29)].
-activity_occurrence(x) | beforeEq(beginof(x),endof(x)).  [clausify(30)].
-object(x) | beforeEq(beginof(x),endof(x)).  [clausify(30)].
-participates_in(x,y,z) | object(x).  [clausify(31)].
-participates_in(x,y,z) | activity_occurrence(y).  [clausify(31)].
-participates_in(x,y,z) | timepoint(z).  [clausify(31)].
-participates_in(x,y,z) | exists_at(x,z).  [clausify(32)].
-participates_in(x,y,z) | is_occurring_at(y,z).  [clausify(32)].
-beforeEq(x,y) | timepoint(x).  [clausify(33)].
-beforeEq(x,y) | timepoint(y).  [clausify(33)].
-beforeEq(x,y) | before(x,y) | y = x.  [clausify(33)].
beforeEq(x,y) | -timepoint(x) | -timepoint(y) | -before(x,y).  [clausify(33)].
beforeEq(x,y) | -timepoint(x) | -timepoint(y) | y != x.  [clausify(33)].
-betweenEq(x,y,z) | beforeEq(x,y).  [clausify(34)].
-betweenEq(x,y,z) | beforeEq(y,z).  [clausify(34)].
betweenEq(x,y,z) | -beforeEq(x,y) | -beforeEq(y,z).  [clausify(34)].
-exists_at(x,y) | object(x).  [clausify(35)].
-exists_at(x,y) | betweenEq(beginof(x),y,endof(x)).  [clausify(35)].
exists_at(x,y) | -object(x) | -betweenEq(beginof(x),y,endof(x)).  [clausify(35)].
-is_occurring_at(x,y) | betweenEq(beginof(x),y,endof(x)).  [clausify(36)].
is_occurring_at(x,y) | -betweenEq(beginof(x),y,endof(x)).  [clausify(36)].
-timepoint(x) | -timeinterval(x).  [clausify(37)].
beginof(x) != y | endof(x) != z | between(y,z) = x.  [clausify(38)].
-timeinterval(x) | timepoint(beginof(x)).  [clausify(39)].
-timeinterval(x) | timepoint(endof(x)).  [clausify(39)].
-before(x,y) | timeinterval(between(x,y)).  [clausify(40)].
-before(x,y) | beginof(between(x,y)) = x.  [clausify(41)].
-before(x,y) | endof(between(x,y)) = y.  [clausify(41)].
timepoint(c1).  [clausify(42)].
-timepoint(x) | x = c1 | before(x,c1).  [clausify(42)].
-timepoint(x) | x = c1 | before(x,f9(x)).  [clausify(42)].
-timepoint(x) | x = c1 | before(f9(x),c1).  [clausify(42)].
timepoint(c2).  [clausify(43)].
-timepoint(x) | x = c2 | before(c2,x).  [clausify(43)].
-timepoint(x) | x = c2 | before(f10(x),x).  [clausify(43)].
-timepoint(x) | x = c2 | before(c2,f10(x)).  [clausify(43)].
-timepoint(x) | timeinterval(f11(x)).  [clausify(44)].
-timepoint(x) | beginof(f11(x)) = x.  [clausify(44)].
-timepoint(x) | endof(f11(x)) = x.  [clausify(44)].
-timepoint(x) | -timepoint(y) | -timepoint(z) | -before(x,y) | -before(y,z) | before(x,z).  [clausify(45)].
-timepoint(x) | -before(x,x).  [clausify(46)].
-timepoint(x) | -timepoint(y) | before(x,y) | before(y,x) | y = x.  [clausify(47)].
-bbefore(x,y) | timepoint(x).  [clausify(48)].
-bbefore(x,y) | timepoint(y).  [clausify(48)].
-bbefore(x,y) | before(x,y) | y = x.  [clausify(48)].
bbefore(x,y) | -timepoint(x) | -timepoint(y) | -before(x,y).  [clausify(48)].
bbefore(x,y) | -timepoint(x) | -timepoint(y) | y != x.  [clausify(48)].
PD(c3).  [deny(49)].
PRE(c3,c4).  [deny(49)].
-PC(x,c3,c4).  [deny(49)].
end_of_list.

formulas(demodulators).
end_of_list.

============================== PREDICATE ELIMINATION =================

Eliminating ED/1
50 ED(x) | -object(x).  [clausify(1)].
51 -ED(x) | object(x).  [clausify(1)].

Eliminating PD/1
52 PD(x) | -activity_occurrence(x).  [clausify(2)].
53 -PD(x) | activity_occurrence(x).  [clausify(2)].
54 PD(c3).  [deny(49)].
Derived: activity_occurrence(c3).  [resolve(54,a,53,a)].

Eliminating T/1
55 T(x) | -timeinterval(x).  [clausify(3)].
56 -T(x) | timeinterval(x).  [clausify(3)].

Eliminating PRE/2
57 PRE(x,y) | -object(x) | -timeinterval(y) | -beforeEq(beginof(x),beginof(y)) | -beforeEq(endof(y),endof(x)).  [clausify(5)].
58 -PRE(x,y) | object(x) | activity_occurrence(x).  [clausify(5)].
59 -PRE(x,y) | timeinterval(y).  [clausify(5)].
60 -PRE(x,y) | beforeEq(beginof(x),beginof(y)).  [clausify(5)].
61 -PRE(x,y) | beforeEq(endof(y),endof(x)).  [clausify(5)].
62 PRE(x,y) | -activity_occurrence(x) | -timeinterval(y) | -beforeEq(beginof(x),beginof(y)) | -beforeEq(endof(y),endof(x)).  [clausify(5)].
63 PRE(c3,c4).  [deny(49)].
Derived: timeinterval(c4).  [resolve(63,a,59,a)].
Derived: beforeEq(beginof(c3),beginof(c4)).  [resolve(63,a,60,a)].
Derived: beforeEq(endof(c4),endof(c3)).  [resolve(63,a,61,a)].

Eliminating SUM/3
64 SUM(x,y,z) | -timeinterval(y) | -timeinterval(z) | -timeinterval(x) | beginof(x) != beginof(y) | endof(x) != endof(z).  [clausify(6)].
65 -SUM(x,y,z) | timeinterval(y).  [clausify(6)].
66 -SUM(x,y,z) | timeinterval(z).  [clausify(6)].
67 -SUM(x,y,z) | timeinterval(x).  [clausify(6)].
68 -SUM(x,y,z) | beginof(x) = beginof(y) | beginof(x) = beginof(z).  [clausify(6)].
69 -SUM(x,y,z) | beginof(x) = beginof(y) | endof(x) = endof(y).  [clausify(6)].
70 -SUM(x,y,z) | endof(x) = endof(z) | beginof(x) = beginof(z).  [clausify(6)].
71 -SUM(x,y,z) | endof(x) = endof(z) | endof(x) = endof(y).  [clausify(6)].
72 SUM(x,y,z) | -timeinterval(y) | -timeinterval(z) | -timeinterval(x) | beginof(x) != beginof(z) | endof(x) != endof(y).  [clausify(6)].

Eliminating object/1
73 -psl_interval(x,y) | activity_occurrence(x) | object(x).  [clausify(10)].
74 -object(x) | psl_interval(x,f1(x)).  [clausify(7)].
Derived: -psl_interval(x,y) | activity_occurrence(x) | psl_interval(x,f1(x)).  [resolve(73,c,74,a)].
75 psl_interval(x,y) | -object(x) | -timeinterval(y) | beginof(y) != beginof(x) | endof(y) != endof(x).  [clausify(10)].
Derived: psl_interval(x,y) | -timeinterval(y) | beginof(y) != beginof(x) | endof(y) != endof(x) | -psl_interval(x,z) | activity_occurrence(x).  [resolve(75,b,73,c)].
76 -PC(x,y,z) | object(x).  [clausify(12)].
Derived: -PC(x,y,z) | psl_interval(x,f1(x)).  [resolve(76,b,74,a)].
Derived: -PC(x,y,z) | psl_interval(x,u) | -timeinterval(u) | beginof(u) != beginof(x) | endof(u) != endof(x).  [resolve(76,b,75,b)].
77 PC(x,y,z) | -object(x) | -activity_occurrence(y) | -timeinterval(z) | beforeEq(beginof(z),u).  [clausify(12)].
Derived: PC(x,y,z) | -activity_occurrence(y) | -timeinterval(z) | beforeEq(beginof(z),u) | -psl_interval(x,w) | activity_occurrence(x).  [resolve(77,b,73,c)].
Derived: PC(x,y,z) | -activity_occurrence(y) | -timeinterval(z) | beforeEq(beginof(z),u) | -PC(x,w,v5).  [resolve(77,b,76,b)].
78 PC(x,y,z) | -object(x) | -activity_occurrence(y) | -timeinterval(z) | beforeEq(u,endof(z)).  [clausify(12)].
Derived: PC(x,y,z) | -activity_occurrence(y) | -timeinterval(z) | beforeEq(u,endof(z)) | -psl_interval(x,w) | activity_occurrence(x).  [resolve(78,b,73,c)].
Derived: PC(x,y,z) | -activity_occurrence(y) | -timeinterval(z) | beforeEq(u,endof(z)) | -PC(x,w,v5).  [resolve(78,b,76,b)].
79 PC(x,y,z) | -object(x) | -activity_occurrence(y) | -timeinterval(z) | -participates_in(x,y,u).  [clausify(12)].
Derived: PC(x,y,z) | -activity_occurrence(y) | -timeinterval(z) | -participates_in(x,y,u) | -psl_interval(x,w) | activity_occurrence(x).  [resolve(79,b,73,c)].
Derived: PC(x,y,z) | -activity_occurrence(y) | -timeinterval(z) | -participates_in(x,y,u) | -PC(x,w,v5).  [resolve(79,b,76,b)].
80 -timeinterval(x) | -object(x).  [clausify(14)].
Derived: -timeinterval(x) | -psl_interval(x,y) | activity_occurrence(x).  [resolve(80,b,73,c)].
Derived: -timeinterval(x) | -PC(x,y,z).  [resolve(80,b,76,b)].
81 -psl_interval(x,y) | activity_occurrence(x) | object(x).  [clausify(15)].
82 psl_interval(x,y) | -object(x) | -timeinterval(y) | beginof(y) != beginof(x) | endof(y) != endof(x).  [clausify(15)].
83 -activity(x) | -object(x).  [clausify(25)].
Derived: -activity(x) | -psl_interval(x,y) | activity_occurrence(x).  [resolve(83,b,73,c)].
Derived: -activity(x) | -PC(x,y,z).  [resolve(83,b,76,b)].
84 -activity_occurrence(x) | -object(x).  [clausify(25)].
Derived: -activity_occurrence(x) | -PC(x,y,z).  [resolve(84,b,76,b)].
85 -object(x) | -timepoint(x).  [clausify(25)].
Derived: -timepoint(x) | -psl_interval(x,y) | activity_occurrence(x).  [resolve(85,a,73,c)].
Derived: -timepoint(x) | -PC(x,y,z).  [resolve(85,a,76,b)].
86 -object(x) | timepoint(beginof(x)).  [clausify(29)].
Derived: timepoint(beginof(x)) | -psl_interval(x,y) | activity_occurrence(x).  [resolve(86,a,73,c)].
Derived: timepoint(beginof(x)) | -PC(x,y,z).  [resolve(86,a,76,b)].
87 -object(x) | timepoint(endof(x)).  [clausify(29)].
Derived: timepoint(endof(x)) | -psl_interval(x,y) | activity_occurrence(x).  [resolve(87,a,73,c)].
Derived: timepoint(endof(x)) | -PC(x,y,z).  [resolve(87,a,76,b)].
88 -object(x) | beforeEq(beginof(x),endof(x)).  [clausify(30)].
Derived: beforeEq(beginof(x),endof(x)) | -psl_interval(x,y) | activity_occurrence(x).  [resolve(88,a,73,c)].
Derived: beforeEq(beginof(x),endof(x)) | -PC(x,y,z).  [resolve(88,a,76,b)].
89 -participates_in(x,y,z) | object(x).  [clausify(31)].
Derived: -participates_in(x,y,z) | psl_interval(x,f1(x)).  [resolve(89,b,74,a)].
Derived: -participates_in(x,y,z) | psl_interval(x,u) | -timeinterval(u) | beginof(u) != beginof(x) | endof(u) != endof(x).  [resolve(89,b,75,b)].
Derived: -participates_in(x,y,z) | PC(x,u,w) | -activity_occurrence(u) | -timeinterval(w) | beforeEq(beginof(w),v5).  [resolve(89,b,77,b)].
Derived: -participates_in(x,y,z) | PC(x,u,w) | -activity_occurrence(u) | -timeinterval(w) | beforeEq(v5,endof(w)).  [resolve(89,b,78,b)].
Derived: -participates_in(x,y,z) | PC(x,u,w) | -activity_occurrence(u) | -timeinterval(w) | -participates_in(x,u,v5).  [resolve(89,b,79,b)].
Derived: -participates_in(x,y,z) | -timeinterval(x).  [resolve(89,b,80,b)].
Derived: -participates_in(x,y,z) | -activity(x).  [resolve(89,b,83,b)].
Derived: -participates_in(x,y,z) | -activity_occurrence(x).  [resolve(89,b,84,b)].
Derived: -participates_in(x,y,z) | -timepoint(x).  [resolve(89,b,85,a)].
Derived: -participates_in(x,y,z) | timepoint(beginof(x)).  [resolve(89,b,86,a)].
Derived: -participates_in(x,y,z) | timepoint(endof(x)).  [resolve(89,b,87,a)].
Derived: -participates_in(x,y,z) | beforeEq(beginof(x),endof(x)).  [resolve(89,b,88,a)].
90 -exists_at(x,y) | object(x).  [clausify(35)].
Derived: -exists_at(x,y) | psl_interval(x,f1(x)).  [resolve(90,b,74,a)].
Derived: -exists_at(x,y) | psl_interval(x,z) | -timeinterval(z) | beginof(z) != beginof(x) | endof(z) != endof(x).  [resolve(90,b,75,b)].
Derived: -exists_at(x,y) | PC(x,z,u) | -activity_occurrence(z) | -timeinterval(u) | beforeEq(beginof(u),w).  [resolve(90,b,77,b)].
Derived: -exists_at(x,y) | PC(x,z,u) | -activity_occurrence(z) | -timeinterval(u) | beforeEq(w,endof(u)).  [resolve(90,b,78,b)].
Derived: -exists_at(x,y) | -timeinterval(x).  [resolve(90,b,80,b)].
Derived: -exists_at(x,y) | -activity(x).  [resolve(90,b,83,b)].
Derived: -exists_at(x,y) | -activity_occurrence(x).  [resolve(90,b,84,b)].
Derived: -exists_at(x,y) | -timepoint(x).  [resolve(90,b,85,a)].
Derived: -exists_at(x,y) | timepoint(beginof(x)).  [resolve(90,b,86,a)].
Derived: -exists_at(x,y) | timepoint(endof(x)).  [resolve(90,b,87,a)].
Derived: -exists_at(x,y) | beforeEq(beginof(x),endof(x)).  [resolve(90,b,88,a)].
91 exists_at(x,y) | -object(x) | -betweenEq(beginof(x),y,endof(x)).  [clausify(35)].
Derived: exists_at(x,y) | -betweenEq(beginof(x),y,endof(x)) | -psl_interval(x,z) | activity_occurrence(x).  [resolve(91,b,73,c)].
Derived: exists_at(x,y) | -betweenEq(beginof(x),y,endof(x)) | -PC(x,z,u).  [resolve(91,b,76,b)].
Derived: exists_at(x,y) | -betweenEq(beginof(x),y,endof(x)) | -participates_in(x,z,u).  [resolve(91,b,89,b)].
Derived: exists_at(x,y) | -betweenEq(beginof(x),y,endof(x)) | -exists_at(x,z).  [resolve(91,b,90,b)].

Eliminating overlay/3
92 overlay(x,y,z) | -psl_interval(x,u) | -psl_interval(y,w) | beginof(w) != beginof(z) | endof(u) != endof(z).  [clausify(11)].
93 -overlay(x,y,z) | psl_interval(x,f2(x,y,z)).  [clausify(11)].
94 -overlay(x,y,z) | psl_interval(y,f3(x,y,z)).  [clausify(11)].
95 -overlay(x,y,z) | beginof(f3(x,y,z)) = beginof(z).  [clausify(11)].
96 -overlay(x,y,z) | endof(f2(x,y,z)) = endof(z).  [clausify(11)].
Derived: -psl_interval(x,y) | -psl_interval(z,u) | beginof(u) != beginof(w) | endof(y) != endof(w) | psl_interval(x,f2(x,z,w)).  [resolve(92,a,93,a)].
Derived: -psl_interval(x,y) | -psl_interval(z,u) | beginof(u) != beginof(w) | endof(y) != endof(w) | psl_interval(z,f3(x,z,w)).  [resolve(92,a,94,a)].
Derived: -psl_interval(x,y) | -psl_interval(z,u) | beginof(u) != beginof(w) | endof(y) != endof(w) | beginof(f3(x,z,w)) = beginof(w).  [resolve(92,a,95,a)].
Derived: -psl_interval(x,y) | -psl_interval(z,u) | beginof(u) != beginof(w) | endof(y) != endof(w) | endof(f2(x,z,w)) = endof(w).  [resolve(92,a,96,a)].
97 -overlay(x,y,z) | psl_interval(x,f4(x,y,z)).  [clausify(16)].
Derived: psl_interval(x,f4(x,y,z)) | -psl_interval(x,u) | -psl_interval(y,w) | beginof(w) != beginof(z) | endof(u) != endof(z).  [resolve(97,a,92,a)].
98 -overlay(x,y,z) | psl_interval(y,f5(x,y,z)).  [clausify(16)].
Derived: psl_interval(x,f5(y,x,z)) | -psl_interval(y,u) | -psl_interval(x,w) | beginof(w) != beginof(z) | endof(u) != endof(z).  [resolve(98,a,92,a)].
99 -overlay(x,y,z) | beginof(f5(x,y,z)) = beginof(z).  [clausify(16)].
Derived: beginof(f5(x,y,z)) = beginof(z) | -psl_interval(x,u) | -psl_interval(y,w) | beginof(w) != beginof(z) | endof(u) != endof(z).  [resolve(99,a,92,a)].
100 -overlay(x,y,z) | endof(f4(x,y,z)) = endof(z).  [clausify(16)].
Derived: endof(f4(x,y,z)) = endof(z) | -psl_interval(x,u) | -psl_interval(y,w) | beginof(w) != beginof(z) | endof(u) != endof(z).  [resolve(100,a,92,a)].
101 overlay(x,y,z) | -psl_interval(x,u) | -psl_interval(y,w) | beginof(w) != beginof(z) | endof(u) != endof(z).  [clausify(16)].

Eliminating activity/1
102 -occurrence_of(x,y) | activity(y).  [clausify(26)].
103 -timeinterval(x) | -activity(x).  [clausify(14)].
104 -activity(x) | -activity_occurrence(x).  [clausify(25)].
105 -activity(x) | -timepoint(x).  [clausify(25)].
Derived: -occurrence_of(x,y) | -timeinterval(y).  [resolve(102,b,103,b)].
Derived: -occurrence_of(x,y) | -activity_occurrence(y).  [resolve(102,b,104,a)].
Derived: -occurrence_of(x,y) | -timepoint(y).  [resolve(102,b,105,a)].
106 -activity_occurrence(x) | activity(f8(x)).  [clausify(27)].
Derived: -activity_occurrence(x) | -timeinterval(f8(x)).  [resolve(106,b,103,b)].
Derived: -activity_occurrence(x) | -activity_occurrence(f8(x)).  [resolve(106,b,104,a)].
Derived: -activity_occurrence(x) | -timepoint(f8(x)).  [resolve(106,b,105,a)].
107 -activity(x) | -psl_interval(x,y) | activity_occurrence(x).  [resolve(83,b,73,c)].
Derived: -psl_interval(x,y) | activity_occurrence(x) | -occurrence_of(z,x).  [resolve(107,a,102,b)].
Derived: -psl_interval(f8(x),y) | activity_occurrence(f8(x)) | -activity_occurrence(x).  [resolve(107,a,106,b)].
108 -activity(x) | -PC(x,y,z).  [resolve(83,b,76,b)].
Derived: -PC(x,y,z) | -occurrence_of(u,x).  [resolve(108,a,102,b)].
Derived: -PC(f8(x),y,z) | -activity_occurrence(x).  [resolve(108,a,106,b)].
109 -participates_in(x,y,z) | -activity(x).  [resolve(89,b,83,b)].
Derived: -participates_in(x,y,z) | -occurrence_of(u,x).  [resolve(109,b,102,b)].
Derived: -participates_in(f8(x),y,z) | -activity_occurrence(x).  [resolve(109,b,106,b)].
110 -exists_at(x,y) | -activity(x).  [resolve(90,b,83,b)].
Derived: -exists_at(x,y) | -occurrence_of(z,x).  [resolve(110,b,102,b)].
Derived: -exists_at(f8(x),y) | -activity_occurrence(x).  [resolve(110,b,106,b)].

Eliminating is_occurring_at/2
111 -is_occurring_at(x,y) | betweenEq(beginof(x),y,endof(x)).  [clausify(36)].
112 -participates_in(x,y,z) | is_occurring_at(y,z).  [clausify(32)].
Derived: betweenEq(beginof(x),y,endof(x)) | -participates_in(z,x,y).  [resolve(111,a,112,b)].
113 is_occurring_at(x,y) | -betweenEq(beginof(x),y,endof(x)).  [clausify(36)].

Eliminating bbefore/2
114 bbefore(x,y) | -timepoint(x) | -timepoint(y) | -before(x,y).  [clausify(48)].
115 -bbefore(x,y) | timepoint(x).  [clausify(48)].
116 -bbefore(x,y) | timepoint(y).  [clausify(48)].
117 -bbefore(x,y) | before(x,y) | y = x.  [clausify(48)].
118 bbefore(x,y) | -timepoint(x) | -timepoint(y) | y != x.  [clausify(48)].

============================== end predicate elimination =============

Auto_denials:  (non-Horn, no changes).

Term ordering decisions:
Predicate symbol precedence:  predicate_order([ =, timepoint, activity_occurrence, timeinterval, psl_interval, beforeEq, before, exists_at, P, occurrence_of, PC, participates_in, betweenEq ]).
Function symbol precedence:  function_order([ "inf+", "inf-", c1, c2, c3, c4, between, beginof, endof, f1, f6, f7, f8, f9, f10, f11, f2, f3, f4, f5 ]).
After inverse_order:  (no changes).
Unfolding symbols: (none).

Auto_inference settings:
  % set(paramodulation).  % (positive equality literals)
  % set(binary_resolution).  % (non-Horn)

Auto_process settings:
  % set(factor).  % (non-Horn)
  % set(unit_deletion).  % (non-Horn)

kept:      119 -P(x,y) | timeinterval(x).  [clausify(4)].
kept:      120 -P(x,y) | timeinterval(y).  [clausify(4)].
kept:      121 -P(x,y) | beforeEq(beginof(y),beginof(x)).  [clausify(4)].
kept:      122 -P(x,y) | beforeEq(endof(x),endof(y)).  [clausify(4)].
kept:      123 P(x,y) | -timeinterval(x) | -timeinterval(y) | -beforeEq(beginof(y),beginof(x)) | -beforeEq(endof(x),endof(y)).  [clausify(4)].
kept:      124 -activity_occurrence(x) | psl_interval(x,f1(x)).  [clausify(7)].
kept:      125 -beforeEq(x,y) | -beforeEq(y,z) | beforeEq(x,z).  [clausify(8)].
kept:      126 -P(x,y) | -P(y,z) | P(x,z).  [clausify(9)].
kept:      127 -psl_interval(x,y) | timeinterval(y).  [clausify(10)].
kept:      128 -psl_interval(x,y) | beginof(y) = beginof(x).  [clausify(10)].
kept:      129 -psl_interval(x,y) | endof(y) = endof(x).  [clausify(10)].
kept:      130 psl_interval(x,y) | -activity_occurrence(x) | -timeinterval(y) | beginof(y) != beginof(x) | endof(y) != endof(x).  [clausify(10)].
kept:      131 -PC(x,y,z) | activity_occurrence(y).  [clausify(12)].
kept:      132 -PC(x,y,z) | timeinterval(z).  [clausify(12)].
kept:      133 -PC(x,y,z) | -beforeEq(beginof(z),u) | -beforeEq(u,endof(z)) | participates_in(x,y,u).  [clausify(12)].
kept:      134 -timeinterval(x) | -activity_occurrence(x).  [clausify(14)].
kept:      135 -timeinterval(x) | -timepoint(x).  [clausify(14)].
kept:      136 -before(x,y) | timepoint(x).  [clausify(17)].
kept:      137 -before(x,y) | timepoint(y).  [clausify(17)].
kept:      138 -timepoint(x) | -timepoint(y) | y = x | before(x,y) | before(y,x).  [clausify(18)].
kept:      139 -before(x,x).  [clausify(19)].
kept:      140 -before(x,y) | -before(y,z) | before(x,z).  [clausify(20)].
kept:      141 -timepoint(x) | "inf-" = x | before("inf-",x).  [clausify(21)].
kept:      142 -timepoint(x) | "inf+" = x | before(x,"inf+").  [clausify(22)].
kept:      143 -timepoint(x) | "inf-" = x | before("inf-",f6(x)).  [clausify(23)].
kept:      144 -timepoint(x) | "inf-" = x | before(f6(x),x).  [clausify(23)].
kept:      145 -timepoint(x) | "inf+" = x | before(x,f7(x)).  [clausify(24)].
kept:      146 -timepoint(x) | "inf+" = x | before(f7(x),"inf+").  [clausify(24)].
kept:      147 -activity_occurrence(x) | -timepoint(x).  [clausify(25)].
kept:      148 -occurrence_of(x,y) | activity_occurrence(x).  [clausify(26)].
kept:      149 -activity_occurrence(x) | occurrence_of(x,f8(x)).  [clausify(27)].
kept:      150 -occurrence_of(x,y) | -occurrence_of(x,z) | z = y.  [clausify(28)].
kept:      151 -occurrence_of(x,y) | timepoint(beginof(x)).  [clausify(29)].
kept:      152 -occurrence_of(x,y) | timepoint(endof(x)).  [clausify(29)].
kept:      153 -activity_occurrence(x) | beforeEq(beginof(x),endof(x)).  [clausify(30)].
kept:      154 -participates_in(x,y,z) | activity_occurrence(y).  [clausify(31)].
kept:      155 -participates_in(x,y,z) | timepoint(z).  [clausify(31)].
kept:      156 -participates_in(x,y,z) | exists_at(x,z).  [clausify(32)].
kept:      157 -beforeEq(x,y) | timepoint(x).  [clausify(33)].
kept:      158 -beforeEq(x,y) | timepoint(y).  [clausify(33)].
kept:      159 -beforeEq(x,y) | before(x,y) | y = x.  [clausify(33)].
kept:      160 beforeEq(x,y) | -timepoint(x) | -timepoint(y) | -before(x,y).  [clausify(33)].
kept:      161 beforeEq(x,y) | -timepoint(x) | -timepoint(y) | y != x.  [clausify(33)].
kept:      162 -betweenEq(x,y,z) | beforeEq(x,y).  [clausify(34)].
kept:      163 -betweenEq(x,y,z) | beforeEq(y,z).  [clausify(34)].
kept:      164 betweenEq(x,y,z) | -beforeEq(x,y) | -beforeEq(y,z).  [clausify(34)].
kept:      165 -exists_at(x,y) | betweenEq(beginof(x),y,endof(x)).  [clausify(35)].
kept:      166 beginof(x) != y | endof(x) != z | between(y,z) = x.  [clausify(38)].
kept:      167 -timeinterval(x) | timepoint(beginof(x)).  [clausify(39)].
kept:      168 -timeinterval(x) | timepoint(endof(x)).  [clausify(39)].
kept:      169 -before(x,y) | timeinterval(between(x,y)).  [clausify(40)].
kept:      170 -before(x,y) | beginof(between(x,y)) = x.  [clausify(41)].
kept:      171 -before(x,y) | endof(between(x,y)) = y.  [clausify(41)].
kept:      172 timepoint(c1).  [clausify(42)].
           173 -timepoint(x) | x = c1 | before(x,c1).  [clausify(42)].
kept:      174 -timepoint(x) | c1 = x | before(x,c1).  [copy(173),flip(b)].
           175 -timepoint(x) | x = c1 | before(x,f9(x)).  [clausify(42)].
kept:      176 -timepoint(x) | c1 = x | before(x,f9(x)).  [copy(175),flip(b)].
           177 -timepoint(x) | x = c1 | before(f9(x),c1).  [clausify(42)].
kept:      178 -timepoint(x) | c1 = x | before(f9(x),c1).  [copy(177),flip(b)].
kept:      179 timepoint(c2).  [clausify(43)].
           180 -timepoint(x) | x = c2 | before(c2,x).  [clausify(43)].
kept:      181 -timepoint(x) | c2 = x | before(c2,x).  [copy(180),flip(b)].
           182 -timepoint(x) | x = c2 | before(f10(x),x).  [clausify(43)].
kept:      183 -timepoint(x) | c2 = x | before(f10(x),x).  [copy(182),flip(b)].
           184 -timepoint(x) | x = c2 | before(c2,f10(x)).  [clausify(43)].
kept:      185 -timepoint(x) | c2 = x | before(c2,f10(x)).  [copy(184),flip(b)].
kept:      186 -timepoint(x) | timeinterval(f11(x)).  [clausify(44)].
kept:      187 -timepoint(x) | beginof(f11(x)) = x.  [clausify(44)].
kept:      188 -timepoint(x) | endof(f11(x)) = x.  [clausify(44)].
kept:      189 -PC(x,c3,c4).  [deny(49)].
kept:      190 activity_occurrence(c3).  [resolve(54,a,53,a)].
kept:      191 timeinterval(c4).  [resolve(63,a,59,a)].
kept:      192 beforeEq(beginof(c3),beginof(c4)).  [resolve(63,a,60,a)].
kept:      193 beforeEq(endof(c4),endof(c3)).  [resolve(63,a,61,a)].
kept:      194 -psl_interval(x,y) | activity_occurrence(x) | psl_interval(x,f1(x)).  [resolve(73,c,74,a)].
kept:      195 psl_interval(x,y) | -timeinterval(y) | beginof(y) != beginof(x) | endof(y) != endof(x) | -psl_interval(x,z) | activity_occurrence(x).  [resolve(75,b,73,c)].
kept:      196 -PC(x,y,z) | psl_interval(x,f1(x)).  [resolve(76,b,74,a)].
kept:      197 -PC(x,y,z) | psl_interval(x,u) | -timeinterval(u) | beginof(u) != beginof(x) | endof(u) != endof(x).  [resolve(76,b,75,b)].
kept:      198 PC(x,y,z) | -activity_occurrence(y) | -timeinterval(z) | beforeEq(beginof(z),u) | -psl_interval(x,w) | activity_occurrence(x).  [resolve(77,b,73,c)].
kept:      199 PC(x,y,z) | -activity_occurrence(y) | -timeinterval(z) | beforeEq(beginof(z),u) | -PC(x,w,v5).  [resolve(77,b,76,b)].
kept:      200 PC(x,y,z) | -activity_occurrence(y) | -timeinterval(z) | beforeEq(u,endof(z)) | -psl_interval(x,w) | activity_occurrence(x).  [resolve(78,b,73,c)].
kept:      201 PC(x,y,z) | -activity_occurrence(y) | -timeinterval(z) | beforeEq(u,endof(z)) | -PC(x,w,v5).  [resolve(78,b,76,b)].
kept:      202 PC(x,y,z) | -activity_occurrence(y) | -timeinterval(z) | -participates_in(x,y,u) | -psl_interval(x,w) | activity_occurrence(x).  [resolve(79,b,73,c)].
kept:      203 PC(x,y,z) | -activity_occurrence(y) | -timeinterval(z) | -participates_in(x,y,u) | -PC(x,w,v5).  [resolve(79,b,76,b)].
kept:      204 -timeinterval(x) | -psl_interval(x,y) | activity_occurrence(x).  [resolve(80,b,73,c)].
kept:      205 -timeinterval(x) | -PC(x,y,z).  [resolve(80,b,76,b)].
kept:      206 -activity_occurrence(x) | -PC(x,y,z).  [resolve(84,b,76,b)].
kept:      207 -timepoint(x) | -psl_interval(x,y) | activity_occurrence(x).  [resolve(85,a,73,c)].
kept:      208 -timepoint(x) | -PC(x,y,z).  [resolve(85,a,76,b)].
kept:      209 timepoint(beginof(x)) | -psl_interval(x,y) | activity_occurrence(x).  [resolve(86,a,73,c)].
kept:      210 timepoint(beginof(x)) | -PC(x,y,z).  [resolve(86,a,76,b)].
kept:      211 timepoint(endof(x)) | -psl_interval(x,y) | activity_occurrence(x).  [resolve(87,a,73,c)].
kept:      212 timepoint(endof(x)) | -PC(x,y,z).  [resolve(87,a,76,b)].
kept:      213 beforeEq(beginof(x),endof(x)) | -psl_interval(x,y) | activity_occurrence(x).  [resolve(88,a,73,c)].
kept:      214 beforeEq(beginof(x),endof(x)) | -PC(x,y,z).  [resolve(88,a,76,b)].
kept:      215 -participates_in(x,y,z) | psl_interval(x,f1(x)).  [resolve(89,b,74,a)].
kept:      216 -participates_in(x,y,z) | psl_interval(x,u) | -timeinterval(u) | beginof(u) != beginof(x) | endof(u) != endof(x).  [resolve(89,b,75,b)].
kept:      217 -participates_in(x,y,z) | PC(x,u,w) | -activity_occurrence(u) | -timeinterval(w) | beforeEq(beginof(w),v5).  [resolve(89,b,77,b)].
kept:      218 -participates_in(x,y,z) | PC(x,u,w) | -activity_occurrence(u) | -timeinterval(w) | beforeEq(v5,endof(w)).  [resolve(89,b,78,b)].
kept:      219 -participates_in(x,y,z) | PC(x,u,w) | -activity_occurrence(u) | -timeinterval(w) | -participates_in(x,u,v5).  [resolve(89,b,79,b)].
kept:      220 -participates_in(x,y,z) | -timeinterval(x).  [resolve(89,b,80,b)].
kept:      221 -participates_in(x,y,z) | -activity_occurrence(x).  [resolve(89,b,84,b)].
kept:      222 -participates_in(x,y,z) | -timepoint(x).  [resolve(89,b,85,a)].
kept:      223 -participates_in(x,y,z) | timepoint(beginof(x)).  [resolve(89,b,86,a)].
kept:      224 -participates_in(x,y,z) | timepoint(endof(x)).  [resolve(89,b,87,a)].
kept:      225 -participates_in(x,y,z) | beforeEq(beginof(x),endof(x)).  [resolve(89,b,88,a)].
kept:      226 -exists_at(x,y) | psl_interval(x,f1(x)).  [resolve(90,b,74,a)].
kept:      227 -exists_at(x,y) | psl_interval(x,z) | -timeinterval(z) | beginof(z) != beginof(x) | endof(z) != endof(x).  [resolve(90,b,75,b)].
kept:      228 -exists_at(x,y) | PC(x,z,u) | -activity_occurrence(z) | -timeinterval(u) | beforeEq(beginof(u),w).  [resolve(90,b,77,b)].
kept:      229 -exists_at(x,y) | PC(x,z,u) | -activity_occurrence(z) | -timeinterval(u) | beforeEq(w,endof(u)).  [resolve(90,b,78,b)].
kept:      230 -exists_at(x,y) | -timeinterval(x).  [resolve(90,b,80,b)].
kept:      231 -exists_at(x,y) | -activity_occurrence(x).  [resolve(90,b,84,b)].
kept:      232 -exists_at(x,y) | -timepoint(x).  [resolve(90,b,85,a)].
kept:      233 -exists_at(x,y) | timepoint(beginof(x)).  [resolve(90,b,86,a)].
kept:      234 -exists_at(x,y) | timepoint(endof(x)).  [resolve(90,b,87,a)].
kept:      235 -exists_at(x,y) | beforeEq(beginof(x),endof(x)).  [resolve(90,b,88,a)].
kept:      236 exists_at(x,y) | -betweenEq(beginof(x),y,endof(x)) | -psl_interval(x,z) | activity_occurrence(x).  [resolve(91,b,73,c)].
kept:      237 exists_at(x,y) | -betweenEq(beginof(x),y,endof(x)) | -PC(x,z,u).  [resolve(91,b,76,b)].
kept:      238 exists_at(x,y) | -betweenEq(beginof(x),y,endof(x)) | -participates_in(x,z,u).  [resolve(91,b,89,b)].
kept:      239 exists_at(x,y) | -betweenEq(beginof(x),y,endof(x)) | -exists_at(x,z).  [resolve(91,b,90,b)].
kept:      240 -psl_interval(x,y) | -psl_interval(z,u) | beginof(u) != beginof(w) | endof(y) != endof(w) | psl_interval(x,f2(x,z,w)).  [resolve(92,a,93,a)].
kept:      241 -psl_interval(x,y) | -psl_interval(z,u) | beginof(u) != beginof(w) | endof(y) != endof(w) | psl_interval(z,f3(x,z,w)).  [resolve(92,a,94,a)].
kept:      242 -psl_interval(x,y) | -psl_interval(z,u) | beginof(u) != beginof(w) | endof(y) != endof(w) | beginof(f3(x,z,w)) = beginof(w).  [resolve(92,a,95,a)].
kept:      243 -psl_interval(x,y) | -psl_interval(z,u) | beginof(u) != beginof(w) | endof(y) != endof(w) | endof(f2(x,z,w)) = endof(w).  [resolve(92,a,96,a)].
kept:      244 psl_interval(x,f4(x,y,z)) | -psl_interval(x,u) | -psl_interval(y,w) | beginof(w) != beginof(z) | endof(u) != endof(z).  [resolve(97,a,92,a)].
kept:      245 psl_interval(x,f5(y,x,z)) | -psl_interval(y,u) | -psl_interval(x,w) | beginof(w) != beginof(z) | endof(u) != endof(z).  [resolve(98,a,92,a)].
kept:      246 beginof(f5(x,y,z)) = beginof(z) | -psl_interval(x,u) | -psl_interval(y,w) | beginof(w) != beginof(z) | endof(u) != endof(z).  [resolve(99,a,92,a)].
kept:      247 endof(f4(x,y,z)) = endof(z) | -psl_interval(x,u) | -psl_interval(y,w) | beginof(w) != beginof(z) | endof(u) != endof(z).  [resolve(100,a,92,a)].
kept:      248 -occurrence_of(x,y) | -timeinterval(y).  [resolve(102,b,103,b)].
kept:      249 -occurrence_of(x,y) | -activity_occurrence(y).  [resolve(102,b,104,a)].
kept:      250 -occurrence_of(x,y) | -timepoint(y).  [resolve(102,b,105,a)].
kept:      251 -activity_occurrence(x) | -timeinterval(f8(x)).  [resolve(106,b,103,b)].
kept:      252 -activity_occurrence(x) | -activity_occurrence(f8(x)).  [resolve(106,b,104,a)].
kept:      253 -activity_occurrence(x) | -timepoint(f8(x)).  [resolve(106,b,105,a)].
kept:      254 -psl_interval(x,y) | activity_occurrence(x) | -occurrence_of(z,x).  [resolve(107,a,102,b)].
kept:      255 -psl_interval(f8(x),y) | activity_occurrence(f8(x)) | -activity_occurrence(x).  [resolve(107,a,106,b)].
kept:      256 -PC(x,y,z) | -occurrence_of(u,x).  [resolve(108,a,102,b)].
kept:      257 -PC(f8(x),y,z) | -activity_occurrence(x).  [resolve(108,a,106,b)].
kept:      258 -participates_in(x,y,z) | -occurrence_of(u,x).  [resolve(109,b,102,b)].
kept:      259 -participates_in(f8(x),y,z) | -activity_occurrence(x).  [resolve(109,b,106,b)].
kept:      260 -exists_at(x,y) | -occurrence_of(z,x).  [resolve(110,b,102,b)].
kept:      261 -exists_at(f8(x),y) | -activity_occurrence(x).  [resolve(110,b,106,b)].
kept:      262 betweenEq(beginof(x),y,endof(x)) | -participates_in(z,x,y).  [resolve(111,a,112,b)].
kept:      263 P(x,x) | -timeinterval(x) | -beforeEq(beginof(x),beginof(x)) | -beforeEq(endof(x),endof(x)).  [factor(123,b,c)].
kept:      264 beforeEq(x,x) | -timepoint(x).  [factor(161,b,c),xx(c)].
kept:      265 betweenEq(x,x,x) | -beforeEq(x,x).  [factor(164,b,c)].
kept:      266 -participates_in(x,y,z) | PC(x,y,u) | -activity_occurrence(y) | -timeinterval(u).  [factor(219,a,e)].
kept:      267 -psl_interval(x,y) | beginof(y) != beginof(z) | endof(y) != endof(z) | psl_interval(x,f2(x,x,z)).  [factor(240,a,b)].
kept:      268 -psl_interval(x,y) | beginof(y) != beginof(z) | endof(y) != endof(z) | psl_interval(x,f3(x,x,z)).  [factor(241,a,b)].
kept:      269 -psl_interval(x,y) | beginof(y) != beginof(z) | endof(y) != endof(z) | beginof(f3(x,x,z)) = beginof(z).  [factor(242,a,b)].
kept:      270 -psl_interval(x,y) | beginof(y) != beginof(z) | endof(y) != endof(z) | endof(f2(x,x,z)) = endof(z).  [factor(243,a,b)].
kept:      271 psl_interval(x,f4(x,x,y)) | -psl_interval(x,z) | beginof(z) != beginof(y) | endof(z) != endof(y).  [factor(244,b,c)].
kept:      272 psl_interval(x,f5(x,x,y)) | -psl_interval(x,z) | beginof(z) != beginof(y) | endof(z) != endof(y).  [factor(245,b,c)].
kept:      273 beginof(f5(x,x,y)) = beginof(y) | -psl_interval(x,z) | beginof(z) != beginof(y) | endof(z) != endof(y).  [factor(246,b,c)].
kept:      274 endof(f4(x,x,y)) = endof(y) | -psl_interval(x,z) | beginof(z) != beginof(y) | endof(z) != endof(y).  [factor(247,b,c)].

============================== end of process initial clauses ========

============================== CLAUSES FOR SEARCH ====================

% Clauses after input processing:

formulas(usable).
end_of_list.

formulas(sos).
119 -P(x,y) | timeinterval(x).  [clausify(4)].
120 -P(x,y) | timeinterval(y).  [clausify(4)].
121 -P(x,y) | beforeEq(beginof(y),beginof(x)).  [clausify(4)].
122 -P(x,y) | beforeEq(endof(x),endof(y)).  [clausify(4)].
123 P(x,y) | -timeinterval(x) | -timeinterval(y) | -beforeEq(beginof(y),beginof(x)) | -beforeEq(endof(x),endof(y)).  [clausify(4)].
124 -activity_occurrence(x) | psl_interval(x,f1(x)).  [clausify(7)].
125 -beforeEq(x,y) | -beforeEq(y,z) | beforeEq(x,z).  [clausify(8)].
126 -P(x,y) | -P(y,z) | P(x,z).  [clausify(9)].
127 -psl_interval(x,y) | timeinterval(y).  [clausify(10)].
128 -psl_interval(x,y) | beginof(y) = beginof(x).  [clausify(10)].
129 -psl_interval(x,y) | endof(y) = endof(x).  [clausify(10)].
130 psl_interval(x,y) | -activity_occurrence(x) | -timeinterval(y) | beginof(y) != beginof(x) | endof(y) != endof(x).  [clausify(10)].
131 -PC(x,y,z) | activity_occurrence(y).  [clausify(12)].
132 -PC(x,y,z) | timeinterval(z).  [clausify(12)].
133 -PC(x,y,z) | -beforeEq(beginof(z),u) | -beforeEq(u,endof(z)) | participates_in(x,y,u).  [clausify(12)].
134 -timeinterval(x) | -activity_occurrence(x).  [clausify(14)].
135 -timeinterval(x) | -timepoint(x).  [clausify(14)].
136 -before(x,y) | timepoint(x).  [clausify(17)].
137 -before(x,y) | timepoint(y).  [clausify(17)].
138 -timepoint(x) | -timepoint(y) | y = x | before(x,y) | before(y,x).  [clausify(18)].
139 -before(x,x).  [clausify(19)].
140 -before(x,y) | -before(y,z) | before(x,z).  [clausify(20)].
141 -timepoint(x) | "inf-" = x | before("inf-",x).  [clausify(21)].
142 -timepoint(x) | "inf+" = x | before(x,"inf+").  [clausify(22)].
143 -timepoint(x) | "inf-" = x | before("inf-",f6(x)).  [clausify(23)].
144 -timepoint(x) | "inf-" = x | before(f6(x),x).  [clausify(23)].
145 -timepoint(x) | "inf+" = x | before(x,f7(x)).  [clausify(24)].
146 -timepoint(x) | "inf+" = x | before(f7(x),"inf+").  [clausify(24)].
147 -activity_occurrence(x) | -timepoint(x).  [clausify(25)].
148 -occurrence_of(x,y) | activity_occurrence(x).  [clausify(26)].
149 -activity_occurrence(x) | occurrence_of(x,f8(x)).  [clausify(27)].
150 -occurrence_of(x,y) | -occurrence_of(x,z) | z = y.  [clausify(28)].
151 -occurrence_of(x,y) | timepoint(beginof(x)).  [clausify(29)].
152 -occurrence_of(x,y) | timepoint(endof(x)).  [clausify(29)].
153 -activity_occurrence(x) | beforeEq(beginof(x),endof(x)).  [clausify(30)].
154 -participates_in(x,y,z) | activity_occurrence(y).  [clausify(31)].
155 -participates_in(x,y,z) | timepoint(z).  [clausify(31)].
156 -participates_in(x,y,z) | exists_at(x,z).  [clausify(32)].
157 -beforeEq(x,y) | timepoint(x).  [clausify(33)].
158 -beforeEq(x,y) | timepoint(y).  [clausify(33)].
159 -beforeEq(x,y) | before(x,y) | y = x.  [clausify(33)].
160 beforeEq(x,y) | -timepoint(x) | -timepoint(y) | -before(x,y).  [clausify(33)].
161 beforeEq(x,y) | -timepoint(x) | -timepoint(y) | y != x.  [clausify(33)].
162 -betweenEq(x,y,z) | beforeEq(x,y).  [clausify(34)].
163 -betweenEq(x,y,z) | beforeEq(y,z).  [clausify(34)].
164 betweenEq(x,y,z) | -beforeEq(x,y) | -beforeEq(y,z).  [clausify(34)].
165 -exists_at(x,y) | betweenEq(beginof(x),y,endof(x)).  [clausify(35)].
166 beginof(x) != y | endof(x) != z | between(y,z) = x.  [clausify(38)].
167 -timeinterval(x) | timepoint(beginof(x)).  [clausify(39)].
168 -timeinterval(x) | timepoint(endof(x)).  [clausify(39)].
169 -before(x,y) | timeinterval(between(x,y)).  [clausify(40)].
170 -before(x,y) | beginof(between(x,y)) = x.  [clausify(41)].
171 -before(x,y) | endof(between(x,y)) = y.  [clausify(41)].
172 timepoint(c1).  [clausify(42)].
174 -timepoint(x) | c1 = x | before(x,c1).  [copy(173),flip(b)].
176 -timepoint(x) | c1 = x | before(x,f9(x)).  [copy(175),flip(b)].
178 -timepoint(x) | c1 = x | before(f9(x),c1).  [copy(177),flip(b)].
179 timepoint(c2).  [clausify(43)].
181 -timepoint(x) | c2 = x | before(c2,x).  [copy(180),flip(b)].
183 -timepoint(x) | c2 = x | before(f10(x),x).  [copy(182),flip(b)].
185 -timepoint(x) | c2 = x | before(c2,f10(x)).  [copy(184),flip(b)].
186 -timepoint(x) | timeinterval(f11(x)).  [clausify(44)].
187 -timepoint(x) | beginof(f11(x)) = x.  [clausify(44)].
188 -timepoint(x) | endof(f11(x)) = x.  [clausify(44)].
189 -PC(x,c3,c4).  [deny(49)].
190 activity_occurrence(c3).  [resolve(54,a,53,a)].
191 timeinterval(c4).  [resolve(63,a,59,a)].
192 beforeEq(beginof(c3),beginof(c4)).  [resolve(63,a,60,a)].
193 beforeEq(endof(c4),endof(c3)).  [resolve(63,a,61,a)].
194 -psl_interval(x,y) | activity_occurrence(x) | psl_interval(x,f1(x)).  [resolve(73,c,74,a)].
195 psl_interval(x,y) | -timeinterval(y) | beginof(y) != beginof(x) | endof(y) != endof(x) | -psl_interval(x,z) | activity_occurrence(x).  [resolve(75,b,73,c)].
196 -PC(x,y,z) | psl_interval(x,f1(x)).  [resolve(76,b,74,a)].
197 -PC(x,y,z) | psl_interval(x,u) | -timeinterval(u) | beginof(u) != beginof(x) | endof(u) != endof(x).  [resolve(76,b,75,b)].
198 PC(x,y,z) | -activity_occurrence(y) | -timeinterval(z) | beforeEq(beginof(z),u) | -psl_interval(x,w) | activity_occurrence(x).  [resolve(77,b,73,c)].
199 PC(x,y,z) | -activity_occurrence(y) | -timeinterval(z) | beforeEq(beginof(z),u) | -PC(x,w,v5).  [resolve(77,b,76,b)].
200 PC(x,y,z) | -activity_occurrence(y) | -timeinterval(z) | beforeEq(u,endof(z)) | -psl_interval(x,w) | activity_occurrence(x).  [resolve(78,b,73,c)].
201 PC(x,y,z) | -activity_occurrence(y) | -timeinterval(z) | beforeEq(u,endof(z)) | -PC(x,w,v5).  [resolve(78,b,76,b)].
204 -timeinterval(x) | -psl_interval(x,y) | activity_occurrence(x).  [resolve(80,b,73,c)].
205 -timeinterval(x) | -PC(x,y,z).  [resolve(80,b,76,b)].
206 -activity_occurrence(x) | -PC(x,y,z).  [resolve(84,b,76,b)].
207 -timepoint(x) | -psl_interval(x,y) | activity_occurrence(x).  [resolve(85,a,73,c)].
208 -timepoint(x) | -PC(x,y,z).  [resolve(85,a,76,b)].
209 timepoint(beginof(x)) | -psl_interval(x,y) | activity_occurrence(x).  [resolve(86,a,73,c)].
210 timepoint(beginof(x)) | -PC(x,y,z).  [resolve(86,a,76,b)].
211 timepoint(endof(x)) | -psl_interval(x,y) | activity_occurrence(x).  [resolve(87,a,73,c)].
212 timepoint(endof(x)) | -PC(x,y,z).  [resolve(87,a,76,b)].
213 beforeEq(beginof(x),endof(x)) | -psl_interval(x,y) | activity_occurrence(x).  [resolve(88,a,73,c)].
214 beforeEq(beginof(x),endof(x)) | -PC(x,y,z).  [resolve(88,a,76,b)].
215 -participates_in(x,y,z) | psl_interval(x,f1(x)).  [resolve(89,b,74,a)].
216 -participates_in(x,y,z) | psl_interval(x,u) | -timeinterval(u) | beginof(u) != beginof(x) | endof(u) != endof(x).  [resolve(89,b,75,b)].
217 -participates_in(x,y,z) | PC(x,u,w) | -activity_occurrence(u) | -timeinterval(w) | beforeEq(beginof(w),v5).  [resolve(89,b,77,b)].
218 -participates_in(x,y,z) | PC(x,u,w) | -activity_occurrence(u) | -timeinterval(w) | beforeEq(v5,endof(w)).  [resolve(89,b,78,b)].
220 -participates_in(x,y,z) | -timeinterval(x).  [resolve(89,b,80,b)].
221 -participates_in(x,y,z) | -activity_occurrence(x).  [resolve(89,b,84,b)].
222 -participates_in(x,y,z) | -timepoint(x).  [resolve(89,b,85,a)].
223 -participates_in(x,y,z) | timepoint(beginof(x)).  [resolve(89,b,86,a)].
224 -participates_in(x,y,z) | timepoint(endof(x)).  [resolve(89,b,87,a)].
225 -participates_in(x,y,z) | beforeEq(beginof(x),endof(x)).  [resolve(89,b,88,a)].
226 -exists_at(x,y) | psl_interval(x,f1(x)).  [resolve(90,b,74,a)].
227 -exists_at(x,y) | psl_interval(x,z) | -timeinterval(z) | beginof(z) != beginof(x) | endof(z) != endof(x).  [resolve(90,b,75,b)].
228 -exists_at(x,y) | PC(x,z,u) | -activity_occurrence(z) | -timeinterval(u) | beforeEq(beginof(u),w).  [resolve(90,b,77,b)].
229 -exists_at(x,y) | PC(x,z,u) | -activity_occurrence(z) | -timeinterval(u) | beforeEq(w,endof(u)).  [resolve(90,b,78,b)].
230 -exists_at(x,y) | -timeinterval(x).  [resolve(90,b,80,b)].
231 -exists_at(x,y) | -activity_occurrence(x).  [resolve(90,b,84,b)].
232 -exists_at(x,y) | -timepoint(x).  [resolve(90,b,85,a)].
233 -exists_at(x,y) | timepoint(beginof(x)).  [resolve(90,b,86,a)].
234 -exists_at(x,y) | timepoint(endof(x)).  [resolve(90,b,87,a)].
235 -exists_at(x,y) | beforeEq(beginof(x),endof(x)).  [resolve(90,b,88,a)].
236 exists_at(x,y) | -betweenEq(beginof(x),y,endof(x)) | -psl_interval(x,z) | activity_occurrence(x).  [resolve(91,b,73,c)].
237 exists_at(x,y) | -betweenEq(beginof(x),y,endof(x)) | -PC(x,z,u).  [resolve(91,b,76,b)].
238 exists_at(x,y) | -betweenEq(beginof(x),y,endof(x)) | -participates_in(x,z,u).  [resolve(91,b,89,b)].
239 exists_at(x,y) | -betweenEq(beginof(x),y,endof(x)) | -exists_at(x,z).  [resolve(91,b,90,b)].
240 -psl_interval(x,y) | -psl_interval(z,u) | beginof(u) != beginof(w) | endof(y) != endof(w) | psl_interval(x,f2(x,z,w)).  [resolve(92,a,93,a)].
241 -psl_interval(x,y) | -psl_interval(z,u) | beginof(u) != beginof(w) | endof(y) != endof(w) | psl_interval(z,f3(x,z,w)).  [resolve(92,a,94,a)].
242 -psl_interval(x,y) | -psl_interval(z,u) | beginof(u) != beginof(w) | endof(y) != endof(w) | beginof(f3(x,z,w)) = beginof(w).  [resolve(92,a,95,a)].
243 -psl_interval(x,y) | -psl_interval(z,u) | beginof(u) != beginof(w) | endof(y) != endof(w) | endof(f2(x,z,w)) = endof(w).  [resolve(92,a,96,a)].
244 psl_interval(x,f4(x,y,z)) | -psl_interval(x,u) | -psl_interval(y,w) | beginof(w) != beginof(z) | endof(u) != endof(z).  [resolve(97,a,92,a)].
245 psl_interval(x,f5(y,x,z)) | -psl_interval(y,u) | -psl_interval(x,w) | beginof(w) != beginof(z) | endof(u) != endof(z).  [resolve(98,a,92,a)].
246 beginof(f5(x,y,z)) = beginof(z) | -psl_interval(x,u) | -psl_interval(y,w) | beginof(w) != beginof(z) | endof(u) != endof(z).  [resolve(99,a,92,a)].
247 endof(f4(x,y,z)) = endof(z) | -psl_interval(x,u) | -psl_interval(y,w) | beginof(w) != beginof(z) | endof(u) != endof(z).  [resolve(100,a,92,a)].
248 -occurrence_of(x,y) | -timeinterval(y).  [resolve(102,b,103,b)].
249 -occurrence_of(x,y) | -activity_occurrence(y).  [resolve(102,b,104,a)].
250 -occurrence_of(x,y) | -timepoint(y).  [resolve(102,b,105,a)].
251 -activity_occurrence(x) | -timeinterval(f8(x)).  [resolve(106,b,103,b)].
252 -activity_occurrence(x) | -activity_occurrence(f8(x)).  [resolve(106,b,104,a)].
253 -activity_occurrence(x) | -timepoint(f8(x)).  [resolve(106,b,105,a)].
254 -psl_interval(x,y) | activity_occurrence(x) | -occurrence_of(z,x).  [resolve(107,a,102,b)].
255 -psl_interval(f8(x),y) | activity_occurrence(f8(x)) | -activity_occurrence(x).  [resolve(107,a,106,b)].
256 -PC(x,y,z) | -occurrence_of(u,x).  [resolve(108,a,102,b)].
257 -PC(f8(x),y,z) | -activity_occurrence(x).  [resolve(108,a,106,b)].
258 -participates_in(x,y,z) | -occurrence_of(u,x).  [resolve(109,b,102,b)].
259 -participates_in(f8(x),y,z) | -activity_occurrence(x).  [resolve(109,b,106,b)].
260 -exists_at(x,y) | -occurrence_of(z,x).  [resolve(110,b,102,b)].
261 -exists_at(f8(x),y) | -activity_occurrence(x).  [resolve(110,b,106,b)].
262 betweenEq(beginof(x),y,endof(x)) | -participates_in(z,x,y).  [resolve(111,a,112,b)].
263 P(x,x) | -timeinterval(x) | -beforeEq(beginof(x),beginof(x)) | -beforeEq(endof(x),endof(x)).  [factor(123,b,c)].
264 beforeEq(x,x) | -timepoint(x).  [factor(161,b,c),xx(c)].
265 betweenEq(x,x,x) | -beforeEq(x,x).  [factor(164,b,c)].
266 -participates_in(x,y,z) | PC(x,y,u) | -activity_occurrence(y) | -timeinterval(u).  [factor(219,a,e)].
267 -psl_interval(x,y) | beginof(y) != beginof(z) | endof(y) != endof(z) | psl_interval(x,f2(x,x,z)).  [factor(240,a,b)].
268 -psl_interval(x,y) | beginof(y) != beginof(z) | endof(y) != endof(z) | psl_interval(x,f3(x,x,z)).  [factor(241,a,b)].
269 -psl_interval(x,y) | beginof(y) != beginof(z) | endof(y) != endof(z) | beginof(f3(x,x,z)) = beginof(z).  [factor(242,a,b)].
270 -psl_interval(x,y) | beginof(y) != beginof(z) | endof(y) != endof(z) | endof(f2(x,x,z)) = endof(z).  [factor(243,a,b)].
271 psl_interval(x,f4(x,x,y)) | -psl_interval(x,z) | beginof(z) != beginof(y) | endof(z) != endof(y).  [factor(244,b,c)].
272 psl_interval(x,f5(x,x,y)) | -psl_interval(x,z) | beginof(z) != beginof(y) | endof(z) != endof(y).  [factor(245,b,c)].
273 beginof(f5(x,x,y)) = beginof(y) | -psl_interval(x,z) | beginof(z) != beginof(y) | endof(z) != endof(y).  [factor(246,b,c)].
274 endof(f4(x,x,y)) = endof(y) | -psl_interval(x,z) | beginof(z) != beginof(y) | endof(z) != endof(y).  [factor(247,b,c)].
end_of_list.

formulas(demodulators).
end_of_list.

============================== end of clauses for search =============

============================== SEARCH ================================

% Starting search at 0.02 seconds.

given #1 (I,wt=5): 119 -P(x,y) | timeinterval(x).  [clausify(4)].

given #2 (I,wt=5): 120 -P(x,y) | timeinterval(y).  [clausify(4)].

given #3 (I,wt=8): 121 -P(x,y) | beforeEq(beginof(y),beginof(x)).  [clausify(4)].

given #4 (I,wt=8): 122 -P(x,y) | beforeEq(endof(x),endof(y)).  [clausify(4)].

given #5 (I,wt=17): 123 P(x,y) | -timeinterval(x) | -timeinterval(y) | -beforeEq(beginof(y),beginof(x)) | -beforeEq(endof(x),endof(y)).  [clausify(4)].

given #6 (I,wt=6): 124 -activity_occurrence(x) | psl_interval(x,f1(x)).  [clausify(7)].

given #7 (I,wt=9): 125 -beforeEq(x,y) | -beforeEq(y,z) | beforeEq(x,z).  [clausify(8)].

given #8 (I,wt=9): 126 -P(x,y) | -P(y,z) | P(x,z).  [clausify(9)].

given #9 (I,wt=5): 127 -psl_interval(x,y) | timeinterval(y).  [clausify(10)].

given #10 (I,wt=8): 128 -psl_interval(x,y) | beginof(y) = beginof(x).  [clausify(10)].

given #11 (I,wt=8): 129 -psl_interval(x,y) | endof(y) = endof(x).  [clausify(10)].

given #12 (I,wt=17): 130 psl_interval(x,y) | -activity_occurrence(x) | -timeinterval(y) | beginof(y) != beginof(x) | endof(y) != endof(x).  [clausify(10)].

given #13 (I,wt=6): 131 -PC(x,y,z) | activity_occurrence(y).  [clausify(12)].

given #14 (I,wt=6): 132 -PC(x,y,z) | timeinterval(z).  [clausify(12)].

given #15 (I,wt=16): 133 -PC(x,y,z) | -beforeEq(beginof(z),u) | -beforeEq(u,endof(z)) | participates_in(x,y,u).  [clausify(12)].

given #16 (I,wt=4): 134 -timeinterval(x) | -activity_occurrence(x).  [clausify(14)].

given #17 (I,wt=4): 135 -timeinterval(x) | -timepoint(x).  [clausify(14)].

given #18 (I,wt=5): 136 -before(x,y) | timepoint(x).  [clausify(17)].

given #19 (I,wt=5): 137 -before(x,y) | timepoint(y).  [clausify(17)].

given #20 (I,wt=13): 138 -timepoint(x) | -timepoint(y) | y = x | before(x,y) | before(y,x).  [clausify(18)].

given #21 (I,wt=3): 139 -before(x,x).  [clausify(19)].

given #22 (I,wt=9): 140 -before(x,y) | -before(y,z) | before(x,z).  [clausify(20)].

given #23 (I,wt=8): 141 -timepoint(x) | "inf-" = x | before("inf-",x).  [clausify(21)].

given #24 (I,wt=8): 142 -timepoint(x) | "inf+" = x | before(x,"inf+").  [clausify(22)].

given #25 (I,wt=9): 143 -timepoint(x) | "inf-" = x | before("inf-",f6(x)).  [clausify(23)].

given #26 (I,wt=9): 144 -timepoint(x) | "inf-" = x | before(f6(x),x).  [clausify(23)].

given #27 (I,wt=9): 145 -timepoint(x) | "inf+" = x | before(x,f7(x)).  [clausify(24)].

given #28 (I,wt=9): 146 -timepoint(x) | "inf+" = x | before(f7(x),"inf+").  [clausify(24)].

given #29 (I,wt=4): 147 -activity_occurrence(x) | -timepoint(x).  [clausify(25)].

given #30 (I,wt=5): 148 -occurrence_of(x,y) | activity_occurrence(x).  [clausify(26)].

given #31 (I,wt=6): 149 -activity_occurrence(x) | occurrence_of(x,f8(x)).  [clausify(27)].

given #32 (I,wt=9): 150 -occurrence_of(x,y) | -occurrence_of(x,z) | z = y.  [clausify(28)].

given #33 (I,wt=6): 151 -occurrence_of(x,y) | timepoint(beginof(x)).  [clausify(29)].

given #34 (I,wt=6): 152 -occurrence_of(x,y) | timepoint(endof(x)).  [clausify(29)].

given #35 (I,wt=7): 153 -activity_occurrence(x) | beforeEq(beginof(x),endof(x)).  [clausify(30)].

given #36 (I,wt=6): 154 -participates_in(x,y,z) | activity_occurrence(y).  [clausify(31)].

given #37 (I,wt=6): 155 -participates_in(x,y,z) | timepoint(z).  [clausify(31)].

given #38 (I,wt=7): 156 -participates_in(x,y,z) | exists_at(x,z).  [clausify(32)].

given #39 (I,wt=5): 157 -beforeEq(x,y) | timepoint(x).  [clausify(33)].

given #40 (I,wt=5): 158 -beforeEq(x,y) | timepoint(y).  [clausify(33)].

given #41 (I,wt=9): 159 -beforeEq(x,y) | before(x,y) | y = x.  [clausify(33)].

given #42 (I,wt=10): 160 beforeEq(x,y) | -timepoint(x) | -timepoint(y) | -before(x,y).  [clausify(33)].

given #43 (I,wt=10): 161 beforeEq(x,y) | -timepoint(x) | -timepoint(y) | y != x.  [clausify(33)].

given #44 (I,wt=7): 162 -betweenEq(x,y,z) | beforeEq(x,y).  [clausify(34)].

given #45 (I,wt=7): 163 -betweenEq(x,y,z) | beforeEq(y,z).  [clausify(34)].

given #46 (I,wt=10): 164 betweenEq(x,y,z) | -beforeEq(x,y) | -beforeEq(y,z).  [clausify(34)].

given #47 (I,wt=9): 165 -exists_at(x,y) | betweenEq(beginof(x),y,endof(x)).  [clausify(35)].

given #48 (I,wt=13): 166 beginof(x) != y | endof(x) != z | between(y,z) = x.  [clausify(38)].

given #49 (I,wt=5): 167 -timeinterval(x) | timepoint(beginof(x)).  [clausify(39)].

given #50 (I,wt=5): 168 -timeinterval(x) | timepoint(endof(x)).  [clausify(39)].

given #51 (I,wt=7): 169 -before(x,y) | timeinterval(between(x,y)).  [clausify(40)].

given #52 (I,wt=9): 170 -before(x,y) | beginof(between(x,y)) = x.  [clausify(41)].

given #53 (I,wt=9): 171 -before(x,y) | endof(between(x,y)) = y.  [clausify(41)].

given #54 (I,wt=2): 172 timepoint(c1).  [clausify(42)].

given #55 (I,wt=8): 174 -timepoint(x) | c1 = x | before(x,c1).  [copy(173),flip(b)].

given #56 (I,wt=9): 176 -timepoint(x) | c1 = x | before(x,f9(x)).  [copy(175),flip(b)].

given #57 (I,wt=9): 178 -timepoint(x) | c1 = x | before(f9(x),c1).  [copy(177),flip(b)].

given #58 (I,wt=2): 179 timepoint(c2).  [clausify(43)].

given #59 (I,wt=8): 181 -timepoint(x) | c2 = x | before(c2,x).  [copy(180),flip(b)].

given #60 (I,wt=9): 183 -timepoint(x) | c2 = x | before(f10(x),x).  [copy(182),flip(b)].

given #61 (I,wt=9): 185 -timepoint(x) | c2 = x | before(c2,f10(x)).  [copy(184),flip(b)].

given #62 (I,wt=5): 186 -timepoint(x) | timeinterval(f11(x)).  [clausify(44)].

given #63 (I,wt=7): 187 -timepoint(x) | beginof(f11(x)) = x.  [clausify(44)].

given #64 (I,wt=7): 188 -timepoint(x) | endof(f11(x)) = x.  [clausify(44)].

given #65 (I,wt=4): 189 -PC(x,c3,c4).  [deny(49)].

given #66 (I,wt=2): 190 activity_occurrence(c3).  [resolve(54,a,53,a)].

given #67 (I,wt=2): 191 timeinterval(c4).  [resolve(63,a,59,a)].

given #68 (I,wt=5): 192 beforeEq(beginof(c3),beginof(c4)).  [resolve(63,a,60,a)].

given #69 (I,wt=5): 193 beforeEq(endof(c4),endof(c3)).  [resolve(63,a,61,a)].

given #70 (I,wt=9): 194 -psl_interval(x,y) | activity_occurrence(x) | psl_interval(x,f1(x)).  [resolve(73,c,74,a)].

given #71 (I,wt=20): 195 psl_interval(x,y) | -timeinterval(y) | beginof(y) != beginof(x) | endof(y) != endof(x) | -psl_interval(x,z) | activity_occurrence(x).  [resolve(75,b,73,c)].

given #72 (I,wt=8): 196 -PC(x,y,z) | psl_interval(x,f1(x)).  [resolve(76,b,74,a)].

given #73 (I,wt=19): 197 -PC(x,y,z) | psl_interval(x,u) | -timeinterval(u) | beginof(u) != beginof(x) | endof(u) != endof(x).  [resolve(76,b,75,b)].

given #74 (I,wt=17): 198 PC(x,y,z) | -activity_occurrence(y) | -timeinterval(z) | beforeEq(beginof(z),u) | -psl_interval(x,w) | activity_occurrence(x).  [resolve(77,b,73,c)].

given #75 (I,wt=16): 199 PC(x,y,z) | -activity_occurrence(y) | -timeinterval(z) | beforeEq(beginof(z),u) | -PC(x,w,v5).  [resolve(77,b,76,b)].

given #76 (I,wt=17): 200 PC(x,y,z) | -activity_occurrence(y) | -timeinterval(z) | beforeEq(u,endof(z)) | -psl_interval(x,w) | activity_occurrence(x).  [resolve(78,b,73,c)].

given #77 (I,wt=16): 201 PC(x,y,z) | -activity_occurrence(y) | -timeinterval(z) | beforeEq(u,endof(z)) | -PC(x,w,v5).  [resolve(78,b,76,b)].

given #78 (I,wt=7): 204 -timeinterval(x) | -psl_interval(x,y) | activity_occurrence(x).  [resolve(80,b,73,c)].

given #79 (I,wt=6): 205 -timeinterval(x) | -PC(x,y,z).  [resolve(80,b,76,b)].

given #80 (I,wt=6): 206 -activity_occurrence(x) | -PC(x,y,z).  [resolve(84,b,76,b)].

given #81 (I,wt=7): 207 -timepoint(x) | -psl_interval(x,y) | activity_occurrence(x).  [resolve(85,a,73,c)].

given #82 (I,wt=6): 208 -timepoint(x) | -PC(x,y,z).  [resolve(85,a,76,b)].

given #83 (I,wt=8): 209 timepoint(beginof(x)) | -psl_interval(x,y) | activity_occurrence(x).  [resolve(86,a,73,c)].

given #84 (I,wt=7): 210 timepoint(beginof(x)) | -PC(x,y,z).  [resolve(86,a,76,b)].

given #85 (I,wt=8): 211 timepoint(endof(x)) | -psl_interval(x,y) | activity_occurrence(x).  [resolve(87,a,73,c)].

given #86 (I,wt=7): 212 timepoint(endof(x)) | -PC(x,y,z).  [resolve(87,a,76,b)].

given #87 (I,wt=10): 213 beforeEq(beginof(x),endof(x)) | -psl_interval(x,y) | activity_occurrence(x).  [resolve(88,a,73,c)].

given #88 (I,wt=9): 214 beforeEq(beginof(x),endof(x)) | -PC(x,y,z).  [resolve(88,a,76,b)].

given #89 (I,wt=8): 215 -participates_in(x,y,z) | psl_interval(x,f1(x)).  [resolve(89,b,74,a)].

given #90 (I,wt=19): 216 -participates_in(x,y,z) | psl_interval(x,u) | -timeinterval(u) | beginof(u) != beginof(x) | endof(u) != endof(x).  [resolve(89,b,75,b)].

given #91 (I,wt=16): 217 -participates_in(x,y,z) | PC(x,u,w) | -activity_occurrence(u) | -timeinterval(w) | beforeEq(beginof(w),v5).  [resolve(89,b,77,b)].

given #92 (I,wt=16): 218 -participates_in(x,y,z) | PC(x,u,w) | -activity_occurrence(u) | -timeinterval(w) | beforeEq(v5,endof(w)).  [resolve(89,b,78,b)].

given #93 (I,wt=6): 220 -participates_in(x,y,z) | -timeinterval(x).  [resolve(89,b,80,b)].

given #94 (I,wt=6): 221 -participates_in(x,y,z) | -activity_occurrence(x).  [resolve(89,b,84,b)].

given #95 (I,wt=6): 222 -participates_in(x,y,z) | -timepoint(x).  [resolve(89,b,85,a)].

given #96 (I,wt=7): 223 -participates_in(x,y,z) | timepoint(beginof(x)).  [resolve(89,b,86,a)].

given #97 (I,wt=7): 224 -participates_in(x,y,z) | timepoint(endof(x)).  [resolve(89,b,87,a)].

given #98 (I,wt=9): 225 -participates_in(x,y,z) | beforeEq(beginof(x),endof(x)).  [resolve(89,b,88,a)].

given #99 (I,wt=7): 226 -exists_at(x,y) | psl_interval(x,f1(x)).  [resolve(90,b,74,a)].

given #100 (I,wt=18): 227 -exists_at(x,y) | psl_interval(x,z) | -timeinterval(z) | beginof(z) != beginof(x) | endof(z) != endof(x).  [resolve(90,b,75,b)].

given #101 (I,wt=15): 228 -exists_at(x,y) | PC(x,z,u) | -activity_occurrence(z) | -timeinterval(u) | beforeEq(beginof(u),w).  [resolve(90,b,77,b)].

given #102 (I,wt=15): 229 -exists_at(x,y) | PC(x,z,u) | -activity_occurrence(z) | -timeinterval(u) | beforeEq(w,endof(u)).  [resolve(90,b,78,b)].

given #103 (I,wt=5): 230 -exists_at(x,y) | -timeinterval(x).  [resolve(90,b,80,b)].

given #104 (I,wt=5): 231 -exists_at(x,y) | -activity_occurrence(x).  [resolve(90,b,84,b)].

given #105 (I,wt=5): 232 -exists_at(x,y) | -timepoint(x).  [resolve(90,b,85,a)].

given #106 (I,wt=6): 233 -exists_at(x,y) | timepoint(beginof(x)).  [resolve(90,b,86,a)].

given #107 (I,wt=6): 234 -exists_at(x,y) | timepoint(endof(x)).  [resolve(90,b,87,a)].

given #108 (I,wt=8): 235 -exists_at(x,y) | beforeEq(beginof(x),endof(x)).  [resolve(90,b,88,a)].

given #109 (I,wt=14): 236 exists_at(x,y) | -betweenEq(beginof(x),y,endof(x)) | -psl_interval(x,z) | activity_occurrence(x).  [resolve(91,b,73,c)].

given #110 (I,wt=13): 237 exists_at(x,y) | -betweenEq(beginof(x),y,endof(x)) | -PC(x,z,u).  [resolve(91,b,76,b)].

given #111 (I,wt=13): 238 exists_at(x,y) | -betweenEq(beginof(x),y,endof(x)) | -participates_in(x,z,u).  [resolve(91,b,89,b)].

given #112 (I,wt=12): 239 exists_at(x,y) | -betweenEq(beginof(x),y,endof(x)) | -exists_at(x,z).  [resolve(91,b,90,b)].

given #113 (I,wt=22): 240 -psl_interval(x,y) | -psl_interval(z,u) | beginof(u) != beginof(w) | endof(y) != endof(w) | psl_interval(x,f2(x,z,w)).  [resolve(92,a,93,a)].

given #114 (I,wt=22): 241 -psl_interval(x,y) | -psl_interval(z,u) | beginof(u) != beginof(w) | endof(y) != endof(w) | psl_interval(z,f3(x,z,w)).  [resolve(92,a,94,a)].

given #115 (I,wt=24): 242 -psl_interval(x,y) | -psl_interval(z,u) | beginof(u) != beginof(w) | endof(y) != endof(w) | beginof(f3(x,z,w)) = beginof(w).  [resolve(92,a,95,a)].

given #116 (I,wt=24): 243 -psl_interval(x,y) | -psl_interval(z,u) | beginof(u) != beginof(w) | endof(y) != endof(w) | endof(f2(x,z,w)) = endof(w).  [resolve(92,a,96,a)].

given #117 (I,wt=22): 244 psl_interval(x,f4(x,y,z)) | -psl_interval(x,u) | -psl_interval(y,w) | beginof(w) != beginof(z) | endof(u) != endof(z).  [resolve(97,a,92,a)].

given #118 (I,wt=22): 245 psl_interval(x,f5(y,x,z)) | -psl_interval(y,u) | -psl_interval(x,w) | beginof(w) != beginof(z) | endof(u) != endof(z).  [resolve(98,a,92,a)].

given #119 (I,wt=24): 246 beginof(f5(x,y,z)) = beginof(z) | -psl_interval(x,u) | -psl_interval(y,w) | beginof(w) != beginof(z) | endof(u) != endof(z).  [resolve(99,a,92,a)].

given #120 (I,wt=24): 247 endof(f4(x,y,z)) = endof(z) | -psl_interval(x,u) | -psl_interval(y,w) | beginof(w) != beginof(z) | endof(u) != endof(z).  [resolve(100,a,92,a)].

given #121 (I,wt=5): 248 -occurrence_of(x,y) | -timeinterval(y).  [resolve(102,b,103,b)].

given #122 (I,wt=5): 249 -occurrence_of(x,y) | -activity_occurrence(y).  [resolve(102,b,104,a)].

given #123 (I,wt=5): 250 -occurrence_of(x,y) | -timepoint(y).  [resolve(102,b,105,a)].

given #124 (I,wt=5): 251 -activity_occurrence(x) | -timeinterval(f8(x)).  [resolve(106,b,103,b)].

given #125 (I,wt=5): 252 -activity_occurrence(x) | -activity_occurrence(f8(x)).  [resolve(106,b,104,a)].

given #126 (I,wt=5): 253 -activity_occurrence(x) | -timepoint(f8(x)).  [resolve(106,b,105,a)].

given #127 (I,wt=8): 254 -psl_interval(x,y) | activity_occurrence(x) | -occurrence_of(z,x).  [resolve(107,a,102,b)].

given #128 (I,wt=9): 255 -psl_interval(f8(x),y) | activity_occurrence(f8(x)) | -activity_occurrence(x).  [resolve(107,a,106,b)].

given #129 (I,wt=7): 256 -PC(x,y,z) | -occurrence_of(u,x).  [resolve(108,a,102,b)].

given #130 (I,wt=7): 257 -PC(f8(x),y,z) | -activity_occurrence(x).  [resolve(108,a,106,b)].

given #131 (I,wt=7): 258 -participates_in(x,y,z) | -occurrence_of(u,x).  [resolve(109,b,102,b)].

given #132 (I,wt=7): 259 -participates_in(f8(x),y,z) | -activity_occurrence(x).  [resolve(109,b,106,b)].

given #133 (I,wt=6): 260 -exists_at(x,y) | -occurrence_of(z,x).  [resolve(110,b,102,b)].

given #134 (I,wt=6): 261 -exists_at(f8(x),y) | -activity_occurrence(x).  [resolve(110,b,106,b)].

given #135 (I,wt=10): 262 betweenEq(beginof(x),y,endof(x)) | -participates_in(z,x,y).  [resolve(111,a,112,b)].

given #136 (I,wt=15): 263 P(x,x) | -timeinterval(x) | -beforeEq(beginof(x),beginof(x)) | -beforeEq(endof(x),endof(x)).  [factor(123,b,c)].

given #137 (I,wt=5): 264 beforeEq(x,x) | -timepoint(x).  [factor(161,b,c),xx(c)].

given #138 (I,wt=7): 265 betweenEq(x,x,x) | -beforeEq(x,x).  [factor(164,b,c)].

given #139 (I,wt=12): 266 -participates_in(x,y,z) | PC(x,y,u) | -activity_occurrence(y) | -timeinterval(u).  [factor(219,a,e)].

given #140 (I,wt=19): 267 -psl_interval(x,y) | beginof(y) != beginof(z) | endof(y) != endof(z) | psl_interval(x,f2(x,x,z)).  [factor(240,a,b)].

given #141 (I,wt=19): 268 -psl_interval(x,y) | beginof(y) != beginof(z) | endof(y) != endof(z) | psl_interval(x,f3(x,x,z)).  [factor(241,a,b)].

given #142 (I,wt=21): 269 -psl_interval(x,y) | beginof(y) != beginof(z) | endof(y) != endof(z) | beginof(f3(x,x,z)) = beginof(z).  [factor(242,a,b)].

given #143 (I,wt=21): 270 -psl_interval(x,y) | beginof(y) != beginof(z) | endof(y) != endof(z) | endof(f2(x,x,z)) = endof(z).  [factor(243,a,b)].

given #144 (I,wt=19): 271 psl_interval(x,f4(x,x,y)) | -psl_interval(x,z) | beginof(z) != beginof(y) | endof(z) != endof(y).  [factor(244,b,c)].

given #145 (I,wt=19): 272 psl_interval(x,f5(x,x,y)) | -psl_interval(x,z) | beginof(z) != beginof(y) | endof(z) != endof(y).  [factor(245,b,c)].

given #146 (I,wt=21): 273 beginof(f5(x,x,y)) = beginof(y) | -psl_interval(x,z) | beginof(z) != beginof(y) | endof(z) != endof(y).  [factor(246,b,c)].

given #147 (I,wt=21): 274 endof(f4(x,x,y)) = endof(y) | -psl_interval(x,z) | beginof(z) != beginof(y) | endof(z) != endof(y).  [factor(247,b,c)].

given #148 (A,wt=10): 275 endof(x) != y | between(beginof(x),y) = x.  [xx_res(166,a)].

given #149 (F,wt=2): 306 -timepoint(c3).  [resolve(190,a,147,a)].

given #150 (F,wt=2): 310 -timepoint(c4).  [resolve(191,a,135,a)].

given #151 (F,wt=2): 311 -activity_occurrence(c4).  [resolve(191,a,134,a)].

given #152 (F,wt=3): 326 -timepoint(f8(c3)).  [resolve(253,a,190,a)].

given #153 (T,wt=3): 298 timeinterval(f11(c2)).  [resolve(186,a,179,a)].

given #154 (T,wt=3): 299 timeinterval(f11(c1)).  [resolve(186,a,172,a)].

given #155 (T,wt=3): 308 timepoint(endof(c4)).  [resolve(191,a,168,a)].

given #156 (T,wt=3): 309 timepoint(beginof(c4)).  [resolve(191,a,167,a)].

given #157 (A,wt=10): 276 beginof(x) != y | between(y,endof(x)) = x.  [xx_res(166,b)].

given #158 (F,wt=3): 330 -timepoint(f11(c2)).  [resolve(298,a,135,a)].

given #159 (F,wt=3): 331 -activity_occurrence(f11(c2)).  [resolve(298,a,134,a)].

given #160 (F,wt=3): 333 -timepoint(f11(c1)).  [resolve(299,a,135,a)].

given #161 (F,wt=3): 334 -activity_occurrence(f11(c1)).  [resolve(299,a,134,a)].

given #162 (T,wt=3): 316 timepoint(beginof(c3)).  [resolve(192,a,157,a)].

given #163 (T,wt=3): 323 timepoint(endof(c3)).  [resolve(193,a,158,a)].

given #164 (T,wt=3): 327 beforeEq(c2,c2).  [resolve(264,b,179,a)].

given #165 (T,wt=3): 328 beforeEq(c1,c1).  [resolve(264,b,172,a)].

given #166 (A,wt=8): 277 beforeEq(x,c1) | -timepoint(x) | c1 != x.  [resolve(172,a,161,c)].

given #167 (T,wt=4): 305 occurrence_of(c3,f8(c3)).  [resolve(190,a,149,a)].

given #168 (T,wt=4): 307 psl_interval(c3,f1(c3)).  [resolve(190,a,124,a)].

given #169 (T,wt=3): 455 timeinterval(f1(c3)).  [resolve(307,a,127,a)].

given #170 (T,wt=4): 339 timeinterval(f11(endof(c4))).  [resolve(308,a,186,a)].

given #171 (A,wt=8): 278 beforeEq(c1,x) | -timepoint(x) | c1 != x.  [resolve(172,a,161,b),flip(c)].

given #172 (F,wt=3): 425 -activity_occurrence(f8(c3)).  [resolve(305,a,249,a)].

given #173 (F,wt=3): 426 -timeinterval(f8(c3)).  [resolve(305,a,248,a)].

given #174 (F,wt=3): 480 -timepoint(f1(c3)).  [resolve(455,a,135,a)].

given #175 (F,wt=3): 481 -activity_occurrence(f1(c3)).  [resolve(455,a,134,a)].

given #176 (T,wt=4): 358 timeinterval(f11(beginof(c4))).  [resolve(309,a,186,a)].

given #177 (T,wt=4): 377 timeinterval(f11(beginof(c3))).  [resolve(316,a,186,a)].

given #178 (T,wt=4): 396 timeinterval(f11(endof(c3))).  [resolve(323,a,186,a)].

given #179 (T,wt=4): 412 betweenEq(c2,c2,c2).  [resolve(327,a,265,b)].

given #180 (A,wt=7): 279 c1 = "inf+" | before(f7(c1),"inf+").  [resolve(172,a,146,a),flip(a)].

given #181 (F,wt=4): 423 -exists_at(f8(c3),x).  [resolve(305,a,260,b)].

given #182 (F,wt=4): 428 -psl_interval(f8(c3),x).  [back_unit_del(424),unit_del(b,425)].

given #183 (F,wt=4): 483 -timepoint(f11(endof(c4))).  [resolve(339,a,135,a)].

given #184 (F,wt=4): 484 -activity_occurrence(f11(endof(c4))).  [resolve(339,a,134,a)].

given #185 (T,wt=4): 415 betweenEq(c1,c1,c1).  [resolve(328,a,265,b)].

given #186 (T,wt=5): 300 beginof(f11(c2)) = c2.  [resolve(187,a,179,a)].

given #187 (T,wt=4): 523 timeinterval(between(c2,c2)).  [back_rewrite(298),rewrite([508(2)])].

given #188 (T,wt=5): 301 beginof(f11(c1)) = c1.  [resolve(187,a,172,a)].

given #189 (A,wt=7): 280 c1 = "inf+" | before(c1,f7(c1)).  [resolve(172,a,145,a),flip(a)].

given #190 (F,wt=4): 491 -timepoint(f11(beginof(c4))).  [resolve(358,a,135,a)].

given #191 (F,wt=4): 492 -activity_occurrence(f11(beginof(c4))).  [resolve(358,a,134,a)].

given #192 (F,wt=4): 494 -timepoint(f11(beginof(c3))).  [resolve(377,a,135,a)].

given #193 (F,wt=4): 495 -activity_occurrence(f11(beginof(c3))).  [resolve(377,a,134,a)].

given #194 (T,wt=4): 550 timeinterval(between(c1,c1)).  [back_rewrite(299),rewrite([535(2)])].

given #195 (T,wt=5): 304 beforeEq(beginof(c3),endof(c3)).  [resolve(190,a,153,a)].

given #196 (T,wt=5): 319 P(c4,c3) | -timeinterval(c3).  [resolve(192,a,123,d),unit_del(b,191),unit_del(d,193)].

given #197 (T,wt=5): 336 beforeEq(endof(c4),endof(c4)).  [resolve(308,a,264,b)].

given #198 (A,wt=7): 281 c1 = "inf-" | before(f6(c1),c1).  [resolve(172,a,144,a),flip(a)].

given #199 (F,wt=4): 497 -timepoint(f11(endof(c3))).  [resolve(396,a,135,a)].

given #200 (F,wt=4): 498 -activity_occurrence(f11(endof(c3))).  [resolve(396,a,134,a)].

given #201 (F,wt=4): 519 -activity_occurrence(between(c2,c2)).  [back_rewrite(331),rewrite([508(2)])].

given #202 (F,wt=4): 520 -timepoint(between(c2,c2)).  [back_rewrite(330),rewrite([508(2)])].

given #203 (T,wt=3): 574 P(c4,c4).  [resolve(336,a,263,d),unit_del(b,191),unit_del(c,355)].

given #204 (T,wt=5): 355 beforeEq(beginof(c4),beginof(c4)).  [resolve(309,a,264,b)].

given #205 (T,wt=5): 374 beforeEq(beginof(c3),beginof(c3)).  [resolve(316,a,264,b)].

given #206 (T,wt=5): 393 beforeEq(endof(c3),endof(c3)).  [resolve(323,a,264,b)].

given #207 (A,wt=7): 282 c1 = "inf-" | before("inf-",f6(c1)).  [resolve(172,a,143,a),flip(a)].

given #208 (F,wt=4): 546 -activity_occurrence(between(c1,c1)).  [back_rewrite(334),rewrite([535(2)])].

given #209 (F,wt=4): 547 -timepoint(between(c1,c1)).  [back_rewrite(333),rewrite([535(2)])].

given #210 (T,wt=5): 506 c1 = "inf+" | timepoint("inf+").  [resolve(279,b,137,a)].

given #211 (T,wt=5): 590 P(c3,c3) | -timeinterval(c3).  [resolve(374,a,123,d),merge(c),unit_del(c,393)].

given #212 (T,wt=5): 600 c1 = "inf-" | timepoint("inf-").  [resolve(282,b,136,a)].

given #213 (T,wt=6): 283 c1 = "inf+" | before(c1,"inf+").  [resolve(172,a,142,a),flip(a)].

given #214 (A,wt=6): 284 c1 = "inf-" | before("inf-",c1).  [resolve(172,a,141,a),flip(a)].

given #215 (T,wt=6): 287 c2 = c1 | before(c2,c1).  [resolve(179,a,174,a),flip(a)].

given #216 (T,wt=6): 294 c2 = "inf+" | before(c2,"inf+").  [resolve(179,a,142,a),flip(a)].

given #217 (T,wt=5): 653 c2 = "inf+" | timepoint("inf+").  [resolve(294,b,137,a)].

given #218 (T,wt=6): 295 c2 = "inf-" | before("inf-",c2).  [resolve(179,a,141,a),flip(a)].

given #219 (A,wt=7): 285 c2 = c1 | before(f9(c2),c1).  [resolve(179,a,178,a),flip(a)].

given #220 (T,wt=5): 673 c2 = "inf-" | timepoint("inf-").  [resolve(295,b,136,a)].

given #221 (T,wt=6): 422 beforeEq(c2,c1) | c2 != c1.  [resolve(277,b,179,a),flip(b)].

given #222 (T,wt=6): 453 endof(f1(c3)) = endof(c3).  [resolve(307,a,129,a)].

============================== PROOF =================================

% Proof 1 at 0.04 (+ 0.00) seconds.
% Length of proof is 24.
% Level of proof is 6.
% Maximum clause weight is 13.000.
% Given clauses 222.

2 (all x (PD(x) <-> activity_occurrence(x))) # label(non_clause).  [assumption].
7 (all x (object(x) | activity_occurrence(x) -> (exists t psl_interval(x,t)))) # label(non_clause).  [assumption].
10 (all x all y (psl_interval(x,y) <-> (activity_occurrence(x) | object(x)) & timeinterval(y) & beginof(x) = beginof(y) & endof(x) = endof(y))) # label(non_clause).  [assumption].
14 (all x (timeinterval(x) -> -(activity(x) | activity_occurrence(x) | timepoint(x) | object(x)))) # label(non_clause).  [assumption].
38 (all i all p all q (p = beginof(i) & q = endof(i) -> i = between(p,q))) # label(non_clause).  [assumption].
49 (all x all t (PD(x) & PRE(x,t) -> (exists y PC(y,x,t)))) # label(non_clause) # label(goal).  [goal].
53 -PD(x) | activity_occurrence(x).  [clausify(2)].
54 PD(c3).  [deny(49)].
124 -activity_occurrence(x) | psl_interval(x,f1(x)).  [clausify(7)].
127 -psl_interval(x,y) | timeinterval(y).  [clausify(10)].
128 -psl_interval(x,y) | beginof(y) = beginof(x).  [clausify(10)].
129 -psl_interval(x,y) | endof(y) = endof(x).  [clausify(10)].
134 -timeinterval(x) | -activity_occurrence(x).  [clausify(14)].
166 beginof(x) != y | endof(x) != z | between(y,z) = x.  [clausify(38)].
190 activity_occurrence(c3).  [resolve(54,a,53,a)].
275 endof(x) != y | between(beginof(x),y) = x.  [xx_res(166,a)].
307 psl_interval(c3,f1(c3)).  [resolve(190,a,124,a)].
329 between(beginof(x),endof(x)) = x.  [xx_res(275,a)].
453 endof(f1(c3)) = endof(c3).  [resolve(307,a,129,a)].
454 beginof(f1(c3)) = beginof(c3).  [resolve(307,a,128,a)].
455 timeinterval(f1(c3)).  [resolve(307,a,127,a)].
481 -activity_occurrence(f1(c3)).  [resolve(455,a,134,a)].
695 f1(c3) = c3.  [resolve(453,a,275,a),rewrite([454(3),329(5)]),flip(a)].
697 $F.  [back_rewrite(481),rewrite([695(2)]),unit_del(a,190)].

============================== end of proof ==========================

============================== STATISTICS ============================

Given=222. Generated=766. Kept=572. proofs=1.
Usable=213. Sos=292. Demods=18. Limbo=2, Disabled=285. Hints=0.
Kept_by_rule=0, Deleted_by_rule=0.
Forward_subsumed=193. Back_subsumed=8.
Sos_limit_deleted=0. Sos_displaced=0. Sos_removed=0.
New_demodulators=22 (0 lex), Back_demodulated=54. Back_unit_deleted=3.
Demod_attempts=5155. Demod_rewrites=207.
Res_instance_prunes=0. Para_instance_prunes=0. Basic_paramod_prunes=0.
Nonunit_fsub_feature_tests=267. Nonunit_bsub_feature_tests=716.
Megabytes=1.46.
User_CPU=0.04, System_CPU=0.00, Wall_clock=0.

============================== end of statistics =====================

============================== end of search =========================

THEOREM PROVED

Exiting with 1 proof.

Process 15686 exit (max_proofs) Tue Jul 16 23:41:40 2013
