============================== Prover9 ===============================
Prover9 (64) version 2009-11A, November 2009.
Process 15689 was started by cchui on stl1.mie.utoronto.ca,
Tue Jul 16 23:41:46 2013
The command was "prover9 -t 600 -f test/p9/interval_mandatory.p9 test/p9/interval_psl_core2dolce_present.p9 test/p9/interval_mandatory2dolce_participation.p9 test/p9/interval_psl_core.p9 test/p9/interval_moment.p9 test/p9/psl_core_root-ext.p9 test/p9/interval_with_endpoints.p9 test/p9/moment_with_endpoints.p9 test/p9/finite_sim_vc_end.p9 test/p9/lp_infinite_end.p9 test/p9/finite_moment.p9 test/p9/lp_ordering.p9 test/p9/ex0716_interval_mandatory2dolce_participation_3.p9".
============================== end of head ===========================

============================== INPUT =================================

% Reading from file test/p9/interval_mandatory.p9


formulas(sos).
end_of_list.

% Reading from file test/p9/interval_psl_core2dolce_present.p9


formulas(sos).
(all x (ED(x) <-> object(x))).
(all x (PD(x) <-> activity_occurrence(x))).
(all x (T(x) <-> timeinterval(x))).
(all t1 all t2 (P(t1,t2) <-> timeinterval(t1) & timeinterval(t2) & beforeEq(beginof(t2),beginof(t1)) & beforeEq(endof(t1),endof(t2)))).
(all x all y all t (PRE(x,t) <-> (object(x) | activity_occurrence(x)) & timeinterval(t) & beforeEq(beginof(x),beginof(t)) & beforeEq(endof(t),endof(x)))).
(all x all y all z (SUM(z,x,y) <-> timeinterval(x) & timeinterval(y) & timeinterval(z) & (beginof(z) = beginof(x) & endof(z) = endof(y) | beginof(z) = beginof(y) & endof(z) = endof(x)))).
(all x (object(x) | activity_occurrence(x) -> (exists t psl_interval(x,t)))).
(all x all y all z (beforeEq(x,y) & beforeEq(y,z) -> beforeEq(x,z))).
(all x all y all z (P(x,y) & P(y,z) -> P(x,z))).
(all x all y (psl_interval(x,y) <-> (activity_occurrence(x) | object(x)) & timeinterval(y) & beginof(x) = beginof(y) & endof(x) = endof(y))).
(all x all y all z (overlay(x,y,z) <-> (exists i1 exists i2 (psl_interval(x,i1) & psl_interval(y,i2) & beginof(i2) = beginof(z) & endof(i1) = endof(z))))).
end_of_list.

% Reading from file test/p9/interval_mandatory2dolce_participation.p9


formulas(sos).
(all x all y all z all t (PC(x,y,z) <-> object(x) & activity_occurrence(y) & timeinterval(z) & (beforeEq(beginof(z),t) & beforeEq(t,endof(z)) -> participates_in(x,y,t)))).
(all t1 all t2 (P(t1,t2) <-> timeinterval(t1) & timeinterval(t2) & beforeEq(beginof(t2),beginof(t1)) & beforeEq(endof(t1),endof(t2)))).
end_of_list.

% Reading from file test/p9/interval_psl_core.p9


formulas(sos).
(all x (timeinterval(x) -> -(activity(x) | activity_occurrence(x) | timepoint(x) | object(x)))).
(all x all y (psl_interval(x,y) <-> (activity_occurrence(x) | object(x)) & timeinterval(y) & beginof(x) = beginof(y) & endof(x) = endof(y))).
(all x all y all z (overlay(x,y,z) <-> (exists i1 exists i2 (psl_interval(x,i1) & psl_interval(y,i2) & beginof(i2) = beginof(z) & endof(i1) = endof(z))))).
end_of_list.

% Reading from file test/p9/interval_moment.p9


formulas(sos).
end_of_list.

% Reading from file test/p9/psl_core_root-ext.p9


formulas(sos).
(all t1 all t2 (before(t1,t2) -> timepoint(t1) & timepoint(t2))).
(all t1 all t2 (timepoint(t1) & timepoint(t2) -> t1 = t2 | before(t1,t2) | before(t2,t1))).
(all t1 -before(t1,t1)).
(all t1 all t2 all t3 (before(t1,t2) & before(t2,t3) -> before(t1,t3))).
(all t (timepoint(t) & t != "inf-" -> before("inf-",t))).
(all t (timepoint(t) & t != "inf+" -> before(t,"inf+"))).
(all t (timepoint(t) & t != "inf-" -> (exists u (before("inf-",u) & before(u,t))))).
(all t (timepoint(t) & t != "inf+" -> (exists u (before(t,u) & before(u,"inf+"))))).
(all x ((activity(x) -> -(activity_occurrence(x) | object(x) | timepoint(x))) & (activity_occurrence(x) -> -(object(x) | timepoint(x))) & (object(x) -> -timepoint(x)))).
(all a all occ (occurrence_of(occ,a) -> activity(a) & activity_occurrence(occ))).
(all occ (activity_occurrence(occ) -> (exists a (activity(a) & occurrence_of(occ,a))))).
(all occ all a1 all a2 (occurrence_of(occ,a1) & occurrence_of(occ,a2) -> a1 = a2)).
(all a all x (occurrence_of(x,a) | object(x) -> timepoint(beginof(x)) & timepoint(endof(x)))).
(all x (activity_occurrence(x) | object(x) -> beforeEq(beginof(x),endof(x)))).
(all x all occ all t (participates_in(x,occ,t) -> object(x) & activity_occurrence(occ) & timepoint(t))).
(all x all occ all t (participates_in(x,occ,t) -> exists_at(x,t) & is_occurring_at(occ,t))).
(all t1 all t2 (beforeEq(t1,t2) <-> timepoint(t1) & timepoint(t2) & (before(t1,t2) | t1 = t2))).
(all t1 all t2 all t3 (betweenEq(t1,t2,t3) <-> beforeEq(t1,t2) & beforeEq(t2,t3))).
(all x all t (exists_at(x,t) <-> object(x) & betweenEq(beginof(x),t,endof(x)))).
(all occ all t (is_occurring_at(occ,t) <-> betweenEq(beginof(occ),t,endof(occ)))).
end_of_list.

% Reading from file test/p9/interval_with_endpoints.p9


formulas(sos).
end_of_list.

% Reading from file test/p9/moment_with_endpoints.p9


formulas(sos).
end_of_list.

% Reading from file test/p9/finite_sim_vc_end.p9


formulas(sos).
(all x (timepoint(x) -> -timeinterval(x))).
(all i all p all q (p = beginof(i) & q = endof(i) -> i = between(p,q))).
(all i (timeinterval(i) -> timepoint(beginof(i)) & timepoint(endof(i)))).
(all x all y (before(x,y) -> timeinterval(between(x,y)))).
(all p all q (before(p,q) -> p = beginof(between(p,q)) & q = endof(between(p,q)))).
end_of_list.

% Reading from file test/p9/lp_infinite_end.p9


formulas(sos).
(exists t1 (timepoint(t1) & (all t2 (timepoint(t2) & t1 != t2 -> before(t2,t1))) & (all t3 (timepoint(t3) & t1 != t3 -> (exists t4 (before(t3,t4) & before(t4,t1))))))).
(exists t1 (timepoint(t1) & (all t2 (timepoint(t2) & t1 != t2 -> before(t1,t2))) & (all t3 (timepoint(t3) & t1 != t3 -> (exists t4 (before(t4,t3) & before(t1,t4))))))).
end_of_list.

% Reading from file test/p9/finite_moment.p9


formulas(sos).
(all t (timepoint(t) -> (exists i (timeinterval(i) & t = beginof(i) & t = endof(i))))).
end_of_list.

% Reading from file test/p9/lp_ordering.p9


formulas(sos).
(all x all y all z (timepoint(x) & timepoint(y) & timepoint(z) & before(x,y) & before(y,z) -> before(x,z))).
(all x (timepoint(x) -> -before(x,x))).
(all x all y (timepoint(x) & timepoint(y) -> before(x,y) | before(y,x) | x = y)).
(all x all y (bbefore(x,y) <-> timepoint(x) & timepoint(y) & (before(x,y) | x = y))).
end_of_list.

% Reading from file test/p9/ex0716_interval_mandatory2dolce_participation_3.p9


formulas(goals).
(all x (ED(x) -> (exists y exists t PC(x,y,t)))).
end_of_list.

============================== end of input ==========================

% From the command line: assign(max_seconds, 600).

============================== PROCESS NON-CLAUSAL FORMULAS ==========

% Formulas that are not ordinary clauses:
1 (all x (ED(x) <-> object(x))) # label(non_clause).  [assumption].
2 (all x (PD(x) <-> activity_occurrence(x))) # label(non_clause).  [assumption].
3 (all x (T(x) <-> timeinterval(x))) # label(non_clause).  [assumption].
4 (all t1 all t2 (P(t1,t2) <-> timeinterval(t1) & timeinterval(t2) & beforeEq(beginof(t2),beginof(t1)) & beforeEq(endof(t1),endof(t2)))) # label(non_clause).  [assumption].
5 (all x all y all t (PRE(x,t) <-> (object(x) | activity_occurrence(x)) & timeinterval(t) & beforeEq(beginof(x),beginof(t)) & beforeEq(endof(t),endof(x)))) # label(non_clause).  [assumption].
6 (all x all y all z (SUM(z,x,y) <-> timeinterval(x) & timeinterval(y) & timeinterval(z) & (beginof(z) = beginof(x) & endof(z) = endof(y) | beginof(z) = beginof(y) & endof(z) = endof(x)))) # label(non_clause).  [assumption].
7 (all x (object(x) | activity_occurrence(x) -> (exists t psl_interval(x,t)))) # label(non_clause).  [assumption].
8 (all x all y all z (beforeEq(x,y) & beforeEq(y,z) -> beforeEq(x,z))) # label(non_clause).  [assumption].
9 (all x all y all z (P(x,y) & P(y,z) -> P(x,z))) # label(non_clause).  [assumption].
10 (all x all y (psl_interval(x,y) <-> (activity_occurrence(x) | object(x)) & timeinterval(y) & beginof(x) = beginof(y) & endof(x) = endof(y))) # label(non_clause).  [assumption].
11 (all x all y all z (overlay(x,y,z) <-> (exists i1 exists i2 (psl_interval(x,i1) & psl_interval(y,i2) & beginof(i2) = beginof(z) & endof(i1) = endof(z))))) # label(non_clause).  [assumption].
12 (all x all y all z all t (PC(x,y,z) <-> object(x) & activity_occurrence(y) & timeinterval(z) & (beforeEq(beginof(z),t) & beforeEq(t,endof(z)) -> participates_in(x,y,t)))) # label(non_clause).  [assumption].
13 (all t1 all t2 (P(t1,t2) <-> timeinterval(t1) & timeinterval(t2) & beforeEq(beginof(t2),beginof(t1)) & beforeEq(endof(t1),endof(t2)))) # label(non_clause).  [assumption].
14 (all x (timeinterval(x) -> -(activity(x) | activity_occurrence(x) | timepoint(x) | object(x)))) # label(non_clause).  [assumption].
15 (all x all y (psl_interval(x,y) <-> (activity_occurrence(x) | object(x)) & timeinterval(y) & beginof(x) = beginof(y) & endof(x) = endof(y))) # label(non_clause).  [assumption].
16 (all x all y all z (overlay(x,y,z) <-> (exists i1 exists i2 (psl_interval(x,i1) & psl_interval(y,i2) & beginof(i2) = beginof(z) & endof(i1) = endof(z))))) # label(non_clause).  [assumption].
17 (all t1 all t2 (before(t1,t2) -> timepoint(t1) & timepoint(t2))) # label(non_clause).  [assumption].
18 (all t1 all t2 (timepoint(t1) & timepoint(t2) -> t1 = t2 | before(t1,t2) | before(t2,t1))) # label(non_clause).  [assumption].
19 (all t1 -before(t1,t1)) # label(non_clause).  [assumption].
20 (all t1 all t2 all t3 (before(t1,t2) & before(t2,t3) -> before(t1,t3))) # label(non_clause).  [assumption].
21 (all t (timepoint(t) & t != "inf-" -> before("inf-",t))) # label(non_clause).  [assumption].
22 (all t (timepoint(t) & t != "inf+" -> before(t,"inf+"))) # label(non_clause).  [assumption].
23 (all t (timepoint(t) & t != "inf-" -> (exists u (before("inf-",u) & before(u,t))))) # label(non_clause).  [assumption].
24 (all t (timepoint(t) & t != "inf+" -> (exists u (before(t,u) & before(u,"inf+"))))) # label(non_clause).  [assumption].
25 (all x ((activity(x) -> -(activity_occurrence(x) | object(x) | timepoint(x))) & (activity_occurrence(x) -> -(object(x) | timepoint(x))) & (object(x) -> -timepoint(x)))) # label(non_clause).  [assumption].
26 (all a all occ (occurrence_of(occ,a) -> activity(a) & activity_occurrence(occ))) # label(non_clause).  [assumption].
27 (all occ (activity_occurrence(occ) -> (exists a (activity(a) & occurrence_of(occ,a))))) # label(non_clause).  [assumption].
28 (all occ all a1 all a2 (occurrence_of(occ,a1) & occurrence_of(occ,a2) -> a1 = a2)) # label(non_clause).  [assumption].
29 (all a all x (occurrence_of(x,a) | object(x) -> timepoint(beginof(x)) & timepoint(endof(x)))) # label(non_clause).  [assumption].
30 (all x (activity_occurrence(x) | object(x) -> beforeEq(beginof(x),endof(x)))) # label(non_clause).  [assumption].
31 (all x all occ all t (participates_in(x,occ,t) -> object(x) & activity_occurrence(occ) & timepoint(t))) # label(non_clause).  [assumption].
32 (all x all occ all t (participates_in(x,occ,t) -> exists_at(x,t) & is_occurring_at(occ,t))) # label(non_clause).  [assumption].
33 (all t1 all t2 (beforeEq(t1,t2) <-> timepoint(t1) & timepoint(t2) & (before(t1,t2) | t1 = t2))) # label(non_clause).  [assumption].
34 (all t1 all t2 all t3 (betweenEq(t1,t2,t3) <-> beforeEq(t1,t2) & beforeEq(t2,t3))) # label(non_clause).  [assumption].
35 (all x all t (exists_at(x,t) <-> object(x) & betweenEq(beginof(x),t,endof(x)))) # label(non_clause).  [assumption].
36 (all occ all t (is_occurring_at(occ,t) <-> betweenEq(beginof(occ),t,endof(occ)))) # label(non_clause).  [assumption].
37 (all x (timepoint(x) -> -timeinterval(x))) # label(non_clause).  [assumption].
38 (all i all p all q (p = beginof(i) & q = endof(i) -> i = between(p,q))) # label(non_clause).  [assumption].
39 (all i (timeinterval(i) -> timepoint(beginof(i)) & timepoint(endof(i)))) # label(non_clause).  [assumption].
40 (all x all y (before(x,y) -> timeinterval(between(x,y)))) # label(non_clause).  [assumption].
41 (all p all q (before(p,q) -> p = beginof(between(p,q)) & q = endof(between(p,q)))) # label(non_clause).  [assumption].
42 (exists t1 (timepoint(t1) & (all t2 (timepoint(t2) & t1 != t2 -> before(t2,t1))) & (all t3 (timepoint(t3) & t1 != t3 -> (exists t4 (before(t3,t4) & before(t4,t1))))))) # label(non_clause).  [assumption].
43 (exists t1 (timepoint(t1) & (all t2 (timepoint(t2) & t1 != t2 -> before(t1,t2))) & (all t3 (timepoint(t3) & t1 != t3 -> (exists t4 (before(t4,t3) & before(t1,t4))))))) # label(non_clause).  [assumption].
44 (all t (timepoint(t) -> (exists i (timeinterval(i) & t = beginof(i) & t = endof(i))))) # label(non_clause).  [assumption].
45 (all x all y all z (timepoint(x) & timepoint(y) & timepoint(z) & before(x,y) & before(y,z) -> before(x,z))) # label(non_clause).  [assumption].
46 (all x (timepoint(x) -> -before(x,x))) # label(non_clause).  [assumption].
47 (all x all y (timepoint(x) & timepoint(y) -> before(x,y) | before(y,x) | x = y)) # label(non_clause).  [assumption].
48 (all x all y (bbefore(x,y) <-> timepoint(x) & timepoint(y) & (before(x,y) | x = y))) # label(non_clause).  [assumption].
49 (all x (ED(x) -> (exists y exists t PC(x,y,t)))) # label(non_clause) # label(goal).  [goal].

============================== end of process non-clausal formulas ===

============================== PROCESS INITIAL CLAUSES ===============

% Clauses before input processing:

formulas(usable).
end_of_list.

formulas(sos).
-ED(x) | object(x).  [clausify(1)].
ED(x) | -object(x).  [clausify(1)].
-PD(x) | activity_occurrence(x).  [clausify(2)].
PD(x) | -activity_occurrence(x).  [clausify(2)].
-T(x) | timeinterval(x).  [clausify(3)].
T(x) | -timeinterval(x).  [clausify(3)].
-P(x,y) | timeinterval(x).  [clausify(4)].
-P(x,y) | timeinterval(y).  [clausify(4)].
-P(x,y) | beforeEq(beginof(y),beginof(x)).  [clausify(4)].
-P(x,y) | beforeEq(endof(x),endof(y)).  [clausify(4)].
P(x,y) | -timeinterval(x) | -timeinterval(y) | -beforeEq(beginof(y),beginof(x)) | -beforeEq(endof(x),endof(y)).  [clausify(4)].
-PRE(x,y) | object(x) | activity_occurrence(x).  [clausify(5)].
-PRE(x,y) | timeinterval(y).  [clausify(5)].
-PRE(x,y) | beforeEq(beginof(x),beginof(y)).  [clausify(5)].
-PRE(x,y) | beforeEq(endof(y),endof(x)).  [clausify(5)].
PRE(x,y) | -object(x) | -timeinterval(y) | -beforeEq(beginof(x),beginof(y)) | -beforeEq(endof(y),endof(x)).  [clausify(5)].
PRE(x,y) | -activity_occurrence(x) | -timeinterval(y) | -beforeEq(beginof(x),beginof(y)) | -beforeEq(endof(y),endof(x)).  [clausify(5)].
-SUM(x,y,z) | timeinterval(y).  [clausify(6)].
-SUM(x,y,z) | timeinterval(z).  [clausify(6)].
-SUM(x,y,z) | timeinterval(x).  [clausify(6)].
-SUM(x,y,z) | beginof(x) = beginof(y) | beginof(x) = beginof(z).  [clausify(6)].
-SUM(x,y,z) | beginof(x) = beginof(y) | endof(x) = endof(y).  [clausify(6)].
-SUM(x,y,z) | endof(x) = endof(z) | beginof(x) = beginof(z).  [clausify(6)].
-SUM(x,y,z) | endof(x) = endof(z) | endof(x) = endof(y).  [clausify(6)].
SUM(x,y,z) | -timeinterval(y) | -timeinterval(z) | -timeinterval(x) | beginof(x) != beginof(y) | endof(x) != endof(z).  [clausify(6)].
SUM(x,y,z) | -timeinterval(y) | -timeinterval(z) | -timeinterval(x) | beginof(x) != beginof(z) | endof(x) != endof(y).  [clausify(6)].
-object(x) | psl_interval(x,f1(x)).  [clausify(7)].
-activity_occurrence(x) | psl_interval(x,f1(x)).  [clausify(7)].
-beforeEq(x,y) | -beforeEq(y,z) | beforeEq(x,z).  [clausify(8)].
-P(x,y) | -P(y,z) | P(x,z).  [clausify(9)].
-psl_interval(x,y) | activity_occurrence(x) | object(x).  [clausify(10)].
-psl_interval(x,y) | timeinterval(y).  [clausify(10)].
-psl_interval(x,y) | beginof(y) = beginof(x).  [clausify(10)].
-psl_interval(x,y) | endof(y) = endof(x).  [clausify(10)].
psl_interval(x,y) | -activity_occurrence(x) | -timeinterval(y) | beginof(y) != beginof(x) | endof(y) != endof(x).  [clausify(10)].
psl_interval(x,y) | -object(x) | -timeinterval(y) | beginof(y) != beginof(x) | endof(y) != endof(x).  [clausify(10)].
-overlay(x,y,z) | psl_interval(x,f2(x,y,z)).  [clausify(11)].
-overlay(x,y,z) | psl_interval(y,f3(x,y,z)).  [clausify(11)].
-overlay(x,y,z) | beginof(f3(x,y,z)) = beginof(z).  [clausify(11)].
-overlay(x,y,z) | endof(f2(x,y,z)) = endof(z).  [clausify(11)].
overlay(x,y,z) | -psl_interval(x,u) | -psl_interval(y,w) | beginof(w) != beginof(z) | endof(u) != endof(z).  [clausify(11)].
-PC(x,y,z) | object(x).  [clausify(12)].
-PC(x,y,z) | activity_occurrence(y).  [clausify(12)].
-PC(x,y,z) | timeinterval(z).  [clausify(12)].
-PC(x,y,z) | -beforeEq(beginof(z),u) | -beforeEq(u,endof(z)) | participates_in(x,y,u).  [clausify(12)].
PC(x,y,z) | -object(x) | -activity_occurrence(y) | -timeinterval(z) | beforeEq(beginof(z),u).  [clausify(12)].
PC(x,y,z) | -object(x) | -activity_occurrence(y) | -timeinterval(z) | beforeEq(u,endof(z)).  [clausify(12)].
PC(x,y,z) | -object(x) | -activity_occurrence(y) | -timeinterval(z) | -participates_in(x,y,u).  [clausify(12)].
-P(x,y) | timeinterval(x).  [clausify(13)].
-P(x,y) | timeinterval(y).  [clausify(13)].
-P(x,y) | beforeEq(beginof(y),beginof(x)).  [clausify(13)].
-P(x,y) | beforeEq(endof(x),endof(y)).  [clausify(13)].
P(x,y) | -timeinterval(x) | -timeinterval(y) | -beforeEq(beginof(y),beginof(x)) | -beforeEq(endof(x),endof(y)).  [clausify(13)].
-timeinterval(x) | -activity(x).  [clausify(14)].
-timeinterval(x) | -activity_occurrence(x).  [clausify(14)].
-timeinterval(x) | -timepoint(x).  [clausify(14)].
-timeinterval(x) | -object(x).  [clausify(14)].
-psl_interval(x,y) | activity_occurrence(x) | object(x).  [clausify(15)].
-psl_interval(x,y) | timeinterval(y).  [clausify(15)].
-psl_interval(x,y) | beginof(y) = beginof(x).  [clausify(15)].
-psl_interval(x,y) | endof(y) = endof(x).  [clausify(15)].
psl_interval(x,y) | -activity_occurrence(x) | -timeinterval(y) | beginof(y) != beginof(x) | endof(y) != endof(x).  [clausify(15)].
psl_interval(x,y) | -object(x) | -timeinterval(y) | beginof(y) != beginof(x) | endof(y) != endof(x).  [clausify(15)].
-overlay(x,y,z) | psl_interval(x,f4(x,y,z)).  [clausify(16)].
-overlay(x,y,z) | psl_interval(y,f5(x,y,z)).  [clausify(16)].
-overlay(x,y,z) | beginof(f5(x,y,z)) = beginof(z).  [clausify(16)].
-overlay(x,y,z) | endof(f4(x,y,z)) = endof(z).  [clausify(16)].
overlay(x,y,z) | -psl_interval(x,u) | -psl_interval(y,w) | beginof(w) != beginof(z) | endof(u) != endof(z).  [clausify(16)].
-before(x,y) | timepoint(x).  [clausify(17)].
-before(x,y) | timepoint(y).  [clausify(17)].
-timepoint(x) | -timepoint(y) | y = x | before(x,y) | before(y,x).  [clausify(18)].
-before(x,x).  [clausify(19)].
-before(x,y) | -before(y,z) | before(x,z).  [clausify(20)].
-timepoint(x) | "inf-" = x | before("inf-",x).  [clausify(21)].
-timepoint(x) | "inf+" = x | before(x,"inf+").  [clausify(22)].
-timepoint(x) | "inf-" = x | before("inf-",f6(x)).  [clausify(23)].
-timepoint(x) | "inf-" = x | before(f6(x),x).  [clausify(23)].
-timepoint(x) | "inf+" = x | before(x,f7(x)).  [clausify(24)].
-timepoint(x) | "inf+" = x | before(f7(x),"inf+").  [clausify(24)].
-activity(x) | -activity_occurrence(x).  [clausify(25)].
-activity(x) | -object(x).  [clausify(25)].
-activity(x) | -timepoint(x).  [clausify(25)].
-activity_occurrence(x) | -object(x).  [clausify(25)].
-activity_occurrence(x) | -timepoint(x).  [clausify(25)].
-object(x) | -timepoint(x).  [clausify(25)].
-occurrence_of(x,y) | activity(y).  [clausify(26)].
-occurrence_of(x,y) | activity_occurrence(x).  [clausify(26)].
-activity_occurrence(x) | activity(f8(x)).  [clausify(27)].
-activity_occurrence(x) | occurrence_of(x,f8(x)).  [clausify(27)].
-occurrence_of(x,y) | -occurrence_of(x,z) | z = y.  [clausify(28)].
-occurrence_of(x,y) | timepoint(beginof(x)).  [clausify(29)].
-occurrence_of(x,y) | timepoint(endof(x)).  [clausify(29)].
-object(x) | timepoint(beginof(x)).  [clausify(29)].
-object(x) | timepoint(endof(x)).  [clausify(29)].
-activity_occurrence(x) | beforeEq(beginof(x),endof(x)).  [clausify(30)].
-object(x) | beforeEq(beginof(x),endof(x)).  [clausify(30)].
-participates_in(x,y,z) | object(x).  [clausify(31)].
-participates_in(x,y,z) | activity_occurrence(y).  [clausify(31)].
-participates_in(x,y,z) | timepoint(z).  [clausify(31)].
-participates_in(x,y,z) | exists_at(x,z).  [clausify(32)].
-participates_in(x,y,z) | is_occurring_at(y,z).  [clausify(32)].
-beforeEq(x,y) | timepoint(x).  [clausify(33)].
-beforeEq(x,y) | timepoint(y).  [clausify(33)].
-beforeEq(x,y) | before(x,y) | y = x.  [clausify(33)].
beforeEq(x,y) | -timepoint(x) | -timepoint(y) | -before(x,y).  [clausify(33)].
beforeEq(x,y) | -timepoint(x) | -timepoint(y) | y != x.  [clausify(33)].
-betweenEq(x,y,z) | beforeEq(x,y).  [clausify(34)].
-betweenEq(x,y,z) | beforeEq(y,z).  [clausify(34)].
betweenEq(x,y,z) | -beforeEq(x,y) | -beforeEq(y,z).  [clausify(34)].
-exists_at(x,y) | object(x).  [clausify(35)].
-exists_at(x,y) | betweenEq(beginof(x),y,endof(x)).  [clausify(35)].
exists_at(x,y) | -object(x) | -betweenEq(beginof(x),y,endof(x)).  [clausify(35)].
-is_occurring_at(x,y) | betweenEq(beginof(x),y,endof(x)).  [clausify(36)].
is_occurring_at(x,y) | -betweenEq(beginof(x),y,endof(x)).  [clausify(36)].
-timepoint(x) | -timeinterval(x).  [clausify(37)].
beginof(x) != y | endof(x) != z | between(y,z) = x.  [clausify(38)].
-timeinterval(x) | timepoint(beginof(x)).  [clausify(39)].
-timeinterval(x) | timepoint(endof(x)).  [clausify(39)].
-before(x,y) | timeinterval(between(x,y)).  [clausify(40)].
-before(x,y) | beginof(between(x,y)) = x.  [clausify(41)].
-before(x,y) | endof(between(x,y)) = y.  [clausify(41)].
timepoint(c1).  [clausify(42)].
-timepoint(x) | x = c1 | before(x,c1).  [clausify(42)].
-timepoint(x) | x = c1 | before(x,f9(x)).  [clausify(42)].
-timepoint(x) | x = c1 | before(f9(x),c1).  [clausify(42)].
timepoint(c2).  [clausify(43)].
-timepoint(x) | x = c2 | before(c2,x).  [clausify(43)].
-timepoint(x) | x = c2 | before(f10(x),x).  [clausify(43)].
-timepoint(x) | x = c2 | before(c2,f10(x)).  [clausify(43)].
-timepoint(x) | timeinterval(f11(x)).  [clausify(44)].
-timepoint(x) | beginof(f11(x)) = x.  [clausify(44)].
-timepoint(x) | endof(f11(x)) = x.  [clausify(44)].
-timepoint(x) | -timepoint(y) | -timepoint(z) | -before(x,y) | -before(y,z) | before(x,z).  [clausify(45)].
-timepoint(x) | -before(x,x).  [clausify(46)].
-timepoint(x) | -timepoint(y) | before(x,y) | before(y,x) | y = x.  [clausify(47)].
-bbefore(x,y) | timepoint(x).  [clausify(48)].
-bbefore(x,y) | timepoint(y).  [clausify(48)].
-bbefore(x,y) | before(x,y) | y = x.  [clausify(48)].
bbefore(x,y) | -timepoint(x) | -timepoint(y) | -before(x,y).  [clausify(48)].
bbefore(x,y) | -timepoint(x) | -timepoint(y) | y != x.  [clausify(48)].
ED(c3).  [deny(49)].
-PC(c3,x,y).  [deny(49)].
end_of_list.

formulas(demodulators).
end_of_list.

============================== PREDICATE ELIMINATION =================

Eliminating ED/1
50 ED(x) | -object(x).  [clausify(1)].
51 -ED(x) | object(x).  [clausify(1)].
52 ED(c3).  [deny(49)].
Derived: object(c3).  [resolve(52,a,51,a)].

Eliminating PD/1
53 PD(x) | -activity_occurrence(x).  [clausify(2)].
54 -PD(x) | activity_occurrence(x).  [clausify(2)].

Eliminating T/1
55 T(x) | -timeinterval(x).  [clausify(3)].
56 -T(x) | timeinterval(x).  [clausify(3)].

Eliminating PRE/2
57 PRE(x,y) | -object(x) | -timeinterval(y) | -beforeEq(beginof(x),beginof(y)) | -beforeEq(endof(y),endof(x)).  [clausify(5)].
58 -PRE(x,y) | object(x) | activity_occurrence(x).  [clausify(5)].
59 -PRE(x,y) | timeinterval(y).  [clausify(5)].
60 -PRE(x,y) | beforeEq(beginof(x),beginof(y)).  [clausify(5)].
61 -PRE(x,y) | beforeEq(endof(y),endof(x)).  [clausify(5)].
62 PRE(x,y) | -activity_occurrence(x) | -timeinterval(y) | -beforeEq(beginof(x),beginof(y)) | -beforeEq(endof(y),endof(x)).  [clausify(5)].

Eliminating SUM/3
63 SUM(x,y,z) | -timeinterval(y) | -timeinterval(z) | -timeinterval(x) | beginof(x) != beginof(y) | endof(x) != endof(z).  [clausify(6)].
64 -SUM(x,y,z) | timeinterval(y).  [clausify(6)].
65 -SUM(x,y,z) | timeinterval(z).  [clausify(6)].
66 -SUM(x,y,z) | timeinterval(x).  [clausify(6)].
67 -SUM(x,y,z) | beginof(x) = beginof(y) | beginof(x) = beginof(z).  [clausify(6)].
68 -SUM(x,y,z) | beginof(x) = beginof(y) | endof(x) = endof(y).  [clausify(6)].
69 -SUM(x,y,z) | endof(x) = endof(z) | beginof(x) = beginof(z).  [clausify(6)].
70 -SUM(x,y,z) | endof(x) = endof(z) | endof(x) = endof(y).  [clausify(6)].
71 SUM(x,y,z) | -timeinterval(y) | -timeinterval(z) | -timeinterval(x) | beginof(x) != beginof(z) | endof(x) != endof(y).  [clausify(6)].

Eliminating object/1
72 -psl_interval(x,y) | activity_occurrence(x) | object(x).  [clausify(10)].
73 -object(x) | psl_interval(x,f1(x)).  [clausify(7)].
Derived: -psl_interval(x,y) | activity_occurrence(x) | psl_interval(x,f1(x)).  [resolve(72,c,73,a)].
74 psl_interval(x,y) | -object(x) | -timeinterval(y) | beginof(y) != beginof(x) | endof(y) != endof(x).  [clausify(10)].
Derived: psl_interval(x,y) | -timeinterval(y) | beginof(y) != beginof(x) | endof(y) != endof(x) | -psl_interval(x,z) | activity_occurrence(x).  [resolve(74,b,72,c)].
75 -PC(x,y,z) | object(x).  [clausify(12)].
Derived: -PC(x,y,z) | psl_interval(x,f1(x)).  [resolve(75,b,73,a)].
Derived: -PC(x,y,z) | psl_interval(x,u) | -timeinterval(u) | beginof(u) != beginof(x) | endof(u) != endof(x).  [resolve(75,b,74,b)].
76 PC(x,y,z) | -object(x) | -activity_occurrence(y) | -timeinterval(z) | beforeEq(beginof(z),u).  [clausify(12)].
Derived: PC(x,y,z) | -activity_occurrence(y) | -timeinterval(z) | beforeEq(beginof(z),u) | -psl_interval(x,w) | activity_occurrence(x).  [resolve(76,b,72,c)].
Derived: PC(x,y,z) | -activity_occurrence(y) | -timeinterval(z) | beforeEq(beginof(z),u) | -PC(x,w,v5).  [resolve(76,b,75,b)].
77 PC(x,y,z) | -object(x) | -activity_occurrence(y) | -timeinterval(z) | beforeEq(u,endof(z)).  [clausify(12)].
Derived: PC(x,y,z) | -activity_occurrence(y) | -timeinterval(z) | beforeEq(u,endof(z)) | -psl_interval(x,w) | activity_occurrence(x).  [resolve(77,b,72,c)].
Derived: PC(x,y,z) | -activity_occurrence(y) | -timeinterval(z) | beforeEq(u,endof(z)) | -PC(x,w,v5).  [resolve(77,b,75,b)].
78 PC(x,y,z) | -object(x) | -activity_occurrence(y) | -timeinterval(z) | -participates_in(x,y,u).  [clausify(12)].
Derived: PC(x,y,z) | -activity_occurrence(y) | -timeinterval(z) | -participates_in(x,y,u) | -psl_interval(x,w) | activity_occurrence(x).  [resolve(78,b,72,c)].
Derived: PC(x,y,z) | -activity_occurrence(y) | -timeinterval(z) | -participates_in(x,y,u) | -PC(x,w,v5).  [resolve(78,b,75,b)].
79 -timeinterval(x) | -object(x).  [clausify(14)].
Derived: -timeinterval(x) | -psl_interval(x,y) | activity_occurrence(x).  [resolve(79,b,72,c)].
Derived: -timeinterval(x) | -PC(x,y,z).  [resolve(79,b,75,b)].
80 -psl_interval(x,y) | activity_occurrence(x) | object(x).  [clausify(15)].
81 psl_interval(x,y) | -object(x) | -timeinterval(y) | beginof(y) != beginof(x) | endof(y) != endof(x).  [clausify(15)].
82 -activity(x) | -object(x).  [clausify(25)].
Derived: -activity(x) | -psl_interval(x,y) | activity_occurrence(x).  [resolve(82,b,72,c)].
Derived: -activity(x) | -PC(x,y,z).  [resolve(82,b,75,b)].
83 -activity_occurrence(x) | -object(x).  [clausify(25)].
Derived: -activity_occurrence(x) | -PC(x,y,z).  [resolve(83,b,75,b)].
84 -object(x) | -timepoint(x).  [clausify(25)].
Derived: -timepoint(x) | -psl_interval(x,y) | activity_occurrence(x).  [resolve(84,a,72,c)].
Derived: -timepoint(x) | -PC(x,y,z).  [resolve(84,a,75,b)].
85 -object(x) | timepoint(beginof(x)).  [clausify(29)].
Derived: timepoint(beginof(x)) | -psl_interval(x,y) | activity_occurrence(x).  [resolve(85,a,72,c)].
Derived: timepoint(beginof(x)) | -PC(x,y,z).  [resolve(85,a,75,b)].
86 -object(x) | timepoint(endof(x)).  [clausify(29)].
Derived: timepoint(endof(x)) | -psl_interval(x,y) | activity_occurrence(x).  [resolve(86,a,72,c)].
Derived: timepoint(endof(x)) | -PC(x,y,z).  [resolve(86,a,75,b)].
87 -object(x) | beforeEq(beginof(x),endof(x)).  [clausify(30)].
Derived: beforeEq(beginof(x),endof(x)) | -psl_interval(x,y) | activity_occurrence(x).  [resolve(87,a,72,c)].
Derived: beforeEq(beginof(x),endof(x)) | -PC(x,y,z).  [resolve(87,a,75,b)].
88 -participates_in(x,y,z) | object(x).  [clausify(31)].
Derived: -participates_in(x,y,z) | psl_interval(x,f1(x)).  [resolve(88,b,73,a)].
Derived: -participates_in(x,y,z) | psl_interval(x,u) | -timeinterval(u) | beginof(u) != beginof(x) | endof(u) != endof(x).  [resolve(88,b,74,b)].
Derived: -participates_in(x,y,z) | PC(x,u,w) | -activity_occurrence(u) | -timeinterval(w) | beforeEq(beginof(w),v5).  [resolve(88,b,76,b)].
Derived: -participates_in(x,y,z) | PC(x,u,w) | -activity_occurrence(u) | -timeinterval(w) | beforeEq(v5,endof(w)).  [resolve(88,b,77,b)].
Derived: -participates_in(x,y,z) | PC(x,u,w) | -activity_occurrence(u) | -timeinterval(w) | -participates_in(x,u,v5).  [resolve(88,b,78,b)].
Derived: -participates_in(x,y,z) | -timeinterval(x).  [resolve(88,b,79,b)].
Derived: -participates_in(x,y,z) | -activity(x).  [resolve(88,b,82,b)].
Derived: -participates_in(x,y,z) | -activity_occurrence(x).  [resolve(88,b,83,b)].
Derived: -participates_in(x,y,z) | -timepoint(x).  [resolve(88,b,84,a)].
Derived: -participates_in(x,y,z) | timepoint(beginof(x)).  [resolve(88,b,85,a)].
Derived: -participates_in(x,y,z) | timepoint(endof(x)).  [resolve(88,b,86,a)].
Derived: -participates_in(x,y,z) | beforeEq(beginof(x),endof(x)).  [resolve(88,b,87,a)].
89 -exists_at(x,y) | object(x).  [clausify(35)].
Derived: -exists_at(x,y) | psl_interval(x,f1(x)).  [resolve(89,b,73,a)].
Derived: -exists_at(x,y) | psl_interval(x,z) | -timeinterval(z) | beginof(z) != beginof(x) | endof(z) != endof(x).  [resolve(89,b,74,b)].
Derived: -exists_at(x,y) | PC(x,z,u) | -activity_occurrence(z) | -timeinterval(u) | beforeEq(beginof(u),w).  [resolve(89,b,76,b)].
Derived: -exists_at(x,y) | PC(x,z,u) | -activity_occurrence(z) | -timeinterval(u) | beforeEq(w,endof(u)).  [resolve(89,b,77,b)].
Derived: -exists_at(x,y) | -timeinterval(x).  [resolve(89,b,79,b)].
Derived: -exists_at(x,y) | -activity(x).  [resolve(89,b,82,b)].
Derived: -exists_at(x,y) | -activity_occurrence(x).  [resolve(89,b,83,b)].
Derived: -exists_at(x,y) | -timepoint(x).  [resolve(89,b,84,a)].
Derived: -exists_at(x,y) | timepoint(beginof(x)).  [resolve(89,b,85,a)].
Derived: -exists_at(x,y) | timepoint(endof(x)).  [resolve(89,b,86,a)].
Derived: -exists_at(x,y) | beforeEq(beginof(x),endof(x)).  [resolve(89,b,87,a)].
90 exists_at(x,y) | -object(x) | -betweenEq(beginof(x),y,endof(x)).  [clausify(35)].
Derived: exists_at(x,y) | -betweenEq(beginof(x),y,endof(x)) | -psl_interval(x,z) | activity_occurrence(x).  [resolve(90,b,72,c)].
Derived: exists_at(x,y) | -betweenEq(beginof(x),y,endof(x)) | -PC(x,z,u).  [resolve(90,b,75,b)].
Derived: exists_at(x,y) | -betweenEq(beginof(x),y,endof(x)) | -participates_in(x,z,u).  [resolve(90,b,88,b)].
Derived: exists_at(x,y) | -betweenEq(beginof(x),y,endof(x)) | -exists_at(x,z).  [resolve(90,b,89,b)].
91 object(c3).  [resolve(52,a,51,a)].
Derived: psl_interval(c3,f1(c3)).  [resolve(91,a,73,a)].
Derived: psl_interval(c3,x) | -timeinterval(x) | beginof(x) != beginof(c3) | endof(x) != endof(c3).  [resolve(91,a,74,b)].
Derived: PC(c3,x,y) | -activity_occurrence(x) | -timeinterval(y) | beforeEq(beginof(y),z).  [resolve(91,a,76,b)].
Derived: PC(c3,x,y) | -activity_occurrence(x) | -timeinterval(y) | beforeEq(z,endof(y)).  [resolve(91,a,77,b)].
Derived: -timeinterval(c3).  [resolve(91,a,79,b)].
Derived: -activity(c3).  [resolve(91,a,82,b)].
Derived: -activity_occurrence(c3).  [resolve(91,a,83,b)].
Derived: -timepoint(c3).  [resolve(91,a,84,a)].
Derived: timepoint(beginof(c3)).  [resolve(91,a,85,a)].
Derived: timepoint(endof(c3)).  [resolve(91,a,86,a)].
Derived: beforeEq(beginof(c3),endof(c3)).  [resolve(91,a,87,a)].
Derived: exists_at(c3,x) | -betweenEq(beginof(c3),x,endof(c3)).  [resolve(91,a,90,b)].

Eliminating overlay/3
92 overlay(x,y,z) | -psl_interval(x,u) | -psl_interval(y,w) | beginof(w) != beginof(z) | endof(u) != endof(z).  [clausify(11)].
93 -overlay(x,y,z) | psl_interval(x,f2(x,y,z)).  [clausify(11)].
94 -overlay(x,y,z) | psl_interval(y,f3(x,y,z)).  [clausify(11)].
95 -overlay(x,y,z) | beginof(f3(x,y,z)) = beginof(z).  [clausify(11)].
96 -overlay(x,y,z) | endof(f2(x,y,z)) = endof(z).  [clausify(11)].
Derived: -psl_interval(x,y) | -psl_interval(z,u) | beginof(u) != beginof(w) | endof(y) != endof(w) | psl_interval(x,f2(x,z,w)).  [resolve(92,a,93,a)].
Derived: -psl_interval(x,y) | -psl_interval(z,u) | beginof(u) != beginof(w) | endof(y) != endof(w) | psl_interval(z,f3(x,z,w)).  [resolve(92,a,94,a)].
Derived: -psl_interval(x,y) | -psl_interval(z,u) | beginof(u) != beginof(w) | endof(y) != endof(w) | beginof(f3(x,z,w)) = beginof(w).  [resolve(92,a,95,a)].
Derived: -psl_interval(x,y) | -psl_interval(z,u) | beginof(u) != beginof(w) | endof(y) != endof(w) | endof(f2(x,z,w)) = endof(w).  [resolve(92,a,96,a)].
97 -overlay(x,y,z) | psl_interval(x,f4(x,y,z)).  [clausify(16)].
Derived: psl_interval(x,f4(x,y,z)) | -psl_interval(x,u) | -psl_interval(y,w) | beginof(w) != beginof(z) | endof(u) != endof(z).  [resolve(97,a,92,a)].
98 -overlay(x,y,z) | psl_interval(y,f5(x,y,z)).  [clausify(16)].
Derived: psl_interval(x,f5(y,x,z)) | -psl_interval(y,u) | -psl_interval(x,w) | beginof(w) != beginof(z) | endof(u) != endof(z).  [resolve(98,a,92,a)].
99 -overlay(x,y,z) | beginof(f5(x,y,z)) = beginof(z).  [clausify(16)].
Derived: beginof(f5(x,y,z)) = beginof(z) | -psl_interval(x,u) | -psl_interval(y,w) | beginof(w) != beginof(z) | endof(u) != endof(z).  [resolve(99,a,92,a)].
100 -overlay(x,y,z) | endof(f4(x,y,z)) = endof(z).  [clausify(16)].
Derived: endof(f4(x,y,z)) = endof(z) | -psl_interval(x,u) | -psl_interval(y,w) | beginof(w) != beginof(z) | endof(u) != endof(z).  [resolve(100,a,92,a)].
101 overlay(x,y,z) | -psl_interval(x,u) | -psl_interval(y,w) | beginof(w) != beginof(z) | endof(u) != endof(z).  [clausify(16)].

Eliminating is_occurring_at/2
102 -is_occurring_at(x,y) | betweenEq(beginof(x),y,endof(x)).  [clausify(36)].
103 -participates_in(x,y,z) | is_occurring_at(y,z).  [clausify(32)].
Derived: betweenEq(beginof(x),y,endof(x)) | -participates_in(z,x,y).  [resolve(102,a,103,b)].
104 is_occurring_at(x,y) | -betweenEq(beginof(x),y,endof(x)).  [clausify(36)].

Eliminating bbefore/2
105 bbefore(x,y) | -timepoint(x) | -timepoint(y) | -before(x,y).  [clausify(48)].
106 -bbefore(x,y) | timepoint(x).  [clausify(48)].
107 -bbefore(x,y) | timepoint(y).  [clausify(48)].
108 -bbefore(x,y) | before(x,y) | y = x.  [clausify(48)].
109 bbefore(x,y) | -timepoint(x) | -timepoint(y) | y != x.  [clausify(48)].

============================== end predicate elimination =============

Auto_denials:  (non-Horn, no changes).

Term ordering decisions:
Predicate symbol precedence:  predicate_order([ =, timepoint, timeinterval, activity_occurrence, activity, psl_interval, beforeEq, before, exists_at, P, occurrence_of, PC, participates_in, betweenEq ]).
Function symbol precedence:  function_order([ "inf+", "inf-", c1, c2, c3, between, beginof, endof, f1, f6, f7, f8, f9, f10, f11, f2, f3, f4, f5 ]).
After inverse_order:  (no changes).
Unfolding symbols: (none).

Auto_inference settings:
  % set(paramodulation).  % (positive equality literals)
  % set(binary_resolution).  % (non-Horn)

Auto_process settings:
  % set(factor).  % (non-Horn)
  % set(unit_deletion).  % (non-Horn)

kept:      110 -P(x,y) | timeinterval(x).  [clausify(4)].
kept:      111 -P(x,y) | timeinterval(y).  [clausify(4)].
kept:      112 -P(x,y) | beforeEq(beginof(y),beginof(x)).  [clausify(4)].
kept:      113 -P(x,y) | beforeEq(endof(x),endof(y)).  [clausify(4)].
kept:      114 P(x,y) | -timeinterval(x) | -timeinterval(y) | -beforeEq(beginof(y),beginof(x)) | -beforeEq(endof(x),endof(y)).  [clausify(4)].
kept:      115 -activity_occurrence(x) | psl_interval(x,f1(x)).  [clausify(7)].
kept:      116 -beforeEq(x,y) | -beforeEq(y,z) | beforeEq(x,z).  [clausify(8)].
kept:      117 -P(x,y) | -P(y,z) | P(x,z).  [clausify(9)].
kept:      118 -psl_interval(x,y) | timeinterval(y).  [clausify(10)].
kept:      119 -psl_interval(x,y) | beginof(y) = beginof(x).  [clausify(10)].
kept:      120 -psl_interval(x,y) | endof(y) = endof(x).  [clausify(10)].
kept:      121 psl_interval(x,y) | -activity_occurrence(x) | -timeinterval(y) | beginof(y) != beginof(x) | endof(y) != endof(x).  [clausify(10)].
kept:      122 -PC(x,y,z) | activity_occurrence(y).  [clausify(12)].
kept:      123 -PC(x,y,z) | timeinterval(z).  [clausify(12)].
kept:      124 -PC(x,y,z) | -beforeEq(beginof(z),u) | -beforeEq(u,endof(z)) | participates_in(x,y,u).  [clausify(12)].
kept:      125 -timeinterval(x) | -activity(x).  [clausify(14)].
kept:      126 -timeinterval(x) | -activity_occurrence(x).  [clausify(14)].
kept:      127 -timeinterval(x) | -timepoint(x).  [clausify(14)].
kept:      128 -before(x,y) | timepoint(x).  [clausify(17)].
kept:      129 -before(x,y) | timepoint(y).  [clausify(17)].
kept:      130 -timepoint(x) | -timepoint(y) | y = x | before(x,y) | before(y,x).  [clausify(18)].
kept:      131 -before(x,x).  [clausify(19)].
kept:      132 -before(x,y) | -before(y,z) | before(x,z).  [clausify(20)].
kept:      133 -timepoint(x) | "inf-" = x | before("inf-",x).  [clausify(21)].
kept:      134 -timepoint(x) | "inf+" = x | before(x,"inf+").  [clausify(22)].
kept:      135 -timepoint(x) | "inf-" = x | before("inf-",f6(x)).  [clausify(23)].
kept:      136 -timepoint(x) | "inf-" = x | before(f6(x),x).  [clausify(23)].
kept:      137 -timepoint(x) | "inf+" = x | before(x,f7(x)).  [clausify(24)].
kept:      138 -timepoint(x) | "inf+" = x | before(f7(x),"inf+").  [clausify(24)].
kept:      139 -activity(x) | -activity_occurrence(x).  [clausify(25)].
kept:      140 -activity(x) | -timepoint(x).  [clausify(25)].
kept:      141 -activity_occurrence(x) | -timepoint(x).  [clausify(25)].
kept:      142 -occurrence_of(x,y) | activity(y).  [clausify(26)].
kept:      143 -occurrence_of(x,y) | activity_occurrence(x).  [clausify(26)].
kept:      144 -activity_occurrence(x) | activity(f8(x)).  [clausify(27)].
kept:      145 -activity_occurrence(x) | occurrence_of(x,f8(x)).  [clausify(27)].
kept:      146 -occurrence_of(x,y) | -occurrence_of(x,z) | z = y.  [clausify(28)].
kept:      147 -occurrence_of(x,y) | timepoint(beginof(x)).  [clausify(29)].
kept:      148 -occurrence_of(x,y) | timepoint(endof(x)).  [clausify(29)].
kept:      149 -activity_occurrence(x) | beforeEq(beginof(x),endof(x)).  [clausify(30)].
kept:      150 -participates_in(x,y,z) | activity_occurrence(y).  [clausify(31)].
kept:      151 -participates_in(x,y,z) | timepoint(z).  [clausify(31)].
kept:      152 -participates_in(x,y,z) | exists_at(x,z).  [clausify(32)].
kept:      153 -beforeEq(x,y) | timepoint(x).  [clausify(33)].
kept:      154 -beforeEq(x,y) | timepoint(y).  [clausify(33)].
kept:      155 -beforeEq(x,y) | before(x,y) | y = x.  [clausify(33)].
kept:      156 beforeEq(x,y) | -timepoint(x) | -timepoint(y) | -before(x,y).  [clausify(33)].
kept:      157 beforeEq(x,y) | -timepoint(x) | -timepoint(y) | y != x.  [clausify(33)].
kept:      158 -betweenEq(x,y,z) | beforeEq(x,y).  [clausify(34)].
kept:      159 -betweenEq(x,y,z) | beforeEq(y,z).  [clausify(34)].
kept:      160 betweenEq(x,y,z) | -beforeEq(x,y) | -beforeEq(y,z).  [clausify(34)].
kept:      161 -exists_at(x,y) | betweenEq(beginof(x),y,endof(x)).  [clausify(35)].
kept:      162 beginof(x) != y | endof(x) != z | between(y,z) = x.  [clausify(38)].
kept:      163 -timeinterval(x) | timepoint(beginof(x)).  [clausify(39)].
kept:      164 -timeinterval(x) | timepoint(endof(x)).  [clausify(39)].
kept:      165 -before(x,y) | timeinterval(between(x,y)).  [clausify(40)].
kept:      166 -before(x,y) | beginof(between(x,y)) = x.  [clausify(41)].
kept:      167 -before(x,y) | endof(between(x,y)) = y.  [clausify(41)].
kept:      168 timepoint(c1).  [clausify(42)].
           169 -timepoint(x) | x = c1 | before(x,c1).  [clausify(42)].
kept:      170 -timepoint(x) | c1 = x | before(x,c1).  [copy(169),flip(b)].
           171 -timepoint(x) | x = c1 | before(x,f9(x)).  [clausify(42)].
kept:      172 -timepoint(x) | c1 = x | before(x,f9(x)).  [copy(171),flip(b)].
           173 -timepoint(x) | x = c1 | before(f9(x),c1).  [clausify(42)].
kept:      174 -timepoint(x) | c1 = x | before(f9(x),c1).  [copy(173),flip(b)].
kept:      175 timepoint(c2).  [clausify(43)].
           176 -timepoint(x) | x = c2 | before(c2,x).  [clausify(43)].
kept:      177 -timepoint(x) | c2 = x | before(c2,x).  [copy(176),flip(b)].
           178 -timepoint(x) | x = c2 | before(f10(x),x).  [clausify(43)].
kept:      179 -timepoint(x) | c2 = x | before(f10(x),x).  [copy(178),flip(b)].
           180 -timepoint(x) | x = c2 | before(c2,f10(x)).  [clausify(43)].
kept:      181 -timepoint(x) | c2 = x | before(c2,f10(x)).  [copy(180),flip(b)].
kept:      182 -timepoint(x) | timeinterval(f11(x)).  [clausify(44)].
kept:      183 -timepoint(x) | beginof(f11(x)) = x.  [clausify(44)].
kept:      184 -timepoint(x) | endof(f11(x)) = x.  [clausify(44)].
kept:      185 -PC(c3,x,y).  [deny(49)].
kept:      186 -psl_interval(x,y) | activity_occurrence(x) | psl_interval(x,f1(x)).  [resolve(72,c,73,a)].
kept:      187 psl_interval(x,y) | -timeinterval(y) | beginof(y) != beginof(x) | endof(y) != endof(x) | -psl_interval(x,z) | activity_occurrence(x).  [resolve(74,b,72,c)].
kept:      188 -PC(x,y,z) | psl_interval(x,f1(x)).  [resolve(75,b,73,a)].
kept:      189 -PC(x,y,z) | psl_interval(x,u) | -timeinterval(u) | beginof(u) != beginof(x) | endof(u) != endof(x).  [resolve(75,b,74,b)].
kept:      190 PC(x,y,z) | -activity_occurrence(y) | -timeinterval(z) | beforeEq(beginof(z),u) | -psl_interval(x,w) | activity_occurrence(x).  [resolve(76,b,72,c)].
kept:      191 PC(x,y,z) | -activity_occurrence(y) | -timeinterval(z) | beforeEq(beginof(z),u) | -PC(x,w,v5).  [resolve(76,b,75,b)].
kept:      192 PC(x,y,z) | -activity_occurrence(y) | -timeinterval(z) | beforeEq(u,endof(z)) | -psl_interval(x,w) | activity_occurrence(x).  [resolve(77,b,72,c)].
kept:      193 PC(x,y,z) | -activity_occurrence(y) | -timeinterval(z) | beforeEq(u,endof(z)) | -PC(x,w,v5).  [resolve(77,b,75,b)].
kept:      194 PC(x,y,z) | -activity_occurrence(y) | -timeinterval(z) | -participates_in(x,y,u) | -psl_interval(x,w) | activity_occurrence(x).  [resolve(78,b,72,c)].
kept:      195 PC(x,y,z) | -activity_occurrence(y) | -timeinterval(z) | -participates_in(x,y,u) | -PC(x,w,v5).  [resolve(78,b,75,b)].
kept:      196 -timeinterval(x) | -psl_interval(x,y) | activity_occurrence(x).  [resolve(79,b,72,c)].
kept:      197 -timeinterval(x) | -PC(x,y,z).  [resolve(79,b,75,b)].
kept:      198 -activity(x) | -psl_interval(x,y) | activity_occurrence(x).  [resolve(82,b,72,c)].
kept:      199 -activity(x) | -PC(x,y,z).  [resolve(82,b,75,b)].
kept:      200 -activity_occurrence(x) | -PC(x,y,z).  [resolve(83,b,75,b)].
kept:      201 -timepoint(x) | -psl_interval(x,y) | activity_occurrence(x).  [resolve(84,a,72,c)].
kept:      202 -timepoint(x) | -PC(x,y,z).  [resolve(84,a,75,b)].
kept:      203 timepoint(beginof(x)) | -psl_interval(x,y) | activity_occurrence(x).  [resolve(85,a,72,c)].
kept:      204 timepoint(beginof(x)) | -PC(x,y,z).  [resolve(85,a,75,b)].
kept:      205 timepoint(endof(x)) | -psl_interval(x,y) | activity_occurrence(x).  [resolve(86,a,72,c)].
kept:      206 timepoint(endof(x)) | -PC(x,y,z).  [resolve(86,a,75,b)].
kept:      207 beforeEq(beginof(x),endof(x)) | -psl_interval(x,y) | activity_occurrence(x).  [resolve(87,a,72,c)].
kept:      208 beforeEq(beginof(x),endof(x)) | -PC(x,y,z).  [resolve(87,a,75,b)].
kept:      209 -participates_in(x,y,z) | psl_interval(x,f1(x)).  [resolve(88,b,73,a)].
kept:      210 -participates_in(x,y,z) | psl_interval(x,u) | -timeinterval(u) | beginof(u) != beginof(x) | endof(u) != endof(x).  [resolve(88,b,74,b)].
kept:      211 -participates_in(x,y,z) | PC(x,u,w) | -activity_occurrence(u) | -timeinterval(w) | beforeEq(beginof(w),v5).  [resolve(88,b,76,b)].
kept:      212 -participates_in(x,y,z) | PC(x,u,w) | -activity_occurrence(u) | -timeinterval(w) | beforeEq(v5,endof(w)).  [resolve(88,b,77,b)].
kept:      213 -participates_in(x,y,z) | PC(x,u,w) | -activity_occurrence(u) | -timeinterval(w) | -participates_in(x,u,v5).  [resolve(88,b,78,b)].
kept:      214 -participates_in(x,y,z) | -timeinterval(x).  [resolve(88,b,79,b)].
kept:      215 -participates_in(x,y,z) | -activity(x).  [resolve(88,b,82,b)].
kept:      216 -participates_in(x,y,z) | -activity_occurrence(x).  [resolve(88,b,83,b)].
kept:      217 -participates_in(x,y,z) | -timepoint(x).  [resolve(88,b,84,a)].
kept:      218 -participates_in(x,y,z) | timepoint(beginof(x)).  [resolve(88,b,85,a)].
kept:      219 -participates_in(x,y,z) | timepoint(endof(x)).  [resolve(88,b,86,a)].
kept:      220 -participates_in(x,y,z) | beforeEq(beginof(x),endof(x)).  [resolve(88,b,87,a)].
kept:      221 -exists_at(x,y) | psl_interval(x,f1(x)).  [resolve(89,b,73,a)].
kept:      222 -exists_at(x,y) | psl_interval(x,z) | -timeinterval(z) | beginof(z) != beginof(x) | endof(z) != endof(x).  [resolve(89,b,74,b)].
kept:      223 -exists_at(x,y) | PC(x,z,u) | -activity_occurrence(z) | -timeinterval(u) | beforeEq(beginof(u),w).  [resolve(89,b,76,b)].
kept:      224 -exists_at(x,y) | PC(x,z,u) | -activity_occurrence(z) | -timeinterval(u) | beforeEq(w,endof(u)).  [resolve(89,b,77,b)].
kept:      225 -exists_at(x,y) | -timeinterval(x).  [resolve(89,b,79,b)].
kept:      226 -exists_at(x,y) | -activity(x).  [resolve(89,b,82,b)].
kept:      227 -exists_at(x,y) | -activity_occurrence(x).  [resolve(89,b,83,b)].
kept:      228 -exists_at(x,y) | -timepoint(x).  [resolve(89,b,84,a)].
kept:      229 -exists_at(x,y) | timepoint(beginof(x)).  [resolve(89,b,85,a)].
kept:      230 -exists_at(x,y) | timepoint(endof(x)).  [resolve(89,b,86,a)].
kept:      231 -exists_at(x,y) | beforeEq(beginof(x),endof(x)).  [resolve(89,b,87,a)].
kept:      232 exists_at(x,y) | -betweenEq(beginof(x),y,endof(x)) | -psl_interval(x,z) | activity_occurrence(x).  [resolve(90,b,72,c)].
kept:      233 exists_at(x,y) | -betweenEq(beginof(x),y,endof(x)) | -PC(x,z,u).  [resolve(90,b,75,b)].
kept:      234 exists_at(x,y) | -betweenEq(beginof(x),y,endof(x)) | -participates_in(x,z,u).  [resolve(90,b,88,b)].
kept:      235 exists_at(x,y) | -betweenEq(beginof(x),y,endof(x)) | -exists_at(x,z).  [resolve(90,b,89,b)].
kept:      236 psl_interval(c3,f1(c3)).  [resolve(91,a,73,a)].
           237 psl_interval(c3,x) | -timeinterval(x) | beginof(x) != beginof(c3) | endof(x) != endof(c3).  [resolve(91,a,74,b)].
kept:      238 psl_interval(c3,x) | -timeinterval(x) | beginof(c3) != beginof(x) | endof(c3) != endof(x).  [copy(237),flip(c),flip(d)].
           239 PC(c3,x,y) | -activity_occurrence(x) | -timeinterval(y) | beforeEq(beginof(y),z).  [resolve(91,a,76,b)].
kept:      240 -activity_occurrence(x) | -timeinterval(y) | beforeEq(beginof(y),z).  [copy(239),unit_del(a,185)].
           241 PC(c3,x,y) | -activity_occurrence(x) | -timeinterval(y) | beforeEq(z,endof(y)).  [resolve(91,a,77,b)].
kept:      242 -activity_occurrence(x) | -timeinterval(y) | beforeEq(z,endof(y)).  [copy(241),unit_del(a,185)].
kept:      243 -timeinterval(c3).  [resolve(91,a,79,b)].
kept:      244 -activity(c3).  [resolve(91,a,82,b)].
kept:      245 -activity_occurrence(c3).  [resolve(91,a,83,b)].
kept:      246 -timepoint(c3).  [resolve(91,a,84,a)].
kept:      247 timepoint(beginof(c3)).  [resolve(91,a,85,a)].
kept:      248 timepoint(endof(c3)).  [resolve(91,a,86,a)].
kept:      249 beforeEq(beginof(c3),endof(c3)).  [resolve(91,a,87,a)].
kept:      250 exists_at(c3,x) | -betweenEq(beginof(c3),x,endof(c3)).  [resolve(91,a,90,b)].
kept:      251 -psl_interval(x,y) | -psl_interval(z,u) | beginof(u) != beginof(w) | endof(y) != endof(w) | psl_interval(x,f2(x,z,w)).  [resolve(92,a,93,a)].
kept:      252 -psl_interval(x,y) | -psl_interval(z,u) | beginof(u) != beginof(w) | endof(y) != endof(w) | psl_interval(z,f3(x,z,w)).  [resolve(92,a,94,a)].
kept:      253 -psl_interval(x,y) | -psl_interval(z,u) | beginof(u) != beginof(w) | endof(y) != endof(w) | beginof(f3(x,z,w)) = beginof(w).  [resolve(92,a,95,a)].
kept:      254 -psl_interval(x,y) | -psl_interval(z,u) | beginof(u) != beginof(w) | endof(y) != endof(w) | endof(f2(x,z,w)) = endof(w).  [resolve(92,a,96,a)].
kept:      255 psl_interval(x,f4(x,y,z)) | -psl_interval(x,u) | -psl_interval(y,w) | beginof(w) != beginof(z) | endof(u) != endof(z).  [resolve(97,a,92,a)].
kept:      256 psl_interval(x,f5(y,x,z)) | -psl_interval(y,u) | -psl_interval(x,w) | beginof(w) != beginof(z) | endof(u) != endof(z).  [resolve(98,a,92,a)].
kept:      257 beginof(f5(x,y,z)) = beginof(z) | -psl_interval(x,u) | -psl_interval(y,w) | beginof(w) != beginof(z) | endof(u) != endof(z).  [resolve(99,a,92,a)].
kept:      258 endof(f4(x,y,z)) = endof(z) | -psl_interval(x,u) | -psl_interval(y,w) | beginof(w) != beginof(z) | endof(u) != endof(z).  [resolve(100,a,92,a)].
kept:      259 betweenEq(beginof(x),y,endof(x)) | -participates_in(z,x,y).  [resolve(102,a,103,b)].
kept:      260 P(x,x) | -timeinterval(x) | -beforeEq(beginof(x),beginof(x)) | -beforeEq(endof(x),endof(x)).  [factor(114,b,c)].
kept:      261 beforeEq(x,x) | -timepoint(x).  [factor(157,b,c),xx(c)].
kept:      262 betweenEq(x,x,x) | -beforeEq(x,x).  [factor(160,b,c)].
kept:      263 -participates_in(x,y,z) | PC(x,y,u) | -activity_occurrence(y) | -timeinterval(u).  [factor(213,a,e)].
kept:      264 -psl_interval(x,y) | beginof(y) != beginof(z) | endof(y) != endof(z) | psl_interval(x,f2(x,x,z)).  [factor(251,a,b)].
kept:      265 -psl_interval(x,y) | beginof(y) != beginof(z) | endof(y) != endof(z) | psl_interval(x,f3(x,x,z)).  [factor(252,a,b)].
kept:      266 -psl_interval(x,y) | beginof(y) != beginof(z) | endof(y) != endof(z) | beginof(f3(x,x,z)) = beginof(z).  [factor(253,a,b)].
kept:      267 -psl_interval(x,y) | beginof(y) != beginof(z) | endof(y) != endof(z) | endof(f2(x,x,z)) = endof(z).  [factor(254,a,b)].
kept:      268 psl_interval(x,f4(x,x,y)) | -psl_interval(x,z) | beginof(z) != beginof(y) | endof(z) != endof(y).  [factor(255,b,c)].
kept:      269 psl_interval(x,f5(x,x,y)) | -psl_interval(x,z) | beginof(z) != beginof(y) | endof(z) != endof(y).  [factor(256,b,c)].
kept:      270 beginof(f5(x,x,y)) = beginof(y) | -psl_interval(x,z) | beginof(z) != beginof(y) | endof(z) != endof(y).  [factor(257,b,c)].
kept:      271 endof(f4(x,x,y)) = endof(y) | -psl_interval(x,z) | beginof(z) != beginof(y) | endof(z) != endof(y).  [factor(258,b,c)].

============================== end of process initial clauses ========

============================== CLAUSES FOR SEARCH ====================

% Clauses after input processing:

formulas(usable).
end_of_list.

formulas(sos).
110 -P(x,y) | timeinterval(x).  [clausify(4)].
111 -P(x,y) | timeinterval(y).  [clausify(4)].
112 -P(x,y) | beforeEq(beginof(y),beginof(x)).  [clausify(4)].
113 -P(x,y) | beforeEq(endof(x),endof(y)).  [clausify(4)].
114 P(x,y) | -timeinterval(x) | -timeinterval(y) | -beforeEq(beginof(y),beginof(x)) | -beforeEq(endof(x),endof(y)).  [clausify(4)].
115 -activity_occurrence(x) | psl_interval(x,f1(x)).  [clausify(7)].
116 -beforeEq(x,y) | -beforeEq(y,z) | beforeEq(x,z).  [clausify(8)].
117 -P(x,y) | -P(y,z) | P(x,z).  [clausify(9)].
118 -psl_interval(x,y) | timeinterval(y).  [clausify(10)].
119 -psl_interval(x,y) | beginof(y) = beginof(x).  [clausify(10)].
120 -psl_interval(x,y) | endof(y) = endof(x).  [clausify(10)].
121 psl_interval(x,y) | -activity_occurrence(x) | -timeinterval(y) | beginof(y) != beginof(x) | endof(y) != endof(x).  [clausify(10)].
122 -PC(x,y,z) | activity_occurrence(y).  [clausify(12)].
123 -PC(x,y,z) | timeinterval(z).  [clausify(12)].
124 -PC(x,y,z) | -beforeEq(beginof(z),u) | -beforeEq(u,endof(z)) | participates_in(x,y,u).  [clausify(12)].
125 -timeinterval(x) | -activity(x).  [clausify(14)].
126 -timeinterval(x) | -activity_occurrence(x).  [clausify(14)].
127 -timeinterval(x) | -timepoint(x).  [clausify(14)].
128 -before(x,y) | timepoint(x).  [clausify(17)].
129 -before(x,y) | timepoint(y).  [clausify(17)].
130 -timepoint(x) | -timepoint(y) | y = x | before(x,y) | before(y,x).  [clausify(18)].
131 -before(x,x).  [clausify(19)].
132 -before(x,y) | -before(y,z) | before(x,z).  [clausify(20)].
133 -timepoint(x) | "inf-" = x | before("inf-",x).  [clausify(21)].
134 -timepoint(x) | "inf+" = x | before(x,"inf+").  [clausify(22)].
135 -timepoint(x) | "inf-" = x | before("inf-",f6(x)).  [clausify(23)].
136 -timepoint(x) | "inf-" = x | before(f6(x),x).  [clausify(23)].
137 -timepoint(x) | "inf+" = x | before(x,f7(x)).  [clausify(24)].
138 -timepoint(x) | "inf+" = x | before(f7(x),"inf+").  [clausify(24)].
139 -activity(x) | -activity_occurrence(x).  [clausify(25)].
140 -activity(x) | -timepoint(x).  [clausify(25)].
141 -activity_occurrence(x) | -timepoint(x).  [clausify(25)].
142 -occurrence_of(x,y) | activity(y).  [clausify(26)].
143 -occurrence_of(x,y) | activity_occurrence(x).  [clausify(26)].
144 -activity_occurrence(x) | activity(f8(x)).  [clausify(27)].
145 -activity_occurrence(x) | occurrence_of(x,f8(x)).  [clausify(27)].
146 -occurrence_of(x,y) | -occurrence_of(x,z) | z = y.  [clausify(28)].
147 -occurrence_of(x,y) | timepoint(beginof(x)).  [clausify(29)].
148 -occurrence_of(x,y) | timepoint(endof(x)).  [clausify(29)].
149 -activity_occurrence(x) | beforeEq(beginof(x),endof(x)).  [clausify(30)].
150 -participates_in(x,y,z) | activity_occurrence(y).  [clausify(31)].
151 -participates_in(x,y,z) | timepoint(z).  [clausify(31)].
152 -participates_in(x,y,z) | exists_at(x,z).  [clausify(32)].
153 -beforeEq(x,y) | timepoint(x).  [clausify(33)].
154 -beforeEq(x,y) | timepoint(y).  [clausify(33)].
155 -beforeEq(x,y) | before(x,y) | y = x.  [clausify(33)].
156 beforeEq(x,y) | -timepoint(x) | -timepoint(y) | -before(x,y).  [clausify(33)].
157 beforeEq(x,y) | -timepoint(x) | -timepoint(y) | y != x.  [clausify(33)].
158 -betweenEq(x,y,z) | beforeEq(x,y).  [clausify(34)].
159 -betweenEq(x,y,z) | beforeEq(y,z).  [clausify(34)].
160 betweenEq(x,y,z) | -beforeEq(x,y) | -beforeEq(y,z).  [clausify(34)].
161 -exists_at(x,y) | betweenEq(beginof(x),y,endof(x)).  [clausify(35)].
162 beginof(x) != y | endof(x) != z | between(y,z) = x.  [clausify(38)].
163 -timeinterval(x) | timepoint(beginof(x)).  [clausify(39)].
164 -timeinterval(x) | timepoint(endof(x)).  [clausify(39)].
165 -before(x,y) | timeinterval(between(x,y)).  [clausify(40)].
166 -before(x,y) | beginof(between(x,y)) = x.  [clausify(41)].
167 -before(x,y) | endof(between(x,y)) = y.  [clausify(41)].
168 timepoint(c1).  [clausify(42)].
170 -timepoint(x) | c1 = x | before(x,c1).  [copy(169),flip(b)].
172 -timepoint(x) | c1 = x | before(x,f9(x)).  [copy(171),flip(b)].
174 -timepoint(x) | c1 = x | before(f9(x),c1).  [copy(173),flip(b)].
175 timepoint(c2).  [clausify(43)].
177 -timepoint(x) | c2 = x | before(c2,x).  [copy(176),flip(b)].
179 -timepoint(x) | c2 = x | before(f10(x),x).  [copy(178),flip(b)].
181 -timepoint(x) | c2 = x | before(c2,f10(x)).  [copy(180),flip(b)].
182 -timepoint(x) | timeinterval(f11(x)).  [clausify(44)].
183 -timepoint(x) | beginof(f11(x)) = x.  [clausify(44)].
184 -timepoint(x) | endof(f11(x)) = x.  [clausify(44)].
185 -PC(c3,x,y).  [deny(49)].
186 -psl_interval(x,y) | activity_occurrence(x) | psl_interval(x,f1(x)).  [resolve(72,c,73,a)].
187 psl_interval(x,y) | -timeinterval(y) | beginof(y) != beginof(x) | endof(y) != endof(x) | -psl_interval(x,z) | activity_occurrence(x).  [resolve(74,b,72,c)].
188 -PC(x,y,z) | psl_interval(x,f1(x)).  [resolve(75,b,73,a)].
189 -PC(x,y,z) | psl_interval(x,u) | -timeinterval(u) | beginof(u) != beginof(x) | endof(u) != endof(x).  [resolve(75,b,74,b)].
196 -timeinterval(x) | -psl_interval(x,y) | activity_occurrence(x).  [resolve(79,b,72,c)].
197 -timeinterval(x) | -PC(x,y,z).  [resolve(79,b,75,b)].
198 -activity(x) | -psl_interval(x,y) | activity_occurrence(x).  [resolve(82,b,72,c)].
199 -activity(x) | -PC(x,y,z).  [resolve(82,b,75,b)].
200 -activity_occurrence(x) | -PC(x,y,z).  [resolve(83,b,75,b)].
201 -timepoint(x) | -psl_interval(x,y) | activity_occurrence(x).  [resolve(84,a,72,c)].
202 -timepoint(x) | -PC(x,y,z).  [resolve(84,a,75,b)].
203 timepoint(beginof(x)) | -psl_interval(x,y) | activity_occurrence(x).  [resolve(85,a,72,c)].
204 timepoint(beginof(x)) | -PC(x,y,z).  [resolve(85,a,75,b)].
205 timepoint(endof(x)) | -psl_interval(x,y) | activity_occurrence(x).  [resolve(86,a,72,c)].
206 timepoint(endof(x)) | -PC(x,y,z).  [resolve(86,a,75,b)].
207 beforeEq(beginof(x),endof(x)) | -psl_interval(x,y) | activity_occurrence(x).  [resolve(87,a,72,c)].
208 beforeEq(beginof(x),endof(x)) | -PC(x,y,z).  [resolve(87,a,75,b)].
209 -participates_in(x,y,z) | psl_interval(x,f1(x)).  [resolve(88,b,73,a)].
210 -participates_in(x,y,z) | psl_interval(x,u) | -timeinterval(u) | beginof(u) != beginof(x) | endof(u) != endof(x).  [resolve(88,b,74,b)].
214 -participates_in(x,y,z) | -timeinterval(x).  [resolve(88,b,79,b)].
215 -participates_in(x,y,z) | -activity(x).  [resolve(88,b,82,b)].
216 -participates_in(x,y,z) | -activity_occurrence(x).  [resolve(88,b,83,b)].
217 -participates_in(x,y,z) | -timepoint(x).  [resolve(88,b,84,a)].
218 -participates_in(x,y,z) | timepoint(beginof(x)).  [resolve(88,b,85,a)].
219 -participates_in(x,y,z) | timepoint(endof(x)).  [resolve(88,b,86,a)].
220 -participates_in(x,y,z) | beforeEq(beginof(x),endof(x)).  [resolve(88,b,87,a)].
221 -exists_at(x,y) | psl_interval(x,f1(x)).  [resolve(89,b,73,a)].
222 -exists_at(x,y) | psl_interval(x,z) | -timeinterval(z) | beginof(z) != beginof(x) | endof(z) != endof(x).  [resolve(89,b,74,b)].
225 -exists_at(x,y) | -timeinterval(x).  [resolve(89,b,79,b)].
226 -exists_at(x,y) | -activity(x).  [resolve(89,b,82,b)].
227 -exists_at(x,y) | -activity_occurrence(x).  [resolve(89,b,83,b)].
228 -exists_at(x,y) | -timepoint(x).  [resolve(89,b,84,a)].
229 -exists_at(x,y) | timepoint(beginof(x)).  [resolve(89,b,85,a)].
230 -exists_at(x,y) | timepoint(endof(x)).  [resolve(89,b,86,a)].
231 -exists_at(x,y) | beforeEq(beginof(x),endof(x)).  [resolve(89,b,87,a)].
232 exists_at(x,y) | -betweenEq(beginof(x),y,endof(x)) | -psl_interval(x,z) | activity_occurrence(x).  [resolve(90,b,72,c)].
233 exists_at(x,y) | -betweenEq(beginof(x),y,endof(x)) | -PC(x,z,u).  [resolve(90,b,75,b)].
234 exists_at(x,y) | -betweenEq(beginof(x),y,endof(x)) | -participates_in(x,z,u).  [resolve(90,b,88,b)].
235 exists_at(x,y) | -betweenEq(beginof(x),y,endof(x)) | -exists_at(x,z).  [resolve(90,b,89,b)].
236 psl_interval(c3,f1(c3)).  [resolve(91,a,73,a)].
238 psl_interval(c3,x) | -timeinterval(x) | beginof(c3) != beginof(x) | endof(c3) != endof(x).  [copy(237),flip(c),flip(d)].
240 -activity_occurrence(x) | -timeinterval(y) | beforeEq(beginof(y),z).  [copy(239),unit_del(a,185)].
242 -activity_occurrence(x) | -timeinterval(y) | beforeEq(z,endof(y)).  [copy(241),unit_del(a,185)].
243 -timeinterval(c3).  [resolve(91,a,79,b)].
244 -activity(c3).  [resolve(91,a,82,b)].
245 -activity_occurrence(c3).  [resolve(91,a,83,b)].
246 -timepoint(c3).  [resolve(91,a,84,a)].
247 timepoint(beginof(c3)).  [resolve(91,a,85,a)].
248 timepoint(endof(c3)).  [resolve(91,a,86,a)].
249 beforeEq(beginof(c3),endof(c3)).  [resolve(91,a,87,a)].
250 exists_at(c3,x) | -betweenEq(beginof(c3),x,endof(c3)).  [resolve(91,a,90,b)].
251 -psl_interval(x,y) | -psl_interval(z,u) | beginof(u) != beginof(w) | endof(y) != endof(w) | psl_interval(x,f2(x,z,w)).  [resolve(92,a,93,a)].
252 -psl_interval(x,y) | -psl_interval(z,u) | beginof(u) != beginof(w) | endof(y) != endof(w) | psl_interval(z,f3(x,z,w)).  [resolve(92,a,94,a)].
253 -psl_interval(x,y) | -psl_interval(z,u) | beginof(u) != beginof(w) | endof(y) != endof(w) | beginof(f3(x,z,w)) = beginof(w).  [resolve(92,a,95,a)].
254 -psl_interval(x,y) | -psl_interval(z,u) | beginof(u) != beginof(w) | endof(y) != endof(w) | endof(f2(x,z,w)) = endof(w).  [resolve(92,a,96,a)].
255 psl_interval(x,f4(x,y,z)) | -psl_interval(x,u) | -psl_interval(y,w) | beginof(w) != beginof(z) | endof(u) != endof(z).  [resolve(97,a,92,a)].
256 psl_interval(x,f5(y,x,z)) | -psl_interval(y,u) | -psl_interval(x,w) | beginof(w) != beginof(z) | endof(u) != endof(z).  [resolve(98,a,92,a)].
257 beginof(f5(x,y,z)) = beginof(z) | -psl_interval(x,u) | -psl_interval(y,w) | beginof(w) != beginof(z) | endof(u) != endof(z).  [resolve(99,a,92,a)].
258 endof(f4(x,y,z)) = endof(z) | -psl_interval(x,u) | -psl_interval(y,w) | beginof(w) != beginof(z) | endof(u) != endof(z).  [resolve(100,a,92,a)].
259 betweenEq(beginof(x),y,endof(x)) | -participates_in(z,x,y).  [resolve(102,a,103,b)].
260 P(x,x) | -timeinterval(x) | -beforeEq(beginof(x),beginof(x)) | -beforeEq(endof(x),endof(x)).  [factor(114,b,c)].
261 beforeEq(x,x) | -timepoint(x).  [factor(157,b,c),xx(c)].
262 betweenEq(x,x,x) | -beforeEq(x,x).  [factor(160,b,c)].
263 -participates_in(x,y,z) | PC(x,y,u) | -activity_occurrence(y) | -timeinterval(u).  [factor(213,a,e)].
264 -psl_interval(x,y) | beginof(y) != beginof(z) | endof(y) != endof(z) | psl_interval(x,f2(x,x,z)).  [factor(251,a,b)].
265 -psl_interval(x,y) | beginof(y) != beginof(z) | endof(y) != endof(z) | psl_interval(x,f3(x,x,z)).  [factor(252,a,b)].
266 -psl_interval(x,y) | beginof(y) != beginof(z) | endof(y) != endof(z) | beginof(f3(x,x,z)) = beginof(z).  [factor(253,a,b)].
267 -psl_interval(x,y) | beginof(y) != beginof(z) | endof(y) != endof(z) | endof(f2(x,x,z)) = endof(z).  [factor(254,a,b)].
268 psl_interval(x,f4(x,x,y)) | -psl_interval(x,z) | beginof(z) != beginof(y) | endof(z) != endof(y).  [factor(255,b,c)].
269 psl_interval(x,f5(x,x,y)) | -psl_interval(x,z) | beginof(z) != beginof(y) | endof(z) != endof(y).  [factor(256,b,c)].
270 beginof(f5(x,x,y)) = beginof(y) | -psl_interval(x,z) | beginof(z) != beginof(y) | endof(z) != endof(y).  [factor(257,b,c)].
271 endof(f4(x,x,y)) = endof(y) | -psl_interval(x,z) | beginof(z) != beginof(y) | endof(z) != endof(y).  [factor(258,b,c)].
end_of_list.

formulas(demodulators).
end_of_list.

============================== end of clauses for search =============

============================== SEARCH ================================

% Starting search at 0.02 seconds.

given #1 (I,wt=5): 110 -P(x,y) | timeinterval(x).  [clausify(4)].

given #2 (I,wt=5): 111 -P(x,y) | timeinterval(y).  [clausify(4)].

given #3 (I,wt=8): 112 -P(x,y) | beforeEq(beginof(y),beginof(x)).  [clausify(4)].

given #4 (I,wt=8): 113 -P(x,y) | beforeEq(endof(x),endof(y)).  [clausify(4)].

given #5 (I,wt=17): 114 P(x,y) | -timeinterval(x) | -timeinterval(y) | -beforeEq(beginof(y),beginof(x)) | -beforeEq(endof(x),endof(y)).  [clausify(4)].

given #6 (I,wt=6): 115 -activity_occurrence(x) | psl_interval(x,f1(x)).  [clausify(7)].

given #7 (I,wt=9): 116 -beforeEq(x,y) | -beforeEq(y,z) | beforeEq(x,z).  [clausify(8)].

given #8 (I,wt=9): 117 -P(x,y) | -P(y,z) | P(x,z).  [clausify(9)].

given #9 (I,wt=5): 118 -psl_interval(x,y) | timeinterval(y).  [clausify(10)].

given #10 (I,wt=8): 119 -psl_interval(x,y) | beginof(y) = beginof(x).  [clausify(10)].

given #11 (I,wt=8): 120 -psl_interval(x,y) | endof(y) = endof(x).  [clausify(10)].

given #12 (I,wt=17): 121 psl_interval(x,y) | -activity_occurrence(x) | -timeinterval(y) | beginof(y) != beginof(x) | endof(y) != endof(x).  [clausify(10)].

given #13 (I,wt=6): 122 -PC(x,y,z) | activity_occurrence(y).  [clausify(12)].

given #14 (I,wt=6): 123 -PC(x,y,z) | timeinterval(z).  [clausify(12)].

given #15 (I,wt=16): 124 -PC(x,y,z) | -beforeEq(beginof(z),u) | -beforeEq(u,endof(z)) | participates_in(x,y,u).  [clausify(12)].

given #16 (I,wt=4): 125 -timeinterval(x) | -activity(x).  [clausify(14)].

given #17 (I,wt=4): 126 -timeinterval(x) | -activity_occurrence(x).  [clausify(14)].

given #18 (I,wt=4): 127 -timeinterval(x) | -timepoint(x).  [clausify(14)].

given #19 (I,wt=5): 128 -before(x,y) | timepoint(x).  [clausify(17)].

given #20 (I,wt=5): 129 -before(x,y) | timepoint(y).  [clausify(17)].

given #21 (I,wt=13): 130 -timepoint(x) | -timepoint(y) | y = x | before(x,y) | before(y,x).  [clausify(18)].

given #22 (I,wt=3): 131 -before(x,x).  [clausify(19)].

given #23 (I,wt=9): 132 -before(x,y) | -before(y,z) | before(x,z).  [clausify(20)].

given #24 (I,wt=8): 133 -timepoint(x) | "inf-" = x | before("inf-",x).  [clausify(21)].

given #25 (I,wt=8): 134 -timepoint(x) | "inf+" = x | before(x,"inf+").  [clausify(22)].

given #26 (I,wt=9): 135 -timepoint(x) | "inf-" = x | before("inf-",f6(x)).  [clausify(23)].

given #27 (I,wt=9): 136 -timepoint(x) | "inf-" = x | before(f6(x),x).  [clausify(23)].

given #28 (I,wt=9): 137 -timepoint(x) | "inf+" = x | before(x,f7(x)).  [clausify(24)].

given #29 (I,wt=9): 138 -timepoint(x) | "inf+" = x | before(f7(x),"inf+").  [clausify(24)].

given #30 (I,wt=4): 139 -activity(x) | -activity_occurrence(x).  [clausify(25)].

given #31 (I,wt=4): 140 -activity(x) | -timepoint(x).  [clausify(25)].

given #32 (I,wt=4): 141 -activity_occurrence(x) | -timepoint(x).  [clausify(25)].

given #33 (I,wt=5): 142 -occurrence_of(x,y) | activity(y).  [clausify(26)].

given #34 (I,wt=5): 143 -occurrence_of(x,y) | activity_occurrence(x).  [clausify(26)].

given #35 (I,wt=5): 144 -activity_occurrence(x) | activity(f8(x)).  [clausify(27)].

given #36 (I,wt=6): 145 -activity_occurrence(x) | occurrence_of(x,f8(x)).  [clausify(27)].

given #37 (I,wt=9): 146 -occurrence_of(x,y) | -occurrence_of(x,z) | z = y.  [clausify(28)].

given #38 (I,wt=6): 147 -occurrence_of(x,y) | timepoint(beginof(x)).  [clausify(29)].

given #39 (I,wt=6): 148 -occurrence_of(x,y) | timepoint(endof(x)).  [clausify(29)].

given #40 (I,wt=7): 149 -activity_occurrence(x) | beforeEq(beginof(x),endof(x)).  [clausify(30)].

given #41 (I,wt=6): 150 -participates_in(x,y,z) | activity_occurrence(y).  [clausify(31)].

given #42 (I,wt=6): 151 -participates_in(x,y,z) | timepoint(z).  [clausify(31)].

given #43 (I,wt=7): 152 -participates_in(x,y,z) | exists_at(x,z).  [clausify(32)].

given #44 (I,wt=5): 153 -beforeEq(x,y) | timepoint(x).  [clausify(33)].

given #45 (I,wt=5): 154 -beforeEq(x,y) | timepoint(y).  [clausify(33)].

given #46 (I,wt=9): 155 -beforeEq(x,y) | before(x,y) | y = x.  [clausify(33)].

given #47 (I,wt=10): 156 beforeEq(x,y) | -timepoint(x) | -timepoint(y) | -before(x,y).  [clausify(33)].

given #48 (I,wt=10): 157 beforeEq(x,y) | -timepoint(x) | -timepoint(y) | y != x.  [clausify(33)].

given #49 (I,wt=7): 158 -betweenEq(x,y,z) | beforeEq(x,y).  [clausify(34)].

given #50 (I,wt=7): 159 -betweenEq(x,y,z) | beforeEq(y,z).  [clausify(34)].

given #51 (I,wt=10): 160 betweenEq(x,y,z) | -beforeEq(x,y) | -beforeEq(y,z).  [clausify(34)].

given #52 (I,wt=9): 161 -exists_at(x,y) | betweenEq(beginof(x),y,endof(x)).  [clausify(35)].

given #53 (I,wt=13): 162 beginof(x) != y | endof(x) != z | between(y,z) = x.  [clausify(38)].

given #54 (I,wt=5): 163 -timeinterval(x) | timepoint(beginof(x)).  [clausify(39)].

given #55 (I,wt=5): 164 -timeinterval(x) | timepoint(endof(x)).  [clausify(39)].

given #56 (I,wt=7): 165 -before(x,y) | timeinterval(between(x,y)).  [clausify(40)].

given #57 (I,wt=9): 166 -before(x,y) | beginof(between(x,y)) = x.  [clausify(41)].

given #58 (I,wt=9): 167 -before(x,y) | endof(between(x,y)) = y.  [clausify(41)].

given #59 (I,wt=2): 168 timepoint(c1).  [clausify(42)].

given #60 (I,wt=8): 170 -timepoint(x) | c1 = x | before(x,c1).  [copy(169),flip(b)].

given #61 (I,wt=9): 172 -timepoint(x) | c1 = x | before(x,f9(x)).  [copy(171),flip(b)].

given #62 (I,wt=9): 174 -timepoint(x) | c1 = x | before(f9(x),c1).  [copy(173),flip(b)].

given #63 (I,wt=2): 175 timepoint(c2).  [clausify(43)].

given #64 (I,wt=8): 177 -timepoint(x) | c2 = x | before(c2,x).  [copy(176),flip(b)].

given #65 (I,wt=9): 179 -timepoint(x) | c2 = x | before(f10(x),x).  [copy(178),flip(b)].

given #66 (I,wt=9): 181 -timepoint(x) | c2 = x | before(c2,f10(x)).  [copy(180),flip(b)].

given #67 (I,wt=5): 182 -timepoint(x) | timeinterval(f11(x)).  [clausify(44)].

given #68 (I,wt=7): 183 -timepoint(x) | beginof(f11(x)) = x.  [clausify(44)].

given #69 (I,wt=7): 184 -timepoint(x) | endof(f11(x)) = x.  [clausify(44)].

given #70 (I,wt=4): 185 -PC(c3,x,y).  [deny(49)].

given #71 (I,wt=9): 186 -psl_interval(x,y) | activity_occurrence(x) | psl_interval(x,f1(x)).  [resolve(72,c,73,a)].

given #72 (I,wt=20): 187 psl_interval(x,y) | -timeinterval(y) | beginof(y) != beginof(x) | endof(y) != endof(x) | -psl_interval(x,z) | activity_occurrence(x).  [resolve(74,b,72,c)].

given #73 (I,wt=8): 188 -PC(x,y,z) | psl_interval(x,f1(x)).  [resolve(75,b,73,a)].

given #74 (I,wt=19): 189 -PC(x,y,z) | psl_interval(x,u) | -timeinterval(u) | beginof(u) != beginof(x) | endof(u) != endof(x).  [resolve(75,b,74,b)].

given #75 (I,wt=7): 196 -timeinterval(x) | -psl_interval(x,y) | activity_occurrence(x).  [resolve(79,b,72,c)].

given #76 (I,wt=6): 197 -timeinterval(x) | -PC(x,y,z).  [resolve(79,b,75,b)].

given #77 (I,wt=7): 198 -activity(x) | -psl_interval(x,y) | activity_occurrence(x).  [resolve(82,b,72,c)].

given #78 (I,wt=6): 199 -activity(x) | -PC(x,y,z).  [resolve(82,b,75,b)].

given #79 (I,wt=6): 200 -activity_occurrence(x) | -PC(x,y,z).  [resolve(83,b,75,b)].

given #80 (I,wt=7): 201 -timepoint(x) | -psl_interval(x,y) | activity_occurrence(x).  [resolve(84,a,72,c)].

given #81 (I,wt=6): 202 -timepoint(x) | -PC(x,y,z).  [resolve(84,a,75,b)].

given #82 (I,wt=8): 203 timepoint(beginof(x)) | -psl_interval(x,y) | activity_occurrence(x).  [resolve(85,a,72,c)].

given #83 (I,wt=7): 204 timepoint(beginof(x)) | -PC(x,y,z).  [resolve(85,a,75,b)].

given #84 (I,wt=8): 205 timepoint(endof(x)) | -psl_interval(x,y) | activity_occurrence(x).  [resolve(86,a,72,c)].

given #85 (I,wt=7): 206 timepoint(endof(x)) | -PC(x,y,z).  [resolve(86,a,75,b)].

given #86 (I,wt=10): 207 beforeEq(beginof(x),endof(x)) | -psl_interval(x,y) | activity_occurrence(x).  [resolve(87,a,72,c)].

given #87 (I,wt=9): 208 beforeEq(beginof(x),endof(x)) | -PC(x,y,z).  [resolve(87,a,75,b)].

given #88 (I,wt=8): 209 -participates_in(x,y,z) | psl_interval(x,f1(x)).  [resolve(88,b,73,a)].

given #89 (I,wt=19): 210 -participates_in(x,y,z) | psl_interval(x,u) | -timeinterval(u) | beginof(u) != beginof(x) | endof(u) != endof(x).  [resolve(88,b,74,b)].

given #90 (I,wt=6): 214 -participates_in(x,y,z) | -timeinterval(x).  [resolve(88,b,79,b)].

given #91 (I,wt=6): 215 -participates_in(x,y,z) | -activity(x).  [resolve(88,b,82,b)].

given #92 (I,wt=6): 216 -participates_in(x,y,z) | -activity_occurrence(x).  [resolve(88,b,83,b)].

given #93 (I,wt=6): 217 -participates_in(x,y,z) | -timepoint(x).  [resolve(88,b,84,a)].

given #94 (I,wt=7): 218 -participates_in(x,y,z) | timepoint(beginof(x)).  [resolve(88,b,85,a)].

given #95 (I,wt=7): 219 -participates_in(x,y,z) | timepoint(endof(x)).  [resolve(88,b,86,a)].

given #96 (I,wt=9): 220 -participates_in(x,y,z) | beforeEq(beginof(x),endof(x)).  [resolve(88,b,87,a)].

given #97 (I,wt=7): 221 -exists_at(x,y) | psl_interval(x,f1(x)).  [resolve(89,b,73,a)].

given #98 (I,wt=18): 222 -exists_at(x,y) | psl_interval(x,z) | -timeinterval(z) | beginof(z) != beginof(x) | endof(z) != endof(x).  [resolve(89,b,74,b)].

given #99 (I,wt=5): 225 -exists_at(x,y) | -timeinterval(x).  [resolve(89,b,79,b)].

given #100 (I,wt=5): 226 -exists_at(x,y) | -activity(x).  [resolve(89,b,82,b)].

given #101 (I,wt=5): 227 -exists_at(x,y) | -activity_occurrence(x).  [resolve(89,b,83,b)].

given #102 (I,wt=5): 228 -exists_at(x,y) | -timepoint(x).  [resolve(89,b,84,a)].

given #103 (I,wt=6): 229 -exists_at(x,y) | timepoint(beginof(x)).  [resolve(89,b,85,a)].

given #104 (I,wt=6): 230 -exists_at(x,y) | timepoint(endof(x)).  [resolve(89,b,86,a)].

given #105 (I,wt=8): 231 -exists_at(x,y) | beforeEq(beginof(x),endof(x)).  [resolve(89,b,87,a)].

given #106 (I,wt=14): 232 exists_at(x,y) | -betweenEq(beginof(x),y,endof(x)) | -psl_interval(x,z) | activity_occurrence(x).  [resolve(90,b,72,c)].

given #107 (I,wt=13): 233 exists_at(x,y) | -betweenEq(beginof(x),y,endof(x)) | -PC(x,z,u).  [resolve(90,b,75,b)].

given #108 (I,wt=13): 234 exists_at(x,y) | -betweenEq(beginof(x),y,endof(x)) | -participates_in(x,z,u).  [resolve(90,b,88,b)].

given #109 (I,wt=12): 235 exists_at(x,y) | -betweenEq(beginof(x),y,endof(x)) | -exists_at(x,z).  [resolve(90,b,89,b)].

given #110 (I,wt=4): 236 psl_interval(c3,f1(c3)).  [resolve(91,a,73,a)].

given #111 (I,wt=15): 238 psl_interval(c3,x) | -timeinterval(x) | beginof(c3) != beginof(x) | endof(c3) != endof(x).  [copy(237),flip(c),flip(d)].

given #112 (I,wt=8): 240 -activity_occurrence(x) | -timeinterval(y) | beforeEq(beginof(y),z).  [copy(239),unit_del(a,185)].

given #113 (I,wt=8): 242 -activity_occurrence(x) | -timeinterval(y) | beforeEq(z,endof(y)).  [copy(241),unit_del(a,185)].

given #114 (I,wt=2): 243 -timeinterval(c3).  [resolve(91,a,79,b)].

given #115 (I,wt=2): 244 -activity(c3).  [resolve(91,a,82,b)].

given #116 (I,wt=2): 245 -activity_occurrence(c3).  [resolve(91,a,83,b)].

given #117 (I,wt=2): 246 -timepoint(c3).  [resolve(91,a,84,a)].

given #118 (I,wt=3): 247 timepoint(beginof(c3)).  [resolve(91,a,85,a)].

given #119 (I,wt=3): 248 timepoint(endof(c3)).  [resolve(91,a,86,a)].

given #120 (I,wt=5): 249 beforeEq(beginof(c3),endof(c3)).  [resolve(91,a,87,a)].

given #121 (I,wt=9): 250 exists_at(c3,x) | -betweenEq(beginof(c3),x,endof(c3)).  [resolve(91,a,90,b)].

given #122 (I,wt=22): 251 -psl_interval(x,y) | -psl_interval(z,u) | beginof(u) != beginof(w) | endof(y) != endof(w) | psl_interval(x,f2(x,z,w)).  [resolve(92,a,93,a)].

given #123 (I,wt=22): 252 -psl_interval(x,y) | -psl_interval(z,u) | beginof(u) != beginof(w) | endof(y) != endof(w) | psl_interval(z,f3(x,z,w)).  [resolve(92,a,94,a)].

given #124 (I,wt=24): 253 -psl_interval(x,y) | -psl_interval(z,u) | beginof(u) != beginof(w) | endof(y) != endof(w) | beginof(f3(x,z,w)) = beginof(w).  [resolve(92,a,95,a)].

given #125 (I,wt=24): 254 -psl_interval(x,y) | -psl_interval(z,u) | beginof(u) != beginof(w) | endof(y) != endof(w) | endof(f2(x,z,w)) = endof(w).  [resolve(92,a,96,a)].

given #126 (I,wt=22): 255 psl_interval(x,f4(x,y,z)) | -psl_interval(x,u) | -psl_interval(y,w) | beginof(w) != beginof(z) | endof(u) != endof(z).  [resolve(97,a,92,a)].

given #127 (I,wt=22): 256 psl_interval(x,f5(y,x,z)) | -psl_interval(y,u) | -psl_interval(x,w) | beginof(w) != beginof(z) | endof(u) != endof(z).  [resolve(98,a,92,a)].

given #128 (I,wt=24): 257 beginof(f5(x,y,z)) = beginof(z) | -psl_interval(x,u) | -psl_interval(y,w) | beginof(w) != beginof(z) | endof(u) != endof(z).  [resolve(99,a,92,a)].

given #129 (I,wt=24): 258 endof(f4(x,y,z)) = endof(z) | -psl_interval(x,u) | -psl_interval(y,w) | beginof(w) != beginof(z) | endof(u) != endof(z).  [resolve(100,a,92,a)].

given #130 (I,wt=10): 259 betweenEq(beginof(x),y,endof(x)) | -participates_in(z,x,y).  [resolve(102,a,103,b)].

given #131 (I,wt=15): 260 P(x,x) | -timeinterval(x) | -beforeEq(beginof(x),beginof(x)) | -beforeEq(endof(x),endof(x)).  [factor(114,b,c)].

given #132 (I,wt=5): 261 beforeEq(x,x) | -timepoint(x).  [factor(157,b,c),xx(c)].

given #133 (I,wt=7): 262 betweenEq(x,x,x) | -beforeEq(x,x).  [factor(160,b,c)].

given #134 (I,wt=12): 263 -participates_in(x,y,z) | PC(x,y,u) | -activity_occurrence(y) | -timeinterval(u).  [factor(213,a,e)].

given #135 (I,wt=19): 264 -psl_interval(x,y) | beginof(y) != beginof(z) | endof(y) != endof(z) | psl_interval(x,f2(x,x,z)).  [factor(251,a,b)].

given #136 (I,wt=19): 265 -psl_interval(x,y) | beginof(y) != beginof(z) | endof(y) != endof(z) | psl_interval(x,f3(x,x,z)).  [factor(252,a,b)].

given #137 (I,wt=21): 266 -psl_interval(x,y) | beginof(y) != beginof(z) | endof(y) != endof(z) | beginof(f3(x,x,z)) = beginof(z).  [factor(253,a,b)].

given #138 (I,wt=21): 267 -psl_interval(x,y) | beginof(y) != beginof(z) | endof(y) != endof(z) | endof(f2(x,x,z)) = endof(z).  [factor(254,a,b)].

given #139 (I,wt=19): 268 psl_interval(x,f4(x,x,y)) | -psl_interval(x,z) | beginof(z) != beginof(y) | endof(z) != endof(y).  [factor(255,b,c)].

given #140 (I,wt=19): 269 psl_interval(x,f5(x,x,y)) | -psl_interval(x,z) | beginof(z) != beginof(y) | endof(z) != endof(y).  [factor(256,b,c)].

given #141 (I,wt=21): 270 beginof(f5(x,x,y)) = beginof(y) | -psl_interval(x,z) | beginof(z) != beginof(y) | endof(z) != endof(y).  [factor(257,b,c)].

given #142 (I,wt=21): 271 endof(f4(x,x,y)) = endof(y) | -psl_interval(x,z) | beginof(z) != beginof(y) | endof(z) != endof(y).  [factor(258,b,c)].

given #143 (A,wt=10): 272 endof(x) != y | between(beginof(x),y) = x.  [xx_res(162,a)].

given #144 (T,wt=3): 295 timeinterval(f11(c2)).  [resolve(182,a,175,a)].

given #145 (T,wt=3): 296 timeinterval(f11(c1)).  [resolve(182,a,168,a)].

given #146 (T,wt=3): 303 timeinterval(f1(c3)).  [resolve(236,a,118,a)].

given #147 (T,wt=3): 363 beforeEq(c2,c2).  [resolve(261,b,175,a)].

given #148 (A,wt=10): 273 beginof(x) != y | between(y,endof(x)) = x.  [xx_res(162,b)].

given #149 (F,wt=3): 375 -timepoint(f11(c2)).  [resolve(295,a,127,a)].

given #150 (F,wt=3): 377 -timepoint(f11(c1)).  [resolve(296,a,127,a)].

given #151 (F,wt=3): 378 -timepoint(f1(c3)).  [resolve(303,a,127,a)].

given #152 (T,wt=3): 364 beforeEq(c1,c1).  [resolve(261,b,168,a)].

given #153 (T,wt=4): 306 timeinterval(f11(beginof(c3))).  [resolve(247,a,182,a)].

given #154 (T,wt=4): 324 timeinterval(f11(endof(c3))).  [resolve(248,a,182,a)].

given #155 (T,wt=4): 379 betweenEq(c2,c2,c2).  [resolve(363,a,262,b)].

given #156 (A,wt=8): 274 beforeEq(x,c1) | -timepoint(x) | c1 != x.  [resolve(168,a,157,c)].

given #157 (F,wt=4): 386 -timepoint(f11(beginof(c3))).  [resolve(306,a,127,a)].

given #158 (F,wt=4): 388 -timepoint(f11(endof(c3))).  [resolve(324,a,127,a)].

given #159 (T,wt=4): 382 betweenEq(c1,c1,c1).  [resolve(364,a,262,b)].

given #160 (T,wt=5): 297 beginof(f11(c2)) = c2.  [resolve(183,a,175,a)].

given #161 (T,wt=4): 406 timeinterval(between(c2,c2)).  [back_rewrite(295),rewrite([392(2)])].

given #162 (T,wt=5): 298 beginof(f11(c1)) = c1.  [resolve(183,a,168,a)].

given #163 (A,wt=8): 275 beforeEq(c1,x) | -timepoint(x) | c1 != x.  [resolve(168,a,157,b),flip(c)].

given #164 (F,wt=4): 402 -timepoint(between(c2,c2)).  [back_rewrite(375),rewrite([392(2)])].

given #165 (F,wt=4): 428 -timepoint(between(c1,c1)).  [back_rewrite(377),rewrite([418(2)])].

given #166 (T,wt=4): 432 timeinterval(between(c1,c1)).  [back_rewrite(296),rewrite([418(2)])].

given #167 (T,wt=5): 361 beforeEq(endof(c3),endof(c3)).  [resolve(261,b,248,a)].

given #168 (T,wt=5): 362 beforeEq(beginof(c3),beginof(c3)).  [resolve(261,b,247,a)].

given #169 (T,wt=6): 280 c1 = "inf+" | before(c1,"inf+").  [resolve(168,a,134,a),flip(a)].

given #170 (A,wt=7): 276 c1 = "inf+" | before(f7(c1),"inf+").  [resolve(168,a,138,a),flip(a)].

given #171 (T,wt=5): 459 c1 = "inf+" | timepoint("inf+").  [resolve(280,b,129,a)].

given #172 (T,wt=6): 281 c1 = "inf-" | before("inf-",c1).  [resolve(168,a,133,a),flip(a)].

given #173 (T,wt=5): 487 c1 = "inf-" | timepoint("inf-").  [resolve(281,b,128,a)].

given #174 (T,wt=6): 284 c2 = c1 | before(c2,c1).  [resolve(175,a,170,a),flip(a)].

given #175 (A,wt=7): 277 c1 = "inf+" | before(c1,f7(c1)).  [resolve(168,a,137,a),flip(a)].

given #176 (T,wt=6): 291 c2 = "inf+" | before(c2,"inf+").  [resolve(175,a,134,a),flip(a)].

given #177 (T,wt=5): 520 c2 = "inf+" | timepoint("inf+").  [resolve(291,b,129,a)].

given #178 (T,wt=6): 292 c2 = "inf-" | before("inf-",c2).  [resolve(175,a,133,a),flip(a)].

given #179 (T,wt=5): 540 c2 = "inf-" | timepoint("inf-").  [resolve(292,b,128,a)].

given #180 (A,wt=7): 278 c1 = "inf-" | before(f6(c1),c1).  [resolve(168,a,136,a),flip(a)].

given #181 (T,wt=6): 301 endof(f1(c3)) = endof(c3).  [resolve(236,a,120,a)].

============================== PROOF =================================

% Proof 1 at 0.03 (+ 0.01) seconds.
% Length of proof is 24.
% Level of proof is 6.
% Maximum clause weight is 13.000.
% Given clauses 181.

1 (all x (ED(x) <-> object(x))) # label(non_clause).  [assumption].
7 (all x (object(x) | activity_occurrence(x) -> (exists t psl_interval(x,t)))) # label(non_clause).  [assumption].
10 (all x all y (psl_interval(x,y) <-> (activity_occurrence(x) | object(x)) & timeinterval(y) & beginof(x) = beginof(y) & endof(x) = endof(y))) # label(non_clause).  [assumption].
14 (all x (timeinterval(x) -> -(activity(x) | activity_occurrence(x) | timepoint(x) | object(x)))) # label(non_clause).  [assumption].
38 (all i all p all q (p = beginof(i) & q = endof(i) -> i = between(p,q))) # label(non_clause).  [assumption].
49 (all x (ED(x) -> (exists y exists t PC(x,y,t)))) # label(non_clause) # label(goal).  [goal].
51 -ED(x) | object(x).  [clausify(1)].
52 ED(c3).  [deny(49)].
73 -object(x) | psl_interval(x,f1(x)).  [clausify(7)].
79 -timeinterval(x) | -object(x).  [clausify(14)].
91 object(c3).  [resolve(52,a,51,a)].
118 -psl_interval(x,y) | timeinterval(y).  [clausify(10)].
119 -psl_interval(x,y) | beginof(y) = beginof(x).  [clausify(10)].
120 -psl_interval(x,y) | endof(y) = endof(x).  [clausify(10)].
162 beginof(x) != y | endof(x) != z | between(y,z) = x.  [clausify(38)].
236 psl_interval(c3,f1(c3)).  [resolve(91,a,73,a)].
243 -timeinterval(c3).  [resolve(91,a,79,b)].
272 endof(x) != y | between(beginof(x),y) = x.  [xx_res(162,a)].
301 endof(f1(c3)) = endof(c3).  [resolve(236,a,120,a)].
302 beginof(f1(c3)) = beginof(c3).  [resolve(236,a,119,a)].
303 timeinterval(f1(c3)).  [resolve(236,a,118,a)].
373 between(beginof(x),endof(x)) = x.  [xx_res(272,a)].
562 f1(c3) = c3.  [resolve(301,a,272,a),rewrite([302(3),373(5)]),flip(a)].
563 $F.  [back_rewrite(303),rewrite([562(2)]),unit_del(a,243)].

============================== end of proof ==========================

============================== STATISTICS ============================

Given=181. Generated=601. Kept=444. proofs=1.
Usable=173. Sos=224. Demods=14. Limbo=1, Disabled=260. Hints=0.
Kept_by_rule=0, Deleted_by_rule=0.
Forward_subsumed=156. Back_subsumed=16.
Sos_limit_deleted=0. Sos_displaced=0. Sos_removed=0.
New_demodulators=18 (0 lex), Back_demodulated=30. Back_unit_deleted=0.
Demod_attempts=3818. Demod_rewrites=197.
Res_instance_prunes=0. Para_instance_prunes=0. Basic_paramod_prunes=0.
Nonunit_fsub_feature_tests=198. Nonunit_bsub_feature_tests=580.
Megabytes=1.23.
User_CPU=0.03, System_CPU=0.01, Wall_clock=0.

============================== end of statistics =====================

============================== end of search =========================

THEOREM PROVED

Exiting with 1 proof.

Process 15689 exit (max_proofs) Tue Jul 16 23:41:46 2013
