============================== Mace4 =================================
Mace4 (64) version 2009-11A, November 2009.
Process 15695 was started by cchui on stl1.mie.utoronto.ca,
Tue Jul 16 23:41:52 2013
The command was "mace4 -c -t 600 -s 60 -n 2 -N 20 -f test/p9/interval_mandatory.p9 test/p9/interval_psl_core2dolce_present.p9 test/p9/interval_mandatory2dolce_participation.p9 test/p9/interval_psl_core.p9 test/p9/interval_moment.p9 test/p9/psl_core_root-ext.p9 test/p9/interval_with_endpoints.p9 test/p9/moment_with_endpoints.p9 test/p9/finite_sim_vc_end.p9 test/p9/lp_infinite_end.p9 test/p9/finite_moment.p9 test/p9/lp_ordering.p9 test/p9/ex0716_interval_mandatory2dolce_participation_4.p9".
============================== end of head ===========================

============================== INPUT =================================

% Reading from file test/p9/interval_mandatory.p9


formulas(sos).
end_of_list.

% Reading from file test/p9/interval_psl_core2dolce_present.p9


formulas(sos).
(all x (ED(x) <-> object(x))).
(all x (PD(x) <-> activity_occurrence(x))).
(all x (T(x) <-> timeinterval(x))).
(all t1 all t2 (P(t1,t2) <-> timeinterval(t1) & timeinterval(t2) & beforeEq(beginof(t2),beginof(t1)) & beforeEq(endof(t1),endof(t2)))).
(all x all y all t (PRE(x,t) <-> (object(x) | activity_occurrence(x)) & timeinterval(t) & beforeEq(beginof(x),beginof(t)) & beforeEq(endof(t),endof(x)))).
(all x all y all z (SUM(z,x,y) <-> timeinterval(x) & timeinterval(y) & timeinterval(z) & (beginof(z) = beginof(x) & endof(z) = endof(y) | beginof(z) = beginof(y) & endof(z) = endof(x)))).
(all x (object(x) | activity_occurrence(x) -> (exists t psl_interval(x,t)))).
(all x all y all z (beforeEq(x,y) & beforeEq(y,z) -> beforeEq(x,z))).
(all x all y all z (P(x,y) & P(y,z) -> P(x,z))).
(all x all y (psl_interval(x,y) <-> (activity_occurrence(x) | object(x)) & timeinterval(y) & beginof(x) = beginof(y) & endof(x) = endof(y))).
(all x all y all z (overlay(x,y,z) <-> (exists i1 exists i2 (psl_interval(x,i1) & psl_interval(y,i2) & beginof(i2) = beginof(z) & endof(i1) = endof(z))))).
end_of_list.

% Reading from file test/p9/interval_mandatory2dolce_participation.p9


formulas(sos).
(all x all y all z all t (PC(x,y,z) <-> object(x) & activity_occurrence(y) & timeinterval(z) & (beforeEq(beginof(z),t) & beforeEq(t,endof(z)) -> participates_in(x,y,t)))).
(all t1 all t2 (P(t1,t2) <-> timeinterval(t1) & timeinterval(t2) & beforeEq(beginof(t2),beginof(t1)) & beforeEq(endof(t1),endof(t2)))).
end_of_list.

% Reading from file test/p9/interval_psl_core.p9


formulas(sos).
(all x (timeinterval(x) -> -(activity(x) | activity_occurrence(x) | timepoint(x) | object(x)))).
(all x all y (psl_interval(x,y) <-> (activity_occurrence(x) | object(x)) & timeinterval(y) & beginof(x) = beginof(y) & endof(x) = endof(y))).
(all x all y all z (overlay(x,y,z) <-> (exists i1 exists i2 (psl_interval(x,i1) & psl_interval(y,i2) & beginof(i2) = beginof(z) & endof(i1) = endof(z))))).
end_of_list.

% Reading from file test/p9/interval_moment.p9


formulas(sos).
end_of_list.

% Reading from file test/p9/psl_core_root-ext.p9


formulas(sos).
(all t1 all t2 (before(t1,t2) -> timepoint(t1) & timepoint(t2))).
(all t1 all t2 (timepoint(t1) & timepoint(t2) -> t1 = t2 | before(t1,t2) | before(t2,t1))).
(all t1 -before(t1,t1)).
(all t1 all t2 all t3 (before(t1,t2) & before(t2,t3) -> before(t1,t3))).
(all t (timepoint(t) & t != "inf-" -> before("inf-",t))).
(all t (timepoint(t) & t != "inf+" -> before(t,"inf+"))).
(all t (timepoint(t) & t != "inf-" -> (exists u (before("inf-",u) & before(u,t))))).
(all t (timepoint(t) & t != "inf+" -> (exists u (before(t,u) & before(u,"inf+"))))).
(all x ((activity(x) -> -(activity_occurrence(x) | object(x) | timepoint(x))) & (activity_occurrence(x) -> -(object(x) | timepoint(x))) & (object(x) -> -timepoint(x)))).
(all a all occ (occurrence_of(occ,a) -> activity(a) & activity_occurrence(occ))).
(all occ (activity_occurrence(occ) -> (exists a (activity(a) & occurrence_of(occ,a))))).
(all occ all a1 all a2 (occurrence_of(occ,a1) & occurrence_of(occ,a2) -> a1 = a2)).
(all a all x (occurrence_of(x,a) | object(x) -> timepoint(beginof(x)) & timepoint(endof(x)))).
(all x (activity_occurrence(x) | object(x) -> beforeEq(beginof(x),endof(x)))).
(all x all occ all t (participates_in(x,occ,t) -> object(x) & activity_occurrence(occ) & timepoint(t))).
(all x all occ all t (participates_in(x,occ,t) -> exists_at(x,t) & is_occurring_at(occ,t))).
(all t1 all t2 (beforeEq(t1,t2) <-> timepoint(t1) & timepoint(t2) & (before(t1,t2) | t1 = t2))).
(all t1 all t2 all t3 (betweenEq(t1,t2,t3) <-> beforeEq(t1,t2) & beforeEq(t2,t3))).
(all x all t (exists_at(x,t) <-> object(x) & betweenEq(beginof(x),t,endof(x)))).
(all occ all t (is_occurring_at(occ,t) <-> betweenEq(beginof(occ),t,endof(occ)))).
end_of_list.

% Reading from file test/p9/interval_with_endpoints.p9


formulas(sos).
end_of_list.

% Reading from file test/p9/moment_with_endpoints.p9


formulas(sos).
end_of_list.

% Reading from file test/p9/finite_sim_vc_end.p9


formulas(sos).
(all x (timepoint(x) -> -timeinterval(x))).
(all i all p all q (p = beginof(i) & q = endof(i) -> i = between(p,q))).
(all i (timeinterval(i) -> timepoint(beginof(i)) & timepoint(endof(i)))).
(all x all y (before(x,y) -> timeinterval(between(x,y)))).
(all p all q (before(p,q) -> p = beginof(between(p,q)) & q = endof(between(p,q)))).
end_of_list.

% Reading from file test/p9/lp_infinite_end.p9


formulas(sos).
(exists t1 (timepoint(t1) & (all t2 (timepoint(t2) & t1 != t2 -> before(t2,t1))) & (all t3 (timepoint(t3) & t1 != t3 -> (exists t4 (before(t3,t4) & before(t4,t1))))))).
(exists t1 (timepoint(t1) & (all t2 (timepoint(t2) & t1 != t2 -> before(t1,t2))) & (all t3 (timepoint(t3) & t1 != t3 -> (exists t4 (before(t4,t3) & before(t1,t4))))))).
end_of_list.

% Reading from file test/p9/finite_moment.p9


formulas(sos).
(all t (timepoint(t) -> (exists i (timeinterval(i) & t = beginof(i) & t = endof(i))))).
end_of_list.

% Reading from file test/p9/lp_ordering.p9


formulas(sos).
(all x all y all z (timepoint(x) & timepoint(y) & timepoint(z) & before(x,y) & before(y,z) -> before(x,z))).
(all x (timepoint(x) -> -before(x,x))).
(all x all y (timepoint(x) & timepoint(y) -> before(x,y) | before(y,x) | x = y)).
(all x all y (bbefore(x,y) <-> timepoint(x) & timepoint(y) & (before(x,y) | x = y))).
end_of_list.

% Reading from file test/p9/ex0716_interval_mandatory2dolce_participation_4.p9


formulas(goals).
(all x all y all t (PC(x,y,t) -> PRE(x,t) & PRE(y,t))).
end_of_list.

% From the command line: assign(max_seconds, 600).

% From the command line: assign(max_seconds_per, 60).
    % assign(domain_size, 2) -> assign(start_size, 2).
    % assign(domain_size, 2) -> assign(end_size, 2).

% From the command line: assign(domain_size, 2).

% From the command line: assign(end_size, 20).

============================== end of input ==========================

============================== PROCESS NON-CLAUSAL FORMULAS ==========

% Formulas that are not ordinary clauses:
1 (all x (ED(x) <-> object(x))) # label(non_clause).  [assumption].
2 (all x (PD(x) <-> activity_occurrence(x))) # label(non_clause).  [assumption].
3 (all x (T(x) <-> timeinterval(x))) # label(non_clause).  [assumption].
4 (all t1 all t2 (P(t1,t2) <-> timeinterval(t1) & timeinterval(t2) & beforeEq(beginof(t2),beginof(t1)) & beforeEq(endof(t1),endof(t2)))) # label(non_clause).  [assumption].
5 (all x all y all t (PRE(x,t) <-> (object(x) | activity_occurrence(x)) & timeinterval(t) & beforeEq(beginof(x),beginof(t)) & beforeEq(endof(t),endof(x)))) # label(non_clause).  [assumption].
6 (all x all y all z (SUM(z,x,y) <-> timeinterval(x) & timeinterval(y) & timeinterval(z) & (beginof(z) = beginof(x) & endof(z) = endof(y) | beginof(z) = beginof(y) & endof(z) = endof(x)))) # label(non_clause).  [assumption].
7 (all x (object(x) | activity_occurrence(x) -> (exists t psl_interval(x,t)))) # label(non_clause).  [assumption].
8 (all x all y all z (beforeEq(x,y) & beforeEq(y,z) -> beforeEq(x,z))) # label(non_clause).  [assumption].
9 (all x all y all z (P(x,y) & P(y,z) -> P(x,z))) # label(non_clause).  [assumption].
10 (all x all y (psl_interval(x,y) <-> (activity_occurrence(x) | object(x)) & timeinterval(y) & beginof(x) = beginof(y) & endof(x) = endof(y))) # label(non_clause).  [assumption].
11 (all x all y all z (overlay(x,y,z) <-> (exists i1 exists i2 (psl_interval(x,i1) & psl_interval(y,i2) & beginof(i2) = beginof(z) & endof(i1) = endof(z))))) # label(non_clause).  [assumption].
12 (all x all y all z all t (PC(x,y,z) <-> object(x) & activity_occurrence(y) & timeinterval(z) & (beforeEq(beginof(z),t) & beforeEq(t,endof(z)) -> participates_in(x,y,t)))) # label(non_clause).  [assumption].
13 (all t1 all t2 (P(t1,t2) <-> timeinterval(t1) & timeinterval(t2) & beforeEq(beginof(t2),beginof(t1)) & beforeEq(endof(t1),endof(t2)))) # label(non_clause).  [assumption].
14 (all x (timeinterval(x) -> -(activity(x) | activity_occurrence(x) | timepoint(x) | object(x)))) # label(non_clause).  [assumption].
15 (all x all y (psl_interval(x,y) <-> (activity_occurrence(x) | object(x)) & timeinterval(y) & beginof(x) = beginof(y) & endof(x) = endof(y))) # label(non_clause).  [assumption].
16 (all x all y all z (overlay(x,y,z) <-> (exists i1 exists i2 (psl_interval(x,i1) & psl_interval(y,i2) & beginof(i2) = beginof(z) & endof(i1) = endof(z))))) # label(non_clause).  [assumption].
17 (all t1 all t2 (before(t1,t2) -> timepoint(t1) & timepoint(t2))) # label(non_clause).  [assumption].
18 (all t1 all t2 (timepoint(t1) & timepoint(t2) -> t1 = t2 | before(t1,t2) | before(t2,t1))) # label(non_clause).  [assumption].
19 (all t1 -before(t1,t1)) # label(non_clause).  [assumption].
20 (all t1 all t2 all t3 (before(t1,t2) & before(t2,t3) -> before(t1,t3))) # label(non_clause).  [assumption].
21 (all t (timepoint(t) & t != "inf-" -> before("inf-",t))) # label(non_clause).  [assumption].
22 (all t (timepoint(t) & t != "inf+" -> before(t,"inf+"))) # label(non_clause).  [assumption].
23 (all t (timepoint(t) & t != "inf-" -> (exists u (before("inf-",u) & before(u,t))))) # label(non_clause).  [assumption].
24 (all t (timepoint(t) & t != "inf+" -> (exists u (before(t,u) & before(u,"inf+"))))) # label(non_clause).  [assumption].
25 (all x ((activity(x) -> -(activity_occurrence(x) | object(x) | timepoint(x))) & (activity_occurrence(x) -> -(object(x) | timepoint(x))) & (object(x) -> -timepoint(x)))) # label(non_clause).  [assumption].
26 (all a all occ (occurrence_of(occ,a) -> activity(a) & activity_occurrence(occ))) # label(non_clause).  [assumption].
27 (all occ (activity_occurrence(occ) -> (exists a (activity(a) & occurrence_of(occ,a))))) # label(non_clause).  [assumption].
28 (all occ all a1 all a2 (occurrence_of(occ,a1) & occurrence_of(occ,a2) -> a1 = a2)) # label(non_clause).  [assumption].
29 (all a all x (occurrence_of(x,a) | object(x) -> timepoint(beginof(x)) & timepoint(endof(x)))) # label(non_clause).  [assumption].
30 (all x (activity_occurrence(x) | object(x) -> beforeEq(beginof(x),endof(x)))) # label(non_clause).  [assumption].
31 (all x all occ all t (participates_in(x,occ,t) -> object(x) & activity_occurrence(occ) & timepoint(t))) # label(non_clause).  [assumption].
32 (all x all occ all t (participates_in(x,occ,t) -> exists_at(x,t) & is_occurring_at(occ,t))) # label(non_clause).  [assumption].
33 (all t1 all t2 (beforeEq(t1,t2) <-> timepoint(t1) & timepoint(t2) & (before(t1,t2) | t1 = t2))) # label(non_clause).  [assumption].
34 (all t1 all t2 all t3 (betweenEq(t1,t2,t3) <-> beforeEq(t1,t2) & beforeEq(t2,t3))) # label(non_clause).  [assumption].
35 (all x all t (exists_at(x,t) <-> object(x) & betweenEq(beginof(x),t,endof(x)))) # label(non_clause).  [assumption].
36 (all occ all t (is_occurring_at(occ,t) <-> betweenEq(beginof(occ),t,endof(occ)))) # label(non_clause).  [assumption].
37 (all x (timepoint(x) -> -timeinterval(x))) # label(non_clause).  [assumption].
38 (all i all p all q (p = beginof(i) & q = endof(i) -> i = between(p,q))) # label(non_clause).  [assumption].
39 (all i (timeinterval(i) -> timepoint(beginof(i)) & timepoint(endof(i)))) # label(non_clause).  [assumption].
40 (all x all y (before(x,y) -> timeinterval(between(x,y)))) # label(non_clause).  [assumption].
41 (all p all q (before(p,q) -> p = beginof(between(p,q)) & q = endof(between(p,q)))) # label(non_clause).  [assumption].
42 (exists t1 (timepoint(t1) & (all t2 (timepoint(t2) & t1 != t2 -> before(t2,t1))) & (all t3 (timepoint(t3) & t1 != t3 -> (exists t4 (before(t3,t4) & before(t4,t1))))))) # label(non_clause).  [assumption].
43 (exists t1 (timepoint(t1) & (all t2 (timepoint(t2) & t1 != t2 -> before(t1,t2))) & (all t3 (timepoint(t3) & t1 != t3 -> (exists t4 (before(t4,t3) & before(t1,t4))))))) # label(non_clause).  [assumption].
44 (all t (timepoint(t) -> (exists i (timeinterval(i) & t = beginof(i) & t = endof(i))))) # label(non_clause).  [assumption].
45 (all x all y all z (timepoint(x) & timepoint(y) & timepoint(z) & before(x,y) & before(y,z) -> before(x,z))) # label(non_clause).  [assumption].
46 (all x (timepoint(x) -> -before(x,x))) # label(non_clause).  [assumption].
47 (all x all y (timepoint(x) & timepoint(y) -> before(x,y) | before(y,x) | x = y)) # label(non_clause).  [assumption].
48 (all x all y (bbefore(x,y) <-> timepoint(x) & timepoint(y) & (before(x,y) | x = y))) # label(non_clause).  [assumption].
49 (all x all y all t (PC(x,y,t) -> PRE(x,t) & PRE(y,t))) # label(non_clause) # label(goal).  [goal].

============================== end of process non-clausal formulas ===

============================== CLAUSES FOR SEARCH ====================

formulas(mace4_clauses).
-ED(x) | object(x).
ED(x) | -object(x).
-PD(x) | activity_occurrence(x).
PD(x) | -activity_occurrence(x).
-T(x) | timeinterval(x).
T(x) | -timeinterval(x).
-P(x,y) | timeinterval(x).
-P(x,y) | timeinterval(y).
-P(x,y) | beforeEq(beginof(y),beginof(x)).
-P(x,y) | beforeEq(endof(x),endof(y)).
P(x,y) | -timeinterval(x) | -timeinterval(y) | -beforeEq(beginof(y),beginof(x)) | -beforeEq(endof(x),endof(y)).
-PRE(x,y) | object(x) | activity_occurrence(x).
-PRE(x,y) | timeinterval(y).
-PRE(x,y) | beforeEq(beginof(x),beginof(y)).
-PRE(x,y) | beforeEq(endof(y),endof(x)).
PRE(x,y) | -object(x) | -timeinterval(y) | -beforeEq(beginof(x),beginof(y)) | -beforeEq(endof(y),endof(x)).
PRE(x,y) | -activity_occurrence(x) | -timeinterval(y) | -beforeEq(beginof(x),beginof(y)) | -beforeEq(endof(y),endof(x)).
-SUM(x,y,z) | timeinterval(y).
-SUM(x,y,z) | timeinterval(z).
-SUM(x,y,z) | timeinterval(x).
-SUM(x,y,z) | beginof(x) = beginof(y) | beginof(x) = beginof(z).
-SUM(x,y,z) | beginof(x) = beginof(y) | endof(x) = endof(y).
-SUM(x,y,z) | endof(x) = endof(z) | beginof(x) = beginof(z).
-SUM(x,y,z) | endof(x) = endof(z) | endof(x) = endof(y).
SUM(x,y,z) | -timeinterval(y) | -timeinterval(z) | -timeinterval(x) | beginof(x) != beginof(y) | endof(x) != endof(z).
SUM(x,y,z) | -timeinterval(y) | -timeinterval(z) | -timeinterval(x) | beginof(x) != beginof(z) | endof(x) != endof(y).
-object(x) | psl_interval(x,f1(x)).
-activity_occurrence(x) | psl_interval(x,f1(x)).
-beforeEq(x,y) | -beforeEq(y,z) | beforeEq(x,z).
-P(x,y) | -P(y,z) | P(x,z).
-psl_interval(x,y) | activity_occurrence(x) | object(x).
-psl_interval(x,y) | timeinterval(y).
-psl_interval(x,y) | beginof(y) = beginof(x).
-psl_interval(x,y) | endof(y) = endof(x).
psl_interval(x,y) | -activity_occurrence(x) | -timeinterval(y) | beginof(y) != beginof(x) | endof(y) != endof(x).
psl_interval(x,y) | -object(x) | -timeinterval(y) | beginof(y) != beginof(x) | endof(y) != endof(x).
-overlay(x,y,z) | psl_interval(x,f2(x,y,z)).
-overlay(x,y,z) | psl_interval(y,f3(x,y,z)).
-overlay(x,y,z) | beginof(f3(x,y,z)) = beginof(z).
-overlay(x,y,z) | endof(f2(x,y,z)) = endof(z).
overlay(x,y,z) | -psl_interval(x,u) | -psl_interval(y,w) | beginof(w) != beginof(z) | endof(u) != endof(z).
-PC(x,y,z) | object(x).
-PC(x,y,z) | activity_occurrence(y).
-PC(x,y,z) | timeinterval(z).
-PC(x,y,z) | -beforeEq(beginof(z),u) | -beforeEq(u,endof(z)) | participates_in(x,y,u).
PC(x,y,z) | -object(x) | -activity_occurrence(y) | -timeinterval(z) | beforeEq(beginof(z),u).
PC(x,y,z) | -object(x) | -activity_occurrence(y) | -timeinterval(z) | beforeEq(u,endof(z)).
PC(x,y,z) | -object(x) | -activity_occurrence(y) | -timeinterval(z) | -participates_in(x,y,u).
-P(x,y) | timeinterval(x).
-P(x,y) | timeinterval(y).
-P(x,y) | beforeEq(beginof(y),beginof(x)).
-P(x,y) | beforeEq(endof(x),endof(y)).
P(x,y) | -timeinterval(x) | -timeinterval(y) | -beforeEq(beginof(y),beginof(x)) | -beforeEq(endof(x),endof(y)).
-timeinterval(x) | -activity(x).
-timeinterval(x) | -activity_occurrence(x).
-timeinterval(x) | -timepoint(x).
-timeinterval(x) | -object(x).
-psl_interval(x,y) | activity_occurrence(x) | object(x).
-psl_interval(x,y) | timeinterval(y).
-psl_interval(x,y) | beginof(y) = beginof(x).
-psl_interval(x,y) | endof(y) = endof(x).
psl_interval(x,y) | -activity_occurrence(x) | -timeinterval(y) | beginof(y) != beginof(x) | endof(y) != endof(x).
psl_interval(x,y) | -object(x) | -timeinterval(y) | beginof(y) != beginof(x) | endof(y) != endof(x).
-overlay(x,y,z) | psl_interval(x,f4(x,y,z)).
-overlay(x,y,z) | psl_interval(y,f5(x,y,z)).
-overlay(x,y,z) | beginof(f5(x,y,z)) = beginof(z).
-overlay(x,y,z) | endof(f4(x,y,z)) = endof(z).
overlay(x,y,z) | -psl_interval(x,u) | -psl_interval(y,w) | beginof(w) != beginof(z) | endof(u) != endof(z).
-before(x,y) | timepoint(x).
-before(x,y) | timepoint(y).
-timepoint(x) | -timepoint(y) | y = x | before(x,y) | before(y,x).
-before(x,x).
-before(x,y) | -before(y,z) | before(x,z).
-timepoint(x) | "inf-" = x | before("inf-",x).
-timepoint(x) | "inf+" = x | before(x,"inf+").
-timepoint(x) | "inf-" = x | before("inf-",f6(x)).
-timepoint(x) | "inf-" = x | before(f6(x),x).
-timepoint(x) | "inf+" = x | before(x,f7(x)).
-timepoint(x) | "inf+" = x | before(f7(x),"inf+").
-activity(x) | -activity_occurrence(x).
-activity(x) | -object(x).
-activity(x) | -timepoint(x).
-activity_occurrence(x) | -object(x).
-activity_occurrence(x) | -timepoint(x).
-object(x) | -timepoint(x).
-occurrence_of(x,y) | activity(y).
-occurrence_of(x,y) | activity_occurrence(x).
-activity_occurrence(x) | activity(f8(x)).
-activity_occurrence(x) | occurrence_of(x,f8(x)).
-occurrence_of(x,y) | -occurrence_of(x,z) | z = y.
-occurrence_of(x,y) | timepoint(beginof(x)).
-occurrence_of(x,y) | timepoint(endof(x)).
-object(x) | timepoint(beginof(x)).
-object(x) | timepoint(endof(x)).
-activity_occurrence(x) | beforeEq(beginof(x),endof(x)).
-object(x) | beforeEq(beginof(x),endof(x)).
-participates_in(x,y,z) | object(x).
-participates_in(x,y,z) | activity_occurrence(y).
-participates_in(x,y,z) | timepoint(z).
-participates_in(x,y,z) | exists_at(x,z).
-participates_in(x,y,z) | is_occurring_at(y,z).
-beforeEq(x,y) | timepoint(x).
-beforeEq(x,y) | timepoint(y).
-beforeEq(x,y) | before(x,y) | y = x.
beforeEq(x,y) | -timepoint(x) | -timepoint(y) | -before(x,y).
beforeEq(x,y) | -timepoint(x) | -timepoint(y) | y != x.
-betweenEq(x,y,z) | beforeEq(x,y).
-betweenEq(x,y,z) | beforeEq(y,z).
betweenEq(x,y,z) | -beforeEq(x,y) | -beforeEq(y,z).
-exists_at(x,y) | object(x).
-exists_at(x,y) | betweenEq(beginof(x),y,endof(x)).
exists_at(x,y) | -object(x) | -betweenEq(beginof(x),y,endof(x)).
-is_occurring_at(x,y) | betweenEq(beginof(x),y,endof(x)).
is_occurring_at(x,y) | -betweenEq(beginof(x),y,endof(x)).
-timepoint(x) | -timeinterval(x).
beginof(x) != y | endof(x) != z | between(y,z) = x.
-timeinterval(x) | timepoint(beginof(x)).
-timeinterval(x) | timepoint(endof(x)).
-before(x,y) | timeinterval(between(x,y)).
-before(x,y) | beginof(between(x,y)) = x.
-before(x,y) | endof(between(x,y)) = y.
timepoint(c1).
-timepoint(x) | x = c1 | before(x,c1).
-timepoint(x) | x = c1 | before(x,f9(x)).
-timepoint(x) | x = c1 | before(f9(x),c1).
timepoint(c2).
-timepoint(x) | x = c2 | before(c2,x).
-timepoint(x) | x = c2 | before(f10(x),x).
-timepoint(x) | x = c2 | before(c2,f10(x)).
-timepoint(x) | timeinterval(f11(x)).
-timepoint(x) | beginof(f11(x)) = x.
-timepoint(x) | endof(f11(x)) = x.
-timepoint(x) | -timepoint(y) | -timepoint(z) | -before(x,y) | -before(y,z) | before(x,z).
-timepoint(x) | -before(x,x).
-timepoint(x) | -timepoint(y) | before(x,y) | before(y,x) | y = x.
-bbefore(x,y) | timepoint(x).
-bbefore(x,y) | timepoint(y).
-bbefore(x,y) | before(x,y) | y = x.
bbefore(x,y) | -timepoint(x) | -timepoint(y) | -before(x,y).
bbefore(x,y) | -timepoint(x) | -timepoint(y) | y != x.
PC(c3,c4,c5).
-PRE(c3,c5) | -PRE(c4,c5).
end_of_list.

============================== end of clauses for search =============

% There are no natural numbers in the input.

============================== DOMAIN SIZE 2 =========================

============================== STATISTICS ============================

For domain size 2.

Current CPU time: 0.00 seconds (total CPU time: 0.01 seconds).
Ground clauses: seen=708, kept=668.
Selections=7, assignments=13, propagations=131, current_models=0.
Rewrite_terms=509, rewrite_bools=1047, indexes=14.
Rules_from_neg_clauses=7, cross_offs=7.

============================== end of statistics =====================

============================== DOMAIN SIZE 3 =========================

============================== STATISTICS ============================

For domain size 3.

Current CPU time: 0.00 seconds (total CPU time: 0.01 seconds).
Ground clauses: seen=2350, kept=2269.
Selections=11, assignments=28, propagations=364, current_models=0.
Rewrite_terms=1429, rewrite_bools=4302, indexes=78.
Rules_from_neg_clauses=11, cross_offs=30.

============================== end of statistics =====================

============================== DOMAIN SIZE 4 =========================

============================== STATISTICS ============================

For domain size 4.

Current CPU time: 0.00 seconds (total CPU time: 0.03 seconds).
Ground clauses: seen=6292, kept=6156.
Selections=13, assignments=37, propagations=1008, current_models=0.
Rewrite_terms=3340, rewrite_bools=16832, indexes=200.
Rules_from_neg_clauses=11, cross_offs=72.

============================== end of statistics =====================

============================== DOMAIN SIZE 5 =========================

============================== STATISTICS ============================

For domain size 5.

Current CPU time: 0.00 seconds (total CPU time: 0.08 seconds).
Ground clauses: seen=14574, kept=14369.
Selections=14, assignments=42, propagations=2069, current_models=0.
Rewrite_terms=6947, rewrite_bools=43021, indexes=401.
Rules_from_neg_clauses=14, cross_offs=127.

============================== end of statistics =====================

============================== DOMAIN SIZE 6 =========================

============================== STATISTICS ============================

For domain size 6.

Current CPU time: 0.00 seconds (total CPU time: 0.22 seconds).
Ground clauses: seen=30292, kept=30004.
Selections=17, assignments=58, propagations=3443, current_models=0.
Rewrite_terms=51450, rewrite_bools=91574, indexes=1414.
Rules_from_neg_clauses=17, cross_offs=179.

============================== end of statistics =====================

============================== DOMAIN SIZE 7 =========================

============================== STATISTICS ============================

For domain size 7.

Current CPU time: 0.00 seconds (total CPU time: 0.52 seconds).
Ground clauses: seen=57838, kept=57453.
Selections=21, assignments=83, propagations=5228, current_models=0.
Rewrite_terms=136430, rewrite_bools=173861, indexes=3307.
Rules_from_neg_clauses=16, cross_offs=236.

============================== end of statistics =====================

============================== DOMAIN SIZE 8 =========================

============================== STATISTICS ============================

For domain size 8.

Current CPU time: 0.00 seconds (total CPU time: 1.11 seconds).
Ground clauses: seen=103140, kept=102644.
Selections=23, assignments=97, propagations=7716, current_models=0.
Rewrite_terms=262992, rewrite_bools=315852, indexes=6327.
Rules_from_neg_clauses=16, cross_offs=280.

============================== end of statistics =====================

============================== DOMAIN SIZE 9 =========================

mace4_sig_handler: condition 2
============================== STATISTICS ============================

For domain size 9.

Current CPU time: 0.00 seconds (total CPU time: 1.89 seconds).
Ground clauses: seen=173902, kept=173281.
Selections=20, assignments=77, propagations=8693, current_models=0.
Rewrite_terms=269329, rewrite_bools=447762, indexes=7075.
Rules_from_neg_clauses=8, cross_offs=259.

============================== end of statistics =====================

User_CPU=1.89, System_CPU=0.07, Wall_clock=2.

Exiting with failure.

Process 15695 exit (mace_sigint) Tue Jul 16 23:41:54 2013
The process finished Tue Jul 16 23:41:54 2013
