============================== prooftrans ============================
Prover9 (32) version Dec-2007, Dec 2007.
Process 12144 was started by Bahar on Bahar-THINK,
Thu May  2 02:13:54 2013
The command was "/cygdrive/c/Program Files (x86)/Prover9-Mace4/bin-win32/prover9".
============================== end of head ===========================

============================== end of input ==========================

============================== PROOF =================================

% -------- Comments from original proof --------
% Proof 1 at 29.16 (+ 0.58) seconds.
% Length of proof is 163.
% Level of proof is 40.
% Maximum clause weight is 29.
% Given clauses 2361.

1 (all occ (activity_occurrence(occ) -> (exists a (activity(a) & occurrence_of(occ,a))))) # label(non_clause).  [assumption].
2 (all s (arboreal(s) -> activity_occurrence(s))) # label(non_clause).  [assumption].
3 (all s all a (occurrence_of(s,a) -> (arboreal(s) <-> generator(a)))) # label(non_clause).  [assumption].
4 (all a all o (occurrence_of(successor(a,o),a) <-> generator(a) & arboreal(o))) # label(non_clause).  [assumption].
6 (all f all occ (prior(f,occ) -> state(f) & arboreal(occ))) # label(non_clause).  [assumption].
7 (all a all occ all f (prior(f,successor(a,occ)) <-> holds(f,occ) & generator(a))) # label(non_clause).  [assumption].
8 (all f all o (falsifies(o,f) <-> state(f) & arboreal(o) & prior(f,o) & -holds(f,o))) # label(non_clause).  [assumption].
9 (all f all o (achieves(o,f) <-> state(f) & arboreal(o) & -prior(f,o) & holds(f,o))) # label(non_clause).  [assumption].
10 (all f all o (changes(o,f) <-> achieves(o,f) | falsifies(o,f))) # label(non_clause).  [assumption].
14 (all x all y all o (prior(Ps(x,y),o) <-> arboreal(o) & prior(region(x),o) & prior(region(y),o) & (all z (prior(connect(z,x),o) -> prior(connect(z,y),o))))) # label(non_clause).  [assumption].
16 (all x all y all o (prior(Os(x,y),o) <-> arboreal(o) & (exists z (prior(Ps(z,x),o) & prior(Ps(z,y),o))))) # label(non_clause).  [assumption].
21 (all x all y all o (prior(EQs(x,y),o) <-> arboreal(o) & prior(Ps(x,y),o) & prior(Ps(y,x),o))) # label(non_clause).  [assumption].
22 (all x all y all o (prior(POs(x,y),o) <-> arboreal(o) & prior(Os(x,y),o) & -prior(Ps(x,y),o) & -prior(Ps(y,x),o))) # label(non_clause).  [assumption].
27 (all o all x all y (changes(o,Ps(x,y)) & changes(o,Ps(y,x)) -> changes(o,region(x)) | changes(o,region(y)))) # label(non_clause).  [assumption].
28 (all x all y all o (changes(o,POs(x,y)) -> -changes(o,EQs(x,y)))) # label(non_clause) # label(goal).  [goal].
29 -arboreal(x) | activity_occurrence(x).  [clausify(2)].
31 -activity_occurrence(x) | occurrence_of(x,f1(x)).  [clausify(1)].
32 occurrence_of(successor(x,y),x) | -generator(x) | -arboreal(y).  [clausify(4)].
33 -occurrence_of(x,y) | -arboreal(x) | generator(y).  [clausify(3)].
34 -occurrence_of(x,y) | arboreal(x) | -generator(y).  [clausify(3)].
37 -arboreal(x) | occurrence_of(x,f1(x)).  [resolve(29,b,31,a)].
38 -prior(x,successor(y,z)) | holds(x,z).  [clausify(7)].
41 prior(x,successor(y,z)) | -holds(x,z) | -generator(y).  [clausify(7)].
42 -falsifies(x,y) | -holds(y,x).  [clausify(8)].
43 falsifies(x,y) | -state(y) | -arboreal(x) | -prior(y,x) | holds(y,x).  [clausify(8)].
44 -achieves(x,y) | holds(y,x).  [clausify(9)].
45 achieves(x,y) | -state(y) | -arboreal(x) | prior(y,x) | -holds(y,x).  [clausify(9)].
46 falsifies(x,y) | -state(y) | -arboreal(x) | -prior(y,x) | prior(y,successor(z,x)) | -generator(z).  [resolve(43,e,41,b)].
47 -prior(x,y) | state(x).  [clausify(6)].
52 achieves(x,y) | -state(y) | -arboreal(x) | prior(y,x) | -prior(y,successor(z,x)).  [resolve(45,e,38,b)].
53 -changes(x,y) | achieves(x,y) | falsifies(x,y).  [clausify(10)].
54 -falsifies(x,y) | arboreal(x).  [clausify(8)].
55 -falsifies(x,y) | prior(y,x).  [clausify(8)].
56 changes(x,y) | -falsifies(x,y).  [clausify(10)].
57 -falsifies(x,y) | -prior(y,successor(z,x)).  [resolve(42,b,38,b)].
59 falsifies(x,y) | -arboreal(x) | -prior(y,x) | prior(y,successor(z,x)) | -generator(z) | -prior(y,u).  [resolve(46,b,47,b)].
60 achieves(x,y) | -arboreal(x) | prior(y,x) | -prior(y,successor(z,x)) | -prior(y,u).  [resolve(52,b,47,b)].
61 -achieves(x,y) | arboreal(x).  [clausify(9)].
62 -achieves(x,y) | -prior(y,x).  [clausify(9)].
63 changes(x,y) | -achieves(x,y).  [clausify(10)].
65 -achieves(x,y) | prior(y,successor(z,x)) | -generator(z).  [resolve(44,b,41,b)].
66 -changes(x,y) | achieves(x,y) | arboreal(x).  [resolve(53,c,54,a)].
67 -changes(x,y) | achieves(x,y) | prior(y,x).  [resolve(53,c,55,a)].
68 -prior(x,successor(y,z)) | -changes(z,x) | achieves(z,x).  [resolve(57,a,53,c)].
76 -prior(Ps(x,y),z) | prior(region(x),z).  [clausify(14)].
77 -prior(Ps(x,y),z) | prior(region(y),z).  [clausify(14)].
79 prior(Ps(x,y),z) | -arboreal(z) | -prior(region(x),z) | -prior(region(y),z) | prior(connect(f2(x,y,z),x),z).  [clausify(14)].
80 prior(Ps(x,y),z) | -arboreal(z) | -prior(region(x),z) | -prior(region(y),z) | -prior(connect(f2(x,y,z),y),z).  [clausify(14)].
85 -prior(Os(x,y),z) | prior(Ps(f3(x,y,z),x),z).  [clausify(16)].
86 -prior(Os(x,y),z) | prior(Ps(f3(x,y,z),y),z).  [clausify(16)].
102 -prior(EQs(x,y),z) | prior(Ps(x,y),z).  [clausify(21)].
103 -prior(EQs(x,y),z) | prior(Ps(y,x),z).  [clausify(21)].
105 -prior(POs(x,y),z) | prior(Os(x,y),z).  [clausify(22)].
106 -prior(POs(x,y),z) | -prior(Ps(x,y),z).  [clausify(22)].
107 -prior(POs(x,y),z) | -prior(Ps(y,x),z).  [clausify(22)].
123 -changes(x,Ps(y,z)) | -changes(x,Ps(z,y)) | changes(x,region(y)) | changes(x,region(z)).  [clausify(27)].
124 changes(c3,POs(c1,c2)).  [deny(28)].
125 changes(c3,EQs(c1,c2)).  [deny(28)].
126 -generator(x) | -arboreal(y) | arboreal(successor(x,y)) | -generator(x).  [resolve(32,a,34,a)].
127 -generator(x) | -arboreal(y) | arboreal(successor(x,y)).  [copy(126),merge(d)].
128 -arboreal(x) | -arboreal(x) | generator(f1(x)).  [resolve(37,b,33,a)].
129 -arboreal(x) | generator(f1(x)).  [copy(128),merge(b)].
131 prior(x,successor(y,z)) | -generator(y) | -prior(x,successor(u,z)).  [resolve(41,b,38,b)].
132 -arboreal(x) | -prior(y,x) | prior(y,successor(z,x)) | -generator(z) | -prior(y,u) | changes(x,y).  [resolve(59,a,56,b)].
133 -arboreal(x) | prior(y,x) | -prior(y,successor(z,x)) | -prior(y,u) | changes(x,y).  [resolve(60,a,63,b)].
134 -changes(x,y) | arboreal(x) | arboreal(x).  [resolve(66,b,61,a)].
135 -changes(x,y) | arboreal(x).  [copy(134),merge(c)].
136 -changes(x,y) | prior(y,x) | prior(y,successor(z,x)) | -generator(z).  [resolve(67,b,65,a)].
137 -prior(x,successor(y,z)) | -changes(z,x) | -prior(x,z).  [resolve(68,c,62,a)].
138 prior(Ps(x,x),y) | -arboreal(y) | -prior(region(x),y) | prior(connect(f2(x,x,y),x),y).  [factor(79,c,d)].
139 prior(Ps(x,x),y) | -arboreal(y) | -prior(region(x),y) | -prior(connect(f2(x,x,y),x),y).  [factor(80,c,d)].
155 -changes(x,Ps(y,y)) | changes(x,region(y)).  [factor(123,a,b),merge(c)].
156 -arboreal(x) | -prior(y,x) | prior(y,successor(z,x)) | -generator(z) | changes(x,y).  [factor(132,b,e)].
157 -arboreal(x) | prior(y,x) | -prior(y,successor(z,x)) | changes(x,y).  [factor(133,c,d)].
158 arboreal(c3).  [resolve(135,a,125,a)].
159 prior(EQs(c1,c2),c3) | prior(EQs(c1,c2),successor(x,c3)) | -generator(x).  [resolve(136,a,125,a)].
160 prior(POs(c1,c2),c3) | prior(POs(c1,c2),successor(x,c3)) | -generator(x).  [resolve(136,a,124,a)].
163 generator(f1(c3)).  [resolve(158,a,129,a)].
164 -arboreal(x) | arboreal(successor(f1(c3),x)).  [resolve(163,a,127,a)].
165 arboreal(successor(f1(c3),c3)).  [resolve(164,a,158,a)].
166 arboreal(successor(f1(c3),successor(f1(c3),c3))).  [resolve(165,a,164,a)].
167 generator(f1(successor(f1(c3),c3))).  [resolve(165,a,129,a)].
170 prior(EQs(c1,c2),c3) | prior(EQs(c1,c2),successor(f1(c3),c3)).  [resolve(159,c,163,a)].
171 arboreal(successor(f1(c3),successor(f1(c3),successor(f1(c3),c3)))).  [resolve(166,a,164,a)].
183 prior(POs(c1,c2),c3) | prior(POs(c1,c2),successor(f1(c3),c3)).  [resolve(160,c,163,a)].
188 arboreal(successor(f1(c3),successor(f1(c3),successor(f1(c3),successor(f1(c3),c3))))).  [resolve(171,a,164,a)].
209 prior(EQs(c1,c2),c3) | prior(Ps(c2,c1),successor(f1(c3),c3)).  [resolve(170,b,103,a)].
210 prior(EQs(c1,c2),c3) | prior(Ps(c1,c2),successor(f1(c3),c3)).  [resolve(170,b,102,a)].
231 prior(POs(c1,c2),c3) | -prior(Ps(c2,c1),successor(f1(c3),c3)).  [resolve(183,b,107,a)].
232 prior(POs(c1,c2),c3) | -prior(Ps(c1,c2),successor(f1(c3),c3)).  [resolve(183,b,106,a)].
233 prior(POs(c1,c2),c3) | prior(Os(c1,c2),successor(f1(c3),c3)).  [resolve(183,b,105,a)].
255 prior(Ps(c2,c1),successor(f1(c3),c3)) | prior(Ps(c2,c1),c3).  [resolve(209,a,103,a)].
256 prior(Ps(c2,c1),successor(f1(c3),c3)) | prior(Ps(c1,c2),c3).  [resolve(209,a,102,a)].
262 prior(Ps(c1,c2),successor(f1(c3),c3)) | prior(Ps(c2,c1),c3).  [resolve(210,a,103,a)].
263 prior(Ps(c1,c2),successor(f1(c3),c3)) | prior(Ps(c1,c2),c3).  [resolve(210,a,102,a)].
264 prior(Os(c1,c2),successor(f1(c3),c3)) | -prior(Ps(c2,c1),c3).  [resolve(233,a,107,a)].
271 prior(Ps(c2,c1),c3) | prior(POs(c1,c2),c3).  [resolve(255,a,231,b)].
272 prior(Ps(c2,c1),c3) | changes(c3,Ps(c2,c1)).  [resolve(255,a,157,c),merge(c),unit_del(b,158)].
281 prior(Ps(c2,c1),c3) | prior(region(c1),successor(f1(c3),c3)).  [resolve(255,a,77,a)].
282 prior(Ps(c2,c1),c3) | prior(region(c2),successor(f1(c3),c3)).  [resolve(255,a,76,a)].
283 prior(Ps(c2,c1),c3) | -prior(Ps(c1,c2),c3).  [resolve(271,b,106,a)].
284 prior(Ps(c2,c1),c3) | prior(Os(c1,c2),c3).  [resolve(271,b,105,a)].
285 prior(Ps(c2,c1),c3) | -changes(c3,Ps(c1,c2)) | changes(c3,region(c1)) | changes(c3,region(c2)).  [resolve(272,b,123,b)].
292 prior(Ps(c2,c1),c3) | prior(Ps(f3(c1,c2,c3),c1),c3).  [resolve(284,b,85,a)].
296 prior(Ps(c2,c1),c3) | prior(region(c1),successor(x,c3)) | -generator(x).  [resolve(281,b,131,c)].
305 prior(Ps(c2,c1),c3) | prior(region(c2),successor(x,c3)) | -generator(x).  [resolve(282,b,131,c)].
311 prior(Ps(c1,c2),c3) | prior(POs(c1,c2),c3).  [resolve(256,a,231,b)].
326 prior(Ps(c1,c2),c3) | -prior(Ps(c2,c1),c3).  [resolve(311,b,107,a)].
327 prior(Ps(c1,c2),c3) | prior(Os(c1,c2),c3).  [resolve(311,b,105,a)].
329 prior(Ps(c1,c2),c3) | prior(Ps(f3(c1,c2,c3),c2),c3).  [resolve(327,b,86,a)].
352 prior(Ps(c1,c2),successor(f1(c3),c3)) | prior(Ps(c2,c1),successor(x,c3)) | -generator(x) | changes(c3,Ps(c2,c1)).  [resolve(262,b,156,b),unit_del(b,158)].
379 prior(Ps(c1,c2),c3) | changes(c3,Ps(c1,c2)).  [resolve(263,a,157,c),merge(c),unit_del(b,158)].
389 prior(Os(c1,c2),successor(f1(c3),c3)) | prior(Ps(c1,c2),successor(f1(c3),c3)).  [resolve(264,b,262,b)].
394 generator(f1(successor(f1(c3),successor(f1(c3),successor(f1(c3),successor(f1(c3),c3)))))).  [resolve(188,a,129,a)].
458 prior(Ps(c2,c1),c3) | prior(region(c1),c3).  [resolve(292,b,77,a)].
459 prior(Ps(c2,c1),c3) | prior(Ps(c1,c1),c3) | prior(connect(f2(c1,c1,c3),c1),c3).  [resolve(458,b,138,c),unit_del(c,158)].
482 prior(Ps(c2,c1),c3) | prior(region(c1),successor(f1(successor(f1(c3),c3)),c3)).  [resolve(296,c,167,a)].
516 prior(Ps(c1,c2),c3) | prior(region(c2),c3).  [resolve(329,b,77,a)].
906 prior(Ps(c2,c1),c3) | prior(region(c2),successor(f1(successor(f1(c3),successor(f1(c3),successor(f1(c3),successor(f1(c3),c3))))),c3)).  [resolve(394,a,305,c)].
1320 prior(Ps(c1,c2),successor(f1(c3),c3)) | prior(Ps(f3(c1,c2,successor(f1(c3),c3)),c2),successor(f1(c3),c3)).  [resolve(389,a,86,a)].
1321 prior(Ps(c1,c2),successor(f1(c3),c3)) | prior(Ps(f3(c1,c2,successor(f1(c3),c3)),c1),successor(f1(c3),c3)).  [resolve(389,a,85,a)].
1871 prior(Ps(c2,c1),c3) | changes(c3,region(c1)) | changes(c3,region(c2)) | prior(Ps(c1,c2),c3).  [resolve(285,b,379,b)].
2071 prior(Ps(c2,c1),c3) | prior(Ps(c1,c1),c3) | -prior(region(c1),c3).  [resolve(459,c,139,d),merge(c),unit_del(c,158)].
2077 prior(Ps(c2,c1),c3) | prior(Ps(c1,c1),c3).  [resolve(2071,c,458,b),merge(c)].
2089 prior(Ps(c1,c1),c3) | prior(region(c1),c3).  [resolve(2077,a,77,a)].
2117 prior(Ps(c1,c1),c3) | prior(connect(f2(c1,c1,c3),c1),c3).  [resolve(2089,b,138,c),merge(b),unit_del(b,158)].
2156 prior(Ps(c1,c1),c3) | -prior(region(c1),c3).  [resolve(2117,b,139,d),merge(b),unit_del(b,158)].
2161 prior(Ps(c1,c1),c3).  [resolve(2156,b,2089,b),merge(b)].
2162 prior(Ps(c1,c1),successor(x,c3)) | -generator(x) | changes(c3,Ps(c1,c1)).  [resolve(2161,a,156,b),unit_del(a,158)].
2167 prior(region(c1),c3).  [resolve(2161,a,77,a)].
2355 prior(Ps(c1,c1),successor(f1(c3),c3)) | changes(c3,Ps(c1,c1)).  [resolve(2162,b,163,a)].
2356 prior(Ps(c1,c1),successor(f1(c3),c3)) | changes(c3,region(c1)).  [resolve(2355,b,155,a)].
2366 prior(Ps(c1,c1),successor(f1(c3),c3)) | -prior(region(c1),successor(x,c3)).  [resolve(2356,b,137,b),unit_del(c,2167)].
2512 prior(Ps(c1,c1),successor(f1(c3),c3)) | prior(Ps(c2,c1),c3).  [resolve(2366,b,482,b)].
3814 prior(Ps(c1,c2),successor(f1(c3),c3)) | prior(Ps(c2,c1),successor(f1(c3),c3)) | changes(c3,Ps(c2,c1)).  [resolve(352,c,163,a)].
4661 prior(Ps(c2,c1),c3) | changes(c3,region(c1)) | prior(Ps(c1,c2),c3) | -prior(region(c2),successor(x,c3)) | -prior(region(c2),c3).  [resolve(1871,c,137,b)].
16675 prior(Ps(c1,c2),successor(f1(c3),c3)) | prior(Ps(c2,c1),successor(f1(c3),c3)) | -prior(Ps(c2,c1),successor(x,c3)) | -prior(Ps(c2,c1),c3).  [resolve(3814,c,137,b)].
16676 prior(Ps(c1,c2),successor(f1(c3),c3)) | prior(Ps(c2,c1),successor(f1(c3),c3)) | -changes(c3,Ps(c1,c2)) | changes(c3,region(c1)) | changes(c3,region(c2)).  [resolve(3814,c,123,b)].
21940 prior(Ps(c1,c2),successor(f1(c3),c3)) | prior(region(c2),successor(f1(c3),c3)).  [resolve(1320,b,77,a)].
22078 prior(Ps(c1,c2),successor(f1(c3),c3)) | prior(region(c1),successor(f1(c3),c3)).  [resolve(1321,b,77,a)].
22085 prior(Ps(c1,c2),successor(f1(c3),c3)) | prior(Ps(c1,c1),successor(f1(c3),c3)).  [resolve(22078,b,2366,b)].
22095 prior(Ps(c1,c1),successor(f1(c3),c3)) | prior(POs(c1,c2),c3).  [resolve(22085,a,232,b)].
22107 prior(Ps(c1,c1),successor(f1(c3),c3)) | -prior(Ps(c2,c1),c3).  [resolve(22095,b,107,a)].
22113 prior(Ps(c1,c1),successor(f1(c3),c3)).  [resolve(22107,b,2512,b),merge(b)].
22123 prior(region(c1),successor(f1(c3),c3)).  [resolve(22113,a,77,a)].
22256 -changes(c3,region(c1)).  [ur(137,a,22123,a,c,2167,a)].
22335 prior(Ps(c1,c2),successor(f1(c3),c3)) | prior(Ps(c2,c1),successor(f1(c3),c3)) | -changes(c3,Ps(c1,c2)) | changes(c3,region(c2)).  [back_unit_del(16676),unit_del(d,22256)].
22376 prior(Ps(c2,c1),c3) | prior(Ps(c1,c2),c3) | -prior(region(c2),successor(x,c3)) | -prior(region(c2),c3).  [back_unit_del(4661),unit_del(b,22256)].
23468 prior(Ps(c2,c1),c3) | prior(Ps(c1,c2),c3) | -prior(region(c2),c3).  [resolve(22376,c,906,b),merge(d)].
23469 prior(Ps(c2,c1),c3) | prior(Ps(c1,c2),c3).  [resolve(23468,c,516,b),merge(c)].
23471 prior(Ps(c1,c2),c3).  [resolve(23469,a,326,b),merge(b)].
23482 prior(Ps(c2,c1),c3).  [back_unit_del(283),unit_del(b,23471)].
23484 prior(Ps(c1,c2),successor(f1(c3),c3)) | prior(Ps(c2,c1),successor(f1(c3),c3)) | -prior(Ps(c2,c1),successor(x,c3)).  [back_unit_del(16675),unit_del(d,23482)].
23520 prior(region(c2),c3).  [resolve(23471,a,77,a)].
23522 -prior(POs(c1,c2),c3).  [ur(106,b,23471,a)].
23936 -prior(Ps(c1,c2),successor(f1(c3),c3)).  [back_unit_del(232),unit_del(a,23522)].
23937 -prior(Ps(c2,c1),successor(f1(c3),c3)).  [back_unit_del(231),unit_del(a,23522)].
24026 -prior(Ps(c2,c1),successor(x,c3)).  [back_unit_del(23484),unit_del(a,23936),unit_del(b,23937)].
24027 -changes(c3,Ps(c1,c2)) | changes(c3,region(c2)).  [back_unit_del(22335),unit_del(a,23936),unit_del(b,24026)].
24159 prior(region(c2),successor(f1(c3),c3)).  [back_unit_del(21940),unit_del(a,23936)].
24462 -changes(c3,region(c2)).  [ur(137,a,24159,a,c,23520,a)].
24463 -changes(c3,Ps(c1,c2)).  [back_unit_del(24027),unit_del(b,24462)].
24855 $F.  [ur(156,b,23471,a,c,23936,a,d,163,a,e,24463,a),unit_del(a,158)].

============================== end of proof ==========================
