============================== prooftrans ============================
Prover9 (32) version Dec-2007, Dec 2007.
Process 11204 was started,
Sat Jan 26 14:01:10 2013
The command was "/cygdrive/c/Program Files (x86)/Prover9-Mace4/bin-win32/prover9".
============================== end of head ===========================

============================== end of input ==========================

============================== PROOF =================================

% -------- Comments from original proof --------
% Proof 1 at 50.73 (+ 2.18) seconds.
% Length of proof is 181.
% Level of proof is 40.
% Maximum clause weight is 30.
% Given clauses 9285.

1 (all occ (activity_occurrence(occ) -> (exists a (activity(a) & occurrence_of(occ,a))))) # label(non_clause).  [assumption].
2 (all s (arboreal(s) -> activity_occurrence(s))) # label(non_clause).  [assumption].
3 (all s all a (occurrence_of(s,a) -> (arboreal(s) <-> generator(a)))) # label(non_clause).  [assumption].
4 (all a all o (occurrence_of(successor(a,o),a) <-> generator(a) & arboreal(o))) # label(non_clause).  [assumption].
6 (all f all occ (prior(f,occ) -> state(f) & arboreal(occ))) # label(non_clause).  [assumption].
7 (all a all occ all f (prior(f,successor(a,occ)) <-> holds(f,occ) & generator(a))) # label(non_clause).  [assumption].
8 (all f all o (falsifies(o,f) <-> state(f) & arboreal(o) & prior(f,o) & -holds(f,o))) # label(non_clause).  [assumption].
9 (all f all o (achieves(o,f) <-> state(f) & arboreal(o) & -prior(f,o) & holds(f,o))) # label(non_clause).  [assumption].
10 (all f all o (changes(o,f) <-> achieves(o,f) | falsifies(o,f))) # label(non_clause).  [assumption].
11 (all x all y all o (arboreal(o) & prior(connect(x,y),o) -> prior(region(x),o) & prior(region(y),o))) # label(non_clause).  [assumption].
12 (all x all o (arboreal(o) & prior(region(x),o) -> prior(connect(x,x),o))) # label(non_clause).  [assumption].
13 (all x all y all o (arboreal(o) & prior(connect(x,y),o) -> prior(connect(y,x),o))) # label(non_clause).  [assumption].
14 (all x all y all o (prior(Ps(x,y),o) <-> arboreal(o) & prior(region(x),o) & prior(region(y),o) & (all z (prior(connect(z,x),o) -> prior(connect(z,y),o))))) # label(non_clause).  [assumption].
16 (all x all y all o (prior(Os(x,y),o) <-> arboreal(o) & (exists z (prior(Ps(z,x),o) & prior(Ps(z,y),o))))) # label(non_clause).  [assumption].
18 (all x all y all o (prior(PPs(x,y),o) <-> arboreal(o) & prior(Ps(x,y),o) & -prior(Ps(y,x),o))) # label(non_clause).  [assumption].
21 (all x all y all o (prior(EQs(x,y),o) <-> arboreal(o) & prior(Ps(x,y),o) & prior(Ps(y,x),o))) # label(non_clause).  [assumption].
22 (all x all y all o (prior(POs(x,y),o) <-> arboreal(o) & prior(Os(x,y),o) & -prior(Ps(x,y),o) & -prior(Ps(y,x),o))) # label(non_clause).  [assumption].
23 (all x all y all o (prior(POs(x,y),o) & arboreal(o) -> -prior(ECs(x,y),o) & -prior(DCs(x,y),o) & -prior(EQs(x,y),o) & -prior(TPPs(x,y),o) & -prior(TPPs(y,x),o) & -prior(NTPPs(x,y),o) & -prior(NTPPs(y,x),o))) # label(non_clause).  [assumption].
27 (all x all y all o (arboreal(o) & prior(region(x),o) & prior(region(y),o) -> (prior(connect(y,compl(x)),o) <-> -prior(NTPPs(y,x),o)) & (prior(Os(y,compl(x)),o) <-> -prior(Ps(y,x),o)))) # label(non_clause).  [assumption].
29 (all x all y all o (prior(TPPs(x,y),o) <-> arboreal(o) & prior(PPs(x,y),o) & prior(connect(x,compl(y)),o))) # label(non_clause).  [assumption].
30 (all x all y all o (changes(o,POs(x,y)) & arboreal(o) & -changes(o,Os(x,y)) & changes(o,Ps(x,y)) & -changes(o,Ps(y,x)) & -changes(o,connect(x,compl(y))) & -changes(o,connect(compl(x),y)) & -changes(o,connect(x,y)) & -changes(o,region(x)) & -changes(o,region(y)) -> changes(o,TPPs(x,y)))) # label(non_clause) # label(goal).  [goal].
31 -arboreal(x) | activity_occurrence(x).  [clausify(2)].
33 -activity_occurrence(x) | occurrence_of(x,f1(x)).  [clausify(1)].
34 occurrence_of(successor(x,y),x) | -generator(x) | -arboreal(y).  [clausify(4)].
35 -occurrence_of(x,y) | -arboreal(x) | generator(y).  [clausify(3)].
36 -occurrence_of(x,y) | arboreal(x) | -generator(y).  [clausify(3)].
39 -arboreal(x) | occurrence_of(x,f1(x)).  [resolve(31,b,33,a)].
40 -prior(x,successor(y,z)) | holds(x,z).  [clausify(7)].
43 prior(x,successor(y,z)) | -holds(x,z) | -generator(y).  [clausify(7)].
45 falsifies(x,y) | -state(y) | -arboreal(x) | -prior(y,x) | holds(y,x).  [clausify(8)].
46 -achieves(x,y) | holds(y,x).  [clausify(9)].
47 achieves(x,y) | -state(y) | -arboreal(x) | prior(y,x) | -holds(y,x).  [clausify(9)].
48 falsifies(x,y) | -state(y) | -arboreal(x) | -prior(y,x) | prior(y,successor(z,x)) | -generator(z).  [resolve(45,e,43,b)].
49 -prior(x,y) | state(x).  [clausify(6)].
54 achieves(x,y) | -state(y) | -arboreal(x) | prior(y,x) | -prior(y,successor(z,x)).  [resolve(47,e,40,b)].
55 -changes(x,y) | achieves(x,y) | falsifies(x,y).  [clausify(10)].
57 -falsifies(x,y) | prior(y,x).  [clausify(8)].
58 changes(x,y) | -falsifies(x,y).  [clausify(10)].
61 falsifies(x,y) | -arboreal(x) | -prior(y,x) | prior(y,successor(z,x)) | -generator(z) | -prior(y,u).  [resolve(48,b,49,b)].
62 achieves(x,y) | -arboreal(x) | prior(y,x) | -prior(y,successor(z,x)) | -prior(y,u).  [resolve(54,b,49,b)].
65 changes(x,y) | -achieves(x,y).  [clausify(10)].
67 -achieves(x,y) | prior(y,successor(z,x)) | -generator(z).  [resolve(46,b,43,b)].
69 -changes(x,y) | achieves(x,y) | prior(y,x).  [resolve(55,c,57,a)].
73 changes(c3,POs(c1,c2)).  [deny(30)].
74 changes(c3,Ps(c1,c2)).  [deny(30)].
75 -changes(c3,Ps(c2,c1)).  [deny(30)].
76 -changes(c3,connect(c1,compl(c2))).  [deny(30)].
79 -changes(c3,region(c1)).  [deny(30)].
80 -changes(c3,region(c2)).  [deny(30)].
81 -changes(c3,TPPs(c1,c2)).  [deny(30)].
82 -arboreal(x) | -prior(y,x) | prior(y,successor(z,x)) | -generator(z) | -prior(y,u) | changes(x,y).  [resolve(61,a,58,b)].
83 -arboreal(x) | prior(y,x) | -prior(y,successor(z,x)) | -prior(y,u) | changes(x,y).  [resolve(62,a,65,b)].
85 -changes(x,y) | prior(y,x) | prior(y,successor(z,x)) | -generator(z).  [resolve(69,b,67,a)].
91 -arboreal(x) | -prior(connect(y,z),x) | prior(region(z),x).  [clausify(11)].
92 -arboreal(x) | -prior(region(y),x) | prior(connect(y,y),x).  [clausify(12)].
93 -arboreal(x) | -prior(connect(y,z),x) | prior(connect(z,y),x).  [clausify(13)].
94 -prior(Ps(x,y),z) | prior(region(x),z).  [clausify(14)].
95 -prior(Ps(x,y),z) | prior(region(y),z).  [clausify(14)].
96 -prior(Ps(x,y),z) | -prior(connect(u,x),z) | prior(connect(u,y),z).  [clausify(14)].
103 -prior(Os(x,y),z) | prior(Ps(f3(x,y,z),x),z).  [clausify(16)].
104 -prior(Os(x,y),z) | prior(Ps(f3(x,y,z),y),z).  [clausify(16)].
111 prior(PPs(x,y),z) | -arboreal(z) | -prior(Ps(x,y),z) | prior(Ps(y,x),z).  [clausify(18)].
122 prior(EQs(x,y),z) | -arboreal(z) | -prior(Ps(x,y),z) | -prior(Ps(y,x),z).  [clausify(21)].
124 -prior(POs(x,y),z) | -prior(Ps(x,y),z).  [clausify(22)].
125 -prior(POs(x,y),z) | -prior(Ps(y,x),z).  [clausify(22)].
129 -prior(POs(x,y),z) | -arboreal(z) | -prior(EQs(x,y),z).  [clausify(23)].
130 -prior(POs(x,y),z) | -arboreal(z) | -prior(TPPs(x,y),z).  [clausify(23)].
132 -prior(POs(x,y),z) | -arboreal(z) | -prior(NTPPs(x,y),z).  [clausify(23)].
145 -arboreal(x) | -prior(region(y),x) | -prior(region(z),x) | prior(connect(z,compl(y)),x) | prior(NTPPs(z,y),x).  [clausify(27)].
147 -arboreal(x) | -prior(region(y),x) | -prior(region(z),x) | prior(Os(z,compl(y)),x) | prior(Ps(z,y),x).  [clausify(27)].
150 prior(TPPs(x,y),z) | -arboreal(z) | -prior(PPs(x,y),z) | -prior(connect(x,compl(y)),z).  [clausify(29)].
151 arboreal(c3).  [deny(30)].
152 -generator(x) | -arboreal(y) | arboreal(successor(x,y)) | -generator(x).  [resolve(34,a,36,a)].
153 -generator(x) | -arboreal(y) | arboreal(successor(x,y)).  [copy(152),merge(d)].
154 -arboreal(x) | -arboreal(x) | generator(f1(x)).  [resolve(39,b,35,a)].
155 -arboreal(x) | generator(f1(x)).  [copy(154),merge(b)].
160 -arboreal(c3) | -prior(Ps(c2,c1),c3) | prior(Ps(c2,c1),successor(x,c3)) | -generator(x) | -prior(Ps(c2,c1),y).  [resolve(82,f,75,a)].
161 -prior(Ps(c2,c1),c3) | prior(Ps(c2,c1),successor(x,c3)) | -generator(x) | -prior(Ps(c2,c1),y).  [copy(160),unit_del(a,151)].
162 -arboreal(c3) | -prior(connect(c1,compl(c2)),c3) | prior(connect(c1,compl(c2)),successor(x,c3)) | -generator(x) | -prior(connect(c1,compl(c2)),y).  [resolve(82,f,76,a)].
163 -prior(connect(c1,compl(c2)),c3) | prior(connect(c1,compl(c2)),successor(x,c3)) | -generator(x) | -prior(connect(c1,compl(c2)),y).  [copy(162),unit_del(a,151)].
168 -arboreal(c3) | -prior(region(c1),c3) | prior(region(c1),successor(x,c3)) | -generator(x) | -prior(region(c1),y).  [resolve(82,f,79,a)].
169 -prior(region(c1),c3) | prior(region(c1),successor(x,c3)) | -generator(x) | -prior(region(c1),y).  [copy(168),unit_del(a,151)].
170 -arboreal(c3) | -prior(region(c2),c3) | prior(region(c2),successor(x,c3)) | -generator(x) | -prior(region(c2),y).  [resolve(82,f,80,a)].
171 -prior(region(c2),c3) | prior(region(c2),successor(x,c3)) | -generator(x) | -prior(region(c2),y).  [copy(170),unit_del(a,151)].
172 -arboreal(c3) | -prior(TPPs(c1,c2),c3) | prior(TPPs(c1,c2),successor(x,c3)) | -generator(x) | -prior(TPPs(c1,c2),y).  [resolve(82,f,81,a)].
173 -prior(TPPs(c1,c2),c3) | prior(TPPs(c1,c2),successor(x,c3)) | -generator(x) | -prior(TPPs(c1,c2),y).  [copy(172),unit_del(a,151)].
176 -arboreal(c3) | prior(Ps(c2,c1),c3) | -prior(Ps(c2,c1),successor(x,c3)) | -prior(Ps(c2,c1),y).  [resolve(83,e,75,a)].
177 prior(Ps(c2,c1),c3) | -prior(Ps(c2,c1),successor(x,c3)) | -prior(Ps(c2,c1),y).  [copy(176),unit_del(a,151)].
178 -arboreal(c3) | prior(connect(c1,compl(c2)),c3) | -prior(connect(c1,compl(c2)),successor(x,c3)) | -prior(connect(c1,compl(c2)),y).  [resolve(83,e,76,a)].
179 prior(connect(c1,compl(c2)),c3) | -prior(connect(c1,compl(c2)),successor(x,c3)) | -prior(connect(c1,compl(c2)),y).  [copy(178),unit_del(a,151)].
184 -arboreal(c3) | prior(region(c1),c3) | -prior(region(c1),successor(x,c3)) | -prior(region(c1),y).  [resolve(83,e,79,a)].
185 prior(region(c1),c3) | -prior(region(c1),successor(x,c3)) | -prior(region(c1),y).  [copy(184),unit_del(a,151)].
186 -arboreal(c3) | prior(region(c2),c3) | -prior(region(c2),successor(x,c3)) | -prior(region(c2),y).  [resolve(83,e,80,a)].
187 prior(region(c2),c3) | -prior(region(c2),successor(x,c3)) | -prior(region(c2),y).  [copy(186),unit_del(a,151)].
188 -arboreal(c3) | prior(TPPs(c1,c2),c3) | -prior(TPPs(c1,c2),successor(x,c3)) | -prior(TPPs(c1,c2),y).  [resolve(83,e,81,a)].
189 prior(TPPs(c1,c2),c3) | -prior(TPPs(c1,c2),successor(x,c3)) | -prior(TPPs(c1,c2),y).  [copy(188),unit_del(a,151)].
191 prior(POs(c1,c2),c3) | prior(POs(c1,c2),successor(x,c3)) | -generator(x).  [resolve(85,a,73,a)].
192 prior(Ps(c1,c2),c3) | prior(Ps(c1,c2),successor(x,c3)) | -generator(x).  [resolve(85,a,74,a)].
211 -prior(Ps(c2,c1),c3) | prior(Ps(c2,c1),successor(x,c3)) | -generator(x).  [factor(161,a,d)].
212 -prior(connect(c1,compl(c2)),c3) | prior(connect(c1,compl(c2)),successor(x,c3)) | -generator(x).  [factor(163,a,d)].
215 -prior(region(c1),c3) | prior(region(c1),successor(x,c3)) | -generator(x).  [factor(169,a,d)].
216 -prior(region(c2),c3) | prior(region(c2),successor(x,c3)) | -generator(x).  [factor(171,a,d)].
217 -prior(TPPs(c1,c2),c3) | prior(TPPs(c1,c2),successor(x,c3)) | -generator(x).  [factor(173,a,d)].
219 prior(Ps(c2,c1),c3) | -prior(Ps(c2,c1),successor(x,c3)).  [factor(177,b,c)].
220 prior(connect(c1,compl(c2)),c3) | -prior(connect(c1,compl(c2)),successor(x,c3)).  [factor(179,b,c)].
223 prior(region(c1),c3) | -prior(region(c1),successor(x,c3)).  [factor(185,b,c)].
224 prior(region(c2),c3) | -prior(region(c2),successor(x,c3)).  [factor(187,b,c)].
225 prior(TPPs(c1,c2),c3) | -prior(TPPs(c1,c2),successor(x,c3)).  [factor(189,b,c)].
226 generator(f1(c3)).  [resolve(155,a,151,a)].
227 prior(Ps(c1,c2),c3) | prior(Ps(c1,c2),successor(f1(c3),c3)).  [resolve(226,a,192,c)].
228 prior(POs(c1,c2),c3) | prior(POs(c1,c2),successor(f1(c3),c3)).  [resolve(226,a,191,c)].
229 -arboreal(x) | arboreal(successor(f1(c3),x)).  [resolve(226,a,153,a)].
230 arboreal(successor(f1(c3),c3)).  [resolve(229,a,151,a)].
232 generator(f1(successor(f1(c3),c3))).  [resolve(230,a,155,a)].
234 prior(POs(c1,c2),c3) | prior(POs(c1,c2),successor(f1(successor(f1(c3),c3)),c3)).  [resolve(232,a,191,c)].
241 prior(Ps(c1,c2),c3) | prior(PPs(c1,c2),successor(f1(c3),c3)) | prior(Ps(c2,c1),successor(f1(c3),c3)).  [resolve(227,b,111,c),unit_del(c,230)].
245 prior(Ps(c1,c2),c3) | prior(region(c2),successor(f1(c3),c3)).  [resolve(227,b,95,a)].
246 prior(Ps(c1,c2),c3) | prior(region(c1),successor(f1(c3),c3)).  [resolve(227,b,94,a)].
260 prior(POs(c1,c2),c3) | -prior(TPPs(c1,c2),successor(f1(c3),c3)).  [resolve(228,b,130,a),unit_del(b,230)].
263 prior(POs(c1,c2),c3) | -prior(Ps(c1,c2),successor(f1(c3),c3)).  [resolve(228,b,124,a)].
274 prior(Ps(c1,c2),c3) | prior(region(c2),c3).  [resolve(245,b,224,b)].
320 prior(Ps(c1,c2),c3) | prior(connect(c2,c2),c3).  [resolve(274,b,92,b),unit_del(b,151)].
348 prior(connect(c2,c2),c3) | prior(region(c2),c3).  [resolve(320,a,95,a)].
369 prior(connect(c2,c2),c3).  [resolve(348,b,92,b),merge(c),unit_del(b,151)].
378 prior(region(c2),c3).  [resolve(369,a,91,b),unit_del(a,151)].
379 prior(region(c2),successor(x,c3)) | -generator(x).  [back_unit_del(216),unit_del(a,378)].
389 -prior(region(x),c3) | prior(connect(x,compl(c2)),c3) | prior(NTPPs(x,c2),c3).  [resolve(378,a,145,b),unit_del(a,151)].
461 prior(region(c2),successor(f1(c3),c3)).  [resolve(379,b,226,a)].
471 -prior(region(x),successor(f1(c3),c3)) | prior(connect(x,compl(c2)),successor(f1(c3),c3)) | prior(NTPPs(x,c2),successor(f1(c3),c3)).  [resolve(461,a,145,b),unit_del(a,230)].
568 prior(Ps(c1,c2),c3) | prior(Ps(c2,c1),successor(f1(c3),c3)) | prior(TPPs(c1,c2),successor(f1(c3),c3)) | -prior(connect(c1,compl(c2)),successor(f1(c3),c3)).  [resolve(241,b,150,c),unit_del(d,230)].
686 prior(Ps(c1,c2),c3) | prior(region(c1),c3).  [resolve(246,b,223,b)].
711 prior(Ps(c1,c2),c3) | -prior(region(x),c3) | prior(Os(c1,compl(x)),c3) | prior(Ps(c1,x),c3).  [resolve(686,b,147,c),unit_del(b,151)].
723 prior(Ps(c1,c2),c3) | prior(connect(c1,c1),c3).  [resolve(686,b,92,b),unit_del(b,151)].
724 prior(Ps(c1,c2),c3) | prior(Os(c1,compl(c2)),c3).  [factor(711,a,d),unit_del(b,378)].
751 prior(connect(c1,c1),c3) | prior(region(c1),c3).  [resolve(723,a,94,a)].
770 prior(connect(c1,c1),c3).  [resolve(751,b,92,b),merge(c),unit_del(b,151)].
782 prior(region(c1),c3).  [resolve(770,a,91,b),unit_del(a,151)].
783 prior(region(c1),successor(x,c3)) | -generator(x).  [back_unit_del(215),unit_del(a,782)].
869 prior(region(c1),successor(f1(c3),c3)).  [resolve(783,b,226,a)].
1123 prior(Ps(c1,c2),c3) | prior(Ps(f3(c1,compl(c2),c3),compl(c2)),c3).  [resolve(724,b,104,a)].
1124 prior(Ps(c1,c2),c3) | prior(Ps(f3(c1,compl(c2),c3),c1),c3).  [resolve(724,b,103,a)].
1269 prior(POs(c1,c2),c3) | prior(Ps(c1,c2),c3).  [resolve(263,b,227,b)].
1271 prior(Ps(c1,c2),c3) | -prior(TPPs(c1,c2),c3).  [resolve(1269,a,130,a),unit_del(b,151)].
1273 prior(Ps(c1,c2),c3) | -prior(Ps(c2,c1),c3).  [resolve(1269,a,125,a)].
2203 prior(connect(c1,compl(c2)),c3) | prior(NTPPs(c1,c2),c3).  [resolve(389,a,782,a)].
2212 prior(NTPPs(c1,c2),c3) | prior(TPPs(c1,c2),c3) | -prior(PPs(c1,c2),c3).  [resolve(2203,a,150,d),unit_del(c,151)].
5308 prior(Ps(c1,c2),c3) | -prior(connect(x,f3(c1,compl(c2),c3)),c3) | prior(connect(x,c1),c3).  [resolve(1124,b,96,a)].
5309 prior(Ps(c1,c2),c3) | prior(region(f3(c1,compl(c2),c3)),c3).  [resolve(1124,b,94,a)].
5364 prior(Ps(c1,c2),c3) | prior(connect(f3(c1,compl(c2),c3),f3(c1,compl(c2),c3)),c3).  [resolve(5309,b,92,b),unit_del(b,151)].
5952 prior(connect(c1,compl(c2)),successor(f1(c3),c3)) | prior(NTPPs(c1,c2),successor(f1(c3),c3)).  [resolve(471,a,869,a)].
21744 prior(NTPPs(c1,c2),successor(f1(c3),c3)) | prior(connect(c1,compl(c2)),c3).  [resolve(5952,a,220,b)].
21751 prior(NTPPs(c1,c2),successor(f1(c3),c3)) | prior(TPPs(c1,c2),c3) | -prior(PPs(c1,c2),c3).  [resolve(21744,b,150,d),unit_del(c,151)].
26546 prior(Ps(c1,c2),c3) | prior(connect(f3(c1,compl(c2),c3),c1),c3).  [resolve(5308,b,5364,b),merge(c)].
26549 prior(Ps(c1,c2),c3) | prior(connect(c1,f3(c1,compl(c2),c3)),c3).  [resolve(26546,b,93,b),unit_del(b,151)].
26551 prior(Ps(c1,c2),c3) | -prior(Ps(f3(c1,compl(c2),c3),x),c3) | prior(connect(c1,x),c3).  [resolve(26549,b,96,b)].
29306 prior(Ps(c1,c2),c3) | prior(connect(c1,compl(c2)),c3).  [resolve(26551,b,1123,b),merge(c)].
29309 prior(Ps(c1,c2),c3) | prior(connect(c1,compl(c2)),successor(x,c3)) | -generator(x).  [resolve(29306,b,212,a)].
29345 prior(Ps(c1,c2),c3) | prior(connect(c1,compl(c2)),successor(f1(c3),c3)).  [resolve(29309,c,226,a)].
29347 prior(Ps(c1,c2),c3) | prior(Ps(c2,c1),successor(f1(c3),c3)) | prior(TPPs(c1,c2),successor(f1(c3),c3)).  [resolve(29345,b,568,d),merge(b)].
35338 prior(Ps(c1,c2),c3) | prior(Ps(c2,c1),successor(f1(c3),c3)) | prior(TPPs(c1,c2),c3).  [resolve(29347,c,225,b)].
35341 prior(Ps(c1,c2),c3) | prior(Ps(c2,c1),successor(f1(c3),c3)).  [resolve(35338,c,1271,b),merge(c)].
35344 prior(Ps(c1,c2),c3) | prior(Ps(c2,c1),c3).  [resolve(35341,b,219,b)].
35358 prior(Ps(c1,c2),c3).  [resolve(35344,b,1273,b),merge(b)].
35394 prior(EQs(c1,c2),c3) | -prior(Ps(c2,c1),c3).  [resolve(35358,a,122,c),unit_del(b,151)].
35395 prior(PPs(c1,c2),c3) | prior(Ps(c2,c1),c3).  [resolve(35358,a,111,c),unit_del(b,151)].
35482 prior(Ps(c2,c1),c3) | prior(NTPPs(c1,c2),successor(f1(c3),c3)) | prior(TPPs(c1,c2),c3).  [resolve(35395,a,21751,c)].
35483 prior(Ps(c2,c1),c3) | prior(NTPPs(c1,c2),c3) | prior(TPPs(c1,c2),c3).  [resolve(35395,a,2212,c)].
35654 prior(Ps(c2,c1),c3) | prior(TPPs(c1,c2),c3) | -prior(POs(c1,c2),c3).  [resolve(35483,b,132,c),unit_del(d,151)].
36061 prior(Ps(c2,c1),c3) | prior(TPPs(c1,c2),c3) | -prior(POs(c1,c2),successor(f1(c3),c3)).  [resolve(35482,b,132,c),unit_del(d,230)].
36111 prior(Ps(c2,c1),c3) | prior(TPPs(c1,c2),c3) | prior(POs(c1,c2),c3).  [resolve(36061,c,228,b)].
36112 prior(Ps(c2,c1),c3) | prior(TPPs(c1,c2),c3).  [resolve(36111,c,35654,c),merge(c),merge(d)].
36113 prior(Ps(c2,c1),c3) | prior(TPPs(c1,c2),successor(x,c3)) | -generator(x).  [resolve(36112,b,217,a)].
36263 prior(Ps(c2,c1),c3) | prior(TPPs(c1,c2),successor(f1(c3),c3)).  [resolve(36113,c,226,a)].
36267 prior(Ps(c2,c1),c3) | prior(POs(c1,c2),c3).  [resolve(36263,b,260,b)].
36275 prior(Ps(c2,c1),c3).  [resolve(36267,b,124,a),unit_del(b,35358)].
36276 prior(EQs(c1,c2),c3).  [back_unit_del(35394),unit_del(b,36275)].
36278 prior(Ps(c2,c1),successor(x,c3)) | -generator(x).  [back_unit_del(211),unit_del(a,36275)].
36298 -prior(POs(c1,c2),c3).  [resolve(36276,a,129,c),unit_del(b,151)].
36354 prior(POs(c1,c2),successor(f1(successor(f1(c3),c3)),c3)).  [back_unit_del(234),unit_del(a,36298)].
36450 prior(Ps(c2,c1),successor(f1(successor(f1(c3),c3)),c3)).  [resolve(36278,b,232,a)].
36746 $F.  [resolve(36354,a,125,a),unit_del(a,36450)].

============================== end of proof ==========================
