Hi Geoff, go and have some cold beer while I am trying to solve this very hard problem!
% remaining time: 29999 next slice time: 3
dis-4_5_bd=off:bs=off:ep=RST:fde=none:lcm=predicate:nwc=2.0:nicw=on:ptb=off:ssec=off:ss=included:st=5.0:sio=off:spl=backtracking:updr=off_1 on unknown
Refutation found. Thanks to Tanya!
% SZS status Theorem for unknown
% SZS output start Proof for unknown
fof(f688,plain,(
  $false),
  inference(subsumption_resolution,[],[f687,f457])).
fof(f457,plain,(
  atomicloopcurve(sK0)),
  inference(cnf_transformation,[],[f356])).
fof(f356,plain,(
  atomicloopcurve(sK0) & ~closed(sK0)),
  inference(skolemisation,[status(esa)],[f246])).
fof(f246,plain,(
  ? [X0] : (atomicloopcurve(X0) & ~closed(X0))),
  inference(ennf_transformation,[],[f1])).
fof(f1,negated_conjecture,(
  ~! [X0] : (atomicloopcurve(X0) => closed(X0))),
  file(unknown,unknown)).
fof(f687,plain,(
  ~atomicloopcurve(sK0)),
  inference(resolution,[],[f462,f458])).
fof(f458,plain,(
  ~closed(sK0)),
  inference(cnf_transformation,[],[f356])).
fof(f462,plain,(
  ( ! [X0] : (closed(X0) | ~atomicloopcurve(X0)) )),
  inference(cnf_transformation,[],[f248])).
fof(f248,plain,(
  ! [X0] : (~atomicloopcurve(X0) | closed(X0))),
  inference(ennf_transformation,[],[f94])).
fof(f94,plain,(
  ! [X0] : (atomicloopcurve(X0) => closed(X0))),
  inference(rectify,[],[f36])).
fof(f36,axiom,(
  ! [X78] : (atomicloopcurve(X78) => closed(X78))),
  file(unknown,unknown)).
% SZS output end Proof for unknown
------------------------------
Version: Vampire 0.6 (revision 903)
Termination reason: Refutation

Active clauses: 13
Passive clauses: 207
Generated clauses: 209
Final active clauses: 13
Final passive clauses: 194
Input formulas: 91
Initial clauses: 207

Selected by SInE selection: 91
SInE iterations: 1

Fw subsumption resolutions: 1

Binary resolution: 1

Memory used: 383KB
Time elapsed: 0.004 s
------------------------------
% Success in time 0.027 s
============================= vampire_lin32 ================================
execution finished: Fri Oct 11 16:15:18 2013
total CPU time used: 0
The command was "vampire_lin32 --mode casc --proof tptp -t 3000"
Input read from  /stl/torsten/git/macleod/qs/multidim_mereotopology_codib/theorems/conversions/atomic_loop_curve_theorems_goal1.all.tptp
============================ end of footer ===========================
