Hi Geoff, go and have some cold beer while I am trying to solve this very hard problem!
% remaining time: 29999 next slice time: 3
dis-4_5_bd=off:bs=off:ep=RST:fde=none:lcm=predicate:nwc=2.0:nicw=on:ptb=off:ssec=off:ss=included:st=5.0:sio=off:spl=backtracking:updr=off_1 on unknown
Refutation found. Thanks to Tanya!
% SZS status Theorem for unknown
% SZS output start Proof for unknown
fof(f848,plain,(
  $false),
  inference(subsumption_resolution,[],[f847,f417])).
fof(f417,plain,(
  atomiccurvesegment(sK0)),
  inference(cnf_transformation,[],[f327])).
fof(f327,plain,(
  atomiccurvesegment(sK0) & ~icon(sK0)),
  inference(skolemisation,[status(esa)],[f230])).
fof(f230,plain,(
  ? [X0] : (atomiccurvesegment(X0) & ~icon(X0))),
  inference(ennf_transformation,[],[f1])).
fof(f1,negated_conjecture,(
  ~! [X0] : (atomiccurvesegment(X0) => icon(X0))),
  file(unknown,unknown)).
fof(f847,plain,(
  ~atomiccurvesegment(sK0)),
  inference(resolution,[],[f844,f465])).
fof(f465,plain,(
  ( ! [X0] : (sP0(X0) | ~atomiccurvesegment(X0)) )),
  inference(cnf_transformation,[],[f363])).
fof(f363,plain,(
  ! [X0] : ((~atomiccurvesegment(X0) | sP0(X0)) & (~sP0(X0) | atomiccurvesegment(X0)))),
  inference(nnf_transformation,[],[f324])).
fof(f324,plain,(
  ! [X0] : (atomiccurvesegment(X0) <=> sP0(X0))),
  inference(definition_folding,[],[f323])).
fof(f323,plain,(
  ! [X0] : (sP0(X0) <=> (curve(X0) & ! [X1] : ~pp(X1,X0) & ? [X2,X3] : (endpoint(X2,X0) & endpoint(X3,X0) & X2 != X3 & ! [X4] : (~point(X4) | ~cont(X4,X0) | X2 = X4 | X3 = X4))))),
  introduced(predicate_definition_introduction,[])).
fof(f844,plain,(
  ~sP0(sK0)),
  inference(resolution,[],[f840,f456])).
fof(f456,plain,(
  ( ! [X0,X1] : (~pp(X1,X0) | ~sP0(X0)) )),
  inference(cnf_transformation,[],[f362])).
fof(f362,plain,(
  ! [X0] : ((~sP0(X0) | (curve(X0) & ! [X1] : ~pp(X1,X0) & (endpoint(sK10(X0),X0) & endpoint(sK11(X0),X0) & sK10(X0) != sK11(X0) & ! [X4] : (~point(X4) | ~cont(X4,X0) | sK10(X0) = X4 | sK11(X0) = X4)))) & (~curve(X0) | pp(sK12(X0),X0) | ! [X6,X7] : (~endpoint(X6,X0) | ~endpoint(X7,X0) | X6 = X7 | (point(sK13(X7,X6,X0)) & cont(sK13(X7,X6,X0),X0) & sK13(X7,X6,X0) != X6 & sK13(X7,X6,X0) != X7)) | sP0(X0)))),
  inference(skolemisation,[status(esa)],[f361])).
fof(f361,plain,(
  ! [X0] : ((~sP0(X0) | (curve(X0) & ! [X1] : ~pp(X1,X0) & ? [X2,X3] : (endpoint(X2,X0) & endpoint(X3,X0) & X2 != X3 & ! [X4] : (~point(X4) | ~cont(X4,X0) | X2 = X4 | X3 = X4)))) & (~curve(X0) | ? [X5] : pp(X5,X0) | ! [X6,X7] : (~endpoint(X6,X0) | ~endpoint(X7,X0) | X6 = X7 | ? [X8] : (point(X8) & cont(X8,X0) & X6 != X8 & X7 != X8)) | sP0(X0)))),
  inference(rectify,[],[f360])).
fof(f360,plain,(
  ! [X0] : ((~sP0(X0) | (curve(X0) & ! [X1] : ~pp(X1,X0) & ? [X2,X3] : (endpoint(X2,X0) & endpoint(X3,X0) & X2 != X3 & ! [X4] : (~point(X4) | ~cont(X4,X0) | X2 = X4 | X3 = X4)))) & (~curve(X0) | ? [X1] : pp(X1,X0) | ! [X2,X3] : (~endpoint(X2,X0) | ~endpoint(X3,X0) | X2 = X3 | ? [X4] : (point(X4) & cont(X4,X0) & X2 != X4 & X3 != X4)) | sP0(X0)))),
  inference(flattening,[],[f359])).
fof(f359,plain,(
  ! [X0] : ((~sP0(X0) | (curve(X0) & ! [X1] : ~pp(X1,X0) & ? [X2,X3] : (endpoint(X2,X0) & endpoint(X3,X0) & X2 != X3 & ! [X4] : (~point(X4) | ~cont(X4,X0) | X2 = X4 | X3 = X4)))) & ((~curve(X0) | ? [X1] : pp(X1,X0) | ! [X2,X3] : (~endpoint(X2,X0) | ~endpoint(X3,X0) | X2 = X3 | ? [X4] : (point(X4) & cont(X4,X0) & X2 != X4 & X3 != X4))) | sP0(X0)))),
  inference(nnf_transformation,[],[f323])).
fof(f840,plain,(
  pp(sK8(sK0),sK0)),
  inference(backtracking_split_refutation,[],[f830,f831_D,f839])).
fof(f839,plain,(
  $false | $spl4),
  inference(subsumption_resolution,[],[f838,f417])).
fof(f838,plain,(
  ~atomiccurvesegment(sK0) | $spl4),
  inference(resolution,[],[f835,f465])).
fof(f835,plain,(
  ~sP0(sK0) | $spl4),
  inference(resolution,[],[f832,f456])).
fof(f832,plain,(
  pp(sK6(sK0),sK0) | $spl4),
  inference(resolution,[],[f831,f439])).
fof(f439,plain,(
  ( ! [X0] : (con(X0) | pp(sK6(X0),X0)) )),
  inference(cnf_transformation,[],[f345])).
fof(f345,plain,(
  ! [X0] : ((~con(X0) | ! [X1] : (~pp(X1,X0) | sc(X1,difference(X0,X1)))) & ((pp(sK6(X0),X0) & ~sc(sK6(X0),difference(X0,sK6(X0)))) | con(X0)))),
  inference(skolemisation,[status(esa)],[f344])).
fof(f344,plain,(
  ! [X0] : ((~con(X0) | ! [X1] : (~pp(X1,X0) | sc(X1,difference(X0,X1)))) & (? [X2] : (pp(X2,X0) & ~sc(X2,difference(X0,X2))) | con(X0)))),
  inference(rectify,[],[f343])).
fof(f343,plain,(
  ! [X0] : ((~con(X0) | ! [X1] : (~pp(X1,X0) | sc(X1,difference(X0,X1)))) & (? [X1] : (pp(X1,X0) & ~sc(X1,difference(X0,X1))) | con(X0)))),
  inference(nnf_transformation,[],[f237])).
fof(f237,plain,(
  ! [X0] : (con(X0) <=> ! [X1] : (~pp(X1,X0) | sc(X1,difference(X0,X1))))),
  inference(ennf_transformation,[],[f95])).
fof(f95,plain,(
  ! [X0] : (con(X0) <=> ! [X1] : (pp(X1,X0) => sc(X1,difference(X0,X1))))),
  inference(rectify,[],[f67])).
fof(f67,axiom,(
  ! [X144] : (con(X144) <=> ! [X145] : (pp(X145,X144) => sc(X145,difference(X144,X145))))),
  file(unknown,unknown)).
fof(f831,plain,(
  ~con(sK0) | $spl4),
  inference(cnf_transformation,[],[f831_D])).
fof(f831_D,plain,(
  ~con(sK0) <=> ~$spl4),
  introduced(backtracking_splitting_component,[])).
fof(f830,plain,(
  pp(sK8(sK0),sK0) | ~con(sK0)),
  inference(resolution,[],[f447,f418])).
fof(f418,plain,(
  ~icon(sK0)),
  inference(cnf_transformation,[],[f327])).
fof(f447,plain,(
  ( ! [X0] : (icon(X0) | pp(sK8(X0),X0) | ~con(X0)) )),
  inference(cnf_transformation,[],[f352])).
fof(f352,plain,(
  ! [X0] : ((~icon(X0) | (con(X0) & ! [X1] : (~pp(X1,X0) | covers(X0,intersection(X1,difference(X0,X1)))))) & (~con(X0) | (pp(sK8(X0),X0) & ~covers(X0,intersection(sK8(X0),difference(X0,sK8(X0))))) | icon(X0)))),
  inference(skolemisation,[status(esa)],[f351])).
fof(f351,plain,(
  ! [X0] : ((~icon(X0) | (con(X0) & ! [X1] : (~pp(X1,X0) | covers(X0,intersection(X1,difference(X0,X1)))))) & (~con(X0) | ? [X2] : (pp(X2,X0) & ~covers(X0,intersection(X2,difference(X0,X2)))) | icon(X0)))),
  inference(rectify,[],[f350])).
fof(f350,plain,(
  ! [X0] : ((~icon(X0) | (con(X0) & ! [X1] : (~pp(X1,X0) | covers(X0,intersection(X1,difference(X0,X1)))))) & (~con(X0) | ? [X1] : (pp(X1,X0) & ~covers(X0,intersection(X1,difference(X0,X1)))) | icon(X0)))),
  inference(flattening,[],[f349])).
fof(f349,plain,(
  ! [X0] : ((~icon(X0) | (con(X0) & ! [X1] : (~pp(X1,X0) | covers(X0,intersection(X1,difference(X0,X1)))))) & ((~con(X0) | ? [X1] : (pp(X1,X0) & ~covers(X0,intersection(X1,difference(X0,X1))))) | icon(X0)))),
  inference(nnf_transformation,[],[f238])).
fof(f238,plain,(
  ! [X0] : (icon(X0) <=> (con(X0) & ! [X1] : (~pp(X1,X0) | covers(X0,intersection(X1,difference(X0,X1))))))),
  inference(ennf_transformation,[],[f97])).
fof(f97,plain,(
  ! [X0] : (icon(X0) <=> (con(X0) & ! [X1] : (pp(X1,X0) => covers(X0,intersection(X1,difference(X0,X1))))))),
  inference(rectify,[],[f29])).
fof(f29,axiom,(
  ! [X65] : (icon(X65) <=> (con(X65) & ! [X66] : (pp(X66,X65) => covers(X65,intersection(X66,difference(X65,X66))))))),
  file(unknown,unknown)).
% SZS output end Proof for unknown
------------------------------
Version: Vampire 0.6 (revision 903)
Termination reason: Refutation

Active clauses: 168
Passive clauses: 347
Generated clauses: 416
Final active clauses: 163
Final passive clauses: 156
Input formulas: 84
Initial clauses: 180

Selected by SInE selection: 84
SInE iterations: 1

Duplicate literals: 2
Fw subsumption resolutions: 4

Simple tautologies: 9
Forward subsumptions: 57

Binary resolution: 222
Factoring: 1

Backtracking splits: 4
Backtracking splits refuted: 2
Backtracking splits refuted at zero level: 2

Memory used: 383KB
Time elapsed: 0.015 s
------------------------------
% Success in time 0.037 s
============================= vampire_lin32 ================================
execution finished: Mon Oct 07 16:13:28 2013
total CPU time used: 0
The command was "vampire_lin32 --mode casc --proof tptp -t 3000"
Input read from  /stl/torsten/git/macleod/qs/multidim_mereotopology_codib/theorems/conversions/atomic_curve_segment_theorems_goal3.all.tptp
============================ end of footer ===========================
