Hi Geoff, go and have some cold beer while I am trying to solve this very hard problem!
% remaining time: 29999 next slice time: 3
dis-4_5_bd=off:bs=off:ep=RST:fde=none:lcm=predicate:nwc=2.0:nicw=on:ptb=off:ssec=off:ss=included:st=5.0:sio=off:spl=backtracking:updr=off_1 on unknown
Time limit reached!
------------------------------
Version: Vampire 0.6 (revision 903)
Termination reason: Time limit
Termination phase: Saturation

Active clauses: 2936
Passive clauses: 12530
Generated clauses: 24376
Input formulas: 72
Initial clauses: 168

Selected by SInE selection: 72
SInE iterations: 1

Duplicate literals: 107
Fw subsumption resolutions: 920

Simple tautologies: 260
Forward subsumptions: 9430

Binary resolution: 21341
Factoring: 88

Backtracking splits: 1543
Backtracking splits refuted: 86
Backtracking splits refuted at zero level: 15

Memory used: 4733KB
Time elapsed: 0.400 s
------------------------------
% remaining time: 29995 next slice time: 13
dis-1010_2_bs=off:ep=on:nwc=1.5:sswn=on:sswsr=on:ss=included:st=1.5:sgo=on:sp=occurrence_9 on unknown
Time limit reached!
------------------------------
Version: Vampire 0.6 (revision 903)
Termination reason: Time limit
Termination phase: Saturation

Active clauses: 2294
Passive clauses: 23873
Generated clauses: 56640
Input formulas: 72
Initial clauses: 159

Unused predicate definitions: 3
Selected by SInE selection: 72
SInE iterations: 1

Duplicate literals: 10616
Fw subsumption resolutions: 4700

Simple tautologies: 424
Equational tautologies: 26
Forward subsumptions: 18863

Binary resolution: 24709
Factoring: 140
Forward superposition: 13098
Backward superposition: 4417
Self superposition: 110
Equality factoring: 16

Unique components: 2

Memory used: 9338KB
Time elapsed: 1.400 s
------------------------------
% remaining time: 29981 next slice time: 32
lrs+11_14_bd=off:bs=off:bsr=on:cond=on:drc=off:fsr=off:fde=none:gsp=input_only:lcm=reverse:nwc=10:ptb=off:ssec=off:stl=60:sos=on:sgo=on:sio=off:spl=backtracking:sfv=off:sp=reverse_arity_23 on unknown
Refutation not found with incomplete strategy!
------------------------------
Version: Vampire 0.6 (revision 903)
Termination reason: Refutation not found, incomplete strategy

Active clauses: 158
Passive clauses: 2
Generated clauses: 2
Final active clauses: 158
Input formulas: 72
Initial clauses: 158

Unused predicate definitions: 3

Memory used: 255KB
Time elapsed: 0.005 s
------------------------------
% remaining time: 29981 next slice time: 95
dis+2_4_bs=off:ep=on:nwc=1.5:nicw=on:ptb=off:ssec=off:sac=on:sio=off:spl=backtracking_70 on unknown
Aborted by signal SIGTERM on 
Aborted by signal SIGINT on 
------------------------------
Version: Vampire 0.6 (revision 903)
Termination reason: Unknown
Termination phase: Saturation

Active clauses: 1550
Passive clauses: 9116
Generated clauses: 16122
Input formulas: 72
Initial clauses: 159

Unused predicate definitions: 3

Duplicate literals: 375
Fw subsumption resolutions: 1121

Simple tautologies: 288
Equational tautologies: 12
Forward subsumptions: 5643

Binary resolution: 14529
Factoring: 4

Backtracking splits: 21
Backtracking splits refuted: 10
Backtracking splits refuted at zero level: 9

Memory used: 3326KB
Time elapsed: 0.335 s
------------------------------
% Terminated by SIGINT!
% SZS status User for unknown
------------------------------
Version: Vampire 0.6 (revision 903)
Termination reason: Unknown
Termination phase: Unknown

Input formulas: 72

Memory used: 127KB
Time elapsed: 2.211 s
------------------------------
============================= vampire_lin32 ================================
execution finished: Tue Oct 08 20:12:39 2013
total CPU time used: 0
The command was "vampire_lin32 --mode casc --proof tptp -t 3000"
Input read from  /stl/torsten/git/macleod/qs/multidim_mereotopology_codib/theorems/conversions/atomic_curve_theorems_goal2.all.tptp
============================ end of footer ===========================
