Hi Geoff, go and have some cold beer while I am trying to solve this very hard problem!
% remaining time: 5999 next slice time: 3
dis-4_5_bd=off:bs=off:ep=RST:fde=none:lcm=predicate:n=on:nicw=on:nwc=2:ptb=off:sio=off:spl=backtracking:ss=included:ssec=off:st=5:updr=off_3 on C:\Users\torsten\Documents\github\colore\ontologies\multidim_mereotopology_dim\theorems\conversions\dim_prime_linear_bounded_discrete_theorems_goal2.all
Refutation found. Thanks to Tanya!
180. $false (2:0) [subsumption resolution 179,81]
81. eqdim(sK0,sK1) (0:3) [cnf transformation 57]
57. eqdim(sK0,sK1) & ~eqdim(sK1,sK0)[skolemisation 43]
43. ? [X0,X1] : (eqdim(X0,X1) & ~eqdim(X1,X0))[ennf transformation 18]
18. ~! [X0,X1] : (eqdim(X0,X1) => eqdim(X1,X0))[flattening 1]
1. ~! [X0] : ! [X1] : (eqdim(X0,X1) => eqdim(X1,X0))[negated conjecture]
179. ~eqdim(sK0,sK1) (2:3) [resolution 172,82]
82. ~eqdim(sK1,sK0) (0:3) [cnf transformation 57]
172. eqdim(X9,X10) | ~eqdim(X10,X9) (1:6) [subsumption resolution 157,105]
105. leq(X1,X0) | ~eqdim(X0,X1) (0:6) [cnf transformation 74]
74. ! [X0,X1] : ((~eqdim(X0,X1) | (leq(X0,X1) & leq(X1,X0))) & (~leq(X0,X1) | ~leq(X1,X0) | eqdim(X0,X1)))[flattening 73]
73. ! [X0,X1] : ((~eqdim(X0,X1) | (leq(X0,X1) & leq(X1,X0))) & ((~leq(X0,X1) | ~leq(X1,X0)) | eqdim(X0,X1)))[nnf transformation 36]
36. ! [X0,X1] : (eqdim(X0,X1) <=> (leq(X0,X1) & leq(X1,X0)))[flattening 35]
35. ! [X0] : ! [X1] : (eqdim(X0,X1) <=> (leq(X0,X1) & leq(X1,X0)))[rectify 7]
7. ! [X10] : ! [X11] : (eqdim(X10,X11) <=> (leq(X10,X11) & leq(X11,X10)))[input]
157. ~leq(X9,X10) | eqdim(X9,X10) | ~eqdim(X10,X9) (1:9) [resolution 106,104]
104. leq(X0,X1) | ~eqdim(X0,X1) (0:6) [cnf transformation 74]
106. ~leq(X1,X0) | ~leq(X0,X1) | eqdim(X0,X1) (0:9) [cnf transformation 74]
------------------------------
Version: Vampire 0.6 (revision 903)
Termination reason: Refutation

Active clauses: 52
Passive clauses: 72
Generated clauses: 99
Final active clauses: 52
Final passive clauses: 15
Input formulas: 17
Initial clauses: 36

Selected by SInE selection: 17
SInE iterations: 1

Fw subsumption resolutions: 8

Simple tautologies: 11
Forward subsumptions: 11

Binary resolution: 50
Factoring: 4

Backtracking splits: 1

Memory used: 127KB
Time elapsed: 0.011 s
------------------------------
% Success in time 0.069 s
============================= C:\Reasoning\vampire_win ================================
execution finished: Wed Jan 23 15:09:52 2019
total CPU time used: 0
The command was "C:\Reasoning\vampire_win --mode casc --proof tptp -t 600 --input_file C:\Users\torsten\Documents\github\colore\ontologies\multidim_mereotopology_dim\theorems\conversions\dim_prime_linear_bounded_discrete_theorems_goal2.all.tptp"
Input read from 
============================ end of footer ===========================
