============================== Mace4 =================================
Mace4 (32) version Oct-2007, Oct 2007.
Process 19396 was started by torsten on LAPTOP-UF9R3IH7,
Fri Mar 19 06:23:17 2021
The command was "/cygdrive/c/Users/torsten/macleod/mace4 -v0 -t600 -s60 -n2 -N40 -f C:\Users\torsten\GitHub\colore\ontologies\dolce_mereology\conversions\dolce_mereology.p9".
============================== end of head ===========================

============================== INPUT =================================

% Reading from file C:\Users\torsten\GitHub\colore\ontologies\dolce_mereology\conversions\dolce_mereology.p9


formulas(sos).
(all x all y (P(x,y) -> (AB(x) | PD(x)) & (AB(y) | PD(y)))).
(all x all y (P(x,y) -> (PD(x) <-> PD(y)))).
(all x all y (P(x,y) -> (AB(x) <-> AB(y)))).
(all x all y (P(x,y) & (TR(x) -> R(x)) -> (TR(x) <-> TR(y)))).
(all x all y (P(x,y) & (PR(x) -> R(x)) -> (PR(x) <-> PR(y)))).
(all x all y (P(x,y) & (AR(x) -> R(x)) -> (AR(x) <-> AR(y)))).
(all x all y (AB(x) | PD(x) -> P(x,x))).
(all x all y (P(x,y) & P(y,x) -> x = y)).
(all x all y all z (P(x,y) & P(y,z) -> P(x,z))).
(all x all y ((AB(x) | PD(x)) & -P(x,y) -> (exists z (P(z,x) & -O(z,y))))).
(all x all y (-P(x,y) -> (exists z (P(z,x) & DJ(z,y))))).
(all x all y (PP(x,y) <-> P(x,y) & -P(y,x))).
(all x all y (O(x,y) <-> (exists z (P(z,x) & P(z,y))))).
(all x all y (DJ(x,y) <-> -O(x,y))).
(all x all y (U(x,y) <-> (exists z (P(x,z) & P(y,z))))).
(all x (AtP(x) <-> (all y (P(y,x) -> y = x)))).
(all x all y (U(x,y) -> (exists z all v (O(v,z) <-> O(v,x) | O(v,y))))).
(all x all y (O(x,y) -> (exists z all v (PP(v,z) <-> PP(v,x) & PP(v,y))))).
(all x all y all z (SUM(z,x,y) <-> (all w (T(w) -> (O(w,z) <-> O(w,x) | O(w,y)))))).
end_of_list.

% From the command line: clear(verbose).

% From the command line: assign(max_seconds, 600).

% From the command line: assign(max_seconds_per, 60).

% From the command line: assign(domain_size, 2).

% From the command line: assign(iterate_up_to, 40).

============================== end of input ==========================

============================== PROCESS NON-CLAUSAL FORMULAS ==========

% Formulas that are not ordinary clauses:
1 (all x all y (P(x,y) -> (AB(x) | PD(x)) & (AB(y) | PD(y)))) # label(non_clause).  [assumption].
2 (all x all y (P(x,y) -> (PD(x) <-> PD(y)))) # label(non_clause).  [assumption].
3 (all x all y (P(x,y) -> (AB(x) <-> AB(y)))) # label(non_clause).  [assumption].
4 (all x all y (P(x,y) & (TR(x) -> R(x)) -> (TR(x) <-> TR(y)))) # label(non_clause).  [assumption].
5 (all x all y (P(x,y) & (PR(x) -> R(x)) -> (PR(x) <-> PR(y)))) # label(non_clause).  [assumption].
6 (all x all y (P(x,y) & (AR(x) -> R(x)) -> (AR(x) <-> AR(y)))) # label(non_clause).  [assumption].
7 (all x all y (AB(x) | PD(x) -> P(x,x))) # label(non_clause).  [assumption].
8 (all x all y (P(x,y) & P(y,x) -> x = y)) # label(non_clause).  [assumption].
9 (all x all y all z (P(x,y) & P(y,z) -> P(x,z))) # label(non_clause).  [assumption].
10 (all x all y ((AB(x) | PD(x)) & -P(x,y) -> (exists z (P(z,x) & -O(z,y))))) # label(non_clause).  [assumption].
11 (all x all y (-P(x,y) -> (exists z (P(z,x) & DJ(z,y))))) # label(non_clause).  [assumption].
12 (all x all y (PP(x,y) <-> P(x,y) & -P(y,x))) # label(non_clause).  [assumption].
13 (all x all y (O(x,y) <-> (exists z (P(z,x) & P(z,y))))) # label(non_clause).  [assumption].
14 (all x all y (DJ(x,y) <-> -O(x,y))) # label(non_clause).  [assumption].
15 (all x all y (U(x,y) <-> (exists z (P(x,z) & P(y,z))))) # label(non_clause).  [assumption].
16 (all x (AtP(x) <-> (all y (P(y,x) -> y = x)))) # label(non_clause).  [assumption].
17 (all x all y (U(x,y) -> (exists z all v (O(v,z) <-> O(v,x) | O(v,y))))) # label(non_clause).  [assumption].
18 (all x all y (O(x,y) -> (exists z all v (PP(v,z) <-> PP(v,x) & PP(v,y))))) # label(non_clause).  [assumption].
19 (all x all y all z (SUM(z,x,y) <-> (all w (T(w) -> (O(w,z) <-> O(w,x) | O(w,y)))))) # label(non_clause).  [assumption].

============================== end of process non-clausal formulas ===

============================== CLAUSES FOR SEARCH ====================

formulas(mace4_clauses).
-P(x,y) | AB(x) | PD(x).
-P(x,y) | AB(y) | PD(y).
-P(x,y) | -PD(x) | PD(y).
-P(x,y) | PD(x) | -PD(y).
-P(x,y) | -AB(x) | AB(y).
-P(x,y) | AB(x) | -AB(y).
-P(x,y) | TR(x) | -TR(y).
-P(x,y) | -R(x) | -TR(x) | TR(y).
-P(x,y) | PR(x) | -PR(y).
-P(x,y) | -R(x) | -PR(x) | PR(y).
-P(x,y) | AR(x) | -AR(y).
-P(x,y) | -R(x) | -AR(x) | AR(y).
-AB(x) | P(x,x).
-PD(x) | P(x,x).
-P(x,y) | -P(y,x) | y = x.
-P(x,y) | -P(y,z) | P(x,z).
-AB(x) | P(x,y) | P(f1(x,y),x).
-AB(x) | P(x,y) | -O(f1(x,y),y).
-PD(x) | P(x,y) | P(f1(x,y),x).
-PD(x) | P(x,y) | -O(f1(x,y),y).
P(x,y) | P(f2(x,y),x).
P(x,y) | DJ(f2(x,y),y).
-PP(x,y) | P(x,y).
-PP(x,y) | -P(y,x).
PP(x,y) | -P(x,y) | P(y,x).
-O(x,y) | P(f3(x,y),x).
-O(x,y) | P(f3(x,y),y).
O(x,y) | -P(z,x) | -P(z,y).
-DJ(x,y) | -O(x,y).
DJ(x,y) | O(x,y).
-U(x,y) | P(x,f4(x,y)).
-U(x,y) | P(y,f4(x,y)).
U(x,y) | -P(x,z) | -P(y,z).
-AtP(x) | -P(y,x) | y = x.
AtP(x) | P(f5(x),x).
AtP(x) | f5(x) != x.
-U(x,y) | -O(z,f6(x,y)) | O(z,x) | O(z,y).
-U(x,y) | O(z,f6(x,y)) | -O(z,x).
-U(x,y) | O(z,f6(x,y)) | -O(z,y).
-O(x,y) | -PP(z,f7(x,y)) | PP(z,x).
-O(x,y) | -PP(z,f7(x,y)) | PP(z,y).
-O(x,y) | PP(z,f7(x,y)) | -PP(z,x) | -PP(z,y).
-SUM(x,y,z) | -T(u) | -O(u,x) | O(u,y) | O(u,z).
-SUM(x,y,z) | -T(u) | O(u,x) | -O(u,y).
-SUM(x,y,z) | -T(u) | O(u,x) | -O(u,z).
SUM(x,y,z) | T(f8(y,z,x)).
SUM(x,y,z) | O(f8(y,z,x),x) | O(f8(y,z,x),y) | O(f8(y,z,x),z).
SUM(x,y,z) | -O(f8(y,z,x),x) | -O(f8(y,z,x),y).
SUM(x,y,z) | -O(f8(y,z,x),x) | -O(f8(y,z,x),z).
end_of_list.

============================== end of clauses for search =============

% The maximum domain element in the input is 0.

============================== DOMAIN SIZE 2 =========================

=== Mace4 starting on domain size 2. ===

============================== MODEL =================================

interpretation( 2, [number=1, seconds=0], [

        function(f5(_), [ 0, 0 ]),

        function(f1(_,_), [
			   0, 0,
			   1, 0 ]),

        function(f2(_,_), [
			   0, 0,
			   1, 0 ]),

        function(f3(_,_), [
			   0, 0,
			   0, 1 ]),

        function(f4(_,_), [
			   0, 0,
			   0, 1 ]),

        function(f6(_,_), [
			   0, 0,
			   0, 1 ]),

        function(f7(_,_), [
			   0, 0,
			   0, 0 ]),

        function(f8(_,_,_), [
			   0, 0,
			   0, 0,
			   0, 0,
			   0, 0 ]),

        relation(AB(_), [ 0, 0 ]),

        relation(AR(_), [ 0, 0 ]),

        relation(AtP(_), [ 1, 1 ]),

        relation(PD(_), [ 1, 1 ]),

        relation(PR(_), [ 0, 0 ]),

        relation(R(_), [ 0, 0 ]),

        relation(T(_), [ 0, 0 ]),

        relation(TR(_), [ 0, 0 ]),

        relation(DJ(_,_), [
			   0, 1,
			   1, 0 ]),

        relation(O(_,_), [
			   1, 0,
			   0, 1 ]),

        relation(P(_,_), [
			   1, 0,
			   0, 1 ]),

        relation(PP(_,_), [
			   0, 0,
			   0, 0 ]),

        relation(U(_,_), [
			   1, 0,
			   0, 1 ]),

        relation(SUM(_,_,_), [
			   1, 1,
			   1, 1,
			   1, 1,
			   1, 1 ])
]).

============================== end of model ==========================

============================== STATISTICS ============================

For domain size 2.

Current CPU time: 0.00 seconds (total CPU time: 0.01 seconds).
Ground clauses: seen=276, kept=272.
Selections=40, assignments=42, propagations=53, current_models=1.
Rewrite_terms=148, rewrite_bools=560, indexes=33.
Rules_from_neg_clauses=9, cross_offs=9.

============================== end of statistics =====================

------ process 19396 exit (max_models) ------

User_CPU=0.01, System_CPU=0.00, Wall_clock=0.

Exiting with 1 model.

Process 19396 exit (max_models) Fri Mar 19 06:23:17 2021
The process finished Fri Mar 19 06:23:17 2021
