Paradox, version 3.0, 2008-07-29.
+++ PROBLEM: C:\Users\torsten\GitHub\colore\ontologies\dolce_mereology\conversions\dolce_mereology.tptp
Reading 'C:\Users\torsten\GitHub\colore\ontologies\dolce_mereology\conversions\dolce_mereology.tptp' ... OK
+++ SOLVING: C:\Users\torsten\GitHub\colore\ontologies\dolce_mereology\conversions\dolce_mereology.tptp
domain size 1
+++ BEGIN MODEL
SZS output start FiniteModel for C:\Users\torsten\GitHub\colore\ontologies\dolce_mereology\conversions\dolce_mereology.tptp
% domain size is 1
fof(domain, fi_domain,
  (![X] : (X = "1"))
).

fof(ab, fi_predicates,
  ( ab("1") <=> $false
  )
).

fof(ar, fi_predicates,
  ( ar("1") <=> $false
  )
).

fof(atp, fi_predicates,
  ( atp("1") <=> $true
  )
).

fof(dj, fi_predicates,
  ( dj("1","1") <=> $false
  )
).

fof(o, fi_predicates,
  ( o("1","1") <=> $true
  )
).

fof(p, fi_predicates,
  ( p("1","1") <=> $true
  )
).

fof(pd, fi_predicates,
  ( pd("1") <=> $true
  )
).

fof(pp, fi_predicates,
  ( pp("1","1") <=> $false
  )
).

fof(pr, fi_predicates,
  ( pr("1") <=> $false
  )
).

fof(r, fi_predicates,
  ( ![X1] : r(X1) <=> $false
  )
).

fof(sum, fi_predicates,
  ( sum("1","1","1") <=> $true
  )
).

fof(t, fi_predicates,
  ( t("1") <=> $false
  )
).

fof(tr, fi_predicates,
  ( tr("1") <=> $false
  )
).

fof(u, fi_predicates,
  ( u("1","1") <=> $true
  )
).
SZS output end FiniteModel for C:\Users\torsten\GitHub\colore\ontologies\dolce_mereology\conversions\dolce_mereology.tptp
+++ END MODEL
+++ RESULT: Satisfiable
SZS status Satisfiable for C:\Users\torsten\GitHub\colore\ontologies\dolce_mereology\conversions\dolce_mereology.tptp
