============================== prooftrans ============================
Prover9 (32) version Dec-2007, Dec 2007.
Process 9360 was started,
Fri Jan 18 01:00:04 2013
The command was "/cygdrive/c/Program Files (x86)/Prover9-Mace4/bin-win32/prover9".
============================== end of head ===========================

============================== end of input ==========================

============================== PROOF =================================

% -------- Comments from original proof --------
% Proof 1 at 1051.99 (+ 20.61) seconds.
% Length of proof is 78.
% Level of proof is 16.
% Maximum clause weight is 23.
% Given clauses 45121.

6 (all occ (activity_occurrence(occ) -> (exists a (activity(a) & occurrence_of(occ,a))))) # label(non_clause).  [assumption].
8 (all s (arboreal(s) -> activity_occurrence(s))) # label(non_clause).  [assumption].
16 (all s all a (occurrence_of(s,a) -> (arboreal(s) <-> generator(a)))) # label(non_clause).  [assumption].
17 (all a all o (occurrence_of(successor(a,o),a) <-> generator(a) & arboreal(o))) # label(non_clause).  [assumption].
28 (all f all occ (prior(f,occ) -> state(f) & arboreal(occ))) # label(non_clause).  [assumption].
30 (all a all occ all f (prior(f,successor(a,occ)) <-> holds(f,occ) & generator(a))) # label(non_clause).  [assumption].
34 (all f all o (falsifies(o,f) <-> state(f) & arboreal(o) & prior(f,o) & -holds(f,o))) # label(non_clause).  [assumption].
35 (all f all o (achieves(o,f) <-> state(f) & arboreal(o) & -prior(f,o) & holds(f,o))) # label(non_clause).  [assumption].
37 (all x all y all o (arboreal(o) & prior(connect(x,y),o) -> prior(region(x),o) & prior(region(y),o))) # label(non_clause).  [assumption].
40 (all x all y all o (prior(Ps(x,y),o) <-> arboreal(o) & prior(region(x),o) & prior(region(y),o) & (all z (prior(connect(z,x),o) -> prior(connect(z,y),o))))) # label(non_clause).  [assumption].
42 (all x all y all o (prior(Os(x,y),o) <-> arboreal(o) & (exists z (prior(Ps(z,x),o) & prior(Ps(z,y),o))))) # label(non_clause).  [assumption].
43 (all x all y all o (prior(ECs(x,y),o) <-> arboreal(o) & prior(connect(x,y),o) & -prior(Os(x,y),o))) # label(non_clause).  [assumption].
48 (all x all y all o (prior(POs(x,y),o) <-> arboreal(o) & prior(Os(x,y),o) & -prior(Ps(x,y),o) & -prior(Ps(y,x),o))) # label(non_clause).  [assumption].
50 (all x all y all o (prior(ECs(x,y),o) & arboreal(o) -> -prior(POs(x,y),o) & -prior(DCs(x,y),o) & -prior(EQs(x,y),o) & -prior(TPPs(x,y),o) & -prior(TPPs(y,x),o) & -prior(NTPPs(x,y),o) & -prior(NTPPs(y,x),o))) # label(non_clause).  [assumption].
58 (all x all y all o (achieves(o,ECs(x,y)) & arboreal(o) & falsifies(o,Os(x,y)) & -falsifies(o,Ps(x,y)) & -falsifies(o,Ps(y,x)) & -achieves(o,connect(x,y)) & -achieves(o,region(x)) & -achieves(o,region(y)) -> falsifies(o,POs(x,y)))) # label(non_clause) # label(goal).  [goal].
65 -occurrence_of(x,y) | -arboreal(x) | generator(y).  [clausify(16)].
68 -occurrence_of(x,y) | arboreal(x) | -generator(y).  [clausify(16)].
70 occurrence_of(successor(x,y),x) | -generator(x) | -arboreal(y).  [clausify(17)].
74 prior(x,successor(y,z)) | -holds(x,z) | -generator(y).  [clausify(30)].
82 -prior(x,y) | state(x).  [clausify(28)].
88 falsifies(x,y) | -state(y) | -arboreal(x) | -prior(y,x) | holds(y,x).  [clausify(34)].
98 -activity_occurrence(x) | occurrence_of(x,f1(x)).  [clausify(6)].
100 -arboreal(x) | activity_occurrence(x).  [clausify(8)].
133 -falsifies(x,y) | prior(y,x).  [clausify(34)].
137 -achieves(x,y) | holds(y,x).  [clausify(35)].
138 -arboreal(x) | -prior(connect(y,z),x) | prior(region(y),x).  [clausify(37)].
139 -arboreal(x) | -prior(connect(y,z),x) | prior(region(z),x).  [clausify(37)].
145 prior(Ps(x,y),z) | -arboreal(z) | -prior(region(x),z) | -prior(region(y),z) | prior(connect(f10(x,y,z),x),z).  [clausify(40)].
146 prior(Ps(x,y),z) | -arboreal(z) | -prior(region(x),z) | -prior(region(y),z) | -prior(connect(f10(x,y,z),y),z).  [clausify(40)].
153 prior(Os(x,y),z) | -arboreal(z) | -prior(Ps(u,x),z) | -prior(Ps(u,y),z).  [clausify(42)].
154 -prior(ECs(x,y),z) | prior(connect(x,y),z).  [clausify(43)].
155 -prior(ECs(x,y),z) | -prior(Os(x,y),z).  [clausify(43)].
174 prior(POs(x,y),z) | -arboreal(z) | -prior(Os(x,y),z) | prior(Ps(x,y),z) | prior(Ps(y,x),z).  [clausify(48)].
182 -prior(ECs(x,y),z) | -arboreal(z) | -prior(POs(x,y),z).  [clausify(50)].
202 achieves(c3,ECs(c1,c2)).  [deny(58)].
203 arboreal(c3).  [deny(58)].
204 falsifies(c3,Os(c1,c2)).  [deny(58)].
205 -falsifies(c3,Ps(c1,c2)).  [deny(58)].
206 -falsifies(c3,Ps(c2,c1)).  [deny(58)].
210 -falsifies(c3,POs(c1,c2)).  [deny(58)].
219 -occurrence_of(x,y) | arboreal(x) | -occurrence_of(z,y) | -arboreal(z).  [resolve(68,c,65,c)].
223 occurrence_of(successor(x,y),x) | -arboreal(y) | -occurrence_of(z,x) | -arboreal(z).  [resolve(70,b,65,c)].
235 prior(x,successor(y,z)) | -holds(x,z) | -occurrence_of(u,y) | -arboreal(u).  [resolve(74,c,65,c)].
250 falsifies(x,y) | -arboreal(x) | -prior(y,x) | holds(y,x) | -prior(y,z).  [resolve(88,b,82,b)].
258 prior(Ps(x,x),y) | -arboreal(y) | -prior(region(x),y) | prior(connect(f10(x,x,y),x),y).  [factor(145,c,d)].
259 prior(Ps(x,x),y) | -arboreal(y) | -prior(region(x),y) | -prior(connect(f10(x,x,y),x),y).  [factor(146,c,d)].
269 occurrence_of(successor(x,y),x) | -arboreal(y) | -occurrence_of(y,x).  [factor(223,b,d)].
272 falsifies(x,y) | -arboreal(x) | -prior(y,x) | holds(y,x).  [factor(250,c,e)].
274 holds(ECs(c1,c2),c3).  [resolve(202,a,137,a)].
279 activity_occurrence(c3).  [resolve(203,a,100,a)].
281 prior(Os(c1,c2),c3).  [resolve(204,a,133,a)].
296 occurrence_of(c3,f1(c3)).  [resolve(279,a,98,a)].
311 occurrence_of(successor(f1(c3),c3),f1(c3)).  [resolve(296,a,269,c),unit_del(b,203)].
312 prior(x,successor(f1(c3),y)) | -holds(x,y).  [resolve(296,a,235,c),unit_del(c,203)].
314 -occurrence_of(x,f1(c3)) | arboreal(x).  [resolve(296,a,219,c),unit_del(c,203)].
330 prior(POs(c1,c2),c3) | prior(Ps(c1,c2),c3) | prior(Ps(c2,c1),c3).  [resolve(281,a,174,c),unit_del(b,203)].
371 arboreal(successor(f1(c3),c3)).  [resolve(311,a,314,a)].
660 prior(ECs(c1,c2),successor(f1(c3),c3)).  [resolve(312,b,274,a)].
668 prior(connect(c1,c2),successor(f1(c3),c3)).  [resolve(660,a,154,a)].
675 prior(region(c2),successor(f1(c3),c3)).  [resolve(668,a,139,b),unit_del(a,371)].
676 prior(region(c1),successor(f1(c3),c3)).  [resolve(668,a,138,b),unit_del(a,371)].
703 prior(Ps(c2,c2),successor(f1(c3),c3)) | prior(connect(f10(c2,c2,successor(f1(c3),c3)),c2),successor(f1(c3),c3)).  [resolve(675,a,258,c),unit_del(b,371)].
770 prior(Ps(c1,c1),successor(f1(c3),c3)) | prior(connect(f10(c1,c1,successor(f1(c3),c3)),c1),successor(f1(c3),c3)).  [resolve(676,a,258,c),unit_del(b,371)].
823 prior(Ps(c1,c2),c3) | prior(Ps(c2,c1),c3) | holds(POs(c1,c2),c3).  [resolve(330,a,272,c),unit_del(c,210),unit_del(d,203)].
7379 prior(Ps(c2,c2),successor(f1(c3),c3)).  [resolve(703,b,259,d),merge(b),unit_del(b,371),unit_del(c,675)].
7384 prior(Os(x,c2),successor(f1(c3),c3)) | -prior(Ps(c2,x),successor(f1(c3),c3)).  [resolve(7379,a,153,d),unit_del(b,371)].
9437 prior(Ps(c1,c1),successor(f1(c3),c3)).  [resolve(770,b,259,d),merge(b),unit_del(b,371),unit_del(c,676)].
9443 prior(Os(c1,x),successor(f1(c3),c3)) | -prior(Ps(c1,x),successor(f1(c3),c3)).  [resolve(9437,a,153,c),unit_del(b,371)].
11249 prior(Ps(c1,c2),c3) | prior(Ps(c2,c1),c3) | prior(POs(c1,c2),successor(f1(c3),c3)).  [resolve(823,c,312,b)].
62653 prior(Ps(c1,c2),c3) | prior(Ps(c2,c1),c3).  [resolve(11249,c,182,c),unit_del(c,660),unit_del(d,371)].
62655 prior(Ps(c1,c2),c3) | holds(Ps(c2,c1),c3).  [resolve(62653,b,272,c),unit_del(b,206),unit_del(c,203)].
62737 prior(Ps(c1,c2),c3) | prior(Ps(c2,c1),successor(f1(c3),c3)).  [resolve(62655,b,312,b)].
62887 prior(Ps(c1,c2),c3) | prior(Os(c1,c2),successor(f1(c3),c3)).  [resolve(62737,b,7384,b)].
63012 prior(Ps(c1,c2),c3).  [resolve(62887,b,155,b),unit_del(b,660)].
63022 holds(Ps(c1,c2),c3).  [resolve(63012,a,272,c),unit_del(a,205),unit_del(b,203)].
63093 prior(Ps(c1,c2),successor(f1(c3),c3)).  [resolve(63022,a,312,b)].
63145 prior(Os(c1,c2),successor(f1(c3),c3)).  [resolve(63093,a,9443,b)].
63167 $F.  [resolve(63145,a,155,b),unit_del(a,660)].

============================== end of proof ==========================
