============================== prooftrans ============================
Prover9 (32) version Dec-2007, Dec 2007.
Process 12120 was started,
Wed Jan 16 22:36:27 2013
The command was "/cygdrive/c/Program Files (x86)/Prover9-Mace4/bin-win32/prover9".
============================== end of head ===========================

============================== end of input ==========================

============================== PROOF =================================

% -------- Comments from original proof --------
% Proof 1 at 75.97 (+ 2.31) seconds.
% Length of proof is 94.
% Level of proof is 18.
% Maximum clause weight is 23.
% Given clauses 10627.

6 (all occ (activity_occurrence(occ) -> (exists a (activity(a) & occurrence_of(occ,a))))) # label(non_clause).  [assumption].
8 (all s (arboreal(s) -> activity_occurrence(s))) # label(non_clause).  [assumption].
16 (all s all a (occurrence_of(s,a) -> (arboreal(s) <-> generator(a)))) # label(non_clause).  [assumption].
17 (all a all o (occurrence_of(successor(a,o),a) <-> generator(a) & arboreal(o))) # label(non_clause).  [assumption].
28 (all f all occ (prior(f,occ) -> state(f) & arboreal(occ))) # label(non_clause).  [assumption].
30 (all a all occ all f (prior(f,successor(a,occ)) <-> holds(f,occ) & generator(a))) # label(non_clause).  [assumption].
34 (all f all o (falsifies(o,f) <-> state(f) & arboreal(o) & prior(f,o) & -holds(f,o))) # label(non_clause).  [assumption].
35 (all f all o (achieves(o,f) <-> state(f) & arboreal(o) & -prior(f,o) & holds(f,o))) # label(non_clause).  [assumption].
36 (all f all o (changes(o,f) <-> achieves(o,f) | falsifies(o,f))) # label(non_clause).  [assumption].
37 (all x all y all o (arboreal(o) & prior(connect(x,y),o) -> prior(region(x),o) & prior(region(y),o))) # label(non_clause).  [assumption].
38 (all x all o (arboreal(o) & prior(region(x),o) -> prior(connect(x,x),o))) # label(non_clause).  [assumption].
39 (all x all y all o (arboreal(o) & prior(connect(x,y),o) -> prior(connect(y,x),o))) # label(non_clause).  [assumption].
40 (all x all y all o (prior(Ps(x,y),o) <-> arboreal(o) & prior(region(x),o) & prior(region(y),o) & (all z (prior(connect(z,x),o) -> prior(connect(z,y),o))))) # label(non_clause).  [assumption].
42 (all x all y all o (prior(Os(x,y),o) <-> arboreal(o) & (exists z (prior(Ps(z,x),o) & prior(Ps(z,y),o))))) # label(non_clause).  [assumption].
43 (all x all y all o (prior(ECs(x,y),o) <-> arboreal(o) & prior(connect(x,y),o) & -prior(Os(x,y),o))) # label(non_clause).  [assumption].
44 (all x all y all o (prior(PPs(x,y),o) <-> arboreal(o) & prior(Ps(x,y),o) & -prior(Ps(y,x),o))) # label(non_clause).  [assumption].
45 (all x all y all o (prior(NTPPs(x,y),o) <-> arboreal(o) & prior(PPs(x,y),o) & -(exists z (prior(ECs(z,x),o) & prior(ECs(z,y),o))))) # label(non_clause).  [assumption].
59 (all x all y all o (achieves(o,ECs(x,y)) & falsifies(o,NTPPs(y,x)) & arboreal(o) -> falsifies(o,Ps(y,x)) & falsifies(o,Os(x,y)))) # label(non_clause) # label(goal).  [goal].
66 -occurrence_of(x,y) | -arboreal(x) | generator(y).  [clausify(16)].
69 -occurrence_of(x,y) | arboreal(x) | -generator(y).  [clausify(16)].
71 occurrence_of(successor(x,y),x) | -generator(x) | -arboreal(y).  [clausify(17)].
75 prior(x,successor(y,z)) | -holds(x,z) | -generator(y).  [clausify(30)].
83 -prior(x,y) | state(x).  [clausify(28)].
89 falsifies(x,y) | -state(y) | -arboreal(x) | -prior(y,x) | holds(y,x).  [clausify(34)].
92 -changes(x,y) | achieves(x,y) | falsifies(x,y).  [clausify(36)].
94 -achieves(x,y) | -prior(y,x).  [clausify(35)].
95 -achieves(x,y) | holds(y,x).  [clausify(35)].
97 achieves(c3,ECs(c1,c2)).  [deny(59)].
131 -activity_occurrence(x) | occurrence_of(x,f1(x)).  [clausify(6)].
133 -arboreal(x) | activity_occurrence(x).  [clausify(8)].
166 -falsifies(x,y) | prior(y,x).  [clausify(34)].
168 changes(x,y) | -falsifies(x,y).  [clausify(36)].
170 -arboreal(x) | -prior(connect(y,z),x) | prior(region(z),x).  [clausify(37)].
171 -arboreal(x) | -prior(region(y),x) | prior(connect(y,y),x).  [clausify(38)].
172 -arboreal(x) | -prior(connect(y,z),x) | prior(connect(z,y),x).  [clausify(39)].
173 -prior(Ps(x,y),z) | prior(region(x),z).  [clausify(40)].
175 -prior(Ps(x,y),z) | -prior(connect(u,x),z) | prior(connect(u,y),z).  [clausify(40)].
176 prior(Ps(x,y),z) | -arboreal(z) | -prior(region(x),z) | -prior(region(y),z) | prior(connect(f10(x,y,z),x),z).  [clausify(40)].
177 prior(Ps(x,y),z) | -arboreal(z) | -prior(region(x),z) | -prior(region(y),z) | -prior(connect(f10(x,y,z),y),z).  [clausify(40)].
184 prior(Os(x,y),z) | -arboreal(z) | -prior(Ps(u,x),z) | -prior(Ps(u,y),z).  [clausify(42)].
185 -prior(ECs(x,y),z) | prior(connect(x,y),z).  [clausify(43)].
186 -prior(ECs(x,y),z) | -prior(Os(x,y),z).  [clausify(43)].
187 prior(ECs(x,y),z) | -arboreal(z) | -prior(connect(x,y),z) | prior(Os(x,y),z).  [clausify(43)].
188 -prior(PPs(x,y),z) | prior(Ps(x,y),z).  [clausify(44)].
191 -prior(NTPPs(x,y),z) | prior(PPs(x,y),z).  [clausify(45)].
233 falsifies(c3,NTPPs(c2,c1)).  [deny(59)].
234 arboreal(c3).  [deny(59)].
235 -falsifies(c3,Ps(c2,c1)) | -falsifies(c3,Os(c1,c2)).  [deny(59)].
244 -occurrence_of(x,y) | arboreal(x) | -occurrence_of(z,y) | -arboreal(z).  [resolve(69,c,66,c)].
248 occurrence_of(successor(x,y),x) | -arboreal(y) | -occurrence_of(z,x) | -arboreal(z).  [resolve(71,b,66,c)].
260 prior(x,successor(y,z)) | -holds(x,z) | -occurrence_of(u,y) | -arboreal(u).  [resolve(75,c,66,c)].
275 falsifies(x,y) | -arboreal(x) | -prior(y,x) | holds(y,x) | -prior(y,z).  [resolve(89,b,83,b)].
277 -changes(x,y) | falsifies(x,y) | -prior(y,x).  [resolve(92,b,94,a)].
279 -prior(ECs(c1,c2),c3).  [resolve(97,a,94,a)].
280 holds(ECs(c1,c2),c3).  [resolve(97,a,95,a)].
368 prior(Ps(x,x),y) | -arboreal(y) | -prior(region(x),y) | prior(connect(f10(x,x,y),x),y).  [factor(176,c,d)].
369 prior(Ps(x,x),y) | -arboreal(y) | -prior(region(x),y) | -prior(connect(f10(x,x,y),x),y).  [factor(177,c,d)].
379 occurrence_of(successor(x,y),x) | -arboreal(y) | -occurrence_of(y,x).  [factor(248,b,d)].
382 falsifies(x,y) | -arboreal(x) | -prior(y,x) | holds(y,x).  [factor(275,c,e)].
586 prior(NTPPs(c2,c1),c3).  [resolve(233,a,166,a)].
590 activity_occurrence(c3).  [resolve(234,a,133,a)].
602 occurrence_of(c3,f1(c3)).  [resolve(590,a,131,a)].
607 occurrence_of(successor(f1(c3),c3),f1(c3)).  [resolve(602,a,379,c),unit_del(b,234)].
608 prior(x,successor(f1(c3),y)) | -holds(x,y).  [resolve(602,a,260,c),unit_del(c,234)].
610 -occurrence_of(x,f1(c3)) | arboreal(x).  [resolve(602,a,244,c),unit_del(c,234)].
620 prior(PPs(c2,c1),c3).  [resolve(586,a,191,a)].
636 prior(Ps(c2,c1),c3).  [resolve(620,a,188,a)].
648 falsifies(c3,Ps(c2,c1)) | holds(Ps(c2,c1),c3).  [resolve(636,a,382,c),unit_del(b,234)].
650 -changes(c3,Ps(c2,c1)) | falsifies(c3,Ps(c2,c1)).  [resolve(636,a,277,c)].
656 -prior(connect(x,c2),c3) | prior(connect(x,c1),c3).  [resolve(636,a,175,a)].
658 prior(region(c2),c3).  [resolve(636,a,173,a)].
689 prior(connect(c2,c2),c3).  [resolve(658,a,171,b),unit_del(a,234)].
750 arboreal(successor(f1(c3),c3)).  [resolve(607,a,610,a)].
856 prior(ECs(c1,c2),successor(f1(c3),c3)).  [resolve(608,b,280,a)].
938 -prior(Os(c1,c2),successor(f1(c3),c3)).  [resolve(856,a,186,a)].
939 prior(connect(c1,c2),successor(f1(c3),c3)).  [resolve(856,a,185,a)].
967 prior(region(c2),successor(f1(c3),c3)).  [resolve(939,a,170,b),unit_del(a,750)].
979 prior(Ps(c2,c2),successor(f1(c3),c3)) | prior(connect(f10(c2,c2,successor(f1(c3),c3)),c2),successor(f1(c3),c3)).  [resolve(967,a,368,c),unit_del(b,750)].
1323 holds(Ps(c2,c1),c3) | changes(c3,Ps(c2,c1)).  [resolve(648,a,168,b)].
1431 prior(connect(c2,c1),c3).  [resolve(656,a,689,a)].
1435 prior(connect(c1,c2),c3).  [resolve(1431,a,172,b),unit_del(a,234)].
1446 prior(Os(c1,c2),c3).  [resolve(1435,a,187,c),unit_del(a,279),unit_del(b,234)].
1456 falsifies(c3,Os(c1,c2)) | holds(Os(c1,c2),c3).  [resolve(1446,a,382,c),unit_del(b,234)].
1457 -changes(c3,Os(c1,c2)) | falsifies(c3,Os(c1,c2)).  [resolve(1446,a,277,c)].
2716 changes(c3,Ps(c2,c1)) | prior(Ps(c2,c1),successor(f1(c3),c3)).  [resolve(1323,a,608,b)].
2774 holds(Os(c1,c2),c3) | changes(c3,Os(c1,c2)).  [resolve(1456,a,168,b)].
3406 changes(c3,Os(c1,c2)).  [resolve(2774,a,608,b),unit_del(b,938)].
3407 falsifies(c3,Os(c1,c2)).  [back_unit_del(1457),unit_del(a,3406)].
3408 -falsifies(c3,Ps(c2,c1)).  [back_unit_del(235),unit_del(b,3407)].
3409 -changes(c3,Ps(c2,c1)).  [back_unit_del(650),unit_del(b,3408)].
3417 prior(Ps(c2,c1),successor(f1(c3),c3)).  [back_unit_del(2716),unit_del(a,3409)].
3524 prior(Os(c1,x),successor(f1(c3),c3)) | -prior(Ps(c2,x),successor(f1(c3),c3)).  [resolve(3417,a,184,c),unit_del(b,750)].
6378 prior(Ps(c2,c2),successor(f1(c3),c3)).  [resolve(979,b,369,d),merge(b),unit_del(b,750),unit_del(c,967)].
34321 $F.  [resolve(3524,b,6378,a),unit_del(a,938)].

============================== end of proof ==========================
