Hi Geoff, go and have some cold beer while I am trying to solve this very hard problem!
% remaining time: 5999 next slice time: 3
dis-4_5_bd=off:bs=off:ep=RST:fde=none:lcm=predicate:nwc=2.0:nicw=on:ptb=off:ssec=off:ss=included:st=5.0:sio=off:spl=backtracking:updr=off_1 on unknown
Time limit reached!
------------------------------
Version: Vampire 0.6 (revision 903)
Termination reason: Time limit
Termination phase: Saturation

Active clauses: 2335
Passive clauses: 17866
Generated clauses: 37930
Input formulas: 63
Initial clauses: 130

Selected by SInE selection: 63
SInE iterations: 1

Duplicate literals: 274
Fw subsumption resolutions: 1184

Simple tautologies: 124
Forward subsumptions: 18089

Binary resolution: 35088
Factoring: 147

Backtracking splits: 861
Backtracking splits refuted: 99
Backtracking splits refuted at zero level: 5

Memory used: 7036KB
Time elapsed: 0.400 s
------------------------------
% remaining time: 5995 next slice time: 13
dis-1010_2_bs=off:ep=on:nwc=1.5:sswn=on:sswsr=on:ss=included:st=1.5:sgo=on:sp=occurrence_9 on unknown
Time limit reached!
------------------------------
Version: Vampire 0.6 (revision 903)
Termination reason: Time limit
Termination phase: Saturation

Active clauses: 3261
Passive clauses: 32588
Generated clauses: 85926
Input formulas: 63
Initial clauses: 125

Unused predicate definitions: 2
Selected by SInE selection: 63
SInE iterations: 1

Duplicate literals: 3021
Fw subsumption resolutions: 5551

Simple tautologies: 2209
Equational tautologies: 26
Forward subsumptions: 43523

Binary resolution: 49406
Factoring: 353
Forward superposition: 20404
Backward superposition: 7226
Self superposition: 6

Memory used: 14200KB
Time elapsed: 1.400 s
------------------------------
% remaining time: 5981 next slice time: 32
lrs+11_14_bd=off:bs=off:bsr=on:cond=on:drc=off:fsr=off:fde=none:gsp=input_only:lcm=reverse:nwc=10:ptb=off:ssec=off:stl=60:sos=on:sgo=on:sio=off:spl=backtracking:sfv=off:sp=reverse_arity_23 on unknown
Refutation not found with incomplete strategy!
------------------------------
Version: Vampire 0.6 (revision 903)
Termination reason: Refutation not found, incomplete strategy

Active clauses: 123
Final active clauses: 123
Input formulas: 63
Initial clauses: 123

Unused predicate definitions: 2

Memory used: 255KB
Time elapsed: 0.003 s
------------------------------
% remaining time: 5981 next slice time: 95
dis+2_4_bs=off:ep=on:nwc=1.5:nicw=on:ptb=off:ssec=off:sac=on:sio=off:spl=backtracking_70 on unknown
Aborted by signal SIGTERM on 
Aborted by signal SIGINT on 
------------------------------
Version: Vampire 0.6 (revision 903)
Termination reason: Unknown
Termination phase: Saturation

Active clauses: 2651
Passive clauses: 44079
Generated clauses: 123794
Input formulas: 63
Initial clauses: 125

Unused predicate definitions: 2

Duplicate literals: 4394
Fw subsumption resolutions: 8775
Fw demodulations: 3228
Bw demodulations: 3

Simple tautologies: 985
Equational tautologies: 481
Forward subsumptions: 63940

Binary resolution: 101166
Factoring: 34
Forward superposition: 4366
Backward superposition: 1935

Backtracking splits: 39
Backtracking splits refuted: 21
Backtracking splits refuted at zero level: 13

Memory used: 22643KB
Time elapsed: 1.350 s
------------------------------
% Terminated by SIGINT!
% SZS status User for unknown
------------------------------
Version: Vampire 0.6 (revision 903)
Termination reason: Unknown
Termination phase: Unknown

Input formulas: 63

Memory used: 127KB
Time elapsed: 3.240 s
------------------------------
============================= vampire_lin32 ================================
execution finished: Thu Aug 08 15:47:28 2013
total CPU time used: 1
The command was "vampire_lin32 --mode casc --proof tptp -t 600"
Input read from  /stl/torsten/git/macleod/qs/multidim_mereotopology_omt/definitions/tptp/ononeside.all.tptp
============================ end of footer ===========================
