Paradox, version 4.0, 2010-06-29.
+++ PROBLEM: /stl/torsten/git/macleod/qs/multidim_mereotopology_omt/definitions/tptp/ononeside.all.tptp
Reading '/stl/torsten/git/macleod/qs/multidim_mereotopology_omt/definitions/tptp/ononeside.all.tptp' ... OK
+++ SOLVING: /stl/torsten/git/macleod/qs/multidim_mereotopology_omt/definitions/tptp/ononeside.all.tptp
domain size 1
domain size 2
Verified 857 original and 0 eliminated clauses.
+++ BEGIN MODEL
SZS output start FiniteModel for /stl/torsten/git/macleod/qs/multidim_mereotopology_omt/definitions/tptp/ononeside.all.tptp
% domain size is 2
fof(domain, fi_domain,
  (![X] : (X = "1" | X = "2"))
).

fof(btw, fi_predicates,
  ( (btw("1","1","1","1") <=> $false)
  & (btw("1","1","1","2") <=> $false)
  & (btw("1","1","2","1") <=> $false)
  & (btw("1","1","2","2") <=> $false)
  & (btw("1","2","1","1") <=> $false)
  & (btw("1","2","1","2") <=> $false)
  & (btw("1","2","2","1") <=> $false)
  & (btw("1","2","2","2") <=> $false)
  & (btw("2","1","1","1") <=> $false)
  & (btw("2","1","1","2") <=> $false)
  & (btw("2","1","2","1") <=> $false)
  & (btw("2","1","2","2") <=> $false)
  & (btw("2","2","1","1") <=> $false)
  & (btw("2","2","1","2") <=> $false)
  & (btw("2","2","2","1") <=> $false)
  & (btw("2","2","2","2") <=> $false)
  )
).

fof(c, fi_predicates,
  ( (c("1","1") <=> $false)
  & (c("1","2") <=> $false)
  & (c("2","1") <=> $false)
  & (c("2","2") <=> $true)
  )
).

fof(clifsym1, fi_predicates,
  ( (clifsym1("1","1") <=> $true)
  & (clifsym1("1","2") <=> $false)
  & (clifsym1("2","1") <=> $true)
  & (clifsym1("2","2") <=> $true)
  )
).

fof(clifsym2, fi_predicates,
  ( (clifsym2("1","1") <=> $false)
  & (clifsym2("1","2") <=> $false)
  & (clifsym2("2","1") <=> $true)
  & (clifsym2("2","2") <=> $false)
  )
).

fof(con, fi_predicates,
  ( (con("1") <=> $true)
  & (con("2") <=> $true)
  )
).

fof(cont, fi_predicates,
  ( (cont("1","1") <=> $false)
  & (cont("1","2") <=> $false)
  & (cont("2","1") <=> $false)
  & (cont("2","2") <=> $true)
  )
).

fof(covers, fi_predicates,
  ( (covers("1","1") <=> $false)
  & (covers("1","2") <=> $false)
  & (covers("2","1") <=> $true)
  & (covers("2","2") <=> $false)
  )
).

fof(difference, fi_functors,
  ( (difference("1","1") = "1")
  & (difference("1","2") = "1")
  & (difference("2","1") = "2")
  & (difference("2","2") = "1")
  )
).

fof(eqdim, fi_predicates,
  ( (eqdim("1","1") <=> $true)
  & (eqdim("1","2") <=> $false)
  & (eqdim("2","1") <=> $false)
  & (eqdim("2","2") <=> $true)
  )
).

fof(inc, fi_predicates,
  ( (inc("1","1") <=> $false)
  & (inc("1","2") <=> $false)
  & (inc("2","1") <=> $false)
  & (inc("2","2") <=> $false)
  )
).

fof(intersection, fi_functors,
  ( (intersection("1","1") = "1")
  & (intersection("1","2") = "1")
  & (intersection("2","1") = "1")
  & (intersection("2","2") = "2")
  )
).

fof(leq, fi_predicates,
  ( (leq("1","1") <=> $true)
  & (leq("1","2") <=> $true)
  & (leq("2","1") <=> $false)
  & (leq("2","2") <=> $true)
  )
).

fof(less, fi_predicates,
  ( (less("1","1") <=> $false)
  & (less("1","2") <=> $true)
  & (less("2","1") <=> $false)
  & (less("2","2") <=> $false)
  )
).

fof(max, fi_predicates,
  ( (max("1") <=> $false)
  & (max("2") <=> $true)
  )
).

fof(maxdim, fi_predicates,
  ( (maxdim("1") <=> $false)
  & (maxdim("2") <=> $true)
  )
).

fof(min, fi_predicates,
  ( (min("1") <=> $false)
  & (min("2") <=> $true)
  )
).

fof(mindim, fi_predicates,
  ( (mindim("1") <=> $false)
  & (mindim("2") <=> $true)
  )
).

fof(ononeside, fi_predicates,
  ( (ononeside("1","1","1") <=> $false)
  & (ononeside("1","1","2") <=> $false)
  & (ononeside("1","2","1") <=> $false)
  & (ononeside("1","2","2") <=> $false)
  & (ononeside("2","1","1") <=> $false)
  & (ononeside("2","1","2") <=> $false)
  & (ononeside("2","2","1") <=> $false)
  & (ononeside("2","2","2") <=> $false)
  )
).

fof(p, fi_predicates,
  ( (p("1","1") <=> $false)
  & (p("1","2") <=> $false)
  & (p("2","1") <=> $false)
  & (p("2","2") <=> $true)
  )
).

fof(po, fi_predicates,
  ( (po("1","1") <=> $false)
  & (po("1","2") <=> $false)
  & (po("2","1") <=> $false)
  & (po("2","2") <=> $true)
  )
).

fof(pp, fi_predicates,
  ( (pp("1","1") <=> $false)
  & (pp("1","2") <=> $false)
  & (pp("2","1") <=> $false)
  & (pp("2","2") <=> $false)
  )
).

fof(sK11_sos40_X43, fi_functors,
  ( (sK11_sos40_X43("1","1") = "1")
  & (sK11_sos40_X43("1","2") = "1")
  & (sK11_sos40_X43("2","1") = "1")
  & (sK11_sos40_X43("2","2") = "1")
  )
).

fof(sK123_sos410_X413, fi_functors,
  ( (sK123_sos410_X413("1","1") = "1")
  & (sK123_sos410_X413("1","2") = "1")
  & (sK123_sos410_X413("2","1") = "1")
  & (sK123_sos410_X413("2","2") = "2")
  )
).

fof(sK12_sos40_X43, fi_functors,
  ( (sK12_sos40_X43("1","1") = "1")
  & (sK12_sos40_X43("1","2") = "1")
  & (sK12_sos40_X43("2","1") = "1")
  & (sK12_sos40_X43("2","2") = "1")
  )
).

fof(sK135_sos460_X461, fi_functors,
  ( (sK135_sos460_X461 = "2")
  )
).

fof(sK136_sos470_X473, fi_functors,
  ( (sK136_sos470_X473("1","1") = "1")
  & (sK136_sos470_X473("1","2") = "1")
  & (sK136_sos470_X473("2","1") = "1")
  & (sK136_sos470_X473("2","2") = "1")
  )
).

fof(sK140_sos480_X483, fi_functors,
  ( (sK140_sos480_X483("1","1","1") = "1")
  & (sK140_sos480_X483("1","1","2") = "1")
  & (sK140_sos480_X483("1","2","1") = "1")
  & (sK140_sos480_X483("1","2","2") = "1")
  & (sK140_sos480_X483("2","1","1") = "1")
  & (sK140_sos480_X483("2","1","2") = "1")
  & (sK140_sos480_X483("2","2","1") = "1")
  & (sK140_sos480_X483("2","2","2") = "1")
  )
).

fof(sK141_sos480_X484, fi_functors,
  ( (sK141_sos480_X484("1","1","1") = "1")
  & (sK141_sos480_X484("1","1","2") = "1")
  & (sK141_sos480_X484("1","2","1") = "1")
  & (sK141_sos480_X484("1","2","2") = "1")
  & (sK141_sos480_X484("2","1","1") = "1")
  & (sK141_sos480_X484("2","1","2") = "1")
  & (sK141_sos480_X484("2","2","1") = "1")
  & (sK141_sos480_X484("2","2","2") = "1")
  )
).

fof(sK142_sos480_X482, fi_functors,
  ( (sK142_sos480_X482("1","1","1") = "1")
  & (sK142_sos480_X482("1","1","2") = "1")
  & (sK142_sos480_X482("1","2","1") = "1")
  & (sK142_sos480_X482("1","2","2") = "1")
  & (sK142_sos480_X482("2","1","1") = "1")
  & (sK142_sos480_X482("2","1","2") = "1")
  & (sK142_sos480_X482("2","2","1") = "1")
  & (sK142_sos480_X482("2","2","2") = "1")
  )
).

fof(sK165_sos560_X561, fi_functors,
  ( (sK165_sos560_X561("1") = "1")
  & (sK165_sos560_X561("2") = "1")
  )
).

fof(sK168_sos570_X571, fi_functors,
  ( (sK168_sos570_X571("1") = "1")
  & (sK168_sos570_X571("2") = "1")
  )
).

fof(sK186_sos640_X641, fi_functors,
  ( (sK186_sos640_X641 = "1")
  )
).

fof(sK2_sos20_X23, fi_functors,
  ( (sK2_sos20_X23("1","1") = "1")
  & (sK2_sos20_X23("1","2") = "1")
  & (sK2_sos20_X23("2","1") = "1")
  & (sK2_sos20_X23("2","2") = "1")
  )
).

fof(sK3_sos20_X23, fi_functors,
  ( (sK3_sos20_X23("1","1") = "2")
  & (sK3_sos20_X23("1","2") = "1")
  & (sK3_sos20_X23("2","1") = "1")
  & (sK3_sos20_X23("2","2") = "2")
  )
).

fof(sK40_sos140_X142, fi_functors,
  ( (sK40_sos140_X142 = "2")
  )
).

fof(sK46_sos170_X171, fi_functors,
  ( (sK46_sos170_X171("1") = "2")
  & (sK46_sos170_X171("2") = "1")
  )
).

fof(sK49_sos180_X181, fi_functors,
  ( (sK49_sos180_X181("1") = "1")
  & (sK49_sos180_X181("2") = "1")
  )
).

fof(sK8_sos30_X31, fi_functors,
  ( (sK8_sos30_X31("1") = "1")
  & (sK8_sos30_X31("2") = "1")
  )
).

fof(sK90_sos290_X293, fi_functors,
  ( (sK90_sos290_X293("1","1") = "1")
  & (sK90_sos290_X293("1","2") = "1")
  & (sK90_sos290_X293("2","1") = "1")
  & (sK90_sos290_X293("2","2") = "2")
  )
).

fof(sK98_sos310_X313, fi_functors,
  ( (sK98_sos310_X313("1","1") = "1")
  & (sK98_sos310_X313("1","2") = "2")
  & (sK98_sos310_X313("2","1") = "2")
  & (sK98_sos310_X313("2","2") = "1")
  )
).

fof(sP13_sos40_or, fi_predicates,
  ( (sP13_sos40_or("1","1") <=> $false)
  & (sP13_sos40_or("1","2") <=> $false)
  & (sP13_sos40_or("2","1") <=> $false)
  & (sP13_sos40_or("2","2") <=> $false)
  )
).

fof(sc, fi_predicates,
  ( (sc("1","1") <=> $false)
  & (sc("1","2") <=> $false)
  & (sc("2","1") <=> $false)
  & (sc("2","2") <=> $false)
  )
).

fof(separates, fi_predicates,
  ( (separates("1","1","1","1") <=> $false)
  & (separates("1","1","1","2") <=> $false)
  & (separates("1","1","2","1") <=> $false)
  & (separates("1","1","2","2") <=> $false)
  & (separates("1","2","1","1") <=> $false)
  & (separates("1","2","1","2") <=> $false)
  & (separates("1","2","2","1") <=> $false)
  & (separates("1","2","2","2") <=> $false)
  & (separates("2","1","1","1") <=> $false)
  & (separates("2","1","1","2") <=> $false)
  & (separates("2","1","2","1") <=> $false)
  & (separates("2","1","2","2") <=> $false)
  & (separates("2","2","1","1") <=> $false)
  & (separates("2","2","1","2") <=> $false)
  & (separates("2","2","2","1") <=> $false)
  & (separates("2","2","2","2") <=> $false)
  )
).

fof(zex, fi_predicates,
  ( (zex("1") <=> $true)
  & (zex("2") <=> $false)
  )
).
SZS output end FiniteModel for /stl/torsten/git/macleod/qs/multidim_mereotopology_omt/definitions/tptp/ononeside.all.tptp
+++ END MODEL
+++ RESULT: Satisfiable
SZS status Satisfiable for /stl/torsten/git/macleod/qs/multidim_mereotopology_omt/definitions/tptp/ononeside.all.tptp
============================= paradox ================================
execution finished: Thu Aug 08 16:55:08 2013
total CPU time used: 0
The command was "paradox --time 3000 --verbose 2 --model --tstp /stl/torsten/git/macleod/qs/multidim_mereotopology_omt/definitions/tptp/ononeside.all.tptp"
Input read from 
============================ end of footer ===========================
