Paradox, version 4.0, 2010-06-29.
+++ PROBLEM: /stl/torsten/git/macleod/qs/multidim_mereotopology_omt/definitions/tptp/sameside.all.tptp
Reading '/stl/torsten/git/macleod/qs/multidim_mereotopology_omt/definitions/tptp/sameside.all.tptp' ... OK
+++ SOLVING: /stl/torsten/git/macleod/qs/multidim_mereotopology_omt/definitions/tptp/sameside.all.tptp
domain size 1
domain size 2
Verified 905 original and 0 eliminated clauses.
+++ BEGIN MODEL
SZS output start FiniteModel for /stl/torsten/git/macleod/qs/multidim_mereotopology_omt/definitions/tptp/sameside.all.tptp
% domain size is 2
fof(domain, fi_domain,
  (![X] : (X = "1" | X = "2"))
).

fof(btw, fi_predicates,
  ( (btw("1","1","1","1") <=> $false)
  & (btw("1","1","1","2") <=> $false)
  & (btw("1","1","2","1") <=> $false)
  & (btw("1","1","2","2") <=> $false)
  & (btw("1","2","1","1") <=> $false)
  & (btw("1","2","1","2") <=> $false)
  & (btw("1","2","2","1") <=> $false)
  & (btw("1","2","2","2") <=> $false)
  & (btw("2","1","1","1") <=> $false)
  & (btw("2","1","1","2") <=> $false)
  & (btw("2","1","2","1") <=> $false)
  & (btw("2","1","2","2") <=> $false)
  & (btw("2","2","1","1") <=> $false)
  & (btw("2","2","1","2") <=> $false)
  & (btw("2","2","2","1") <=> $false)
  & (btw("2","2","2","2") <=> $false)
  )
).

fof(c, fi_predicates,
  ( (c("1","1") <=> $true)
  & (c("1","2") <=> $false)
  & (c("2","1") <=> $false)
  & (c("2","2") <=> $false)
  )
).

fof(clifsym1, fi_predicates,
  ( (clifsym1("1","1") <=> $true)
  & (clifsym1("1","2") <=> $true)
  & (clifsym1("2","1") <=> $false)
  & (clifsym1("2","2") <=> $true)
  )
).

fof(clifsym2, fi_predicates,
  ( (clifsym2("1","1") <=> $false)
  & (clifsym2("1","2") <=> $true)
  & (clifsym2("2","1") <=> $false)
  & (clifsym2("2","2") <=> $false)
  )
).

fof(con, fi_predicates,
  ( (con("1") <=> $true)
  & (con("2") <=> $true)
  )
).

fof(cont, fi_predicates,
  ( (cont("1","1") <=> $true)
  & (cont("1","2") <=> $false)
  & (cont("2","1") <=> $false)
  & (cont("2","2") <=> $false)
  )
).

fof(covers, fi_predicates,
  ( (covers("1","1") <=> $false)
  & (covers("1","2") <=> $true)
  & (covers("2","1") <=> $false)
  & (covers("2","2") <=> $false)
  )
).

fof(difference, fi_functors,
  ( (difference("1","1") = "2")
  & (difference("1","2") = "1")
  & (difference("2","1") = "2")
  & (difference("2","2") = "2")
  )
).

fof(eqdim, fi_predicates,
  ( (eqdim("1","1") <=> $true)
  & (eqdim("1","2") <=> $false)
  & (eqdim("2","1") <=> $false)
  & (eqdim("2","2") <=> $true)
  )
).

fof(inc, fi_predicates,
  ( (inc("1","1") <=> $false)
  & (inc("1","2") <=> $false)
  & (inc("2","1") <=> $false)
  & (inc("2","2") <=> $false)
  )
).

fof(intersection, fi_functors,
  ( (intersection("1","1") = "1")
  & (intersection("1","2") = "2")
  & (intersection("2","1") = "2")
  & (intersection("2","2") = "2")
  )
).

fof(leq, fi_predicates,
  ( (leq("1","1") <=> $true)
  & (leq("1","2") <=> $false)
  & (leq("2","1") <=> $true)
  & (leq("2","2") <=> $true)
  )
).

fof(less, fi_predicates,
  ( (less("1","1") <=> $false)
  & (less("1","2") <=> $false)
  & (less("2","1") <=> $true)
  & (less("2","2") <=> $false)
  )
).

fof(max, fi_predicates,
  ( (max("1") <=> $true)
  & (max("2") <=> $false)
  )
).

fof(maxdim, fi_predicates,
  ( (maxdim("1") <=> $true)
  & (maxdim("2") <=> $false)
  )
).

fof(min, fi_predicates,
  ( (min("1") <=> $true)
  & (min("2") <=> $false)
  )
).

fof(mindim, fi_predicates,
  ( (mindim("1") <=> $true)
  & (mindim("2") <=> $false)
  )
).

fof(ononeside, fi_predicates,
  ( (ononeside("1","1","1") <=> $false)
  & (ononeside("1","1","2") <=> $false)
  & (ononeside("1","2","1") <=> $false)
  & (ononeside("1","2","2") <=> $false)
  & (ononeside("2","1","1") <=> $false)
  & (ononeside("2","1","2") <=> $false)
  & (ononeside("2","2","1") <=> $false)
  & (ononeside("2","2","2") <=> $false)
  )
).

fof(p, fi_predicates,
  ( (p("1","1") <=> $true)
  & (p("1","2") <=> $false)
  & (p("2","1") <=> $false)
  & (p("2","2") <=> $false)
  )
).

fof(po, fi_predicates,
  ( (po("1","1") <=> $true)
  & (po("1","2") <=> $false)
  & (po("2","1") <=> $false)
  & (po("2","2") <=> $false)
  )
).

fof(pp, fi_predicates,
  ( (pp("1","1") <=> $false)
  & (pp("1","2") <=> $false)
  & (pp("2","1") <=> $false)
  & (pp("2","2") <=> $false)
  )
).

fof(sK0_sos10_X13, fi_functors,
  ( (sK0_sos10_X13("1","1","1") = "2")
  & (sK0_sos10_X13("1","1","2") = "1")
  & (sK0_sos10_X13("1","2","1") = "1")
  & (sK0_sos10_X13("1","2","2") = "1")
  & (sK0_sos10_X13("2","1","1") = "1")
  & (sK0_sos10_X13("2","1","2") = "1")
  & (sK0_sos10_X13("2","2","1") = "1")
  & (sK0_sos10_X13("2","2","2") = "1")
  )
).

fof(sK102_sos390_X391, fi_functors,
  ( (sK102_sos390_X391("1") = "1")
  & (sK102_sos390_X391("2") = "1")
  )
).

fof(sK105_sos400_X401, fi_functors,
  ( (sK105_sos400_X401("1") = "1")
  & (sK105_sos400_X401("2") = "1")
  )
).

fof(sK113_sos420_X423, fi_functors,
  ( (sK113_sos420_X423("1","1") = "1")
  & (sK113_sos420_X423("1","2") = "1")
  & (sK113_sos420_X423("2","1") = "1")
  & (sK113_sos420_X423("2","2") = "1")
  )
).

fof(sK114_sos420_X423, fi_functors,
  ( (sK114_sos420_X423("1","1") = "1")
  & (sK114_sos420_X423("1","2") = "1")
  & (sK114_sos420_X423("2","1") = "1")
  & (sK114_sos420_X423("2","2") = "1")
  )
).

fof(sK126_sos440_X441, fi_functors,
  ( (sK126_sos440_X441 = "2")
  )
).

fof(sK161_sos550_X551, fi_functors,
  ( (sK161_sos550_X551("1") = "1")
  & (sK161_sos550_X551("2") = "1")
  )
).

fof(sK168_sos570_X573, fi_functors,
  ( (sK168_sos570_X573("1","1") = "1")
  & (sK168_sos570_X573("1","2") = "1")
  & (sK168_sos570_X573("2","1") = "1")
  & (sK168_sos570_X573("2","2") = "1")
  )
).

fof(sK188_sos650_X653, fi_functors,
  ( (sK188_sos650_X653("1","1") = "1")
  & (sK188_sos650_X653("1","2") = "1")
  & (sK188_sos650_X653("2","1") = "1")
  & (sK188_sos650_X653("2","2") = "1")
  )
).

fof(sK1_sos10_X14, fi_functors,
  ( (sK1_sos10_X14("1","1","1") = "1")
  & (sK1_sos10_X14("1","1","2") = "1")
  & (sK1_sos10_X14("1","2","1") = "1")
  & (sK1_sos10_X14("1","2","2") = "1")
  & (sK1_sos10_X14("2","1","1") = "1")
  & (sK1_sos10_X14("2","1","2") = "1")
  & (sK1_sos10_X14("2","2","1") = "1")
  & (sK1_sos10_X14("2","2","2") = "1")
  )
).

fof(sK20_sos60_X61, fi_functors,
  ( (sK20_sos60_X61("1") = "1")
  & (sK20_sos60_X61("2") = "1")
  )
).

fof(sK23_sos70_X71, fi_functors,
  ( (sK23_sos70_X71("1") = "1")
  & (sK23_sos70_X71("2") = "1")
  )
).

fof(sK26_sos80_X83, fi_functors,
  ( (sK26_sos80_X83("1","1") = "1")
  & (sK26_sos80_X83("1","2") = "1")
  & (sK26_sos80_X83("2","1") = "1")
  & (sK26_sos80_X83("2","2") = "1")
  )
).

fof(sK2_sos10_X12, fi_functors,
  ( (sK2_sos10_X12("1","1","1") = "1")
  & (sK2_sos10_X12("1","1","2") = "1")
  & (sK2_sos10_X12("1","2","1") = "1")
  & (sK2_sos10_X12("1","2","2") = "1")
  & (sK2_sos10_X12("2","1","1") = "1")
  & (sK2_sos10_X12("2","1","2") = "1")
  & (sK2_sos10_X12("2","2","1") = "1")
  & (sK2_sos10_X12("2","2","2") = "1")
  )
).

fof(sK30_sos90_X93, fi_functors,
  ( (sK30_sos90_X93("1","1") = "1")
  & (sK30_sos90_X93("1","2") = "1")
  & (sK30_sos90_X93("2","1") = "1")
  & (sK30_sos90_X93("2","2") = "1")
  )
).

fof(sK31_sos90_X93, fi_functors,
  ( (sK31_sos90_X93("1","1") = "1")
  & (sK31_sos90_X93("1","2") = "1")
  & (sK31_sos90_X93("2","1") = "1")
  & (sK31_sos90_X93("2","2") = "1")
  )
).

fof(sK36_sos100_X103, fi_functors,
  ( (sK36_sos100_X103("1","1") = "1")
  & (sK36_sos100_X103("1","2") = "1")
  & (sK36_sos100_X103("2","1") = "1")
  & (sK36_sos100_X103("2","2") = "1")
  )
).

fof(sK79_sos290_X292, fi_functors,
  ( (sK79_sos290_X292 = "1")
  )
).

fof(sK9_sos20_X21, fi_functors,
  ( (sK9_sos20_X21 = "1")
  )
).

fof(sP115_sos420_or, fi_predicates,
  ( (sP115_sos420_or("1","1") <=> $false)
  & (sP115_sos420_or("1","2") <=> $false)
  & (sP115_sos420_or("2","1") <=> $false)
  & (sP115_sos420_or("2","2") <=> $false)
  )
).

fof(sameside, fi_predicates,
  ( (sameside("1","1","1","1") <=> $false)
  & (sameside("1","1","1","2") <=> $false)
  & (sameside("1","1","2","1") <=> $false)
  & (sameside("1","1","2","2") <=> $false)
  & (sameside("1","2","1","1") <=> $false)
  & (sameside("1","2","1","2") <=> $false)
  & (sameside("1","2","2","1") <=> $false)
  & (sameside("1","2","2","2") <=> $false)
  & (sameside("2","1","1","1") <=> $false)
  & (sameside("2","1","1","2") <=> $false)
  & (sameside("2","1","2","1") <=> $false)
  & (sameside("2","1","2","2") <=> $false)
  & (sameside("2","2","1","1") <=> $false)
  & (sameside("2","2","1","2") <=> $false)
  & (sameside("2","2","2","1") <=> $false)
  & (sameside("2","2","2","2") <=> $false)
  )
).

fof(sc, fi_predicates,
  ( (sc("1","1") <=> $false)
  & (sc("1","2") <=> $false)
  & (sc("2","1") <=> $false)
  & (sc("2","2") <=> $false)
  )
).

fof(separates, fi_predicates,
  ( (separates("1","1","1","1") <=> $false)
  & (separates("1","1","1","2") <=> $false)
  & (separates("1","1","2","1") <=> $false)
  & (separates("1","1","2","2") <=> $false)
  & (separates("1","2","1","1") <=> $false)
  & (separates("1","2","1","2") <=> $false)
  & (separates("1","2","2","1") <=> $false)
  & (separates("1","2","2","2") <=> $false)
  & (separates("2","1","1","1") <=> $false)
  & (separates("2","1","1","2") <=> $false)
  & (separates("2","1","2","1") <=> $false)
  & (separates("2","1","2","2") <=> $false)
  & (separates("2","2","1","1") <=> $false)
  & (separates("2","2","1","2") <=> $false)
  & (separates("2","2","2","1") <=> $false)
  & (separates("2","2","2","2") <=> $false)
  )
).

fof(zex, fi_predicates,
  ( (zex("1") <=> $false)
  & (zex("2") <=> $true)
  )
).
SZS output end FiniteModel for /stl/torsten/git/macleod/qs/multidim_mereotopology_omt/definitions/tptp/sameside.all.tptp
+++ END MODEL
+++ RESULT: Satisfiable
SZS status Satisfiable for /stl/torsten/git/macleod/qs/multidim_mereotopology_omt/definitions/tptp/sameside.all.tptp
============================= paradox ================================
execution finished: Thu Aug 08 17:12:58 2013
total CPU time used: 0
The command was "paradox --time 3000 --verbose 2 --model --tstp /stl/torsten/git/macleod/qs/multidim_mereotopology_omt/definitions/tptp/sameside.all.tptp"
Input read from 
============================ end of footer ===========================
