============================== Prover9 ===============================
Prover9 (32) version Oct-2007, Oct 2007.
Process 20448 was started by shirly on DESKTOP-OG7RO9F,
Wed May 31 10:48:23 2017
The command was "/cygdrive/c/Reasoning/prover9-bin/prover9 -t1000 -f D:\colore-testbed\ontologies\gwml2-v2\conversions\geo_matter.p9 D:\colore-testbed\ontologies\hydrologicflow\conversions\hydro_flow.p9 D:\colore-testbed\ontologies\hydrologicflow\conversions\hydro_flow_participation.p9 D:\colore-testbed\ontologies\multidim_space_ped\conversions\ped.p9".
============================== end of head ===========================

============================== INPUT =================================

% Reading from file D:\colore-testbed\ontologies\gwml2-v2\conversions\geo_matter.p9


formulas(sos).
(all x2 (em(x2) -> m(x2))).
(all x3 (fm(x3) -> em(x3))).
(all x4 (wm(x4) -> fm(x4))).
end_of_list.

% Reading from file D:\colore-testbed\ontologies\hydrologicflow\conversions\hydro_flow.p9


formulas(sos).
(all x2 (hf(x2) -> pd(x2))).
end_of_list.

% Reading from file D:\colore-testbed\ontologies\hydrologicflow\conversions\hydro_flow_participation.p9


formulas(sos).
(all x12 all x11 all x13 (tpc(x12,x11,x13) -> pc(x12,x11,x13) & hf(x11) & ped(x12))).
(all x22 all x21 all x23 (spc(x22,x21,x23) -> pc(x22,x21,x23) & hf(x21) & ped(x22))).
(all x32 all x31 all x33 (gpc(x32,x31,x33) -> pc(x32,x31,x33) & hf(x31) & ped(x32))).
(all x42 all x41 all x43 (lpc(x42,x41,x43) -> gpc(x42,x41,x43) | spc(x42,x41,x43))).
(all x52 all x51 all x53 (lpc(x52,x51,x53) -> -tpc(x52,x51,x53))).
(all x62 all x61 all x64 (lpc(x62,x61,x64) -> (exists x63 tpc(x63,x61,x64)))).
(all x72 (hf(x72) -> (exists x71 exists x73 spc(x71,x72,x73)))).
(all x82 (hf(x82) -> (exists x81 exists x83 gpc(x81,x82,x83)))).
(all x92 all x91 all x95 (hf(x92) & spc(x91,x92,x95) -> (exists x93 exists x94 (gpc(x93,x92,x94) & beforeeq(x95,x94))))).
(all x102 all x103 all x104 (hf(x102) & gpc(x103,x102,x105) -> (exists x101 exists x105 (spc(x101,x102,x104) & beforeeq(x105,x104))))).
(all x112 all x111 all x113 (hf(x112) & tpc(x111,x112,x113) -> wm(x111))).
(all x122 all x121 all x123 (hf(x122) & (spc(x121,x122,x123) | gpc(x121,x122,x123)) -> hrb(x121) | gs(x121) | zou(x121))).
(all x132 all x131 all x134 (hf(x132) & tpc(x131,x132,x134) -> (exists x133 exists x135 (spc(x133,x132,x135) & submaterialt(x131,x133,x135) & beforeeq(x135,x134))))).
end_of_list.

% Reading from file D:\colore-testbed\ontologies\multidim_space_ped\conversions\ped.p9


formulas(sos).
(all x11 (ped(x11) -> pob(x11) | m(x11) | f(x11))).
(all x21 (pob(x21) -> ped(x21))).
(all x31 (m(x31) -> ped(x31))).
(all x41 (f(x41) -> ped(x41))).
(all x51 (pob(x51) -> -m(x51))).
(all x61 (pob(x61) -> -f(x61))).
(all x71 (m(x71) -> -f(x71))).
(all x81 (napo(x81) -> pob(x81))).
(all x92 all x91 (hosts(x92,x91) -> ped(x92) & f(x91))).
(all x102 (f(x102) <-> (exists x101 hosts(x101,x102)))).
(all x112 all x111 (hosts(x112,x111) -> -hosts(x111,x112))).
(all x121 (f(x121) <-> rpf(x121) | dpf(x121))).
(all x131 (-rpf(x131) | -dpf(x131))).
end_of_list.

============================== end of input ==========================

% From the command line: assign(max_seconds, 1000).

============================== PROCESS NON-CLAUSAL FORMULAS ==========

% Formulas that are not ordinary clauses:
1 (all x2 (em(x2) -> m(x2))) # label(non_clause).  [assumption].
2 (all x3 (fm(x3) -> em(x3))) # label(non_clause).  [assumption].
3 (all x4 (wm(x4) -> fm(x4))) # label(non_clause).  [assumption].
4 (all x2 (hf(x2) -> pd(x2))) # label(non_clause).  [assumption].
5 (all x12 all x11 all x13 (tpc(x12,x11,x13) -> pc(x12,x11,x13) & hf(x11) & ped(x12))) # label(non_clause).  [assumption].
6 (all x22 all x21 all x23 (spc(x22,x21,x23) -> pc(x22,x21,x23) & hf(x21) & ped(x22))) # label(non_clause).  [assumption].
7 (all x32 all x31 all x33 (gpc(x32,x31,x33) -> pc(x32,x31,x33) & hf(x31) & ped(x32))) # label(non_clause).  [assumption].
8 (all x42 all x41 all x43 (lpc(x42,x41,x43) -> gpc(x42,x41,x43) | spc(x42,x41,x43))) # label(non_clause).  [assumption].
9 (all x52 all x51 all x53 (lpc(x52,x51,x53) -> -tpc(x52,x51,x53))) # label(non_clause).  [assumption].
10 (all x62 all x61 all x64 (lpc(x62,x61,x64) -> (exists x63 tpc(x63,x61,x64)))) # label(non_clause).  [assumption].
11 (all x72 (hf(x72) -> (exists x71 exists x73 spc(x71,x72,x73)))) # label(non_clause).  [assumption].
12 (all x82 (hf(x82) -> (exists x81 exists x83 gpc(x81,x82,x83)))) # label(non_clause).  [assumption].
13 (all x92 all x91 all x95 (hf(x92) & spc(x91,x92,x95) -> (exists x93 exists x94 (gpc(x93,x92,x94) & beforeeq(x95,x94))))) # label(non_clause).  [assumption].
14 (all x102 all x103 all x104 (hf(x102) & gpc(x103,x102,x105) -> (exists x101 exists x105 (spc(x101,x102,x104) & beforeeq(x105,x104))))) # label(non_clause).  [assumption].
15 (all x112 all x111 all x113 (hf(x112) & tpc(x111,x112,x113) -> wm(x111))) # label(non_clause).  [assumption].
16 (all x122 all x121 all x123 (hf(x122) & (spc(x121,x122,x123) | gpc(x121,x122,x123)) -> hrb(x121) | gs(x121) | zou(x121))) # label(non_clause).  [assumption].
17 (all x132 all x131 all x134 (hf(x132) & tpc(x131,x132,x134) -> (exists x133 exists x135 (spc(x133,x132,x135) & submaterialt(x131,x133,x135) & beforeeq(x135,x134))))) # label(non_clause).  [assumption].
18 (all x11 (ped(x11) -> pob(x11) | m(x11) | f(x11))) # label(non_clause).  [assumption].
19 (all x21 (pob(x21) -> ped(x21))) # label(non_clause).  [assumption].
20 (all x31 (m(x31) -> ped(x31))) # label(non_clause).  [assumption].
21 (all x41 (f(x41) -> ped(x41))) # label(non_clause).  [assumption].
22 (all x51 (pob(x51) -> -m(x51))) # label(non_clause).  [assumption].
23 (all x61 (pob(x61) -> -f(x61))) # label(non_clause).  [assumption].
24 (all x71 (m(x71) -> -f(x71))) # label(non_clause).  [assumption].
25 (all x81 (napo(x81) -> pob(x81))) # label(non_clause).  [assumption].
26 (all x92 all x91 (hosts(x92,x91) -> ped(x92) & f(x91))) # label(non_clause).  [assumption].
27 (all x102 (f(x102) <-> (exists x101 hosts(x101,x102)))) # label(non_clause).  [assumption].
28 (all x112 all x111 (hosts(x112,x111) -> -hosts(x111,x112))) # label(non_clause).  [assumption].
29 (all x121 (f(x121) <-> rpf(x121) | dpf(x121))) # label(non_clause).  [assumption].
30 (all x131 (-rpf(x131) | -dpf(x131))) # label(non_clause).  [assumption].

============================== end of process non-clausal formulas ===

============================== PROCESS INITIAL CLAUSES ===============

% Clauses before input processing:

formulas(usable).
end_of_list.

formulas(sos).
-em(x) | m(x).  [clausify(1)].
-fm(x) | em(x).  [clausify(2)].
-wm(x) | fm(x).  [clausify(3)].
-hf(x) | pd(x).  [clausify(4)].
-tpc(x,y,z) | pc(x,y,z).  [clausify(5)].
-tpc(x,y,z) | hf(y).  [clausify(5)].
-tpc(x,y,z) | ped(x).  [clausify(5)].
-spc(x,y,z) | pc(x,y,z).  [clausify(6)].
-spc(x,y,z) | hf(y).  [clausify(6)].
-spc(x,y,z) | ped(x).  [clausify(6)].
-gpc(x,y,z) | pc(x,y,z).  [clausify(7)].
-gpc(x,y,z) | hf(y).  [clausify(7)].
-gpc(x,y,z) | ped(x).  [clausify(7)].
-lpc(x,y,z) | gpc(x,y,z) | spc(x,y,z).  [clausify(8)].
-lpc(x,y,z) | -tpc(x,y,z).  [clausify(9)].
-lpc(x,y,z) | tpc(f1(x,y,z),y,z).  [clausify(10)].
-hf(x) | spc(f2(x),x,f3(x)).  [clausify(11)].
-hf(x) | gpc(f4(x),x,f5(x)).  [clausify(12)].
-hf(x) | -spc(y,x,z) | gpc(f6(x,y,z),x,f7(x,y,z)).  [clausify(13)].
-hf(x) | -spc(y,x,z) | beforeeq(z,f7(x,y,z)).  [clausify(13)].
-hf(x) | -gpc(y,x,z) | spc(f8(z,x,y,u),x,u).  [clausify(14)].
-hf(x) | -gpc(y,x,z) | beforeeq(f9(z,x,y,u),u).  [clausify(14)].
-hf(x) | -tpc(y,x,z) | wm(y).  [clausify(15)].
-hf(x) | -spc(y,x,z) | hrb(y) | gs(y) | zou(y).  [clausify(16)].
-hf(x) | -gpc(y,x,z) | hrb(y) | gs(y) | zou(y).  [clausify(16)].
-hf(x) | -tpc(y,x,z) | spc(f10(x,y,z),x,f11(x,y,z)).  [clausify(17)].
-hf(x) | -tpc(y,x,z) | submaterialt(y,f10(x,y,z),f11(x,y,z)).  [clausify(17)].
-hf(x) | -tpc(y,x,z) | beforeeq(f11(x,y,z),z).  [clausify(17)].
-ped(x) | pob(x) | m(x) | f(x).  [clausify(18)].
-pob(x) | ped(x).  [clausify(19)].
-m(x) | ped(x).  [clausify(20)].
-f(x) | ped(x).  [clausify(21)].
-pob(x) | -m(x).  [clausify(22)].
-pob(x) | -f(x).  [clausify(23)].
-m(x) | -f(x).  [clausify(24)].
-napo(x) | pob(x).  [clausify(25)].
-hosts(x,y) | ped(x).  [clausify(26)].
-hosts(x,y) | f(y).  [clausify(26)].
-f(x) | hosts(f12(x),x).  [clausify(27)].
f(x) | -hosts(y,x).  [clausify(27)].
-hosts(x,y) | -hosts(y,x).  [clausify(28)].
-f(x) | rpf(x) | dpf(x).  [clausify(29)].
f(x) | -rpf(x).  [clausify(29)].
f(x) | -dpf(x).  [clausify(29)].
-rpf(x) | -dpf(x).  [clausify(30)].
end_of_list.

formulas(demodulators).
end_of_list.

============================== PREDICATE ELIMINATION =================

Eliminating em/1
31 -fm(x) | em(x).  [clausify(2)].
32 -em(x) | m(x).  [clausify(1)].
Derived: -fm(x) | m(x).  [resolve(31,b,32,a)].

Eliminating wm/1
33 -hf(x) | -tpc(y,x,z) | wm(y).  [clausify(15)].
34 -wm(x) | fm(x).  [clausify(3)].
Derived: -hf(x) | -tpc(y,x,z) | fm(y).  [resolve(33,c,34,a)].

Eliminating hf/1
35 -tpc(x,y,z) | hf(y).  [clausify(5)].
36 -hf(x) | pd(x).  [clausify(4)].
Derived: -tpc(x,y,z) | pd(y).  [resolve(35,b,36,a)].
37 -spc(x,y,z) | hf(y).  [clausify(6)].
Derived: -spc(x,y,z) | pd(y).  [resolve(37,b,36,a)].
38 -gpc(x,y,z) | hf(y).  [clausify(7)].
Derived: -gpc(x,y,z) | pd(y).  [resolve(38,b,36,a)].
39 -hf(x) | spc(f2(x),x,f3(x)).  [clausify(11)].
Derived: spc(f2(x),x,f3(x)) | -tpc(y,x,z).  [resolve(39,a,35,b)].
Derived: spc(f2(x),x,f3(x)) | -spc(y,x,z).  [resolve(39,a,37,b)].
Derived: spc(f2(x),x,f3(x)) | -gpc(y,x,z).  [resolve(39,a,38,b)].
40 -hf(x) | gpc(f4(x),x,f5(x)).  [clausify(12)].
Derived: gpc(f4(x),x,f5(x)) | -tpc(y,x,z).  [resolve(40,a,35,b)].
Derived: gpc(f4(x),x,f5(x)) | -spc(y,x,z).  [resolve(40,a,37,b)].
Derived: gpc(f4(x),x,f5(x)) | -gpc(y,x,z).  [resolve(40,a,38,b)].
41 -hf(x) | -spc(y,x,z) | gpc(f6(x,y,z),x,f7(x,y,z)).  [clausify(13)].
Derived: -spc(x,y,z) | gpc(f6(y,x,z),y,f7(y,x,z)) | -tpc(u,y,w).  [resolve(41,a,35,b)].
Derived: -spc(x,y,z) | gpc(f6(y,x,z),y,f7(y,x,z)) | -spc(u,y,w).  [resolve(41,a,37,b)].
42 -hf(x) | -spc(y,x,z) | beforeeq(z,f7(x,y,z)).  [clausify(13)].
Derived: -spc(x,y,z) | beforeeq(z,f7(y,x,z)) | -tpc(u,y,w).  [resolve(42,a,35,b)].
Derived: -spc(x,y,z) | beforeeq(z,f7(y,x,z)) | -spc(u,y,w).  [resolve(42,a,37,b)].
43 -hf(x) | -gpc(y,x,z) | spc(f8(z,x,y,u),x,u).  [clausify(14)].
Derived: -gpc(x,y,z) | spc(f8(z,y,x,u),y,u) | -tpc(w,y,v5).  [resolve(43,a,35,b)].
Derived: -gpc(x,y,z) | spc(f8(z,y,x,u),y,u) | -spc(w,y,v5).  [resolve(43,a,37,b)].
Derived: -gpc(x,y,z) | spc(f8(z,y,x,u),y,u) | -gpc(w,y,v5).  [resolve(43,a,38,b)].
44 -hf(x) | -gpc(y,x,z) | beforeeq(f9(z,x,y,u),u).  [clausify(14)].
Derived: -gpc(x,y,z) | beforeeq(f9(z,y,x,u),u) | -tpc(w,y,v5).  [resolve(44,a,35,b)].
Derived: -gpc(x,y,z) | beforeeq(f9(z,y,x,u),u) | -spc(w,y,v5).  [resolve(44,a,37,b)].
Derived: -gpc(x,y,z) | beforeeq(f9(z,y,x,u),u) | -gpc(w,y,v5).  [resolve(44,a,38,b)].
45 -hf(x) | -spc(y,x,z) | hrb(y) | gs(y) | zou(y).  [clausify(16)].
Derived: -spc(x,y,z) | hrb(x) | gs(x) | zou(x) | -tpc(u,y,w).  [resolve(45,a,35,b)].
Derived: -spc(x,y,z) | hrb(x) | gs(x) | zou(x) | -spc(u,y,w).  [resolve(45,a,37,b)].
46 -hf(x) | -gpc(y,x,z) | hrb(y) | gs(y) | zou(y).  [clausify(16)].
Derived: -gpc(x,y,z) | hrb(x) | gs(x) | zou(x) | -tpc(u,y,w).  [resolve(46,a,35,b)].
Derived: -gpc(x,y,z) | hrb(x) | gs(x) | zou(x) | -spc(u,y,w).  [resolve(46,a,37,b)].
Derived: -gpc(x,y,z) | hrb(x) | gs(x) | zou(x) | -gpc(u,y,w).  [resolve(46,a,38,b)].
47 -hf(x) | -tpc(y,x,z) | spc(f10(x,y,z),x,f11(x,y,z)).  [clausify(17)].
Derived: -tpc(x,y,z) | spc(f10(y,x,z),y,f11(y,x,z)) | -tpc(u,y,w).  [resolve(47,a,35,b)].
48 -hf(x) | -tpc(y,x,z) | submaterialt(y,f10(x,y,z),f11(x,y,z)).  [clausify(17)].
Derived: -tpc(x,y,z) | submaterialt(x,f10(y,x,z),f11(y,x,z)) | -tpc(u,y,w).  [resolve(48,a,35,b)].
49 -hf(x) | -tpc(y,x,z) | beforeeq(f11(x,y,z),z).  [clausify(17)].
Derived: -tpc(x,y,z) | beforeeq(f11(y,x,z),z) | -tpc(u,y,w).  [resolve(49,a,35,b)].
50 -hf(x) | -tpc(y,x,z) | fm(y).  [resolve(33,c,34,a)].
Derived: -tpc(x,y,z) | fm(x) | -tpc(u,y,w).  [resolve(50,a,35,b)].

Eliminating pc/3

Eliminating ped/1
51 -ped(x) | pob(x) | m(x) | f(x).  [clausify(18)].
52 -tpc(x,y,z) | ped(x).  [clausify(5)].
53 -spc(x,y,z) | ped(x).  [clausify(6)].
54 -gpc(x,y,z) | ped(x).  [clausify(7)].
Derived: pob(x) | m(x) | f(x) | -tpc(x,y,z).  [resolve(51,a,52,b)].
Derived: pob(x) | m(x) | f(x) | -spc(x,y,z).  [resolve(51,a,53,b)].
Derived: pob(x) | m(x) | f(x) | -gpc(x,y,z).  [resolve(51,a,54,b)].
55 -pob(x) | ped(x).  [clausify(19)].
56 -m(x) | ped(x).  [clausify(20)].
57 -f(x) | ped(x).  [clausify(21)].
58 -hosts(x,y) | ped(x).  [clausify(26)].
Derived: -hosts(x,y) | pob(x) | m(x) | f(x).  [resolve(58,b,51,a)].

Eliminating lpc/3

Eliminating pob/1
59 -napo(x) | pob(x).  [clausify(25)].
60 -pob(x) | -m(x).  [clausify(22)].
61 -pob(x) | -f(x).  [clausify(23)].
Derived: -napo(x) | -m(x).  [resolve(59,b,60,a)].
Derived: -napo(x) | -f(x).  [resolve(59,b,61,a)].
62 pob(x) | m(x) | f(x) | -tpc(x,y,z).  [resolve(51,a,52,b)].
63 pob(x) | m(x) | f(x) | -spc(x,y,z).  [resolve(51,a,53,b)].
64 pob(x) | m(x) | f(x) | -gpc(x,y,z).  [resolve(51,a,54,b)].
65 -hosts(x,y) | pob(x) | m(x) | f(x).  [resolve(58,b,51,a)].

Eliminating m/1
66 -fm(x) | m(x).  [resolve(31,b,32,a)].
67 -m(x) | -f(x).  [clausify(24)].
Derived: -fm(x) | -f(x).  [resolve(66,b,67,a)].
68 -napo(x) | -m(x).  [resolve(59,b,60,a)].
Derived: -napo(x) | -fm(x).  [resolve(68,b,66,b)].

Eliminating f/1
69 -f(x) | hosts(f12(x),x).  [clausify(27)].
70 -hosts(x,y) | f(y).  [clausify(26)].
Derived: hosts(f12(x),x) | -hosts(y,x).  [resolve(69,a,70,b)].
71 f(x) | -hosts(y,x).  [clausify(27)].
72 -f(x) | rpf(x) | dpf(x).  [clausify(29)].
Derived: rpf(x) | dpf(x) | -hosts(y,x).  [resolve(72,a,70,b)].
73 f(x) | -rpf(x).  [clausify(29)].
Derived: -rpf(x) | hosts(f12(x),x).  [resolve(73,a,69,a)].
74 f(x) | -dpf(x).  [clausify(29)].
Derived: -dpf(x) | hosts(f12(x),x).  [resolve(74,a,69,a)].
75 -napo(x) | -f(x).  [resolve(59,b,61,a)].
Derived: -napo(x) | -hosts(y,x).  [resolve(75,b,70,b)].
Derived: -napo(x) | -rpf(x).  [resolve(75,b,73,a)].
Derived: -napo(x) | -dpf(x).  [resolve(75,b,74,a)].
76 -fm(x) | -f(x).  [resolve(66,b,67,a)].
Derived: -fm(x) | -hosts(y,x).  [resolve(76,b,70,b)].
Derived: -fm(x) | -rpf(x).  [resolve(76,b,73,a)].
Derived: -fm(x) | -dpf(x).  [resolve(76,b,74,a)].

Eliminating rpf/1
77 rpf(x) | dpf(x) | -hosts(y,x).  [resolve(72,a,70,b)].
78 -rpf(x) | -dpf(x).  [clausify(30)].
79 -rpf(x) | hosts(f12(x),x).  [resolve(73,a,69,a)].
Derived: hosts(f12(x),x) | dpf(x) | -hosts(y,x).  [resolve(79,a,77,a)].
80 -napo(x) | -rpf(x).  [resolve(75,b,73,a)].
Derived: -napo(x) | dpf(x) | -hosts(y,x).  [resolve(80,b,77,a)].
81 -fm(x) | -rpf(x).  [resolve(76,b,73,a)].
Derived: -fm(x) | dpf(x) | -hosts(y,x).  [resolve(81,b,77,a)].

Eliminating pd/1

Eliminating beforeeq/2

Eliminating hrb/1

Eliminating submaterialt/3

Eliminating fm/1
82 -napo(x) | -fm(x).  [resolve(68,b,66,b)].
83 -tpc(x,y,z) | fm(x) | -tpc(u,y,w).  [resolve(50,a,35,b)].
Derived: -napo(x) | -tpc(x,y,z) | -tpc(u,y,w).  [resolve(82,b,83,b)].
84 -fm(x) | -hosts(y,x).  [resolve(76,b,70,b)].
Derived: -hosts(x,y) | -tpc(y,z,u) | -tpc(w,z,v5).  [resolve(84,a,83,b)].
85 -fm(x) | -dpf(x).  [resolve(76,b,74,a)].
Derived: -dpf(x) | -tpc(x,y,z) | -tpc(u,y,w).  [resolve(85,a,83,b)].
86 -fm(x) | dpf(x) | -hosts(y,x).  [resolve(81,b,77,a)].

Eliminating dpf/1
87 hosts(f12(x),x) | dpf(x) | -hosts(y,x).  [resolve(79,a,77,a)].
88 -dpf(x) | hosts(f12(x),x).  [resolve(74,a,69,a)].
89 -napo(x) | -dpf(x).  [resolve(75,b,74,a)].
Derived: hosts(f12(x),x) | -hosts(y,x) | hosts(f12(x),x).  [resolve(87,b,88,a)].
90 -napo(x) | dpf(x) | -hosts(y,x).  [resolve(80,b,77,a)].
Derived: -napo(x) | -hosts(y,x) | -napo(x).  [resolve(90,b,89,b)].
91 -dpf(x) | -tpc(x,y,z) | -tpc(u,y,w).  [resolve(85,a,83,b)].

============================== end predicate elimination =============

Auto_denials:  (non-Horn, no changes).

Term ordering decisions:
Predicate symbol precedence:  predicate_order([ napo, hosts, spc, gpc, tpc ]).
Function symbol precedence:  function_order([ f2, f3, f4, f5, f12, f6, f7, f10, f11, f8 ]).
After inverse_order:  (no changes).
Unfolding symbols: (none).

Auto_inference settings:
  % set(binary_resolution).  % (non-Horn)
  % set(positive_inference). % (non-Horn)
    % set(positive_inference) -> assign(literal_selection, max_negative).
  % set(neg_ur_resolution).  % (non-Horn, less than 100 clauses)

Auto_process settings:
  % set(factor).  % (non-Horn)
  % set(back_unit_deletion).  % (non-Horn)
    % set(back_unit_deletion) -> set(unit_deletion).

============================== end of process initial clauses ========

============================== CLAUSES FOR SEARCH ====================

% Clauses after input processing:

formulas(usable).
end_of_list.

formulas(sos).
92 -hosts(x,y) | -hosts(y,x).  [clausify(28)].
93 spc(f2(x),x,f3(x)) | -tpc(y,x,z).  [resolve(39,a,35,b)].
94 spc(f2(x),x,f3(x)) | -spc(y,x,z).  [resolve(39,a,37,b)].
95 spc(f2(x),x,f3(x)) | -gpc(y,x,z).  [resolve(39,a,38,b)].
96 gpc(f4(x),x,f5(x)) | -tpc(y,x,z).  [resolve(40,a,35,b)].
97 gpc(f4(x),x,f5(x)) | -spc(y,x,z).  [resolve(40,a,37,b)].
98 gpc(f4(x),x,f5(x)) | -gpc(y,x,z).  [resolve(40,a,38,b)].
105 hosts(f12(x),x) | -hosts(y,x).  [resolve(69,a,70,b)].
106 -napo(x) | -hosts(y,x).  [resolve(75,b,70,b)].
111 -hosts(x,x).  [factor(92,a,b)].
112 -spc(x,y,z) | gpc(f6(y,x,z),y,f7(y,x,z)).  [factor(100,a,c)].
113 -gpc(x,y,z) | spc(f8(z,y,x,u),y,u).  [factor(103,a,c)].
114 -tpc(x,y,z) | spc(f10(y,x,z),y,f11(y,x,z)).  [factor(104,a,c)].
115 -napo(x) | -tpc(x,y,z).  [factor(107,b,c)].
116 -hosts(x,y) | -tpc(y,z,u).  [factor(108,b,c)].
end_of_list.

formulas(demodulators).
end_of_list.

============================== end of clauses for search =============

============================== SEARCH ================================

% Starting search at 0.00 seconds.

given #1 (I,wt=6): 92 -hosts(x,y) | -hosts(y,x).  [clausify(28)].

given #2 (I,wt=10): 93 spc(f2(x),x,f3(x)) | -tpc(y,x,z).  [resolve(39,a,35,b)].

given #3 (I,wt=10): 94 spc(f2(x),x,f3(x)) | -spc(y,x,z).  [resolve(39,a,37,b)].

given #4 (I,wt=10): 95 spc(f2(x),x,f3(x)) | -gpc(y,x,z).  [resolve(39,a,38,b)].

given #5 (I,wt=10): 96 gpc(f4(x),x,f5(x)) | -tpc(y,x,z).  [resolve(40,a,35,b)].

given #6 (I,wt=10): 97 gpc(f4(x),x,f5(x)) | -spc(y,x,z).  [resolve(40,a,37,b)].

given #7 (I,wt=10): 98 gpc(f4(x),x,f5(x)) | -gpc(y,x,z).  [resolve(40,a,38,b)].

given #8 (I,wt=7): 105 hosts(f12(x),x) | -hosts(y,x).  [resolve(69,a,70,b)].

given #9 (I,wt=5): 106 -napo(x) | -hosts(y,x).  [resolve(75,b,70,b)].

given #10 (I,wt=3): 111 -hosts(x,x).  [factor(92,a,b)].

given #11 (I,wt=14): 112 -spc(x,y,z) | gpc(f6(y,x,z),y,f7(y,x,z)).  [factor(100,a,c)].

given #12 (I,wt=12): 113 -gpc(x,y,z) | spc(f8(z,y,x,u),y,u).  [factor(103,a,c)].

given #13 (I,wt=14): 114 -tpc(x,y,z) | spc(f10(y,x,z),y,f11(y,x,z)).  [factor(104,a,c)].

given #14 (I,wt=6): 115 -napo(x) | -tpc(x,y,z).  [factor(107,b,c)].

given #15 (I,wt=7): 116 -hosts(x,y) | -tpc(y,z,u).  [factor(108,b,c)].

============================== STATISTICS ============================

Given=15. Generated=25. Kept=23. proofs=0.
Usable=15. Sos=0. Demods=0. Limbo=0, Disabled=109. Hints=0.
Weight_deleted=0. Literals_deleted=0.
Forward_subsumed=2. Back_subsumed=8.
Sos_limit_deleted=0. Sos_displaced=0. Sos_removed=0.
New_demodulators=0 (0 lex), Back_demodulated=0. Back_unit_deleted=0.
Demod_attempts=0. Demod_rewrites=0.
Res_instance_prunes=0. Para_instance_prunes=0. Basic_paramod_prunes=0.
Nonunit_fsub_feature_tests=2. Nonunit_bsub_feature_tests=35.
Megabytes=0.09.
User_CPU=0.00, System_CPU=0.05, Wall_clock=0.

============================== end of statistics =====================

============================== end of search =========================

SEARCH FAILED

SEARCH FAILED

Exiting with failure.

------ process 20448 exit (sos_empty) ------

Process 20448 exit (sos_empty) Wed May 31 10:48:23 2017
============================= C:\Reasoning\prover9-bin\prover9 ================================
execution finished: Wed May 31 10:48:25 2017
total CPU time used: 0
The command was "C:\Reasoning\prover9-bin\prover9 -t1000 -f D:\colore-testbed\ontologies\gwml2-v2\conversions\geo_matter.p9 D:\colore-testbed\ontologies\hydrologicflow\conversions\hydro_flow.p9 D:\colore-testbed\ontologies\hydrologicflow\conversions\hydro_flow_participation.p9 D:\colore-testbed\ontologies\multidim_space_ped\conversions\ped.p9"
Input read from 
============================ end of footer ===========================
