Paradox, version 3.0, 2008-07-29.
+++ PROBLEM: D:\colore-testbed\ontologies\simple_features\sf_primitives\consistency\conversions\sfa_surface_nontrivial.all.tptp
Reading 'D:\colore-testbed\ontologies\simple_features\sf_primitives\consistency\conversions\sfa_surface_nontrivial.all.tptp' ... OK
+++ SOLVING: D:\colore-testbed\ontologies\simple_features\sf_primitives\consistency\conversions\sfa_surface_nontrivial.all.tptp
domain size 1
domain size 2
domain size 3
domain size 4
+++ BEGIN MODEL
SZS output start FiniteModel for D:\colore-testbed\ontologies\simple_features\sf_primitives\consistency\conversions\sfa_surface_nontrivial.all.tptp
% domain size is 4
fof(domain, fi_domain,
  (![X] : (X = "1" | X = "2" | X = "3" | X = "4"))
).

fof(arealregion, fi_predicates,
  ( arealregion("1") <=> $false
  & arealregion("2") <=> $false
  & arealregion("3") <=> $false
  & arealregion("4") <=> $true
  )
).

fof(cont, fi_predicates,
  ( cont("1","1") <=> $true
  & cont("1","2") <=> $false
  & cont("1","3") <=> $false
  & cont("1","4") <=> $false
  & cont("2","1") <=> $false
  & cont("2","2") <=> $false
  & cont("2","3") <=> $false
  & cont("2","4") <=> $false
  & cont("3","1") <=> $false
  & cont("3","2") <=> $false
  & cont("3","3") <=> $true
  & cont("3","4") <=> $false
  & cont("4","1") <=> $false
  & cont("4","2") <=> $false
  & cont("4","3") <=> $false
  & cont("4","4") <=> $true
  )
).

fof(covers, fi_predicates,
  ( covers("1","1") <=> $false
  & covers("1","2") <=> $false
  & covers("1","3") <=> $true
  & covers("1","4") <=> $false
  & covers("2","1") <=> $false
  & covers("2","2") <=> $false
  & covers("2","3") <=> $false
  & covers("2","4") <=> $false
  & covers("3","1") <=> $false
  & covers("3","2") <=> $false
  & covers("3","3") <=> $false
  & covers("3","4") <=> $false
  & covers("4","1") <=> $true
  & covers("4","2") <=> $false
  & covers("4","3") <=> $false
  & covers("4","4") <=> $false
  )
).

fof(curve, fi_predicates,
  ( curve("1") <=> $true
  & curve("2") <=> $false
  & curve("3") <=> $false
  & curve("4") <=> $false
  )
).

fof(eqdim, fi_predicates,
  ( eqdim("1","1") <=> $true
  & eqdim("1","2") <=> $false
  & eqdim("1","3") <=> $false
  & eqdim("1","4") <=> $false
  & eqdim("2","1") <=> $false
  & eqdim("2","2") <=> $false
  & eqdim("2","3") <=> $false
  & eqdim("2","4") <=> $false
  & eqdim("3","1") <=> $false
  & eqdim("3","2") <=> $false
  & eqdim("3","3") <=> $true
  & eqdim("3","4") <=> $false
  & eqdim("4","1") <=> $false
  & eqdim("4","2") <=> $false
  & eqdim("4","3") <=> $false
  & eqdim("4","4") <=> $true
  )
).

fof(geq, fi_predicates,
  ( geq("1","1") <=> $true
  & geq("1","2") <=> $false
  & geq("1","3") <=> $true
  & geq("1","4") <=> $false
  & geq("2","1") <=> $false
  & geq("2","2") <=> $false
  & geq("2","3") <=> $false
  & geq("2","4") <=> $false
  & geq("3","1") <=> $false
  & geq("3","2") <=> $false
  & geq("3","3") <=> $true
  & geq("3","4") <=> $false
  & geq("4","1") <=> $true
  & geq("4","2") <=> $false
  & geq("4","3") <=> $true
  & geq("4","4") <=> $true
  )
).

fof(gt, fi_predicates,
  ( gt("1","1") <=> $false
  & gt("1","2") <=> $false
  & gt("1","3") <=> $true
  & gt("1","4") <=> $false
  & gt("2","1") <=> $false
  & gt("2","2") <=> $false
  & gt("2","3") <=> $false
  & gt("2","4") <=> $false
  & gt("3","1") <=> $false
  & gt("3","2") <=> $false
  & gt("3","3") <=> $false
  & gt("3","4") <=> $false
  & gt("4","1") <=> $true
  & gt("4","2") <=> $false
  & gt("4","3") <=> $true
  & gt("4","4") <=> $false
  )
).

fof(leq, fi_predicates,
  ( leq("1","1") <=> $true
  & leq("1","2") <=> $false
  & leq("1","3") <=> $false
  & leq("1","4") <=> $true
  & leq("2","1") <=> $false
  & leq("2","2") <=> $false
  & leq("2","3") <=> $false
  & leq("2","4") <=> $false
  & leq("3","1") <=> $true
  & leq("3","2") <=> $false
  & leq("3","3") <=> $true
  & leq("3","4") <=> $true
  & leq("4","1") <=> $false
  & leq("4","2") <=> $false
  & leq("4","3") <=> $false
  & leq("4","4") <=> $true
  )
).

fof(lt, fi_predicates,
  ( lt("1","1") <=> $false
  & lt("1","2") <=> $false
  & lt("1","3") <=> $false
  & lt("1","4") <=> $true
  & lt("2","1") <=> $false
  & lt("2","2") <=> $false
  & lt("2","3") <=> $false
  & lt("2","4") <=> $false
  & lt("3","1") <=> $true
  & lt("3","2") <=> $false
  & lt("3","3") <=> $false
  & lt("3","4") <=> $true
  & lt("4","1") <=> $false
  & lt("4","2") <=> $false
  & lt("4","3") <=> $false
  & lt("4","4") <=> $false
  )
).

fof(maxdim, fi_predicates,
  ( maxdim("1") <=> $false
  & maxdim("2") <=> $false
  & maxdim("3") <=> $false
  & maxdim("4") <=> $true
  )
).

fof(mindim, fi_predicates,
  ( mindim("1") <=> $false
  & mindim("2") <=> $false
  & mindim("3") <=> $true
  & mindim("4") <=> $false
  )
).

fof(s, fi_predicates,
  ( s("1") <=> $true
  & s("2") <=> $false
  & s("3") <=> $true
  & s("4") <=> $true
  )
).

fof(sfa_geometry, fi_predicates,
  ( sfa_geometry("1") <=> $true
  & sfa_geometry("2") <=> $false
  & sfa_geometry("3") <=> $true
  & sfa_geometry("4") <=> $true
  )
).

fof(sfa_surface, fi_predicates,
  ( sfa_surface("1") <=> $false
  & sfa_surface("2") <=> $false
  & sfa_surface("3") <=> $false
  & sfa_surface("4") <=> $true
  )
).

fof(zex, fi_predicates,
  ( zex("1") <=> $false
  & zex("2") <=> $false
  & zex("3") <=> $false
  & zex("4") <=> $false
  )
).
SZS output end FiniteModel for D:\colore-testbed\ontologies\simple_features\sf_primitives\consistency\conversions\sfa_surface_nontrivial.all.tptp
+++ END MODEL
+++ RESULT: Satisfiable
SZS status Satisfiable for D:\colore-testbed\ontologies\simple_features\sf_primitives\consistency\conversions\sfa_surface_nontrivial.all.tptp
============================= D:\Shirly\Reasoning\paradox3 ================================
execution finished: Wed Nov 07 15:56:20 2018
total CPU time used: 0
The command was "D:\Shirly\Reasoning\paradox3 --time 1000000 --verbose 2 --model --tstp D:\colore-testbed\ontologies\simple_features\sf_primitives\consistency\conversions\sfa_surface_nontrivial.all.tptp"
Input read from 
============================ end of footer ===========================
