Hi Geoff, go and have some cold beer while I am trying to solve this very hard problem!
% remaining time: 1199 next slice time: 3
dis-4_5_bd=off:bs=off:ep=RST:fde=none:lcm=predicate:nwc=2.0:nicw=on:ptb=off:ssec=off:ss=included:st=5.0:sio=off:spl=backtracking:updr=off_1 on unknown
Refutation found. Thanks to Tanya!
% SZS status Theorem for unknown
% SZS output start Proof for unknown
fof(f2574,plain,(
  $false),
  inference(subsumption_resolution,[],[f2573,f333])).
fof(f333,plain,(
  cont(sK2,sum(sK0,sK1))),
  inference(cnf_transformation,[],[f268])).
fof(f268,plain,(
  eqdim(sK0,sK1) & cont(sK2,sum(sK0,sK1)) & ~cont(sK2,sK0) & ~cont(sK2,sK1) & ~zex(sK0) & ~zex(sK1) & ~cont(difference(sK2,sK0),sK1)),
  inference(skolemisation,[status(esa)],[f187])).
fof(f187,plain,(
  ? [X0,X1,X2] : (eqdim(X0,X1) & cont(X2,sum(X0,X1)) & ~cont(X2,X0) & ~cont(X2,X1) & ~zex(X0) & ~zex(X1) & ~cont(difference(X2,X0),X1))),
  inference(flattening,[],[f186])).
fof(f186,plain,(
  ? [X0,X1,X2] : ((eqdim(X0,X1) & cont(X2,sum(X0,X1)) & ~cont(X2,X0) & ~cont(X2,X1) & ~zex(X0) & ~zex(X1)) & ~cont(difference(X2,X0),X1))),
  inference(ennf_transformation,[],[f67])).
fof(f67,plain,(
  ~! [X0,X1,X2] : ((eqdim(X0,X1) & cont(X2,sum(X0,X1)) & ~cont(X2,X0) & ~cont(X2,X1) & ~zex(X0) & ~zex(X1)) => cont(difference(X2,X0),X1))),
  inference(flattening,[],[f66])).
fof(f66,plain,(
  ~! [X0] : ! [X1] : ! [X2] : ((eqdim(X0,X1) & cont(X2,sum(X0,X1)) & ~cont(X2,X0) & ~cont(X2,X1) & ~zex(X0) & ~zex(X1)) => cont(difference(X2,X0),X1))),
  inference(rectify,[],[f8])).
fof(f8,negated_conjecture,(
  ~! [X16] : ! [X17] : ! [X18] : ((eqdim(X16,X17) & cont(X18,sum(X16,X17)) & ~cont(X18,X16) & ~cont(X18,X17) & ~zex(X16) & ~zex(X17)) => cont(difference(X18,X16),X17))),
  file(unknown,unknown)).
fof(f2573,plain,(
  ~cont(sK2,sum(sK0,sK1))),
  inference(subsumption_resolution,[],[f2563,f334])).
fof(f334,plain,(
  ~cont(sK2,sK0)),
  inference(cnf_transformation,[],[f268])).
fof(f2563,plain,(
  cont(sK2,sK0) | ~cont(sK2,sum(sK0,sK1))),
  inference(resolution,[],[f452,f338])).
fof(f338,plain,(
  ~cont(difference(sK2,sK0),sK1)),
  inference(cnf_transformation,[],[f268])).
fof(f452,plain,(
  ( ! [X2,X0,X1] : (cont(difference(X2,X0),X1) | cont(X2,X0) | ~cont(X2,sum(X0,X1))) )),
  inference(cnf_transformation,[],[f265])).
fof(f265,plain,(
  ! [X0,X1,X2] : (~cont(X2,sum(X0,X1)) | cont(X2,X0) | cont(difference(X2,X0),X1))),
  inference(flattening,[],[f264])).
fof(f264,plain,(
  ! [X0,X1,X2] : ((~cont(X2,sum(X0,X1)) | cont(X2,X0)) | cont(difference(X2,X0),X1))),
  inference(ennf_transformation,[],[f181])).
fof(f181,plain,(
  ! [X0,X1,X2] : ((cont(X2,sum(X0,X1)) & ~cont(X2,X0)) => cont(difference(X2,X0),X1))),
  inference(flattening,[],[f180])).
fof(f180,plain,(
  ! [X0] : ! [X1] : ! [X2] : ((cont(X2,sum(X0,X1)) & ~cont(X2,X0)) => cont(difference(X2,X0),X1))),
  inference(rectify,[],[f12])).
fof(f12,axiom,(
  ! [X26] : ! [X27] : ! [X28] : ((cont(X28,sum(X26,X27)) & ~cont(X28,X26)) => cont(difference(X28,X26),X27))),
  file(unknown,unknown)).
% SZS output end Proof for unknown
------------------------------
Version: Vampire 0.6 (revision 903)
Termination reason: Refutation

Active clauses: 408
Passive clauses: 1220
Generated clauses: 2231
Final active clauses: 406
Final passive clauses: 767
Input formulas: 65
Initial clauses: 130

Selected by SInE selection: 65
SInE iterations: 1

Duplicate literals: 26
Fw subsumption resolutions: 47

Simple tautologies: 18
Forward subsumptions: 881

Binary resolution: 1952
Factoring: 2

Backtracking splits: 72
Backtracking splits refuted: 1
Backtracking splits refuted at zero level: 1

Memory used: 639KB
Time elapsed: 0.044 s
------------------------------
% Success in time 0.056 s
