Hi Geoff, go and have some cold beer while I am trying to solve this very hard problem!
% remaining time: 1199 next slice time: 3
dis-4_5_bd=off:bs=off:ep=RST:fde=none:lcm=predicate:nwc=2.0:nicw=on:ptb=off:ssec=off:ss=included:st=5.0:sio=off:spl=backtracking:updr=off_1 on unknown
Time limit reached!
------------------------------
Version: Vampire 0.6 (revision 903)
Termination reason: Time limit
Termination phase: Saturation

Active clauses: 2114
Passive clauses: 19767
Generated clauses: 33563
Input formulas: 47
Initial clauses: 103

Selected by SInE selection: 47
SInE iterations: 1

Duplicate literals: 249
Fw subsumption resolutions: 1956

Simple tautologies: 116
Forward subsumptions: 10604

Binary resolution: 29220
Factoring: 89

Backtracking splits: 1236
Backtracking splits refuted: 282
Backtracking splits refuted at zero level: 32

Memory used: 6396KB
Time elapsed: 0.400 s
------------------------------
% remaining time: 1195 next slice time: 13
dis-1010_2_bs=off:ep=on:nwc=1.5:sswn=on:sswsr=on:ss=included:st=1.5:sgo=on:sp=occurrence_9 on unknown
Refutation found. Thanks to Tanya!
% SZS status Theorem for unknown
% SZS output start Proof for unknown
fof(f8542,plain,(
  $false),
  inference(subsumption_resolution,[],[f8521,f246])).
fof(f246,plain,(
  eqdim(sK0,sK1)),
  inference(cnf_transformation,[],[f187])).
fof(f187,plain,(
  ~zex(sK0) & ~zex(sK1) & ~p(sK1,sK0) & eqdim(sK0,sK1) & po(sK0,sK1) & ~pp(sK1,sK0) & ! [X2] : (~p(X2,sK1) | po(X2,sK0))),
  inference(skolemisation,[status(esa)],[f134])).
fof(f134,plain,(
  ? [X0,X1] : (~zex(X0) & ~zex(X1) & ~p(X1,X0) & eqdim(X0,X1) & po(X0,X1) & ~pp(X1,X0) & ! [X2] : (~p(X2,X1) | po(X2,X0)))),
  inference(flattening,[],[f133])).
fof(f133,plain,(
  ? [X0,X1] : ((~zex(X0) & ~zex(X1) & ~p(X1,X0) & eqdim(X0,X1) & po(X0,X1) & ~pp(X1,X0)) & ! [X2] : (~p(X2,X1) | po(X2,X0)))),
  inference(ennf_transformation,[],[f48])).
fof(f48,plain,(
  ~! [X0,X1] : ((~zex(X0) & ~zex(X1) & ~p(X1,X0) & eqdim(X0,X1) & po(X0,X1) & ~pp(X1,X0)) => ? [X2] : (p(X2,X1) & ~po(X2,X0)))),
  inference(flattening,[],[f1])).
fof(f1,negated_conjecture,(
  ~! [X0] : ! [X1] : ((~zex(X0) & ~zex(X1) & ~p(X1,X0) & eqdim(X0,X1) & po(X0,X1) & ~pp(X1,X0)) => ? [X2] : (p(X2,X1) & ~po(X2,X0)))),
  file(unknown,unknown)).
fof(f8521,plain,(
  ~eqdim(sK0,sK1)),
  inference(resolution,[],[f8421,f732])).
fof(f732,plain,(
  ( ! [X6,X5] : (eqdim(X5,X6) | ~eqdim(X6,X5)) )),
  inference(subsumption_resolution,[],[f725,f307])).
fof(f307,plain,(
  ( ! [X0,X1] : (~less(X1,X0) | ~eqdim(X0,X1)) )),
  inference(cnf_transformation,[],[f224])).
fof(f224,plain,(
  ! [X0,X1] : ((~eqdim(X0,X1) | (~less(X0,X1) & ~less(X1,X0))) & (less(X0,X1) | less(X1,X0) | eqdim(X0,X1)))),
  inference(flattening,[],[f223])).
fof(f223,plain,(
  ! [X0,X1] : ((~eqdim(X0,X1) | (~less(X0,X1) & ~less(X1,X0))) & ((less(X0,X1) | less(X1,X0)) | eqdim(X0,X1)))),
  inference(nnf_transformation,[],[f166])).
fof(f166,plain,(
  ! [X0,X1] : (eqdim(X0,X1) <=> (~less(X0,X1) & ~less(X1,X0)))),
  inference(ennf_transformation,[],[f96])).
fof(f96,plain,(
  ! [X0,X1] : (eqdim(X0,X1) <=> (~less(X0,X1) & ~less(X1,X0)))),
  inference(flattening,[],[f95])).
fof(f95,plain,(
  ! [X0] : ! [X1] : (eqdim(X0,X1) <=> (~less(X0,X1) & ~less(X1,X0)))),
  inference(rectify,[],[f29])).
fof(f29,axiom,(
  ! [X64] : ! [X65] : (eqdim(X64,X65) <=> (~less(X64,X65) & ~less(X65,X64)))),
  file(unknown,unknown)).
fof(f725,plain,(
  ( ! [X6,X5] : (eqdim(X5,X6) | less(X5,X6) | ~eqdim(X6,X5)) )),
  inference(resolution,[],[f308,f306])).
fof(f306,plain,(
  ( ! [X0,X1] : (~less(X0,X1) | ~eqdim(X0,X1)) )),
  inference(cnf_transformation,[],[f224])).
fof(f308,plain,(
  ( ! [X0,X1] : (less(X1,X0) | eqdim(X0,X1) | less(X0,X1)) )),
  inference(cnf_transformation,[],[f224])).
fof(f8421,plain,(
  ~eqdim(sK1,sK0)),
  inference(resolution,[],[f8418,f790])).
fof(f790,plain,(
  ~cont(sK1,sK0) | ~eqdim(sK1,sK0)),
  inference(resolution,[],[f323,f245])).
fof(f245,plain,(
  ~p(sK1,sK0)),
  inference(cnf_transformation,[],[f187])).
fof(f323,plain,(
  ( ! [X0,X1] : (p(X0,X1) | ~eqdim(X0,X1) | ~cont(X0,X1)) )),
  inference(cnf_transformation,[],[f236])).
fof(f236,plain,(
  ! [X0,X1] : ((~p(X0,X1) | (cont(X0,X1) & eqdim(X0,X1))) & (~cont(X0,X1) | ~eqdim(X0,X1) | p(X0,X1)))),
  inference(flattening,[],[f235])).
fof(f235,plain,(
  ! [X0,X1] : ((~p(X0,X1) | (cont(X0,X1) & eqdim(X0,X1))) & ((~cont(X0,X1) | ~eqdim(X0,X1)) | p(X0,X1)))),
  inference(nnf_transformation,[],[f106])).
fof(f106,plain,(
  ! [X0,X1] : (p(X0,X1) <=> (cont(X0,X1) & eqdim(X0,X1)))),
  inference(flattening,[],[f105])).
fof(f105,plain,(
  ! [X0] : ! [X1] : (p(X0,X1) <=> (cont(X0,X1) & eqdim(X0,X1)))),
  inference(rectify,[],[f34])).
fof(f34,axiom,(
  ! [X75] : ! [X76] : (p(X75,X76) <=> (cont(X75,X76) & eqdim(X75,X76)))),
  file(unknown,unknown)).
fof(f8418,plain,(
  cont(sK1,sK0)),
  inference(subsumption_resolution,[],[f8408,f244])).
fof(f244,plain,(
  ~zex(sK1)),
  inference(cnf_transformation,[],[f187])).
fof(f8408,plain,(
  zex(sK1) | cont(sK1,sK0)),
  inference(resolution,[],[f8374,f324])).
fof(f324,plain,(
  ( ! [X0,X1] : (~zex(difference(X0,X1)) | zex(X0) | cont(X0,X1)) )),
  inference(cnf_transformation,[],[f238])).
fof(f238,plain,(
  ! [X0,X1] : ((~zex(difference(X0,X1)) | zex(X0) | cont(X0,X1)) & ((~zex(X0) & ~cont(X0,X1)) | zex(difference(X0,X1))))),
  inference(flattening,[],[f237])).
fof(f237,plain,(
  ! [X0,X1] : ((~zex(difference(X0,X1)) | (zex(X0) | cont(X0,X1))) & ((~zex(X0) & ~cont(X0,X1)) | zex(difference(X0,X1))))),
  inference(nnf_transformation,[],[f108])).
fof(f108,plain,(
  ! [X0,X1] : (zex(difference(X0,X1)) <=> (zex(X0) | cont(X0,X1)))),
  inference(flattening,[],[f107])).
fof(f107,plain,(
  ! [X0] : ! [X1] : (zex(difference(X0,X1)) <=> (zex(X0) | cont(X0,X1)))),
  inference(rectify,[],[f8])).
fof(f8,axiom,(
  ! [X19] : ! [X20] : (zex(difference(X19,X20)) <=> (zex(X19) | cont(X19,X20)))),
  file(unknown,unknown)).
fof(f8374,plain,(
  zex(difference(sK1,sK0))),
  inference(resolution,[],[f8367,f282])).
fof(f282,plain,(
  ( ! [X0,X1] : (p(difference(X0,X1),X0) | zex(difference(X0,X1))) )),
  inference(cnf_transformation,[],[f160])).
fof(f160,plain,(
  ! [X0,X1] : (zex(difference(X0,X1)) | p(difference(X0,X1),X0))),
  inference(ennf_transformation,[],[f84])).
fof(f84,plain,(
  ! [X0,X1] : (~zex(difference(X0,X1)) => p(difference(X0,X1),X0))),
  inference(flattening,[],[f83])).
fof(f83,plain,(
  ! [X0] : ! [X1] : (~zex(difference(X0,X1)) => p(difference(X0,X1),X0))),
  inference(rectify,[],[f9])).
fof(f9,axiom,(
  ! [X21] : ! [X22] : (~zex(difference(X21,X22)) => p(difference(X21,X22),X21))),
  file(unknown,unknown)).
fof(f8367,plain,(
  ( ! [X0] : (~p(difference(X0,sK0),sK1)) )),
  inference(resolution,[],[f8365,f249])).
fof(f249,plain,(
  ( ! [X2] : (po(X2,sK0) | ~p(X2,sK1)) )),
  inference(cnf_transformation,[],[f187])).
fof(f8365,plain,(
  ( ! [X2,X3] : (~po(difference(X2,X3),X3)) )),
  inference(duplicate_literal_removal,[],[f8351])).
fof(f8351,plain,(
  ( ! [X2,X3] : (~po(difference(X2,X3),X3) | ~po(difference(X2,X3),X3)) )),
  inference(resolution,[],[f1325,f319])).
fof(f319,plain,(
  ( ! [X0,X1] : (p(sK15(X1,X0),X1) | ~po(X0,X1)) )),
  inference(cnf_transformation,[],[f234])).
fof(f234,plain,(
  ! [X0,X1] : ((~po(X0,X1) | (p(sK15(X1,X0),X0) & p(sK15(X1,X0),X1))) & (! [X3] : (~p(X3,X0) | ~p(X3,X1)) | po(X0,X1)))),
  inference(skolemisation,[status(esa)],[f233])).
fof(f233,plain,(
  ! [X0,X1] : ((~po(X0,X1) | ? [X2] : (p(X2,X0) & p(X2,X1))) & (! [X3] : (~p(X3,X0) | ~p(X3,X1)) | po(X0,X1)))),
  inference(rectify,[],[f232])).
fof(f232,plain,(
  ! [X0,X1] : ((~po(X0,X1) | ? [X2] : (p(X2,X0) & p(X2,X1))) & (! [X2] : (~p(X2,X0) | ~p(X2,X1)) | po(X0,X1)))),
  inference(nnf_transformation,[],[f104])).
fof(f104,plain,(
  ! [X0,X1] : (po(X0,X1) <=> ? [X2] : (p(X2,X0) & p(X2,X1)))),
  inference(flattening,[],[f103])).
fof(f103,plain,(
  ! [X0] : ! [X1] : (po(X0,X1) <=> ? [X2] : (p(X2,X0) & p(X2,X1)))),
  inference(rectify,[],[f36])).
fof(f36,axiom,(
  ! [X79] : ! [X80] : (po(X79,X80) <=> ? [X81] : (p(X81,X79) & p(X81,X80)))),
  file(unknown,unknown)).
fof(f1325,plain,(
  ( ! [X19,X20,X18] : (~p(sK15(X18,difference(X19,X20)),X20) | ~po(difference(X19,X20),X18)) )),
  inference(resolution,[],[f907,f318])).
fof(f318,plain,(
  ( ! [X0,X1] : (p(sK15(X1,X0),X0) | ~po(X0,X1)) )),
  inference(cnf_transformation,[],[f234])).
fof(f907,plain,(
  ( ! [X2,X0,X1] : (~p(X0,difference(X1,X2)) | ~p(X0,X2)) )),
  inference(resolution,[],[f906,f320])).
fof(f320,plain,(
  ( ! [X0,X3,X1] : (po(X0,X1) | ~p(X3,X1) | ~p(X3,X0)) )),
  inference(cnf_transformation,[],[f234])).
fof(f906,plain,(
  ( ! [X0,X1] : (~po(X1,difference(X0,X1))) )),
  inference(subsumption_resolution,[],[f905,f623])).
fof(f623,plain,(
  ( ! [X0,X1] : (~po(X0,X1) | ~zex(X1)) )),
  inference(resolution,[],[f319,f367])).
fof(f367,plain,(
  ( ! [X4,X3] : (~p(X3,X4) | ~zex(X4)) )),
  inference(resolution,[],[f321,f265])).
fof(f265,plain,(
  ( ! [X0,X1] : (~cont(X1,X0) | ~zex(X0)) )),
  inference(cnf_transformation,[],[f140])).
fof(f140,plain,(
  ! [X0,X1] : (~zex(X0) | (~cont(X1,X0) & ~cont(X0,X1)))),
  inference(ennf_transformation,[],[f56])).
fof(f56,plain,(
  ! [X0,X1] : (zex(X0) => (~cont(X1,X0) & ~cont(X0,X1)))),
  inference(flattening,[],[f55])).
fof(f55,plain,(
  ! [X0] : ! [X1] : (zex(X0) => (~cont(X1,X0) & ~cont(X0,X1)))),
  inference(rectify,[],[f47])).
fof(f47,axiom,(
  ! [X110] : ! [X111] : (zex(X110) => (~cont(X111,X110) & ~cont(X110,X111)))),
  file(unknown,unknown)).
fof(f321,plain,(
  ( ! [X0,X1] : (cont(X0,X1) | ~p(X0,X1)) )),
  inference(cnf_transformation,[],[f236])).
fof(f905,plain,(
  ( ! [X0,X1] : (~po(X1,difference(X0,X1)) | zex(difference(X0,X1))) )),
  inference(subsumption_resolution,[],[f277,f615])).
fof(f615,plain,(
  ( ! [X0,X1] : (~po(X0,X1) | ~zex(X0)) )),
  inference(resolution,[],[f318,f367])).
fof(f277,plain,(
  ( ! [X0,X1] : (~po(X1,difference(X0,X1)) | zex(difference(X0,X1)) | zex(X1)) )),
  inference(cnf_transformation,[],[f155])).
fof(f155,plain,(
  ! [X0,X1] : (zex(X1) | zex(difference(X0,X1)) | ~po(X1,difference(X0,X1)))),
  inference(flattening,[],[f154])).
fof(f154,plain,(
  ! [X0,X1] : ((zex(X1) | zex(difference(X0,X1))) | ~po(X1,difference(X0,X1)))),
  inference(ennf_transformation,[],[f76])).
fof(f76,plain,(
  ! [X0,X1] : ((~zex(X1) & ~zex(difference(X0,X1))) => ~po(X1,difference(X0,X1)))),
  inference(flattening,[],[f75])).
fof(f75,plain,(
  ! [X0] : ! [X1] : ((~zex(X1) & ~zex(difference(X0,X1))) => ~po(X1,difference(X0,X1)))),
  inference(rectify,[],[f12])).
fof(f12,axiom,(
  ! [X27] : ! [X28] : ((~zex(X28) & ~zex(difference(X27,X28))) => ~po(X28,difference(X27,X28)))),
  file(unknown,unknown)).
% SZS output end Proof for unknown
------------------------------
Version: Vampire 0.6 (revision 903)
Termination reason: Refutation

Active clauses: 816
Passive clauses: 3821
Generated clauses: 8294
Final active clauses: 816
Final passive clauses: 2890
Input formulas: 47
Initial clauses: 102

Selected by SInE selection: 47
SInE iterations: 1

Duplicate literals: 237
Fw subsumption resolutions: 622

Simple tautologies: 195
Equational tautologies: 12
Forward subsumptions: 3519

Binary resolution: 4928
Factoring: 38
Forward superposition: 2285
Backward superposition: 98

Unique components: 7

Memory used: 1535KB
Time elapsed: 0.126 s
------------------------------
% Success in time 0.57 s
