Hi Geoff, go and have some cold beer while I am trying to solve this very hard problem!
% remaining time: 1199 next slice time: 3
dis-4_5_bd=off:bs=off:ep=RST:fde=none:lcm=predicate:nwc=2.0:nicw=on:ptb=off:ssec=off:ss=included:st=5.0:sio=off:spl=backtracking:updr=off_1 on unknown
Time limit reached!
------------------------------
Version: Vampire 0.6 (revision 903)
Termination reason: Time limit
Termination phase: Saturation

Active clauses: 1960
Passive clauses: 21142
Generated clauses: 34001
Input formulas: 58
Initial clauses: 115

Selected by SInE selection: 58
SInE iterations: 1

Duplicate literals: 172
Fw subsumption resolutions: 2029

Simple tautologies: 91
Forward subsumptions: 9422

Binary resolution: 30066
Factoring: 62

Backtracking splits: 1232
Backtracking splits refuted: 208
Backtracking splits refuted at zero level: 66

Memory used: 6524KB
Time elapsed: 0.400 s
------------------------------
% remaining time: 1195 next slice time: 13
dis-1010_2_bs=off:ep=on:nwc=1.5:sswn=on:sswsr=on:ss=included:st=1.5:sgo=on:sp=occurrence_9 on unknown
Refutation found. Thanks to Tanya!
% SZS status Theorem for unknown
% SZS output start Proof for unknown
fof(f24159,plain,(
  $false),
  inference(subsumption_resolution,[],[f24153,f299])).
fof(f299,plain,(
  ~zex(sK0)),
  inference(cnf_transformation,[],[f236])).
fof(f236,plain,(
  ~zex(sK0) & ~p(sK0,sum(sK0,sK0))),
  inference(skolemisation,[status(esa)],[f165])).
fof(f165,plain,(
  ? [X0] : (~zex(X0) & ~p(X0,sum(X0,X0)))),
  inference(ennf_transformation,[],[f1])).
fof(f1,negated_conjecture,(
  ~! [X0] : (~zex(X0) => p(X0,sum(X0,X0)))),
  file(unknown,unknown)).
fof(f24153,plain,(
  zex(sK0)),
  inference(resolution,[],[f24125,f313])).
fof(f313,plain,(
  ( ! [X0] : (cont(X0,X0) | zex(X0)) )),
  inference(cnf_transformation,[],[f252])).
fof(f252,plain,(
  ! [X0] : ((zex(X0) | cont(X0,X0)) & (~cont(X0,X0) | ~zex(X0)))),
  inference(nnf_transformation,[],[f169])).
fof(f169,plain,(
  ! [X0] : (~zex(X0) <=> cont(X0,X0))),
  inference(ennf_transformation,[],[f63])).
fof(f63,plain,(
  ! [X0] : (~zex(X0) <=> cont(X0,X0))),
  inference(rectify,[],[f55])).
fof(f55,axiom,(
  ! [X133] : (~zex(X133) <=> cont(X133,X133))),
  file(unknown,unknown)).
fof(f24125,plain,(
  ~cont(sK0,sK0)),
  inference(subsumption_resolution,[],[f24110,f325])).
fof(f325,plain,(
  ( ! [X0,X1] : (leq(X0,X1) | ~cont(X0,X1)) )),
  inference(cnf_transformation,[],[f177])).
fof(f177,plain,(
  ! [X0,X1] : (~cont(X0,X1) | leq(X0,X1))),
  inference(ennf_transformation,[],[f80])).
fof(f80,plain,(
  ! [X0,X1] : (cont(X0,X1) => leq(X0,X1))),
  inference(flattening,[],[f79])).
fof(f79,plain,(
  ! [X0] : ! [X1] : (cont(X0,X1) => leq(X0,X1))),
  inference(rectify,[],[f20])).
fof(f20,axiom,(
  ! [X48] : ! [X49] : (cont(X48,X49) => leq(X48,X49))),
  file(unknown,unknown)).
fof(f24110,plain,(
  ~cont(sK0,sK0) | ~leq(sK0,sK0)),
  inference(resolution,[],[f24104,f1148])).
fof(f1148,plain,(
  ( ! [X6,X8,X7] : (cont(X8,sum(X7,X6)) | ~cont(X8,X7) | ~leq(X6,X7)) )),
  inference(superposition,[],[f396,f316])).
fof(f316,plain,(
  ( ! [X0,X1] : (sum(X0,X1) = sum(X1,X0)) )),
  inference(cnf_transformation,[],[f66])).
fof(f66,plain,(
  ! [X0,X1] : sum(X0,X1) = sum(X1,X0)),
  inference(flattening,[],[f65])).
fof(f65,plain,(
  ! [X0] : ! [X1] : sum(X0,X1) = sum(X1,X0)),
  inference(rectify,[],[f2])).
fof(f2,axiom,(
  ! [X1] : ! [X2] : sum(X1,X2) = sum(X2,X1)),
  file(unknown,unknown)).
fof(f396,plain,(
  ( ! [X2,X0,X1] : (cont(X2,sum(X0,X1)) | ~cont(X2,X1) | ~leq(X0,X1)) )),
  inference(cnf_transformation,[],[f217])).
fof(f217,plain,(
  ! [X0,X1,X2] : (~leq(X0,X1) | ~cont(X2,X1) | cont(X2,sum(X0,X1)))),
  inference(flattening,[],[f216])).
fof(f216,plain,(
  ! [X0,X1,X2] : ((~leq(X0,X1) | ~cont(X2,X1)) | cont(X2,sum(X0,X1)))),
  inference(ennf_transformation,[],[f144])).
fof(f144,plain,(
  ! [X0,X1,X2] : ((leq(X0,X1) & cont(X2,X1)) => cont(X2,sum(X0,X1)))),
  inference(flattening,[],[f143])).
fof(f143,plain,(
  ! [X0] : ! [X1] : ! [X2] : ((leq(X0,X1) & cont(X2,X1)) => cont(X2,sum(X0,X1)))),
  inference(rectify,[],[f4])).
fof(f4,axiom,(
  ! [X5] : ! [X6] : ! [X7] : ((leq(X5,X6) & cont(X7,X6)) => cont(X7,sum(X5,X6)))),
  file(unknown,unknown)).
fof(f24104,plain,(
  ~cont(sK0,sum(sK0,sK0))),
  inference(subsumption_resolution,[],[f24103,f317])).
fof(f317,plain,(
  ( ! [X0,X1] : (~cont(X1,X0) | ~zex(X0)) )),
  inference(cnf_transformation,[],[f171])).
fof(f171,plain,(
  ! [X0,X1] : (~zex(X0) | (~cont(X1,X0) & ~cont(X0,X1)))),
  inference(ennf_transformation,[],[f68])).
fof(f68,plain,(
  ! [X0,X1] : (zex(X0) => (~cont(X1,X0) & ~cont(X0,X1)))),
  inference(flattening,[],[f67])).
fof(f67,plain,(
  ! [X0] : ! [X1] : (zex(X0) => (~cont(X1,X0) & ~cont(X0,X1)))),
  inference(rectify,[],[f58])).
fof(f58,axiom,(
  ! [X139] : ! [X140] : (zex(X139) => (~cont(X140,X139) & ~cont(X139,X140)))),
  file(unknown,unknown)).
fof(f24103,plain,(
  zex(sum(sK0,sK0)) | ~cont(sK0,sum(sK0,sK0))),
  inference(subsumption_resolution,[],[f24083,f13557])).
fof(f13557,plain,(
  ( ! [X12,X13] : (cont(X12,X12) | ~cont(X12,X13)) )),
  inference(subsumption_resolution,[],[f13542,f325])).
fof(f13542,plain,(
  ( ! [X12,X13] : (cont(X12,X12) | ~cont(X12,X13) | ~leq(X12,X13)) )),
  inference(resolution,[],[f2759,f1262])).
fof(f1262,plain,(
  ( ! [X0] : (zex(difference(X0,X0))) )),
  inference(resolution,[],[f1247,f346])).
fof(f346,plain,(
  ( ! [X0,X1] : (p(difference(X0,X1),X0) | zex(difference(X0,X1))) )),
  inference(cnf_transformation,[],[f203])).
fof(f203,plain,(
  ! [X0,X1] : (zex(difference(X0,X1)) | p(difference(X0,X1),X0))),
  inference(ennf_transformation,[],[f110])).
fof(f110,plain,(
  ! [X0,X1] : (~zex(difference(X0,X1)) => p(difference(X0,X1),X0))),
  inference(flattening,[],[f109])).
fof(f109,plain,(
  ! [X0] : ! [X1] : (~zex(difference(X0,X1)) => p(difference(X0,X1),X0))),
  inference(rectify,[],[f47])).
fof(f47,axiom,(
  ! [X114] : ! [X115] : (~zex(difference(X114,X115)) => p(difference(X114,X115),X114))),
  file(unknown,unknown)).
fof(f1247,plain,(
  ( ! [X6,X7] : (~p(difference(X6,X7),X7)) )),
  inference(subsumption_resolution,[],[f1236,f434])).
fof(f434,plain,(
  ( ! [X2,X1] : (~p(X1,X2) | ~zex(X1)) )),
  inference(resolution,[],[f386,f318])).
fof(f318,plain,(
  ( ! [X0,X1] : (~cont(X0,X1) | ~zex(X0)) )),
  inference(cnf_transformation,[],[f171])).
fof(f386,plain,(
  ( ! [X0,X1] : (cont(X0,X1) | ~p(X0,X1)) )),
  inference(cnf_transformation,[],[f292])).
fof(f292,plain,(
  ! [X0,X1] : ((~p(X0,X1) | (cont(X0,X1) & eqdim(X0,X1))) & (~cont(X0,X1) | ~eqdim(X0,X1) | p(X0,X1)))),
  inference(flattening,[],[f291])).
fof(f291,plain,(
  ! [X0,X1] : ((~p(X0,X1) | (cont(X0,X1) & eqdim(X0,X1))) & ((~cont(X0,X1) | ~eqdim(X0,X1)) | p(X0,X1)))),
  inference(nnf_transformation,[],[f132])).
fof(f132,plain,(
  ! [X0,X1] : (p(X0,X1) <=> (cont(X0,X1) & eqdim(X0,X1)))),
  inference(flattening,[],[f131])).
fof(f131,plain,(
  ! [X0] : ! [X1] : (p(X0,X1) <=> (cont(X0,X1) & eqdim(X0,X1)))),
  inference(rectify,[],[f38])).
fof(f38,axiom,(
  ! [X86] : ! [X87] : (p(X86,X87) <=> (cont(X86,X87) & eqdim(X86,X87)))),
  file(unknown,unknown)).
fof(f1236,plain,(
  ( ! [X6,X7] : (~p(difference(X6,X7),X7) | zex(difference(X6,X7))) )),
  inference(resolution,[],[f1072,f1032])).
fof(f1032,plain,(
  ( ! [X0] : (p(X0,X0) | zex(X0)) )),
  inference(duplicate_literal_removal,[],[f1028])).
fof(f1028,plain,(
  ( ! [X0] : (p(X0,X0) | zex(X0) | p(X0,X0) | zex(X0)) )),
  inference(resolution,[],[f342,f341])).
fof(f341,plain,(
  ( ! [X0,X1] : (po(X0,sK11(X1,X0)) | p(X0,X1) | zex(X0)) )),
  inference(cnf_transformation,[],[f259])).
fof(f259,plain,(
  ! [X0,X1] : (zex(X0) | (po(X0,sK11(X1,X0)) & ~po(X1,sK11(X1,X0))) | p(X0,X1))),
  inference(skolemisation,[status(esa)],[f199])).
fof(f199,plain,(
  ! [X0,X1] : (zex(X0) | ? [X2] : (po(X0,X2) & ~po(X1,X2)) | p(X0,X1))),
  inference(flattening,[],[f198])).
fof(f198,plain,(
  ! [X0,X1] : ((zex(X0) | ? [X2] : (po(X0,X2) & ~po(X1,X2))) | p(X0,X1))),
  inference(ennf_transformation,[],[f102])).
fof(f102,plain,(
  ! [X0,X1] : ((~zex(X0) & ! [X2] : (po(X0,X2) => po(X1,X2))) => p(X0,X1))),
  inference(flattening,[],[f101])).
fof(f101,plain,(
  ! [X0] : ! [X1] : ((~zex(X0) & ! [X2] : (po(X0,X2) => po(X1,X2))) => p(X0,X1))),
  inference(rectify,[],[f12])).
fof(f12,axiom,(
  ! [X26] : ! [X27] : ((~zex(X26) & ! [X28] : (po(X26,X28) => po(X27,X28))) => p(X26,X27))),
  file(unknown,unknown)).
fof(f342,plain,(
  ( ! [X0,X1] : (~po(X1,sK11(X1,X0)) | p(X0,X1) | zex(X0)) )),
  inference(cnf_transformation,[],[f259])).
fof(f1072,plain,(
  ( ! [X2,X0,X1] : (~p(X0,difference(X1,X2)) | ~p(X0,X2)) )),
  inference(resolution,[],[f1071,f385])).
fof(f385,plain,(
  ( ! [X0,X3,X1] : (po(X0,X1) | ~p(X3,X1) | ~p(X3,X0)) )),
  inference(cnf_transformation,[],[f290])).
fof(f290,plain,(
  ! [X0,X1] : ((~po(X0,X1) | (p(sK20(X1,X0),X0) & p(sK20(X1,X0),X1))) & (! [X3] : (~p(X3,X0) | ~p(X3,X1)) | po(X0,X1)))),
  inference(skolemisation,[status(esa)],[f289])).
fof(f289,plain,(
  ! [X0,X1] : ((~po(X0,X1) | ? [X2] : (p(X2,X0) & p(X2,X1))) & (! [X3] : (~p(X3,X0) | ~p(X3,X1)) | po(X0,X1)))),
  inference(rectify,[],[f288])).
fof(f288,plain,(
  ! [X0,X1] : ((~po(X0,X1) | ? [X2] : (p(X2,X0) & p(X2,X1))) & (! [X2] : (~p(X2,X0) | ~p(X2,X1)) | po(X0,X1)))),
  inference(nnf_transformation,[],[f130])).
fof(f130,plain,(
  ! [X0,X1] : (po(X0,X1) <=> ? [X2] : (p(X2,X0) & p(X2,X1)))),
  inference(flattening,[],[f129])).
fof(f129,plain,(
  ! [X0] : ! [X1] : (po(X0,X1) <=> ? [X2] : (p(X2,X0) & p(X2,X1)))),
  inference(rectify,[],[f40])).
fof(f40,axiom,(
  ! [X90] : ! [X91] : (po(X90,X91) <=> ? [X92] : (p(X92,X90) & p(X92,X91)))),
  file(unknown,unknown)).
fof(f1071,plain,(
  ( ! [X0,X1] : (~po(X1,difference(X0,X1))) )),
  inference(subsumption_resolution,[],[f1070,f698])).
fof(f698,plain,(
  ( ! [X0,X1] : (~po(X0,X1) | ~zex(X1)) )),
  inference(resolution,[],[f384,f435])).
fof(f435,plain,(
  ( ! [X4,X3] : (~p(X3,X4) | ~zex(X4)) )),
  inference(resolution,[],[f386,f317])).
fof(f384,plain,(
  ( ! [X0,X1] : (p(sK20(X1,X0),X1) | ~po(X0,X1)) )),
  inference(cnf_transformation,[],[f290])).
fof(f1070,plain,(
  ( ! [X0,X1] : (~po(X1,difference(X0,X1)) | zex(difference(X0,X1))) )),
  inference(subsumption_resolution,[],[f338,f690])).
fof(f690,plain,(
  ( ! [X0,X1] : (~po(X0,X1) | ~zex(X0)) )),
  inference(resolution,[],[f383,f435])).
fof(f383,plain,(
  ( ! [X0,X1] : (p(sK20(X1,X0),X0) | ~po(X0,X1)) )),
  inference(cnf_transformation,[],[f290])).
fof(f338,plain,(
  ( ! [X0,X1] : (~po(X1,difference(X0,X1)) | zex(difference(X0,X1)) | zex(X1)) )),
  inference(cnf_transformation,[],[f195])).
fof(f195,plain,(
  ! [X0,X1] : (zex(X1) | zex(difference(X0,X1)) | ~po(X1,difference(X0,X1)))),
  inference(flattening,[],[f194])).
fof(f194,plain,(
  ! [X0,X1] : ((zex(X1) | zex(difference(X0,X1))) | ~po(X1,difference(X0,X1)))),
  inference(ennf_transformation,[],[f98])).
fof(f98,plain,(
  ! [X0,X1] : ((~zex(X1) & ~zex(difference(X0,X1))) => ~po(X1,difference(X0,X1)))),
  inference(flattening,[],[f97])).
fof(f97,plain,(
  ! [X0] : ! [X1] : ((~zex(X1) & ~zex(difference(X0,X1))) => ~po(X1,difference(X0,X1)))),
  inference(rectify,[],[f50])).
fof(f50,axiom,(
  ! [X120] : ! [X121] : ((~zex(X121) & ~zex(difference(X120,X121))) => ~po(X121,difference(X120,X121)))),
  file(unknown,unknown)).
fof(f2759,plain,(
  ( ! [X4,X5,X3] : (~zex(difference(X3,X4)) | cont(X3,X4) | ~cont(X3,X5) | ~leq(X4,X5)) )),
  inference(resolution,[],[f1346,f396])).
fof(f1346,plain,(
  ( ! [X6,X7,X5] : (~cont(X5,sum(X6,X7)) | cont(X5,X6) | ~zex(difference(X5,X6))) )),
  inference(resolution,[],[f404,f318])).
fof(f404,plain,(
  ( ! [X2,X0,X1] : (cont(difference(X2,X0),X1) | cont(X2,X0) | ~cont(X2,sum(X0,X1))) )),
  inference(cnf_transformation,[],[f233])).
fof(f233,plain,(
  ! [X0,X1,X2] : (~cont(X2,sum(X0,X1)) | cont(X2,X0) | cont(difference(X2,X0),X1))),
  inference(flattening,[],[f232])).
fof(f232,plain,(
  ! [X0,X1,X2] : ((~cont(X2,sum(X0,X1)) | cont(X2,X0)) | cont(difference(X2,X0),X1))),
  inference(ennf_transformation,[],[f160])).
fof(f160,plain,(
  ! [X0,X1,X2] : ((cont(X2,sum(X0,X1)) & ~cont(X2,X0)) => cont(difference(X2,X0),X1))),
  inference(flattening,[],[f159])).
fof(f159,plain,(
  ! [X0] : ! [X1] : ! [X2] : ((cont(X2,sum(X0,X1)) & ~cont(X2,X0)) => cont(difference(X2,X0),X1))),
  inference(rectify,[],[f5])).
fof(f5,axiom,(
  ! [X8] : ! [X9] : ! [X10] : ((cont(X10,sum(X8,X9)) & ~cont(X10,X8)) => cont(difference(X10,X8),X9))),
  file(unknown,unknown)).
fof(f24083,plain,(
  zex(sum(sK0,sK0)) | ~cont(sK0,sK0) | ~cont(sK0,sum(sK0,sK0))),
  inference(resolution,[],[f16101,f852])).
fof(f852,plain,(
  less(sK0,sum(sK0,sK0)) | ~cont(sK0,sum(sK0,sK0))),
  inference(subsumption_resolution,[],[f841,f325])).
fof(f841,plain,(
  ~cont(sK0,sum(sK0,sK0)) | less(sK0,sum(sK0,sK0)) | ~leq(sK0,sum(sK0,sK0))),
  inference(resolution,[],[f835,f374])).
fof(f374,plain,(
  ( ! [X0,X1] : (eqdim(X0,X1) | less(X0,X1) | ~leq(X0,X1)) )),
  inference(cnf_transformation,[],[f282])).
fof(f282,plain,(
  ! [X0,X1] : ((~leq(X0,X1) | less(X0,X1) | eqdim(X0,X1)) & ((~less(X0,X1) & ~eqdim(X0,X1)) | leq(X0,X1)))),
  inference(flattening,[],[f281])).
fof(f281,plain,(
  ! [X0,X1] : ((~leq(X0,X1) | (less(X0,X1) | eqdim(X0,X1))) & ((~less(X0,X1) & ~eqdim(X0,X1)) | leq(X0,X1)))),
  inference(nnf_transformation,[],[f124])).
fof(f124,plain,(
  ! [X0,X1] : (leq(X0,X1) <=> (less(X0,X1) | eqdim(X0,X1)))),
  inference(flattening,[],[f123])).
fof(f123,plain,(
  ! [X0] : ! [X1] : (leq(X0,X1) <=> (less(X0,X1) | eqdim(X0,X1)))),
  inference(rectify,[],[f34])).
fof(f34,axiom,(
  ! [X77] : ! [X78] : (leq(X77,X78) <=> (less(X77,X78) | eqdim(X77,X78)))),
  file(unknown,unknown)).
fof(f835,plain,(
  ~eqdim(sK0,sum(sK0,sK0)) | ~cont(sK0,sum(sK0,sK0))),
  inference(resolution,[],[f388,f300])).
fof(f300,plain,(
  ~p(sK0,sum(sK0,sK0))),
  inference(cnf_transformation,[],[f236])).
fof(f388,plain,(
  ( ! [X0,X1] : (p(X0,X1) | ~eqdim(X0,X1) | ~cont(X0,X1)) )),
  inference(cnf_transformation,[],[f292])).
fof(f16101,plain,(
  ~less(sK0,sum(sK0,sK0)) | zex(sum(sK0,sK0)) | ~cont(sK0,sK0)),
  inference(resolution,[],[f2316,f9398])).
fof(f9398,plain,(
  ~cont(sum(sK0,sK0),sK0) | ~cont(sK0,sK0)),
  inference(subsumption_resolution,[],[f9397,f325])).
fof(f9397,plain,(
  ~cont(sum(sK0,sK0),sK0) | ~leq(sK0,sK0) | ~cont(sK0,sK0)),
  inference(duplicate_literal_removal,[],[f9381])).
fof(f9381,plain,(
  ~leq(sK0,sK0) | ~cont(sK0,sK0) | ~cont(sum(sK0,sK0),sK0) | ~cont(sK0,sK0)),
  inference(resolution,[],[f1136,f1904])).
fof(f1904,plain,(
  less(sum(sK0,sK0),sK0) | ~cont(sum(sK0,sK0),sK0) | ~cont(sK0,sK0)),
  inference(subsumption_resolution,[],[f1893,f325])).
fof(f1893,plain,(
  ~cont(sK0,sK0) | ~cont(sum(sK0,sK0),sK0) | less(sum(sK0,sK0),sK0) | ~leq(sum(sK0,sK0),sK0)),
  inference(resolution,[],[f1189,f374])).
fof(f1189,plain,(
  ~eqdim(sum(sK0,sK0),sK0) | ~cont(sK0,sK0) | ~cont(sum(sK0,sK0),sK0)),
  inference(resolution,[],[f1151,f388])).
fof(f1151,plain,(
  ~p(sum(sK0,sK0),sK0) | ~cont(sK0,sK0)),
  inference(subsumption_resolution,[],[f1139,f325])).
fof(f1139,plain,(
  ~cont(sK0,sK0) | ~leq(sK0,sK0) | ~p(sum(sK0,sK0),sK0)),
  inference(resolution,[],[f396,f865])).
fof(f865,plain,(
  ~cont(sK0,sum(sK0,sK0)) | ~p(sum(sK0,sK0),sK0)),
  inference(resolution,[],[f852,f437])).
fof(f437,plain,(
  ( ! [X0,X1] : (~less(X1,X0) | ~p(X0,X1)) )),
  inference(resolution,[],[f387,f372])).
fof(f372,plain,(
  ( ! [X0,X1] : (~eqdim(X0,X1) | ~less(X1,X0)) )),
  inference(cnf_transformation,[],[f280])).
fof(f280,plain,(
  ! [X0,X1] : ((~eqdim(X0,X1) | (~less(X0,X1) & ~less(X1,X0))) & (less(X0,X1) | less(X1,X0) | eqdim(X0,X1)))),
  inference(flattening,[],[f279])).
fof(f279,plain,(
  ! [X0,X1] : ((~eqdim(X0,X1) | (~less(X0,X1) & ~less(X1,X0))) & ((less(X0,X1) | less(X1,X0)) | eqdim(X0,X1)))),
  inference(nnf_transformation,[],[f209])).
fof(f209,plain,(
  ! [X0,X1] : (eqdim(X0,X1) <=> (~less(X0,X1) & ~less(X1,X0)))),
  inference(ennf_transformation,[],[f122])).
fof(f122,plain,(
  ! [X0,X1] : (eqdim(X0,X1) <=> (~less(X0,X1) & ~less(X1,X0)))),
  inference(flattening,[],[f121])).
fof(f121,plain,(
  ! [X0] : ! [X1] : (eqdim(X0,X1) <=> (~less(X0,X1) & ~less(X1,X0)))),
  inference(rectify,[],[f33])).
fof(f33,axiom,(
  ! [X75] : ! [X76] : (eqdim(X75,X76) <=> (~less(X75,X76) & ~less(X76,X75)))),
  file(unknown,unknown)).
fof(f387,plain,(
  ( ! [X0,X1] : (eqdim(X0,X1) | ~p(X0,X1)) )),
  inference(cnf_transformation,[],[f292])).
fof(f1136,plain,(
  ( ! [X4,X5,X3] : (~less(sum(X5,X4),X3) | ~leq(X5,X4) | ~cont(X3,X4)) )),
  inference(resolution,[],[f396,f588])).
fof(f588,plain,(
  ( ! [X6,X7] : (~cont(X6,X7) | ~less(X7,X6)) )),
  inference(subsumption_resolution,[],[f585,f318])).
fof(f585,plain,(
  ( ! [X6,X7] : (zex(X6) | ~cont(X6,X7) | ~less(X7,X6)) )),
  inference(superposition,[],[f391,f322])).
fof(f322,plain,(
  ( ! [X0,X1] : (difference(X0,X1) = X0 | ~less(X1,X0)) )),
  inference(cnf_transformation,[],[f174])).
fof(f174,plain,(
  ! [X0,X1] : (~less(X1,X0) | difference(X0,X1) = X0)),
  inference(ennf_transformation,[],[f74])).
fof(f74,plain,(
  ! [X0,X1] : (less(X1,X0) => difference(X0,X1) = X0)),
  inference(flattening,[],[f73])).
fof(f73,plain,(
  ! [X0] : ! [X1] : (less(X1,X0) => difference(X0,X1) = X0)),
  inference(rectify,[],[f7])).
fof(f7,axiom,(
  ! [X13] : ! [X14] : (less(X14,X13) => difference(X13,X14) = X13)),
  file(unknown,unknown)).
fof(f391,plain,(
  ( ! [X0,X1] : (zex(difference(X0,X1)) | ~cont(X0,X1)) )),
  inference(cnf_transformation,[],[f294])).
fof(f294,plain,(
  ! [X0,X1] : ((~zex(difference(X0,X1)) | zex(X0) | cont(X0,X1)) & ((~zex(X0) & ~cont(X0,X1)) | zex(difference(X0,X1))))),
  inference(flattening,[],[f293])).
fof(f293,plain,(
  ! [X0,X1] : ((~zex(difference(X0,X1)) | (zex(X0) | cont(X0,X1))) & ((~zex(X0) & ~cont(X0,X1)) | zex(difference(X0,X1))))),
  inference(nnf_transformation,[],[f134])).
fof(f134,plain,(
  ! [X0,X1] : (zex(difference(X0,X1)) <=> (zex(X0) | cont(X0,X1)))),
  inference(flattening,[],[f133])).
fof(f133,plain,(
  ! [X0] : ! [X1] : (zex(difference(X0,X1)) <=> (zex(X0) | cont(X0,X1)))),
  inference(rectify,[],[f11])).
fof(f11,axiom,(
  ! [X24] : ! [X25] : (zex(difference(X24,X25)) <=> (zex(X24) | cont(X24,X25)))),
  file(unknown,unknown)).
fof(f2316,plain,(
  ( ! [X6,X7] : (cont(sum(X6,X7),X7) | ~less(X6,sum(X6,X7)) | zex(sum(X6,X7))) )),
  inference(resolution,[],[f1356,f313])).
fof(f1356,plain,(
  ( ! [X2,X0,X1] : (~cont(X0,sum(X1,X2)) | cont(X0,X2) | ~less(X1,X0)) )),
  inference(subsumption_resolution,[],[f1353,f588])).
fof(f1353,plain,(
  ( ! [X2,X0,X1] : (cont(X0,X2) | cont(X0,X1) | ~cont(X0,sum(X1,X2)) | ~less(X1,X0)) )),
  inference(superposition,[],[f404,f322])).
% SZS output end Proof for unknown
------------------------------
Version: Vampire 0.6 (revision 903)
Termination reason: Refutation

Active clauses: 1357
Passive clauses: 13239
Generated clauses: 23853
Final active clauses: 1357
Final passive clauses: 11502
Input formulas: 58
Initial clauses: 114

Selected by SInE selection: 58
SInE iterations: 1

Duplicate literals: 389
Fw subsumption resolutions: 1605

Simple tautologies: 314
Equational tautologies: 16
Forward subsumptions: 8703

Binary resolution: 13119
Factoring: 68
Forward superposition: 7731
Backward superposition: 864
Self superposition: 2

Unique components: 2

Memory used: 5500KB
Time elapsed: 0.384 s
------------------------------
% Success in time 0.848 s
