============================== Mace4 =================================
Mace4 (64) version 2009-11A, November 2009.
Process 21052 was started by torsten on stl-ws2,
Mon Apr  9 16:38:33 2012
The command was "mace4 -c -t 600 -s 60 -n 2 -N 20 -f codi//consistency/p9/connected_nontrivial.p9 codi//defs/p9/connected.p9 codi/p9/codi_down.p9 codi//defs/p9/epp.p9 codi/p9/codi_int.p9 codi//defs/p9/ep.p9 codi/p9/codi_linear.p9 zex/p9/zex.p9 dim/p9/dim_prime_linear.p9 cont/p9/cont_c_ext.p9 codi//defs/p9/ep.p9 codi//defs/p9/epp.p9 codi//defs/p9/po.p9 codi//defs/p9/inc.p9 codi//defs/p9/sc.p9 codi//defs/p9/min_max_in_dim.p9 cont/p9/cont_c.p9 cont/p9/cont_ext.p9 codi//defs/p9/ep.p9 codi//defs/p9/epp.p9 cont/p9/cont_basic.p9 codi//defs/p9/ep.p9".
============================== end of head ===========================

============================== INPUT =================================

% Reading from file codi//consistency/p9/connected_nontrivial.p9


formulas(sos).
(exists x (Con(x) & Min(x))).
(exists x (Con(x) & -ZEX(x) & -Min(x))).
(exists x (-Con(x) & -Min(x))).
end_of_list.

% Reading from file codi//defs/p9/connected.p9


formulas(sos).
(all x (Con(x) <-> (all y (PP(y,x) -> SC(y,difference(x,y)))))).
end_of_list.

% Reading from file codi/p9/codi_down.p9


formulas(sos).
(all x all y (-ZEX(difference(x,y)) -> EqDim(x,difference(x,y)))).
(all x all y (y < x -> x = difference(x,y))).
(all x all y all z (x <= y & Cont(z,x) & intersection(z,y) < z -> Cont(z,difference(x,y)))).
(all x all y all z (x <= y & Cont(z,difference(x,y)) -> Cont(z,x))).
(all x all y all z (x <= y & P(z,difference(x,y)) -> intersection(z,y) < z)).
(all x all y (ZEX(difference(x,y)) <-> ZEX(x) | Cont(x,y))).
end_of_list.

% Reading from file codi//defs/p9/epp.p9


formulas(sos).
(all x all y (PP(x,y) <-> P(x,y) & x != y)).
end_of_list.

% Reading from file codi/p9/codi_int.p9


formulas(sos).
(all x all y (-C(x,y) -> ZEX(intersection(x,y)))).
(all x all y (-ZEX(intersection(x,y)) -> Cont(intersection(x,y),x))).
(all x all y all z (Cont(z,x) & Cont(z,y) -> z <= intersection(x,y))).
(all x all y all z (Cont(z,x) & Cont(z,y) & EqDim(z,intersection(x,y)) <-> P(z,intersection(x,y)))).
end_of_list.

% Reading from file codi//defs/p9/ep.p9


formulas(sos).
(all x all y (P(x,y) <-> Cont(x,y) & EqDim(x,y))).
end_of_list.

% Reading from file codi/p9/codi_linear.p9


formulas(sos).
(all x all y (Cont(x,y) -> x <= y)).
end_of_list.

% Reading from file zex/p9/zex.p9


formulas(sos).
(exists x ZEX(x)).
end_of_list.

% Reading from file dim/p9/dim_prime_linear.p9


formulas(sos).
(all x -(x < x)).
(all x all y (x < y -> -(y < x))).
(all x all y all z (x < y & y <= z -> x < z)).
(all x all y (ZEX(x) & ZEX(y) -> x = y)).
(all x all y (ZEX(x) & -ZEX(y) -> x < y)).
(exists x MinDim(x)).
(all x all y (EqDim(x,y) <-> -(x < y) & -(y < x))).
(all x all y (x <= y <-> x < y | EqDim(x,y))).
(all x (MaxDim(x) <-> (all y y <= x))).
(all x (MinDim(x) <-> -ZEX(x) & (all y (y < x -> ZEX(y))))).
(all x all y (Covers(x,y) <-> y < x & (all z -(y < z & z < x)))).
end_of_list.

% Reading from file cont/p9/cont_c_ext.p9


formulas(sos).
end_of_list.

% Reading from file codi//defs/p9/ep.p9


formulas(sos).
(all x all y (P(x,y) <-> Cont(x,y) & EqDim(x,y))).
end_of_list.

% Reading from file codi//defs/p9/epp.p9


formulas(sos).
(all x all y (PP(x,y) <-> P(x,y) & x != y)).
end_of_list.

% Reading from file codi//defs/p9/po.p9


formulas(sos).
(all x all y (PO(x,y) <-> (exists z (P(z,x) & P(z,y))))).
end_of_list.

% Reading from file codi//defs/p9/inc.p9


formulas(sos).
(all x all y (Inc(x,y) <-> (exists z (z < x & Cont(z,x) & P(z,y))) | (exists z (z < y & Cont(z,y) & P(z,x))))).
end_of_list.

% Reading from file codi//defs/p9/sc.p9


formulas(sos).
(all x all y (SC(x,y) <-> (exists z (Cont(z,x) & Cont(z,y))) & (all z (Cont(z,x) & Cont(z,y) -> z < x & z < y)))).
end_of_list.

% Reading from file codi//defs/p9/min_max_in_dim.p9


formulas(sos).
(all x (Max(x) <-> -ZEX(x) & (all y -PP(x,y)))).
(all x (Min(x) <-> -ZEX(x) & (all y -PP(y,x)))).
end_of_list.

% Reading from file cont/p9/cont_c.p9


formulas(sos).
(all x all y (C(x,y) <-> (exists z (Cont(z,x) & Cont(z,y))))).
(all x all y (-ZEX(x) & (all z (C(z,x) -> C(z,y))) & (exists z (C(z,y) & -C(z,x))) -> Cont(x,y))).
end_of_list.

% Reading from file cont/p9/cont_ext.p9


formulas(sos).
(all x all y ((all z (Cont(z,x) <-> Cont(z,y))) -> x = y)).
end_of_list.

% Reading from file codi//defs/p9/ep.p9


formulas(sos).
(all x all y (P(x,y) <-> Cont(x,y) & EqDim(x,y))).
end_of_list.

% Reading from file codi//defs/p9/epp.p9


formulas(sos).
(all x all y (PP(x,y) <-> P(x,y) & x != y)).
end_of_list.

% Reading from file cont/p9/cont_basic.p9


formulas(sos).
(all x (-ZEX(x) <-> Cont(x,x))).
(all x all y (Cont(x,y) & Cont(y,x) -> x = y)).
(all x all y all z (Cont(x,y) & Cont(y,z) -> Cont(x,z))).
(all x all y (ZEX(x) -> -Cont(y,x) & -Cont(x,y))).
end_of_list.

% Reading from file codi//defs/p9/ep.p9


formulas(sos).
(all x all y (P(x,y) <-> Cont(x,y) & EqDim(x,y))).
end_of_list.

% From the command line: assign(max_seconds, 600).

% From the command line: assign(max_seconds_per, 60).
    % assign(domain_size, 2) -> assign(start_size, 2).
    % assign(domain_size, 2) -> assign(end_size, 2).

% From the command line: assign(domain_size, 2).

% From the command line: assign(end_size, 20).

============================== end of input ==========================

============================== PROCESS NON-CLAUSAL FORMULAS ==========

% Formulas that are not ordinary clauses:
1 (exists x (Con(x) & Min(x))) # label(non_clause).  [assumption].
2 (exists x (Con(x) & -ZEX(x) & -Min(x))) # label(non_clause).  [assumption].
3 (exists x (-Con(x) & -Min(x))) # label(non_clause).  [assumption].
4 (all x (Con(x) <-> (all y (PP(y,x) -> SC(y,difference(x,y)))))) # label(non_clause).  [assumption].
5 (all x all y (-ZEX(difference(x,y)) -> EqDim(x,difference(x,y)))) # label(non_clause).  [assumption].
6 (all x all y (y < x -> x = difference(x,y))) # label(non_clause).  [assumption].
7 (all x all y all z (x <= y & Cont(z,x) & intersection(z,y) < z -> Cont(z,difference(x,y)))) # label(non_clause).  [assumption].
8 (all x all y all z (x <= y & Cont(z,difference(x,y)) -> Cont(z,x))) # label(non_clause).  [assumption].
9 (all x all y all z (x <= y & P(z,difference(x,y)) -> intersection(z,y) < z)) # label(non_clause).  [assumption].
10 (all x all y (ZEX(difference(x,y)) <-> ZEX(x) | Cont(x,y))) # label(non_clause).  [assumption].
11 (all x all y (PP(x,y) <-> P(x,y) & x != y)) # label(non_clause).  [assumption].
12 (all x all y (-C(x,y) -> ZEX(intersection(x,y)))) # label(non_clause).  [assumption].
13 (all x all y (-ZEX(intersection(x,y)) -> Cont(intersection(x,y),x))) # label(non_clause).  [assumption].
14 (all x all y all z (Cont(z,x) & Cont(z,y) -> z <= intersection(x,y))) # label(non_clause).  [assumption].
15 (all x all y all z (Cont(z,x) & Cont(z,y) & EqDim(z,intersection(x,y)) <-> P(z,intersection(x,y)))) # label(non_clause).  [assumption].
16 (all x all y (P(x,y) <-> Cont(x,y) & EqDim(x,y))) # label(non_clause).  [assumption].
17 (all x all y (Cont(x,y) -> x <= y)) # label(non_clause).  [assumption].
18 (exists x ZEX(x)) # label(non_clause).  [assumption].
19 (all x -(x < x)) # label(non_clause).  [assumption].
20 (all x all y (x < y -> -(y < x))) # label(non_clause).  [assumption].
21 (all x all y all z (x < y & y <= z -> x < z)) # label(non_clause).  [assumption].
22 (all x all y (ZEX(x) & ZEX(y) -> x = y)) # label(non_clause).  [assumption].
23 (all x all y (ZEX(x) & -ZEX(y) -> x < y)) # label(non_clause).  [assumption].
24 (exists x MinDim(x)) # label(non_clause).  [assumption].
25 (all x all y (EqDim(x,y) <-> -(x < y) & -(y < x))) # label(non_clause).  [assumption].
26 (all x all y (x <= y <-> x < y | EqDim(x,y))) # label(non_clause).  [assumption].
27 (all x (MaxDim(x) <-> (all y y <= x))) # label(non_clause).  [assumption].
28 (all x (MinDim(x) <-> -ZEX(x) & (all y (y < x -> ZEX(y))))) # label(non_clause).  [assumption].
29 (all x all y (Covers(x,y) <-> y < x & (all z -(y < z & z < x)))) # label(non_clause).  [assumption].
30 (all x all y (P(x,y) <-> Cont(x,y) & EqDim(x,y))) # label(non_clause).  [assumption].
31 (all x all y (PP(x,y) <-> P(x,y) & x != y)) # label(non_clause).  [assumption].
32 (all x all y (PO(x,y) <-> (exists z (P(z,x) & P(z,y))))) # label(non_clause).  [assumption].
33 (all x all y (Inc(x,y) <-> (exists z (z < x & Cont(z,x) & P(z,y))) | (exists z (z < y & Cont(z,y) & P(z,x))))) # label(non_clause).  [assumption].
34 (all x all y (SC(x,y) <-> (exists z (Cont(z,x) & Cont(z,y))) & (all z (Cont(z,x) & Cont(z,y) -> z < x & z < y)))) # label(non_clause).  [assumption].
35 (all x (Max(x) <-> -ZEX(x) & (all y -PP(x,y)))) # label(non_clause).  [assumption].
36 (all x (Min(x) <-> -ZEX(x) & (all y -PP(y,x)))) # label(non_clause).  [assumption].
37 (all x all y (C(x,y) <-> (exists z (Cont(z,x) & Cont(z,y))))) # label(non_clause).  [assumption].
39 (all x all y ((all z (Cont(z,x) <-> Cont(z,y))) -> x = y)) # label(non_clause).  [assumption].
40 (all x all y (P(x,y) <-> Cont(x,y) & EqDim(x,y))) # label(non_clause).  [assumption].
41 (all x all y (PP(x,y) <-> P(x,y) & x != y)) # label(non_clause).  [assumption].
42 (all x (-ZEX(x) <-> Cont(x,x))) # label(non_clause).  [assumption].
43 (all x all y (Cont(x,y) & Cont(y,x) -> x = y)) # label(non_clause).  [assumption].
44 (all x all y all z (Cont(x,y) & Cont(y,z) -> Cont(x,z))) # label(non_clause).  [assumption].
45 (all x all y (ZEX(x) -> -Cont(y,x) & -Cont(x,y))) # label(non_clause).  [assumption].
46 (all x all y (P(x,y) <-> Cont(x,y) & EqDim(x,y))) # label(non_clause).  [assumption].

============================== end of process non-clausal formulas ===

============================== CLAUSES FOR SEARCH ====================

formulas(mace4_clauses).
Con(c1).
Min(c1).
Con(c2).
-ZEX(c2).
-Min(c2).
-Con(c3).
-Min(c3).
-Con(x) | -PP(y,x) | SC(y,difference(x,y)).
Con(x) | PP(f1(x),x).
Con(x) | -SC(f1(x),difference(x,f1(x))).
ZEX(difference(x,y)) | EqDim(x,difference(x,y)).
-(x < y) | difference(y,x) = y.
-(x <= y) | -Cont(z,x) | -(intersection(z,y) < z) | Cont(z,difference(x,y)).
-(x <= y) | -Cont(z,difference(x,y)) | Cont(z,x).
-(x <= y) | -P(z,difference(x,y)) | intersection(z,y) < z.
-ZEX(difference(x,y)) | ZEX(x) | Cont(x,y).
ZEX(difference(x,y)) | -ZEX(x).
ZEX(difference(x,y)) | -Cont(x,y).
-PP(x,y) | P(x,y).
-PP(x,y) | y != x.
PP(x,y) | -P(x,y) | y = x.
C(x,y) | ZEX(intersection(x,y)).
ZEX(intersection(x,y)) | Cont(intersection(x,y),x).
-Cont(x,y) | -Cont(x,z) | x <= intersection(y,z).
-Cont(x,y) | -Cont(x,z) | -EqDim(x,intersection(y,z)) | P(x,intersection(y,z)).
Cont(x,y) | -P(x,intersection(y,z)).
Cont(x,y) | -P(x,intersection(z,y)).
EqDim(x,intersection(y,z)) | -P(x,intersection(y,z)).
-P(x,y) | Cont(x,y).
-P(x,y) | EqDim(x,y).
P(x,y) | -Cont(x,y) | -EqDim(x,y).
-Cont(x,y) | x <= y.
ZEX(c4).
-(x < x).
-(x < y) | -(y < x).
-(x < y) | -(y <= z) | x < z.
-ZEX(x) | -ZEX(y) | y = x.
-ZEX(x) | ZEX(y) | x < y.
MinDim(c5).
-EqDim(x,y) | -(x < y).
-EqDim(x,y) | -(y < x).
EqDim(x,y) | x < y | y < x.
-(x <= y) | x < y | EqDim(x,y).
x <= y | -(x < y).
x <= y | -EqDim(x,y).
-MaxDim(x) | y <= x.
MaxDim(x) | -(f2(x) <= x).
-MinDim(x) | -ZEX(x).
-MinDim(x) | -(y < x) | ZEX(y).
MinDim(x) | ZEX(x) | f3(x) < x.
MinDim(x) | ZEX(x) | -ZEX(f3(x)).
-Covers(x,y) | y < x.
-Covers(x,y) | -(y < z) | -(z < x).
Covers(x,y) | -(y < x) | y < f4(x,y).
Covers(x,y) | -(y < x) | f4(x,y) < x.
-P(x,y) | Cont(x,y).
-P(x,y) | EqDim(x,y).
P(x,y) | -Cont(x,y) | -EqDim(x,y).
-PP(x,y) | P(x,y).
-PP(x,y) | y != x.
PP(x,y) | -P(x,y) | y = x.
-PO(x,y) | P(f5(x,y),x).
-PO(x,y) | P(f5(x,y),y).
PO(x,y) | -P(z,x) | -P(z,y).
-Inc(x,y) | f6(x,y) < x | f7(x,y) < y.
-Inc(x,y) | f6(x,y) < x | Cont(f7(x,y),y).
-Inc(x,y) | f6(x,y) < x | P(f7(x,y),x).
-Inc(x,y) | Cont(f6(x,y),x) | f7(x,y) < y.
-Inc(x,y) | Cont(f6(x,y),x) | Cont(f7(x,y),y).
-Inc(x,y) | Cont(f6(x,y),x) | P(f7(x,y),x).
-Inc(x,y) | P(f6(x,y),y) | f7(x,y) < y.
-Inc(x,y) | P(f6(x,y),y) | Cont(f7(x,y),y).
-Inc(x,y) | P(f6(x,y),y) | P(f7(x,y),x).
Inc(x,y) | -(z < x) | -Cont(z,x) | -P(z,y).
Inc(x,y) | -(z < y) | -Cont(z,y) | -P(z,x).
-SC(x,y) | Cont(f8(x,y),x).
-SC(x,y) | Cont(f8(x,y),y).
-SC(x,y) | -Cont(z,x) | -Cont(z,y) | z < x.
-SC(x,y) | -Cont(z,x) | -Cont(z,y) | z < y.
SC(x,y) | -Cont(z,x) | -Cont(z,y) | Cont(f9(x,y),x).
SC(x,y) | -Cont(z,x) | -Cont(z,y) | Cont(f9(x,y),y).
SC(x,y) | -Cont(z,x) | -Cont(z,y) | -(f9(x,y) < x) | -(f9(x,y) < y).
-Max(x) | -ZEX(x).
-Max(x) | -PP(x,y).
Max(x) | ZEX(x) | PP(x,f10(x)).
-Min(x) | -ZEX(x).
-Min(x) | -PP(y,x).
Min(x) | ZEX(x) | PP(f11(x),x).
-C(x,y) | Cont(f12(x,y),x).
-C(x,y) | Cont(f12(x,y),y).
C(x,y) | -Cont(z,x) | -Cont(z,y).
ZEX(x) | C(f13(x,y),x) | -C(z,y) | C(z,x) | Cont(x,y).
ZEX(x) | -C(f13(x,y),y) | -C(z,y) | C(z,x) | Cont(x,y).
Cont(f14(x,y),x) | Cont(f14(x,y),y) | y = x.
-Cont(f14(x,y),x) | -Cont(f14(x,y),y) | y = x.
-P(x,y) | Cont(x,y).
-P(x,y) | EqDim(x,y).
P(x,y) | -Cont(x,y) | -EqDim(x,y).
-PP(x,y) | P(x,y).
-PP(x,y) | y != x.
PP(x,y) | -P(x,y) | y = x.
ZEX(x) | Cont(x,x).
-ZEX(x) | -Cont(x,x).
-Cont(x,y) | -Cont(y,x) | y = x.
-Cont(x,y) | -Cont(y,z) | Cont(x,z).
-ZEX(x) | -Cont(y,x).
-ZEX(x) | -Cont(x,y).
-P(x,y) | Cont(x,y).
-P(x,y) | EqDim(x,y).
P(x,y) | -Cont(x,y) | -EqDim(x,y).
end_of_list.

============================== end of clauses for search =============

% There are no natural numbers in the input.

============================== DOMAIN SIZE 2 =========================

============================== STATISTICS ============================

For domain size 2.

Current CPU time: 0.00 seconds (total CPU time: 0.01 seconds).
Ground clauses: seen=475, kept=399.
Selections=1, assignments=1, propagations=16, current_models=0.
Rewrite_terms=5, rewrite_bools=45, indexes=4.
Rules_from_neg_clauses=2, cross_offs=2.

============================== end of statistics =====================

============================== DOMAIN SIZE 3 =========================

============================== STATISTICS ============================

For domain size 3.

Current CPU time: 0.00 seconds (total CPU time: 0.01 seconds).
Ground clauses: seen=1236, kept=1095.
Selections=2, assignments=3, propagations=67, current_models=0.
Rewrite_terms=80, rewrite_bools=597, indexes=25.
Rules_from_neg_clauses=9, cross_offs=22.

============================== end of statistics =====================

============================== DOMAIN SIZE 4 =========================

============================== STATISTICS ============================

For domain size 4.

Current CPU time: 0.00 seconds (total CPU time: 0.02 seconds).
Ground clauses: seen=2525, kept=2301.
Selections=5, assignments=14, propagations=215, current_models=0.
Rewrite_terms=742, rewrite_bools=3566, indexes=141.
Rules_from_neg_clauses=32, cross_offs=153.

============================== end of statistics =====================

============================== DOMAIN SIZE 5 =========================

============================== STATISTICS ============================

For domain size 5.

Current CPU time: 0.00 seconds (total CPU time: 0.02 seconds).
Ground clauses: seen=4474, kept=4149.
Selections=9, assignments=35, propagations=718, current_models=0.
Rewrite_terms=3046, rewrite_bools=12084, indexes=399.
Rules_from_neg_clauses=133, cross_offs=809.

============================== end of statistics =====================

============================== DOMAIN SIZE 6 =========================

============================== STATISTICS ============================

For domain size 6.

Current CPU time: 0.00 seconds (total CPU time: 0.50 seconds).
Ground clauses: seen=7215, kept=6771.
Selections=6633, assignments=39779, propagations=218541, current_models=0.
Rewrite_terms=926647, rewrite_bools=2354860, indexes=120862.
Rules_from_neg_clauses=39054, cross_offs=303445.

============================== end of statistics =====================

============================== DOMAIN SIZE 7 =========================

============================== MODEL =================================

interpretation( 7, [number=1, seconds=3], [

        function(c1, [ 0 ]),

        function(c2, [ 1 ]),

        function(c3, [ 2 ]),

        function(c4, [ 3 ]),

        function(c5, [ 2 ]),

        function(f1(_), [ 0, 0, 5, 0, 0, 0, 0 ]),

        function(f2(_), [ 0, 0, 0, 0, 0, 0, 0 ]),

        function(f3(_), [ 2, 2, 0, 0, 2, 0, 0 ]),

        function(f10(_), [ 1, 0, 0, 0, 1, 2, 2 ]),

        function(f11(_), [ 0, 0, 5, 0, 0, 0, 0 ]),

        function(difference(_,_), [
			   3, 3, 0, 0, 0, 0, 0,
			   4, 3, 1, 1, 0, 1, 1,
			   3, 3, 3, 2, 3, 6, 5,
			   3, 3, 3, 3, 3, 3, 3,
			   4, 3, 4, 4, 3, 4, 4,
			   3, 3, 3, 5, 3, 3, 5,
			   3, 3, 3, 6, 3, 6, 3 ]),

        function(intersection(_,_), [
			   0, 0, 2, 3, 2, 5, 6,
			   0, 1, 2, 3, 4, 5, 6,
			   2, 2, 2, 3, 2, 5, 6,
			   3, 3, 3, 3, 3, 3, 3,
			   2, 4, 2, 3, 4, 5, 6,
			   5, 5, 5, 3, 5, 5, 3,
			   6, 6, 6, 3, 6, 3, 6 ]),

        function(f4(_,_), [
			   0, 0, 0, 2, 0, 0, 0,
			   0, 0, 0, 2, 0, 0, 0,
			   0, 0, 0, 0, 0, 0, 0,
			   0, 0, 0, 0, 0, 0, 0,
			   0, 0, 0, 2, 0, 0, 0,
			   0, 0, 0, 0, 0, 0, 0,
			   0, 0, 0, 0, 0, 0, 0 ]),

        function(f5(_,_), [
			   0, 0, 0, 0, 0, 0, 0,
			   0, 0, 0, 0, 4, 0, 0,
			   0, 0, 2, 0, 0, 5, 6,
			   0, 0, 0, 0, 0, 0, 0,
			   0, 4, 0, 0, 4, 0, 0,
			   0, 0, 5, 0, 0, 5, 0,
			   0, 0, 6, 0, 0, 0, 6 ]),

        function(f6(_,_), [
			   0, 0, 2, 0, 0, 5, 6,
			   0, 0, 2, 0, 0, 5, 6,
			   0, 0, 0, 0, 0, 0, 0,
			   0, 0, 0, 0, 0, 0, 0,
			   0, 0, 2, 0, 0, 5, 6,
			   0, 0, 0, 0, 0, 0, 0,
			   0, 0, 0, 0, 0, 0, 0 ]),

        function(f7(_,_), [
			   0, 0, 0, 0, 0, 0, 0,
			   0, 0, 0, 0, 0, 0, 0,
			   2, 2, 0, 0, 2, 0, 0,
			   0, 0, 0, 0, 0, 0, 0,
			   0, 0, 0, 0, 0, 0, 0,
			   5, 5, 0, 0, 5, 0, 0,
			   6, 6, 0, 0, 6, 0, 0 ]),

        function(f8(_,_), [
			   0, 0, 0, 0, 2, 0, 0,
			   0, 0, 0, 0, 0, 0, 0,
			   0, 0, 0, 0, 0, 0, 0,
			   0, 0, 0, 0, 0, 0, 0,
			   2, 0, 0, 0, 0, 0, 0,
			   0, 0, 0, 0, 0, 0, 0,
			   0, 0, 0, 0, 0, 0, 0 ]),

        function(f9(_,_), [
			   0, 0, 2, 0, 0, 5, 6,
			   0, 0, 2, 0, 4, 5, 6,
			   2, 2, 2, 0, 2, 5, 6,
			   0, 0, 0, 0, 0, 0, 0,
			   0, 4, 2, 0, 4, 5, 6,
			   5, 5, 5, 0, 5, 5, 0,
			   6, 6, 6, 0, 6, 0, 6 ]),

        function(f12(_,_), [
			   0, 0, 2, 0, 2, 5, 6,
			   0, 0, 2, 0, 2, 5, 6,
			   2, 2, 2, 0, 2, 5, 6,
			   0, 0, 0, 0, 0, 0, 0,
			   2, 2, 2, 0, 2, 5, 6,
			   5, 5, 5, 0, 5, 5, 0,
			   6, 6, 6, 0, 6, 0, 6 ]),

        function(f13(_,_), [
			   0, 0, 0, 0, 0, 0, 0,
			   0, 0, 0, 0, 0, 0, 0,
			   0, 0, 0, 0, 0, 0, 0,
			   0, 0, 0, 0, 0, 0, 0,
			   0, 0, 0, 0, 0, 0, 0,
			   0, 0, 0, 0, 0, 0, 5,
			   0, 0, 0, 0, 0, 6, 0 ]),

        function(f14(_,_), [
			   0, 1, 0, 0, 0, 0, 0,
			   1, 0, 0, 0, 0, 0, 0,
			   0, 0, 0, 2, 4, 2, 2,
			   0, 0, 2, 0, 2, 5, 6,
			   0, 0, 4, 2, 0, 2, 2,
			   0, 0, 2, 5, 2, 0, 5,
			   0, 0, 2, 6, 2, 5, 0 ]),

        relation(Con(_), [ 1, 1, 0, 1, 1, 1, 1 ]),

        relation(Max(_), [ 0, 1, 1, 0, 0, 0, 0 ]),

        relation(MaxDim(_), [ 1, 1, 0, 0, 1, 0, 0 ]),

        relation(Min(_), [ 1, 0, 0, 0, 1, 1, 1 ]),

        relation(MinDim(_), [ 0, 0, 1, 0, 0, 1, 1 ]),

        relation(ZEX(_), [ 0, 0, 0, 1, 0, 0, 0 ]),

        relation(<(_,_), [
			   0, 0, 0, 0, 0, 0, 0,
			   0, 0, 0, 0, 0, 0, 0,
			   1, 1, 0, 0, 1, 0, 0,
			   1, 1, 1, 0, 1, 1, 1,
			   0, 0, 0, 0, 0, 0, 0,
			   1, 1, 0, 0, 1, 0, 0,
			   1, 1, 0, 0, 1, 0, 0 ]),

        relation(<=(_,_), [
			   1, 1, 0, 0, 1, 0, 0,
			   1, 1, 0, 0, 1, 0, 0,
			   1, 1, 1, 0, 1, 1, 1,
			   1, 1, 1, 1, 1, 1, 1,
			   1, 1, 0, 0, 1, 0, 0,
			   1, 1, 1, 0, 1, 1, 1,
			   1, 1, 1, 0, 1, 1, 1 ]),

        relation(C(_,_), [
			   1, 1, 1, 0, 1, 1, 1,
			   1, 1, 1, 0, 1, 1, 1,
			   1, 1, 1, 0, 1, 1, 1,
			   0, 0, 0, 0, 0, 0, 0,
			   1, 1, 1, 0, 1, 1, 1,
			   1, 1, 1, 0, 1, 1, 0,
			   1, 1, 1, 0, 1, 0, 1 ]),

        relation(Cont(_,_), [
			   1, 1, 0, 0, 0, 0, 0,
			   0, 1, 0, 0, 0, 0, 0,
			   1, 1, 1, 0, 1, 0, 0,
			   0, 0, 0, 0, 0, 0, 0,
			   0, 1, 0, 0, 1, 0, 0,
			   1, 1, 1, 0, 1, 1, 0,
			   1, 1, 1, 0, 1, 0, 1 ]),

        relation(Covers(_,_), [
			   0, 0, 1, 0, 0, 1, 1,
			   0, 0, 1, 0, 0, 1, 1,
			   0, 0, 0, 1, 0, 0, 0,
			   0, 0, 0, 0, 0, 0, 0,
			   0, 0, 1, 0, 0, 1, 1,
			   0, 0, 0, 1, 0, 0, 0,
			   0, 0, 0, 1, 0, 0, 0 ]),

        relation(EqDim(_,_), [
			   1, 1, 0, 0, 1, 0, 0,
			   1, 1, 0, 0, 1, 0, 0,
			   0, 0, 1, 0, 0, 1, 1,
			   0, 0, 0, 1, 0, 0, 0,
			   1, 1, 0, 0, 1, 0, 0,
			   0, 0, 1, 0, 0, 1, 1,
			   0, 0, 1, 0, 0, 1, 1 ]),

        relation(Inc(_,_), [
			   0, 0, 1, 0, 0, 1, 1,
			   0, 0, 1, 0, 0, 1, 1,
			   1, 1, 0, 0, 1, 0, 0,
			   0, 0, 0, 0, 0, 0, 0,
			   0, 0, 1, 0, 0, 1, 1,
			   1, 1, 0, 0, 1, 0, 0,
			   1, 1, 0, 0, 1, 0, 0 ]),

        relation(P(_,_), [
			   1, 1, 0, 0, 0, 0, 0,
			   0, 1, 0, 0, 0, 0, 0,
			   0, 0, 1, 0, 0, 0, 0,
			   0, 0, 0, 0, 0, 0, 0,
			   0, 1, 0, 0, 1, 0, 0,
			   0, 0, 1, 0, 0, 1, 0,
			   0, 0, 1, 0, 0, 0, 1 ]),

        relation(PO(_,_), [
			   1, 1, 0, 0, 0, 0, 0,
			   1, 1, 0, 0, 1, 0, 0,
			   0, 0, 1, 0, 0, 1, 1,
			   0, 0, 0, 0, 0, 0, 0,
			   0, 1, 0, 0, 1, 0, 0,
			   0, 0, 1, 0, 0, 1, 0,
			   0, 0, 1, 0, 0, 0, 1 ]),

        relation(PP(_,_), [
			   0, 1, 0, 0, 0, 0, 0,
			   0, 0, 0, 0, 0, 0, 0,
			   0, 0, 0, 0, 0, 0, 0,
			   0, 0, 0, 0, 0, 0, 0,
			   0, 1, 0, 0, 0, 0, 0,
			   0, 0, 1, 0, 0, 0, 0,
			   0, 0, 1, 0, 0, 0, 0 ]),

        relation(SC(_,_), [
			   0, 0, 0, 0, 1, 0, 0,
			   0, 0, 0, 0, 0, 0, 0,
			   0, 0, 0, 0, 0, 0, 0,
			   0, 0, 0, 0, 0, 0, 0,
			   1, 0, 0, 0, 0, 0, 0,
			   0, 0, 0, 0, 0, 0, 0,
			   0, 0, 0, 0, 0, 0, 0 ])
]).

============================== end of model ==========================

============================== STATISTICS ============================

For domain size 7.

Current CPU time: 0.00 seconds (total CPU time: 3.03 seconds).
Ground clauses: seen=10880, kept=10299.
Selections=140099, assignments=978261, propagations=320076, current_models=1.
Rewrite_terms=7869062, rewrite_bools=4923781, indexes=713170.
Rules_from_neg_clauses=10445, cross_offs=71961.

============================== end of statistics =====================

User_CPU=3.03, System_CPU=0.03, Wall_clock=3.

Exiting with 1 model.

Process 21052 exit (max_models) Mon Apr  9 16:38:36 2012
The process finished Mon Apr  9 16:38:36 2012
