Hi Geoff, go and have some cold beer while I am trying to solve this very hard problem!
% remaining time: 30000 next slice time: 3
dis-4_5_bd=off:bs=off:ep=RST:fde=none:lcm=predicate:nwc=2.0:nicw=on:ptb=off:ssec=off:ss=included:st=5.0:sio=off:spl=backtracking:updr=off_1 on unknown
Refutation found. Thanks to Tanya!
% SZS status Theorem for unknown
% SZS output start Proof for unknown
fof(f1929,plain,(
  $false),
  inference(subsumption_resolution,[],[f1928,f119])).
fof(f119,plain,(
  sc(sK0,sK1)),
  inference(cnf_transformation,[],[f92])).
fof(f92,plain,(
  sc(sK0,sK1) & ! [X2] : (~less(X2,sK0) | ~less(X2,sK1) | ~cont(X2,sK0) | ~cont(X2,sK1))),
  inference(skolemisation,[status(esa)],[f65])).
fof(f65,plain,(
  ? [X0,X1] : (sc(X0,X1) & ! [X2] : (~less(X2,X0) | ~less(X2,X1) | ~cont(X2,X0) | ~cont(X2,X1)))),
  inference(ennf_transformation,[],[f25])).
fof(f25,plain,(
  ~! [X0,X1] : (sc(X0,X1) => ? [X2] : (less(X2,X0) & less(X2,X1) & cont(X2,X0) & cont(X2,X1)))),
  inference(flattening,[],[f1])).
fof(f1,negated_conjecture,(
  ~! [X0] : ! [X1] : (sc(X0,X1) => ? [X2] : (less(X2,X0) & less(X2,X1) & cont(X2,X0) & cont(X2,X1)))),
  file(unknown,unknown)).
fof(f1928,plain,(
  ~sc(sK0,sK1)),
  inference(subsumption_resolution,[],[f1925,f1798])).
fof(f1798,plain,(
  ~less(sK5(sK1,sK0),sK1)),
  inference(subsumption_resolution,[],[f1797,f119])).
fof(f1797,plain,(
  ~less(sK5(sK1,sK0),sK1) | ~sc(sK0,sK1)),
  inference(subsumption_resolution,[],[f803,f1700])).
fof(f1700,plain,(
  less(sK5(sK1,sK0),sK0)),
  inference(backtracking_split_refutation,[],[f733,f749_D,f1698])).
fof(f1698,plain,(
  $false | $spl15),
  inference(subsumption_resolution,[],[f1697,f119])).
fof(f1697,plain,(
  ~sc(sK0,sK1) | $spl15),
  inference(subsumption_resolution,[],[f1694,f749])).
fof(f1694,plain,(
  less(sK5(sK1,sK0),sK0) | ~sc(sK0,sK1)),
  inference(duplicate_literal_removal,[],[f1692])).
fof(f1692,plain,(
  less(sK5(sK1,sK0),sK0) | ~sc(sK0,sK1) | ~sc(sK0,sK1)),
  inference(resolution,[],[f404,f726])).
fof(f726,plain,(
  cont(sK5(sK1,sK0),sK1)),
  inference(backtracking_split_refutation,[],[f694,f708_D,f724])).
fof(f724,plain,(
  $false | $spl12),
  inference(subsumption_resolution,[],[f722,f119])).
fof(f722,plain,(
  ~sc(sK0,sK1) | $spl12),
  inference(resolution,[],[f708,f157])).
fof(f157,plain,(
  ( ! [X0,X1] : (cont(sK5(X1,X0),X1) | ~sc(X0,X1)) )),
  inference(cnf_transformation,[],[f113])).
fof(f113,plain,(
  ! [X0,X1] : ((~sc(X0,X1) | ((cont(sK5(X1,X0),X0) & cont(sK5(X1,X0),X1)) & ! [X3] : (~cont(X3,X0) | ~cont(X3,X1) | (less(X3,X0) & less(X3,X1))))) & (! [X4] : (~cont(X4,X0) | ~cont(X4,X1)) | (cont(sK6(X1,X0),X0) & cont(sK6(X1,X0),X1) & (~less(sK6(X1,X0),X0) | ~less(sK6(X1,X0),X1))) | sc(X0,X1)))),
  inference(skolemisation,[status(esa)],[f112])).
fof(f112,plain,(
  ! [X0,X1] : ((~sc(X0,X1) | (? [X2] : (cont(X2,X0) & cont(X2,X1)) & ! [X3] : (~cont(X3,X0) | ~cont(X3,X1) | (less(X3,X0) & less(X3,X1))))) & (! [X4] : (~cont(X4,X0) | ~cont(X4,X1)) | ? [X5] : (cont(X5,X0) & cont(X5,X1) & (~less(X5,X0) | ~less(X5,X1))) | sc(X0,X1)))),
  inference(rectify,[],[f111])).
fof(f111,plain,(
  ! [X0,X1] : ((~sc(X0,X1) | (? [X2] : (cont(X2,X0) & cont(X2,X1)) & ! [X3] : (~cont(X3,X0) | ~cont(X3,X1) | (less(X3,X0) & less(X3,X1))))) & (! [X2] : (~cont(X2,X0) | ~cont(X2,X1)) | ? [X3] : (cont(X3,X0) & cont(X3,X1) & (~less(X3,X0) | ~less(X3,X1))) | sc(X0,X1)))),
  inference(flattening,[],[f110])).
fof(f110,plain,(
  ! [X0,X1] : ((~sc(X0,X1) | (? [X2] : (cont(X2,X0) & cont(X2,X1)) & ! [X3] : (~cont(X3,X0) | ~cont(X3,X1) | (less(X3,X0) & less(X3,X1))))) & ((! [X2] : (~cont(X2,X0) | ~cont(X2,X1)) | ? [X3] : (cont(X3,X0) & cont(X3,X1) & (~less(X3,X0) | ~less(X3,X1)))) | sc(X0,X1)))),
  inference(nnf_transformation,[],[f86])).
fof(f86,plain,(
  ! [X0,X1] : (sc(X0,X1) <=> (? [X2] : (cont(X2,X0) & cont(X2,X1)) & ! [X3] : (~cont(X3,X0) | ~cont(X3,X1) | (less(X3,X0) & less(X3,X1)))))),
  inference(flattening,[],[f85])).
fof(f85,plain,(
  ! [X0,X1] : (sc(X0,X1) <=> (? [X2] : (cont(X2,X0) & cont(X2,X1)) & ! [X3] : ((~cont(X3,X0) | ~cont(X3,X1)) | (less(X3,X0) & less(X3,X1)))))),
  inference(ennf_transformation,[],[f55])).
fof(f55,plain,(
  ! [X0,X1] : (sc(X0,X1) <=> (? [X2] : (cont(X2,X0) & cont(X2,X1)) & ! [X3] : ((cont(X3,X0) & cont(X3,X1)) => (less(X3,X0) & less(X3,X1)))))),
  inference(flattening,[],[f54])).
fof(f54,plain,(
  ! [X0] : ! [X1] : (sc(X0,X1) <=> (? [X2] : (cont(X2,X0) & cont(X2,X1)) & ! [X3] : ((cont(X3,X0) & cont(X3,X1)) => (less(X3,X0) & less(X3,X1)))))),
  inference(rectify,[],[f24])).
fof(f24,axiom,(
  ! [X44] : ! [X45] : (sc(X44,X45) <=> (? [X46] : (cont(X46,X44) & cont(X46,X45)) & ! [X46] : ((cont(X46,X44) & cont(X46,X45)) => (less(X46,X44) & less(X46,X45)))))),
  file(unknown,unknown)).
fof(f708,plain,(
  ~cont(sK5(sK1,sK0),sK1) | $spl12),
  inference(cnf_transformation,[],[f708_D])).
fof(f708_D,plain,(
  ~cont(sK5(sK1,sK0),sK1) <=> ~$spl12),
  introduced(backtracking_splitting_component,[])).
fof(f694,plain,(
  ~cont(sK0,sK4(sK5(sK1,sK0),sK1)) | ~cont(sK5(sK1,sK0),sK1) | $spl11),
  inference(resolution,[],[f612,f412])).
fof(f412,plain,(
  cont(sK5(sK1,sK0),sK5(sK1,sK0))),
  inference(backtracking_split_refutation,[],[f353,f355_D,f411])).
fof(f411,plain,(
  $false | $spl9),
  inference(subsumption_resolution,[],[f355,f390])).
fof(f390,plain,(
  s(sK5(sK1,sK0))),
  inference(backtracking_split_refutation,[],[f352,f354_D,f387])).
fof(f387,plain,(
  $false | $spl8),
  inference(subsumption_resolution,[],[f384,f119])).
fof(f384,plain,(
  ~sc(sK0,sK1) | $spl8),
  inference(resolution,[],[f381,f156])).
fof(f156,plain,(
  ( ! [X0,X1] : (cont(sK5(X1,X0),X0) | ~sc(X0,X1)) )),
  inference(cnf_transformation,[],[f113])).
fof(f381,plain,(
  ( ! [X1] : (~cont(sK5(sK1,sK0),X1)) ) | $spl8),
  inference(subsumption_resolution,[],[f379,f363])).
fof(f363,plain,(
  ( ! [X4] : (~less(sK5(sK1,sK0),X4)) ) | $spl8),
  inference(resolution,[],[f356,f166])).
fof(f166,plain,(
  ( ! [X0,X1] : (leq(X0,X1) | ~less(X0,X1)) )),
  inference(cnf_transformation,[],[f117])).
fof(f117,plain,(
  ! [X0,X1] : ((~less(X0,X1) | (leq(X0,X1) & ~eqdim(X0,X1))) & (~leq(X0,X1) | eqdim(X0,X1) | less(X0,X1)))),
  inference(flattening,[],[f116])).
fof(f116,plain,(
  ! [X0,X1] : ((~less(X0,X1) | (leq(X0,X1) & ~eqdim(X0,X1))) & ((~leq(X0,X1) | eqdim(X0,X1)) | less(X0,X1)))),
  inference(nnf_transformation,[],[f87])).
fof(f87,plain,(
  ! [X0,X1] : (less(X0,X1) <=> (leq(X0,X1) & ~eqdim(X0,X1)))),
  inference(ennf_transformation,[],[f59])).
fof(f59,plain,(
  ! [X0,X1] : (less(X0,X1) <=> (leq(X0,X1) & ~eqdim(X0,X1)))),
  inference(flattening,[],[f58])).
fof(f58,plain,(
  ! [X0] : ! [X1] : (less(X0,X1) <=> (leq(X0,X1) & ~eqdim(X0,X1)))),
  inference(rectify,[],[f22])).
fof(f22,axiom,(
  ! [X40] : ! [X41] : (less(X40,X41) <=> (leq(X40,X41) & ~eqdim(X40,X41)))),
  file(unknown,unknown)).
fof(f356,plain,(
  ( ! [X0] : (~leq(sK5(sK1,sK0),X0)) ) | $spl8),
  inference(resolution,[],[f354,f141])).
fof(f141,plain,(
  ( ! [X0,X1] : (s(X0) | ~leq(X0,X1)) )),
  inference(cnf_transformation,[],[f76])).
fof(f76,plain,(
  ! [X0,X1] : (~leq(X0,X1) | s(X0))),
  inference(ennf_transformation,[],[f37])).
fof(f37,plain,(
  ! [X0,X1] : (leq(X0,X1) => s(X0))),
  inference(flattening,[],[f36])).
fof(f36,plain,(
  ! [X0] : ! [X1] : (leq(X0,X1) => s(X0))),
  inference(rectify,[],[f13])).
fof(f13,axiom,(
  ! [X23] : ! [X24] : (leq(X23,X24) => s(X23))),
  file(unknown,unknown)).
fof(f379,plain,(
  ( ! [X1] : (less(sK5(sK1,sK0),X1) | ~cont(sK5(sK1,sK0),X1)) ) | $spl8),
  inference(resolution,[],[f365,f139])).
fof(f139,plain,(
  ( ! [X0,X1] : (eqdim(X0,X1) | less(X0,X1) | ~cont(X0,X1)) )),
  inference(cnf_transformation,[],[f74])).
fof(f74,plain,(
  ! [X0,X1] : (~cont(X0,X1) | less(X0,X1) | eqdim(X0,X1))),
  inference(flattening,[],[f73])).
fof(f73,plain,(
  ! [X0,X1] : (~cont(X0,X1) | (less(X0,X1) | eqdim(X0,X1)))),
  inference(ennf_transformation,[],[f33])).
fof(f33,plain,(
  ! [X0,X1] : (cont(X0,X1) => (less(X0,X1) | eqdim(X0,X1)))),
  inference(flattening,[],[f32])).
fof(f32,plain,(
  ! [X0] : ! [X1] : (cont(X0,X1) => (less(X0,X1) | eqdim(X0,X1)))),
  inference(rectify,[],[f2])).
fof(f2,axiom,(
  ! [X3] : ! [X4] : (cont(X3,X4) => (less(X3,X4) | eqdim(X3,X4)))),
  file(unknown,unknown)).
fof(f365,plain,(
  ( ! [X6] : (~eqdim(sK5(sK1,sK0),X6)) ) | $spl8),
  inference(resolution,[],[f356,f163])).
fof(f163,plain,(
  ( ! [X0,X1] : (leq(X0,X1) | ~eqdim(X0,X1)) )),
  inference(cnf_transformation,[],[f115])).
fof(f115,plain,(
  ! [X0,X1] : ((~eqdim(X0,X1) | (leq(X0,X1) & leq(X1,X0))) & (~leq(X0,X1) | ~leq(X1,X0) | eqdim(X0,X1)))),
  inference(flattening,[],[f114])).
fof(f114,plain,(
  ! [X0,X1] : ((~eqdim(X0,X1) | (leq(X0,X1) & leq(X1,X0))) & ((~leq(X0,X1) | ~leq(X1,X0)) | eqdim(X0,X1)))),
  inference(nnf_transformation,[],[f57])).
fof(f57,plain,(
  ! [X0,X1] : (eqdim(X0,X1) <=> (leq(X0,X1) & leq(X1,X0)))),
  inference(flattening,[],[f56])).
fof(f56,plain,(
  ! [X0] : ! [X1] : (eqdim(X0,X1) <=> (leq(X0,X1) & leq(X1,X0)))),
  inference(rectify,[],[f23])).
fof(f23,axiom,(
  ! [X42] : ! [X43] : (eqdim(X42,X43) <=> (leq(X42,X43) & leq(X43,X42)))),
  file(unknown,unknown)).
fof(f354,plain,(
  ~s(sK5(sK1,sK0)) | $spl8),
  inference(cnf_transformation,[],[f354_D])).
fof(f354_D,plain,(
  ~s(sK5(sK1,sK0)) <=> ~$spl8),
  introduced(backtracking_splitting_component,[])).
fof(f352,plain,(
  ( ! [X0] : (~less(sK5(sK1,sK0),X0) | ~s(sK5(sK1,sK0)) | ~mindim(X0)) )),
  inference(resolution,[],[f351,f129])).
fof(f129,plain,(
  ( ! [X0,X1] : (zex(X1) | ~less(X1,X0) | ~s(X1) | ~mindim(X0)) )),
  inference(cnf_transformation,[],[f100])).
fof(f100,plain,(
  ! [X0] : ((~mindim(X0) | (s(X0) & ~zex(X0) & ! [X1] : (~s(X1) | ~less(X1,X0) | zex(X1)))) & (~s(X0) | zex(X0) | (s(sK3(X0)) & less(sK3(X0),X0) & ~zex(sK3(X0))) | mindim(X0)))),
  inference(skolemisation,[status(esa)],[f99])).
fof(f99,plain,(
  ! [X0] : ((~mindim(X0) | (s(X0) & ~zex(X0) & ! [X1] : (~s(X1) | ~less(X1,X0) | zex(X1)))) & (~s(X0) | zex(X0) | ? [X2] : (s(X2) & less(X2,X0) & ~zex(X2)) | mindim(X0)))),
  inference(rectify,[],[f98])).
fof(f98,plain,(
  ! [X0] : ((~mindim(X0) | (s(X0) & ~zex(X0) & ! [X1] : (~s(X1) | ~less(X1,X0) | zex(X1)))) & (~s(X0) | zex(X0) | ? [X1] : (s(X1) & less(X1,X0) & ~zex(X1)) | mindim(X0)))),
  inference(flattening,[],[f97])).
fof(f97,plain,(
  ! [X0] : ((~mindim(X0) | (s(X0) & ~zex(X0) & ! [X1] : (~s(X1) | ~less(X1,X0) | zex(X1)))) & ((~s(X0) | zex(X0) | ? [X1] : (s(X1) & less(X1,X0) & ~zex(X1))) | mindim(X0)))),
  inference(nnf_transformation,[],[f70])).
fof(f70,plain,(
  ! [X0] : (mindim(X0) <=> (s(X0) & ~zex(X0) & ! [X1] : (~s(X1) | ~less(X1,X0) | zex(X1))))),
  inference(flattening,[],[f69])).
fof(f69,plain,(
  ! [X0] : (mindim(X0) <=> (s(X0) & ~zex(X0) & ! [X1] : ((~s(X1) | ~less(X1,X0)) | zex(X1))))),
  inference(ennf_transformation,[],[f28])).
fof(f28,plain,(
  ! [X0] : (mindim(X0) <=> (s(X0) & ~zex(X0) & ! [X1] : ((s(X1) & less(X1,X0)) => zex(X1))))),
  inference(rectify,[],[f9])).
fof(f9,axiom,(
  ! [X15] : (mindim(X15) <=> (s(X15) & ~zex(X15) & ! [X16] : ((s(X16) & less(X16,X15)) => zex(X16))))),
  file(unknown,unknown)).
fof(f351,plain,(
  ~zex(sK5(sK1,sK0))),
  inference(resolution,[],[f196,f119])).
fof(f196,plain,(
  ( ! [X0,X1] : (~sc(X0,X1) | ~zex(sK5(X1,X0))) )),
  inference(resolution,[],[f156,f138])).
fof(f138,plain,(
  ( ! [X0,X1] : (~cont(X0,X1) | ~zex(X0)) )),
  inference(cnf_transformation,[],[f72])).
fof(f72,plain,(
  ! [X0,X1] : (~zex(X0) | (s(X0) & ~cont(X1,X0) & ~cont(X0,X1)))),
  inference(ennf_transformation,[],[f31])).
fof(f31,plain,(
  ! [X0,X1] : (zex(X0) => (s(X0) & ~cont(X1,X0) & ~cont(X0,X1)))),
  inference(flattening,[],[f30])).
fof(f30,plain,(
  ! [X0] : ! [X1] : (zex(X0) => (s(X0) & ~cont(X1,X0) & ~cont(X0,X1)))),
  inference(rectify,[],[f6])).
fof(f6,axiom,(
  ! [X11] : ! [X12] : (zex(X11) => (s(X11) & ~cont(X12,X11) & ~cont(X11,X12)))),
  file(unknown,unknown)).
fof(f355,plain,(
  ~s(sK5(sK1,sK0)) | $spl9),
  inference(cnf_transformation,[],[f355_D])).
fof(f355_D,plain,(
  ~s(sK5(sK1,sK0)) <=> ~$spl9),
  introduced(backtracking_splitting_component,[])).
fof(f353,plain,(
  cont(sK5(sK1,sK0),sK5(sK1,sK0)) | ~s(sK5(sK1,sK0))),
  inference(resolution,[],[f351,f133])).
fof(f133,plain,(
  ( ! [X0] : (zex(X0) | cont(X0,X0) | ~s(X0)) )),
  inference(cnf_transformation,[],[f102])).
fof(f102,plain,(
  ! [X0] : ((~s(X0) | zex(X0) | cont(X0,X0)) & (~cont(X0,X0) | (s(X0) & ~zex(X0))))),
  inference(flattening,[],[f101])).
fof(f101,plain,(
  ! [X0] : (((~s(X0) | zex(X0)) | cont(X0,X0)) & (~cont(X0,X0) | (s(X0) & ~zex(X0))))),
  inference(nnf_transformation,[],[f71])).
fof(f71,plain,(
  ! [X0] : ((s(X0) & ~zex(X0)) <=> cont(X0,X0))),
  inference(ennf_transformation,[],[f29])).
fof(f29,plain,(
  ! [X0] : ((s(X0) & ~zex(X0)) <=> cont(X0,X0))),
  inference(rectify,[],[f3])).
fof(f3,axiom,(
  ! [X5] : ((s(X5) & ~zex(X5)) <=> cont(X5,X5))),
  file(unknown,unknown)).
fof(f612,plain,(
  ( ! [X0,X1] : (~cont(sK0,sK4(X0,sK1)) | ~cont(X1,X0) | ~cont(X1,sK1)) ) | $spl11),
  inference(resolution,[],[f604,f155])).
fof(f155,plain,(
  ( ! [X0,X3,X1] : (c(X0,X1) | ~cont(X3,X1) | ~cont(X3,X0)) )),
  inference(cnf_transformation,[],[f109])).
fof(f109,plain,(
  ! [X0,X1] : ((~c(X0,X1) | (cont(sK4(X1,X0),X0) & cont(sK4(X1,X0),X1))) & (! [X3] : (~cont(X3,X0) | ~cont(X3,X1)) | c(X0,X1)))),
  inference(skolemisation,[status(esa)],[f108])).
fof(f108,plain,(
  ! [X0,X1] : ((~c(X0,X1) | ? [X2] : (cont(X2,X0) & cont(X2,X1))) & (! [X3] : (~cont(X3,X0) | ~cont(X3,X1)) | c(X0,X1)))),
  inference(rectify,[],[f107])).
fof(f107,plain,(
  ! [X0,X1] : ((~c(X0,X1) | ? [X2] : (cont(X2,X0) & cont(X2,X1))) & (! [X2] : (~cont(X2,X0) | ~cont(X2,X1)) | c(X0,X1)))),
  inference(nnf_transformation,[],[f53])).
fof(f53,plain,(
  ! [X0,X1] : (c(X0,X1) <=> ? [X2] : (cont(X2,X0) & cont(X2,X1)))),
  inference(flattening,[],[f52])).
fof(f52,plain,(
  ! [X0] : ! [X1] : (c(X0,X1) <=> ? [X2] : (cont(X2,X0) & cont(X2,X1)))),
  inference(rectify,[],[f10])).
fof(f10,axiom,(
  ! [X17] : ! [X18] : (c(X17,X18) <=> ? [X19] : (cont(X19,X17) & cont(X19,X18)))),
  file(unknown,unknown)).
fof(f604,plain,(
  ( ! [X2] : (~c(sK1,X2) | ~cont(sK0,sK4(X2,sK1))) ) | $spl11),
  inference(resolution,[],[f601,f153])).
fof(f153,plain,(
  ( ! [X0,X1] : (cont(sK4(X1,X0),X0) | ~c(X0,X1)) )),
  inference(cnf_transformation,[],[f109])).
fof(f601,plain,(
  ( ! [X0] : (~cont(X0,sK1) | ~cont(sK0,X0)) ) | $spl11),
  inference(resolution,[],[f600,f169])).
fof(f169,plain,(
  ( ! [X2,X0,X1] : (cont(X0,X2) | ~cont(X1,X2) | ~cont(X0,X1)) )),
  inference(cnf_transformation,[],[f89])).
fof(f89,plain,(
  ! [X0,X1,X2] : (~cont(X0,X1) | ~cont(X1,X2) | cont(X0,X2))),
  inference(flattening,[],[f88])).
fof(f88,plain,(
  ! [X0,X1,X2] : ((~cont(X0,X1) | ~cont(X1,X2)) | cont(X0,X2))),
  inference(ennf_transformation,[],[f61])).
fof(f61,plain,(
  ! [X0,X1,X2] : ((cont(X0,X1) & cont(X1,X2)) => cont(X0,X2))),
  inference(flattening,[],[f60])).
fof(f60,plain,(
  ! [X0] : ! [X1] : ! [X2] : ((cont(X0,X1) & cont(X1,X2)) => cont(X0,X2))),
  inference(rectify,[],[f5])).
fof(f5,axiom,(
  ! [X8] : ! [X9] : ! [X10] : ((cont(X8,X9) & cont(X9,X10)) => cont(X8,X10))),
  file(unknown,unknown)).
fof(f600,plain,(
  ~cont(sK0,sK1) | $spl11),
  inference(cnf_transformation,[],[f600_D])).
fof(f600_D,plain,(
  ~cont(sK0,sK1) <=> ~$spl11),
  introduced(backtracking_splitting_component,[])).
fof(f404,plain,(
  ( ! [X14,X12,X13] : (~cont(sK5(X12,X13),X14) | less(sK5(X12,X13),X13) | ~sc(X13,X14) | ~sc(X13,X12)) )),
  inference(resolution,[],[f158,f156])).
fof(f158,plain,(
  ( ! [X0,X3,X1] : (~cont(X3,X1) | ~cont(X3,X0) | less(X3,X0) | ~sc(X0,X1)) )),
  inference(cnf_transformation,[],[f113])).
fof(f749,plain,(
  ~less(sK5(sK1,sK0),sK0) | $spl15),
  inference(cnf_transformation,[],[f749_D])).
fof(f749_D,plain,(
  ~less(sK5(sK1,sK0),sK0) <=> ~$spl15),
  introduced(backtracking_splitting_component,[])).
fof(f733,plain,(
  ~cont(sK5(sK1,sK0),sK0) | ~less(sK5(sK1,sK0),sK1) | ~less(sK5(sK1,sK0),sK0)),
  inference(resolution,[],[f726,f120])).
fof(f120,plain,(
  ( ! [X2] : (~cont(X2,sK1) | ~cont(X2,sK0) | ~less(X2,sK1) | ~less(X2,sK0)) )),
  inference(cnf_transformation,[],[f92])).
fof(f803,plain,(
  ~less(sK5(sK1,sK0),sK0) | ~less(sK5(sK1,sK0),sK1) | ~sc(sK0,sK1)),
  inference(duplicate_literal_removal,[],[f801])).
fof(f801,plain,(
  ~sc(sK0,sK1) | ~less(sK5(sK1,sK0),sK1) | ~less(sK5(sK1,sK0),sK0) | ~sc(sK0,sK1)),
  inference(resolution,[],[f220,f156])).
fof(f220,plain,(
  ( ! [X4] : (~cont(sK5(sK1,X4),sK0) | ~sc(X4,sK1) | ~less(sK5(sK1,X4),sK1) | ~less(sK5(sK1,X4),sK0)) )),
  inference(resolution,[],[f157,f120])).
fof(f1925,plain,(
  less(sK5(sK1,sK0),sK1) | ~sc(sK0,sK1)),
  inference(duplicate_literal_removal,[],[f1923])).
fof(f1923,plain,(
  less(sK5(sK1,sK0),sK1) | ~sc(sK0,sK1) | ~sc(sK0,sK1)),
  inference(resolution,[],[f431,f726])).
fof(f431,plain,(
  ( ! [X14,X12,X13] : (~cont(sK5(X12,X13),X14) | less(sK5(X12,X13),X14) | ~sc(X13,X14) | ~sc(X13,X12)) )),
  inference(resolution,[],[f159,f156])).
fof(f159,plain,(
  ( ! [X0,X3,X1] : (~cont(X3,X1) | ~cont(X3,X0) | less(X3,X1) | ~sc(X0,X1)) )),
  inference(cnf_transformation,[],[f113])).
% SZS output end Proof for unknown
------------------------------
Version: Vampire 0.6 (revision 903)
Termination reason: Refutation

Active clauses: 353
Passive clauses: 1040
Generated clauses: 1827
Final active clauses: 237
Final passive clauses: 517
Input formulas: 24
Initial clauses: 56

Selected by SInE selection: 24
SInE iterations: 1

Duplicate literals: 41
Fw subsumption resolutions: 195

Simple tautologies: 29
Forward subsumptions: 495

Binary resolution: 1357
Factoring: 35

Backtracking splits: 61
Backtracking splits refuted: 34
Backtracking splits refuted at zero level: 23

Memory used: 511KB
Time elapsed: 0.025 s
------------------------------
% Success in time 0.045 s
============================= vampire_lin32 ================================
execution finished: Tue Oct 08 20:43:29 2013
total CPU time used: 0
The command was "vampire_lin32 --mode casc --proof tptp -t 3000"
Input read from  /stl/torsten/git/macleod/qs/multidim_space_codi/theorems/conversions/sc_theorems_goal7.all.tptp
============================ end of footer ===========================
