Hi Geoff, go and have some cold beer while I am trying to solve this very hard problem!
% remaining time: 30000 next slice time: 3
dis-4_5_bd=off:bs=off:ep=RST:fde=none:lcm=predicate:nwc=2.0:nicw=on:ptb=off:ssec=off:ss=included:st=5.0:sio=off:spl=backtracking:updr=off_1 on unknown
Refutation found. Thanks to Tanya!
% SZS status Theorem for unknown
% SZS output start Proof for unknown
fof(f3998,plain,(
  $false),
  inference(subsumption_resolution,[],[f3997,f119])).
fof(f119,plain,(
  sc(sK0,sK0)),
  inference(cnf_transformation,[],[f92])).
fof(f92,plain,(
  sc(sK0,sK0)),
  inference(skolemisation,[status(esa)],[f65])).
fof(f65,plain,(
  ? [X0] : sc(X0,X0)),
  inference(ennf_transformation,[],[f1])).
fof(f1,negated_conjecture,(
  ~! [X0] : ~sc(X0,X0)),
  file(unknown,unknown)).
fof(f3997,plain,(
  ~sc(sK0,sK0)),
  inference(subsumption_resolution,[],[f3973,f248])).
fof(f248,plain,(
  cont(sK0,sK0)),
  inference(backtracking_split_refutation,[],[f198,f199_D,f247])).
fof(f247,plain,(
  $false | $spl1),
  inference(resolution,[],[f245,f119])).
fof(f245,plain,(
  ( ! [X2] : (~sc(sK0,X2)) ) | $spl1),
  inference(resolution,[],[f241,f155])).
fof(f155,plain,(
  ( ! [X0,X1] : (cont(sK4(X1,X0),X0) | ~sc(X0,X1)) )),
  inference(cnf_transformation,[],[f113])).
fof(f113,plain,(
  ! [X0,X1] : ((~sc(X0,X1) | ((cont(sK4(X1,X0),X0) & cont(sK4(X1,X0),X1)) & ! [X3] : (~cont(X3,X0) | ~cont(X3,X1) | (less(X3,X0) & less(X3,X1))))) & (! [X4] : (~cont(X4,X0) | ~cont(X4,X1)) | (cont(sK5(X1,X0),X0) & cont(sK5(X1,X0),X1) & (~less(sK5(X1,X0),X0) | ~less(sK5(X1,X0),X1))) | sc(X0,X1)))),
  inference(skolemisation,[status(esa)],[f112])).
fof(f112,plain,(
  ! [X0,X1] : ((~sc(X0,X1) | (? [X2] : (cont(X2,X0) & cont(X2,X1)) & ! [X3] : (~cont(X3,X0) | ~cont(X3,X1) | (less(X3,X0) & less(X3,X1))))) & (! [X4] : (~cont(X4,X0) | ~cont(X4,X1)) | ? [X5] : (cont(X5,X0) & cont(X5,X1) & (~less(X5,X0) | ~less(X5,X1))) | sc(X0,X1)))),
  inference(rectify,[],[f111])).
fof(f111,plain,(
  ! [X0,X1] : ((~sc(X0,X1) | (? [X2] : (cont(X2,X0) & cont(X2,X1)) & ! [X3] : (~cont(X3,X0) | ~cont(X3,X1) | (less(X3,X0) & less(X3,X1))))) & (! [X2] : (~cont(X2,X0) | ~cont(X2,X1)) | ? [X3] : (cont(X3,X0) & cont(X3,X1) & (~less(X3,X0) | ~less(X3,X1))) | sc(X0,X1)))),
  inference(flattening,[],[f110])).
fof(f110,plain,(
  ! [X0,X1] : ((~sc(X0,X1) | (? [X2] : (cont(X2,X0) & cont(X2,X1)) & ! [X3] : (~cont(X3,X0) | ~cont(X3,X1) | (less(X3,X0) & less(X3,X1))))) & ((! [X2] : (~cont(X2,X0) | ~cont(X2,X1)) | ? [X3] : (cont(X3,X0) & cont(X3,X1) & (~less(X3,X0) | ~less(X3,X1)))) | sc(X0,X1)))),
  inference(nnf_transformation,[],[f86])).
fof(f86,plain,(
  ! [X0,X1] : (sc(X0,X1) <=> (? [X2] : (cont(X2,X0) & cont(X2,X1)) & ! [X3] : (~cont(X3,X0) | ~cont(X3,X1) | (less(X3,X0) & less(X3,X1)))))),
  inference(flattening,[],[f85])).
fof(f85,plain,(
  ! [X0,X1] : (sc(X0,X1) <=> (? [X2] : (cont(X2,X0) & cont(X2,X1)) & ! [X3] : ((~cont(X3,X0) | ~cont(X3,X1)) | (less(X3,X0) & less(X3,X1)))))),
  inference(ennf_transformation,[],[f55])).
fof(f55,plain,(
  ! [X0,X1] : (sc(X0,X1) <=> (? [X2] : (cont(X2,X0) & cont(X2,X1)) & ! [X3] : ((cont(X3,X0) & cont(X3,X1)) => (less(X3,X0) & less(X3,X1)))))),
  inference(flattening,[],[f54])).
fof(f54,plain,(
  ! [X0] : ! [X1] : (sc(X0,X1) <=> (? [X2] : (cont(X2,X0) & cont(X2,X1)) & ! [X3] : ((cont(X3,X0) & cont(X3,X1)) => (less(X3,X0) & less(X3,X1)))))),
  inference(rectify,[],[f24])).
fof(f24,axiom,(
  ! [X43] : ! [X44] : (sc(X43,X44) <=> (? [X45] : (cont(X45,X43) & cont(X45,X44)) & ! [X45] : ((cont(X45,X43) & cont(X45,X44)) => (less(X45,X43) & less(X45,X44)))))),
  file(unknown,unknown)).
fof(f241,plain,(
  ( ! [X2] : (~cont(X2,sK0)) ) | $spl1),
  inference(subsumption_resolution,[],[f239,f212])).
fof(f212,plain,(
  ( ! [X2] : (~less(X2,sK0)) ) | $spl1),
  inference(resolution,[],[f201,f165])).
fof(f165,plain,(
  ( ! [X0,X1] : (leq(X0,X1) | ~less(X0,X1)) )),
  inference(cnf_transformation,[],[f117])).
fof(f117,plain,(
  ! [X0,X1] : ((~less(X0,X1) | (leq(X0,X1) & ~eqdim(X0,X1))) & (~leq(X0,X1) | eqdim(X0,X1) | less(X0,X1)))),
  inference(flattening,[],[f116])).
fof(f116,plain,(
  ! [X0,X1] : ((~less(X0,X1) | (leq(X0,X1) & ~eqdim(X0,X1))) & ((~leq(X0,X1) | eqdim(X0,X1)) | less(X0,X1)))),
  inference(nnf_transformation,[],[f87])).
fof(f87,plain,(
  ! [X0,X1] : (less(X0,X1) <=> (leq(X0,X1) & ~eqdim(X0,X1)))),
  inference(ennf_transformation,[],[f59])).
fof(f59,plain,(
  ! [X0,X1] : (less(X0,X1) <=> (leq(X0,X1) & ~eqdim(X0,X1)))),
  inference(flattening,[],[f58])).
fof(f58,plain,(
  ! [X0] : ! [X1] : (less(X0,X1) <=> (leq(X0,X1) & ~eqdim(X0,X1)))),
  inference(rectify,[],[f22])).
fof(f22,axiom,(
  ! [X39] : ! [X40] : (less(X39,X40) <=> (leq(X39,X40) & ~eqdim(X39,X40)))),
  file(unknown,unknown)).
fof(f201,plain,(
  ( ! [X1] : (~leq(X1,sK0)) ) | $spl1),
  inference(resolution,[],[f199,f139])).
fof(f139,plain,(
  ( ! [X0,X1] : (s(X1) | ~leq(X0,X1)) )),
  inference(cnf_transformation,[],[f75])).
fof(f75,plain,(
  ! [X0,X1] : (~leq(X0,X1) | s(X1))),
  inference(ennf_transformation,[],[f35])).
fof(f35,plain,(
  ! [X0,X1] : (leq(X0,X1) => s(X1))),
  inference(flattening,[],[f34])).
fof(f34,plain,(
  ! [X0] : ! [X1] : (leq(X0,X1) => s(X1))),
  inference(rectify,[],[f14])).
fof(f14,axiom,(
  ! [X24] : ! [X25] : (leq(X24,X25) => s(X25))),
  file(unknown,unknown)).
fof(f239,plain,(
  ( ! [X2] : (less(X2,sK0) | ~cont(X2,sK0)) ) | $spl1),
  inference(resolution,[],[f138,f207])).
fof(f207,plain,(
  ( ! [X3] : (~eqdim(X3,sK0)) ) | $spl1),
  inference(resolution,[],[f200,f163])).
fof(f163,plain,(
  ( ! [X0,X1] : (leq(X1,X0) | ~eqdim(X0,X1)) )),
  inference(cnf_transformation,[],[f115])).
fof(f115,plain,(
  ! [X0,X1] : ((~eqdim(X0,X1) | (leq(X0,X1) & leq(X1,X0))) & (~leq(X0,X1) | ~leq(X1,X0) | eqdim(X0,X1)))),
  inference(flattening,[],[f114])).
fof(f114,plain,(
  ! [X0,X1] : ((~eqdim(X0,X1) | (leq(X0,X1) & leq(X1,X0))) & ((~leq(X0,X1) | ~leq(X1,X0)) | eqdim(X0,X1)))),
  inference(nnf_transformation,[],[f57])).
fof(f57,plain,(
  ! [X0,X1] : (eqdim(X0,X1) <=> (leq(X0,X1) & leq(X1,X0)))),
  inference(flattening,[],[f56])).
fof(f56,plain,(
  ! [X0] : ! [X1] : (eqdim(X0,X1) <=> (leq(X0,X1) & leq(X1,X0)))),
  inference(rectify,[],[f23])).
fof(f23,axiom,(
  ! [X41] : ! [X42] : (eqdim(X41,X42) <=> (leq(X41,X42) & leq(X42,X41)))),
  file(unknown,unknown)).
fof(f200,plain,(
  ( ! [X0] : (~leq(sK0,X0)) ) | $spl1),
  inference(resolution,[],[f199,f140])).
fof(f140,plain,(
  ( ! [X0,X1] : (s(X0) | ~leq(X0,X1)) )),
  inference(cnf_transformation,[],[f76])).
fof(f76,plain,(
  ! [X0,X1] : (~leq(X0,X1) | s(X0))),
  inference(ennf_transformation,[],[f37])).
fof(f37,plain,(
  ! [X0,X1] : (leq(X0,X1) => s(X0))),
  inference(flattening,[],[f36])).
fof(f36,plain,(
  ! [X0] : ! [X1] : (leq(X0,X1) => s(X0))),
  inference(rectify,[],[f13])).
fof(f13,axiom,(
  ! [X22] : ! [X23] : (leq(X22,X23) => s(X22))),
  file(unknown,unknown)).
fof(f138,plain,(
  ( ! [X0,X1] : (eqdim(X0,X1) | less(X0,X1) | ~cont(X0,X1)) )),
  inference(cnf_transformation,[],[f74])).
fof(f74,plain,(
  ! [X0,X1] : (~cont(X0,X1) | less(X0,X1) | eqdim(X0,X1))),
  inference(flattening,[],[f73])).
fof(f73,plain,(
  ! [X0,X1] : (~cont(X0,X1) | (less(X0,X1) | eqdim(X0,X1)))),
  inference(ennf_transformation,[],[f33])).
fof(f33,plain,(
  ! [X0,X1] : (cont(X0,X1) => (less(X0,X1) | eqdim(X0,X1)))),
  inference(flattening,[],[f32])).
fof(f32,plain,(
  ! [X0] : ! [X1] : (cont(X0,X1) => (less(X0,X1) | eqdim(X0,X1)))),
  inference(rectify,[],[f2])).
fof(f2,axiom,(
  ! [X1] : ! [X2] : (cont(X1,X2) => (less(X1,X2) | eqdim(X1,X2)))),
  file(unknown,unknown)).
fof(f199,plain,(
  ~s(sK0) | $spl1),
  inference(cnf_transformation,[],[f199_D])).
fof(f199_D,plain,(
  ~s(sK0) <=> ~$spl1),
  introduced(backtracking_splitting_component,[])).
fof(f198,plain,(
  cont(sK0,sK0) | ~s(sK0)),
  inference(resolution,[],[f197,f132])).
fof(f132,plain,(
  ( ! [X0] : (zex(X0) | cont(X0,X0) | ~s(X0)) )),
  inference(cnf_transformation,[],[f102])).
fof(f102,plain,(
  ! [X0] : ((~s(X0) | zex(X0) | cont(X0,X0)) & (~cont(X0,X0) | (s(X0) & ~zex(X0))))),
  inference(flattening,[],[f101])).
fof(f101,plain,(
  ! [X0] : (((~s(X0) | zex(X0)) | cont(X0,X0)) & (~cont(X0,X0) | (s(X0) & ~zex(X0))))),
  inference(nnf_transformation,[],[f71])).
fof(f71,plain,(
  ! [X0] : ((s(X0) & ~zex(X0)) <=> cont(X0,X0))),
  inference(ennf_transformation,[],[f29])).
fof(f29,plain,(
  ! [X0] : ((s(X0) & ~zex(X0)) <=> cont(X0,X0))),
  inference(rectify,[],[f3])).
fof(f3,axiom,(
  ! [X3] : ((s(X3) & ~zex(X3)) <=> cont(X3,X3))),
  file(unknown,unknown)).
fof(f197,plain,(
  ~zex(sK0)),
  inference(resolution,[],[f194,f119])).
fof(f194,plain,(
  ( ! [X2,X3] : (~sc(X2,X3) | ~zex(X2)) )),
  inference(resolution,[],[f155,f136])).
fof(f136,plain,(
  ( ! [X0,X1] : (~cont(X1,X0) | ~zex(X0)) )),
  inference(cnf_transformation,[],[f72])).
fof(f72,plain,(
  ! [X0,X1] : (~zex(X0) | (s(X0) & ~cont(X1,X0) & ~cont(X0,X1)))),
  inference(ennf_transformation,[],[f31])).
fof(f31,plain,(
  ! [X0,X1] : (zex(X0) => (s(X0) & ~cont(X1,X0) & ~cont(X0,X1)))),
  inference(flattening,[],[f30])).
fof(f30,plain,(
  ! [X0] : ! [X1] : (zex(X0) => (s(X0) & ~cont(X1,X0) & ~cont(X0,X1)))),
  inference(rectify,[],[f6])).
fof(f6,axiom,(
  ! [X9] : ! [X0] : (zex(X9) => (s(X9) & ~cont(X0,X9) & ~cont(X9,X0)))),
  file(unknown,unknown)).
fof(f3973,plain,(
  ~cont(sK0,sK0) | ~sc(sK0,sK0)),
  inference(resolution,[],[f416,f248])).
fof(f416,plain,(
  ( ! [X0,X1] : (~cont(X0,X1) | ~cont(X0,X0) | ~sc(X0,X1)) )),
  inference(resolution,[],[f157,f323])).
fof(f323,plain,(
  ( ! [X3] : (~less(X3,X3)) )),
  inference(subsumption_resolution,[],[f320,f166])).
fof(f166,plain,(
  ( ! [X0,X1] : (~eqdim(X0,X1) | ~less(X0,X1)) )),
  inference(cnf_transformation,[],[f117])).
fof(f320,plain,(
  ( ! [X3] : (eqdim(X3,X3) | ~less(X3,X3)) )),
  inference(resolution,[],[f285,f165])).
fof(f285,plain,(
  ( ! [X0] : (~leq(X0,X0) | eqdim(X0,X0)) )),
  inference(factoring,[],[f164])).
fof(f164,plain,(
  ( ! [X0,X1] : (~leq(X1,X0) | ~leq(X0,X1) | eqdim(X0,X1)) )),
  inference(cnf_transformation,[],[f115])).
fof(f157,plain,(
  ( ! [X0,X3,X1] : (less(X3,X0) | ~cont(X3,X1) | ~cont(X3,X0) | ~sc(X0,X1)) )),
  inference(cnf_transformation,[],[f113])).
% SZS output end Proof for unknown
------------------------------
Version: Vampire 0.6 (revision 903)
Termination reason: Refutation

Active clauses: 579
Passive clauses: 1922
Generated clauses: 3895
Final active clauses: 435
Final passive clauses: 981
Input formulas: 24
Initial clauses: 55

Selected by SInE selection: 24
SInE iterations: 1

Duplicate literals: 107
Fw subsumption resolutions: 236

Simple tautologies: 73
Forward subsumptions: 1520

Binary resolution: 3170
Factoring: 109

Backtracking splits: 133
Backtracking splits refuted: 43
Backtracking splits refuted at zero level: 10

Memory used: 767KB
Time elapsed: 0.045 s
------------------------------
% Success in time 0.065 s
============================= vampire_lin32 ================================
execution finished: Tue Oct 08 20:43:20 2013
total CPU time used: 0
The command was "vampire_lin32 --mode casc --proof tptp -t 3000"
Input read from  /stl/torsten/git/macleod/qs/multidim_space_codi/theorems/conversions/sc_theorems_goal5.all.tptp
============================ end of footer ===========================
