============================== Prover9 ===============================
Prover9 (64) version 2009-11A, November 2009.
Process 2817 was started by torsten on stl-ws2,
Tue Oct  8 20:43:19 2013
The command was "prover9 -t600 -f /stl/torsten/git/macleod/qs/multidim_space_codi/conversions/codi_basic.p9 /stl/torsten/git/macleod/qs/multidim_space_codi/theorems/conversions/sc_theorems_goal5.p9 /stl/torsten/git/macleod/qs/multidim_space_cont/conversions/cont_basic.p9 /stl/torsten/git/macleod/qs/multidim_space_dim/definitions/conversions/min_max_dim.p9 /stl/torsten/git/macleod/qs/multidim_space_codi/definitions/conversions/ep.p9 /stl/torsten/git/macleod/qs/multidim_space_cont/definitions/conversions/c.p9 /stl/torsten/git/macleod/qs/multidim_space_dim/conversions/dim_prime_linear.p9 /stl/torsten/git/macleod/qs/multidim_space_dim/conversions/dim_prime_linear_unbounded.p9 /stl/torsten/git/macleod/qs/multidim_space_dim/definitions/conversions/dim_basic_defs.p9 /stl/torsten/git/macleod/qs/multidim_space_dim/definitions/conversions/eq_dim.p9 /stl/torsten/git/macleod/qs/multidim_space_codi/definitions/conversions/sc.p9".
============================== end of head ===========================

============================== INPUT =================================

% Reading from file /stl/torsten/git/macleod/qs/multidim_space_codi/conversions/codi_basic.p9


formulas(sos).
(all x all y (Cont(x,y) -> x < y | EqDim(x,y))).
end_of_list.

% Reading from file /stl/torsten/git/macleod/qs/multidim_space_codi/theorems/conversions/sc_theorems_goal5.p9


formulas(goals).
(all x -SC(x,x)).
end_of_list.

% Reading from file /stl/torsten/git/macleod/qs/multidim_space_cont/conversions/cont_basic.p9


formulas(sos).
(all x (S(x) & -ZEX(x) <-> Cont(x,x))).
(all x all y (Cont(x,y) & Cont(y,x) -> x = y)).
(all x all y all z (Cont(x,y) & Cont(y,z) -> Cont(x,z))).
(all x all y (ZEX(x) -> S(x) & -Cont(y,x) & -Cont(x,y))).
(all x all y (ZEX(x) & ZEX(y) -> x = y)).
end_of_list.

% Reading from file /stl/torsten/git/macleod/qs/multidim_space_dim/definitions/conversions/min_max_dim.p9


formulas(sos).
(all x (MaxDim(x) <-> S(x) & (all y (S(y) -> y <= x)))).
(all x (MinDim(x) <-> S(x) & -ZEX(x) & (all y (S(y) & y < x -> ZEX(y))))).
end_of_list.

% Reading from file /stl/torsten/git/macleod/qs/multidim_space_codi/definitions/conversions/ep.p9


formulas(sos).
(all x all y (P(x,y) <-> Cont(x,y) & EqDim(x,y))).
end_of_list.

% Reading from file /stl/torsten/git/macleod/qs/multidim_space_cont/definitions/conversions/c.p9


formulas(sos).
(all x all y (C(x,y) <-> (exists z (Cont(z,x) & Cont(z,y))))).
end_of_list.

% Reading from file /stl/torsten/git/macleod/qs/multidim_space_dim/conversions/dim_prime_linear.p9


formulas(sos).
(exists x MinDim(x)).
end_of_list.

% Reading from file /stl/torsten/git/macleod/qs/multidim_space_dim/conversions/dim_prime_linear_unbounded.p9


formulas(sos).
(all x all y (x <= y -> S(x))).
(all x all y (x <= y -> S(y))).
(all x (ZEX(x) -> S(x))).
(all x (S(x) -> x <= x)).
(all x all y all z (x <= y & y <= z -> x <= z)).
(all x all y (ZEX(x) & ZEX(y) -> x = y)).
(all x all y (ZEX(x) & S(y) -> x <= y)).
end_of_list.

% Reading from file /stl/torsten/git/macleod/qs/multidim_space_dim/definitions/conversions/dim_basic_defs.p9


formulas(sos).
(all x all y (x > y <-> y < x)).
(all x all y (x >= y <-> y <= x)).
(all x all y (x < y <-> x <= y & -EqDim(x,y))).
end_of_list.

% Reading from file /stl/torsten/git/macleod/qs/multidim_space_dim/definitions/conversions/eq_dim.p9


formulas(sos).
(all x all y (EqDim(x,y) <-> x <= y & y <= x)).
end_of_list.

% Reading from file /stl/torsten/git/macleod/qs/multidim_space_codi/definitions/conversions/sc.p9


formulas(sos).
(all x all y (SC(x,y) <-> (exists z (Cont(z,x) & Cont(z,y))) & (all z (Cont(z,x) & Cont(z,y) -> z < x & z < y)))).
end_of_list.

============================== end of input ==========================

% From the command line: assign(max_seconds, 600).

============================== PROCESS NON-CLAUSAL FORMULAS ==========

% Formulas that are not ordinary clauses:
1 (all x all y (Cont(x,y) -> x < y | EqDim(x,y))) # label(non_clause).  [assumption].
2 (all x (S(x) & -ZEX(x) <-> Cont(x,x))) # label(non_clause).  [assumption].
3 (all x all y (Cont(x,y) & Cont(y,x) -> x = y)) # label(non_clause).  [assumption].
4 (all x all y all z (Cont(x,y) & Cont(y,z) -> Cont(x,z))) # label(non_clause).  [assumption].
5 (all x all y (ZEX(x) -> S(x) & -Cont(y,x) & -Cont(x,y))) # label(non_clause).  [assumption].
6 (all x all y (ZEX(x) & ZEX(y) -> x = y)) # label(non_clause).  [assumption].
7 (all x (MaxDim(x) <-> S(x) & (all y (S(y) -> y <= x)))) # label(non_clause).  [assumption].
8 (all x (MinDim(x) <-> S(x) & -ZEX(x) & (all y (S(y) & y < x -> ZEX(y))))) # label(non_clause).  [assumption].
9 (all x all y (P(x,y) <-> Cont(x,y) & EqDim(x,y))) # label(non_clause).  [assumption].
10 (all x all y (C(x,y) <-> (exists z (Cont(z,x) & Cont(z,y))))) # label(non_clause).  [assumption].
11 (exists x MinDim(x)) # label(non_clause).  [assumption].
12 (all x all y (x <= y -> S(x))) # label(non_clause).  [assumption].
13 (all x all y (x <= y -> S(y))) # label(non_clause).  [assumption].
14 (all x (ZEX(x) -> S(x))) # label(non_clause).  [assumption].
15 (all x (S(x) -> x <= x)) # label(non_clause).  [assumption].
16 (all x all y all z (x <= y & y <= z -> x <= z)) # label(non_clause).  [assumption].
17 (all x all y (ZEX(x) & ZEX(y) -> x = y)) # label(non_clause).  [assumption].
18 (all x all y (ZEX(x) & S(y) -> x <= y)) # label(non_clause).  [assumption].
19 (all x all y (x > y <-> y < x)) # label(non_clause).  [assumption].
20 (all x all y (x >= y <-> y <= x)) # label(non_clause).  [assumption].
21 (all x all y (x < y <-> x <= y & -EqDim(x,y))) # label(non_clause).  [assumption].
22 (all x all y (EqDim(x,y) <-> x <= y & y <= x)) # label(non_clause).  [assumption].
23 (all x all y (SC(x,y) <-> (exists z (Cont(z,x) & Cont(z,y))) & (all z (Cont(z,x) & Cont(z,y) -> z < x & z < y)))) # label(non_clause).  [assumption].
24 (all x -SC(x,x)) # label(non_clause) # label(goal).  [goal].

============================== end of process non-clausal formulas ===

============================== PROCESS INITIAL CLAUSES ===============

% Clauses before input processing:

formulas(usable).
end_of_list.

formulas(sos).
-Cont(x,y) | x < y | EqDim(x,y).  [clausify(1)].
-S(x) | ZEX(x) | Cont(x,x).  [clausify(2)].
S(x) | -Cont(x,x).  [clausify(2)].
-ZEX(x) | -Cont(x,x).  [clausify(2)].
-Cont(x,y) | -Cont(y,x) | y = x.  [clausify(3)].
-Cont(x,y) | -Cont(y,z) | Cont(x,z).  [clausify(4)].
-ZEX(x) | S(x).  [clausify(5)].
-ZEX(x) | -Cont(y,x).  [clausify(5)].
-ZEX(x) | -Cont(x,y).  [clausify(5)].
-ZEX(x) | -ZEX(y) | y = x.  [clausify(6)].
-MaxDim(x) | S(x).  [clausify(7)].
-MaxDim(x) | -S(y) | y <= x.  [clausify(7)].
MaxDim(x) | -S(x) | S(f1(x)).  [clausify(7)].
MaxDim(x) | -S(x) | -(f1(x) <= x).  [clausify(7)].
-MinDim(x) | S(x).  [clausify(8)].
-MinDim(x) | -ZEX(x).  [clausify(8)].
-MinDim(x) | -S(y) | -(y < x) | ZEX(y).  [clausify(8)].
MinDim(x) | -S(x) | ZEX(x) | S(f2(x)).  [clausify(8)].
MinDim(x) | -S(x) | ZEX(x) | f2(x) < x.  [clausify(8)].
MinDim(x) | -S(x) | ZEX(x) | -ZEX(f2(x)).  [clausify(8)].
-P(x,y) | Cont(x,y).  [clausify(9)].
-P(x,y) | EqDim(x,y).  [clausify(9)].
P(x,y) | -Cont(x,y) | -EqDim(x,y).  [clausify(9)].
-C(x,y) | Cont(f3(x,y),x).  [clausify(10)].
-C(x,y) | Cont(f3(x,y),y).  [clausify(10)].
C(x,y) | -Cont(z,x) | -Cont(z,y).  [clausify(10)].
MinDim(c1).  [clausify(11)].
-(x <= y) | S(x).  [clausify(12)].
-(x <= y) | S(y).  [clausify(13)].
-ZEX(x) | S(x).  [clausify(14)].
-S(x) | x <= x.  [clausify(15)].
-(x <= y) | -(y <= z) | x <= z.  [clausify(16)].
-ZEX(x) | -ZEX(y) | y = x.  [clausify(17)].
-ZEX(x) | -S(y) | x <= y.  [clausify(18)].
-(x > y) | y < x.  [clausify(19)].
x > y | -(y < x).  [clausify(19)].
-(x >= y) | y <= x.  [clausify(20)].
x >= y | -(y <= x).  [clausify(20)].
-(x < y) | x <= y.  [clausify(21)].
-(x < y) | -EqDim(x,y).  [clausify(21)].
x < y | -(x <= y) | EqDim(x,y).  [clausify(21)].
-EqDim(x,y) | x <= y.  [clausify(22)].
-EqDim(x,y) | y <= x.  [clausify(22)].
EqDim(x,y) | -(x <= y) | -(y <= x).  [clausify(22)].
-SC(x,y) | Cont(f4(x,y),x).  [clausify(23)].
-SC(x,y) | Cont(f4(x,y),y).  [clausify(23)].
-SC(x,y) | -Cont(z,x) | -Cont(z,y) | z < x.  [clausify(23)].
-SC(x,y) | -Cont(z,x) | -Cont(z,y) | z < y.  [clausify(23)].
SC(x,y) | -Cont(z,x) | -Cont(z,y) | Cont(f5(x,y),x).  [clausify(23)].
SC(x,y) | -Cont(z,x) | -Cont(z,y) | Cont(f5(x,y),y).  [clausify(23)].
SC(x,y) | -Cont(z,x) | -Cont(z,y) | -(f5(x,y) < x) | -(f5(x,y) < y).  [clausify(23)].
SC(c2,c2).  [deny(24)].
end_of_list.

formulas(demodulators).
end_of_list.

============================== PREDICATE ELIMINATION =================

Eliminating EqDim/2
25 P(x,y) | -Cont(x,y) | -EqDim(x,y).  [clausify(9)].
26 -Cont(x,y) | x < y | EqDim(x,y).  [clausify(1)].
27 -P(x,y) | EqDim(x,y).  [clausify(9)].
Derived: P(x,y) | -Cont(x,y) | -Cont(x,y) | x < y.  [resolve(25,c,26,c)].
28 -(x < y) | -EqDim(x,y).  [clausify(21)].
Derived: -(x < y) | -P(x,y).  [resolve(28,b,27,b)].
29 x < y | -(x <= y) | EqDim(x,y).  [clausify(21)].
30 -EqDim(x,y) | x <= y.  [clausify(22)].
Derived: x <= y | -Cont(x,y) | x < y.  [resolve(30,a,26,c)].
Derived: x <= y | -P(x,y).  [resolve(30,a,27,b)].
31 -EqDim(x,y) | y <= x.  [clausify(22)].
Derived: x <= y | -Cont(y,x) | y < x.  [resolve(31,a,26,c)].
Derived: x <= y | -P(y,x).  [resolve(31,a,27,b)].
Derived: x <= y | y < x | -(y <= x).  [resolve(31,a,29,c)].
32 EqDim(x,y) | -(x <= y) | -(y <= x).  [clausify(22)].
Derived: -(x <= y) | -(y <= x) | P(x,y) | -Cont(x,y).  [resolve(32,a,25,c)].
Derived: -(x <= y) | -(y <= x) | -(x < y).  [resolve(32,a,28,b)].

Eliminating MaxDim/1
33 MaxDim(x) | -S(x) | S(f1(x)).  [clausify(7)].
34 -MaxDim(x) | S(x).  [clausify(7)].
35 -MaxDim(x) | -S(y) | y <= x.  [clausify(7)].
Derived: -S(x) | S(f1(x)) | -S(y) | y <= x.  [resolve(33,a,35,a)].
36 MaxDim(x) | -S(x) | -(f1(x) <= x).  [clausify(7)].
Derived: -S(x) | -(f1(x) <= x) | -S(y) | y <= x.  [resolve(36,a,35,a)].

Eliminating MinDim/1
37 MinDim(x) | -S(x) | ZEX(x) | S(f2(x)).  [clausify(8)].
38 -MinDim(x) | S(x).  [clausify(8)].
39 -MinDim(x) | -ZEX(x).  [clausify(8)].
40 -MinDim(x) | -S(y) | -(y < x) | ZEX(y).  [clausify(8)].
Derived: -S(x) | ZEX(x) | S(f2(x)) | -S(y) | -(y < x) | ZEX(y).  [resolve(37,a,40,a)].
41 MinDim(x) | -S(x) | ZEX(x) | f2(x) < x.  [clausify(8)].
Derived: -S(x) | ZEX(x) | f2(x) < x | -S(y) | -(y < x) | ZEX(y).  [resolve(41,a,40,a)].
42 MinDim(x) | -S(x) | ZEX(x) | -ZEX(f2(x)).  [clausify(8)].
Derived: -S(x) | ZEX(x) | -ZEX(f2(x)) | -S(y) | -(y < x) | ZEX(y).  [resolve(42,a,40,a)].
43 MinDim(c1).  [clausify(11)].
Derived: S(c1).  [resolve(43,a,38,a)].
Derived: -ZEX(c1).  [resolve(43,a,39,a)].
Derived: -S(x) | -(x < c1) | ZEX(x).  [resolve(43,a,40,a)].

Eliminating P/2
44 P(x,y) | -Cont(x,y) | -Cont(x,y) | x < y.  [resolve(25,c,26,c)].
45 -P(x,y) | Cont(x,y).  [clausify(9)].
46 -(x < y) | -P(x,y).  [resolve(28,b,27,b)].
47 x <= y | -P(x,y).  [resolve(30,a,27,b)].
Derived: x <= y | -Cont(x,y) | -Cont(x,y) | x < y.  [resolve(47,b,44,a)].
48 x <= y | -P(y,x).  [resolve(31,a,27,b)].
Derived: x <= y | -Cont(y,x) | -Cont(y,x) | y < x.  [resolve(48,b,44,a)].
49 -(x <= y) | -(y <= x) | P(x,y) | -Cont(x,y).  [resolve(32,a,25,c)].

Eliminating C/2
50 C(x,y) | -Cont(z,x) | -Cont(z,y).  [clausify(10)].
51 -C(x,y) | Cont(f3(x,y),x).  [clausify(10)].
52 -C(x,y) | Cont(f3(x,y),y).  [clausify(10)].
Derived: -Cont(x,y) | -Cont(x,z) | Cont(f3(y,z),y).  [resolve(50,a,51,a)].
Derived: -Cont(x,y) | -Cont(x,z) | Cont(f3(y,z),z).  [resolve(50,a,52,a)].

Eliminating >/2
53 x > y | -(y < x).  [clausify(19)].
54 -(x > y) | y < x.  [clausify(19)].

Eliminating >=/2
55 x >= y | -(y <= x).  [clausify(20)].
56 -(x >= y) | y <= x.  [clausify(20)].

Eliminating SC/2
57 SC(x,y) | -Cont(z,x) | -Cont(z,y) | Cont(f5(x,y),x).  [clausify(23)].
58 -SC(x,y) | Cont(f4(x,y),x).  [clausify(23)].
59 -SC(x,y) | Cont(f4(x,y),y).  [clausify(23)].
60 -SC(x,y) | -Cont(z,x) | -Cont(z,y) | z < x.  [clausify(23)].
61 -SC(x,y) | -Cont(z,x) | -Cont(z,y) | z < y.  [clausify(23)].
Derived: -Cont(x,y) | -Cont(x,z) | Cont(f5(y,z),y) | Cont(f4(y,z),y).  [resolve(57,a,58,a)].
Derived: -Cont(x,y) | -Cont(x,z) | Cont(f5(y,z),y) | Cont(f4(y,z),z).  [resolve(57,a,59,a)].
Derived: -Cont(x,y) | -Cont(x,z) | Cont(f5(y,z),y) | -Cont(u,y) | -Cont(u,z) | u < y.  [resolve(57,a,60,a)].
Derived: -Cont(x,y) | -Cont(x,z) | Cont(f5(y,z),y) | -Cont(u,y) | -Cont(u,z) | u < z.  [resolve(57,a,61,a)].
62 SC(x,y) | -Cont(z,x) | -Cont(z,y) | Cont(f5(x,y),y).  [clausify(23)].
Derived: -Cont(x,y) | -Cont(x,z) | Cont(f5(y,z),z) | Cont(f4(y,z),y).  [resolve(62,a,58,a)].
Derived: -Cont(x,y) | -Cont(x,z) | Cont(f5(y,z),z) | Cont(f4(y,z),z).  [resolve(62,a,59,a)].
Derived: -Cont(x,y) | -Cont(x,z) | Cont(f5(y,z),z) | -Cont(u,y) | -Cont(u,z) | u < y.  [resolve(62,a,60,a)].
Derived: -Cont(x,y) | -Cont(x,z) | Cont(f5(y,z),z) | -Cont(u,y) | -Cont(u,z) | u < z.  [resolve(62,a,61,a)].
63 SC(x,y) | -Cont(z,x) | -Cont(z,y) | -(f5(x,y) < x) | -(f5(x,y) < y).  [clausify(23)].
Derived: -Cont(x,y) | -Cont(x,z) | -(f5(y,z) < y) | -(f5(y,z) < z) | Cont(f4(y,z),y).  [resolve(63,a,58,a)].
Derived: -Cont(x,y) | -Cont(x,z) | -(f5(y,z) < y) | -(f5(y,z) < z) | Cont(f4(y,z),z).  [resolve(63,a,59,a)].
Derived: -Cont(x,y) | -Cont(x,z) | -(f5(y,z) < y) | -(f5(y,z) < z) | -Cont(u,y) | -Cont(u,z) | u < y.  [resolve(63,a,60,a)].
Derived: -Cont(x,y) | -Cont(x,z) | -(f5(y,z) < y) | -(f5(y,z) < z) | -Cont(u,y) | -Cont(u,z) | u < z.  [resolve(63,a,61,a)].
64 SC(c2,c2).  [deny(24)].
Derived: Cont(f4(c2,c2),c2).  [resolve(64,a,58,a)].
Derived: -Cont(x,c2) | -Cont(x,c2) | x < c2.  [resolve(64,a,60,a)].

============================== end predicate elimination =============

Auto_denials:  (non-Horn, no changes).

Term ordering decisions:
Predicate symbol precedence:  predicate_order([ =, S, ZEX, Cont, <, <= ]).
Function symbol precedence:  function_order([ c1, c2, f3, f4, f5, f1, f2 ]).
After inverse_order:  (no changes).
Unfolding symbols: (none).

Auto_inference settings:
  % set(paramodulation).  % (positive equality literals)
  % set(binary_resolution).  % (non-Horn)
  % set(neg_ur_resolution).  % (non-Horn, less than 100 clauses)

Auto_process settings:
  % set(factor).  % (non-Horn)
  % set(unit_deletion).  % (non-Horn)

kept:      65 -S(x) | ZEX(x) | Cont(x,x).  [clausify(2)].
kept:      66 S(x) | -Cont(x,x).  [clausify(2)].
kept:      67 -ZEX(x) | -Cont(x,x).  [clausify(2)].
kept:      68 -Cont(x,y) | -Cont(y,x) | y = x.  [clausify(3)].
kept:      69 -Cont(x,y) | -Cont(y,z) | Cont(x,z).  [clausify(4)].
kept:      70 -ZEX(x) | S(x).  [clausify(5)].
kept:      71 -ZEX(x) | -Cont(y,x).  [clausify(5)].
kept:      72 -ZEX(x) | -Cont(x,y).  [clausify(5)].
kept:      73 -ZEX(x) | -ZEX(y) | y = x.  [clausify(6)].
kept:      74 -(x <= y) | S(x).  [clausify(12)].
kept:      75 -(x <= y) | S(y).  [clausify(13)].
kept:      76 -S(x) | x <= x.  [clausify(15)].
kept:      77 -(x <= y) | -(y <= z) | x <= z.  [clausify(16)].
kept:      78 -ZEX(x) | -S(y) | x <= y.  [clausify(18)].
kept:      79 -(x < y) | x <= y.  [clausify(21)].
kept:      80 x <= y | -Cont(x,y) | x < y.  [resolve(30,a,26,c)].
kept:      81 x <= y | -Cont(y,x) | y < x.  [resolve(31,a,26,c)].
kept:      82 x <= y | y < x | -(y <= x).  [resolve(31,a,29,c)].
kept:      83 -(x <= y) | -(y <= x) | -(x < y).  [resolve(32,a,28,b)].
kept:      84 -S(x) | S(f1(x)) | -S(y) | y <= x.  [resolve(33,a,35,a)].
kept:      85 -S(x) | -(f1(x) <= x) | -S(y) | y <= x.  [resolve(36,a,35,a)].
kept:      86 -S(x) | ZEX(x) | S(f2(x)) | -S(y) | -(y < x) | ZEX(y).  [resolve(37,a,40,a)].
kept:      87 -S(x) | ZEX(x) | f2(x) < x | -S(y) | -(y < x) | ZEX(y).  [resolve(41,a,40,a)].
kept:      88 -S(x) | ZEX(x) | -ZEX(f2(x)) | -S(y) | -(y < x) | ZEX(y).  [resolve(42,a,40,a)].
kept:      89 S(c1).  [resolve(43,a,38,a)].
kept:      90 -ZEX(c1).  [resolve(43,a,39,a)].
kept:      91 -S(x) | -(x < c1) | ZEX(x).  [resolve(43,a,40,a)].
           92 x <= y | -Cont(x,y) | -Cont(x,y) | x < y.  [resolve(47,b,44,a)].
           93 x <= y | -Cont(y,x) | -Cont(y,x) | y < x.  [resolve(48,b,44,a)].
kept:      94 -Cont(x,y) | -Cont(x,z) | Cont(f3(y,z),y).  [resolve(50,a,51,a)].
kept:      95 -Cont(x,y) | -Cont(x,z) | Cont(f3(y,z),z).  [resolve(50,a,52,a)].
kept:      96 -Cont(x,y) | -Cont(x,z) | Cont(f5(y,z),y) | Cont(f4(y,z),y).  [resolve(57,a,58,a)].
kept:      97 -Cont(x,y) | -Cont(x,z) | Cont(f5(y,z),y) | Cont(f4(y,z),z).  [resolve(57,a,59,a)].
kept:      98 -Cont(x,y) | -Cont(x,z) | Cont(f5(y,z),y) | -Cont(u,y) | -Cont(u,z) | u < y.  [resolve(57,a,60,a)].
kept:      99 -Cont(x,y) | -Cont(x,z) | Cont(f5(y,z),y) | -Cont(u,y) | -Cont(u,z) | u < z.  [resolve(57,a,61,a)].
kept:      100 -Cont(x,y) | -Cont(x,z) | Cont(f5(y,z),z) | Cont(f4(y,z),y).  [resolve(62,a,58,a)].
kept:      101 -Cont(x,y) | -Cont(x,z) | Cont(f5(y,z),z) | Cont(f4(y,z),z).  [resolve(62,a,59,a)].
kept:      102 -Cont(x,y) | -Cont(x,z) | Cont(f5(y,z),z) | -Cont(u,y) | -Cont(u,z) | u < y.  [resolve(62,a,60,a)].
kept:      103 -Cont(x,y) | -Cont(x,z) | Cont(f5(y,z),z) | -Cont(u,y) | -Cont(u,z) | u < z.  [resolve(62,a,61,a)].
kept:      104 -Cont(x,y) | -Cont(x,z) | -(f5(y,z) < y) | -(f5(y,z) < z) | Cont(f4(y,z),y).  [resolve(63,a,58,a)].
kept:      105 -Cont(x,y) | -Cont(x,z) | -(f5(y,z) < y) | -(f5(y,z) < z) | Cont(f4(y,z),z).  [resolve(63,a,59,a)].
kept:      106 -Cont(x,y) | -Cont(x,z) | -(f5(y,z) < y) | -(f5(y,z) < z) | -Cont(u,y) | -Cont(u,z) | u < y.  [resolve(63,a,60,a)].
kept:      107 -Cont(x,y) | -Cont(x,z) | -(f5(y,z) < y) | -(f5(y,z) < z) | -Cont(u,y) | -Cont(u,z) | u < z.  [resolve(63,a,61,a)].
kept:      108 Cont(f4(c2,c2),c2).  [resolve(64,a,58,a)].
           109 -Cont(x,c2) | -Cont(x,c2) | x < c2.  [resolve(64,a,60,a)].
kept:      110 -Cont(x,c2) | x < c2.  [copy(109),merge(b)].
kept:      111 -(x <= x) | -(x < x).  [factor(83,a,b)].
kept:      112 -S(x) | ZEX(x) | S(f2(x)) | -(x < x).  [factor(86,a,d),merge(e)].
kept:      113 -S(x) | ZEX(x) | f2(x) < x | -(x < x).  [factor(87,a,d),merge(e)].
kept:      114 -S(x) | ZEX(x) | -ZEX(f2(x)) | -(x < x).  [factor(88,a,d),merge(e)].
kept:      115 -Cont(x,y) | Cont(f3(y,y),y).  [factor(94,a,b)].
kept:      116 -Cont(x,y) | Cont(f5(y,y),y) | Cont(f4(y,y),y).  [factor(96,a,b)].
kept:      117 -Cont(x,y) | Cont(f5(y,y),y) | -Cont(z,y) | z < y.  [factor(98,a,b),merge(d)].
kept:      118 -Cont(x,y) | -Cont(x,z) | Cont(f5(y,z),y) | x < y.  [factor(98,a,d),merge(d)].
kept:      119 -Cont(x,y) | Cont(f5(y,y),y) | x < y.  [factor(98,a,e),merge(b),merge(d)].
kept:      120 -Cont(x,y) | -Cont(x,z) | Cont(f5(y,z),y) | x < z.  [factor(99,a,d),merge(d)].
kept:      121 -Cont(x,y) | -Cont(x,z) | Cont(f5(y,z),z) | x < y.  [factor(102,a,d),merge(d)].
kept:      122 -Cont(x,y) | -Cont(x,z) | Cont(f5(y,z),z) | x < z.  [factor(103,a,d),merge(d)].
kept:      123 -Cont(x,y) | -(f5(y,y) < y) | Cont(f4(y,y),y).  [factor(104,a,b),merge(c)].
kept:      124 -Cont(x,y) | -(f5(y,y) < y) | -Cont(z,y) | z < y.  [factor(106,a,b),merge(c),merge(e)].
kept:      125 -Cont(x,y) | -Cont(x,z) | -(f5(y,z) < y) | -(f5(y,z) < z) | x < y.  [factor(106,a,e),merge(e)].
kept:      126 -Cont(x,y) | -(f5(y,y) < y) | x < y.  [factor(106,a,f),merge(b),merge(d),merge(e)].
kept:      127 -Cont(x,y) | -Cont(x,z) | -(f5(y,z) < y) | -(f5(y,z) < z) | x < z.  [factor(107,a,e),merge(e)].

============================== end of process initial clauses ========

============================== CLAUSES FOR SEARCH ====================

% Clauses after input processing:

formulas(usable).
end_of_list.

formulas(sos).
65 -S(x) | ZEX(x) | Cont(x,x).  [clausify(2)].
66 S(x) | -Cont(x,x).  [clausify(2)].
68 -Cont(x,y) | -Cont(y,x) | y = x.  [clausify(3)].
69 -Cont(x,y) | -Cont(y,z) | Cont(x,z).  [clausify(4)].
70 -ZEX(x) | S(x).  [clausify(5)].
71 -ZEX(x) | -Cont(y,x).  [clausify(5)].
72 -ZEX(x) | -Cont(x,y).  [clausify(5)].
73 -ZEX(x) | -ZEX(y) | y = x.  [clausify(6)].
74 -(x <= y) | S(x).  [clausify(12)].
75 -(x <= y) | S(y).  [clausify(13)].
76 -S(x) | x <= x.  [clausify(15)].
77 -(x <= y) | -(y <= z) | x <= z.  [clausify(16)].
78 -ZEX(x) | -S(y) | x <= y.  [clausify(18)].
79 -(x < y) | x <= y.  [clausify(21)].
80 x <= y | -Cont(x,y) | x < y.  [resolve(30,a,26,c)].
81 x <= y | -Cont(y,x) | y < x.  [resolve(31,a,26,c)].
82 x <= y | y < x | -(y <= x).  [resolve(31,a,29,c)].
83 -(x <= y) | -(y <= x) | -(x < y).  [resolve(32,a,28,b)].
84 -S(x) | S(f1(x)) | -S(y) | y <= x.  [resolve(33,a,35,a)].
85 -S(x) | -(f1(x) <= x) | -S(y) | y <= x.  [resolve(36,a,35,a)].
86 -S(x) | ZEX(x) | S(f2(x)) | -S(y) | -(y < x) | ZEX(y).  [resolve(37,a,40,a)].
87 -S(x) | ZEX(x) | f2(x) < x | -S(y) | -(y < x) | ZEX(y).  [resolve(41,a,40,a)].
88 -S(x) | ZEX(x) | -ZEX(f2(x)) | -S(y) | -(y < x) | ZEX(y).  [resolve(42,a,40,a)].
89 S(c1).  [resolve(43,a,38,a)].
90 -ZEX(c1).  [resolve(43,a,39,a)].
91 -S(x) | -(x < c1) | ZEX(x).  [resolve(43,a,40,a)].
94 -Cont(x,y) | -Cont(x,z) | Cont(f3(y,z),y).  [resolve(50,a,51,a)].
95 -Cont(x,y) | -Cont(x,z) | Cont(f3(y,z),z).  [resolve(50,a,52,a)].
96 -Cont(x,y) | -Cont(x,z) | Cont(f5(y,z),y) | Cont(f4(y,z),y).  [resolve(57,a,58,a)].
97 -Cont(x,y) | -Cont(x,z) | Cont(f5(y,z),y) | Cont(f4(y,z),z).  [resolve(57,a,59,a)].
100 -Cont(x,y) | -Cont(x,z) | Cont(f5(y,z),z) | Cont(f4(y,z),y).  [resolve(62,a,58,a)].
101 -Cont(x,y) | -Cont(x,z) | Cont(f5(y,z),z) | Cont(f4(y,z),z).  [resolve(62,a,59,a)].
104 -Cont(x,y) | -Cont(x,z) | -(f5(y,z) < y) | -(f5(y,z) < z) | Cont(f4(y,z),y).  [resolve(63,a,58,a)].
105 -Cont(x,y) | -Cont(x,z) | -(f5(y,z) < y) | -(f5(y,z) < z) | Cont(f4(y,z),z).  [resolve(63,a,59,a)].
108 Cont(f4(c2,c2),c2).  [resolve(64,a,58,a)].
110 -Cont(x,c2) | x < c2.  [copy(109),merge(b)].
111 -(x <= x) | -(x < x).  [factor(83,a,b)].
112 -S(x) | ZEX(x) | S(f2(x)) | -(x < x).  [factor(86,a,d),merge(e)].
113 -S(x) | ZEX(x) | f2(x) < x | -(x < x).  [factor(87,a,d),merge(e)].
114 -S(x) | ZEX(x) | -ZEX(f2(x)) | -(x < x).  [factor(88,a,d),merge(e)].
115 -Cont(x,y) | Cont(f3(y,y),y).  [factor(94,a,b)].
116 -Cont(x,y) | Cont(f5(y,y),y) | Cont(f4(y,y),y).  [factor(96,a,b)].
118 -Cont(x,y) | -Cont(x,z) | Cont(f5(y,z),y) | x < y.  [factor(98,a,d),merge(d)].
119 -Cont(x,y) | Cont(f5(y,y),y) | x < y.  [factor(98,a,e),merge(b),merge(d)].
120 -Cont(x,y) | -Cont(x,z) | Cont(f5(y,z),y) | x < z.  [factor(99,a,d),merge(d)].
121 -Cont(x,y) | -Cont(x,z) | Cont(f5(y,z),z) | x < y.  [factor(102,a,d),merge(d)].
122 -Cont(x,y) | -Cont(x,z) | Cont(f5(y,z),z) | x < z.  [factor(103,a,d),merge(d)].
123 -Cont(x,y) | -(f5(y,y) < y) | Cont(f4(y,y),y).  [factor(104,a,b),merge(c)].
125 -Cont(x,y) | -Cont(x,z) | -(f5(y,z) < y) | -(f5(y,z) < z) | x < y.  [factor(106,a,e),merge(e)].
126 -Cont(x,y) | -(f5(y,y) < y) | x < y.  [factor(106,a,f),merge(b),merge(d),merge(e)].
127 -Cont(x,y) | -Cont(x,z) | -(f5(y,z) < y) | -(f5(y,z) < z) | x < z.  [factor(107,a,e),merge(e)].
end_of_list.

formulas(demodulators).
end_of_list.

============================== end of clauses for search =============

============================== SEARCH ================================

% Starting search at 0.01 seconds.

given #1 (I,wt=7): 65 -S(x) | ZEX(x) | Cont(x,x).  [clausify(2)].

given #2 (I,wt=5): 66 S(x) | -Cont(x,x).  [clausify(2)].

given #3 (I,wt=9): 68 -Cont(x,y) | -Cont(y,x) | y = x.  [clausify(3)].

given #4 (I,wt=9): 69 -Cont(x,y) | -Cont(y,z) | Cont(x,z).  [clausify(4)].

given #5 (I,wt=4): 70 -ZEX(x) | S(x).  [clausify(5)].

given #6 (I,wt=5): 71 -ZEX(x) | -Cont(y,x).  [clausify(5)].

given #7 (I,wt=5): 72 -ZEX(x) | -Cont(x,y).  [clausify(5)].

given #8 (I,wt=7): 73 -ZEX(x) | -ZEX(y) | y = x.  [clausify(6)].

given #9 (I,wt=5): 74 -(x <= y) | S(x).  [clausify(12)].

given #10 (I,wt=5): 75 -(x <= y) | S(y).  [clausify(13)].

given #11 (I,wt=5): 76 -S(x) | x <= x.  [clausify(15)].

given #12 (I,wt=9): 77 -(x <= y) | -(y <= z) | x <= z.  [clausify(16)].

given #13 (I,wt=7): 78 -ZEX(x) | -S(y) | x <= y.  [clausify(18)].

given #14 (I,wt=6): 79 -(x < y) | x <= y.  [clausify(21)].

given #15 (I,wt=9): 80 x <= y | -Cont(x,y) | x < y.  [resolve(30,a,26,c)].

given #16 (I,wt=9): 81 x <= y | -Cont(y,x) | y < x.  [resolve(31,a,26,c)].

given #17 (I,wt=9): 82 x <= y | y < x | -(y <= x).  [resolve(31,a,29,c)].

given #18 (I,wt=9): 83 -(x <= y) | -(y <= x) | -(x < y).  [resolve(32,a,28,b)].

given #19 (I,wt=10): 84 -S(x) | S(f1(x)) | -S(y) | y <= x.  [resolve(33,a,35,a)].

given #20 (I,wt=11): 85 -S(x) | -(f1(x) <= x) | -S(y) | y <= x.  [resolve(36,a,35,a)].

given #21 (I,wt=14): 86 -S(x) | ZEX(x) | S(f2(x)) | -S(y) | -(y < x) | ZEX(y).  [resolve(37,a,40,a)].

given #22 (I,wt=15): 87 -S(x) | ZEX(x) | f2(x) < x | -S(y) | -(y < x) | ZEX(y).  [resolve(41,a,40,a)].

given #23 (I,wt=14): 88 -S(x) | ZEX(x) | -ZEX(f2(x)) | -S(y) | -(y < x) | ZEX(y).  [resolve(42,a,40,a)].

given #24 (I,wt=2): 89 S(c1).  [resolve(43,a,38,a)].

given #25 (I,wt=2): 90 -ZEX(c1).  [resolve(43,a,39,a)].

given #26 (I,wt=7): 91 -S(x) | -(x < c1) | ZEX(x).  [resolve(43,a,40,a)].

given #27 (I,wt=11): 94 -Cont(x,y) | -Cont(x,z) | Cont(f3(y,z),y).  [resolve(50,a,51,a)].

given #28 (I,wt=11): 95 -Cont(x,y) | -Cont(x,z) | Cont(f3(y,z),z).  [resolve(50,a,52,a)].

given #29 (I,wt=16): 96 -Cont(x,y) | -Cont(x,z) | Cont(f5(y,z),y) | Cont(f4(y,z),y).  [resolve(57,a,58,a)].

given #30 (I,wt=16): 97 -Cont(x,y) | -Cont(x,z) | Cont(f5(y,z),y) | Cont(f4(y,z),z).  [resolve(57,a,59,a)].

given #31 (I,wt=16): 100 -Cont(x,y) | -Cont(x,z) | Cont(f5(y,z),z) | Cont(f4(y,z),y).  [resolve(62,a,58,a)].

given #32 (I,wt=16): 101 -Cont(x,y) | -Cont(x,z) | Cont(f5(y,z),z) | Cont(f4(y,z),z).  [resolve(62,a,59,a)].

given #33 (I,wt=21): 104 -Cont(x,y) | -Cont(x,z) | -(f5(y,z) < y) | -(f5(y,z) < z) | Cont(f4(y,z),y).  [resolve(63,a,58,a)].

given #34 (I,wt=21): 105 -Cont(x,y) | -Cont(x,z) | -(f5(y,z) < y) | -(f5(y,z) < z) | Cont(f4(y,z),z).  [resolve(63,a,59,a)].

given #35 (I,wt=5): 108 Cont(f4(c2,c2),c2).  [resolve(64,a,58,a)].

given #36 (I,wt=6): 110 -Cont(x,c2) | x < c2.  [copy(109),merge(b)].

given #37 (I,wt=6): 111 -(x <= x) | -(x < x).  [factor(83,a,b)].

given #38 (I,wt=10): 112 -S(x) | ZEX(x) | S(f2(x)) | -(x < x).  [factor(86,a,d),merge(e)].

given #39 (I,wt=11): 113 -S(x) | ZEX(x) | f2(x) < x | -(x < x).  [factor(87,a,d),merge(e)].

given #40 (I,wt=10): 114 -S(x) | ZEX(x) | -ZEX(f2(x)) | -(x < x).  [factor(88,a,d),merge(e)].

given #41 (I,wt=8): 115 -Cont(x,y) | Cont(f3(y,y),y).  [factor(94,a,b)].

given #42 (I,wt=13): 116 -Cont(x,y) | Cont(f5(y,y),y) | Cont(f4(y,y),y).  [factor(96,a,b)].

given #43 (I,wt=14): 118 -Cont(x,y) | -Cont(x,z) | Cont(f5(y,z),y) | x < y.  [factor(98,a,d),merge(d)].

given #44 (I,wt=11): 119 -Cont(x,y) | Cont(f5(y,y),y) | x < y.  [factor(98,a,e),merge(b),merge(d)].

given #45 (I,wt=14): 120 -Cont(x,y) | -Cont(x,z) | Cont(f5(y,z),y) | x < z.  [factor(99,a,d),merge(d)].

given #46 (I,wt=14): 121 -Cont(x,y) | -Cont(x,z) | Cont(f5(y,z),z) | x < y.  [factor(102,a,d),merge(d)].

given #47 (I,wt=14): 122 -Cont(x,y) | -Cont(x,z) | Cont(f5(y,z),z) | x < z.  [factor(103,a,d),merge(d)].

given #48 (I,wt=13): 123 -Cont(x,y) | -(f5(y,y) < y) | Cont(f4(y,y),y).  [factor(104,a,b),merge(c)].

given #49 (I,wt=19): 125 -Cont(x,y) | -Cont(x,z) | -(f5(y,z) < y) | -(f5(y,z) < z) | x < y.  [factor(106,a,e),merge(e)].

given #50 (I,wt=11): 126 -Cont(x,y) | -(f5(y,y) < y) | x < y.  [factor(106,a,f),merge(b),merge(d),merge(e)].

given #51 (I,wt=19): 127 -Cont(x,y) | -Cont(x,z) | -(f5(y,z) < y) | -(f5(y,z) < z) | x < z.  [factor(107,a,e),merge(e)].

given #52 (A,wt=8): 128 -S(x) | S(f1(x)) | c1 <= x.  [resolve(89,a,84,c)].

given #53 (F,wt=2): 148 -ZEX(c2).  [resolve(108,a,71,b)].

given #54 (F,wt=3): 132 -(c1 < c1).  [ur(91,a,89,a,c,90,a)].

given #55 (F,wt=4): 147 -ZEX(f4(c2,c2)).  [resolve(108,a,72,b)].

given #56 (T,wt=3): 130 c1 <= c1.  [resolve(89,a,76,a)].

given #57 (T,wt=3): 131 Cont(c1,c1).  [resolve(89,a,65,a),unit_del(a,90)].

given #58 (T,wt=5): 152 f4(c2,c2) < c2.  [resolve(110,a,108,a)].

given #59 (T,wt=5): 153 Cont(f3(c2,c2),c2).  [resolve(115,a,108,a)].

given #60 (A,wt=8): 129 S(f1(c1)) | -S(x) | x <= c1.  [resolve(89,a,84,a)].

given #61 (F,wt=4): 197 -ZEX(f3(c2,c2)).  [resolve(153,a,72,b)].

given #62 (F,wt=5): 170 -(f5(c1,c1) < c1).  [ur(126,a,131,a,c,132,a)].

given #63 (F,wt=9): 171 -S(c2) | -ZEX(f2(c2)) | -S(f4(c2,c2)).  [resolve(152,a,88,e),unit_del(b,148),unit_del(e,147)].

given #64 (T,wt=5): 163 Cont(f5(c1,c1),c1).  [resolve(131,a,119,a),unit_del(b,132)].

given #65 (T,wt=5): 165 Cont(f3(c1,c1),c1).  [resolve(131,a,115,a)].

given #66 (T,wt=5): 174 f4(c2,c2) <= c2.  [resolve(152,a,79,a)].

given #67 (T,wt=2): 247 S(c2).  [resolve(174,a,75,a)].

given #68 (A,wt=15): 133 -Cont(f4(c2,c2),x) | Cont(f5(x,c2),c2) | Cont(f4(x,c2),c2).  [resolve(108,a,101,b)].

given #69 (F,wt=3): 251 -ZEX(f2(c2)).  [back_unit_del(171),unit_del(a,247),unit_del(c,248)].

given #70 (F,wt=3): 258 -(c2 < c1).  [ur(91,a,247,a,c,148,a)].

given #71 (F,wt=4): 213 -ZEX(f5(c1,c1)).  [resolve(163,a,72,b)].

given #72 (F,wt=4): 239 -ZEX(f3(c1,c1)).  [resolve(165,a,72,b)].

given #73 (T,wt=3): 249 S(f2(c2)).  [back_unit_del(173),unit_del(a,247),unit_del(c,248)].

given #74 (T,wt=3): 256 c2 <= c2.  [resolve(247,a,76,a)].

given #75 (T,wt=3): 257 Cont(c2,c2).  [resolve(247,a,65,a),unit_del(a,148)].
-------- Proof 1 -------- 

============================== PROOF =================================

% Proof 1 at 0.01 (+ 0.00) seconds.
% Length of proof is 31.
% Level of proof is 9.
% Maximum clause weight is 9.000.
% Given clauses 75.

2 (all x (S(x) & -ZEX(x) <-> Cont(x,x))) # label(non_clause).  [assumption].
5 (all x all y (ZEX(x) -> S(x) & -Cont(y,x) & -Cont(x,y))) # label(non_clause).  [assumption].
13 (all x all y (x <= y -> S(y))) # label(non_clause).  [assumption].
15 (all x (S(x) -> x <= x)) # label(non_clause).  [assumption].
21 (all x all y (x < y <-> x <= y & -EqDim(x,y))) # label(non_clause).  [assumption].
22 (all x all y (EqDim(x,y) <-> x <= y & y <= x)) # label(non_clause).  [assumption].
23 (all x all y (SC(x,y) <-> (exists z (Cont(z,x) & Cont(z,y))) & (all z (Cont(z,x) & Cont(z,y) -> z < x & z < y)))) # label(non_clause).  [assumption].
24 (all x -SC(x,x)) # label(non_clause) # label(goal).  [goal].
28 -(x < y) | -EqDim(x,y).  [clausify(21)].
32 EqDim(x,y) | -(x <= y) | -(y <= x).  [clausify(22)].
58 -SC(x,y) | Cont(f4(x,y),x).  [clausify(23)].
60 -SC(x,y) | -Cont(z,x) | -Cont(z,y) | z < x.  [clausify(23)].
64 SC(c2,c2).  [deny(24)].
65 -S(x) | ZEX(x) | Cont(x,x).  [clausify(2)].
71 -ZEX(x) | -Cont(y,x).  [clausify(5)].
75 -(x <= y) | S(y).  [clausify(13)].
76 -S(x) | x <= x.  [clausify(15)].
79 -(x < y) | x <= y.  [clausify(21)].
83 -(x <= y) | -(y <= x) | -(x < y).  [resolve(32,a,28,b)].
108 Cont(f4(c2,c2),c2).  [resolve(64,a,58,a)].
109 -Cont(x,c2) | -Cont(x,c2) | x < c2.  [resolve(64,a,60,a)].
110 -Cont(x,c2) | x < c2.  [copy(109),merge(b)].
111 -(x <= x) | -(x < x).  [factor(83,a,b)].
148 -ZEX(c2).  [resolve(108,a,71,b)].
152 f4(c2,c2) < c2.  [resolve(110,a,108,a)].
174 f4(c2,c2) <= c2.  [resolve(152,a,79,a)].
247 S(c2).  [resolve(174,a,75,a)].
256 c2 <= c2.  [resolve(247,a,76,a)].
257 Cont(c2,c2).  [resolve(247,a,65,a),unit_del(a,148)].
266 -(c2 < c2).  [resolve(256,a,111,a)].
274 $F.  [resolve(257,a,110,a),unit_del(a,266)].

============================== end of proof ==========================

============================== STATISTICS ============================

Given=75. Generated=359. Kept=206. proofs=1.
Usable=74. Sos=101. Demods=0. Limbo=7, Disabled=111. Hints=0.
Kept_by_rule=0, Deleted_by_rule=0.
Forward_subsumed=152. Back_subsumed=21.
Sos_limit_deleted=0. Sos_displaced=0. Sos_removed=0.
New_demodulators=0 (0 lex), Back_demodulated=0. Back_unit_deleted=3.
Demod_attempts=0. Demod_rewrites=0.
Res_instance_prunes=0. Para_instance_prunes=0. Basic_paramod_prunes=0.
Nonunit_fsub_feature_tests=653. Nonunit_bsub_feature_tests=732.
Megabytes=0.38.
User_CPU=0.01, System_CPU=0.00, Wall_clock=0.

============================== end of statistics =====================

============================== end of search =========================

THEOREM PROVED

THEOREM PROVED

Exiting with 1 proof.

------ process 2817 exit (max_proofs) ------

Process 2817 exit (max_proofs) Tue Oct  8 20:43:19 2013
============================= prover9 ================================
execution finished: Tue Oct 08 20:43:20 2013
total CPU time used: 0
The command was "prover9 -t600 -f /stl/torsten/git/macleod/qs/multidim_space_codi/conversions/codi_basic.p9 /stl/torsten/git/macleod/qs/multidim_space_codi/theorems/conversions/sc_theorems_goal5.p9 /stl/torsten/git/macleod/qs/multidim_space_cont/conversions/cont_basic.p9 /stl/torsten/git/macleod/qs/multidim_space_dim/definitions/conversions/min_max_dim.p9 /stl/torsten/git/macleod/qs/multidim_space_codi/definitions/conversions/ep.p9 /stl/torsten/git/macleod/qs/multidim_space_cont/definitions/conversions/c.p9 /stl/torsten/git/macleod/qs/multidim_space_dim/conversions/dim_prime_linear.p9 /stl/torsten/git/macleod/qs/multidim_space_dim/conversions/dim_prime_linear_unbounded.p9 /stl/torsten/git/macleod/qs/multidim_space_dim/definitions/conversions/dim_basic_defs.p9 /stl/torsten/git/macleod/qs/multidim_space_dim/definitions/conversions/eq_dim.p9 /stl/torsten/git/macleod/qs/multidim_space_codi/definitions/conversions/sc.p9"
Input read from 
============================ end of footer ===========================
