Paradox, version 3.0, 2008-07-29.
+++ PROBLEM: codi\consistency\tptp\codi_int_simple_nontrivial.all.tptp
Reading 'codi\consistency\tptp\codi_int_simple_nontrivial.all.tptp' ... OK
+++ SOLVING: codi\consistency\tptp\codi_int_simple_nontrivial.all.tptp
domain size 1
domain size 2
domain size 3
domain size 4
+++ BEGIN MODEL
SZS output start FiniteModel for codi\consistency\tptp\codi_int_simple_nontrivial.all.tptp
% domain size is 4
fof(domain, fi_domain,
  (![X] : (X = "1" | X = "2" | X = "3" | X = "4"))
).

fof('C', fi_predicates,
  ( 'C'("1","1") <=> $true
  & 'C'("1","2") <=> $true
  & 'C'("1","3") <=> $false
  & 'C'("1","4") <=> $true
  & 'C'("2","1") <=> $true
  & 'C'("2","2") <=> $true
  & 'C'("2","3") <=> $false
  & 'C'("2","4") <=> $true
  & 'C'("3","1") <=> $false
  & 'C'("3","2") <=> $false
  & 'C'("3","3") <=> $false
  & 'C'("3","4") <=> $false
  & 'C'("4","1") <=> $true
  & 'C'("4","2") <=> $true
  & 'C'("4","3") <=> $false
  & 'C'("4","4") <=> $true
  )
).

fof('Cont', fi_predicates,
  ( 'Cont'("1","1") <=> $true
  & 'Cont'("1","2") <=> $false
  & 'Cont'("1","3") <=> $false
  & 'Cont'("1","4") <=> $false
  & 'Cont'("2","1") <=> $false
  & 'Cont'("2","2") <=> $true
  & 'Cont'("2","3") <=> $false
  & 'Cont'("2","4") <=> $false
  & 'Cont'("3","1") <=> $false
  & 'Cont'("3","2") <=> $false
  & 'Cont'("3","3") <=> $false
  & 'Cont'("3","4") <=> $false
  & 'Cont'("4","1") <=> $true
  & 'Cont'("4","2") <=> $true
  & 'Cont'("4","3") <=> $false
  & 'Cont'("4","4") <=> $true
  )
).

fof('Covers', fi_predicates,
  ( 'Covers'("1","1") <=> $false
  & 'Covers'("1","2") <=> $false
  & 'Covers'("1","3") <=> $false
  & 'Covers'("1","4") <=> $true
  & 'Covers'("2","1") <=> $false
  & 'Covers'("2","2") <=> $false
  & 'Covers'("2","3") <=> $false
  & 'Covers'("2","4") <=> $true
  & 'Covers'("3","1") <=> $false
  & 'Covers'("3","2") <=> $false
  & 'Covers'("3","3") <=> $false
  & 'Covers'("3","4") <=> $false
  & 'Covers'("4","1") <=> $false
  & 'Covers'("4","2") <=> $false
  & 'Covers'("4","3") <=> $true
  & 'Covers'("4","4") <=> $false
  )
).

fof('EqDim', fi_predicates,
  ( 'EqDim'("1","1") <=> $true
  & 'EqDim'("1","2") <=> $true
  & 'EqDim'("1","3") <=> $false
  & 'EqDim'("1","4") <=> $false
  & 'EqDim'("2","1") <=> $true
  & 'EqDim'("2","2") <=> $true
  & 'EqDim'("2","3") <=> $false
  & 'EqDim'("2","4") <=> $false
  & 'EqDim'("3","1") <=> $false
  & 'EqDim'("3","2") <=> $false
  & 'EqDim'("3","3") <=> $true
  & 'EqDim'("3","4") <=> $false
  & 'EqDim'("4","1") <=> $false
  & 'EqDim'("4","2") <=> $false
  & 'EqDim'("4","3") <=> $false
  & 'EqDim'("4","4") <=> $true
  )
).

fof('LEQ', fi_predicates,
  ( 'LEQ'("1","1") <=> $true
  & 'LEQ'("1","2") <=> $true
  & 'LEQ'("1","3") <=> $false
  & 'LEQ'("1","4") <=> $false
  & 'LEQ'("2","1") <=> $true
  & 'LEQ'("2","2") <=> $true
  & 'LEQ'("2","3") <=> $false
  & 'LEQ'("2","4") <=> $false
  & 'LEQ'("3","1") <=> $true
  & 'LEQ'("3","2") <=> $true
  & 'LEQ'("3","3") <=> $true
  & 'LEQ'("3","4") <=> $true
  & 'LEQ'("4","1") <=> $true
  & 'LEQ'("4","2") <=> $true
  & 'LEQ'("4","3") <=> $false
  & 'LEQ'("4","4") <=> $true
  )
).

fof('LESS', fi_predicates,
  ( 'LESS'("1","1") <=> $false
  & 'LESS'("1","2") <=> $false
  & 'LESS'("1","3") <=> $false
  & 'LESS'("1","4") <=> $false
  & 'LESS'("2","1") <=> $false
  & 'LESS'("2","2") <=> $false
  & 'LESS'("2","3") <=> $false
  & 'LESS'("2","4") <=> $false
  & 'LESS'("3","1") <=> $true
  & 'LESS'("3","2") <=> $true
  & 'LESS'("3","3") <=> $false
  & 'LESS'("3","4") <=> $true
  & 'LESS'("4","1") <=> $true
  & 'LESS'("4","2") <=> $true
  & 'LESS'("4","3") <=> $false
  & 'LESS'("4","4") <=> $false
  )
).

fof('MaxDim', fi_predicates,
  ( 'MaxDim'("1") <=> $true
  & 'MaxDim'("2") <=> $true
  & 'MaxDim'("3") <=> $false
  & 'MaxDim'("4") <=> $false
  )
).

fof('MinDim', fi_predicates,
  ( 'MinDim'("1") <=> $false
  & 'MinDim'("2") <=> $false
  & 'MinDim'("3") <=> $false
  & 'MinDim'("4") <=> $true
  )
).

fof('P', fi_predicates,
  ( 'P'("1","1") <=> $true
  & 'P'("1","2") <=> $false
  & 'P'("1","3") <=> $false
  & 'P'("1","4") <=> $false
  & 'P'("2","1") <=> $false
  & 'P'("2","2") <=> $true
  & 'P'("2","3") <=> $false
  & 'P'("2","4") <=> $false
  & 'P'("3","1") <=> $false
  & 'P'("3","2") <=> $false
  & 'P'("3","3") <=> $false
  & 'P'("3","4") <=> $false
  & 'P'("4","1") <=> $false
  & 'P'("4","2") <=> $false
  & 'P'("4","3") <=> $false
  & 'P'("4","4") <=> $true
  )
).

fof('SC', fi_predicates,
  ( 'SC'("1","1") <=> $false
  & 'SC'("1","2") <=> $true
  & 'SC'("1","3") <=> $false
  & 'SC'("1","4") <=> $false
  & 'SC'("2","1") <=> $true
  & 'SC'("2","2") <=> $false
  & 'SC'("2","3") <=> $false
  & 'SC'("2","4") <=> $false
  & 'SC'("3","1") <=> $false
  & 'SC'("3","2") <=> $false
  & 'SC'("3","3") <=> $false
  & 'SC'("3","4") <=> $false
  & 'SC'("4","1") <=> $false
  & 'SC'("4","2") <=> $false
  & 'SC'("4","3") <=> $false
  & 'SC'("4","4") <=> $false
  )
).

fof('ZEX', fi_predicates,
  ( 'ZEX'("1") <=> $false
  & 'ZEX'("2") <=> $false
  & 'ZEX'("3") <=> $true
  & 'ZEX'("4") <=> $false
  )
).

fof(intersection, fi_functors,
  ( intersection("1","1") = "1"
  & intersection("1","2") = "4"
  & intersection("1","3") = "3"
  & intersection("1","4") = "4"
  & intersection("2","1") = "4"
  & intersection("2","2") = "2"
  & intersection("2","3") = "3"
  & intersection("2","4") = "4"
  & intersection("3","1") = "3"
  & intersection("3","2") = "3"
  & intersection("3","3") = "3"
  & intersection("3","4") = "3"
  & intersection("4","1") = "4"
  & intersection("4","2") = "4"
  & intersection("4","3") = "3"
  & intersection("4","4") = "4"
  )
).
SZS output end FiniteModel for codi\consistency\tptp\codi_int_simple_nontrivial.all.tptp
+++ END MODEL
+++ RESULT: Satisfiable
SZS status Satisfiable for codi\consistency\tptp\codi_int_simple_nontrivial.all.tptp
