Hi Geoff, go and have some cold beer while I am trying to solve this very hard problem!
% remaining time: 5999 next slice time: 3
dis-4_5_bd=off:bs=off:ep=RST:fde=none:lcm=predicate:n=on:nicw=on:nwc=2:ptb=off:sio=off:spl=backtracking:ss=included:ssec=off:st=5:updr=off_3 on theorems\conversions\codi_int_theorems_goal17.all
Time limit reached!
------------------------------
Version: Vampire 0.6 (revision 903)
Termination reason: Time limit

Active clauses: 747
Passive clauses: 3865
Generated clauses: 8806
Final active clauses: 742
Final passive clauses: 2928
Input formulas: 53
Initial clauses: 104

Selected by SInE selection: 53
SInE iterations: 1

Duplicate literals: 55
Fw subsumption resolutions: 324

Simple tautologies: 52
Forward subsumptions: 4593

Binary resolution: 8181
Factoring: 26

Backtracking splits: 93
Backtracking splits refuted: 9

Memory used: 1663KB
Time elapsed: 0.401 s
------------------------------
% remaining time: 5995 next slice time: 13
dis-1010_2_bs=off:ep=on:n=on:nwc=1.5:sgo=on:sp=occurrence:ss=included:sswn=on:sswsr=on:st=1.5_13 on theorems\conversions\codi_int_theorems_goal17.all
Time limit reached!
------------------------------
Version: Vampire 0.6 (revision 903)
Termination reason: Time limit

Active clauses: 1210
Passive clauses: 7896
Generated clauses: 20917
Final active clauses: 1210
Final passive clauses: 6381
Input formulas: 53
Initial clauses: 103

Selected by SInE selection: 53
SInE iterations: 1

Duplicate literals: 239
Fw subsumption resolutions: 1015

Simple tautologies: 175
Equational tautologies: 10
Forward subsumptions: 11810

Binary resolution: 16887
Factoring: 112
Forward superposition: 2534
Backward superposition: 46

Unique components: 2

Memory used: 2430KB
Time elapsed: 1.402 s
------------------------------
% remaining time: 5981 next slice time: 32
lrs+11_14_bd=off:bs=off:bsr=on:cond=on:drc=off:fde=none:fsr=off:gsp=input_only:lcm=reverse:n=on:nwc=10:ptb=off:sfv=off:sgo=on:sio=off:sos=on:sp=reverse_arity:spl=backtracking:ssec=off:stl=81_32 on theorems\conversions\codi_int_theorems_goal17.all
Refutation found. Thanks to Tanya!
31211. $false (2:0) [subsumption resolution 1548,31208]
31208. leq(intersection(sK0,intersection(sK0,sK1)),intersection(sK0,sK1)) (3:9) [backtracking split refutation 1441,1550,31204]
31204. $false {78} (4:0) [subsumption resolution 7329,31199]
31199. lt(intersection(sK0,intersection(sK0,sK1)),intersection(sK0,sK1)) (3:9) [backtracking split refutation 1444,1449,31198]
31198. $false {70} (3:0) [subsumption resolution 1449,31194]
31194. cont(intersection(sK0,intersection(sK0,sK1)),intersection(sK0,sK1)) (5:9) [resolution 6359,276]
276. ~p(X2,intersection(X0,X1)) | cont(X2,X1) (0:8) [cnf transformation 150]
150. ! [X0,X1,X2] : ((~cont(X2,X0) | ~cont(X2,X1) | ~eqdim(X2,intersection(X0,X1)) | p(X2,intersection(X0,X1))) & (~p(X2,intersection(X0,X1)) | (cont(X2,X0) & cont(X2,X1) & eqdim(X2,intersection(X0,X1)))))[flattening 149]
149. ! [X0,X1,X2] : (((~cont(X2,X0) | ~cont(X2,X1) | ~eqdim(X2,intersection(X0,X1))) | p(X2,intersection(X0,X1))) & (~p(X2,intersection(X0,X1)) | (cont(X2,X0) & cont(X2,X1) & eqdim(X2,intersection(X0,X1)))))[ennf transformation 90]
90. ! [X0,X1,X2] : ((~(cont(X2,X0) & cont(X2,X1) & eqdim(X2,intersection(X0,X1))) | p(X2,intersection(X0,X1))) & (~p(X2,intersection(X0,X1)) | (cont(X2,X0) & cont(X2,X1) & eqdim(X2,intersection(X0,X1)))))[flattening 14]
14. ! [X0] : ! [X1] : ! [X2] : ((~(cont(X2,X0) & cont(X2,X1) & eqdim(X2,intersection(X0,X1))) | p(X2,intersection(X0,X1))) & (~p(X2,intersection(X0,X1)) | (cont(X2,X0) & cont(X2,X1) & eqdim(X2,intersection(X0,X1)))))[input]
6359. p(intersection(sK0,intersection(sK0,sK1)),intersection(sK0,intersection(sK0,sK1))) (4:11) [resolution 1290,1549]
1549. leq(intersection(sK0,sK1),intersection(sK0,intersection(sK0,sK1))) (2:9) [backtracking split refutation 836,876,1547]
1547. $false {38} (1:0) [subsumption resolution 300,1543]
1543. ~cont(intersection(sK0,sK1),intersection(sK0,sK1)) {38} (3:7) [backtracking split refutation 1527,1539,1540]
1540. $false {76} (6:0) [subsumption resolution 1145,1539]
1145. cont(intersection(sK0,sK1),sK0) (6:5) [backtracking split refutation 1137,1142,1143]
1143. $false {50} (1:0) [subsumption resolution 295,1142]
295. cont(intersection(sK0,sK1),sK0) (1:5) [resolution 194,251]
251. zex(intersection(X0,X1)) | cont(intersection(X0,X1),X0) (0:9) [cnf transformation 74]
74. ! [X0,X1] : (zex(intersection(X0,X1)) | cont(intersection(X0,X1),X0))[flattening 12]
12. ! [X0] : ! [X1] : (zex(intersection(X0,X1)) | cont(intersection(X0,X1),X0))[input]
194. ~zex(intersection(sK0,sK1)) (0:4) [cnf transformation 177]
177. ~zex(intersection(sK0,sK1)) & ~p(intersection(sK0,sK1),intersection(sK0,intersection(sK0,sK1)))[skolemisation 104]
104. ? [X0,X1] : (~zex(intersection(X0,X1)) & ~p(intersection(X0,X1),intersection(X0,intersection(X0,X1))))[ennf transformation 54]
54. ~! [X0,X1] : (zex(intersection(X0,X1)) | p(intersection(X0,X1),intersection(X0,intersection(X0,X1))))[flattening 1]
1. ~! [X0] : ! [X1] : (zex(intersection(X0,X1)) | p(intersection(X0,X1),intersection(X0,intersection(X0,X1))))[negated conjecture]
1142. ~cont(intersection(sK0,sK1),sK0) {50} (6:5) [backtracking splitting component]
1137. lt(intersection(sK0,sK1),sK0) | ~cont(intersection(sK0,sK1),sK0) {6} (6:10) [resolution 998,258]
258. eqdim(X0,X1) | lt(X0,X1) | ~cont(X0,X1) (0:9) [cnf transformation 133]
133. ! [X0,X1] : (~cont(X0,X1) | lt(X0,X1) | eqdim(X0,X1))[ennf transformation 80]
80. ! [X0,X1] : (~cont(X0,X1) | lt(X0,X1) | eqdim(X0,X1))[flattening 18]
18. ! [X0] : ! [X1] : (~cont(X0,X1) | lt(X0,X1) | eqdim(X0,X1))[input]
998. ~eqdim(intersection(sK0,sK1),sK0) {6} (5:5) [resolution 921,255]
255. eqdim(X1,X0) | ~eqdim(X0,X1) (0:6) [cnf transformation 130]
130. ! [X0,X1] : (~eqdim(X0,X1) | eqdim(X1,X0))[ennf transformation 77]
77. ! [X0,X1] : (~eqdim(X0,X1) | eqdim(X1,X0))[flattening 23]
23. ! [X0] : ! [X1] : (~eqdim(X0,X1) | eqdim(X1,X0))[input]
921. ~eqdim(sK0,intersection(sK0,sK1)) {6} (4:5) [backtracking split refutation 917,919,920]
920. $false {6, 40} (5:0) [subsumption resolution 821,919]
821. cont(sK0,sK1) {6} (5:3) [backtracking split refutation 812,818,819]
819. $false {6, 35} (4:0) [subsumption resolution 479,818]
479. cont(sK0,sK1) {6} (4:3) [superposition 314,344]
344. sK0 = sK10(sK1,sK0) {6} (3:5) [backtracking splitting component]
314. cont(sK10(sK1,sK0),sK1) (2:5) [resolution 296,239]
239. ~c(X0,X1) | cont(sK10(X1,X0),X1) (0:8) [cnf transformation 188]
188. ! [X0,X1] : ((~c(X0,X1) | (cont(sK10(X1,X0),X0) & cont(sK10(X1,X0),X1))) & (! [X3] : (~cont(X3,X0) | ~cont(X3,X1)) | c(X0,X1)))[skolemisation 121]
121. ! [X0,X1] : ((~c(X0,X1) | ? [X2] : (cont(X2,X0) & cont(X2,X1))) & (! [X3] : (~cont(X3,X0) | ~cont(X3,X1)) | c(X0,X1)))[ennf transformation 69]
69. ! [X0,X1] : ((~c(X0,X1) | ? [X2] : (cont(X2,X0) & cont(X2,X1))) & (~? [X3] : (cont(X3,X0) & cont(X3,X1)) | c(X0,X1)))[flattening 68]
68. ! [X0] : ! [X1] : ((~c(X0,X1) | ? [X2] : (cont(X2,X0) & cont(X2,X1))) & (~? [X3] : (cont(X3,X0) & cont(X3,X1)) | c(X0,X1)))[rectify 37]
37. ! [X0] : ! [X1] : ((~c(X0,X1) | ? [X2] : (cont(X2,X0) & cont(X2,X1))) & (~? [X2] : (cont(X2,X0) & cont(X2,X1)) | c(X0,X1)))[input]
296. c(sK0,sK1) (1:3) [resolution 194,209]
209. zex(intersection(X0,X1)) | c(X0,X1) (0:7) [cnf transformation 111]
111. ! [X0,X1] : ((c(X0,X1) | zex(intersection(X0,X1))) & (~zex(intersection(X0,X1)) | ~c(X0,X1)))[ennf transformation 57]
57. ! [X0,X1] : ((c(X0,X1) | zex(intersection(X0,X1))) & (~zex(intersection(X0,X1)) | ~c(X0,X1)))[flattening 11]
11. ! [X0] : ! [X1] : ((c(X0,X1) | zex(intersection(X0,X1))) & (~zex(intersection(X0,X1)) | ~c(X0,X1)))[input]
818. ~cont(sK0,sK1) {35} (5:3) [backtracking splitting component]
812. lt(sK0,sK1) | ~cont(sK0,sK1) {6, 32} (5:6) [resolution 801,258]
801. ~eqdim(sK0,sK1) {6, 32} (4:3) [backtracking split refutation 798,799,800]
800. $false {6, 33} (4:0) [subsumption resolution 479,799]
799. ~cont(sK0,sK1) {33} (4:3) [backtracking splitting component]
798. ~eqdim(sK0,sK1) | ~cont(sK0,sK1) {32} (4:6) [resolution 796,246]
246. p(X0,X1) | ~eqdim(X0,X1) | ~cont(X0,X1) (0:9) [cnf transformation 125]
125. ! [X0,X1] : ((~p(X0,X1) | (cont(X0,X1) & eqdim(X0,X1))) & (~cont(X0,X1) | ~eqdim(X0,X1) | p(X0,X1)))[flattening 124]
124. ! [X0,X1] : ((~p(X0,X1) | (cont(X0,X1) & eqdim(X0,X1))) & ((~cont(X0,X1) | ~eqdim(X0,X1)) | p(X0,X1)))[ennf transformation 71]
71. ! [X0,X1] : ((~p(X0,X1) | (cont(X0,X1) & eqdim(X0,X1))) & (~(cont(X0,X1) & eqdim(X0,X1)) | p(X0,X1)))[flattening 38]
38. ! [X0] : ! [X1] : ((~p(X0,X1) | (cont(X0,X1) & eqdim(X0,X1))) & (~(cont(X0,X1) & eqdim(X0,X1)) | p(X0,X1)))[input]
796. ~p(sK0,sK1) {32} (3:3) [forward demodulation 795,792]
792. intersection(sK0,sK1) = sK1 {32} (3:5) [backtracking splitting component]
795. ~p(sK0,intersection(sK0,sK1)) (3:5) [resolution 705,244]
244. cont(X0,X1) | ~p(X0,X1) (0:6) [cnf transformation 125]
705. ~cont(sK0,intersection(sK0,sK1)) (2:5) [backtracking split refutation 317,322,704]
704. $false {4} (5:0) [subsumption resolution 585,696]
696. ~leq(sK0,intersection(sK0,sK0)) {4} (7:5) [resolution 688,248]
248. ~lt(X0,X1) | ~leq(X1,X0) (0:6) [cnf transformation 127]
127. ! [X0,X1] : ((~lt(X0,X1) | (leq(X0,X1) & ~leq(X1,X0))) & (~leq(X0,X1) | leq(X1,X0) | lt(X0,X1)))[flattening 126]
126. ! [X0,X1] : ((~lt(X0,X1) | (leq(X0,X1) & ~leq(X1,X0))) & ((~leq(X0,X1) | leq(X1,X0)) | lt(X0,X1)))[ennf transformation 72]
72. ! [X0,X1] : ((~lt(X0,X1) | (leq(X0,X1) & ~leq(X1,X0))) & (~(leq(X0,X1) & ~leq(X1,X0)) | lt(X0,X1)))[flattening 49]
49. ! [X0] : ! [X1] : ((~lt(X0,X1) | (leq(X0,X1) & ~leq(X1,X0))) & (~(leq(X0,X1) & ~leq(X1,X0)) | lt(X0,X1)))[input]
688. lt(intersection(sK0,sK0),sK0) {4} (6:5) [backtracking split refutation 562,567,686]
686. $false {4, 15} (5:0) [subsumption resolution 584,685]
685. leq(intersection(sK0,sK0),sK0) {15} (6:5) [backtracking split refutation 559,586,683]
683. $false {15, 17} (6:0) [subsumption resolution 567,677]
677. cont(intersection(sK0,sK0),sK0) {17} (9:5) [resolution 640,251]
640. ~zex(intersection(sK0,sK0)) {17} (8:4) [backtracking split refutation 635,637,638]
638. $false {17, 20} (7:0) [subsumption resolution 606,637]
606. ~zex(intersection(sK0,sK0)) {17} (7:4) [resolution 586,252]
252. leq(X0,X1) | ~zex(X0) (0:5) [cnf transformation 128]
128. ! [X0,X1] : (~zex(X0) | leq(X0,X1))[ennf transformation 75]
75. ! [X0,X1] : (~zex(X0) | leq(X0,X1))[flattening 45]
45. ! [X0] : ! [X1] : (~zex(X0) | leq(X0,X1))[input]
637. zex(intersection(sK0,sK0)) {20} (8:4) [backtracking splitting component]
635. ~zex(sK3(intersection(sK0,sK0))) | zex(intersection(sK0,sK0)) {17} (8:9) [resolution 596,205]
205. mindim(X0) | ~zex(sK3(X0)) | zex(X0) (0:7) [cnf transformation 179]
179. ! [X0] : ((~mindim(X0) | (~zex(X0) & ! [X1] : (zex(X1) | leq(X0,X1)))) & (zex(X0) | (~zex(sK3(X0)) & ~leq(X0,sK3(X0))) | mindim(X0)))[skolemisation 109]
109. ! [X0] : ((~mindim(X0) | (~zex(X0) & ! [X1] : (zex(X1) | leq(X0,X1)))) & (zex(X0) | ? [X2] : (~zex(X2) & ~leq(X0,X2)) | mindim(X0)))[flattening 108]
108. ! [X0] : ((~mindim(X0) | (~zex(X0) & ! [X1] : (zex(X1) | leq(X0,X1)))) & ((zex(X0) | ? [X2] : (~zex(X2) & ~leq(X0,X2))) | mindim(X0)))[ennf transformation 56]
56. ! [X0] : ((~mindim(X0) | (~zex(X0) & ! [X1] : (zex(X1) | leq(X0,X1)))) & (~(~zex(X0) & ! [X2] : (zex(X2) | leq(X0,X2))) | mindim(X0)))[rectify 47]
47. ! [X0] : ((~mindim(X0) | (~zex(X0) & ! [X1] : (zex(X1) | leq(X0,X1)))) & (~(~zex(X0) & ! [X1] : (zex(X1) | leq(X0,X1))) | mindim(X0)))[input]
596. ~mindim(intersection(sK0,sK0)) {17} (7:4) [resolution 586,329]
329. leq(X1,sK0) | ~mindim(X1) (3:5) [resolution 318,204]
204. zex(X1) | leq(X0,X1) | ~mindim(X0) (0:7) [cnf transformation 179]
318. ~zex(sK0) (2:2) [resolution 295,253]
253. ~cont(X1,X0) | ~zex(X0) (0:5) [cnf transformation 129]
129. ! [X0,X1] : (~zex(X0) | (~cont(X1,X0) & ~cont(X0,X1)))[ennf transformation 76]
76. ! [X0,X1] : (~zex(X0) | (~cont(X1,X0) & ~cont(X0,X1)))[flattening 34]
34. ! [X0] : ! [X1] : (~zex(X0) | (~cont(X1,X0) & ~cont(X0,X1)))[input]
586. ~leq(intersection(sK0,sK0),sK0) {17} (6:5) [backtracking splitting component]
559. ~leq(sK0,intersection(sK0,sK0)) | ~leq(intersection(sK0,sK0),sK0) {4} (6:10) [resolution 552,243]
243. eqdim(X0,X1) | ~leq(X1,X0) | ~leq(X0,X1) (0:9) [cnf transformation 123]
123. ! [X0,X1] : ((~eqdim(X0,X1) | (leq(X0,X1) & leq(X1,X0))) & (~leq(X0,X1) | ~leq(X1,X0) | eqdim(X0,X1)))[flattening 122]
122. ! [X0,X1] : ((~eqdim(X0,X1) | (leq(X0,X1) & leq(X1,X0))) & ((~leq(X0,X1) | ~leq(X1,X0)) | eqdim(X0,X1)))[ennf transformation 70]
70. ! [X0,X1] : ((~eqdim(X0,X1) | (leq(X0,X1) & leq(X1,X0))) & (~(leq(X0,X1) & leq(X1,X0)) | eqdim(X0,X1)))[flattening 52]
52. ! [X0] : ! [X1] : ((~eqdim(X0,X1) | (leq(X0,X1) & leq(X1,X0))) & (~(leq(X0,X1) & leq(X1,X0)) | eqdim(X0,X1)))[input]
552. ~eqdim(intersection(sK0,sK0),sK0) {4} (5:5) [resolution 488,255]
488. ~eqdim(sK0,intersection(sK0,sK0)) {4} (4:5) [backtracking split refutation 484,485,486]
486. $false {11} (3:0) [subsumption resolution 330,485]
330. cont(sK0,sK0) (3:3) [resolution 318,198]
198. zex(X0) | cont(X0,X0) (0:5) [cnf transformation 105]
105. ! [X0] : ((zex(X0) | cont(X0,X0)) & (~cont(X0,X0) | ~zex(X0)))[ennf transformation 31]
31. ! [X0] : ((zex(X0) | cont(X0,X0)) & (~cont(X0,X0) | ~zex(X0)))[input]
485. ~cont(sK0,sK0) {11} (4:3) [backtracking splitting component]
484. ~eqdim(sK0,intersection(sK0,sK0)) | ~cont(sK0,sK0) {4} (4:8) [duplicate literal removal 481]
481. ~eqdim(sK0,intersection(sK0,sK0)) | ~cont(sK0,sK0) | ~cont(sK0,sK0) {4} (4:11) [resolution 391,274]
274. p(X2,intersection(X0,X1)) | ~eqdim(X2,intersection(X0,X1)) | ~cont(X2,X1) | ~cont(X2,X0) (0:16) [cnf transformation 150]
391. ~p(sK0,intersection(sK0,sK0)) {4} (3:5) [superposition 195,322]
195. ~p(intersection(sK0,sK1),intersection(sK0,intersection(sK0,sK1))) (0:9) [cnf transformation 177]
584. ~leq(intersection(sK0,sK0),sK0) {4} (5:5) [backtracking split refutation 550,558,581]
581. $false {14} (3:0) [subsumption resolution 330,580]
580. ~cont(sK0,sK0) {14} (6:3) [duplicate literal removal 568]
568. ~cont(sK0,sK0) | ~cont(sK0,sK0) {14} (6:6) [resolution 558,290]
290. leq(X2,intersection(X0,X1)) | ~cont(X2,X1) | ~cont(X2,X0) (0:11) [cnf transformation 173]
173. ! [X0,X1,X2] : (~cont(X2,X0) | ~cont(X2,X1) | leq(X2,intersection(X0,X1)))[flattening 172]
172. ! [X0,X1,X2] : ((~cont(X2,X0) | ~cont(X2,X1)) | leq(X2,intersection(X0,X1)))[ennf transformation 103]
103. ! [X0,X1,X2] : (~(cont(X2,X0) & cont(X2,X1)) | leq(X2,intersection(X0,X1)))[flattening 13]
13. ! [X0] : ! [X1] : ! [X2] : (~(cont(X2,X0) & cont(X2,X1)) | leq(X2,intersection(X0,X1)))[input]
558. ~leq(sK0,intersection(sK0,sK0)) {14} (5:5) [backtracking splitting component]
550. ~leq(intersection(sK0,sK0),sK0) | ~leq(sK0,intersection(sK0,sK0)) {4} (5:10) [resolution 488,243]
567. ~cont(intersection(sK0,sK0),sK0) {15} (6:5) [backtracking splitting component]
562. lt(intersection(sK0,sK0),sK0) | ~cont(intersection(sK0,sK0),sK0) {4} (6:10) [resolution 552,258]
585. leq(sK0,intersection(sK0,sK0)) (5:5) [backtracking split refutation 550,558,581]
322. intersection(sK0,sK1) = sK0 {4} (2:5) [backtracking splitting component]
317. ~cont(sK0,intersection(sK0,sK1)) | intersection(sK0,sK1) = sK0 (2:10) [resolution 295,265]
265. ~cont(X0,X1) | ~cont(X1,X0) | X0 = X1 (0:9) [cnf transformation 146]
146. ! [X0,X1] : (~cont(X0,X1) | ~cont(X1,X0) | X0 = X1)[flattening 145]
145. ! [X0,X1] : ((~cont(X0,X1) | ~cont(X1,X0)) | X0 = X1)[ennf transformation 87]
87. ! [X0,X1] : (~(cont(X0,X1) & cont(X1,X0)) | X0 = X1)[flattening 32]
32. ! [X0] : ! [X1] : (~(cont(X0,X1) & cont(X1,X0)) | X0 = X1)[input]
919. ~cont(sK0,sK1) {40} (4:3) [backtracking splitting component]
917. ~eqdim(sK0,intersection(sK0,sK1)) | ~cont(sK0,sK1) (4:8) [backtracking split refutation 912,915,916]
916. $false {39} (3:0) [subsumption resolution 330,915]
915. ~cont(sK0,sK0) {39} (4:3) [backtracking splitting component]
912. ~eqdim(sK0,intersection(sK0,sK1)) | ~cont(sK0,sK1) | ~cont(sK0,sK0) (4:11) [resolution 795,274]
1539. ~cont(intersection(sK0,sK1),sK0) {76} (3:5) [backtracking splitting component]
1527. ~cont(intersection(sK0,sK1),intersection(sK0,sK1)) | ~cont(intersection(sK0,sK1),sK0) {38} (3:12) [resolution 876,290]
300. cont(intersection(sK0,sK1),intersection(sK0,sK1)) (1:7) [resolution 194,198]
876. ~leq(intersection(sK0,sK1),intersection(sK0,intersection(sK0,sK1))) {38} (2:9) [backtracking splitting component]
836. ~leq(intersection(sK0,intersection(sK0,sK1)),intersection(sK0,sK1)) | ~leq(intersection(sK0,sK1),intersection(sK0,intersection(sK0,sK1))) (2:18) [resolution 311,243]
311. ~eqdim(intersection(sK0,sK1),intersection(sK0,intersection(sK0,sK1))) (1:9) [backtracking split refutation 307,309,310]
310. $false {3} (1:0) [subsumption resolution 300,309]
309. ~cont(intersection(sK0,sK1),intersection(sK0,sK1)) {3} (1:7) [backtracking splitting component]
307. ~eqdim(intersection(sK0,sK1),intersection(sK0,intersection(sK0,sK1))) | ~cont(intersection(sK0,sK1),intersection(sK0,sK1)) (1:16) [backtracking split refutation 301,304,305]
305. $false {1} (1:0) [subsumption resolution 295,304]
304. ~cont(intersection(sK0,sK1),sK0) {1} (1:5) [backtracking splitting component]
301. ~eqdim(intersection(sK0,sK1),intersection(sK0,intersection(sK0,sK1))) | ~cont(intersection(sK0,sK1),intersection(sK0,sK1)) | ~cont(intersection(sK0,sK1),sK0) (1:21) [resolution 195,274]
1290. ~leq(intersection(sK0,sK1),X2) | p(X2,X2) (3:8) [resolution 403,248]
403. lt(X2,intersection(sK0,sK1)) | p(X2,X2) (2:8) [resolution 297,207]
207. zex(X0) | p(X0,X0) (0:5) [cnf transformation 2]
2. ! [X0] : (zex(X0) | p(X0,X0))[input]
297. ~zex(X0) | lt(X0,intersection(sK0,sK1)) (1:7) [resolution 194,263]
263. zex(X1) | lt(X0,X1) | ~zex(X0) (0:7) [cnf transformation 142]
142. ! [X0,X1] : (~zex(X0) | zex(X1) | lt(X0,X1))[flattening 141]
141. ! [X0,X1] : ((~zex(X0) | zex(X1)) | lt(X0,X1))[ennf transformation 85]
85. ! [X0,X1] : (~(zex(X0) & ~zex(X1)) | lt(X0,X1))[flattening 30]
30. ! [X0] : ! [X1] : (~(zex(X0) & ~zex(X1)) | lt(X0,X1))[input]
1449. ~cont(intersection(sK0,intersection(sK0,sK1)),intersection(sK0,sK1)) {70} (3:9) [backtracking splitting component]
1444. lt(intersection(sK0,intersection(sK0,sK1)),intersection(sK0,sK1)) | ~cont(intersection(sK0,intersection(sK0,sK1)),intersection(sK0,sK1)) (3:18) [resolution 838,258]
838. ~eqdim(intersection(sK0,intersection(sK0,sK1)),intersection(sK0,sK1)) (2:9) [resolution 311,255]
7329. ~lt(intersection(sK0,intersection(sK0,sK1)),intersection(sK0,sK1)) {78} (4:9) [resolution 1550,247]
247. leq(X0,X1) | ~lt(X0,X1) (0:6) [cnf transformation 127]
1550. ~leq(intersection(sK0,intersection(sK0,sK1)),intersection(sK0,sK1)) {78} (3:9) [backtracking splitting component]
1441. ~leq(intersection(sK0,sK1),intersection(sK0,intersection(sK0,sK1))) | ~leq(intersection(sK0,intersection(sK0,sK1)),intersection(sK0,sK1)) (3:18) [resolution 838,243]
1548. ~leq(intersection(sK0,intersection(sK0,sK1)),intersection(sK0,sK1)) (2:9) [backtracking split refutation 836,876,1547]
------------------------------
Version: Vampire 0.6 (revision 903)
Termination reason: Refutation

Active clauses: 3157
Passive clauses: 9301
Generated clauses: 31856
Final active clauses: 2874
Final passive clauses: 4974
Input formulas: 53
Initial clauses: 101

Duplicate literals: 131
Trivial inequalities: 94
Bw subsumption resolutions: 250
Fw demodulations: 3930
Condensations: 22

Simple tautologies: 110
Equational tautologies: 275
Forward subsumptions: 17104

Binary resolution: 23656
Factoring: 2
Forward superposition: 269
Backward superposition: 1653

Backtracking splits: 555
Backtracking splits refuted: 178
Backtracking splits refuted at zero level: 19

Memory used: 6396KB
Time elapsed: 1.942 s
------------------------------
% Success in time 3.873 s
