============================== Prover9 ===============================
Prover9 (32) version Dec-2007, Dec 2007.
Process 13268 was started by torsten on torsten-2016,
Sun Jun 24 23:34:09 2018
The command was "/cygdrive/c/Reasoning/prover9-bin/bin-win32/prover9 -t600 -f C:\Users\torsten\Documents\github\colore\ontologies\multidim_mereotopology_cont\definitions\conversions\c.p9 C:\Users\torsten\Documents\github\colore\ontologies\multidim_mereotopology_dim\definitions\conversions\covers.p9 C:\Users\torsten\Documents\github\colore\ontologies\multidim_mereotopology_dim\definitions\conversions\dim_basic_defs.p9 C:\Users\torsten\Documents\github\colore\ontologies\multidim_mereotopology_codi\definitions\conversions\ep.p9 C:\Users\torsten\Documents\github\colore\ontologies\multidim_mereotopology_codi\definitions\conversions\sc.p9 C:\Users\torsten\Documents\github\colore\ontologies\multidim_mereotopology_codi\definitions\conversions\inc.p9 C:\Users\torsten\Documents\github\colore\ontologies\multidim_mereotopology_zex\conversions\zex.p9 C:\Users\torsten\Documents\github\colore\ontologies\multidim_mereotopology_cont\conversions\cont_ext.p9 C:\Users\torsten\Documents\github\colore\ontologies\multidim_mereotopology_dim\conversions\dim_prime_linear.p9 C:\Users\torsten\Documents\github\colore\ontologies\multidim_mereotopology_dim\conversions\dim_prime_linear_unbounded.p9 C:\Users\torsten\Documents\github\colore\ontologies\multidim_mereotopology_cont\conversions\cont_basic.p9 C:\Users\torsten\Documents\github\colore\ontologies\multidim_mereotopology_dim\definitions\conversions\dim_defs.p9 C:\Users\torsten\Documents\github\colore\ontologies\multidim_mereotopology_codi\conversions\codi_linear.p9 C:\Users\torsten\Documents\github\colore\ontologies\multidim_mereotopology_codi\theorems\conversions\codi_int_theorems_goal13.p9 C:\Users\torsten\Documents\github\colore\ontologies\multidim_mereotopology_codi\definitions\conversions\po.p9 C:\Users\torsten\Documents\github\colore\ontologies\multidim_mereotopology_codi\conversions\codi_int.p9 C:\Users\torsten\Documents\github\colore\ontologies\multidim_mereotopology_codi\conversions\codi_basic.p9 C:\Users\torsten\Documents\github\colore\ontologies\multidim_mereotopology_dim\conversions\dim_basic.p9 C:\Users\torsten\Documents\github\colore\ontologies\multidim_mereotopology_cont\conversions\cont_c_ext.p9 C:\Users\torsten\Documents\github\colore\ontologies\multidim_mereotopology_dim\definitions\conversions\eq_dim.p9 C:\Users\torsten\Documents\github\colore\ontologies\multidim_mereotopology_dim\definitions\conversions\min_max_dim.p9 C:\Users\torsten\Documents\github\colore\ontologies\multidim_mereotopology_codi\generated\codi_int_relevance1.order".
============================== end of head ===========================

============================== INPUT =================================

% Reading from file C:\Users\torsten\Documents\github\colore\ontologies\multidim_mereotopology_cont\definitions\conversions\c.p9


formulas(sos).
(all x13 all x12 (c(x13,x12) <-> (exists x11 (cont(x11,x13) & cont(x11,x12))))).
end_of_list.

% Reading from file C:\Users\torsten\Documents\github\colore\ontologies\multidim_mereotopology_dim\definitions\conversions\covers.p9


formulas(sos).
(all x13 all x12 (covers(x13,x12) <-> lt(x12,x13) & (all x11 -(lt(x12,x11) & lt(x11,x13))))).
end_of_list.

% Reading from file C:\Users\torsten\Documents\github\colore\ontologies\multidim_mereotopology_dim\definitions\conversions\dim_basic_defs.p9


formulas(sos).
(all x12 all x11 (gt(x12,x11) <-> lt(x11,x12))).
(all x22 all x21 (geq(x22,x21) <-> leq(x21,x22))).
(all x32 all x31 (lt(x32,x31) <-> leq(x32,x31) & -eqdim(x32,x31))).
end_of_list.

% Reading from file C:\Users\torsten\Documents\github\colore\ontologies\multidim_mereotopology_codi\definitions\conversions\ep.p9


formulas(sos).
(all x12 all x11 (p(x12,x11) <-> cont(x12,x11) & eqdim(x12,x11))).
end_of_list.

% Reading from file C:\Users\torsten\Documents\github\colore\ontologies\multidim_mereotopology_codi\definitions\conversions\sc.p9


formulas(sos).
(all x13 all x12 (sc(x13,x12) <-> (exists x11 (cont(x11,x13) & cont(x11,x12))) & (all x11 (cont(x11,x13) & cont(x11,x12) -> lt(x11,x13) & lt(x11,x12))))).
end_of_list.

% Reading from file C:\Users\torsten\Documents\github\colore\ontologies\multidim_mereotopology_codi\definitions\conversions\inc.p9


formulas(sos).
(all x13 all x12 (inc(x13,x12) <-> (exists x11 (lt(x11,x13) & cont(x11,x13) & p(x11,x12))) | (exists x11 (lt(x11,x12) & cont(x11,x12) & p(x11,x13))))).
end_of_list.

% Reading from file C:\Users\torsten\Documents\github\colore\ontologies\multidim_mereotopology_zex\conversions\zex.p9


formulas(sos).
(exists x2 zex(x2)).
end_of_list.

% Reading from file C:\Users\torsten\Documents\github\colore\ontologies\multidim_mereotopology_cont\conversions\cont_ext.p9


formulas(sos).
(all x13 all x12 ((all x11 (cont(x11,x13) <-> cont(x11,x12))) -> x13 = x12)).
end_of_list.

% Reading from file C:\Users\torsten\Documents\github\colore\ontologies\multidim_mereotopology_dim\conversions\dim_prime_linear.p9


formulas(sos).
(exists x2 mindim(x2)).
end_of_list.

% Reading from file C:\Users\torsten\Documents\github\colore\ontologies\multidim_mereotopology_dim\conversions\dim_prime_linear_unbounded.p9


formulas(sos).
(all x11 leq(x11,x11)).
(all x23 all x22 all x21 (leq(x23,x22) & leq(x22,x21) -> leq(x23,x21))).
(all x32 all x31 (zex(x32) & zex(x31) -> x32 = x31)).
(all x42 all x41 (zex(x42) -> leq(x42,x41))).
end_of_list.

% Reading from file C:\Users\torsten\Documents\github\colore\ontologies\multidim_mereotopology_cont\conversions\cont_basic.p9


formulas(sos).
(all x11 (-zex(x11) <-> cont(x11,x11))).
(all x22 all x21 (cont(x22,x21) & cont(x21,x22) -> x22 = x21)).
(all x33 all x32 all x31 (cont(x33,x32) & cont(x32,x31) -> cont(x33,x31))).
(all x42 all x41 (zex(x42) -> -cont(x41,x42) & -cont(x42,x41))).
(all x52 all x51 (zex(x52) & zex(x51) -> x52 = x51)).
end_of_list.

% Reading from file C:\Users\torsten\Documents\github\colore\ontologies\multidim_mereotopology_dim\definitions\conversions\dim_defs.p9


formulas(sos).
end_of_list.

% Reading from file C:\Users\torsten\Documents\github\colore\ontologies\multidim_mereotopology_codi\conversions\codi_linear.p9


formulas(sos).
(all x12 all x11 (cont(x12,x11) -> lt(x12,x11) | eqdim(x12,x11))).
end_of_list.

% Reading from file C:\Users\torsten\Documents\github\colore\ontologies\multidim_mereotopology_codi\theorems\conversions\codi_int_theorems_goal13.p9


formulas(goals).
(all x131 (-zex(x131) & -zex(intersection(x131,x131)) -> p(intersection(x131,x131),x131))).
end_of_list.

% Reading from file C:\Users\torsten\Documents\github\colore\ontologies\multidim_mereotopology_codi\definitions\conversions\po.p9


formulas(sos).
(all x13 all x12 (po(x13,x12) <-> (exists x11 (p(x11,x13) & p(x11,x12))))).
end_of_list.

% Reading from file C:\Users\torsten\Documents\github\colore\ontologies\multidim_mereotopology_codi\conversions\codi_int.p9


formulas(sos).
(all x12 all x11 (-c(x12,x11) <-> zex(intersection(x12,x11)))).
(all x22 all x21 (-zex(intersection(x22,x21)) -> cont(intersection(x22,x21),x22))).
(all x33 all x32 all x31 (cont(x31,x33) & cont(x31,x32) -> leq(x31,intersection(x33,x32)))).
(all x43 all x42 all x41 (cont(x41,x43) & cont(x41,x42) & eqdim(x41,intersection(x43,x42)) <-> p(x41,intersection(x43,x42)))).
end_of_list.

% Reading from file C:\Users\torsten\Documents\github\colore\ontologies\multidim_mereotopology_codi\conversions\codi_basic.p9


formulas(sos).
(all x12 all x11 (cont(x12,x11) -> lt(x12,x11) | eqdim(x12,x11))).
end_of_list.

% Reading from file C:\Users\torsten\Documents\github\colore\ontologies\multidim_mereotopology_dim\conversions\dim_basic.p9


formulas(sos).
(all x11 -lt(x11,x11)).
(all x22 all x21 (lt(x22,x21) -> -lt(x21,x22))).
(all x33 all x32 all x31 (lt(x33,x32) & lt(x32,x31) -> lt(x33,x31))).
(all x41 eqdim(x41,x41)).
(all x52 all x51 (eqdim(x52,x51) -> eqdim(x51,x52))).
(all x63 all x62 all x61 (eqdim(x63,x62) & eqdim(x62,x61) -> eqdim(x63,x61))).
(all x72 all x71 (lt(x72,x71) -> -eqdim(x72,x71))).
(all x83 all x82 all x81 (eqdim(x83,x82) -> (lt(x81,x83) -> lt(x81,x82)))).
(all x93 all x92 all x91 (eqdim(x93,x92) -> (lt(x93,x91) -> lt(x92,x91)))).
(exists x102 (-zex(x102) & (all x101 (lt(x101,x102) -> zex(x101))))).
(all x112 all x111 (zex(x112) & zex(x111) -> x112 = x111)).
(all x122 all x121 (zex(x122) & -zex(x121) -> lt(x122,x121))).
end_of_list.

% Reading from file C:\Users\torsten\Documents\github\colore\ontologies\multidim_mereotopology_cont\conversions\cont_c_ext.p9


formulas(sos).
end_of_list.

% Reading from file C:\Users\torsten\Documents\github\colore\ontologies\multidim_mereotopology_dim\definitions\conversions\eq_dim.p9


formulas(sos).
(all x12 all x11 (eqdim(x12,x11) <-> leq(x12,x11) & leq(x11,x12))).
end_of_list.

% Reading from file C:\Users\torsten\Documents\github\colore\ontologies\multidim_mereotopology_dim\definitions\conversions\min_max_dim.p9


formulas(sos).
(all x12 (maxdim(x12) <-> -zex(x12) & (all x11 leq(x11,x12)))).
(all x22 (mindim(x22) <-> -zex(x22) & (all x21 (-zex(x21) -> leq(x22,x21))))).
end_of_list.

% Reading from file C:\Users\torsten\Documents\github\colore\ontologies\multidim_mereotopology_codi\generated\codi_int_relevance1.order

predicate_order([covers,maxdim,mindim,sc,inc,po,c,=,leq,eqdim,lt,p,cont,zex]).
set(inverse_order).
assign(order,kbo).

============================== end of input ==========================

% From the command line: assign(max_seconds, 600).

============================== PROCESS NON-CLAUSAL FORMULAS ==========

% Formulas that are not ordinary clauses:
1 (all x13 all x12 (c(x13,x12) <-> (exists x11 (cont(x11,x13) & cont(x11,x12))))) # label(non_clause).  [assumption].
2 (all x13 all x12 (covers(x13,x12) <-> lt(x12,x13) & (all x11 -(lt(x12,x11) & lt(x11,x13))))) # label(non_clause).  [assumption].
3 (all x12 all x11 (gt(x12,x11) <-> lt(x11,x12))) # label(non_clause).  [assumption].
4 (all x22 all x21 (geq(x22,x21) <-> leq(x21,x22))) # label(non_clause).  [assumption].
5 (all x32 all x31 (lt(x32,x31) <-> leq(x32,x31) & -eqdim(x32,x31))) # label(non_clause).  [assumption].
6 (all x12 all x11 (p(x12,x11) <-> cont(x12,x11) & eqdim(x12,x11))) # label(non_clause).  [assumption].
7 (all x13 all x12 (sc(x13,x12) <-> (exists x11 (cont(x11,x13) & cont(x11,x12))) & (all x11 (cont(x11,x13) & cont(x11,x12) -> lt(x11,x13) & lt(x11,x12))))) # label(non_clause).  [assumption].
8 (all x13 all x12 (inc(x13,x12) <-> (exists x11 (lt(x11,x13) & cont(x11,x13) & p(x11,x12))) | (exists x11 (lt(x11,x12) & cont(x11,x12) & p(x11,x13))))) # label(non_clause).  [assumption].
9 (exists x2 zex(x2)) # label(non_clause).  [assumption].
10 (all x13 all x12 ((all x11 (cont(x11,x13) <-> cont(x11,x12))) -> x13 = x12)) # label(non_clause).  [assumption].
11 (exists x2 mindim(x2)) # label(non_clause).  [assumption].
12 (all x11 leq(x11,x11)) # label(non_clause).  [assumption].
13 (all x23 all x22 all x21 (leq(x23,x22) & leq(x22,x21) -> leq(x23,x21))) # label(non_clause).  [assumption].
14 (all x32 all x31 (zex(x32) & zex(x31) -> x32 = x31)) # label(non_clause).  [assumption].
15 (all x42 all x41 (zex(x42) -> leq(x42,x41))) # label(non_clause).  [assumption].
16 (all x11 (-zex(x11) <-> cont(x11,x11))) # label(non_clause).  [assumption].
17 (all x22 all x21 (cont(x22,x21) & cont(x21,x22) -> x22 = x21)) # label(non_clause).  [assumption].
18 (all x33 all x32 all x31 (cont(x33,x32) & cont(x32,x31) -> cont(x33,x31))) # label(non_clause).  [assumption].
19 (all x42 all x41 (zex(x42) -> -cont(x41,x42) & -cont(x42,x41))) # label(non_clause).  [assumption].
20 (all x52 all x51 (zex(x52) & zex(x51) -> x52 = x51)) # label(non_clause).  [assumption].
21 (all x12 all x11 (cont(x12,x11) -> lt(x12,x11) | eqdim(x12,x11))) # label(non_clause).  [assumption].
22 (all x13 all x12 (po(x13,x12) <-> (exists x11 (p(x11,x13) & p(x11,x12))))) # label(non_clause).  [assumption].
23 (all x12 all x11 (-c(x12,x11) <-> zex(intersection(x12,x11)))) # label(non_clause).  [assumption].
24 (all x22 all x21 (-zex(intersection(x22,x21)) -> cont(intersection(x22,x21),x22))) # label(non_clause).  [assumption].
25 (all x33 all x32 all x31 (cont(x31,x33) & cont(x31,x32) -> leq(x31,intersection(x33,x32)))) # label(non_clause).  [assumption].
26 (all x43 all x42 all x41 (cont(x41,x43) & cont(x41,x42) & eqdim(x41,intersection(x43,x42)) <-> p(x41,intersection(x43,x42)))) # label(non_clause).  [assumption].
27 (all x12 all x11 (cont(x12,x11) -> lt(x12,x11) | eqdim(x12,x11))) # label(non_clause).  [assumption].
28 (all x11 -lt(x11,x11)) # label(non_clause).  [assumption].
29 (all x22 all x21 (lt(x22,x21) -> -lt(x21,x22))) # label(non_clause).  [assumption].
30 (all x33 all x32 all x31 (lt(x33,x32) & lt(x32,x31) -> lt(x33,x31))) # label(non_clause).  [assumption].
31 (all x41 eqdim(x41,x41)) # label(non_clause).  [assumption].
32 (all x52 all x51 (eqdim(x52,x51) -> eqdim(x51,x52))) # label(non_clause).  [assumption].
33 (all x63 all x62 all x61 (eqdim(x63,x62) & eqdim(x62,x61) -> eqdim(x63,x61))) # label(non_clause).  [assumption].
34 (all x72 all x71 (lt(x72,x71) -> -eqdim(x72,x71))) # label(non_clause).  [assumption].
35 (all x83 all x82 all x81 (eqdim(x83,x82) -> (lt(x81,x83) -> lt(x81,x82)))) # label(non_clause).  [assumption].
36 (all x93 all x92 all x91 (eqdim(x93,x92) -> (lt(x93,x91) -> lt(x92,x91)))) # label(non_clause).  [assumption].
37 (exists x102 (-zex(x102) & (all x101 (lt(x101,x102) -> zex(x101))))) # label(non_clause).  [assumption].
38 (all x112 all x111 (zex(x112) & zex(x111) -> x112 = x111)) # label(non_clause).  [assumption].
39 (all x122 all x121 (zex(x122) & -zex(x121) -> lt(x122,x121))) # label(non_clause).  [assumption].
40 (all x12 all x11 (eqdim(x12,x11) <-> leq(x12,x11) & leq(x11,x12))) # label(non_clause).  [assumption].
41 (all x12 (maxdim(x12) <-> -zex(x12) & (all x11 leq(x11,x12)))) # label(non_clause).  [assumption].
42 (all x22 (mindim(x22) <-> -zex(x22) & (all x21 (-zex(x21) -> leq(x22,x21))))) # label(non_clause).  [assumption].
43 (all x131 (-zex(x131) & -zex(intersection(x131,x131)) -> p(intersection(x131,x131),x131))) # label(non_clause) # label(goal).  [goal].

============================== end of process non-clausal formulas ===

============================== PROCESS INITIAL CLAUSES ===============

% Clauses before input processing:

formulas(usable).
end_of_list.

formulas(sos).
-c(x,y) | cont(f1(x,y),x).  [clausify(1)].
-c(x,y) | cont(f1(x,y),y).  [clausify(1)].
c(x,y) | -cont(z,x) | -cont(z,y).  [clausify(1)].
-covers(x,y) | lt(y,x).  [clausify(2)].
-covers(x,y) | -lt(y,z) | -lt(z,x).  [clausify(2)].
covers(x,y) | -lt(y,x) | lt(y,f2(x,y)).  [clausify(2)].
covers(x,y) | -lt(y,x) | lt(f2(x,y),x).  [clausify(2)].
-gt(x,y) | lt(y,x).  [clausify(3)].
gt(x,y) | -lt(y,x).  [clausify(3)].
-geq(x,y) | leq(y,x).  [clausify(4)].
geq(x,y) | -leq(y,x).  [clausify(4)].
-lt(x,y) | leq(x,y).  [clausify(5)].
-lt(x,y) | -eqdim(x,y).  [clausify(5)].
lt(x,y) | -leq(x,y) | eqdim(x,y).  [clausify(5)].
-p(x,y) | cont(x,y).  [clausify(6)].
-p(x,y) | eqdim(x,y).  [clausify(6)].
p(x,y) | -cont(x,y) | -eqdim(x,y).  [clausify(6)].
-sc(x,y) | cont(f3(x,y),x).  [clausify(7)].
-sc(x,y) | cont(f3(x,y),y).  [clausify(7)].
-sc(x,y) | -cont(z,x) | -cont(z,y) | lt(z,x).  [clausify(7)].
-sc(x,y) | -cont(z,x) | -cont(z,y) | lt(z,y).  [clausify(7)].
sc(x,y) | -cont(z,x) | -cont(z,y) | cont(f4(x,y),x).  [clausify(7)].
sc(x,y) | -cont(z,x) | -cont(z,y) | cont(f4(x,y),y).  [clausify(7)].
sc(x,y) | -cont(z,x) | -cont(z,y) | -lt(f4(x,y),x) | -lt(f4(x,y),y).  [clausify(7)].
-inc(x,y) | lt(f5(x,y),x) | lt(f6(x,y),y).  [clausify(8)].
-inc(x,y) | lt(f5(x,y),x) | cont(f6(x,y),y).  [clausify(8)].
-inc(x,y) | lt(f5(x,y),x) | p(f6(x,y),x).  [clausify(8)].
-inc(x,y) | cont(f5(x,y),x) | lt(f6(x,y),y).  [clausify(8)].
-inc(x,y) | cont(f5(x,y),x) | cont(f6(x,y),y).  [clausify(8)].
-inc(x,y) | cont(f5(x,y),x) | p(f6(x,y),x).  [clausify(8)].
-inc(x,y) | p(f5(x,y),y) | lt(f6(x,y),y).  [clausify(8)].
-inc(x,y) | p(f5(x,y),y) | cont(f6(x,y),y).  [clausify(8)].
-inc(x,y) | p(f5(x,y),y) | p(f6(x,y),x).  [clausify(8)].
inc(x,y) | -lt(z,x) | -cont(z,x) | -p(z,y).  [clausify(8)].
inc(x,y) | -lt(z,y) | -cont(z,y) | -p(z,x).  [clausify(8)].
zex(c1).  [clausify(9)].
cont(f7(x,y),x) | cont(f7(x,y),y) | y = x.  [clausify(10)].
-cont(f7(x,y),x) | -cont(f7(x,y),y) | y = x.  [clausify(10)].
mindim(c2).  [clausify(11)].
leq(x,x).  [clausify(12)].
-leq(x,y) | -leq(y,z) | leq(x,z).  [clausify(13)].
-zex(x) | -zex(y) | y = x.  [clausify(14)].
-zex(x) | leq(x,y).  [clausify(15)].
zex(x) | cont(x,x).  [clausify(16)].
-zex(x) | -cont(x,x).  [clausify(16)].
-cont(x,y) | -cont(y,x) | y = x.  [clausify(17)].
-cont(x,y) | -cont(y,z) | cont(x,z).  [clausify(18)].
-zex(x) | -cont(y,x).  [clausify(19)].
-zex(x) | -cont(x,y).  [clausify(19)].
-zex(x) | -zex(y) | y = x.  [clausify(20)].
-cont(x,y) | lt(x,y) | eqdim(x,y).  [clausify(21)].
-po(x,y) | p(f8(x,y),x).  [clausify(22)].
-po(x,y) | p(f8(x,y),y).  [clausify(22)].
po(x,y) | -p(z,x) | -p(z,y).  [clausify(22)].
c(x,y) | zex(intersection(x,y)).  [clausify(23)].
-c(x,y) | -zex(intersection(x,y)).  [clausify(23)].
zex(intersection(x,y)) | cont(intersection(x,y),x).  [clausify(24)].
-cont(x,y) | -cont(x,z) | leq(x,intersection(y,z)).  [clausify(25)].
-cont(x,y) | -cont(x,z) | -eqdim(x,intersection(y,z)) | p(x,intersection(y,z)).  [clausify(26)].
cont(x,y) | -p(x,intersection(y,z)).  [clausify(26)].
cont(x,y) | -p(x,intersection(z,y)).  [clausify(26)].
eqdim(x,intersection(y,z)) | -p(x,intersection(y,z)).  [clausify(26)].
-cont(x,y) | lt(x,y) | eqdim(x,y).  [clausify(27)].
-lt(x,x).  [clausify(28)].
-lt(x,y) | -lt(y,x).  [clausify(29)].
-lt(x,y) | -lt(y,z) | lt(x,z).  [clausify(30)].
eqdim(x,x).  [clausify(31)].
-eqdim(x,y) | eqdim(y,x).  [clausify(32)].
-eqdim(x,y) | -eqdim(y,z) | eqdim(x,z).  [clausify(33)].
-lt(x,y) | -eqdim(x,y).  [clausify(34)].
-eqdim(x,y) | -lt(z,x) | lt(z,y).  [clausify(35)].
-eqdim(x,y) | -lt(x,z) | lt(y,z).  [clausify(36)].
-zex(c3).  [clausify(37)].
-lt(x,c3) | zex(x).  [clausify(37)].
-zex(x) | -zex(y) | y = x.  [clausify(38)].
-zex(x) | zex(y) | lt(x,y).  [clausify(39)].
-eqdim(x,y) | leq(x,y).  [clausify(40)].
-eqdim(x,y) | leq(y,x).  [clausify(40)].
eqdim(x,y) | -leq(x,y) | -leq(y,x).  [clausify(40)].
-maxdim(x) | -zex(x).  [clausify(41)].
-maxdim(x) | leq(y,x).  [clausify(41)].
maxdim(x) | zex(x) | -leq(f9(x),x).  [clausify(41)].
-mindim(x) | -zex(x).  [clausify(42)].
-mindim(x) | zex(y) | leq(x,y).  [clausify(42)].
mindim(x) | zex(x) | -zex(f10(x)).  [clausify(42)].
mindim(x) | zex(x) | -leq(x,f10(x)).  [clausify(42)].
-zex(c4).  [deny(43)].
-zex(intersection(c4,c4)).  [deny(43)].
-p(intersection(c4,c4),c4).  [deny(43)].
end_of_list.

formulas(demodulators).
end_of_list.

============================== PREDICATE ELIMINATION =================

Eliminating c/2
44 c(x,y) | -cont(z,x) | -cont(z,y).  [clausify(1)].
45 -c(x,y) | cont(f1(x,y),x).  [clausify(1)].
46 -c(x,y) | cont(f1(x,y),y).  [clausify(1)].
Derived: -cont(x,y) | -cont(x,z) | cont(f1(y,z),y).  [resolve(44,a,45,a)].
Derived: -cont(x,y) | -cont(x,z) | cont(f1(y,z),z).  [resolve(44,a,46,a)].
47 c(x,y) | zex(intersection(x,y)).  [clausify(23)].
Derived: zex(intersection(x,y)) | cont(f1(x,y),x).  [resolve(47,a,45,a)].
Derived: zex(intersection(x,y)) | cont(f1(x,y),y).  [resolve(47,a,46,a)].
48 -c(x,y) | -zex(intersection(x,y)).  [clausify(23)].
Derived: -zex(intersection(x,y)) | -cont(z,x) | -cont(z,y).  [resolve(48,a,44,a)].

Eliminating covers/2
49 covers(x,y) | -lt(y,x) | lt(y,f2(x,y)).  [clausify(2)].
50 -covers(x,y) | lt(y,x).  [clausify(2)].
51 -covers(x,y) | -lt(y,z) | -lt(z,x).  [clausify(2)].
Derived: -lt(x,y) | lt(x,f2(y,x)) | -lt(x,z) | -lt(z,y).  [resolve(49,a,51,a)].
52 covers(x,y) | -lt(y,x) | lt(f2(x,y),x).  [clausify(2)].
Derived: -lt(x,y) | lt(f2(y,x),y) | -lt(x,z) | -lt(z,y).  [resolve(52,a,51,a)].

Eliminating gt/2
53 gt(x,y) | -lt(y,x).  [clausify(3)].
54 -gt(x,y) | lt(y,x).  [clausify(3)].

Eliminating geq/2
55 geq(x,y) | -leq(y,x).  [clausify(4)].
56 -geq(x,y) | leq(y,x).  [clausify(4)].

Eliminating sc/2
57 sc(x,y) | -cont(z,x) | -cont(z,y) | cont(f4(x,y),x).  [clausify(7)].
58 -sc(x,y) | cont(f3(x,y),x).  [clausify(7)].
59 -sc(x,y) | cont(f3(x,y),y).  [clausify(7)].
60 -sc(x,y) | -cont(z,x) | -cont(z,y) | lt(z,x).  [clausify(7)].
61 -sc(x,y) | -cont(z,x) | -cont(z,y) | lt(z,y).  [clausify(7)].
Derived: -cont(x,y) | -cont(x,z) | cont(f4(y,z),y) | cont(f3(y,z),y).  [resolve(57,a,58,a)].
Derived: -cont(x,y) | -cont(x,z) | cont(f4(y,z),y) | cont(f3(y,z),z).  [resolve(57,a,59,a)].
Derived: -cont(x,y) | -cont(x,z) | cont(f4(y,z),y) | -cont(u,y) | -cont(u,z) | lt(u,y).  [resolve(57,a,60,a)].
Derived: -cont(x,y) | -cont(x,z) | cont(f4(y,z),y) | -cont(u,y) | -cont(u,z) | lt(u,z).  [resolve(57,a,61,a)].
62 sc(x,y) | -cont(z,x) | -cont(z,y) | cont(f4(x,y),y).  [clausify(7)].
Derived: -cont(x,y) | -cont(x,z) | cont(f4(y,z),z) | cont(f3(y,z),y).  [resolve(62,a,58,a)].
Derived: -cont(x,y) | -cont(x,z) | cont(f4(y,z),z) | cont(f3(y,z),z).  [resolve(62,a,59,a)].
Derived: -cont(x,y) | -cont(x,z) | cont(f4(y,z),z) | -cont(u,y) | -cont(u,z) | lt(u,y).  [resolve(62,a,60,a)].
Derived: -cont(x,y) | -cont(x,z) | cont(f4(y,z),z) | -cont(u,y) | -cont(u,z) | lt(u,z).  [resolve(62,a,61,a)].
63 sc(x,y) | -cont(z,x) | -cont(z,y) | -lt(f4(x,y),x) | -lt(f4(x,y),y).  [clausify(7)].
Derived: -cont(x,y) | -cont(x,z) | -lt(f4(y,z),y) | -lt(f4(y,z),z) | cont(f3(y,z),y).  [resolve(63,a,58,a)].
Derived: -cont(x,y) | -cont(x,z) | -lt(f4(y,z),y) | -lt(f4(y,z),z) | cont(f3(y,z),z).  [resolve(63,a,59,a)].
Derived: -cont(x,y) | -cont(x,z) | -lt(f4(y,z),y) | -lt(f4(y,z),z) | -cont(u,y) | -cont(u,z) | lt(u,y).  [resolve(63,a,60,a)].
Derived: -cont(x,y) | -cont(x,z) | -lt(f4(y,z),y) | -lt(f4(y,z),z) | -cont(u,y) | -cont(u,z) | lt(u,z).  [resolve(63,a,61,a)].

Eliminating inc/2
64 inc(x,y) | -lt(z,x) | -cont(z,x) | -p(z,y).  [clausify(8)].
65 -inc(x,y) | lt(f5(x,y),x) | lt(f6(x,y),y).  [clausify(8)].
66 -inc(x,y) | lt(f5(x,y),x) | cont(f6(x,y),y).  [clausify(8)].
67 -inc(x,y) | lt(f5(x,y),x) | p(f6(x,y),x).  [clausify(8)].
68 -inc(x,y) | cont(f5(x,y),x) | lt(f6(x,y),y).  [clausify(8)].
69 -inc(x,y) | cont(f5(x,y),x) | cont(f6(x,y),y).  [clausify(8)].
70 -inc(x,y) | cont(f5(x,y),x) | p(f6(x,y),x).  [clausify(8)].
71 -inc(x,y) | p(f5(x,y),y) | lt(f6(x,y),y).  [clausify(8)].
72 -inc(x,y) | p(f5(x,y),y) | cont(f6(x,y),y).  [clausify(8)].
73 -inc(x,y) | p(f5(x,y),y) | p(f6(x,y),x).  [clausify(8)].
Derived: -lt(x,y) | -cont(x,y) | -p(x,z) | lt(f5(y,z),y) | lt(f6(y,z),z).  [resolve(64,a,65,a)].
Derived: -lt(x,y) | -cont(x,y) | -p(x,z) | lt(f5(y,z),y) | cont(f6(y,z),z).  [resolve(64,a,66,a)].
Derived: -lt(x,y) | -cont(x,y) | -p(x,z) | lt(f5(y,z),y) | p(f6(y,z),y).  [resolve(64,a,67,a)].
Derived: -lt(x,y) | -cont(x,y) | -p(x,z) | cont(f5(y,z),y) | lt(f6(y,z),z).  [resolve(64,a,68,a)].
Derived: -lt(x,y) | -cont(x,y) | -p(x,z) | cont(f5(y,z),y) | cont(f6(y,z),z).  [resolve(64,a,69,a)].
Derived: -lt(x,y) | -cont(x,y) | -p(x,z) | cont(f5(y,z),y) | p(f6(y,z),y).  [resolve(64,a,70,a)].
Derived: -lt(x,y) | -cont(x,y) | -p(x,z) | p(f5(y,z),z) | lt(f6(y,z),z).  [resolve(64,a,71,a)].
Derived: -lt(x,y) | -cont(x,y) | -p(x,z) | p(f5(y,z),z) | cont(f6(y,z),z).  [resolve(64,a,72,a)].
Derived: -lt(x,y) | -cont(x,y) | -p(x,z) | p(f5(y,z),z) | p(f6(y,z),y).  [resolve(64,a,73,a)].
74 inc(x,y) | -lt(z,y) | -cont(z,y) | -p(z,x).  [clausify(8)].
Derived: -lt(x,y) | -cont(x,y) | -p(x,z) | lt(f5(z,y),z) | lt(f6(z,y),y).  [resolve(74,a,65,a)].
Derived: -lt(x,y) | -cont(x,y) | -p(x,z) | lt(f5(z,y),z) | cont(f6(z,y),y).  [resolve(74,a,66,a)].
Derived: -lt(x,y) | -cont(x,y) | -p(x,z) | lt(f5(z,y),z) | p(f6(z,y),z).  [resolve(74,a,67,a)].
Derived: -lt(x,y) | -cont(x,y) | -p(x,z) | cont(f5(z,y),z) | lt(f6(z,y),y).  [resolve(74,a,68,a)].
Derived: -lt(x,y) | -cont(x,y) | -p(x,z) | cont(f5(z,y),z) | cont(f6(z,y),y).  [resolve(74,a,69,a)].
Derived: -lt(x,y) | -cont(x,y) | -p(x,z) | cont(f5(z,y),z) | p(f6(z,y),z).  [resolve(74,a,70,a)].
Derived: -lt(x,y) | -cont(x,y) | -p(x,z) | p(f5(z,y),y) | lt(f6(z,y),y).  [resolve(74,a,71,a)].
Derived: -lt(x,y) | -cont(x,y) | -p(x,z) | p(f5(z,y),y) | cont(f6(z,y),y).  [resolve(74,a,72,a)].
Derived: -lt(x,y) | -cont(x,y) | -p(x,z) | p(f5(z,y),y) | p(f6(z,y),z).  [resolve(74,a,73,a)].

Eliminating mindim/1
75 -mindim(x) | -zex(x).  [clausify(42)].
76 mindim(c2).  [clausify(11)].
Derived: -zex(c2).  [resolve(75,a,76,a)].
77 -mindim(x) | zex(y) | leq(x,y).  [clausify(42)].
Derived: zex(x) | leq(c2,x).  [resolve(77,a,76,a)].
78 mindim(x) | zex(x) | -zex(f10(x)).  [clausify(42)].
Derived: zex(x) | -zex(f10(x)) | zex(y) | leq(x,y).  [resolve(78,a,77,a)].
79 mindim(x) | zex(x) | -leq(x,f10(x)).  [clausify(42)].
Derived: zex(x) | -leq(x,f10(x)) | zex(y) | leq(x,y).  [resolve(79,a,77,a)].

Eliminating po/2
80 po(x,y) | -p(z,x) | -p(z,y).  [clausify(22)].
81 -po(x,y) | p(f8(x,y),x).  [clausify(22)].
82 -po(x,y) | p(f8(x,y),y).  [clausify(22)].
Derived: -p(x,y) | -p(x,z) | p(f8(y,z),y).  [resolve(80,a,81,a)].
Derived: -p(x,y) | -p(x,z) | p(f8(y,z),z).  [resolve(80,a,82,a)].

Eliminating maxdim/1
83 maxdim(x) | zex(x) | -leq(f9(x),x).  [clausify(41)].
84 -maxdim(x) | -zex(x).  [clausify(41)].
85 -maxdim(x) | leq(y,x).  [clausify(41)].
Derived: zex(x) | -leq(f9(x),x) | leq(y,x).  [resolve(83,a,85,a)].

============================== end predicate elimination =============

Auto_denials:  (non-Horn, no changes).

Term ordering decisions:
Function symbol KB weights:  c1=1. c2=1. c3=1. c4=1. intersection=1. f1=1. f2=1. f3=1. f4=1. f5=1. f6=1. f7=1. f8=1. f9=1. f10=1.
Predicate symbol precedence:  predicate_order([ =, leq, eqdim, lt, p, cont, zex ]).
Function symbol precedence:  function_order([ c1, c2, c3, c4, intersection, f1, f2, f3, f4, f5, f6, f7, f8, f9, f10 ]).
Skipping inverse_order, because term ordering is KBO.
Unfolding symbols: (none).

Auto_inference settings:
  % set(paramodulation).  % (positive equality literals)
  % set(binary_resolution).  % (non-Horn)
  % set(neg_ur_resolution).  % (non-Horn, less than 100 clauses)

Auto_process settings:
  % set(factor).  % (non-Horn)
  % set(unit_deletion).  % (non-Horn)

============================== end of process initial clauses ========

============================== CLAUSES FOR SEARCH ====================

% Clauses after input processing:

formulas(usable).
end_of_list.

formulas(sos).
86 -lt(x,y) | leq(x,y).  [clausify(5)].
87 -lt(x,y) | -eqdim(x,y).  [clausify(5)].
88 lt(x,y) | -leq(x,y) | eqdim(x,y).  [clausify(5)].
89 -p(x,y) | cont(x,y).  [clausify(6)].
90 -p(x,y) | eqdim(x,y).  [clausify(6)].
91 p(x,y) | -cont(x,y) | -eqdim(x,y).  [clausify(6)].
92 zex(c1).  [clausify(9)].
93 cont(f7(x,y),x) | cont(f7(x,y),y) | y = x.  [clausify(10)].
94 -cont(f7(x,y),x) | -cont(f7(x,y),y) | y = x.  [clausify(10)].
95 leq(x,x).  [clausify(12)].
96 -leq(x,y) | -leq(y,z) | leq(x,z).  [clausify(13)].
97 -zex(x) | -zex(y) | y = x.  [clausify(14)].
98 -zex(x) | leq(x,y).  [clausify(15)].
99 zex(x) | cont(x,x).  [clausify(16)].
101 -cont(x,y) | -cont(y,x) | y = x.  [clausify(17)].
102 -cont(x,y) | -cont(y,z) | cont(x,z).  [clausify(18)].
103 -zex(x) | -cont(y,x).  [clausify(19)].
104 -zex(x) | -cont(x,y).  [clausify(19)].
105 -cont(x,y) | lt(x,y) | eqdim(x,y).  [clausify(21)].
106 zex(intersection(x,y)) | cont(intersection(x,y),x).  [clausify(24)].
107 -cont(x,y) | -cont(x,z) | leq(x,intersection(y,z)).  [clausify(25)].
108 -cont(x,y) | -cont(x,z) | -eqdim(x,intersection(y,z)) | p(x,intersection(y,z)).  [clausify(26)].
109 cont(x,y) | -p(x,intersection(y,z)).  [clausify(26)].
110 cont(x,y) | -p(x,intersection(z,y)).  [clausify(26)].
111 -lt(x,x).  [clausify(28)].
112 -lt(x,y) | -lt(y,x).  [clausify(29)].
113 -lt(x,y) | -lt(y,z) | lt(x,z).  [clausify(30)].
114 eqdim(x,x).  [clausify(31)].
115 -eqdim(x,y) | eqdim(y,x).  [clausify(32)].
116 -eqdim(x,y) | -eqdim(y,z) | eqdim(x,z).  [clausify(33)].
117 -eqdim(x,y) | -lt(z,x) | lt(z,y).  [clausify(35)].
118 -eqdim(x,y) | -lt(x,z) | lt(y,z).  [clausify(36)].
119 -zex(c3).  [clausify(37)].
120 -lt(x,c3) | zex(x).  [clausify(37)].
121 -zex(x) | zex(y) | lt(x,y).  [clausify(39)].
122 -eqdim(x,y) | leq(x,y).  [clausify(40)].
123 -eqdim(x,y) | leq(y,x).  [clausify(40)].
124 eqdim(x,y) | -leq(x,y) | -leq(y,x).  [clausify(40)].
125 -zex(c4).  [deny(43)].
126 -zex(intersection(c4,c4)).  [deny(43)].
127 -p(intersection(c4,c4),c4).  [deny(43)].
128 -cont(x,y) | -cont(x,z) | cont(f1(y,z),y).  [resolve(44,a,45,a)].
129 -cont(x,y) | -cont(x,z) | cont(f1(y,z),z).  [resolve(44,a,46,a)].
130 zex(intersection(x,y)) | cont(f1(x,y),x).  [resolve(47,a,45,a)].
131 zex(intersection(x,y)) | cont(f1(x,y),y).  [resolve(47,a,46,a)].
132 -zex(intersection(x,y)) | -cont(z,x) | -cont(z,y).  [resolve(48,a,44,a)].
133 -lt(x,y) | lt(x,f2(y,x)) | -lt(x,z) | -lt(z,y).  [resolve(49,a,51,a)].
134 -lt(x,y) | lt(f2(y,x),y) | -lt(x,z) | -lt(z,y).  [resolve(52,a,51,a)].
135 -cont(x,y) | -cont(x,z) | cont(f4(y,z),y) | cont(f3(y,z),y).  [resolve(57,a,58,a)].
136 -cont(x,y) | -cont(x,z) | cont(f4(y,z),y) | cont(f3(y,z),z).  [resolve(57,a,59,a)].
139 -cont(x,y) | -cont(x,z) | cont(f4(y,z),z) | cont(f3(y,z),y).  [resolve(62,a,58,a)].
140 -cont(x,y) | -cont(x,z) | cont(f4(y,z),z) | cont(f3(y,z),z).  [resolve(62,a,59,a)].
143 -cont(x,y) | -cont(x,z) | -lt(f4(y,z),y) | -lt(f4(y,z),z) | cont(f3(y,z),y).  [resolve(63,a,58,a)].
144 -cont(x,y) | -cont(x,z) | -lt(f4(y,z),y) | -lt(f4(y,z),z) | cont(f3(y,z),z).  [resolve(63,a,59,a)].
147 -lt(x,y) | -cont(x,y) | -p(x,z) | lt(f5(y,z),y) | lt(f6(y,z),z).  [resolve(64,a,65,a)].
148 -lt(x,y) | -cont(x,y) | -p(x,z) | lt(f5(y,z),y) | cont(f6(y,z),z).  [resolve(64,a,66,a)].
149 -lt(x,y) | -cont(x,y) | -p(x,z) | lt(f5(y,z),y) | p(f6(y,z),y).  [resolve(64,a,67,a)].
150 -lt(x,y) | -cont(x,y) | -p(x,z) | cont(f5(y,z),y) | lt(f6(y,z),z).  [resolve(64,a,68,a)].
151 -lt(x,y) | -cont(x,y) | -p(x,z) | cont(f5(y,z),y) | cont(f6(y,z),z).  [resolve(64,a,69,a)].
152 -lt(x,y) | -cont(x,y) | -p(x,z) | cont(f5(y,z),y) | p(f6(y,z),y).  [resolve(64,a,70,a)].
153 -lt(x,y) | -cont(x,y) | -p(x,z) | p(f5(y,z),z) | lt(f6(y,z),z).  [resolve(64,a,71,a)].
154 -lt(x,y) | -cont(x,y) | -p(x,z) | p(f5(y,z),z) | cont(f6(y,z),z).  [resolve(64,a,72,a)].
155 -lt(x,y) | -cont(x,y) | -p(x,z) | p(f5(y,z),z) | p(f6(y,z),y).  [resolve(64,a,73,a)].
156 -lt(x,y) | -cont(x,y) | -p(x,z) | lt(f5(z,y),z) | lt(f6(z,y),y).  [resolve(74,a,65,a)].
157 -lt(x,y) | -cont(x,y) | -p(x,z) | lt(f5(z,y),z) | cont(f6(z,y),y).  [resolve(74,a,66,a)].
158 -lt(x,y) | -cont(x,y) | -p(x,z) | lt(f5(z,y),z) | p(f6(z,y),z).  [resolve(74,a,67,a)].
159 -lt(x,y) | -cont(x,y) | -p(x,z) | cont(f5(z,y),z) | lt(f6(z,y),y).  [resolve(74,a,68,a)].
160 -lt(x,y) | -cont(x,y) | -p(x,z) | cont(f5(z,y),z) | cont(f6(z,y),y).  [resolve(74,a,69,a)].
161 -lt(x,y) | -cont(x,y) | -p(x,z) | cont(f5(z,y),z) | p(f6(z,y),z).  [resolve(74,a,70,a)].
162 -lt(x,y) | -cont(x,y) | -p(x,z) | p(f5(z,y),y) | lt(f6(z,y),y).  [resolve(74,a,71,a)].
163 -lt(x,y) | -cont(x,y) | -p(x,z) | p(f5(z,y),y) | cont(f6(z,y),y).  [resolve(74,a,72,a)].
164 -lt(x,y) | -cont(x,y) | -p(x,z) | p(f5(z,y),y) | p(f6(z,y),z).  [resolve(74,a,73,a)].
165 -zex(c2).  [resolve(75,a,76,a)].
166 zex(x) | leq(c2,x).  [resolve(77,a,76,a)].
167 zex(x) | -zex(f10(x)) | zex(y) | leq(x,y).  [resolve(78,a,77,a)].
168 zex(x) | -leq(x,f10(x)) | zex(y) | leq(x,y).  [resolve(79,a,77,a)].
169 -p(x,y) | -p(x,z) | p(f8(y,z),y).  [resolve(80,a,81,a)].
170 -p(x,y) | -p(x,z) | p(f8(y,z),z).  [resolve(80,a,82,a)].
171 zex(x) | -leq(f9(x),x) | leq(y,x).  [resolve(83,a,85,a)].
172 -cont(x,y) | leq(x,intersection(y,y)).  [factor(107,a,b)].
173 -cont(x,y) | -eqdim(x,intersection(y,y)) | p(x,intersection(y,y)).  [factor(108,a,b)].
174 -cont(x,y) | cont(f1(y,y),y).  [factor(128,a,b)].
175 -zex(intersection(x,x)) | -cont(y,x).  [factor(132,b,c)].
176 -cont(x,y) | cont(f4(y,y),y) | cont(f3(y,y),y).  [factor(135,a,b)].
178 -cont(x,y) | -cont(x,z) | cont(f4(y,z),y) | lt(x,y).  [factor(137,a,d),merge(d)].
179 -cont(x,y) | cont(f4(y,y),y) | lt(x,y).  [factor(137,a,e),merge(b),merge(d)].
180 -cont(x,y) | -cont(x,z) | cont(f4(y,z),y) | lt(x,z).  [factor(138,a,d),merge(d)].
181 -cont(x,y) | -cont(x,z) | cont(f4(y,z),z) | lt(x,y).  [factor(141,a,d),merge(d)].
182 -cont(x,y) | -cont(x,z) | cont(f4(y,z),z) | lt(x,z).  [factor(142,a,d),merge(d)].
183 -cont(x,y) | -lt(f4(y,y),y) | cont(f3(y,y),y).  [factor(143,a,b),merge(c)].
185 -cont(x,y) | -cont(x,z) | -lt(f4(y,z),y) | -lt(f4(y,z),z) | lt(x,y).  [factor(145,a,e),merge(e)].
186 -cont(x,y) | -lt(f4(y,y),y) | lt(x,y).  [factor(145,a,f),merge(b),merge(d),merge(e)].
187 -cont(x,y) | -cont(x,z) | -lt(f4(y,z),y) | -lt(f4(y,z),z) | lt(x,z).  [factor(146,a,e),merge(e)].
188 -p(x,y) | p(f8(y,y),y).  [factor(169,a,b)].
end_of_list.

formulas(demodulators).
end_of_list.

============================== end of clauses for search =============

============================== SEARCH ================================

% Starting search at 0.03 seconds.

given #1 (I,wt=6): 86 -lt(x,y) | leq(x,y).  [clausify(5)].

given #2 (I,wt=6): 87 -lt(x,y) | -eqdim(x,y).  [clausify(5)].

given #3 (I,wt=9): 88 lt(x,y) | -leq(x,y) | eqdim(x,y).  [clausify(5)].

given #4 (I,wt=6): 89 -p(x,y) | cont(x,y).  [clausify(6)].

given #5 (I,wt=6): 90 -p(x,y) | eqdim(x,y).  [clausify(6)].

given #6 (I,wt=9): 91 p(x,y) | -cont(x,y) | -eqdim(x,y).  [clausify(6)].

given #7 (I,wt=2): 92 zex(c1).  [clausify(9)].

given #8 (I,wt=13): 93 cont(f7(x,y),x) | cont(f7(x,y),y) | y = x.  [clausify(10)].

given #9 (I,wt=13): 94 -cont(f7(x,y),x) | -cont(f7(x,y),y) | y = x.  [clausify(10)].

given #10 (I,wt=3): 95 leq(x,x).  [clausify(12)].

given #11 (I,wt=9): 96 -leq(x,y) | -leq(y,z) | leq(x,z).  [clausify(13)].

given #12 (I,wt=7): 97 -zex(x) | -zex(y) | y = x.  [clausify(14)].

given #13 (I,wt=5): 98 -zex(x) | leq(x,y).  [clausify(15)].

given #14 (I,wt=5): 99 zex(x) | cont(x,x).  [clausify(16)].

given #15 (I,wt=9): 101 -cont(x,y) | -cont(y,x) | y = x.  [clausify(17)].

given #16 (I,wt=9): 102 -cont(x,y) | -cont(y,z) | cont(x,z).  [clausify(18)].

given #17 (I,wt=5): 103 -zex(x) | -cont(y,x).  [clausify(19)].

given #18 (I,wt=5): 104 -zex(x) | -cont(x,y).  [clausify(19)].

given #19 (I,wt=9): 105 -cont(x,y) | lt(x,y) | eqdim(x,y).  [clausify(21)].

given #20 (I,wt=9): 106 zex(intersection(x,y)) | cont(intersection(x,y),x).  [clausify(24)].

given #21 (I,wt=11): 107 -cont(x,y) | -cont(x,z) | leq(x,intersection(y,z)).  [clausify(25)].

given #22 (I,wt=16): 108 -cont(x,y) | -cont(x,z) | -eqdim(x,intersection(y,z)) | p(x,intersection(y,z)).  [clausify(26)].

given #23 (I,wt=8): 109 cont(x,y) | -p(x,intersection(y,z)).  [clausify(26)].

given #24 (I,wt=8): 110 cont(x,y) | -p(x,intersection(z,y)).  [clausify(26)].

given #25 (I,wt=3): 111 -lt(x,x).  [clausify(28)].

given #26 (I,wt=6): 112 -lt(x,y) | -lt(y,x).  [clausify(29)].

given #27 (I,wt=9): 113 -lt(x,y) | -lt(y,z) | lt(x,z).  [clausify(30)].

given #28 (I,wt=3): 114 eqdim(x,x).  [clausify(31)].

given #29 (I,wt=6): 115 -eqdim(x,y) | eqdim(y,x).  [clausify(32)].

given #30 (I,wt=9): 116 -eqdim(x,y) | -eqdim(y,z) | eqdim(x,z).  [clausify(33)].

given #31 (I,wt=9): 117 -eqdim(x,y) | -lt(z,x) | lt(z,y).  [clausify(35)].

given #32 (I,wt=9): 118 -eqdim(x,y) | -lt(x,z) | lt(y,z).  [clausify(36)].

given #33 (I,wt=2): 119 -zex(c3).  [clausify(37)].

given #34 (I,wt=5): 120 -lt(x,c3) | zex(x).  [clausify(37)].

given #35 (I,wt=7): 121 -zex(x) | zex(y) | lt(x,y).  [clausify(39)].

given #36 (I,wt=6): 122 -eqdim(x,y) | leq(x,y).  [clausify(40)].

given #37 (I,wt=6): 123 -eqdim(x,y) | leq(y,x).  [clausify(40)].

given #38 (I,wt=9): 124 eqdim(x,y) | -leq(x,y) | -leq(y,x).  [clausify(40)].

given #39 (I,wt=2): 125 -zex(c4).  [deny(43)].

given #40 (I,wt=4): 126 -zex(intersection(c4,c4)).  [deny(43)].

given #41 (I,wt=5): 127 -p(intersection(c4,c4),c4).  [deny(43)].

given #42 (I,wt=11): 128 -cont(x,y) | -cont(x,z) | cont(f1(y,z),y).  [resolve(44,a,45,a)].

given #43 (I,wt=11): 129 -cont(x,y) | -cont(x,z) | cont(f1(y,z),z).  [resolve(44,a,46,a)].

given #44 (I,wt=9): 130 zex(intersection(x,y)) | cont(f1(x,y),x).  [resolve(47,a,45,a)].

given #45 (I,wt=9): 131 zex(intersection(x,y)) | cont(f1(x,y),y).  [resolve(47,a,46,a)].

given #46 (I,wt=10): 132 -zex(intersection(x,y)) | -cont(z,x) | -cont(z,y).  [resolve(48,a,44,a)].

given #47 (I,wt=14): 133 -lt(x,y) | lt(x,f2(y,x)) | -lt(x,z) | -lt(z,y).  [resolve(49,a,51,a)].

given #48 (I,wt=14): 134 -lt(x,y) | lt(f2(y,x),y) | -lt(x,z) | -lt(z,y).  [resolve(52,a,51,a)].

given #49 (I,wt=16): 135 -cont(x,y) | -cont(x,z) | cont(f4(y,z),y) | cont(f3(y,z),y).  [resolve(57,a,58,a)].

given #50 (I,wt=16): 136 -cont(x,y) | -cont(x,z) | cont(f4(y,z),y) | cont(f3(y,z),z).  [resolve(57,a,59,a)].

given #51 (I,wt=16): 139 -cont(x,y) | -cont(x,z) | cont(f4(y,z),z) | cont(f3(y,z),y).  [resolve(62,a,58,a)].

given #52 (I,wt=16): 140 -cont(x,y) | -cont(x,z) | cont(f4(y,z),z) | cont(f3(y,z),z).  [resolve(62,a,59,a)].

given #53 (I,wt=21): 143 -cont(x,y) | -cont(x,z) | -lt(f4(y,z),y) | -lt(f4(y,z),z) | cont(f3(y,z),y).  [resolve(63,a,58,a)].

given #54 (I,wt=21): 144 -cont(x,y) | -cont(x,z) | -lt(f4(y,z),y) | -lt(f4(y,z),z) | cont(f3(y,z),z).  [resolve(63,a,59,a)].

given #55 (I,wt=19): 147 -lt(x,y) | -cont(x,y) | -p(x,z) | lt(f5(y,z),y) | lt(f6(y,z),z).  [resolve(64,a,65,a)].

given #56 (I,wt=19): 148 -lt(x,y) | -cont(x,y) | -p(x,z) | lt(f5(y,z),y) | cont(f6(y,z),z).  [resolve(64,a,66,a)].

given #57 (I,wt=19): 149 -lt(x,y) | -cont(x,y) | -p(x,z) | lt(f5(y,z),y) | p(f6(y,z),y).  [resolve(64,a,67,a)].

given #58 (I,wt=19): 150 -lt(x,y) | -cont(x,y) | -p(x,z) | cont(f5(y,z),y) | lt(f6(y,z),z).  [resolve(64,a,68,a)].

given #59 (I,wt=19): 151 -lt(x,y) | -cont(x,y) | -p(x,z) | cont(f5(y,z),y) | cont(f6(y,z),z).  [resolve(64,a,69,a)].

given #60 (I,wt=19): 152 -lt(x,y) | -cont(x,y) | -p(x,z) | cont(f5(y,z),y) | p(f6(y,z),y).  [resolve(64,a,70,a)].

given #61 (I,wt=19): 153 -lt(x,y) | -cont(x,y) | -p(x,z) | p(f5(y,z),z) | lt(f6(y,z),z).  [resolve(64,a,71,a)].

given #62 (I,wt=19): 154 -lt(x,y) | -cont(x,y) | -p(x,z) | p(f5(y,z),z) | cont(f6(y,z),z).  [resolve(64,a,72,a)].

given #63 (I,wt=19): 155 -lt(x,y) | -cont(x,y) | -p(x,z) | p(f5(y,z),z) | p(f6(y,z),y).  [resolve(64,a,73,a)].

given #64 (I,wt=19): 156 -lt(x,y) | -cont(x,y) | -p(x,z) | lt(f5(z,y),z) | lt(f6(z,y),y).  [resolve(74,a,65,a)].

given #65 (I,wt=19): 157 -lt(x,y) | -cont(x,y) | -p(x,z) | lt(f5(z,y),z) | cont(f6(z,y),y).  [resolve(74,a,66,a)].

given #66 (I,wt=19): 158 -lt(x,y) | -cont(x,y) | -p(x,z) | lt(f5(z,y),z) | p(f6(z,y),z).  [resolve(74,a,67,a)].

given #67 (I,wt=19): 159 -lt(x,y) | -cont(x,y) | -p(x,z) | cont(f5(z,y),z) | lt(f6(z,y),y).  [resolve(74,a,68,a)].

given #68 (I,wt=19): 160 -lt(x,y) | -cont(x,y) | -p(x,z) | cont(f5(z,y),z) | cont(f6(z,y),y).  [resolve(74,a,69,a)].

given #69 (I,wt=19): 161 -lt(x,y) | -cont(x,y) | -p(x,z) | cont(f5(z,y),z) | p(f6(z,y),z).  [resolve(74,a,70,a)].

given #70 (I,wt=19): 162 -lt(x,y) | -cont(x,y) | -p(x,z) | p(f5(z,y),y) | lt(f6(z,y),y).  [resolve(74,a,71,a)].

given #71 (I,wt=19): 163 -lt(x,y) | -cont(x,y) | -p(x,z) | p(f5(z,y),y) | cont(f6(z,y),y).  [resolve(74,a,72,a)].

given #72 (I,wt=19): 164 -lt(x,y) | -cont(x,y) | -p(x,z) | p(f5(z,y),y) | p(f6(z,y),z).  [resolve(74,a,73,a)].

given #73 (I,wt=2): 165 -zex(c2).  [resolve(75,a,76,a)].

given #74 (I,wt=5): 166 zex(x) | leq(c2,x).  [resolve(77,a,76,a)].

given #75 (I,wt=10): 167 zex(x) | -zex(f10(x)) | zex(y) | leq(x,y).  [resolve(78,a,77,a)].

given #76 (I,wt=11): 168 zex(x) | -leq(x,f10(x)) | zex(y) | leq(x,y).  [resolve(79,a,77,a)].

given #77 (I,wt=11): 169 -p(x,y) | -p(x,z) | p(f8(y,z),y).  [resolve(80,a,81,a)].

given #78 (I,wt=11): 170 -p(x,y) | -p(x,z) | p(f8(y,z),z).  [resolve(80,a,82,a)].

given #79 (I,wt=9): 171 zex(x) | -leq(f9(x),x) | leq(y,x).  [resolve(83,a,85,a)].

given #80 (I,wt=8): 172 -cont(x,y) | leq(x,intersection(y,y)).  [factor(107,a,b)].

given #81 (I,wt=13): 173 -cont(x,y) | -eqdim(x,intersection(y,y)) | p(x,intersection(y,y)).  [factor(108,a,b)].

given #82 (I,wt=8): 174 -cont(x,y) | cont(f1(y,y),y).  [factor(128,a,b)].

given #83 (I,wt=7): 175 -zex(intersection(x,x)) | -cont(y,x).  [factor(132,b,c)].

given #84 (I,wt=13): 176 -cont(x,y) | cont(f4(y,y),y) | cont(f3(y,y),y).  [factor(135,a,b)].

given #85 (I,wt=14): 178 -cont(x,y) | -cont(x,z) | cont(f4(y,z),y) | lt(x,y).  [factor(137,a,d),merge(d)].

given #86 (I,wt=11): 179 -cont(x,y) | cont(f4(y,y),y) | lt(x,y).  [factor(137,a,e),merge(b),merge(d)].

given #87 (I,wt=14): 180 -cont(x,y) | -cont(x,z) | cont(f4(y,z),y) | lt(x,z).  [factor(138,a,d),merge(d)].

given #88 (I,wt=14): 181 -cont(x,y) | -cont(x,z) | cont(f4(y,z),z) | lt(x,y).  [factor(141,a,d),merge(d)].

given #89 (I,wt=14): 182 -cont(x,y) | -cont(x,z) | cont(f4(y,z),z) | lt(x,z).  [factor(142,a,d),merge(d)].

given #90 (I,wt=13): 183 -cont(x,y) | -lt(f4(y,y),y) | cont(f3(y,y),y).  [factor(143,a,b),merge(c)].

given #91 (I,wt=19): 185 -cont(x,y) | -cont(x,z) | -lt(f4(y,z),y) | -lt(f4(y,z),z) | lt(x,y).  [factor(145,a,e),merge(e)].

given #92 (I,wt=11): 186 -cont(x,y) | -lt(f4(y,y),y) | lt(x,y).  [factor(145,a,f),merge(b),merge(d),merge(e)].

given #93 (I,wt=19): 187 -cont(x,y) | -cont(x,z) | -lt(f4(y,z),y) | -lt(f4(y,z),z) | lt(x,z).  [factor(146,a,e),merge(e)].

given #94 (I,wt=8): 188 -p(x,y) | p(f8(y,y),y).  [factor(169,a,b)].

given #95 (A,wt=18): 189 cont(f7(x,y),y) | y = x | p(f7(x,y),x) | -eqdim(f7(x,y),x).  [resolve(93,a,91,b)].

given #96 (F,wt=3): 205 -cont(x,c1).  [resolve(103,a,92,a)].

given #97 (F,wt=3): 207 -cont(c1,x).  [resolve(104,a,92,a)].

given #98 (F,wt=3): 227 -lt(c4,c3).  [ur(120,b,125,a)].

given #99 (F,wt=3): 315 -lt(c2,c3).  [ur(120,b,165,a)].

given #100 (T,wt=3): 192 leq(c1,x).  [resolve(98,a,92,a)].

given #101 (T,wt=3): 222 cont(c3,c3).  [resolve(119,a,99,a)].

given #102 (T,wt=3): 226 cont(c4,c4).  [resolve(125,a,99,a)].

given #103 (T,wt=3): 314 cont(c2,c2).  [resolve(165,a,99,a)].

given #104 (A,wt=18): 190 cont(f7(x,y),x) | y = x | p(f7(x,y),y) | -eqdim(f7(x,y),y).  [resolve(93,b,91,b)].

given #105 (F,wt=3): 371 -p(x,c1).  [ur(89,b,205,a)].

given #106 (F,wt=3): 373 -p(c1,x).  [ur(89,b,207,a)].

given #107 (F,wt=4): 401 -zex(intersection(c3,c3)).  [ur(175,b,222,a)].

given #108 (F,wt=4): 447 -zex(intersection(c2,c2)).  [ur(175,b,314,a)].

given #109 (T,wt=3): 318 leq(c2,c4).  [resolve(166,a,125,a)].

given #110 (T,wt=3): 320 leq(c2,c3).  [resolve(166,a,119,a)].

given #111 (T,wt=3): 400 p(c3,c3).  [resolve(222,a,91,b),unit_del(b,114)].

given #112 (T,wt=3): 423 p(c4,c4).  [resolve(226,a,91,b),unit_del(b,114)].

given #113 (A,wt=5): 191 -zex(x) | c1 = x.  [resolve(97,a,92,a),flip(b)].

given #114 (F,wt=5): 230 -lt(intersection(c4,c4),c3).  [ur(120,b,126,a)].

given #115 (F,wt=5): 369 -p(x,intersection(y,c1)).  [ur(110,a,205,a)].

given #116 (F,wt=5): 370 -p(x,intersection(c1,y)).  [ur(109,a,205,a)].

given #117 (F,wt=5): 380 -lt(f4(c3,c3),c3).  [resolve(222,a,186,a),unit_del(b,111)].

given #118 (T,wt=3): 446 p(c2,c2).  [resolve(314,a,91,b),unit_del(b,114)].

given #119 (T,wt=3): 464 eqdim(c2,c3).  [resolve(320,a,88,b),unit_del(a,315)].

given #120 (T,wt=3): 488 leq(c3,c2).  [resolve(464,a,123,a)].

given #121 (T,wt=3): 491 eqdim(c3,c2).  [resolve(464,a,115,a)].

given #122 (A,wt=6): 193 cont(x,x) | leq(x,y).  [resolve(99,a,98,a)].

given #123 (F,wt=3): 494 -lt(c4,c2).  [ur(117,a,464,a,c,227,a)].

given #124 (F,wt=3): 495 -lt(c3,c2).  [ur(117,a,464,a,c,111,a)].

given #125 (F,wt=4): 482 -zex(f4(c3,c3)).  [ur(121,b,119,a,c,380,a)].

given #126 (F,wt=5): 404 -lt(f4(c4,c4),c4).  [resolve(226,a,186,a),unit_del(b,111)].

given #127 (T,wt=5): 225 zex(x) | lt(c1,x).  [resolve(121,a,92,a)].

given #128 (T,wt=3): 535 lt(c1,c2).  [resolve(225,a,165,a)].

given #129 (T,wt=3): 538 lt(c1,c4).  [resolve(225,a,125,a)].

given #130 (T,wt=3): 540 lt(c1,c3).  [resolve(225,a,119,a)].

given #131 (A,wt=8): 194 cont(x,x) | -zex(y) | x = y.  [resolve(99,a,97,b)].

given #132 (F,wt=3): 556 -lt(c2,c1).  [resolve(535,a,112,b)].

given #133 (F,wt=3): 557 -eqdim(c1,c2).  [resolve(535,a,87,a)].

given #134 (F,wt=3): 558 -eqdim(c1,c3).  [ur(118,b,535,a,c,495,a)].

given #135 (F,wt=3): 559 -eqdim(c1,c4).  [ur(118,b,535,a,c,494,a)].

given #136 (T,wt=5): 228 cont(intersection(c4,c4),c4).  [resolve(126,a,106,a)].

given #137 (T,wt=5): 239 cont(f1(c4,c4),c4).  [resolve(130,a,126,a)].

given #138 (T,wt=5): 317 leq(c2,intersection(c4,c4)).  [resolve(166,a,126,a)].

given #139 (T,wt=5): 387 cont(f4(c3,c3),c3).  [resolve(222,a,179,a),unit_del(b,111)].

given #140 (A,wt=8): 195 cont(x,x) | -zex(y) | y = x.  [resolve(99,a,97,a)].

given #141 (F,wt=3): 560 -eqdim(c2,c1).  [ur(117,b,535,a,c,111,a)].

given #142 (F,wt=3): 561 -lt(c3,c1).  [ur(113,b,535,a,c,495,a)].

given #143 (F,wt=3): 562 -lt(c4,c1).  [ur(113,b,535,a,c,494,a)].

given #144 (F,wt=3): 574 -eqdim(c4,c1).  [ur(117,b,538,a,c,111,a)].

given #145 (T,wt=5): 389 cont(f1(c3,c3),c3).  [resolve(222,a,174,a)].

given #146 (T,wt=5): 411 cont(f4(c4,c4),c4).  [resolve(226,a,179,a),unit_del(b,111)].

given #147 (T,wt=5): 433 cont(f4(c2,c2),c2).  [resolve(314,a,179,a),unit_del(b,111)].

given #148 (T,wt=5): 435 cont(f1(c2,c2),c2).  [resolve(314,a,174,a)].

given #149 (A,wt=18): 196 -cont(x,f7(y,x)) | f7(y,x) = x | cont(f7(y,x),y) | x = y.  [resolve(101,a,93,b),flip(b)].

given #150 (F,wt=3): 588 -eqdim(c3,c1).  [ur(117,b,540,a,c,111,a)].

given #151 (F,wt=3): 597 -leq(c2,c1).  [ur(124,a,557,a,b,192,a)].

given #152 (F,wt=3): 598 -leq(c3,c1).  [ur(124,a,558,a,b,192,a)].

given #153 (F,wt=3): 599 -leq(c4,c1).  [ur(124,a,559,a,b,192,a)].

given #154 (T,wt=5): 448 leq(c2,intersection(c3,c3)).  [resolve(401,a,166,a)].

given #155 (T,wt=5): 449 cont(intersection(c3,c3),c3).  [resolve(401,a,106,a)].

given #156 (T,wt=5): 452 cont(intersection(c2,c2),c2).  [resolve(447,a,106,a)].

given #157 (T,wt=5): 465 p(f8(c3,c3),c3).  [resolve(400,a,188,a)].

given #158 (A,wt=18): 197 -cont(x,f7(x,y)) | f7(x,y) = x | cont(f7(x,y),y) | y = x.  [resolve(101,a,93,a),flip(b)].

given #159 (F,wt=4): 528 -zex(f4(c4,c4)).  [ur(121,b,125,a,c,404,a)].

given #160 (F,wt=4): 732 -zex(f1(c4,c4)).  [ur(104,b,239,a)].

given #161 (F,wt=4): 821 -zex(f1(c3,c3)).  [ur(104,b,389,a)].

given #162 (F,wt=4): 870 -zex(f4(c2,c2)).  [ur(104,b,433,a)].

given #163 (T,wt=5): 470 p(f8(c4,c4),c4).  [resolve(423,a,188,a)].

given #164 (T,wt=5): 483 p(f8(c2,c2),c2).  [resolve(446,a,188,a)].

given #165 (T,wt=5): 523 leq(x,intersection(x,x)).  [factor(513,a,b)].

given #166 (T,wt=5): 526 leq(c2,f4(c3,c3)).  [resolve(482,a,166,a)].

given #167 (A,wt=16): 198 -cont(x,y) | cont(f7(z,x),y) | cont(f7(z,x),z) | x = z.  [resolve(102,a,93,b)].

given #168 (F,wt=4): 928 -zex(f1(c2,c2)).  [ur(104,b,435,a)].

given #169 (F,wt=5): 426 -lt(f4(c2,c2),c2).  [resolve(314,a,186,a),unit_del(b,111)].

given #170 (F,wt=5): 451 -lt(intersection(c3,c3),c3).  [ur(120,b,401,a)].

given #171 (F,wt=5): 454 -lt(intersection(c2,c2),c3).  [ur(120,b,447,a)].

given #172 (T,wt=5): 529 lt(c1,f4(c3,c3)).  [resolve(225,a,482,a)].

given #173 (T,wt=5): 530 lt(c1,intersection(c2,c2)).  [resolve(225,a,447,a)].

given #174 (T,wt=5): 531 lt(c1,intersection(c3,c3)).  [resolve(225,a,401,a)].

given #175 (T,wt=5): 537 lt(c1,intersection(c4,c4)).  [resolve(225,a,126,a)].

given #176 (A,wt=16): 199 -cont(x,y) | cont(f7(x,z),y) | cont(f7(x,z),z) | z = x.  [resolve(102,a,93,a)].

given #177 (F,wt=5): 492 -lt(f4(c3,c3),c2).  [ur(117,a,464,a,c,380,a)].

given #178 (F,wt=5): 493 -lt(intersection(c4,c4),c2).  [ur(117,a,464,a,c,230,a)].

given #179 (F,wt=5): 573 -eqdim(c1,f4(c4,c4)).  [ur(118,b,538,a,c,404,a)].

given #180 (F,wt=5): 575 -lt(f4(c4,c4),c1).  [ur(113,b,538,a,c,404,a)].

given #181 (T,wt=5): 656 lt(intersection(c4,c4),c4).  [back_unit_del(651),unit_del(b,655)].

given #182 (T,wt=5): 757 eqdim(f4(c3,c3),c3).  [resolve(387,a,105,a),unit_del(a,380)].

given #183 (T,wt=5): 761 p(f4(c3,c3),c3).  [resolve(387,a,91,b),unit_del(b,757)].

given #184 (T,wt=5): 841 eqdim(f4(c4,c4),c4).  [resolve(411,a,105,a),unit_del(a,404)].

given #185 (A,wt=16): 200 -cont(x,f7(y,z)) | cont(x,z) | cont(f7(y,z),y) | z = y.  [resolve(102,b,93,b)].

given #186 (F,wt=3): 1195 -eqdim(c4,c2).  [ur(117,b,656,a,c,493,a)].

given #187 (F,wt=3): 1196 -eqdim(c4,c3).  [ur(117,b,656,a,c,230,a)].

given #188 (F,wt=3): 1199 -leq(c4,c2).  [back_unit_del(455),unit_del(a,1195)].

given #189 (F,wt=3): 1223 -eqdim(c2,c4).  [ur(115,b,1195,a)].

given #190 (T,wt=3): 1226 lt(c2,c4).  [back_unit_del(459),unit_del(b,1223)].

given #191 (T,wt=5): 845 p(f4(c4,c4),c4).  [resolve(411,a,91,b),unit_del(b,841)].

given #192 (T,wt=5): 865 eqdim(f4(c2,c2),c2).  [resolve(433,a,105,a),unit_del(a,426)].

given #193 (T,wt=5): 869 p(f4(c2,c2),c2).  [resolve(433,a,91,b),unit_del(b,865)].

given #194 (A,wt=16): 201 -cont(x,f7(y,z)) | cont(x,y) | cont(f7(y,z),z) | z = y.  [resolve(102,b,93,a)].

given #195 (F,wt=3): 1224 -cont(c4,c2).  [ur(105,b,494,a,c,1195,a)].

given #196 (F,wt=3): 1225 -p(c4,c2).  [ur(90,b,1195,a)].

given #197 (F,wt=3): 1228 -eqdim(c3,c4).  [ur(115,b,1196,a)].

given #198 (F,wt=3): 1229 -cont(c4,c3).  [ur(105,b,227,a,c,1196,a)].

given #199 (T,wt=5): 954 eqdim(intersection(c3,c3),c3).  [resolve(449,a,105,a),unit_del(a,451)].

given #200 (T,wt=5): 958 p(intersection(c3,c3),c3).  [resolve(449,a,91,b),unit_del(b,954)].

given #201 (T,wt=5): 1019 eqdim(f8(c3,c3),c3).  [resolve(465,a,90,a)].

given #202 (T,wt=5): 1020 cont(f8(c3,c3),c3).  [resolve(465,a,89,a)].

given #203 (A,wt=11): 202 -cont(x,y) | cont(f7(y,x),y) | x = y.  [factor(198,b,c)].

given #204 (F,wt=3): 1230 -p(c4,c3).  [ur(90,b,1196,a)].

given #205 (F,wt=3): 1231 -leq(c4,c3).  [ur(88,a,227,a,c,1196,a)].

given #206 (F,wt=3): 1234 -zex(f10(c4)).  [ur(167,a,125,a,c,165,a,d,1199,a)].

given #207 (F,wt=3): 1237 -p(c2,c4).  [ur(90,b,1223,a)].

given #208 (T,wt=4): 1342 lt(c1,f10(c4)).  [resolve(1234,a,225,a)].

given #209 (T,wt=4): 1343 leq(c2,f10(c4)).  [resolve(1234,a,166,a)].

given #210 (T,wt=5): 1021 lt(c1,f4(c4,c4)).  [resolve(528,a,225,a)].

given #211 (T,wt=5): 1022 leq(c2,f4(c4,c4)).  [resolve(528,a,166,a)].

given #212 (A,wt=11): 203 -cont(x,y) | cont(f7(x,y),y) | y = x.  [factor(199,b,c)].

given #213 (F,wt=3): 1272 -p(c3,c4).  [ur(90,b,1228,a)].

given #214 (F,wt=4): 1232 -leq(f9(c2),c2).  [ur(171,a,165,a,c,1199,a)].

given #215 (F,wt=3): 1382 -zex(f9(c2)).  [ur(98,b,1232,a)].

given #216 (F,wt=4): 1233 -leq(c4,f10(c4)).  [ur(168,a,125,a,c,165,a,d,1199,a)].

given #217 (T,wt=4): 1387 lt(c1,f9(c2)).  [resolve(1382,a,225,a)].

given #218 (T,wt=4): 1388 leq(c2,f9(c2)).  [resolve(1382,a,166,a)].

given #219 (T,wt=4): 1413 lt(c2,f9(c2)).  [resolve(1388,a,88,b),unit_del(b,1380)].

given #220 (T,wt=5): 1025 lt(c1,f1(c4,c4)).  [resolve(732,a,225,a)].

given #221 (A,wt=6): 204 -cont(x,y) | cont(y,y).  [resolve(103,a,99,a)].

given #222 (F,wt=4): 1336 -zex(f8(c3,c3)).  [ur(104,b,1020,a)].

given #223 (F,wt=4): 1340 -leq(f9(c3),c3).  [ur(171,a,119,a,c,1231,a)].

given #224 (F,wt=3): 1445 -zex(f9(c3)).  [ur(98,b,1340,a)].

given #225 (F,wt=4): 1345 -lt(f10(c4),c3).  [ur(120,b,1234,a)].

given #226 (T,wt=4): 1450 lt(c1,f9(c3)).  [resolve(1445,a,225,a)].

given #227 (T,wt=4): 1451 leq(c2,f9(c3)).  [resolve(1445,a,166,a)].

given #228 (T,wt=5): 1026 leq(c2,f1(c4,c4)).  [resolve(732,a,166,a)].

given #229 (T,wt=5): 1029 lt(c1,f1(c3,c3)).  [resolve(821,a,225,a)].

given #230 (A,wt=6): 206 -cont(x,y) | cont(x,x).  [resolve(104,a,99,a)].

given #231 (F,wt=4): 1356 -lt(f10(c4),c1).  [resolve(1342,a,112,b)].

given #232 (F,wt=4): 1357 -eqdim(c1,f10(c4)).  [resolve(1342,a,87,a)].

given #233 (F,wt=4): 1358 -eqdim(f10(c4),c1).  [ur(117,b,1342,a,c,111,a)].

given #234 (F,wt=4): 1364 -leq(f10(c4),c1).  [ur(96,a,1343,a,c,597,a)].

given #235 (T,wt=5): 1030 leq(c2,f1(c3,c3)).  [resolve(821,a,166,a)].

given #236 (T,wt=5): 1033 eqdim(f1(c3,c3),c3).  [back_unit_del(816),unit_del(a,1032)].

given #237 (T,wt=5): 1040 p(f1(c3,c3),c3).  [back_unit_del(820),unit_del(b,1033)].

given #238 (T,wt=5): 1041 lt(c1,f4(c2,c2)).  [resolve(870,a,225,a)].

given #239 (A,wt=18): 208 lt(f7(x,y),y) | eqdim(f7(x,y),y) | cont(f7(x,y),x) | y = x.  [resolve(105,a,93,b)].

given #240 (F,wt=4): 1380 -eqdim(c2,f9(c2)).  [ur(123,b,1232,a)].

given #241 (F,wt=4): 1381 -eqdim(f9(c2),c2).  [ur(122,b,1232,a)].

given #242 (F,wt=4): 1383 -leq(f9(c2),c3).  [ur(96,b,488,a,c,1232,a)].

given #243 (F,wt=4): 1384 -leq(f9(c2),c1).  [ur(96,b,192,a,c,1232,a)].

given #244 (T,wt=5): 1042 leq(c2,f4(c2,c2)).  [resolve(870,a,166,a)].

given #245 (T,wt=5): 1049 eqdim(f8(c4,c4),c4).  [resolve(470,a,90,a)].

given #246 (T,wt=5): 1050 cont(f8(c4,c4),c4).  [resolve(470,a,89,a)].

given #247 (T,wt=5): 1055 eqdim(f8(c2,c2),c2).  [resolve(483,a,90,a)].

given #248 (A,wt=18): 209 lt(f7(x,y),x) | eqdim(f7(x,y),x) | cont(f7(x,y),y) | y = x.  [resolve(105,a,93,a)].

given #249 (F,wt=4): 1386 -lt(f9(c2),c2).  [ur(86,b,1232,a)].

given #250 (F,wt=4): 1391 -zex(f10(f9(c2))).  [ur(167,a,1382,a,c,165,a,d,1232,a)].

given #251 (F,wt=4): 1392 -lt(f9(c2),c3).  [ur(120,b,1382,a)].

given #252 (F,wt=4): 1394 -eqdim(f10(c4),c4).  [ur(123,b,1233,a)].

given #253 (T,wt=5): 1056 cont(f8(c2,c2),c2).  [resolve(483,a,89,a)].

given #254 (T,wt=5): 1091 lt(c1,f1(c2,c2)).  [resolve(928,a,225,a)].

given #255 (T,wt=5): 1092 leq(c2,f1(c2,c2)).  [resolve(928,a,166,a)].

given #256 (T,wt=5): 1103 eqdim(intersection(c2,c2),c2).  [back_unit_del(1010),unit_del(a,1101)].

given #257 (A,wt=10): 210 cont(intersection(x,y),x) | -cont(intersection(x,y),z).  [resolve(106,a,104,a)].

given #258 (F,wt=4): 1395 -eqdim(c4,f10(c4)).  [ur(122,b,1233,a)].

given #259 (F,wt=4): 1397 -lt(c4,f10(c4)).  [ur(86,b,1233,a)].

given #260 (F,wt=4): 1408 -lt(f9(c2),c1).  [resolve(1387,a,112,b)].

given #261 (F,wt=4): 1409 -eqdim(c1,f9(c2)).  [resolve(1387,a,87,a)].

given #262 (T,wt=5): 1110 p(intersection(c2,c2),c2).  [back_unit_del(1014),unit_del(b,1103)].

given #263 (T,wt=5): 1193 leq(intersection(c4,c4),c4).  [resolve(656,a,86,a)].
-------- Proof 1 -------- 

============================== PROOF =================================

% Proof 1 at 0.20 (+ 0.05) seconds.
% Length of proof is 34.
% Level of proof is 6.
% Maximum clause weight is 11.
% Given clauses 263.

5 (all x32 all x31 (lt(x32,x31) <-> leq(x32,x31) & -eqdim(x32,x31))) # label(non_clause).  [assumption].
6 (all x12 all x11 (p(x12,x11) <-> cont(x12,x11) & eqdim(x12,x11))) # label(non_clause).  [assumption].
15 (all x42 all x41 (zex(x42) -> leq(x42,x41))) # label(non_clause).  [assumption].
16 (all x11 (-zex(x11) <-> cont(x11,x11))) # label(non_clause).  [assumption].
21 (all x12 all x11 (cont(x12,x11) -> lt(x12,x11) | eqdim(x12,x11))) # label(non_clause).  [assumption].
24 (all x22 all x21 (-zex(intersection(x22,x21)) -> cont(intersection(x22,x21),x22))) # label(non_clause).  [assumption].
25 (all x33 all x32 all x31 (cont(x31,x33) & cont(x31,x32) -> leq(x31,intersection(x33,x32)))) # label(non_clause).  [assumption].
28 (all x11 -lt(x11,x11)) # label(non_clause).  [assumption].
35 (all x83 all x82 all x81 (eqdim(x83,x82) -> (lt(x81,x83) -> lt(x81,x82)))) # label(non_clause).  [assumption].
40 (all x12 all x11 (eqdim(x12,x11) <-> leq(x12,x11) & leq(x11,x12))) # label(non_clause).  [assumption].
43 (all x131 (-zex(x131) & -zex(intersection(x131,x131)) -> p(intersection(x131,x131),x131))) # label(non_clause) # label(goal).  [goal].
86 -lt(x,y) | leq(x,y).  [clausify(5)].
91 p(x,y) | -cont(x,y) | -eqdim(x,y).  [clausify(6)].
98 -zex(x) | leq(x,y).  [clausify(15)].
99 zex(x) | cont(x,x).  [clausify(16)].
105 -cont(x,y) | lt(x,y) | eqdim(x,y).  [clausify(21)].
106 zex(intersection(x,y)) | cont(intersection(x,y),x).  [clausify(24)].
107 -cont(x,y) | -cont(x,z) | leq(x,intersection(y,z)).  [clausify(25)].
111 -lt(x,x).  [clausify(28)].
117 -eqdim(x,y) | -lt(z,x) | lt(z,y).  [clausify(35)].
124 eqdim(x,y) | -leq(x,y) | -leq(y,x).  [clausify(40)].
126 -zex(intersection(c4,c4)).  [deny(43)].
127 -p(intersection(c4,c4),c4).  [deny(43)].
172 -cont(x,y) | leq(x,intersection(y,y)).  [factor(107,a,b)].
193 cont(x,x) | leq(x,y).  [resolve(99,a,98,a)].
228 cont(intersection(c4,c4),c4).  [resolve(126,a,106,a)].
513 leq(x,y) | leq(x,intersection(x,x)).  [resolve(193,a,172,a)].
523 leq(x,intersection(x,x)).  [factor(513,a,b)].
651 lt(intersection(c4,c4),c4) | eqdim(intersection(c4,c4),c4).  [resolve(228,a,105,a)].
655 -eqdim(intersection(c4,c4),c4).  [resolve(228,a,91,b),unit_del(a,127)].
656 lt(intersection(c4,c4),c4).  [back_unit_del(651),unit_del(b,655)].
1193 leq(intersection(c4,c4),c4).  [resolve(656,a,86,a)].
1197 -eqdim(c4,intersection(c4,c4)).  [ur(117,b,656,a,c,111,a)].
1828 $F.  [resolve(1193,a,124,c),unit_del(a,1197),unit_del(b,523)].

============================== end of proof ==========================

============================== STATISTICS ============================

Given=263. Generated=3415. Kept=1742. proofs=1.
Usable=263. Sos=1293. Demods=0. Limbo=0, Disabled=319. Hints=0.
Weight_deleted=0. Literals_deleted=0.
Forward_subsumed=1672. Back_subsumed=143.
Sos_limit_deleted=0. Sos_displaced=0. Sos_removed=0.
New_demodulators=0 (0 lex), Back_demodulated=0. Back_unit_deleted=43.
Demod_attempts=0. Demod_rewrites=0.
Res_instance_prunes=0. Para_instance_prunes=0. Basic_paramod_prunes=0.
Nonunit_fsub_feature_tests=8742. Nonunit_bsub_feature_tests=6342.
Megabytes=1.42.
User_CPU=0.20, System_CPU=0.05, Wall_clock=0.

============================== end of statistics =====================

============================== end of search =========================

THEOREM PROVED

THEOREM PROVED

Exiting with 1 proof.

------ process 13268 exit (max_proofs) ------

Process 13268 exit (max_proofs) Sun Jun 24 23:34:09 2018
============================= C:\Reasoning\prover9-bin\bin-win32\prover9 ================================
execution finished: Sun Jun 24 23:34:11 2018
total CPU time used: 0
The command was "C:\Reasoning\prover9-bin\bin-win32\prover9 -t600 -f C:\Users\torsten\Documents\github\colore\ontologies\multidim_mereotopology_cont\definitions\conversions\c.p9 C:\Users\torsten\Documents\github\colore\ontologies\multidim_mereotopology_dim\definitions\conversions\covers.p9 C:\Users\torsten\Documents\github\colore\ontologies\multidim_mereotopology_dim\definitions\conversions\dim_basic_defs.p9 C:\Users\torsten\Documents\github\colore\ontologies\multidim_mereotopology_codi\definitions\conversions\ep.p9 C:\Users\torsten\Documents\github\colore\ontologies\multidim_mereotopology_codi\definitions\conversions\sc.p9 C:\Users\torsten\Documents\github\colore\ontologies\multidim_mereotopology_codi\definitions\conversions\inc.p9 C:\Users\torsten\Documents\github\colore\ontologies\multidim_mereotopology_zex\conversions\zex.p9 C:\Users\torsten\Documents\github\colore\ontologies\multidim_mereotopology_cont\conversions\cont_ext.p9 C:\Users\torsten\Documents\github\colore\ontologies\multidim_mereotopology_dim\conversions\dim_prime_linear.p9 C:\Users\torsten\Documents\github\colore\ontologies\multidim_mereotopology_dim\conversions\dim_prime_linear_unbounded.p9 C:\Users\torsten\Documents\github\colore\ontologies\multidim_mereotopology_cont\conversions\cont_basic.p9 C:\Users\torsten\Documents\github\colore\ontologies\multidim_mereotopology_dim\definitions\conversions\dim_defs.p9 C:\Users\torsten\Documents\github\colore\ontologies\multidim_mereotopology_codi\conversions\codi_linear.p9 C:\Users\torsten\Documents\github\colore\ontologies\multidim_mereotopology_codi\theorems\conversions\codi_int_theorems_goal13.p9 C:\Users\torsten\Documents\github\colore\ontologies\multidim_mereotopology_codi\definitions\conversions\po.p9 C:\Users\torsten\Documents\github\colore\ontologies\multidim_mereotopology_codi\conversions\codi_int.p9 C:\Users\torsten\Documents\github\colore\ontologies\multidim_mereotopology_codi\conversions\codi_basic.p9 C:\Users\torsten\Documents\github\colore\ontologies\multidim_mereotopology_dim\conversions\dim_basic.p9 C:\Users\torsten\Documents\github\colore\ontologies\multidim_mereotopology_cont\conversions\cont_c_ext.p9 C:\Users\torsten\Documents\github\colore\ontologies\multidim_mereotopology_dim\definitions\conversions\eq_dim.p9 C:\Users\torsten\Documents\github\colore\ontologies\multidim_mereotopology_dim\definitions\conversions\min_max_dim.p9 C:\Users\torsten\Documents\github\colore\ontologies\multidim_mereotopology_codi\generated\codi_int_relevance1.order"
Input read from 
============================ end of footer ===========================
