Hi Geoff, go and have some cold beer while I am trying to solve this very hard problem!
% remaining time: 5999 next slice time: 3
dis-4_5_bd=off:bs=off:ep=RST:fde=none:lcm=predicate:n=on:nicw=on:nwc=2:ptb=off:sio=off:spl=backtracking:ss=included:ssec=off:st=5:updr=off_3 on theorems\conversions\codi_down_theoremsT6-T10_goal06.all
Time limit reached!
------------------------------
Version: Vampire 0.6 (revision 903)
Termination reason: Time limit

Active clauses: 1451
Passive clauses: 9390
Generated clauses: 17691
Final active clauses: 1362
Final passive clauses: 7249
Input formulas: 67
Initial clauses: 109

Selected by SInE selection: 67
SInE iterations: 1

Duplicate literals: 147
Fw subsumption resolutions: 638

Simple tautologies: 61
Forward subsumptions: 7277

Binary resolution: 16335
Factoring: 26

Backtracking splits: 327
Backtracking splits refuted: 49
Backtracking splits refuted at zero level: 6

Memory used: 3198KB
Time elapsed: 0.405 s
------------------------------
% remaining time: 5995 next slice time: 13
dis-1010_2_bs=off:ep=on:n=on:nwc=1.5:sgo=on:sp=occurrence:ss=included:sswn=on:sswsr=on:st=1.5_13 on theorems\conversions\codi_down_theoremsT6-T10_goal06.all
Time limit reached!
------------------------------
Version: Vampire 0.6 (revision 903)
Termination reason: Time limit

Active clauses: 2010
Passive clauses: 17480
Generated clauses: 38682
Final active clauses: 2010
Final passive clauses: 15078
Input formulas: 67
Initial clauses: 108

Selected by SInE selection: 67
SInE iterations: 1

Duplicate literals: 941
Fw subsumption resolutions: 2922

Simple tautologies: 642
Equational tautologies: 25
Forward subsumptions: 17043

Binary resolution: 26700
Factoring: 119
Forward superposition: 7858
Backward superposition: 97

Unique components: 3

Memory used: 6012KB
Time elapsed: 1.402 s
------------------------------
% remaining time: 5981 next slice time: 32
lrs+11_14_bd=off:bs=off:bsr=on:cond=on:drc=off:fde=none:fsr=off:gsp=input_only:lcm=reverse:n=on:nwc=10:ptb=off:sfv=off:sgo=on:sio=off:sos=on:sp=reverse_arity:spl=backtracking:ssec=off:stl=81_32 on theorems\conversions\codi_down_theoremsT6-T10_goal06.all
Time limit reached!
------------------------------
Version: Vampire 0.6 (revision 903)
Termination reason: Time limit

Active clauses: 724
Passive clauses: 747
Generated clauses: 1118
Final active clauses: 724
Final passive clauses: 126
Input formulas: 67
Initial clauses: 106

Forward subsumptions: 370

Binary resolution: 1115

Backtracking splits: 1

Memory used: 10362KB
Time elapsed: 3.312 s
------------------------------
% remaining time: 5948 next slice time: 95
dis+2_4_bs=off:ep=on:n=on:nicw=on:nwc=1.5:ptb=off:sac=on:sio=off:spl=backtracking:ssec=off_95 on theorems\conversions\codi_down_theoremsT6-T10_goal06.all
Time limit reached!
------------------------------
Version: Vampire 0.6 (revision 903)
Termination reason: Time limit

Active clauses: 4770
Passive clauses: 97650
Generated clauses: 256001
Final active clauses: 4322
Final passive clauses: 87362
Input formulas: 67
Initial clauses: 108

Duplicate literals: 5539
Fw subsumption resolutions: 19169
Fw demodulations: 19731
Bw demodulations: 146

Simple tautologies: 1499
Equational tautologies: 25
Forward subsumptions: 116215

Binary resolution: 185384
Factoring: 56
Forward superposition: 19446
Backward superposition: 6630

Backtracking splits: 39
Backtracking splits refuted: 17
Backtracking splits refuted at zero level: 5

Memory used: 40553KB
Time elapsed: 9.615 s
------------------------------
% remaining time: 5851 next slice time: 4
lrs-1003_12_bms=on:bs=unit_only:bsr=on:cond=fast:drc=off:ep=on:fde=none:lcm=predicate:n=on:nicw=on:nwc=10:sfv=off:sgo=on:sio=off:sp=occurrence:spo=on:ssec=off:stl=81:updr=off_4 on theorems\conversions\codi_down_theoremsT6-T10_goal06.all
Time limit reached!
------------------------------
Version: Vampire 0.6 (revision 903)
Termination reason: Time limit

Active clauses: 835
Passive clauses: 2837
Generated clauses: 14058
Final active clauses: 764
Final passive clauses: 1848
Input formulas: 67
Initial clauses: 108
Reactivated clauses: 66

Duplicate literals: 34
Fw subsumption resolutions: 281
Bw subsumption resolutions: 25
Fw demodulations: 2130
Bw demodulations: 2668
Condensations: 243

Simple tautologies: 100
Equational tautologies: 179
Forward subsumptions: 7836
Backward subsumptions: 975
Bw demodulations to eq. taut.: 36
Subsumed empty clauses: 21
Subsumed by BDD marking: 32

Binary resolution: 7847
Factoring: 115
Forward superposition: 816
Backward superposition: 2334

Split clauses: 36
Split components: 72
Unique components: 1310
Introduced splitting names: 10
BDD propositional clauses: 24

Memory used: 4221KB
Time elapsed: 0.502 s
------------------------------
% remaining time: 5846 next slice time: 22
lrs+1010_50_bs=off:drc=off:flr=on:lcm=predicate:n=on:nwc=1.2:sfv=off:sgo=on:stl=81_22 on theorems\conversions\codi_down_theoremsT6-T10_goal06.all
Time limit reached!
------------------------------
Version: Vampire 0.6 (revision 903)
Termination reason: Time limit

Active clauses: 3521
Passive clauses: 9594
Generated clauses: 89518
Final active clauses: 3163
Final passive clauses: 5561
Input formulas: 67
Initial clauses: 106

Duplicate literals: 5276
Fw subsumption resolutions: 5197
Fw demodulations: 879
Bw demodulations: 863
Fw literal rewrites: 4134

Simple tautologies: 3317
Equational tautologies: 18
Forward subsumptions: 61355
Bw demodulations to eq. taut.: 7

Binary resolution: 49316
Factoring: 23
Forward superposition: 9140
Backward superposition: 14978
Equality resolution: 1

Unique components: 3

Memory used: 7291KB
Time elapsed: 2.305 s
------------------------------
% remaining time: 5823 next slice time: 41
dis-1010_5_bd=off:bs=off:cond=fast:ep=on:fde=none:lcm=predicate:n=on:nicw=on:nwc=1.3:ptb=off:sac=on:sgo=on:sio=off:sos=on:spl=backtracking:ssec=off:updr=off_41 on theorems\conversions\codi_down_theoremsT6-T10_goal06.all
Time limit reached!
------------------------------
Version: Vampire 0.6 (revision 903)
Termination reason: Time limit

Active clauses: 11575
Passive clauses: 36099
Generated clauses: 76820
Final active clauses: 11471
Final passive clauses: 23526
Input formulas: 67
Initial clauses: 108

Duplicate literals: 1416
Fw subsumption resolutions: 8508
Condensations: 13

Simple tautologies: 131
Forward subsumptions: 31675

Binary resolution: 57661
Factoring: 927
Forward superposition: 8457

Backtracking splits: 51
Backtracking splits refuted: 27

Memory used: 22259KB
Time elapsed: 4.212 s
------------------------------
% remaining time: 5780 next slice time: 237
lrs+1_2:1_bs=off:ep=on:gsp=input_only:lcm=predicate:n=on:nicw=on:nwc=1.1:ptb=off:sac=on:sgo=on:sio=off:sos=on:sp=occurrence:spl=backtracking:spo=on:ssec=off:stl=81:updr=off_237 on theorems\conversions\codi_down_theoremsT6-T10_goal06.all
Time limit reached!
------------------------------
Version: Vampire 0.6 (revision 903)
Termination reason: Time limit

Active clauses: 9348
Passive clauses: 110210
Generated clauses: 344302
Final active clauses: 3064
Final passive clauses: 31409
Input formulas: 67
Initial clauses: 108
Discarded non-redundant clauses: 45348

Duplicate literals: 2893
Fw subsumption resolutions: 10635
Fw demodulations: 77316
Bw demodulations: 45522

Simple tautologies: 1210
Equational tautologies: 33
Forward subsumptions: 130763
Bw demodulations to eq. taut.: 257

Binary resolution: 135511
Factoring: 21
Forward superposition: 28299
Backward superposition: 9309

Backtracking splits: 247
Backtracking splits refuted: 65
Backtracking splits refuted at zero level: 33

Memory used: 55905KB
Time elapsed: 23.968 s
------------------------------
% remaining time: 5541 next slice time: 311
lrs+11_40_bd=off:bs=unit_only:bsr=unit_only:drc=off:flr=on:lcm=predicate:n=on:ptb=off:sac=on:sfv=off:spl=backtracking:ssec=off:stl=81:updr=off_311 on theorems\conversions\codi_down_theoremsT6-T10_goal06.all
Time limit reached!
------------------------------
Version: Vampire 0.6 (revision 903)
Termination reason: Time limit

Active clauses: 8491
Passive clauses: 47827
Generated clauses: 903162
Final active clauses: 7866
Final passive clauses: 15676
Input formulas: 67
Initial clauses: 106
Discarded non-redundant clauses: 221321

Duplicate literals: 586
Trivial inequalities: 2
Fw subsumption resolutions: 10818
Bw subsumption resolutions: 717
Fw demodulations: 360577
Fw literal rewrites: 3799

Simple tautologies: 1381
Equational tautologies: 214
Forward subsumptions: 462610
Backward subsumptions: 1757

Binary resolution: 354090
Factoring: 33
Forward superposition: 65256
Backward superposition: 107167
Self superposition: 12
Equality factoring: 4

Memory used: 133430KB
Time elapsed: 31.223 s
------------------------------
% remaining time: 5228 next slice time: 280
lrs-1010_10_bd=off:bs=unit_only:cond=on:flr=on:gsp=input_only:n=on:nicw=on:ptb=off:sac=on:sfv=off:sio=off:sp=occurrence:spl=backtracking:spo=on:ssec=off:stl=81_280 on theorems\conversions\codi_down_theoremsT6-T10_goal06.all
Time limit reached!
------------------------------
Version: Vampire 0.6 (revision 903)
Termination reason: Time limit

Active clauses: 7418
Passive clauses: 63326
Generated clauses: 340329
Final active clauses: 6838
Final passive clauses: 15681
Input formulas: 67
Initial clauses: 106
Discarded non-redundant clauses: 95514

Duplicate literals: 7270
Fw subsumption resolutions: 31363
Fw literal rewrites: 11051
Condensations: 6359

Simple tautologies: 3638
Equational tautologies: 74
Forward subsumptions: 200038
Backward subsumptions: 2823

Binary resolution: 165819
Factoring: 268
Forward superposition: 58999
Backward superposition: 59889
Self superposition: 20
Equality resolution: 1

Backtracking splits: 3
Backtracking splits refuted: 1

Memory used: 73943KB
Time elapsed: 28.118 s
------------------------------
% remaining time: 4946 next slice time: 514
lrs+10_8_bs=off:fde=none:lcm=predicate:n=on:nwc=1.7:ptb=off:sac=on:sgo=on:sio=off:sp=occurrence:spl=backtracking:ssec=off:stl=81_514 on theorems\conversions\codi_down_theoremsT6-T10_goal06.all
Time limit reached!
------------------------------
Version: Vampire 0.6 (revision 903)
Termination reason: Time limit

Active clauses: 21957
Passive clauses: 204850
Generated clauses: 740706
Final active clauses: 3672
Final passive clauses: 16159
Input formulas: 67
Initial clauses: 106
Discarded non-redundant clauses: 252680

Duplicate literals: 1519
Fw subsumption resolutions: 19625
Fw demodulations: 112753
Bw demodulations: 94434

Simple tautologies: 3495
Equational tautologies: 854
Forward subsumptions: 381585
Fw demodulations to eq. taut.: 3
Bw demodulations to eq. taut.: 354

Binary resolution: 358285
Factoring: 74
Forward superposition: 25109
Backward superposition: 41424
Equality resolution: 1

Backtracking splits: 92
Backtracking splits refuted: 18
Backtracking splits refuted at zero level: 3

Memory used: 109379KB
Time elapsed: 51.514 s
------------------------------
% remaining time: 4431 next slice time: 11
lrs-1010_7_bms=on:bs=off:bsr=on:cond=on:drc=off:ecs=on:ep=on:fde=none:flr=on:fsr=off:lcm=predicate:n=on:nicw=on:nwc=1.3:sac=on:sgo=on:sio=off:ssec=off:stl=81_11 on theorems\conversions\codi_down_theoremsT6-T10_goal06.all
Time limit reached!
------------------------------
Version: Vampire 0.6 (revision 903)
Termination reason: Time limit

Active clauses: 1225
Passive clauses: 4196
Generated clauses: 24181
Final active clauses: 549
Final passive clauses: 2164
Input formulas: 67
Initial clauses: 108
Reactivated clauses: 69

Duplicate literals: 222
Bw subsumption resolutions: 680402
Fw literal rewrites: 825
Condensations: 153

Simple tautologies: 234
Equational tautologies: 8
Forward subsumptions: 15216
Subsumed empty clauses: 3215
Empty clause subsumptions: 659
Subsumed by BDD marking: 68

Binary resolution: 20255
Factoring: 18
Forward superposition: 1795
Backward superposition: 98

Split clauses: 79
Split components: 163
Unique components: 247
Introduced splitting names: 33
BDD propositional clauses: 3243

Memory used: 66011KB
Time elapsed: 1.202 s
------------------------------
% remaining time: 4419 next slice time: 264
dis+3_5:4_bd=off:bs=off:drc=off:ep=RST:lcm=predicate:n=on:nicw=on:nwc=3:ptb=off:sac=on:sfv=off:sgo=on:sio=off:sp=occurrence:spl=backtracking:ssec=off:sswn=on:updr=off_264 on theorems\conversions\codi_down_theoremsT6-T10_goal06.all
Time limit reached!
------------------------------
Version: Vampire 0.6 (revision 903)
Termination reason: Time limit

Active clauses: 6781
Passive clauses: 406786
Generated clauses: 538493
Final active clauses: 6671
Final passive clauses: 395061
Input formulas: 67
Initial clauses: 109

Duplicate literals: 1531
Fw subsumption resolutions: 10025

Simple tautologies: 489
Forward subsumptions: 122290

Binary resolution: 526603
Factoring: 53

Backtracking splits: 56
Backtracking splits refuted: 11
Backtracking splits refuted at zero level: 1

Memory used: 107333KB
Time elapsed: 26.569 s
------------------------------
% remaining time: 4153 next slice time: 269
lrs+1002_10_bd=off:bs=off:bsr=unit_only:ecs=on:gsp=input_only:lcm=reverse:n=on:nicw=on:nwc=1.2:sd=1:sfv=off:sio=off:sos=on:spl=off:ss=included:ssec=off:st=1.2:stl=40.5_269 on theorems\conversions\codi_down_theoremsT6-T10_goal06.all
Refutation not found with incomplete strategy!
------------------------------
Version: Vampire 0.6 (revision 903)
Termination reason: Refutation not found, incomplete strategy

Active clauses: 108
Passive clauses: 5
Generated clauses: 8
Final active clauses: 108
Input formulas: 67
Initial clauses: 106

Selected by SInE selection: 67
SInE iterations: 1

Forward subsumptions: 3

Binary resolution: 2
Forward superposition: 3

Memory used: 255KB
Time elapsed: 0.005 s
------------------------------
% remaining time: 4152 next slice time: 4152
User error: Backtracking splitting cannot be used unless all BDD related options are disabled
% remaining time: 4152 next slice time: 4152
dis+4_8_n=on_4152 on theorems\conversions\codi_down_theoremsT6-T10_goal06.all
Time limit reached!
------------------------------
Version: Vampire 0.6 (revision 903)
Termination reason: Time limit

Active clauses: 39486
Passive clauses: 4013395
Generated clauses: 7808666
Final active clauses: 33666
Final passive clauses: 3915792
Input formulas: 67
Initial clauses: 106

Duplicate literals: 25582
Trivial inequalities: 13
Fw subsumption resolutions: 353971
Fw demodulations: 382402
Bw demodulations: 705

Simple tautologies: 10563
Equational tautologies: 1334
Forward subsumptions: 3080311
Backward subsumptions: 5115
Fw demodulations to eq. taut.: 15

Binary resolution: 6714078
Factoring: 476
Forward superposition: 225350
Backward superposition: 107732
Self superposition: 7

Unique components: 101

Memory used: 1070899KB
Time elapsed: 415.998 s
------------------------------
% Proof not found in time 600.835 s
% SZS status Timeout for theorems\conversions\codi_down_theoremsT6-T10_goal06.all
