Hi Geoff, go and have some cold beer while I am trying to solve this very hard problem!
% remaining time: 5999 next slice time: 3
dis-4_5_bd=off:bs=off:ep=RST:fde=none:lcm=predicate:n=on:nicw=on:nwc=2:ptb=off:sio=off:spl=backtracking:ss=included:ssec=off:st=5:updr=off_3 on C:\Users\torsten\Documents\github\colore\ontologies\multidim_mereotopology_codi\theorems\conversions\codi_int_theorems_goal23.all
Time limit reached!
------------------------------
Version: Vampire 0.6 (revision 903)
Termination reason: Time limit

Active clauses: 538
Passive clauses: 1709
Generated clauses: 3853
Final active clauses: 538
Final passive clauses: 1100
Input formulas: 43
Initial clauses: 89

Selected by SInE selection: 43
SInE iterations: 1

Duplicate literals: 35
Fw subsumption resolutions: 26

Simple tautologies: 28
Forward subsumptions: 2115

Binary resolution: 3746
Factoring: 36

Backtracking splits: 13

Memory used: 767KB
Time elapsed: 0.407 s
------------------------------
% remaining time: 5993 next slice time: 13
dis-1010_2_bs=off:ep=on:n=on:nwc=1.5:sgo=on:sp=occurrence:ss=included:sswn=on:sswsr=on:st=1.5_13 on C:\Users\torsten\Documents\github\colore\ontologies\multidim_mereotopology_codi\theorems\conversions\codi_int_theorems_goal23.all
Refutation found. Thanks to Tanya!
3758. $false (10:0) [resolution 3751,326]
326. c(y,intersection(sK0,sK0)) (1:5) [resolution 277,213]
213. ~zex(intersection(y,intersection(sK0,sK0))) (0:6) [cnf transformation 167]
167. zex(intersection(sK0,intersection(sK0,y))) & ~zex(intersection(y,intersection(sK0,sK0)))[skolemisation 119]
119. ? [X0] : (zex(intersection(X0,intersection(X0,y))) & ~zex(intersection(y,intersection(X0,X0))))[ennf transformation 1]
1. ~! [X0] : (zex(intersection(X0,intersection(X0,y))) => zex(intersection(y,intersection(X0,X0))))[negated conjecture]
277. zex(intersection(X0,X1)) | c(X0,X1) (0:7) [cnf transformation 206]
206. ! [X0,X1] : ((c(X0,X1) | zex(intersection(X0,X1))) & (~zex(intersection(X0,X1)) | ~c(X0,X1)))[nnf transformation 149]
149. ! [X0,X1] : (~c(X0,X1) <=> zex(intersection(X0,X1)))[ennf transformation 99]
99. ! [X0,X1] : (~c(X0,X1) <=> zex(intersection(X0,X1)))[flattening 98]
98. ! [X0] : ! [X1] : (~c(X0,X1) <=> zex(intersection(X0,X1)))[rectify 20]
20. ! [X41] : ! [X42] : (~c(X41,X42) <=> zex(intersection(X41,X42)))[input]
3751. ~c(y,intersection(sK0,X3)) (9:5) [subsumption resolution 3730,522]
522. ~c(X2,X3) | ~zex(X3) (1:5) [resolution 266,227]
227. ~cont(X1,X0) | ~zex(X0) (0:5) [cnf transformation 125]
125. ! [X0,X1] : (~zex(X0) | (~cont(X1,X0) & ~cont(X0,X1)))[ennf transformation 53]
53. ! [X0,X1] : (zex(X0) => (~cont(X1,X0) & ~cont(X0,X1)))[flattening 52]
52. ! [X0] : ! [X1] : (zex(X0) => (~cont(X1,X0) & ~cont(X0,X1)))[rectify 16]
16. ! [X32] : ! [X33] : (zex(X32) => (~cont(X33,X32) & ~cont(X32,X33)))[input]
266. cont(sK10(X1,X0),X1) | ~c(X0,X1) (0:8) [cnf transformation 199]
199. ! [X0,X1] : ((~c(X0,X1) | (cont(sK10(X1,X0),X0) & cont(sK10(X1,X0),X1))) & (! [X3] : (~cont(X3,X0) | ~cont(X3,X1)) | c(X0,X1)))[skolemisation 198]
198. ! [X0,X1] : ((~c(X0,X1) | ? [X2] : (cont(X2,X0) & cont(X2,X1))) & (! [X3] : (~cont(X3,X0) | ~cont(X3,X1)) | c(X0,X1)))[rectify 197]
197. ! [X0,X1] : ((~c(X0,X1) | ? [X2] : (cont(X2,X0) & cont(X2,X1))) & (! [X2] : (~cont(X2,X0) | ~cont(X2,X1)) | c(X0,X1)))[nnf transformation 91]
91. ! [X0,X1] : (c(X0,X1) <=> ? [X2] : (cont(X2,X0) & cont(X2,X1)))[flattening 90]
90. ! [X0] : ! [X1] : (c(X0,X1) <=> ? [X2] : (cont(X2,X0) & cont(X2,X1)))[rectify 2]
2. ! [X1] : ! [X2] : (c(X1,X2) <=> ? [X3] : (cont(X3,X1) & cont(X3,X2)))[input]
3730. ~c(y,intersection(sK0,X3)) | zex(intersection(sK0,X3)) (9:9) [resolution 3724,239]
239. cont(intersection(X0,X1),X0) | zex(intersection(X0,X1)) (0:9) [cnf transformation 143]
143. ! [X0,X1] : (zex(intersection(X0,X1)) | cont(intersection(X0,X1),X0))[ennf transformation 75]
75. ! [X0,X1] : (~zex(intersection(X0,X1)) => cont(intersection(X0,X1),X0))[flattening 74]
74. ! [X0] : ! [X1] : (~zex(intersection(X0,X1)) => cont(intersection(X0,X1),X0))[rectify 21]
21. ! [X43] : ! [X44] : (~zex(intersection(X43,X44)) => cont(intersection(X43,X44),X43))[input]
3724. ~cont(X1,sK0) | ~c(y,X1) (8:6) [duplicate literal removal 3716]
3716. ~cont(X1,sK0) | ~c(y,X1) | ~c(y,X1) (8:9) [resolution 1169,266]
1169. ~cont(sK10(X24,y),X25) | ~cont(X25,sK0) | ~c(y,X24) (7:11) [resolution 720,265]
265. cont(sK10(X1,X0),X0) | ~c(X0,X1) (0:8) [cnf transformation 199]
720. ~cont(X11,y) | ~cont(X11,X10) | ~cont(X10,sK0) (6:9) [resolution 281,626]
626. ~cont(X1,sK0) | ~cont(X1,y) (5:6) [resolution 611,267]
267. c(X0,X1) | ~cont(X3,X1) | ~cont(X3,X0) (0:9) [cnf transformation 199]
611. ~c(sK0,y) (4:3) [resolution 607,278]
278. ~zex(intersection(X0,X1)) | ~c(X0,X1) (0:7) [cnf transformation 206]
607. zex(intersection(sK0,y)) (3:4) [subsumption resolution 593,239]
593. ~cont(intersection(sK0,y),sK0) | zex(intersection(sK0,y)) (3:9) [resolution 588,223]
223. cont(X0,X0) | zex(X0) (0:5) [cnf transformation 176]
176. ! [X0] : ((zex(X0) | cont(X0,X0)) & (~cont(X0,X0) | ~zex(X0)))[nnf transformation 122]
122. ! [X0] : (~zex(X0) <=> cont(X0,X0))[ennf transformation 48]
48. ! [X0] : (~zex(X0) <=> cont(X0,X0))[rectify 13]
13. ! [X26] : (~zex(X26) <=> cont(X26,X26))[input]
588. ~cont(X0,intersection(sK0,y)) | ~cont(X0,sK0) (2:8) [resolution 267,327]
327. ~c(sK0,intersection(sK0,y)) (1:5) [resolution 278,212]
212. zex(intersection(sK0,intersection(sK0,y))) (0:6) [cnf transformation 167]
281. cont(X0,X2) | ~cont(X1,X2) | ~cont(X0,X1) (0:9) [cnf transformation 155]
155. ! [X0,X1,X2] : (~cont(X0,X1) | ~cont(X1,X2) | cont(X0,X2))[flattening 154]
154. ! [X0,X1,X2] : ((~cont(X0,X1) | ~cont(X1,X2)) | cont(X0,X2))[ennf transformation 105]
105. ! [X0,X1,X2] : ((cont(X0,X1) & cont(X1,X2)) => cont(X0,X2))[flattening 104]
104. ! [X0] : ! [X1] : ! [X2] : ((cont(X0,X1) & cont(X1,X2)) => cont(X0,X2))[rectify 15]
15. ! [X29] : ! [X30] : ! [X31] : ((cont(X29,X30) & cont(X30,X31)) => cont(X29,X31))[input]
------------------------------
Version: Vampire 0.6 (revision 903)
Termination reason: Refutation

Active clauses: 452
Passive clauses: 1567
Generated clauses: 3553
Final active clauses: 452
Final passive clauses: 1018
Input formulas: 43
Initial clauses: 84

Unused predicate definitions: 2
Selected by SInE selection: 43
SInE iterations: 1

Duplicate literals: 116
Fw subsumption resolutions: 183

Simple tautologies: 48
Equational tautologies: 3
Forward subsumptions: 1731

Binary resolution: 1744
Factoring: 33
Forward superposition: 1354
Backward superposition: 48

Unique components: 2

Memory used: 767KB
Time elapsed: 0.388 s
------------------------------
% Success in time 1.269 s
============================= C:\Reasoning\vampire_win ================================
execution finished: Sun Jun 24 23:39:37 2018
total CPU time used: 0
The command was "C:\Reasoning\vampire_win --mode casc --proof tptp -t 600 --input_file C:\Users\torsten\Documents\github\colore\ontologies\multidim_mereotopology_codi\theorems\conversions\codi_int_theorems_goal23.all.tptp"
Input read from 
============================ end of footer ===========================
