% Starting sequential portfolio solving with schedule "casc"
% spawned child 14313 with time: 4 (total remaining time 2999)
% WARNING: value z3 for option sas not known
% dis+1010_4_afp=10000:afq=1.2:anc=none:irw=on:lma=on:nm=64:nwc=10:sas=z3:sac=on:sp=reverse_arity:updr=off_2 on codi_down_sum_theorems_goal20.all
% Time limit reached!
% ------------------------------
% Version: Vampire 4.2.2 (commit e1949dd on 2017-12-14 18:39:21 +0000)
% Termination reason: Time limit
% Termination phase: Saturation

% Memory used [KB]: 7164
% Time elapsed: 0.500 s
% spawned child 14314 with time: 10 (total remaining time 2993)
% ott+11_8_amm=off:anc=none:bsr=on:cond=on:irw=on:nm=2:nwc=1.1:ss=axioms:st=2.0:sac=on_8 on codi_down_sum_theorems_goal20.all
% Time limit reached!
% ------------------------------
% Version: Vampire 4.2.2 (commit e1949dd on 2017-12-14 18:39:21 +0000)
% Termination reason: Time limit
% Termination phase: Saturation

% Memory used [KB]: 7803
% Time elapsed: 1.100 s
% ------------------------------
% ------------------------------
% spawned child 14315 with time: 4 (total remaining time 2982)
% dis+1011_10_aac=none:add=large:afp=10000:afq=1.1:amm=off:anc=none:fsr=off:gs=on:gsem=off:irw=on:nm=6:newcnf=on:nwc=2.5:sp=reverse_arity:updr=off_2 on codi_down_sum_theorems_goal20.all
% Time limit reached!
% ------------------------------
% Version: Vampire 4.2.2 (commit e1949dd on 2017-12-14 18:39:21 +0000)
% Termination reason: Time limit
% Termination phase: Saturation

% Memory used [KB]: 12409
% Time elapsed: 0.500 s
% ------------------------------
% ------------------------------
% spawned child 14316 with time: 6 (total remaining time 2977)
% dis+11_28_av=off:fsr=off:irw=on:lcm=predicate:nm=2:newcnf=on:nwc=5:sp=occurrence:urr=on:updr=off_4 on codi_down_sum_theorems_goal20.all
% Time limit reached!
% ------------------------------
% Version: Vampire 4.2.2 (commit e1949dd on 2017-12-14 18:39:21 +0000)
% Termination reason: Time limit
% Termination phase: Saturation

% Memory used [KB]: 4093
% Time elapsed: 0.700 s
% ------------------------------
% ------------------------------
% spawned child 14317 with time: 6 (total remaining time 2969)
% lrs+1011_5_add=large:afp=1000:afq=1.2:anc=none:fsr=off:irw=on:lma=on:nm=64:newcnf=on:nwc=1:stl=30:sd=3:ss=axioms:st=2.0:sos=on:sac=on:sp=reverse_arity:urr=on:updr=off_4 on codi_down_sum_theorems_goal20.all
% Time limit reached!
% ------------------------------
% Version: Vampire 4.2.2 (commit e1949dd on 2017-12-14 18:39:21 +0000)
% Termination reason: Time limit
% Termination phase: Saturation

% Memory used [KB]: 8827
% Time elapsed: 0.700 s
% ------------------------------
% ------------------------------
% spawned child 14318 with time: 4 (total remaining time 2962)
% lrs+1011_3:1_add=off:afr=on:afp=10000:afq=1.1:amm=off:bce=on:cond=on:ep=R:fsr=off:nm=16:nwc=1:stl=30:sos=all:sp=reverse_arity:updr=off_2 on codi_down_sum_theorems_goal20.all
% Time limit reached!
% ------------------------------
% Version: Vampire 4.2.2 (commit e1949dd on 2017-12-14 18:39:21 +0000)
% Termination reason: Time limit
% Termination phase: Saturation

% Memory used [KB]: 9210
% Time elapsed: 0.500 s
% ------------------------------
% ------------------------------
% spawned child 14319 with time: 23 (total remaining time 2956)
% lrs+1011_3:2_aac=none:afp=10000:afq=1.2:amm=off:anc=all:cond=on:fde=none:gs=on:gsem=on:irw=on:lma=on:nm=32:newcnf=on:nwc=3:nicw=on:stl=30:sac=on:sp=reverse_arity:urr=ec_only:updr=off:uhcvi=on_21 on codi_down_sum_theorems_goal20.all
% Time limit reached!
% ------------------------------
% Version: Vampire 4.2.2 (commit e1949dd on 2017-12-14 18:39:21 +0000)
% Termination reason: Time limit
% Termination phase: Saturation

% Memory used [KB]: 17398
% Time elapsed: 2.400 s
% ------------------------------
% ------------------------------
% spawned child 14321 with time: 4 (total remaining time 2934)
% lrs+10_6_aac=none:acc=model:add=large:afr=on:afp=10000:afq=1.2:amm=off:anc=none:bd=off:ccuc=small_ones:irw=on:lcm=reverse:nm=0:nwc=1:nicw=on:stl=30:sos=on:sp=reverse_arity:updr=off_2 on codi_down_sum_theorems_goal20.all
% Time limit reached!
% ------------------------------
% Version: Vampire 4.2.2 (commit e1949dd on 2017-12-14 18:39:21 +0000)
% Termination reason: Time limit
% Termination phase: Saturation

% Memory used [KB]: 7291
% Time elapsed: 0.500 s
% ------------------------------
% ------------------------------
% spawned child 14322 with time: 7 (total remaining time 2928)
% dis+11_5_av=off:bd=off:bs=unit_only:bsr=on:cond=on:lcm=reverse:nm=0:nwc=1.2_5 on codi_down_sum_theorems_goal20.all
% Time limit reached!
% ------------------------------
% Version: Vampire 4.2.2 (commit e1949dd on 2017-12-14 18:39:21 +0000)
% Termination reason: Time limit
% Termination phase: Saturation

% Memory used [KB]: 2942
% Time elapsed: 0.800 s
% ------------------------------
% ------------------------------
% spawned child 14323 with time: 4 (total remaining time 2919)
% dis+11_32_av=off:ep=RST:fsr=off:lwlo=on:nm=6:nwc=1.1:sd=5:ss=axioms:st=5.0:sp=reverse_arity:uhcvi=on_2 on codi_down_sum_theorems_goal20.all
% Time limit reached!
% ------------------------------
% Version: Vampire 4.2.2 (commit e1949dd on 2017-12-14 18:39:21 +0000)
% Termination reason: Time limit
% Termination phase: Saturation

% Memory used [KB]: 2174
% Time elapsed: 0.500 s
% ------------------------------
% ------------------------------
% spawned child 14324 with time: 7 (total remaining time 2914)
% dis+1003_64_add=off:afr=on:afp=100000:afq=1.1:anc=none:cond=fast:fde=none:irw=on:nm=6:newcnf=on:nwc=1.3:uhcvi=on_5 on codi_down_sum_theorems_goal20.all
% Time limit reached!
% ------------------------------
% Version: Vampire 4.2.2 (commit e1949dd on 2017-12-14 18:39:21 +0000)
% Termination reason: Time limit
% Termination phase: Saturation

% Memory used [KB]: 7675
% Time elapsed: 0.800 s
% ------------------------------
% ------------------------------
% spawned child 14325 with time: 5 (total remaining time 2905)
% dis+11_4_afr=on:afp=1000:afq=1.4:amm=off:anc=none:lcm=reverse:lma=on:lwlo=on:nm=6:newcnf=on:nwc=1:sd=2:ss=axioms:st=2.0:sp=reverse_arity_3 on codi_down_sum_theorems_goal20.all
% Time limit reached!
% ------------------------------
% Version: Vampire 4.2.2 (commit e1949dd on 2017-12-14 18:39:21 +0000)
% Termination reason: Time limit
% Termination phase: Saturation

% Memory used [KB]: 7164
% Time elapsed: 0.600 s
% ------------------------------
% ------------------------------
% spawned child 14326 with time: 87 (total remaining time 2899)
% ott+1002_128_av=off:bd=off:bs=on:bsr=on:cond=on:fsr=off:nm=6:newcnf=on:nwc=1:sp=reverse_arity:updr=off_82 on codi_down_sum_theorems_goal20.all
% Time limit reached!
% ------------------------------
% Version: Vampire 4.2.2 (commit e1949dd on 2017-12-14 18:39:21 +0000)
% Termination reason: Time limit
% Termination phase: Saturation

% Memory used [KB]: 6524
% Time elapsed: 8.800 s
% ------------------------------
% ------------------------------
% spawned child 14327 with time: 8 (total remaining time 2816)
% lrs+1002_8_add=large:afp=40000:afq=1.0:amm=off:anc=none:cond=on:gs=on:irw=on:nm=16:newcnf=on:nwc=1:stl=30:sos=on:sp=reverse_arity:updr=off_6 on codi_down_sum_theorems_goal20.all
% Time limit reached!
% ------------------------------
% Version: Vampire 4.2.2 (commit e1949dd on 2017-12-14 18:39:21 +0000)
% Termination reason: Time limit
% Termination phase: Saturation

% Memory used [KB]: 11001
% Time elapsed: 0.900 s
% ------------------------------
% ------------------------------
% spawned child 14328 with time: 54 (total remaining time 2806)
% lrs+1011_3:1_av=off:cond=on:irw=on:lma=on:nm=16:nwc=1:stl=30:sos=all:updr=off_51 on codi_down_sum_theorems_goal20.all
% Time limit reached!
% ------------------------------
% Version: Vampire 4.2.2 (commit e1949dd on 2017-12-14 18:39:21 +0000)
% Termination reason: Time limit
% Termination phase: Saturation

% Memory used [KB]: 12153
% Time elapsed: 5.500 s
% ------------------------------
% ------------------------------
% spawned child 14329 with time: 7 (total remaining time 2755)
% lrs+1_3:2_aac=none:add=large:anc=all_dependent:bce=on:cond=fast:ep=RST:fsr=off:lma=on:nm=2:nwc=1:stl=30:sos=on:sp=occurrence:urr=on:updr=off:uhcvi=on_5 on codi_down_sum_theorems_goal20.all
% Time limit reached!
% ------------------------------
% Version: Vampire 4.2.2 (commit e1949dd on 2017-12-14 18:39:21 +0000)
% Termination reason: Time limit
% Termination phase: Saturation

% Memory used [KB]: 8187
% Time elapsed: 0.800 s
% ------------------------------
% ------------------------------
% spawned child 14330 with time: 11 (total remaining time 2746)
% ott+1_8_av=off:bd=off:bs=on:cond=on:gsp=input_only:gs=on:gsem=off:irw=on:lcm=predicate:lwlo=on:nwc=1:sos=on_10 on codi_down_sum_theorems_goal20.all
% Time limit reached!
% ------------------------------
% Version: Vampire 4.2.2 (commit e1949dd on 2017-12-14 18:39:21 +0000)
% Termination reason: Time limit
% Termination phase: Saturation

% Memory used [KB]: 11001
% Time elapsed: 1.200 s
% ------------------------------
% ------------------------------
% spawned child 14331 with time: 7 (total remaining time 2734)
% dis+11_5_afp=40000:afq=1.4:anc=none:br=off:cond=on:fsr=off:irw=on:lma=on:nm=4:nwc=1:sd=3:ss=axioms:st=2.0:urr=on:updr=off_5 on codi_down_sum_theorems_goal20.all
% Time limit reached!
% ------------------------------
% Version: Vampire 4.2.2 (commit e1949dd on 2017-12-14 18:39:21 +0000)
% Termination reason: Time limit
% Termination phase: Saturation

% Memory used [KB]: 8827
% Time elapsed: 0.800 s
% ------------------------------
% ------------------------------
% spawned child 14332 with time: 4 (total remaining time 2726)
% dis+1010_10_afr=on:afp=100000:afq=2.0:amm=sco:anc=none:ep=RS:fde=unused:gs=on:nwc=1:sos=on:sac=on:sp=occurrence_2 on codi_down_sum_theorems_goal20.all
% Time limit reached!
% ------------------------------
% Version: Vampire 4.2.2 (commit e1949dd on 2017-12-14 18:39:21 +0000)
% Termination reason: Time limit
% Termination phase: Saturation

% Memory used [KB]: 11641
% Time elapsed: 0.500 s
% ------------------------------
% ------------------------------
% spawned child 14333 with time: 9 (total remaining time 2720)
% lrs+1011_8:1_afr=on:afp=1000:afq=2.0:br=off:gsp=input_only:gs=on:nm=16:nwc=1:stl=30:sos=all:sp=occurrence:urr=on_7 on codi_down_sum_theorems_goal20.all
% Time limit reached!
% ------------------------------
% Version: Vampire 4.2.2 (commit e1949dd on 2017-12-14 18:39:21 +0000)
% Termination reason: Time limit
% Termination phase: Saturation

% Memory used [KB]: 14583
% Time elapsed: 1.0000 s
% ------------------------------
% ------------------------------
% spawned child 14334 with time: 9 (total remaining time 2710)
% lrs+1003_2_acc=on:afp=4000:afq=2.0:amm=sco:bd=off:ccuc=small_ones:fsr=off:fde=unused:gsp=input_only:nm=64:newcnf=on:nwc=2.5:nicw=on:stl=30:urr=ec_only_7 on codi_down_sum_theorems_goal20.all
% Time limit reached!
% ------------------------------
% Version: Vampire 4.2.2 (commit e1949dd on 2017-12-14 18:39:21 +0000)
% Termination reason: Time limit
% Termination phase: Saturation

% Memory used [KB]: 10362
% Time elapsed: 1.0000 s
% ------------------------------
% ------------------------------
% spawned child 14335 with time: 4 (total remaining time 2701)
% ott+4_40_av=off:bce=on:cond=fast:fde=none:nm=0:nwc=1:sos=all:updr=off_2 on codi_down_sum_theorems_goal20.all
% Time limit reached!
% ------------------------------
% Version: Vampire 4.2.2 (commit e1949dd on 2017-12-14 18:39:21 +0000)
% Termination reason: Time limit
% Termination phase: Saturation

% Memory used [KB]: 2174
% Time elapsed: 0.500 s
% ------------------------------
% ------------------------------
% spawned child 14336 with time: 5 (total remaining time 2696)
% dis-3_5_av=off:cond=on:gs=on:gsem=off:lcm=predicate:nm=0:nwc=1:sos=on:sp=reverse_arity_3 on codi_down_sum_theorems_goal20.all
% Time limit reached!
% ------------------------------
% Version: Vampire 4.2.2 (commit e1949dd on 2017-12-14 18:39:21 +0000)
% Termination reason: Time limit
% Termination phase: Saturation

% Memory used [KB]: 8315
% Time elapsed: 0.600 s
% ------------------------------
% ------------------------------
% spawned child 14337 with time: 56 (total remaining time 2689)
% lrs+1011_14_av=off:fsr=off:irw=on:nwc=1:stl=30:sos=on:sp=occurrence:urr=ec_only:updr=off_53 on codi_down_sum_theorems_goal20.all
% Time limit reached!
% ------------------------------
% Version: Vampire 4.2.2 (commit e1949dd on 2017-12-14 18:39:21 +0000)
% Termination reason: Time limit
% Termination phase: Saturation

% Memory used [KB]: 6908
% Time elapsed: 5.700 s
% ------------------------------
% ------------------------------
% spawned child 14341 with time: 5 (total remaining time 2636)
% dis+11_10_av=off:lma=on:nm=64:nwc=5:sp=reverse_arity_3 on codi_down_sum_theorems_goal20.all
% Time limit reached!
% ------------------------------
% Version: Vampire 4.2.2 (commit e1949dd on 2017-12-14 18:39:21 +0000)
% Termination reason: Time limit
% Termination phase: Saturation

% Memory used [KB]: 1279
% Time elapsed: 0.600 s
% ------------------------------
% ------------------------------
% spawned child 14342 with time: 13 (total remaining time 2629)
% lrs+1011_4:1_av=off:fsr=off:irw=on:nwc=1:stl=30:sd=4:ss=axioms:st=1.5:sp=reverse_arity_12 on codi_down_sum_theorems_goal20.all
% Time limit reached!
% ------------------------------
% Version: Vampire 4.2.2 (commit e1949dd on 2017-12-14 18:39:21 +0000)
% Termination reason: Time limit
% Termination phase: Saturation

% Memory used [KB]: 4733
% Time elapsed: 1.400 s
% ------------------------------
% ------------------------------
% spawned child 14343 with time: 245 (total remaining time 2615)
% lrs+10_2:3_afp=1000:afq=1.1:amm=sco:anc=none:er=known:lcm=reverse:lwlo=on:nm=64:newcnf=on:nwc=2:stl=30:sd=5:ss=axioms:sos=theory:sac=on:sp=occurrence_233 on codi_down_sum_theorems_goal20.all
% Time limit reached!
% ------------------------------
% Version: Vampire 4.2.2 (commit e1949dd on 2017-12-14 18:39:21 +0000)
% Termination reason: Time limit
% Termination phase: Saturation

% Memory used [KB]: 36076
% Time elapsed: 24.600 s
% ------------------------------
% ------------------------------
% spawned child 14347 with time: 7 (total remaining time 2383)
% lrs+1011_3:2_av=off:er=known:lma=on:nm=2:newcnf=on:nwc=2:stl=30:sd=2:ss=axioms:st=3.0:urr=on:updr=off_5 on codi_down_sum_theorems_goal20.all
% Time limit reached!
% ------------------------------
% Version: Vampire 4.2.2 (commit e1949dd on 2017-12-14 18:39:21 +0000)
% Termination reason: Time limit

% Memory used [KB]: 767
% Time elapsed: 1.496 s
% ------------------------------
% ------------------------------
% spawned child 14348 with time: 38 (total remaining time 2367)
% lrs+1011_2:3_av=off:gs=on:gsem=off:nwc=1.5:stl=30:sos=theory:sp=occurrence:urr=ec_only:updr=off_36 on codi_down_sum_theorems_goal20.all
% Time limit reached!
% ------------------------------
% Version: Vampire 4.2.2 (commit e1949dd on 2017-12-14 18:39:21 +0000)
% Termination reason: Time limit
% Termination phase: Saturation

% Memory used [KB]: 20596
% Time elapsed: 3.900 s
% ------------------------------
% ------------------------------
% spawned child 14350 with time: 62 (total remaining time 2329)
% lrs+11_4_av=off:gsp=input_only:irw=on:lma=on:nm=0:nwc=1.2:stl=30:sd=2:ss=axioms:sp=reverse_arity:urr=on:updr=off_59 on codi_down_sum_theorems_goal20.all
% Time limit reached!
% ------------------------------
% Version: Vampire 4.2.2 (commit e1949dd on 2017-12-14 18:39:21 +0000)
% Termination reason: Time limit
% Termination phase: Saturation

% Memory used [KB]: 13432
% Time elapsed: 6.300 s
% ------------------------------
% ------------------------------
% spawned child 14351 with time: 28 (total remaining time 2267)
% lrs+1011_5:4_acc=on:add=large:afr=on:afp=10000:afq=2.0:amm=sco:anc=none:bsr=on:ccuc=first:cond=on:fde=unused:gs=on:gsaa=from_current:gsem=off:irw=on:nm=2:newcnf=on:nwc=1.2:stl=30:sos=on:sac=on:sp=reverse_arity:updr=off_26 on codi_down_sum_theorems_goal20.all
% Time limit reached!
% ------------------------------
% Version: Vampire 4.2.2 (commit e1949dd on 2017-12-14 18:39:21 +0000)
% Termination reason: Time limit
% Termination phase: Saturation

% Memory used [KB]: 21236
% Time elapsed: 2.900 s
% ------------------------------
% ------------------------------
% spawned child 14353 with time: 19 (total remaining time 2238)
% lrs-11_8_afr=on:afp=100000:afq=2.0:anc=none:bd=off:cond=on:gs=on:lma=on:nm=2:newcnf=on:nwc=3:stl=30:sac=on:sp=occurrence_18 on codi_down_sum_theorems_goal20.all
% Time limit reached!
% ------------------------------
% Version: Vampire 4.2.2 (commit e1949dd on 2017-12-14 18:39:21 +0000)
% Termination reason: Time limit
% Termination phase: Saturation

% Memory used [KB]: 15479
% Time elapsed: 2.0000 s
% ------------------------------
% ------------------------------
% spawned child 14354 with time: 208 (total remaining time 2217)
% dis+1010_1_acc=model:add=large:afr=on:amm=off:anc=none:bd=off:bsr=on:ccuc=small_ones:gs=on:gsem=on:nm=16:nwc=2:urr=ec_only:updr=off_198 on codi_down_sum_theorems_goal20.all
% Time limit reached!
% ------------------------------
% Version: Vampire 4.2.2 (commit e1949dd on 2017-12-14 18:39:21 +0000)
% Termination reason: Time limit
% Termination phase: Saturation

% Memory used [KB]: 139443
% Time elapsed: 20.900 s
% ------------------------------
% ------------------------------
% spawned child 14356 with time: 5 (total remaining time 2012)
% dis+11_2_add=large:afr=on:anc=none:gs=on:gsem=on:lwlo=on:nm=16:nwc=1:sd=1:ss=axioms:st=3.0:sos=on_3 on codi_down_sum_theorems_goal20.all
% Time limit reached!
% ------------------------------
% Version: Vampire 4.2.2 (commit e1949dd on 2017-12-14 18:39:21 +0000)
% Termination reason: Time limit
% Termination phase: Saturation

% Memory used [KB]: 10106
% Time elapsed: 0.600 s
% ------------------------------
% ------------------------------
% spawned child 14357 with time: 41 (total remaining time 2005)
% WARNING: value z3 for option sas not known
% lrs+2_3:1_add=large:afr=on:afp=10000:afq=1.1:amm=off:anc=none:er=known:fde=unused:gs=on:gsaa=from_current:gsem=on:lma=on:nm=32:newcnf=on:nwc=4:sas=z3:stl=30:sd=1:ss=axioms:st=5.0:sac=on:sp=occurrence:updr=off_39 on codi_down_sum_theorems_goal20.all
% Time limit reached!
% ------------------------------
% Version: Vampire 4.2.2 (commit e1949dd on 2017-12-14 18:39:21 +0000)
% Termination reason: Time limit
% Termination phase: Saturation

% Memory used [KB]: 24306
% Time elapsed: 4.200 s
% spawned child 14359 with time: 24 (total remaining time 1963)
% ott+1002_2_av=off:bd=preordered:irw=on:lma=on:nm=64:nwc=10:sp=reverse_arity:updr=off_22 on codi_down_sum_theorems_goal20.all
% Time limit reached!
% ------------------------------
% Version: Vampire 4.2.2 (commit e1949dd on 2017-12-14 18:39:21 +0000)
% Termination reason: Time limit
% Termination phase: Saturation

% Memory used [KB]: 4733
% Time elapsed: 2.500 s
% ------------------------------
% ------------------------------
% spawned child 14361 with time: 74 (total remaining time 1937)
% lrs+10_128_acc=model:afp=100000:afq=2.0:anc=all_dependent:bs=on:bsr=on:cond=fast:er=filter:gs=on:gsem=off:lcm=reverse:lma=on:nm=32:nwc=3:stl=30:sac=on:sp=occurrence:urr=ec_only_70 on codi_down_sum_theorems_goal20.all
% Time limit reached!
% ------------------------------
% Version: Vampire 4.2.2 (commit e1949dd on 2017-12-14 18:39:21 +0000)
% Termination reason: Time limit
% Termination phase: Saturation

% Memory used [KB]: 41705
% Time elapsed: 7.500 s
% ------------------------------
% ------------------------------
% spawned child 14362 with time: 18 (total remaining time 1863)
% ott-3_3_av=off:cond=fast:fde=none:lcm=reverse:nm=6:nwc=1:sd=5:ss=axioms:st=2.0:sos=on:sp=reverse_arity:updr=off:uhcvi=on_17 on codi_down_sum_theorems_goal20.all
% Time limit reached!
% ------------------------------
% Version: Vampire 4.2.2 (commit e1949dd on 2017-12-14 18:39:21 +0000)
% Termination reason: Time limit
% Termination phase: Saturation

% Memory used [KB]: 6524
% Time elapsed: 1.900 s
% ------------------------------
% ------------------------------
% spawned child 14363 with time: 156 (total remaining time 1843)
% lrs+4_5:4_av=off:bd=off:er=filter:lma=on:lwlo=on:nwc=1:stl=30:sp=occurrence:updr=off_148 on codi_down_sum_theorems_goal20.all
% Time limit reached!
% ------------------------------
% Version: Vampire 4.2.2 (commit e1949dd on 2017-12-14 18:39:21 +0000)
% Termination reason: Time limit
% Termination phase: Saturation

% Memory used [KB]: 26481
% Time elapsed: 15.700 s
% ------------------------------
% ------------------------------
% spawned child 14367 with time: 76 (total remaining time 1690)
% dis+1011_5:4_acc=model:afr=on:afp=10000:afq=1.4:amm=off:anc=none:bd=off:ccuc=small_ones:cond=fast:fde=unused:gs=on:nm=2:newcnf=on:nwc=1:nicw=on:sos=on:sac=on:sp=occurrence:updr=off_72 on codi_down_sum_theorems_goal20.all
% Time limit reached!
% ------------------------------
% Version: Vampire 4.2.2 (commit e1949dd on 2017-12-14 18:39:21 +0000)
% Termination reason: Time limit
% Termination phase: Saturation

% Memory used [KB]: 26609
% Time elapsed: 7.700 s
% ------------------------------
% ------------------------------
% spawned child 14369 with time: 40 (total remaining time 1614)
% ott+1_8:1_av=off:bd=preordered:bsr=on:lma=on:nm=64:newcnf=on:nwc=1.2:uhcvi=on_38 on codi_down_sum_theorems_goal20.all
% Time limit reached!
% ------------------------------
% Version: Vampire 4.2.2 (commit e1949dd on 2017-12-14 18:39:21 +0000)
% Termination reason: Time limit
% Termination phase: Saturation

% Memory used [KB]: 12409
% Time elapsed: 4.100 s
% ------------------------------
% ------------------------------
% spawned child 14370 with time: 316 (total remaining time 1575)
% lrs+1010_3:2_afr=on:afp=100000:afq=1.1:anc=none:gsp=input_only:irw=on:lwlo=on:nm=2:newcnf=on:nwc=1.7:sac=on:sp=occurrence_300 on codi_down_sum_theorems_goal20.all
% Time limit reached!
% ------------------------------
% Version: Vampire 4.2.2 (commit e1949dd on 2017-12-14 18:39:21 +0000)
% Termination reason: Time limit
% Termination phase: Saturation

% Memory used [KB]: 85329
% Time elapsed: 31.700 s
% ------------------------------
% ------------------------------
% spawned child 14373 with time: 316 (total remaining time 1269)
% lrs+1_4_afp=100000:afq=1.2:anc=none:bd=off:cond=on:gs=on:gsem=off:nm=64:nwc=1:sd=2:ss=axioms:st=2.0:sos=all:updr=off_300 on codi_down_sum_theorems_goal20.all
% Refutation not found, non-redundant clauses discarded
% ------------------------------
% Version: Vampire 4.2.2 (commit e1949dd on 2017-12-14 18:39:21 +0000)
% Termination reason: Refutation not found, non-redundant clauses discarded

% Memory used [KB]: 111298
% Time elapsed: 31.718 s
% ------------------------------
% ------------------------------
% spawned child 14377 with time: 316 (total remaining time 956)
% WARNING: value z3 for option sas not known
% WARNING: option thi not known.
% dis+1002_4_add=large:afp=40000:afq=1.0:anc=none:cond=fast:fde=none:gs=on:gsaa=full_model:lma=on:lwlo=on:nm=0:nwc=1.5:sas=z3:sp=reverse_arity:tha=off:thi=strong_300 on codi_down_sum_theorems_goal20.all
% Time limit reached!
% ------------------------------
% Version: Vampire 4.2.2 (commit e1949dd on 2017-12-14 18:39:21 +0000)
% Termination reason: Time limit
% Termination phase: Saturation

% Memory used [KB]: 90190
% Time elapsed: 31.700 s
% spawned child 14379 with time: 316 (total remaining time 649)
% lrs+1011_2:1_av=off:irw=on:lwlo=on:nm=16:newcnf=on:nwc=2:sd=4:ss=axioms:st=3.0:sp=occurrence_300 on codi_down_sum_theorems_goal20.all
% Refutation not found, non-redundant clauses discarded
% ------------------------------
% Version: Vampire 4.2.2 (commit e1949dd on 2017-12-14 18:39:21 +0000)
% Termination reason: Refutation not found, non-redundant clauses discarded

% Memory used [KB]: 35948
% Time elapsed: 31.644 s
% ------------------------------
% ------------------------------
% spawned child 14382 with time: 316 (total remaining time 350)
% lrs+1002_1_av=off:fde=unused:lwlo=on:nm=16:nwc=4:sp=occurrence_300 on codi_down_sum_theorems_goal20.all
% Time limit reached!
% ------------------------------
% Version: Vampire 4.2.2 (commit e1949dd on 2017-12-14 18:39:21 +0000)
% Termination reason: Time limit
% Termination phase: Saturation

% Memory used [KB]: 18805
% Time elapsed: 31.700 s
% ------------------------------
% ------------------------------
% spawned child 14384 with time: 49 (total remaining time 49)
% WARNING: value z3 for option sas not known
% lrs+11_3:2_add=large:afr=on:afp=10000:afq=1.2:amm=off:anc=none:bs=unit_only:cond=on:gs=on:gsaa=full_model:gsem=off:irw=on:lwlo=on:nm=32:nwc=1.2:sas=z3:sac=on_900 on codi_down_sum_theorems_goal20.all
% Time limit reached!
% ------------------------------
% Version: Vampire 4.2.2 (commit e1949dd on 2017-12-14 18:39:21 +0000)
% Termination reason: Time limit
% Termination phase: Saturation

% Memory used [KB]: 26993
% Time elapsed: 5.0000 s
% Proof not found in time 300.058 s
% SZS status Timeout for codi_down_sum_theorems_goal20.all
