% Starting sequential portfolio solving with schedule "casc"
% spawned child 12814 with time: 4 (total remaining time 2999)
% WARNING: value z3 for option sas not known
% dis+1010_4_afp=10000:afq=1.2:anc=none:irw=on:lma=on:nm=64:nwc=10:sas=z3:sac=on:sp=reverse_arity:updr=off_2 on codi_down_sum_theorems_goal11.all
% Refutation found. Thanks to Tanya!
% SZS status Theorem for codi_down_sum_theorems_goal11.all
% SZS output start Proof for codi_down_sum_theorems_goal11.all
fof(f1,conjecture,(
  ! [X0] : ! [X1] : ! [X2] : (cont(difference(X2,X0),X1) | ~(~zex(X1) & ~zex(X0) & ~cont(X2,X1) & ~cont(X2,X0) & cont(X2,sum(X0,X1)) & eqdim(X0,X1)))),
  file('Dropbox/Experiments/codi_down_theoremsT6-T10_goals/codi_down_sum_theorems_goal11.all.tptp',conjecture110)).
fof(f2,negated_conjecture,(
  ~! [X0] : ! [X1] : ! [X2] : (cont(difference(X2,X0),X1) | ~(~zex(X1) & ~zex(X0) & ~cont(X2,X1) & ~cont(X2,X0) & cont(X2,sum(X0,X1)) & eqdim(X0,X1)))),
  inference(negated_conjecture,[],[f1])).
fof(f6,axiom,(
  ! [X0] : ! [X1] : ! [X3] : (cont(difference(X3,X0),X1) | ~(~cont(X3,X0) & cont(X3,sum(X0,X1))))),
  file('Dropbox/Experiments/codi_down_theoremsT6-T10_goals/codi_down_sum_theorems_goal11.all.tptp',axiom40)).
fof(f118,plain,(
  ~! [X0,X1,X2] : (cont(difference(X2,X0),X1) | ~(~zex(X1) & ~zex(X0) & ~cont(X2,X1) & ~cont(X2,X0) & cont(X2,sum(X0,X1)) & eqdim(X0,X1)))),
  inference(flattening,[],[f2])).
fof(f268,plain,(
  ! [X0] : ! [X1] : ! [X2] : (cont(difference(X2,X0),X1) | ~(~cont(X2,X0) & cont(X2,sum(X0,X1))))),
  inference(rectify,[],[f6])).
fof(f269,plain,(
  ! [X0,X1,X2] : (cont(difference(X2,X0),X1) | ~(~cont(X2,X0) & cont(X2,sum(X0,X1))))),
  inference(flattening,[],[f268])).
fof(f274,plain,(
  ? [X0,X1,X2] : (~cont(difference(X2,X0),X1) & (~zex(X1) & ~zex(X0) & ~cont(X2,X1) & ~cont(X2,X0) & cont(X2,sum(X0,X1)) & eqdim(X0,X1)))),
  inference(ennf_transformation,[],[f118])).
fof(f275,plain,(
  ? [X0,X1,X2] : (~cont(difference(X2,X0),X1) & ~zex(X1) & ~zex(X0) & ~cont(X2,X1) & ~cont(X2,X0) & cont(X2,sum(X0,X1)) & eqdim(X0,X1))),
  inference(flattening,[],[f274])).
fof(f383,plain,(
  ! [X0,X1,X2] : (cont(difference(X2,X0),X1) | (cont(X2,X0) | ~cont(X2,sum(X0,X1))))),
  inference(ennf_transformation,[],[f269])).
fof(f384,plain,(
  ! [X0,X1,X2] : (cont(difference(X2,X0),X1) | cont(X2,X0) | ~cont(X2,sum(X0,X1)))),
  inference(flattening,[],[f383])).
fof(f389,plain,(
  ? [X0,X1,X2] : (~cont(difference(X2,X0),X1) & ~zex(X1) & ~zex(X0) & ~cont(X2,X1) & ~cont(X2,X0) & cont(X2,sum(X0,X1)) & eqdim(X0,X1)) => (~cont(difference(sK2,sK0),sK1) & ~zex(sK1) & ~zex(sK0) & ~cont(sK2,sK1) & ~cont(sK2,sK0) & cont(sK2,sum(sK0,sK1)) & eqdim(sK0,sK1))),
  introduced(choice_axiom,[])).
fof(f390,plain,(
  ~cont(difference(sK2,sK0),sK1) & ~zex(sK1) & ~zex(sK0) & ~cont(sK2,sK1) & ~cont(sK2,sK0) & cont(sK2,sum(sK0,sK1)) & eqdim(sK0,sK1)),
  inference(skolemisation,[status(esa),new_symbols(skolem,[sK0,sK1,sK2])],[f275,f389])).
fof(f442,plain,(
  cont(sK2,sum(sK0,sK1))),
  inference(cnf_transformation,[],[f390])).
fof(f443,plain,(
  ~cont(sK2,sK0)),
  inference(cnf_transformation,[],[f390])).
fof(f447,plain,(
  ~cont(difference(sK2,sK0),sK1)),
  inference(cnf_transformation,[],[f390])).
fof(f623,plain,(
  ( ! [X2,X0,X1] : (~cont(X2,sum(X0,X1)) | cont(X2,X0) | cont(difference(X2,X0),X1)) )),
  inference(cnf_transformation,[],[f384])).
fof(f3104,plain,(
  cont(sK2,sK0) | cont(difference(sK2,sK0),sK1)),
  inference(resolution,[],[f623,f442])).
fof(f3118,plain,(
  cont(difference(sK2,sK0),sK1)),
  inference(subsumption_resolution,[],[f3104,f443])).
fof(f3119,plain,(
  $false),
  inference(subsumption_resolution,[],[f3118,f447])).
% SZS output end Proof for codi_down_sum_theorems_goal11.all
% ------------------------------
% Version: Vampire 4.2.2 (commit e1949dd on 2017-12-14 18:39:21 +0000)
% Termination reason: Refutation

% Memory used [KB]: 6140
% Time elapsed: 0.284 s
% ------------------------------
% ------------------------------
% Success in time 0.4 s
