Hi Geoff, go and have some cold beer while I am trying to solve this very hard problem!
% remaining time: 5999 next slice time: 3
dis-4_5_bd=off:bs=off:ep=RST:fde=none:lcm=predicate:n=on:nicw=on:nwc=2:ptb=off:sio=off:spl=backtracking:ss=included:ssec=off:st=5:updr=off_3 on theorems\conversions\codi_int_theorems_goal05.all
Refutation found. Thanks to Tanya!
281. $false (1:0) [subsumption resolution 280,162]
162. zex(intersection(sK0,sK1)) (0:4) [cnf transformation 146]
146. zex(intersection(sK0,sK1)) & c(sK0,sK1)[skolemisation 87]
87. ? [X0,X1,X2] : (zex(intersection(X0,X1)) & c(X0,X1))[ennf transformation 45]
45. ~! [X0,X1,X2] : (~zex(intersection(X0,X1)) | ~c(X0,X1))[flattening 1]
1. ~! [X0] : ! [X1] : ! [X2] : (~zex(intersection(X0,X1)) | ~c(X0,X1))[negated conjecture]
280. ~zex(intersection(sK0,sK1)) (1:4) [resolution 177,163]
163. c(sK0,sK1) (0:3) [cnf transformation 146]
177. ~c(X0,X1) | ~zex(intersection(X0,X1)) (0:7) [cnf transformation 94]
94. ! [X0,X1] : ((c(X0,X1) | zex(intersection(X0,X1))) & (~zex(intersection(X0,X1)) | ~c(X0,X1)))[ennf transformation 48]
48. ! [X0,X1] : ((c(X0,X1) | zex(intersection(X0,X1))) & (~zex(intersection(X0,X1)) | ~c(X0,X1)))[flattening 2]
2. ! [X0] : ! [X1] : ((c(X0,X1) | zex(intersection(X0,X1))) & (~zex(intersection(X0,X1)) | ~c(X0,X1)))[input]
------------------------------
Version: Vampire 0.6 (revision 903)
Termination reason: Refutation

Active clauses: 43
Passive clauses: 95
Generated clauses: 112
Final active clauses: 43
Final passive clauses: 52
Input formulas: 44
Initial clauses: 92

Selected by SInE selection: 44
SInE iterations: 1

Fw subsumption resolutions: 1

Simple tautologies: 4
Forward subsumptions: 11

Binary resolution: 18
Factoring: 1

Memory used: 127KB
Time elapsed: 0.006 s
------------------------------
% Success in time 0.047 s
