Hi Geoff, go and have some cold beer while I am trying to solve this very hard problem!
% remaining time: 5999 next slice time: 3
dis-4_5_bd=off:bs=off:ep=RST:fde=none:lcm=predicate:n=on:nicw=on:nwc=2:ptb=off:sio=off:spl=backtracking:ss=included:ssec=off:st=5:updr=off_3 on theorems\conversions\codi_int_theorems_goal25.all
Refutation found. Thanks to Tanya!
431. $false (2:0) [subsumption resolution 430,215]
215. zex(sK1) (0:2) [cnf transformation 168]
168. zex(sK1) & ~zex(intersection(sK0,sK1))[skolemisation 120]
120. ? [X0,X1] : (zex(X1) & ~zex(intersection(X0,X1)))[ennf transformation 44]
44. ~! [X0,X1] : (~zex(X1) | zex(intersection(X0,X1)))[flattening 1]
1. ~! [X0] : ! [X1] : (~zex(X1) | zex(intersection(X0,X1)))[negated conjecture]
430. ~zex(sK1) (2:2) [resolution 419,366]
366. c(sK0,sK1) (1:3) [resolution 284,216]
216. ~zex(intersection(sK0,sK1)) (0:4) [cnf transformation 168]
284. zex(intersection(X0,X1)) | c(X0,X1) (0:7) [cnf transformation 209]
209. ! [X0,X1] : ((c(X0,X1) | zex(intersection(X0,X1))) & (~zex(intersection(X0,X1)) | ~c(X0,X1)))[nnf transformation 150]
150. ! [X0,X1] : (~c(X0,X1) <=> zex(intersection(X0,X1)))[ennf transformation 100]
100. ! [X0,X1] : (~c(X0,X1) <=> zex(intersection(X0,X1)))[flattening 99]
99. ! [X0] : ! [X1] : (~c(X0,X1) <=> zex(intersection(X0,X1)))[rectify 24]
24. ! [X50] : ! [X51] : (~c(X50,X51) <=> zex(intersection(X50,X51)))[input]
419. ~c(X2,X3) | ~zex(X3) (1:5) [resolution 273,230]
230. ~cont(X1,X0) | ~zex(X0) (0:5) [cnf transformation 126]
126. ! [X0,X1] : (~zex(X0) | (~cont(X1,X0) & ~cont(X0,X1)))[ennf transformation 54]
54. ! [X0,X1] : (zex(X0) => (~cont(X1,X0) & ~cont(X0,X1)))[flattening 53]
53. ! [X0] : ! [X1] : (zex(X0) => (~cont(X1,X0) & ~cont(X0,X1)))[rectify 20]
20. ! [X41] : ! [X42] : (zex(X41) => (~cont(X42,X41) & ~cont(X41,X42)))[input]
273. cont(sK11(X1,X0),X1) | ~c(X0,X1) (0:8) [cnf transformation 202]
202. ! [X0,X1] : ((~c(X0,X1) | (cont(sK11(X1,X0),X0) & cont(sK11(X1,X0),X1))) & (! [X3] : (~cont(X3,X0) | ~cont(X3,X1)) | c(X0,X1)))[skolemisation 201]
201. ! [X0,X1] : ((~c(X0,X1) | ? [X2] : (cont(X2,X0) & cont(X2,X1))) & (! [X3] : (~cont(X3,X0) | ~cont(X3,X1)) | c(X0,X1)))[rectify 200]
200. ! [X0,X1] : ((~c(X0,X1) | ? [X2] : (cont(X2,X0) & cont(X2,X1))) & (! [X2] : (~cont(X2,X0) | ~cont(X2,X1)) | c(X0,X1)))[nnf transformation 92]
92. ! [X0,X1] : (c(X0,X1) <=> ? [X2] : (cont(X2,X0) & cont(X2,X1)))[flattening 91]
91. ! [X0] : ! [X1] : (c(X0,X1) <=> ? [X2] : (cont(X2,X0) & cont(X2,X1)))[rectify 2]
2. ! [X2] : ! [X3] : (c(X2,X3) <=> ? [X4] : (cont(X4,X2) & cont(X4,X3)))[input]
------------------------------
Version: Vampire 0.6 (revision 903)
Termination reason: Refutation

Active clauses: 95
Passive clauses: 154
Generated clauses: 211
Final active clauses: 95
Final passive clauses: 49
Input formulas: 43
Initial clauses: 89

Selected by SInE selection: 43
SInE iterations: 1

Duplicate literals: 4
Fw subsumption resolutions: 1

Simple tautologies: 6
Forward subsumptions: 55

Binary resolution: 115
Factoring: 2

Memory used: 255KB
Time elapsed: 0.008 s
------------------------------
% Success in time 0.039 s
