% Starting sequential portfolio solving with schedule "casc"
% spawned child 10392 with time: 4 (total remaining time 2999)
% WARNING: value z3 for option sas not known
% dis+1010_4_afp=10000:afq=1.2:anc=none:irw=on:lma=on:nm=64:nwc=10:sas=z3:sac=on:sp=reverse_arity:updr=off_2 on codi_down_sum_theorems_goal08.all
% Time limit reached!
% ------------------------------
% Version: Vampire 4.2.2 (commit e1949dd on 2017-12-14 18:39:21 +0000)
% Termination reason: Time limit
% Termination phase: Saturation

% Memory used [KB]: 7036
% Time elapsed: 0.500 s
% spawned child 10393 with time: 10 (total remaining time 2994)
% ott+11_8_amm=off:anc=none:bsr=on:cond=on:irw=on:nm=2:nwc=1.1:ss=axioms:st=2.0:sac=on_8 on codi_down_sum_theorems_goal08.all
% Time limit reached!
% ------------------------------
% Version: Vampire 4.2.2 (commit e1949dd on 2017-12-14 18:39:21 +0000)
% Termination reason: Time limit
% Termination phase: Saturation

% Memory used [KB]: 8059
% Time elapsed: 1.100 s
% ------------------------------
% ------------------------------
% spawned child 10394 with time: 4 (total remaining time 2983)
% dis+1011_10_aac=none:add=large:afp=10000:afq=1.1:amm=off:anc=none:fsr=off:gs=on:gsem=off:irw=on:nm=6:newcnf=on:nwc=2.5:sp=reverse_arity:updr=off_2 on codi_down_sum_theorems_goal08.all
% Time limit reached!
% ------------------------------
% Version: Vampire 4.2.2 (commit e1949dd on 2017-12-14 18:39:21 +0000)
% Termination reason: Time limit
% Termination phase: Saturation

% Memory used [KB]: 12409
% Time elapsed: 0.500 s
% ------------------------------
% ------------------------------
% spawned child 10395 with time: 6 (total remaining time 2977)
% dis+11_28_av=off:fsr=off:irw=on:lcm=predicate:nm=2:newcnf=on:nwc=5:sp=occurrence:urr=on:updr=off_4 on codi_down_sum_theorems_goal08.all
% Time limit reached!
% ------------------------------
% Version: Vampire 4.2.2 (commit e1949dd on 2017-12-14 18:39:21 +0000)
% Termination reason: Time limit
% Termination phase: Saturation

% Memory used [KB]: 3454
% Time elapsed: 0.700 s
% ------------------------------
% ------------------------------
% spawned child 10396 with time: 6 (total remaining time 2970)
% lrs+1011_5_add=large:afp=1000:afq=1.2:anc=none:fsr=off:irw=on:lma=on:nm=64:newcnf=on:nwc=1:stl=30:sd=3:ss=axioms:st=2.0:sos=on:sac=on:sp=reverse_arity:urr=on:updr=off_4 on codi_down_sum_theorems_goal08.all
% Time limit reached!
% ------------------------------
% Version: Vampire 4.2.2 (commit e1949dd on 2017-12-14 18:39:21 +0000)
% Termination reason: Time limit
% Termination phase: Saturation

% Memory used [KB]: 7803
% Time elapsed: 0.700 s
% ------------------------------
% ------------------------------
% spawned child 10397 with time: 4 (total remaining time 2963)
% lrs+1011_3:1_add=off:afr=on:afp=10000:afq=1.1:amm=off:bce=on:cond=on:ep=R:fsr=off:nm=16:nwc=1:stl=30:sos=all:sp=reverse_arity:updr=off_2 on codi_down_sum_theorems_goal08.all
% Time limit reached!
% ------------------------------
% Version: Vampire 4.2.2 (commit e1949dd on 2017-12-14 18:39:21 +0000)
% Termination reason: Time limit
% Termination phase: Saturation

% Memory used [KB]: 8699
% Time elapsed: 0.500 s
% ------------------------------
% ------------------------------
% spawned child 10398 with time: 23 (total remaining time 2958)
% lrs+1011_3:2_aac=none:afp=10000:afq=1.2:amm=off:anc=all:cond=on:fde=none:gs=on:gsem=on:irw=on:lma=on:nm=32:newcnf=on:nwc=3:nicw=on:stl=30:sac=on:sp=reverse_arity:urr=ec_only:updr=off:uhcvi=on_21 on codi_down_sum_theorems_goal08.all
% Time limit reached!
% ------------------------------
% Version: Vampire 4.2.2 (commit e1949dd on 2017-12-14 18:39:21 +0000)
% Termination reason: Time limit
% Termination phase: Saturation

% Memory used [KB]: 18421
% Time elapsed: 2.400 s
% ------------------------------
% ------------------------------
% spawned child 10399 with time: 4 (total remaining time 2938)
% lrs+10_6_aac=none:acc=model:add=large:afr=on:afp=10000:afq=1.2:amm=off:anc=none:bd=off:ccuc=small_ones:irw=on:lcm=reverse:nm=0:nwc=1:nicw=on:stl=30:sos=on:sp=reverse_arity:updr=off_2 on codi_down_sum_theorems_goal08.all
% Time limit reached!
% ------------------------------
% Version: Vampire 4.2.2 (commit e1949dd on 2017-12-14 18:39:21 +0000)
% Termination reason: Time limit
% Termination phase: Saturation

% Memory used [KB]: 5756
% Time elapsed: 0.500 s
% ------------------------------
% ------------------------------
% spawned child 10400 with time: 7 (total remaining time 2932)
% dis+11_5_av=off:bd=off:bs=unit_only:bsr=on:cond=on:lcm=reverse:nm=0:nwc=1.2_5 on codi_down_sum_theorems_goal08.all
% Time limit reached!
% ------------------------------
% Version: Vampire 4.2.2 (commit e1949dd on 2017-12-14 18:39:21 +0000)
% Termination reason: Time limit
% Termination phase: Saturation

% Memory used [KB]: 2814
% Time elapsed: 0.800 s
% ------------------------------
% ------------------------------
% spawned child 10401 with time: 4 (total remaining time 2925)
% dis+11_32_av=off:ep=RST:fsr=off:lwlo=on:nm=6:nwc=1.1:sd=5:ss=axioms:st=5.0:sp=reverse_arity:uhcvi=on_2 on codi_down_sum_theorems_goal08.all
% Time limit reached!
% ------------------------------
% Version: Vampire 4.2.2 (commit e1949dd on 2017-12-14 18:39:21 +0000)
% Termination reason: Time limit
% Termination phase: Saturation

% Memory used [KB]: 1663
% Time elapsed: 0.500 s
% ------------------------------
% ------------------------------
% spawned child 10402 with time: 7 (total remaining time 2920)
% dis+1003_64_add=off:afr=on:afp=100000:afq=1.1:anc=none:cond=fast:fde=none:irw=on:nm=6:newcnf=on:nwc=1.3:uhcvi=on_5 on codi_down_sum_theorems_goal08.all
% Time limit reached!
% ------------------------------
% Version: Vampire 4.2.2 (commit e1949dd on 2017-12-14 18:39:21 +0000)
% Termination reason: Time limit
% Termination phase: Saturation

% Memory used [KB]: 7291
% Time elapsed: 0.800 s
% ------------------------------
% ------------------------------
% spawned child 10403 with time: 5 (total remaining time 2912)
% dis+11_4_afr=on:afp=1000:afq=1.4:amm=off:anc=none:lcm=reverse:lma=on:lwlo=on:nm=6:newcnf=on:nwc=1:sd=2:ss=axioms:st=2.0:sp=reverse_arity_3 on codi_down_sum_theorems_goal08.all
% Time limit reached!
% ------------------------------
% Version: Vampire 4.2.2 (commit e1949dd on 2017-12-14 18:39:21 +0000)
% Termination reason: Time limit
% Termination phase: Saturation

% Memory used [KB]: 6908
% Time elapsed: 0.600 s
% ------------------------------
% ------------------------------
% spawned child 10404 with time: 87 (total remaining time 2906)
% ott+1002_128_av=off:bd=off:bs=on:bsr=on:cond=on:fsr=off:nm=6:newcnf=on:nwc=1:sp=reverse_arity:updr=off_82 on codi_down_sum_theorems_goal08.all
% Time limit reached!
% ------------------------------
% Version: Vampire 4.2.2 (commit e1949dd on 2017-12-14 18:39:21 +0000)
% Termination reason: Time limit
% Termination phase: Saturation

% Memory used [KB]: 6268
% Time elapsed: 8.800 s
% ------------------------------
% ------------------------------
% spawned child 10413 with time: 8 (total remaining time 2827)
% lrs+1002_8_add=large:afp=40000:afq=1.0:amm=off:anc=none:cond=on:gs=on:irw=on:nm=16:newcnf=on:nwc=1:stl=30:sos=on:sp=reverse_arity:updr=off_6 on codi_down_sum_theorems_goal08.all
% Time limit reached!
% ------------------------------
% Version: Vampire 4.2.2 (commit e1949dd on 2017-12-14 18:39:21 +0000)
% Termination reason: Time limit
% Termination phase: Saturation

% Memory used [KB]: 9850
% Time elapsed: 1.084 s
% ------------------------------
% ------------------------------
% spawned child 10414 with time: 54 (total remaining time 2816)
% lrs+1011_3:1_av=off:cond=on:irw=on:lma=on:nm=16:nwc=1:stl=30:sos=all:updr=off_51 on codi_down_sum_theorems_goal08.all
% Time limit reached!
% ------------------------------
% Version: Vampire 4.2.2 (commit e1949dd on 2017-12-14 18:39:21 +0000)
% Termination reason: Time limit
% Termination phase: Saturation

% Memory used [KB]: 9083
% Time elapsed: 5.500 s
% ------------------------------
% ------------------------------
% spawned child 10421 with time: 7 (total remaining time 2766)
% lrs+1_3:2_aac=none:add=large:anc=all_dependent:bce=on:cond=fast:ep=RST:fsr=off:lma=on:nm=2:nwc=1:stl=30:sos=on:sp=occurrence:urr=on:updr=off:uhcvi=on_5 on codi_down_sum_theorems_goal08.all
% Time limit reached!
% ------------------------------
% Version: Vampire 4.2.2 (commit e1949dd on 2017-12-14 18:39:21 +0000)
% Termination reason: Time limit
% Termination phase: Saturation

% Memory used [KB]: 6652
% Time elapsed: 0.800 s
% ------------------------------
% ------------------------------
% spawned child 10422 with time: 11 (total remaining time 2757)
% ott+1_8_av=off:bd=off:bs=on:cond=on:gsp=input_only:gs=on:gsem=off:irw=on:lcm=predicate:lwlo=on:nwc=1:sos=on_10 on codi_down_sum_theorems_goal08.all
% Time limit reached!
% ------------------------------
% Version: Vampire 4.2.2 (commit e1949dd on 2017-12-14 18:39:21 +0000)
% Termination reason: Time limit
% Termination phase: Saturation

% Memory used [KB]: 11769
% Time elapsed: 1.200 s
% ------------------------------
% ------------------------------
% spawned child 10423 with time: 7 (total remaining time 2745)
% dis+11_5_afp=40000:afq=1.4:anc=none:br=off:cond=on:fsr=off:irw=on:lma=on:nm=4:nwc=1:sd=3:ss=axioms:st=2.0:urr=on:updr=off_5 on codi_down_sum_theorems_goal08.all
% Time limit reached!
% ------------------------------
% Version: Vampire 4.2.2 (commit e1949dd on 2017-12-14 18:39:21 +0000)
% Termination reason: Time limit
% Termination phase: Saturation

% Memory used [KB]: 8187
% Time elapsed: 0.800 s
% ------------------------------
% ------------------------------
% spawned child 10424 with time: 4 (total remaining time 2737)
% dis+1010_10_afr=on:afp=100000:afq=2.0:amm=sco:anc=none:ep=RS:fde=unused:gs=on:nwc=1:sos=on:sac=on:sp=occurrence_2 on codi_down_sum_theorems_goal08.all
% Time limit reached!
% ------------------------------
% Version: Vampire 4.2.2 (commit e1949dd on 2017-12-14 18:39:21 +0000)
% Termination reason: Time limit
% Termination phase: Saturation

% Memory used [KB]: 11769
% Time elapsed: 0.500 s
% ------------------------------
% ------------------------------
% spawned child 10425 with time: 9 (total remaining time 2732)
% lrs+1011_8:1_afr=on:afp=1000:afq=2.0:br=off:gsp=input_only:gs=on:nm=16:nwc=1:stl=30:sos=all:sp=occurrence:urr=on_7 on codi_down_sum_theorems_goal08.all
% Time limit reached!
% ------------------------------
% Version: Vampire 4.2.2 (commit e1949dd on 2017-12-14 18:39:21 +0000)
% Termination reason: Time limit

% Memory used [KB]: 14200
% Time elapsed: 1.008 s
% ------------------------------
% ------------------------------
% spawned child 10426 with time: 9 (total remaining time 2721)
% lrs+1003_2_acc=on:afp=4000:afq=2.0:amm=sco:bd=off:ccuc=small_ones:fsr=off:fde=unused:gsp=input_only:nm=64:newcnf=on:nwc=2.5:nicw=on:stl=30:urr=ec_only_7 on codi_down_sum_theorems_goal08.all
% Time limit reached!
% ------------------------------
% Version: Vampire 4.2.2 (commit e1949dd on 2017-12-14 18:39:21 +0000)
% Termination reason: Time limit
% Termination phase: Saturation

% Memory used [KB]: 9594
% Time elapsed: 1.0000 s
% ------------------------------
% ------------------------------
% spawned child 10427 with time: 4 (total remaining time 2711)
% ott+4_40_av=off:bce=on:cond=fast:fde=none:nm=0:nwc=1:sos=all:updr=off_2 on codi_down_sum_theorems_goal08.all
% Time limit reached!
% ------------------------------
% Version: Vampire 4.2.2 (commit e1949dd on 2017-12-14 18:39:21 +0000)
% Termination reason: Time limit
% Termination phase: Saturation

% Memory used [KB]: 2430
% Time elapsed: 0.500 s
% ------------------------------
% ------------------------------
% spawned child 10428 with time: 5 (total remaining time 2706)
% dis-3_5_av=off:cond=on:gs=on:gsem=off:lcm=predicate:nm=0:nwc=1:sos=on:sp=reverse_arity_3 on codi_down_sum_theorems_goal08.all
% Time limit reached!
% ------------------------------
% Version: Vampire 4.2.2 (commit e1949dd on 2017-12-14 18:39:21 +0000)
% Termination reason: Time limit
% Termination phase: Saturation

% Memory used [KB]: 9210
% Time elapsed: 0.600 s
% ------------------------------
% ------------------------------
% spawned child 10429 with time: 56 (total remaining time 2699)
% lrs+1011_14_av=off:fsr=off:irw=on:nwc=1:stl=30:sos=on:sp=occurrence:urr=ec_only:updr=off_53 on codi_down_sum_theorems_goal08.all
% Time limit reached!
% ------------------------------
% Version: Vampire 4.2.2 (commit e1949dd on 2017-12-14 18:39:21 +0000)
% Termination reason: Time limit
% Termination phase: Saturation

% Memory used [KB]: 6268
% Time elapsed: 5.700 s
% ------------------------------
% ------------------------------
% spawned child 10432 with time: 5 (total remaining time 2646)
% dis+11_10_av=off:lma=on:nm=64:nwc=5:sp=reverse_arity_3 on codi_down_sum_theorems_goal08.all
% Time limit reached!
% ------------------------------
% Version: Vampire 4.2.2 (commit e1949dd on 2017-12-14 18:39:21 +0000)
% Termination reason: Time limit
% Termination phase: Saturation

% Memory used [KB]: 1407
% Time elapsed: 0.600 s
% ------------------------------
% ------------------------------
% spawned child 10433 with time: 13 (total remaining time 2639)
% lrs+1011_4:1_av=off:fsr=off:irw=on:nwc=1:stl=30:sd=4:ss=axioms:st=1.5:sp=reverse_arity_12 on codi_down_sum_theorems_goal08.all
% Time limit reached!
% ------------------------------
% Version: Vampire 4.2.2 (commit e1949dd on 2017-12-14 18:39:21 +0000)
% Termination reason: Time limit
% Termination phase: Saturation

% Memory used [KB]: 4093
% Time elapsed: 1.400 s
% ------------------------------
% ------------------------------
% spawned child 10436 with time: 245 (total remaining time 2625)
% lrs+10_2:3_afp=1000:afq=1.1:amm=sco:anc=none:er=known:lcm=reverse:lwlo=on:nm=64:newcnf=on:nwc=2:stl=30:sd=5:ss=axioms:sos=theory:sac=on:sp=occurrence_233 on codi_down_sum_theorems_goal08.all
% Time limit reached!
% ------------------------------
% Version: Vampire 4.2.2 (commit e1949dd on 2017-12-14 18:39:21 +0000)
% Termination reason: Time limit
% Termination phase: Saturation

% Memory used [KB]: 51555
% Time elapsed: 24.600 s
% ------------------------------
% ------------------------------
% spawned child 10449 with time: 7 (total remaining time 2408)
% lrs+1011_3:2_av=off:er=known:lma=on:nm=2:newcnf=on:nwc=2:stl=30:sd=2:ss=axioms:st=3.0:urr=on:updr=off_5 on codi_down_sum_theorems_goal08.all
% Time limit reached!
% ------------------------------
% Version: Vampire 4.2.2 (commit e1949dd on 2017-12-14 18:39:21 +0000)
% Termination reason: Time limit

% Memory used [KB]: 767
% Time elapsed: 3.080 s
% ------------------------------
% ------------------------------
% spawned child 10450 with time: 38 (total remaining time 2377)
% lrs+1011_2:3_av=off:gs=on:gsem=off:nwc=1.5:stl=30:sos=theory:sp=occurrence:urr=ec_only:updr=off_36 on codi_down_sum_theorems_goal08.all
% Time limit reached!
% ------------------------------
% Version: Vampire 4.2.2 (commit e1949dd on 2017-12-14 18:39:21 +0000)
% Termination reason: Time limit
% Termination phase: Saturation

% Memory used [KB]: 17910
% Time elapsed: 3.900 s
% ------------------------------
% ------------------------------
% spawned child 10451 with time: 62 (total remaining time 2343)
% lrs+11_4_av=off:gsp=input_only:irw=on:lma=on:nm=0:nwc=1.2:stl=30:sd=2:ss=axioms:sp=reverse_arity:urr=on:updr=off_59 on codi_down_sum_theorems_goal08.all
% Time limit reached!
% ------------------------------
% Version: Vampire 4.2.2 (commit e1949dd on 2017-12-14 18:39:21 +0000)
% Termination reason: Time limit
% Termination phase: Saturation

% Memory used [KB]: 12409
% Time elapsed: 6.300 s
% ------------------------------
% ------------------------------
% spawned child 10452 with time: 28 (total remaining time 2286)
% lrs+1011_5:4_acc=on:add=large:afr=on:afp=10000:afq=2.0:amm=sco:anc=none:bsr=on:ccuc=first:cond=on:fde=unused:gs=on:gsaa=from_current:gsem=off:irw=on:nm=2:newcnf=on:nwc=1.2:stl=30:sos=on:sac=on:sp=reverse_arity:updr=off_26 on codi_down_sum_theorems_goal08.all
% Time limit reached!
% ------------------------------
% Version: Vampire 4.2.2 (commit e1949dd on 2017-12-14 18:39:21 +0000)
% Termination reason: Time limit
% Termination phase: Saturation

% Memory used [KB]: 16502
% Time elapsed: 2.900 s
% ------------------------------
% ------------------------------
% spawned child 10453 with time: 19 (total remaining time 2258)
% lrs-11_8_afr=on:afp=100000:afq=2.0:anc=none:bd=off:cond=on:gs=on:lma=on:nm=2:newcnf=on:nwc=3:stl=30:sac=on:sp=occurrence_18 on codi_down_sum_theorems_goal08.all
% Time limit reached!
% ------------------------------
% Version: Vampire 4.2.2 (commit e1949dd on 2017-12-14 18:39:21 +0000)
% Termination reason: Time limit
% Termination phase: Saturation

% Memory used [KB]: 16375
% Time elapsed: 2.0000 s
% ------------------------------
% ------------------------------
% spawned child 10456 with time: 208 (total remaining time 2238)
% dis+1010_1_acc=model:add=large:afr=on:amm=off:anc=none:bd=off:bsr=on:ccuc=small_ones:gs=on:gsem=on:nm=16:nwc=2:urr=ec_only:updr=off_198 on codi_down_sum_theorems_goal08.all
% Time limit reached!
% ------------------------------
% Version: Vampire 4.2.2 (commit e1949dd on 2017-12-14 18:39:21 +0000)
% Termination reason: Time limit
% Termination phase: Saturation

% Memory used [KB]: 152364
% Time elapsed: 20.900 s
% ------------------------------
% ------------------------------
% spawned child 10461 with time: 5 (total remaining time 2031)
% dis+11_2_add=large:afr=on:anc=none:gs=on:gsem=on:lwlo=on:nm=16:nwc=1:sd=1:ss=axioms:st=3.0:sos=on_3 on codi_down_sum_theorems_goal08.all
% Time limit reached!
% ------------------------------
% Version: Vampire 4.2.2 (commit e1949dd on 2017-12-14 18:39:21 +0000)
% Termination reason: Time limit
% Termination phase: Saturation

% Memory used [KB]: 11129
% Time elapsed: 0.600 s
% ------------------------------
% ------------------------------
% spawned child 10462 with time: 41 (total remaining time 2024)
% WARNING: value z3 for option sas not known
% lrs+2_3:1_add=large:afr=on:afp=10000:afq=1.1:amm=off:anc=none:er=known:fde=unused:gs=on:gsaa=from_current:gsem=on:lma=on:nm=32:newcnf=on:nwc=4:sas=z3:stl=30:sd=1:ss=axioms:st=5.0:sac=on:sp=occurrence:updr=off_39 on codi_down_sum_theorems_goal08.all
% Time limit reached!
% ------------------------------
% Version: Vampire 4.2.2 (commit e1949dd on 2017-12-14 18:39:21 +0000)
% Termination reason: Time limit
% Termination phase: Saturation

% Memory used [KB]: 24050
% Time elapsed: 4.200 s
% spawned child 10465 with time: 24 (total remaining time 1984)
% ott+1002_2_av=off:bd=preordered:irw=on:lma=on:nm=64:nwc=10:sp=reverse_arity:updr=off_22 on codi_down_sum_theorems_goal08.all
% Time limit reached!
% ------------------------------
% Version: Vampire 4.2.2 (commit e1949dd on 2017-12-14 18:39:21 +0000)
% Termination reason: Time limit
% Termination phase: Saturation

% Memory used [KB]: 3965
% Time elapsed: 2.500 s
% ------------------------------
% ------------------------------
% spawned child 10466 with time: 74 (total remaining time 1962)
% lrs+10_128_acc=model:afp=100000:afq=2.0:anc=all_dependent:bs=on:bsr=on:cond=fast:er=filter:gs=on:gsem=off:lcm=reverse:lma=on:nm=32:nwc=3:stl=30:sac=on:sp=occurrence:urr=ec_only_70 on codi_down_sum_theorems_goal08.all
% Time limit reached!
% ------------------------------
% Version: Vampire 4.2.2 (commit e1949dd on 2017-12-14 18:39:21 +0000)
% Termination reason: Time limit
% Termination phase: Saturation

% Memory used [KB]: 40681
% Time elapsed: 7.500 s
% ------------------------------
% ------------------------------
% spawned child 10469 with time: 18 (total remaining time 1892)
% ott-3_3_av=off:cond=fast:fde=none:lcm=reverse:nm=6:nwc=1:sd=5:ss=axioms:st=2.0:sos=on:sp=reverse_arity:updr=off:uhcvi=on_17 on codi_down_sum_theorems_goal08.all
% Time limit reached!
% ------------------------------
% Version: Vampire 4.2.2 (commit e1949dd on 2017-12-14 18:39:21 +0000)
% Termination reason: Time limit
% Termination phase: Saturation

% Memory used [KB]: 4221
% Time elapsed: 1.900 s
% ------------------------------
% ------------------------------
% spawned child 10470 with time: 156 (total remaining time 1873)
% lrs+4_5:4_av=off:bd=off:er=filter:lma=on:lwlo=on:nwc=1:stl=30:sp=occurrence:updr=off_148 on codi_down_sum_theorems_goal08.all
% Time limit reached!
% ------------------------------
% Version: Vampire 4.2.2 (commit e1949dd on 2017-12-14 18:39:21 +0000)
% Termination reason: Time limit
% Termination phase: Saturation

% Memory used [KB]: 25841
% Time elapsed: 15.700 s
% ------------------------------
% ------------------------------
% spawned child 10475 with time: 76 (total remaining time 1734)
% dis+1011_5:4_acc=model:afr=on:afp=10000:afq=1.4:amm=off:anc=none:bd=off:ccuc=small_ones:cond=fast:fde=unused:gs=on:nm=2:newcnf=on:nwc=1:nicw=on:sos=on:sac=on:sp=occurrence:updr=off_72 on codi_down_sum_theorems_goal08.all
% Time limit reached!
% ------------------------------
% Version: Vampire 4.2.2 (commit e1949dd on 2017-12-14 18:39:21 +0000)
% Termination reason: Time limit

% Memory used [KB]: 24562
% Time elapsed: 7.729 s
% ------------------------------
% ------------------------------
% spawned child 10476 with time: 40 (total remaining time 1664)
% ott+1_8:1_av=off:bd=preordered:bsr=on:lma=on:nm=64:newcnf=on:nwc=1.2:uhcvi=on_38 on codi_down_sum_theorems_goal08.all
% Time limit reached!
% ------------------------------
% Version: Vampire 4.2.2 (commit e1949dd on 2017-12-14 18:39:21 +0000)
% Termination reason: Time limit
% Termination phase: Saturation

% Memory used [KB]: 10106
% Time elapsed: 4.100 s
% ------------------------------
% ------------------------------
% spawned child 10477 with time: 316 (total remaining time 1622)
% lrs+1010_3:2_afr=on:afp=100000:afq=1.1:anc=none:gsp=input_only:irw=on:lwlo=on:nm=2:newcnf=on:nwc=1.7:sac=on:sp=occurrence_300 on codi_down_sum_theorems_goal08.all
% Time limit reached!
% ------------------------------
% Version: Vampire 4.2.2 (commit e1949dd on 2017-12-14 18:39:21 +0000)
% Termination reason: Time limit
% Termination phase: Saturation

% Memory used [KB]: 75094
% Time elapsed: 31.700 s
% ------------------------------
% ------------------------------
% spawned child 10483 with time: 316 (total remaining time 1346)
% lrs+1_4_afp=100000:afq=1.2:anc=none:bd=off:cond=on:gs=on:gsem=off:nm=64:nwc=1:sd=2:ss=axioms:st=2.0:sos=all:updr=off_300 on codi_down_sum_theorems_goal08.all
% Time limit reached!
% ------------------------------
% Version: Vampire 4.2.2 (commit e1949dd on 2017-12-14 18:39:21 +0000)
% Termination reason: Time limit

% Memory used [KB]: 132535
% Time elapsed: 31.812 s
% ------------------------------
% ------------------------------
% spawned child 10486 with time: 316 (total remaining time 1066)
% WARNING: value z3 for option sas not known
% WARNING: option thi not known.
% dis+1002_4_add=large:afp=40000:afq=1.0:anc=none:cond=fast:fde=none:gs=on:gsaa=full_model:lma=on:lwlo=on:nm=0:nwc=1.5:sas=z3:sp=reverse_arity:tha=off:thi=strong_300 on codi_down_sum_theorems_goal08.all
% Time limit reached!
% ------------------------------
% Version: Vampire 4.2.2 (commit e1949dd on 2017-12-14 18:39:21 +0000)
% Termination reason: Time limit
% Termination phase: Saturation

% Memory used [KB]: 114497
% Time elapsed: 31.700 s
% spawned child 10490 with time: 316 (total remaining time 773)
% lrs+1011_2:1_av=off:irw=on:lwlo=on:nm=16:newcnf=on:nwc=2:sd=4:ss=axioms:st=3.0:sp=occurrence_300 on codi_down_sum_theorems_goal08.all
% Refutation not found, non-redundant clauses discarded
% ------------------------------
% Version: Vampire 4.2.2 (commit e1949dd on 2017-12-14 18:39:21 +0000)
% Termination reason: Refutation not found, non-redundant clauses discarded

% Memory used [KB]: 26353
% Time elapsed: 31.681 s
% ------------------------------
% ------------------------------
% spawned child 10492 with time: 316 (total remaining time 487)
% lrs+1002_1_av=off:fde=unused:lwlo=on:nm=16:nwc=4:sp=occurrence_300 on codi_down_sum_theorems_goal08.all
% Time limit reached!
% ------------------------------
% Version: Vampire 4.2.2 (commit e1949dd on 2017-12-14 18:39:21 +0000)
% Termination reason: Time limit
% Termination phase: Saturation

% Memory used [KB]: 27376
% Time elapsed: 31.700 s
% ------------------------------
% ------------------------------
% spawned child 10496 with time: 200 (total remaining time 200)
% WARNING: value z3 for option sas not known
% lrs+11_3:2_add=large:afr=on:afp=10000:afq=1.2:amm=off:anc=none:bs=unit_only:cond=on:gs=on:gsaa=full_model:gsem=off:irw=on:lwlo=on:nm=32:nwc=1.2:sas=z3:sac=on_900 on codi_down_sum_theorems_goal08.all
% Time limit reached!
% ------------------------------
% Version: Vampire 4.2.2 (commit e1949dd on 2017-12-14 18:39:21 +0000)
% Termination reason: Time limit
% Termination phase: Saturation

% Memory used [KB]: 72664
% Time elapsed: 20.251 s
% spawned child 10499 with time: 6 (total remaining time 6)
% lrs+1011_3:1_add=off:afr=on:afp=10000:afq=1.1:amm=off:bce=on:cond=on:ep=R:fsr=off:nm=16:nwc=1:sos=all:sp=reverse_arity:updr=off_300 on codi_down_sum_theorems_goal08.all
% Time limit reached!
% ------------------------------
% Version: Vampire 4.2.2 (commit e1949dd on 2017-12-14 18:39:21 +0000)
% Termination reason: Time limit

% Memory used [KB]: 5373
% Time elapsed: 1.046 s
% ------------------------------
% ------------------------------
% Proof not found in time 300.439 s
% SZS status Timeout for codi_down_sum_theorems_goal08.all
