Hi Geoff, go and have some cold beer while I am trying to solve this very hard problem!
% remaining time: 5999 next slice time: 3
dis-4_5_bd=off:bs=off:ep=RST:fde=none:lcm=predicate:n=on:nicw=on:nwc=2:ptb=off:sio=off:spl=backtracking:ss=included:ssec=off:st=5:updr=off_3 on theorems\conversions\codi_down_theoremsT6-T10_goal04.all
Time limit reached!
------------------------------
Version: Vampire 0.6 (revision 903)
Termination reason: Time limit

Active clauses: 1068
Passive clauses: 5653
Generated clauses: 11997
Final active clauses: 1064
Final passive clauses: 4307
Input formulas: 67
Initial clauses: 108

Selected by SInE selection: 67
SInE iterations: 1

Duplicate literals: 131
Fw subsumption resolutions: 430

Simple tautologies: 48
Forward subsumptions: 5886

Binary resolution: 11289
Factoring: 16

Backtracking splits: 102
Backtracking splits refuted: 4
Backtracking splits refuted at zero level: 3

Memory used: 2302KB
Time elapsed: 0.404 s
------------------------------
% remaining time: 5995 next slice time: 13
dis-1010_2_bs=off:ep=on:n=on:nwc=1.5:sgo=on:sp=occurrence:ss=included:sswn=on:sswsr=on:st=1.5_13 on theorems\conversions\codi_down_theoremsT6-T10_goal04.all
Refutation found. Thanks to Tanya!
11824. $false (15:0) [subsumption resolution 11804,373]
373. ~zex(difference(sK0,sK1)) (3:4) [resolution 306,369]
369. ~zex(intersection(sK0,difference(sK0,sK1))) (2:6) [resolution 365,239]
239. p(sK2,intersection(sK0,difference(sK0,sK1))) (0:7) [cnf transformation 221]
221. p(sK2,intersection(sK0,difference(sK0,sK1))) & ~p(sK2,difference(sK0,sK1))[skolemisation 137]
137. ? [X0,X1,X2] : (p(X2,intersection(X0,difference(X0,X1))) & ~p(X2,difference(X0,X1)))[ennf transformation 68]
68. ~! [X0,X1,X2] : (~p(X2,intersection(X0,difference(X0,X1))) | p(X2,difference(X0,X1)))[flattening 1]
1. ~! [X0] : ! [X1] : ! [X2] : (~p(X2,intersection(X0,difference(X0,X1))) | p(X2,difference(X0,X1)))[negated conjecture]
365. ~p(X3,X4) | ~zex(X4) (1:5) [resolution 292,307]
307. ~cont(X1,X0) | ~zex(X0) (0:5) [cnf transformation 171]
171. ! [X0,X1] : (~zex(X0) | (~cont(X1,X0) & ~cont(X0,X1)))[ennf transformation 106]
106. ! [X0,X1] : (~zex(X0) | (~cont(X1,X0) & ~cont(X0,X1)))[flattening 22]
22. ! [X0] : ! [X1] : (~zex(X0) | (~cont(X1,X0) & ~cont(X0,X1)))[input]
292. cont(X0,X1) | ~p(X0,X1) (0:6) [cnf transformation 167]
167. ! [X0,X1] : ((~p(X0,X1) | (cont(X0,X1) & eqdim(X0,X1))) & (~cont(X0,X1) | ~eqdim(X0,X1) | p(X0,X1)))[flattening 166]
166. ! [X0,X1] : ((~p(X0,X1) | (cont(X0,X1) & eqdim(X0,X1))) & ((~cont(X0,X1) | ~eqdim(X0,X1)) | p(X0,X1)))[ennf transformation 95]
95. ! [X0,X1] : ((~p(X0,X1) | (cont(X0,X1) & eqdim(X0,X1))) & (~(cont(X0,X1) & eqdim(X0,X1)) | p(X0,X1)))[flattening 3]
3. ! [X0] : ! [X1] : ((~p(X0,X1) | (cont(X0,X1) & eqdim(X0,X1))) & (~(cont(X0,X1) & eqdim(X0,X1)) | p(X0,X1)))[input]
306. zex(intersection(X0,X1)) | ~zex(X1) (0:6) [cnf transformation 170]
170. ! [X0,X1] : (~zex(X1) | zex(intersection(X0,X1)))[ennf transformation 105]
105. ! [X0,X1] : (~zex(X1) | zex(intersection(X0,X1)))[flattening 59]
59. ! [X0] : ! [X1] : (~zex(X1) | zex(intersection(X0,X1)))[input]
11804. zex(difference(sK0,sK1)) (15:4) [resolution 11780,1179]
1179. p(intersection(X0,X0),X0) | zex(X0) (0:7) [subsumption resolution 257,249]
249. ~zex(intersection(X0,X0)) | zex(X0) (0:6) [cnf transformation 142]
142. ! [X0] : (~zex(intersection(X0,X0)) | zex(X0))[ennf transformation 50]
50. ! [X0] : (~zex(intersection(X0,X0)) | zex(X0))[input]
257. p(intersection(X0,X0),X0) | zex(intersection(X0,X0)) | zex(X0) (0:11) [cnf transformation 152]
152. ! [X0] : (zex(X0) | zex(intersection(X0,X0)) | p(intersection(X0,X0),X0))[flattening 151]
151. ! [X0] : ((zex(X0) | zex(intersection(X0,X0))) | p(intersection(X0,X0),X0))[ennf transformation 47]
47. ! [X0] : (~(~zex(X0) & ~zex(intersection(X0,X0))) | p(intersection(X0,X0),X0))[input]
11780. ~p(X0,difference(sK0,sK1)) (14:5) [subsumption resolution 11772,331]
331. ~p(X2,difference(X0,X1)) | p(X2,X0) (0:8) [cnf transformation 199]
199. ! [X0,X1,X2] : (~p(X2,difference(X0,X1)) | p(X2,X0))[ennf transformation 126]
126. ! [X0,X1,X2] : (~p(X2,difference(X0,X1)) | p(X2,X0))[flattening 65]
65. ! [X0] : ! [X1] : ! [X2] : (~p(X2,difference(X0,X1)) | p(X2,X0))[input]
11772. ~p(X0,difference(sK0,sK1)) | ~p(X0,sK0) (14:8) [resolution 11758,279]
279. po(X0,X1) | ~p(X3,X1) | ~p(X3,X0) (0:9) [cnf transformation 235]
235. ! [X0,X1] : ((~po(X0,X1) | (p(sK8(X1,X0),X0) & p(sK8(X1,X0),X1))) & (! [X3] : (~p(X3,X0) | ~p(X3,X1)) | po(X0,X1)))[skolemisation 158]
158. ! [X0,X1] : ((~po(X0,X1) | ? [X2] : (p(X2,X0) & p(X2,X1))) & (! [X3] : (~p(X3,X0) | ~p(X3,X1)) | po(X0,X1)))[ennf transformation 89]
89. ! [X0,X1] : ((~po(X0,X1) | ? [X2] : (p(X2,X0) & p(X2,X1))) & (~? [X3] : (p(X3,X0) & p(X3,X1)) | po(X0,X1)))[flattening 88]
88. ! [X0] : ! [X1] : ((~po(X0,X1) | ? [X2] : (p(X2,X0) & p(X2,X1))) & (~? [X3] : (p(X3,X0) & p(X3,X1)) | po(X0,X1)))[rectify 4]
4. ! [X0] : ! [X1] : ((~po(X0,X1) | ? [X2] : (p(X2,X0) & p(X2,X1))) & (~? [X2] : (p(X2,X0) & p(X2,X1)) | po(X0,X1)))[input]
11758. ~po(sK0,difference(sK0,sK1)) (13:5) [resolution 4538,239]
4538. ~p(sK2,intersection(sK0,X4)) | ~po(sK0,X4) (12:8) [resolution 3900,310]
310. eqdim(intersection(X0,X1),X0) | ~po(X0,X1) (0:8) [cnf transformation 173]
173. ! [X0,X1] : (~po(X0,X1) | eqdim(intersection(X0,X1),X0))[ennf transformation 108]
108. ! [X0,X1] : (~po(X0,X1) | eqdim(intersection(X0,X1),X0))[flattening 42]
42. ! [X0] : ! [X1] : (~po(X0,X1) | eqdim(intersection(X0,X1),X0))[input]
3900. ~eqdim(X1,sK0) | ~p(sK2,X1) (11:6) [resolution 3246,293]
293. eqdim(X0,X1) | ~p(X0,X1) (0:6) [cnf transformation 167]
3246. ~eqdim(sK2,X3) | ~eqdim(X3,sK0) (10:6) [resolution 2995,287]
287. leq(X1,X0) | ~eqdim(X0,X1) (0:6) [cnf transformation 163]
163. ! [X0,X1] : ((~eqdim(X0,X1) | (leq(X0,X1) & leq(X1,X0))) & (~leq(X0,X1) | ~leq(X1,X0) | eqdim(X0,X1)))[flattening 162]
162. ! [X0,X1] : ((~eqdim(X0,X1) | (leq(X0,X1) & leq(X1,X0))) & ((~leq(X0,X1) | ~leq(X1,X0)) | eqdim(X0,X1)))[ennf transformation 93]
93. ! [X0,X1] : ((~eqdim(X0,X1) | (leq(X0,X1) & leq(X1,X0))) & (~(leq(X0,X1) & leq(X1,X0)) | eqdim(X0,X1)))[flattening 34]
34. ! [X0] : ! [X1] : ((~eqdim(X0,X1) | (leq(X0,X1) & leq(X1,X0))) & (~(leq(X0,X1) & leq(X1,X0)) | eqdim(X0,X1)))[input]
2995. ~leq(X3,sK2) | ~eqdim(X3,sK0) (9:6) [resolution 2781,287]
2781. ~leq(sK0,X0) | ~leq(X0,sK2) (8:6) [resolution 2757,334]
334. leq(X0,X2) | ~leq(X1,X2) | ~leq(X0,X1) (0:9) [cnf transformation 204]
204. ! [X0,X1,X2] : (~leq(X0,X1) | ~leq(X1,X2) | leq(X0,X2))[flattening 203]
203. ! [X0,X1,X2] : ((~leq(X0,X1) | ~leq(X1,X2)) | leq(X0,X2))[ennf transformation 129]
129. ! [X0,X1,X2] : (~(leq(X0,X1) & leq(X1,X2)) | leq(X0,X2))[flattening 28]
28. ! [X0] : ! [X1] : ! [X2] : (~(leq(X0,X1) & leq(X1,X2)) | leq(X0,X2))[input]
2757. ~leq(sK0,sK2) (7:3) [subsumption resolution 2744,373]
2744. ~leq(sK0,sK2) | zex(difference(sK0,sK1)) (7:7) [resolution 2639,299]
299. eqdim(X0,difference(X0,X1)) | zex(difference(X0,X1)) (0:9) [cnf transformation 98]
98. ! [X0,X1] : (zex(difference(X0,X1)) | eqdim(X0,difference(X0,X1)))[flattening 7]
7. ! [X0] : ! [X1] : (zex(difference(X0,X1)) | eqdim(X0,difference(X0,X1)))[input]
2639. ~eqdim(X3,difference(sK0,sK1)) | ~leq(X3,sK2) (6:8) [resolution 2023,287]
2023. ~leq(difference(sK0,sK1),X0) | ~leq(X0,sK2) (5:8) [resolution 2011,334]
2011. ~leq(difference(sK0,sK1),sK2) (4:5) [subsumption resolution 2000,732]
732. cont(sK2,difference(sK0,sK1)) (1:5) [resolution 327,239]
327. ~p(X2,intersection(X0,X1)) | cont(X2,X1) (0:8) [cnf transformation 197]
197. ! [X0,X1,X2] : ((~cont(X2,X0) | ~cont(X2,X1) | ~eqdim(X2,intersection(X0,X1)) | p(X2,intersection(X0,X1))) & (~p(X2,intersection(X0,X1)) | (cont(X2,X0) & cont(X2,X1) & eqdim(X2,intersection(X0,X1)))))[flattening 196]
196. ! [X0,X1,X2] : (((~cont(X2,X0) | ~cont(X2,X1) | ~eqdim(X2,intersection(X0,X1))) | p(X2,intersection(X0,X1))) & (~p(X2,intersection(X0,X1)) | (cont(X2,X0) & cont(X2,X1) & eqdim(X2,intersection(X0,X1)))))[ennf transformation 123]
123. ! [X0,X1,X2] : ((~(cont(X2,X0) & cont(X2,X1) & eqdim(X2,intersection(X0,X1))) | p(X2,intersection(X0,X1))) & (~p(X2,intersection(X0,X1)) | (cont(X2,X0) & cont(X2,X1) & eqdim(X2,intersection(X0,X1)))))[flattening 16]
16. ! [X0] : ! [X1] : ! [X2] : ((~(cont(X2,X0) & cont(X2,X1) & eqdim(X2,intersection(X0,X1))) | p(X2,intersection(X0,X1))) & (~p(X2,intersection(X0,X1)) | (cont(X2,X0) & cont(X2,X1) & eqdim(X2,intersection(X0,X1)))))[input]
2000. ~leq(difference(sK0,sK1),sK2) | ~cont(sK2,difference(sK0,sK1)) (4:10) [resolution 860,655]
655. ~lt(X10,X9) | ~cont(X9,X10) (1:6) [subsumption resolution 652,308]
308. ~cont(X0,X1) | ~zex(X0) (0:5) [cnf transformation 171]
652. zex(X9) | ~cont(X9,X10) | ~lt(X10,X9) (1:8) [superposition 297,312]
312. difference(X0,X1) = X0 | ~lt(X1,X0) (0:8) [cnf transformation 175]
175. ! [X0,X1] : (~lt(X1,X0) | difference(X0,X1) = X0)[ennf transformation 110]
110. ! [X0,X1] : (~lt(X1,X0) | difference(X0,X1) = X0)[flattening 8]
8. ! [X0] : ! [X1] : (~lt(X1,X0) | difference(X0,X1) = X0)[input]
297. zex(difference(X0,X1)) | ~cont(X0,X1) (0:7) [cnf transformation 168]
168. ! [X0,X1] : ((~zex(difference(X0,X1)) | zex(X0) | cont(X0,X1)) & ((~zex(X0) & ~cont(X0,X1)) | zex(difference(X0,X1))))[ennf transformation 96]
96. ! [X0,X1] : ((~zex(difference(X0,X1)) | zex(X0) | cont(X0,X1)) & (~(zex(X0) | cont(X0,X1)) | zex(difference(X0,X1))))[flattening 12]
12. ! [X0] : ! [X1] : ((~zex(difference(X0,X1)) | zex(X0) | cont(X0,X1)) & (~(zex(X0) | cont(X0,X1)) | zex(difference(X0,X1))))[input]
860. lt(difference(sK0,sK1),sK2) | ~leq(difference(sK0,sK1),sK2) (3:10) [resolution 819,805]
805. leq(X1,X0) | lt(X0,X1) (0:6) [subsumption resolution 291,298]
298. leq(X1,X0) | leq(X0,X1) (0:6) [cnf transformation 97]
97. ! [X0,X1] : (leq(X0,X1) | leq(X1,X0))[flattening 27]
27. ! [X0] : ! [X1] : (leq(X0,X1) | leq(X1,X0))[input]
291. lt(X0,X1) | leq(X1,X0) | ~leq(X0,X1) (0:9) [cnf transformation 165]
165. ! [X0,X1] : ((~lt(X0,X1) | (leq(X0,X1) & ~leq(X1,X0))) & (~leq(X0,X1) | leq(X1,X0) | lt(X0,X1)))[flattening 164]
164. ! [X0,X1] : ((~lt(X0,X1) | (leq(X0,X1) & ~leq(X1,X0))) & ((~leq(X0,X1) | leq(X1,X0)) | lt(X0,X1)))[ennf transformation 94]
94. ! [X0,X1] : ((~lt(X0,X1) | (leq(X0,X1) & ~leq(X1,X0))) & (~(leq(X0,X1) & ~leq(X1,X0)) | lt(X0,X1)))[flattening 32]
32. ! [X0] : ! [X1] : ((~lt(X0,X1) | (leq(X0,X1) & ~leq(X1,X0))) & (~(leq(X0,X1) & ~leq(X1,X0)) | lt(X0,X1)))[input]
819. ~leq(sK2,difference(sK0,sK1)) | ~leq(difference(sK0,sK1),sK2) (2:10) [resolution 817,288]
288. eqdim(X0,X1) | ~leq(X1,X0) | ~leq(X0,X1) (0:9) [cnf transformation 163]
817. ~eqdim(sK2,difference(sK0,sK1)) (1:5) [subsumption resolution 808,732]
808. ~eqdim(sK2,difference(sK0,sK1)) | ~cont(sK2,difference(sK0,sK1)) (1:10) [resolution 294,240]
240. ~p(sK2,difference(sK0,sK1)) (0:5) [cnf transformation 221]
294. p(X0,X1) | ~eqdim(X0,X1) | ~cont(X0,X1) (0:9) [cnf transformation 167]
------------------------------
Version: Vampire 0.6 (revision 903)
Termination reason: Refutation

Active clauses: 1027
Passive clauses: 4509
Generated clauses: 11581
Final active clauses: 1027
Final passive clauses: 3228
Input formulas: 67
Initial clauses: 107

Selected by SInE selection: 67
SInE iterations: 1

Duplicate literals: 199
Fw subsumption resolutions: 728

Simple tautologies: 180
Equational tautologies: 8
Forward subsumptions: 6194

Binary resolution: 6724
Factoring: 26
Forward superposition: 3695
Backward superposition: 105

Unique components: 2

Memory used: 1663KB
Time elapsed: 0.511 s
------------------------------
% Success in time 0.98 s
