Hi Geoff, go and have some cold beer while I am trying to solve this very hard problem!
% remaining time: 5999 next slice time: 3
dis-4_5_bd=off:bs=off:ep=RST:fde=none:lcm=predicate:n=on:nicw=on:nwc=2:ptb=off:sio=off:spl=backtracking:ss=included:ssec=off:st=5:updr=off_3 on C:\Users\torsten\Documents\github\colore\ontologies\multidim_mereotopology_codi\theorems\conversions\codi_int_theorems_goal02.all
Time limit reached!
------------------------------
Version: Vampire 0.6 (revision 903)
Termination reason: Time limit

Active clauses: 560
Passive clauses: 2062
Generated clauses: 3629
Final active clauses: 557
Final passive clauses: 1404
Input formulas: 43
Initial clauses: 89

Selected by SInE selection: 43
SInE iterations: 1

Duplicate literals: 32
Fw subsumption resolutions: 112

Simple tautologies: 42
Forward subsumptions: 1376

Binary resolution: 3280
Factoring: 8

Backtracking splits: 92
Backtracking splits refuted: 9
Backtracking splits refuted at zero level: 1

Memory used: 895KB
Time elapsed: 0.402 s
------------------------------
% remaining time: 5991 next slice time: 13
dis-1010_2_bs=off:ep=on:n=on:nwc=1.5:sgo=on:sp=occurrence:ss=included:sswn=on:sswsr=on:st=1.5_13 on C:\Users\torsten\Documents\github\colore\ontologies\multidim_mereotopology_codi\theorems\conversions\codi_int_theorems_goal02.all
Time limit reached!
------------------------------
Version: Vampire 0.6 (revision 903)
Termination reason: Time limit

Active clauses: 778
Passive clauses: 3668
Generated clauses: 8645
Final active clauses: 778
Final passive clauses: 2742
Input formulas: 43
Initial clauses: 84

Unused predicate definitions: 2
Selected by SInE selection: 43
SInE iterations: 1

Duplicate literals: 141
Fw subsumption resolutions: 518

Simple tautologies: 118
Equational tautologies: 6
Forward subsumptions: 4356

Binary resolution: 6204
Factoring: 88
Forward superposition: 1586
Backward superposition: 38

Unique components: 2

Memory used: 1407KB
Time elapsed: 1.401 s
------------------------------
% remaining time: 5973 next slice time: 32
lrs+11_14_bd=off:bs=off:bsr=on:cond=on:drc=off:fde=none:fsr=off:gsp=input_only:lcm=reverse:n=on:nwc=10:ptb=off:sfv=off:sgo=on:sio=off:sos=on:sp=reverse_arity:spl=backtracking:ssec=off:stl=81_32 on C:\Users\torsten\Documents\github\colore\ontologies\multidim_mereotopology_codi\theorems\conversions\codi_int_theorems_goal02.all
Time limit reached!
------------------------------
Version: Vampire 0.6 (revision 903)
Termination reason: Time limit

Active clauses: 2192
Passive clauses: 5130
Generated clauses: 15599
Final active clauses: 1957
Final passive clauses: 2580
Input formulas: 43
Initial clauses: 82

Unused predicate definitions: 2

Duplicate literals: 54
Bw subsumption resolutions: 175
Fw demodulations: 597
Condensations: 6

Simple tautologies: 70
Equational tautologies: 220
Forward subsumptions: 9067

Binary resolution: 13734
Factoring: 9
Forward superposition: 45
Backward superposition: 201

Backtracking splits: 279
Backtracking splits refuted: 108

Memory used: 3709KB
Time elapsed: 3.311 s
------------------------------
% remaining time: 5931 next slice time: 95
dis+2_4_bs=off:ep=on:n=on:nicw=on:nwc=1.5:ptb=off:sac=on:sio=off:spl=backtracking:ssec=off_95 on C:\Users\torsten\Documents\github\colore\ontologies\multidim_mereotopology_codi\theorems\conversions\codi_int_theorems_goal02.all
Time limit reached!
------------------------------
Version: Vampire 0.6 (revision 903)
Termination reason: Time limit

Active clauses: 2035
Passive clauses: 26349
Generated clauses: 64989
Final active clauses: 2008
Final passive clauses: 22875
Input formulas: 43
Initial clauses: 84

Unused predicate definitions: 2

Duplicate literals: 2506
Fw subsumption resolutions: 3612
Fw demodulations: 604
Bw demodulations: 1

Simple tautologies: 485
Equational tautologies: 48
Forward subsumptions: 32908

Binary resolution: 57591
Factoring: 35
Forward superposition: 861
Backward superposition: 26

Backtracking splits: 53
Backtracking splits refuted: 20
Backtracking splits refuted at zero level: 12

Memory used: 12409KB
Time elapsed: 9.616 s
------------------------------
% remaining time: 5834 next slice time: 4
lrs-1003_12_bms=on:bs=unit_only:bsr=on:cond=fast:drc=off:ep=on:fde=none:lcm=predicate:n=on:nicw=on:nwc=10:sfv=off:sgo=on:sio=off:sp=occurrence:spo=on:ssec=off:stl=81:updr=off_4 on C:\Users\torsten\Documents\github\colore\ontologies\multidim_mereotopology_codi\theorems\conversions\codi_int_theorems_goal02.all
Time limit reached!
------------------------------
Version: Vampire 0.6 (revision 903)
Termination reason: Time limit

Active clauses: 582
Passive clauses: 1104
Generated clauses: 3049
Final active clauses: 514
Final passive clauses: 486
Input formulas: 43
Initial clauses: 88
Reactivated clauses: 64

Duplicate literals: 45
Fw subsumption resolutions: 68
Bw subsumption resolutions: 10
Condensations: 25

Simple tautologies: 23
Equational tautologies: 4
Forward subsumptions: 1673
Backward subsumptions: 113

Binary resolution: 2768
Factoring: 158

Split clauses: 2
Split components: 4
Unique components: 760
Introduced splitting names: 2

Memory used: 1151KB
Time elapsed: 0.505 s
------------------------------
% remaining time: 5825 next slice time: 22
lrs+1010_50_bs=off:drc=off:flr=on:lcm=predicate:n=on:nwc=1.2:sfv=off:sgo=on:stl=81_22 on C:\Users\torsten\Documents\github\colore\ontologies\multidim_mereotopology_codi\theorems\conversions\codi_int_theorems_goal02.all
Time limit reached!
------------------------------
Version: Vampire 0.6 (revision 903)
Termination reason: Time limit

Active clauses: 969
Passive clauses: 3197
Generated clauses: 14971
Final active clauses: 969
Final passive clauses: 2228
Input formulas: 43
Initial clauses: 82

Unused predicate definitions: 2

Duplicate literals: 874
Fw subsumption resolutions: 989
Fw literal rewrites: 661

Simple tautologies: 349
Equational tautologies: 3
Forward subsumptions: 8914

Binary resolution: 11510
Factoring: 1
Forward superposition: 279
Backward superposition: 599
Self superposition: 2

Unique components: 2

Memory used: 2558KB
Time elapsed: 2.305 s
------------------------------
% remaining time: 5800 next slice time: 41
dis-1010_5_bd=off:bs=off:cond=fast:ep=on:fde=none:lcm=predicate:n=on:nicw=on:nwc=1.3:ptb=off:sac=on:sgo=on:sio=off:sos=on:spl=backtracking:ssec=off:updr=off_41 on C:\Users\torsten\Documents\github\colore\ontologies\multidim_mereotopology_codi\theorems\conversions\codi_int_theorems_goal02.all
Time limit reached!
------------------------------
Version: Vampire 0.6 (revision 903)
Termination reason: Time limit

Active clauses: 2977
Passive clauses: 16098
Generated clauses: 28724
Final active clauses: 2878
Final passive clauses: 12555
Input formulas: 43
Initial clauses: 88

Duplicate literals: 819
Fw subsumption resolutions: 1478
Condensations: 104

Simple tautologies: 30
Forward subsumptions: 10680

Binary resolution: 25720
Factoring: 588

Backtracking splits: 28
Backtracking splits refuted: 2

Memory used: 7419KB
Time elapsed: 4.222 s
------------------------------
% remaining time: 5752 next slice time: 237
lrs+1_2:1_bs=off:ep=on:gsp=input_only:lcm=predicate:n=on:nicw=on:nwc=1.1:ptb=off:sac=on:sgo=on:sio=off:sos=on:sp=occurrence:spl=backtracking:spo=on:ssec=off:stl=81:updr=off_237 on C:\Users\torsten\Documents\github\colore\ontologies\multidim_mereotopology_codi\theorems\conversions\codi_int_theorems_goal02.all
Refutation not found with incomplete strategy!
------------------------------
Version: Vampire 0.6 (revision 903)
Termination reason: Refutation not found, incomplete strategy

Active clauses: 88
Passive clauses: 2
Generated clauses: 2
Final active clauses: 88
Input formulas: 43
Initial clauses: 88

Memory used: 127KB
Time elapsed: 0.006 s
------------------------------
% remaining time: 5749 next slice time: 311
lrs+11_40_bd=off:bs=unit_only:bsr=unit_only:drc=off:flr=on:lcm=predicate:n=on:ptb=off:sac=on:sfv=off:spl=backtracking:ssec=off:stl=81:updr=off_311 on C:\Users\torsten\Documents\github\colore\ontologies\multidim_mereotopology_codi\theorems\conversions\codi_int_theorems_goal02.all
Time limit reached!
------------------------------
Version: Vampire 0.6 (revision 903)
Termination reason: Time limit

Active clauses: 3276
Passive clauses: 18113
Generated clauses: 190252
Final active clauses: 3206
Final passive clauses: 6313
Input formulas: 43
Initial clauses: 86
Discarded non-redundant clauses: 80716

Duplicate literals: 2085
Fw subsumption resolutions: 8061
Bw subsumption resolutions: 60
Fw demodulations: 20483
Fw literal rewrites: 13949

Simple tautologies: 509
Equational tautologies: 387
Forward subsumptions: 126423
Backward subsumptions: 405

Binary resolution: 136923
Factoring: 34
Forward superposition: 3901
Backward superposition: 4713
Self superposition: 2
Equality factoring: 2

Memory used: 21236KB
Time elapsed: 31.229 s
------------------------------
% remaining time: 5435 next slice time: 280
lrs-1010_10_bd=off:bs=unit_only:cond=on:flr=on:gsp=input_only:n=on:nicw=on:ptb=off:sac=on:sfv=off:sio=off:sp=occurrence:spl=backtracking:spo=on:ssec=off:stl=81_280 on C:\Users\torsten\Documents\github\colore\ontologies\multidim_mereotopology_codi\theorems\conversions\codi_int_theorems_goal02.all
Time limit reached!
------------------------------
Version: Vampire 0.6 (revision 903)
Termination reason: Time limit

Active clauses: 5013
Passive clauses: 22547
Generated clauses: 94640
Final active clauses: 3418
Final passive clauses: 9748
Input formulas: 43
Initial clauses: 82
Discarded non-redundant clauses: 2228

Unused predicate definitions: 2

Duplicate literals: 1206
Fw subsumption resolutions: 3423
Fw literal rewrites: 1136
Condensations: 3015

Simple tautologies: 1232
Equational tautologies: 69
Forward subsumptions: 62006
Backward subsumptions: 7474

Binary resolution: 71459
Factoring: 495
Forward superposition: 3430
Backward superposition: 3945
Self superposition: 8

Backtracking splits: 5
Backtracking splits refuted: 1

Memory used: 15479KB
Time elapsed: 28.142 s
------------------------------
% remaining time: 5151 next slice time: 514
lrs+10_8_bs=off:fde=none:lcm=predicate:n=on:nwc=1.7:ptb=off:sac=on:sgo=on:sio=off:sp=occurrence:spl=backtracking:ssec=off:stl=81_514 on C:\Users\torsten\Documents\github\colore\ontologies\multidim_mereotopology_codi\theorems\conversions\codi_int_theorems_goal02.all
============================= C:\Reasoning\vampire_win ================================
execution finished: Sun Jun 24 00:57:00 2018
total CPU time used: 0
The command was "C:\Reasoning\vampire_win --mode casc --proof tptp -t 600 --input_file C:\Users\torsten\Documents\github\colore\ontologies\multidim_mereotopology_codi\theorems\conversions\codi_int_theorems_goal02.all.tptp"
Input read from 
============================ end of footer ===========================
