============================== Prover9 ===============================
Prover9 (32) version Dec-2007, Dec 2007.
Process 1116 was started by torsten on torsten-2016,
Sun Jun 24 00:57:37 2018
The command was "/cygdrive/c/Reasoning/prover9-bin/bin-win32/prover9 -t600 -f C:\Users\torsten\Documents\github\colore\ontologies\multidim_mereotopology_dim\conversions\dim_basic.p9 C:\Users\torsten\Documents\github\colore\ontologies\multidim_mereotopology_dim\conversions\dim_prime_linear.p9 C:\Users\torsten\Documents\github\colore\ontologies\multidim_mereotopology_cont\definitions\conversions\c.p9 C:\Users\torsten\Documents\github\colore\ontologies\multidim_mereotopology_dim\definitions\conversions\dim_basic_defs.p9 C:\Users\torsten\Documents\github\colore\ontologies\multidim_mereotopology_codi\theorems\conversions\codi_int_theorems_goal07.p9 C:\Users\torsten\Documents\github\colore\ontologies\multidim_mereotopology_codi\definitions\conversions\ep.p9 C:\Users\torsten\Documents\github\colore\ontologies\multidim_mereotopology_zex\conversions\zex.p9 C:\Users\torsten\Documents\github\colore\ontologies\multidim_mereotopology_codi\definitions\conversions\sc.p9 C:\Users\torsten\Documents\github\colore\ontologies\multidim_mereotopology_cont\conversions\cont_c_ext.p9 C:\Users\torsten\Documents\github\colore\ontologies\multidim_mereotopology_codi\definitions\conversions\po.p9 C:\Users\torsten\Documents\github\colore\ontologies\multidim_mereotopology_cont\conversions\cont_basic.p9 C:\Users\torsten\Documents\github\colore\ontologies\multidim_mereotopology_dim\definitions\conversions\eq_dim.p9 C:\Users\torsten\Documents\github\colore\ontologies\multidim_mereotopology_dim\definitions\conversions\dim_defs.p9 C:\Users\torsten\Documents\github\colore\ontologies\multidim_mereotopology_codi\conversions\codi_int.p9 C:\Users\torsten\Documents\github\colore\ontologies\multidim_mereotopology_codi\definitions\conversions\inc.p9 C:\Users\torsten\Documents\github\colore\ontologies\multidim_mereotopology_codi\conversions\codi_basic.p9 C:\Users\torsten\Documents\github\colore\ontologies\multidim_mereotopology_cont\conversions\cont_ext.p9 C:\Users\torsten\Documents\github\colore\ontologies\multidim_mereotopology_codi\conversions\codi_linear.p9 C:\Users\torsten\Documents\github\colore\ontologies\multidim_mereotopology_dim\conversions\dim_prime_linear_unbounded.p9 C:\Users\torsten\Documents\github\colore\ontologies\multidim_mereotopology_dim\definitions\conversions\covers.p9 C:\Users\torsten\Documents\github\colore\ontologies\multidim_mereotopology_dim\definitions\conversions\min_max_dim.p9 C:\Users\torsten\Documents\github\colore\ontologies\multidim_mereotopology_codi\generated\codi_int_relevance1.order".
============================== end of head ===========================

============================== INPUT =================================

% Reading from file C:\Users\torsten\Documents\github\colore\ontologies\multidim_mereotopology_dim\conversions\dim_basic.p9


formulas(sos).
(all x11 -lt(x11,x11)).
(all x22 all x21 (lt(x22,x21) -> -lt(x21,x22))).
(all x32 all x31 all x33 (lt(x32,x31) & lt(x31,x33) -> lt(x32,x33))).
(all x41 eqdim(x41,x41)).
(all x52 all x51 (eqdim(x52,x51) -> eqdim(x51,x52))).
(all x62 all x61 all x63 (eqdim(x62,x61) & eqdim(x61,x63) -> eqdim(x62,x63))).
(all x72 all x71 (lt(x72,x71) -> -eqdim(x72,x71))).
(all x82 all x81 all x83 (eqdim(x82,x81) -> (lt(x83,x82) -> lt(x83,x81)))).
(all x92 all x91 all x93 (eqdim(x92,x91) -> (lt(x92,x93) -> lt(x91,x93)))).
(exists x102 (-zex(x102) & (all x101 (lt(x101,x102) -> zex(x101))))).
(all x112 all x111 (zex(x112) & zex(x111) -> x112 = x111)).
(all x122 all x121 (zex(x122) & -zex(x121) -> lt(x122,x121))).
end_of_list.

% Reading from file C:\Users\torsten\Documents\github\colore\ontologies\multidim_mereotopology_dim\conversions\dim_prime_linear.p9


formulas(sos).
(exists x2 mindim(x2)).
end_of_list.

% Reading from file C:\Users\torsten\Documents\github\colore\ontologies\multidim_mereotopology_cont\definitions\conversions\c.p9


formulas(sos).
(all x12 all x11 (c(x12,x11) <-> (exists x13 (cont(x13,x12) & cont(x13,x11))))).
end_of_list.

% Reading from file C:\Users\torsten\Documents\github\colore\ontologies\multidim_mereotopology_dim\definitions\conversions\dim_basic_defs.p9


formulas(sos).
(all x12 all x11 (gt(x12,x11) <-> lt(x11,x12))).
(all x22 all x21 (geq(x22,x21) <-> leq(x21,x22))).
(all x32 all x31 (lt(x32,x31) <-> leq(x32,x31) & -eqdim(x32,x31))).
end_of_list.

% Reading from file C:\Users\torsten\Documents\github\colore\ontologies\multidim_mereotopology_codi\theorems\conversions\codi_int_theorems_goal07.p9


formulas(goals).
(all x72 all x71 all x73 (cont(x73,x72) & cont(x73,x71) & eqdim(x73,x72) & eqdim(x73,x71) -> cont(x73,intersection(x72,x71)))).
end_of_list.

% Reading from file C:\Users\torsten\Documents\github\colore\ontologies\multidim_mereotopology_codi\definitions\conversions\ep.p9


formulas(sos).
(all x12 all x11 (p(x12,x11) <-> cont(x12,x11) & eqdim(x12,x11))).
end_of_list.

% Reading from file C:\Users\torsten\Documents\github\colore\ontologies\multidim_mereotopology_zex\conversions\zex.p9


formulas(sos).
(exists x2 zex(x2)).
end_of_list.

% Reading from file C:\Users\torsten\Documents\github\colore\ontologies\multidim_mereotopology_codi\definitions\conversions\sc.p9


formulas(sos).
(all x12 all x11 (sc(x12,x11) <-> (exists x13 (cont(x13,x12) & cont(x13,x11))) & (all x13 (cont(x13,x12) & cont(x13,x11) -> lt(x13,x12) & lt(x13,x11))))).
end_of_list.

% Reading from file C:\Users\torsten\Documents\github\colore\ontologies\multidim_mereotopology_cont\conversions\cont_c_ext.p9


formulas(sos).
end_of_list.

% Reading from file C:\Users\torsten\Documents\github\colore\ontologies\multidim_mereotopology_codi\definitions\conversions\po.p9


formulas(sos).
(all x12 all x11 (po(x12,x11) <-> (exists x13 (p(x13,x12) & p(x13,x11))))).
end_of_list.

% Reading from file C:\Users\torsten\Documents\github\colore\ontologies\multidim_mereotopology_cont\conversions\cont_basic.p9


formulas(sos).
(all x11 (-zex(x11) <-> cont(x11,x11))).
(all x22 all x21 (cont(x22,x21) & cont(x21,x22) -> x22 = x21)).
(all x32 all x31 all x33 (cont(x32,x31) & cont(x31,x33) -> cont(x32,x33))).
(all x42 all x41 (zex(x42) -> -cont(x41,x42) & -cont(x42,x41))).
(all x52 all x51 (zex(x52) & zex(x51) -> x52 = x51)).
end_of_list.

% Reading from file C:\Users\torsten\Documents\github\colore\ontologies\multidim_mereotopology_dim\definitions\conversions\eq_dim.p9


formulas(sos).
(all x12 all x11 (eqdim(x12,x11) <-> leq(x12,x11) & leq(x11,x12))).
end_of_list.

% Reading from file C:\Users\torsten\Documents\github\colore\ontologies\multidim_mereotopology_dim\definitions\conversions\dim_defs.p9


formulas(sos).
end_of_list.

% Reading from file C:\Users\torsten\Documents\github\colore\ontologies\multidim_mereotopology_codi\conversions\codi_int.p9


formulas(sos).
(all x12 all x11 (-c(x12,x11) <-> zex(intersection(x12,x11)))).
(all x22 all x21 (-zex(intersection(x22,x21)) -> cont(intersection(x22,x21),x22))).
(all x32 all x31 all x33 (cont(x33,x32) & cont(x33,x31) -> leq(x33,intersection(x32,x31)))).
(all x42 all x41 all x43 (cont(x43,x42) & cont(x43,x41) & eqdim(x43,intersection(x42,x41)) <-> p(x43,intersection(x42,x41)))).
end_of_list.

% Reading from file C:\Users\torsten\Documents\github\colore\ontologies\multidim_mereotopology_codi\definitions\conversions\inc.p9


formulas(sos).
(all x12 all x11 (inc(x12,x11) <-> (exists x13 (lt(x13,x12) & cont(x13,x12) & p(x13,x11))) | (exists x13 (lt(x13,x11) & cont(x13,x11) & p(x13,x12))))).
end_of_list.

% Reading from file C:\Users\torsten\Documents\github\colore\ontologies\multidim_mereotopology_codi\conversions\codi_basic.p9


formulas(sos).
(all x12 all x11 (cont(x12,x11) -> lt(x12,x11) | eqdim(x12,x11))).
end_of_list.

% Reading from file C:\Users\torsten\Documents\github\colore\ontologies\multidim_mereotopology_cont\conversions\cont_ext.p9


formulas(sos).
(all x12 all x11 ((all x13 (cont(x13,x12) <-> cont(x13,x11))) -> x12 = x11)).
end_of_list.

% Reading from file C:\Users\torsten\Documents\github\colore\ontologies\multidim_mereotopology_codi\conversions\codi_linear.p9


formulas(sos).
(all x12 all x11 (cont(x12,x11) -> lt(x12,x11) | eqdim(x12,x11))).
end_of_list.

% Reading from file C:\Users\torsten\Documents\github\colore\ontologies\multidim_mereotopology_dim\conversions\dim_prime_linear_unbounded.p9


formulas(sos).
(all x11 leq(x11,x11)).
(all x22 all x21 all x23 (leq(x22,x21) & leq(x21,x23) -> leq(x22,x23))).
(all x32 all x31 (zex(x32) & zex(x31) -> x32 = x31)).
(all x42 all x41 (zex(x42) -> leq(x42,x41))).
end_of_list.

% Reading from file C:\Users\torsten\Documents\github\colore\ontologies\multidim_mereotopology_dim\definitions\conversions\covers.p9


formulas(sos).
(all x12 all x11 (covers(x12,x11) <-> lt(x11,x12) & (all x13 -(lt(x11,x13) & lt(x13,x12))))).
end_of_list.

% Reading from file C:\Users\torsten\Documents\github\colore\ontologies\multidim_mereotopology_dim\definitions\conversions\min_max_dim.p9


formulas(sos).
(all x12 (maxdim(x12) <-> -zex(x12) & (all x11 leq(x11,x12)))).
(all x22 (mindim(x22) <-> -zex(x22) & (all x21 (-zex(x21) -> leq(x22,x21))))).
end_of_list.

% Reading from file C:\Users\torsten\Documents\github\colore\ontologies\multidim_mereotopology_codi\generated\codi_int_relevance1.order

predicate_order([covers,maxdim,mindim,sc,inc,po,c,=,leq,eqdim,lt,p,cont,zex]).
set(inverse_order).
assign(order,kbo).

============================== end of input ==========================

% From the command line: assign(max_seconds, 600).

============================== PROCESS NON-CLAUSAL FORMULAS ==========

% Formulas that are not ordinary clauses:
1 (all x11 -lt(x11,x11)) # label(non_clause).  [assumption].
2 (all x22 all x21 (lt(x22,x21) -> -lt(x21,x22))) # label(non_clause).  [assumption].
3 (all x32 all x31 all x33 (lt(x32,x31) & lt(x31,x33) -> lt(x32,x33))) # label(non_clause).  [assumption].
4 (all x41 eqdim(x41,x41)) # label(non_clause).  [assumption].
5 (all x52 all x51 (eqdim(x52,x51) -> eqdim(x51,x52))) # label(non_clause).  [assumption].
6 (all x62 all x61 all x63 (eqdim(x62,x61) & eqdim(x61,x63) -> eqdim(x62,x63))) # label(non_clause).  [assumption].
7 (all x72 all x71 (lt(x72,x71) -> -eqdim(x72,x71))) # label(non_clause).  [assumption].
8 (all x82 all x81 all x83 (eqdim(x82,x81) -> (lt(x83,x82) -> lt(x83,x81)))) # label(non_clause).  [assumption].
9 (all x92 all x91 all x93 (eqdim(x92,x91) -> (lt(x92,x93) -> lt(x91,x93)))) # label(non_clause).  [assumption].
10 (exists x102 (-zex(x102) & (all x101 (lt(x101,x102) -> zex(x101))))) # label(non_clause).  [assumption].
11 (all x112 all x111 (zex(x112) & zex(x111) -> x112 = x111)) # label(non_clause).  [assumption].
12 (all x122 all x121 (zex(x122) & -zex(x121) -> lt(x122,x121))) # label(non_clause).  [assumption].
13 (exists x2 mindim(x2)) # label(non_clause).  [assumption].
14 (all x12 all x11 (c(x12,x11) <-> (exists x13 (cont(x13,x12) & cont(x13,x11))))) # label(non_clause).  [assumption].
15 (all x12 all x11 (gt(x12,x11) <-> lt(x11,x12))) # label(non_clause).  [assumption].
16 (all x22 all x21 (geq(x22,x21) <-> leq(x21,x22))) # label(non_clause).  [assumption].
17 (all x32 all x31 (lt(x32,x31) <-> leq(x32,x31) & -eqdim(x32,x31))) # label(non_clause).  [assumption].
18 (all x12 all x11 (p(x12,x11) <-> cont(x12,x11) & eqdim(x12,x11))) # label(non_clause).  [assumption].
19 (exists x2 zex(x2)) # label(non_clause).  [assumption].
20 (all x12 all x11 (sc(x12,x11) <-> (exists x13 (cont(x13,x12) & cont(x13,x11))) & (all x13 (cont(x13,x12) & cont(x13,x11) -> lt(x13,x12) & lt(x13,x11))))) # label(non_clause).  [assumption].
21 (all x12 all x11 (po(x12,x11) <-> (exists x13 (p(x13,x12) & p(x13,x11))))) # label(non_clause).  [assumption].
22 (all x11 (-zex(x11) <-> cont(x11,x11))) # label(non_clause).  [assumption].
23 (all x22 all x21 (cont(x22,x21) & cont(x21,x22) -> x22 = x21)) # label(non_clause).  [assumption].
24 (all x32 all x31 all x33 (cont(x32,x31) & cont(x31,x33) -> cont(x32,x33))) # label(non_clause).  [assumption].
25 (all x42 all x41 (zex(x42) -> -cont(x41,x42) & -cont(x42,x41))) # label(non_clause).  [assumption].
26 (all x52 all x51 (zex(x52) & zex(x51) -> x52 = x51)) # label(non_clause).  [assumption].
27 (all x12 all x11 (eqdim(x12,x11) <-> leq(x12,x11) & leq(x11,x12))) # label(non_clause).  [assumption].
28 (all x12 all x11 (-c(x12,x11) <-> zex(intersection(x12,x11)))) # label(non_clause).  [assumption].
29 (all x22 all x21 (-zex(intersection(x22,x21)) -> cont(intersection(x22,x21),x22))) # label(non_clause).  [assumption].
30 (all x32 all x31 all x33 (cont(x33,x32) & cont(x33,x31) -> leq(x33,intersection(x32,x31)))) # label(non_clause).  [assumption].
31 (all x42 all x41 all x43 (cont(x43,x42) & cont(x43,x41) & eqdim(x43,intersection(x42,x41)) <-> p(x43,intersection(x42,x41)))) # label(non_clause).  [assumption].
32 (all x12 all x11 (inc(x12,x11) <-> (exists x13 (lt(x13,x12) & cont(x13,x12) & p(x13,x11))) | (exists x13 (lt(x13,x11) & cont(x13,x11) & p(x13,x12))))) # label(non_clause).  [assumption].
33 (all x12 all x11 (cont(x12,x11) -> lt(x12,x11) | eqdim(x12,x11))) # label(non_clause).  [assumption].
34 (all x12 all x11 ((all x13 (cont(x13,x12) <-> cont(x13,x11))) -> x12 = x11)) # label(non_clause).  [assumption].
35 (all x12 all x11 (cont(x12,x11) -> lt(x12,x11) | eqdim(x12,x11))) # label(non_clause).  [assumption].
36 (all x11 leq(x11,x11)) # label(non_clause).  [assumption].
37 (all x22 all x21 all x23 (leq(x22,x21) & leq(x21,x23) -> leq(x22,x23))) # label(non_clause).  [assumption].
38 (all x32 all x31 (zex(x32) & zex(x31) -> x32 = x31)) # label(non_clause).  [assumption].
39 (all x42 all x41 (zex(x42) -> leq(x42,x41))) # label(non_clause).  [assumption].
40 (all x12 all x11 (covers(x12,x11) <-> lt(x11,x12) & (all x13 -(lt(x11,x13) & lt(x13,x12))))) # label(non_clause).  [assumption].
41 (all x12 (maxdim(x12) <-> -zex(x12) & (all x11 leq(x11,x12)))) # label(non_clause).  [assumption].
42 (all x22 (mindim(x22) <-> -zex(x22) & (all x21 (-zex(x21) -> leq(x22,x21))))) # label(non_clause).  [assumption].
43 (all x72 all x71 all x73 (cont(x73,x72) & cont(x73,x71) & eqdim(x73,x72) & eqdim(x73,x71) -> cont(x73,intersection(x72,x71)))) # label(non_clause) # label(goal).  [goal].

============================== end of process non-clausal formulas ===

============================== PROCESS INITIAL CLAUSES ===============

% Clauses before input processing:

formulas(usable).
end_of_list.

formulas(sos).
-lt(x,x).  [clausify(1)].
-lt(x,y) | -lt(y,x).  [clausify(2)].
-lt(x,y) | -lt(y,z) | lt(x,z).  [clausify(3)].
eqdim(x,x).  [clausify(4)].
-eqdim(x,y) | eqdim(y,x).  [clausify(5)].
-eqdim(x,y) | -eqdim(y,z) | eqdim(x,z).  [clausify(6)].
-lt(x,y) | -eqdim(x,y).  [clausify(7)].
-eqdim(x,y) | -lt(z,x) | lt(z,y).  [clausify(8)].
-eqdim(x,y) | -lt(x,z) | lt(y,z).  [clausify(9)].
-zex(c1).  [clausify(10)].
-lt(x,c1) | zex(x).  [clausify(10)].
-zex(x) | -zex(y) | y = x.  [clausify(11)].
-zex(x) | zex(y) | lt(x,y).  [clausify(12)].
mindim(c2).  [clausify(13)].
-c(x,y) | cont(f1(x,y),x).  [clausify(14)].
-c(x,y) | cont(f1(x,y),y).  [clausify(14)].
c(x,y) | -cont(z,x) | -cont(z,y).  [clausify(14)].
-gt(x,y) | lt(y,x).  [clausify(15)].
gt(x,y) | -lt(y,x).  [clausify(15)].
-geq(x,y) | leq(y,x).  [clausify(16)].
geq(x,y) | -leq(y,x).  [clausify(16)].
-lt(x,y) | leq(x,y).  [clausify(17)].
-lt(x,y) | -eqdim(x,y).  [clausify(17)].
lt(x,y) | -leq(x,y) | eqdim(x,y).  [clausify(17)].
-p(x,y) | cont(x,y).  [clausify(18)].
-p(x,y) | eqdim(x,y).  [clausify(18)].
p(x,y) | -cont(x,y) | -eqdim(x,y).  [clausify(18)].
zex(c3).  [clausify(19)].
-sc(x,y) | cont(f2(x,y),x).  [clausify(20)].
-sc(x,y) | cont(f2(x,y),y).  [clausify(20)].
-sc(x,y) | -cont(z,x) | -cont(z,y) | lt(z,x).  [clausify(20)].
-sc(x,y) | -cont(z,x) | -cont(z,y) | lt(z,y).  [clausify(20)].
sc(x,y) | -cont(z,x) | -cont(z,y) | cont(f3(x,y),x).  [clausify(20)].
sc(x,y) | -cont(z,x) | -cont(z,y) | cont(f3(x,y),y).  [clausify(20)].
sc(x,y) | -cont(z,x) | -cont(z,y) | -lt(f3(x,y),x) | -lt(f3(x,y),y).  [clausify(20)].
-po(x,y) | p(f4(x,y),x).  [clausify(21)].
-po(x,y) | p(f4(x,y),y).  [clausify(21)].
po(x,y) | -p(z,x) | -p(z,y).  [clausify(21)].
zex(x) | cont(x,x).  [clausify(22)].
-zex(x) | -cont(x,x).  [clausify(22)].
-cont(x,y) | -cont(y,x) | y = x.  [clausify(23)].
-cont(x,y) | -cont(y,z) | cont(x,z).  [clausify(24)].
-zex(x) | -cont(y,x).  [clausify(25)].
-zex(x) | -cont(x,y).  [clausify(25)].
-zex(x) | -zex(y) | y = x.  [clausify(26)].
-eqdim(x,y) | leq(x,y).  [clausify(27)].
-eqdim(x,y) | leq(y,x).  [clausify(27)].
eqdim(x,y) | -leq(x,y) | -leq(y,x).  [clausify(27)].
c(x,y) | zex(intersection(x,y)).  [clausify(28)].
-c(x,y) | -zex(intersection(x,y)).  [clausify(28)].
zex(intersection(x,y)) | cont(intersection(x,y),x).  [clausify(29)].
-cont(x,y) | -cont(x,z) | leq(x,intersection(y,z)).  [clausify(30)].
-cont(x,y) | -cont(x,z) | -eqdim(x,intersection(y,z)) | p(x,intersection(y,z)).  [clausify(31)].
cont(x,y) | -p(x,intersection(y,z)).  [clausify(31)].
cont(x,y) | -p(x,intersection(z,y)).  [clausify(31)].
eqdim(x,intersection(y,z)) | -p(x,intersection(y,z)).  [clausify(31)].
-inc(x,y) | lt(f5(x,y),x) | lt(f6(x,y),y).  [clausify(32)].
-inc(x,y) | lt(f5(x,y),x) | cont(f6(x,y),y).  [clausify(32)].
-inc(x,y) | lt(f5(x,y),x) | p(f6(x,y),x).  [clausify(32)].
-inc(x,y) | cont(f5(x,y),x) | lt(f6(x,y),y).  [clausify(32)].
-inc(x,y) | cont(f5(x,y),x) | cont(f6(x,y),y).  [clausify(32)].
-inc(x,y) | cont(f5(x,y),x) | p(f6(x,y),x).  [clausify(32)].
-inc(x,y) | p(f5(x,y),y) | lt(f6(x,y),y).  [clausify(32)].
-inc(x,y) | p(f5(x,y),y) | cont(f6(x,y),y).  [clausify(32)].
-inc(x,y) | p(f5(x,y),y) | p(f6(x,y),x).  [clausify(32)].
inc(x,y) | -lt(z,x) | -cont(z,x) | -p(z,y).  [clausify(32)].
inc(x,y) | -lt(z,y) | -cont(z,y) | -p(z,x).  [clausify(32)].
-cont(x,y) | lt(x,y) | eqdim(x,y).  [clausify(33)].
cont(f7(x,y),x) | cont(f7(x,y),y) | x = y.  [clausify(34)].
-cont(f7(x,y),x) | -cont(f7(x,y),y) | x = y.  [clausify(34)].
-cont(x,y) | lt(x,y) | eqdim(x,y).  [clausify(35)].
leq(x,x).  [clausify(36)].
-leq(x,y) | -leq(y,z) | leq(x,z).  [clausify(37)].
-zex(x) | -zex(y) | y = x.  [clausify(38)].
-zex(x) | leq(x,y).  [clausify(39)].
-covers(x,y) | lt(y,x).  [clausify(40)].
-covers(x,y) | -lt(y,z) | -lt(z,x).  [clausify(40)].
covers(x,y) | -lt(y,x) | lt(y,f8(x,y)).  [clausify(40)].
covers(x,y) | -lt(y,x) | lt(f8(x,y),x).  [clausify(40)].
-maxdim(x) | -zex(x).  [clausify(41)].
-maxdim(x) | leq(y,x).  [clausify(41)].
maxdim(x) | zex(x) | -leq(f9(x),x).  [clausify(41)].
-mindim(x) | -zex(x).  [clausify(42)].
-mindim(x) | zex(y) | leq(x,y).  [clausify(42)].
mindim(x) | zex(x) | -zex(f10(x)).  [clausify(42)].
mindim(x) | zex(x) | -leq(x,f10(x)).  [clausify(42)].
cont(c6,c4).  [deny(43)].
cont(c6,c5).  [deny(43)].
eqdim(c6,c4).  [deny(43)].
eqdim(c6,c5).  [deny(43)].
-cont(c6,intersection(c4,c5)).  [deny(43)].
end_of_list.

formulas(demodulators).
end_of_list.

============================== PREDICATE ELIMINATION =================

Eliminating mindim/1
44 -mindim(x) | -zex(x).  [clausify(42)].
45 mindim(c2).  [clausify(13)].
Derived: -zex(c2).  [resolve(44,a,45,a)].
46 -mindim(x) | zex(y) | leq(x,y).  [clausify(42)].
Derived: zex(x) | leq(c2,x).  [resolve(46,a,45,a)].
47 mindim(x) | zex(x) | -zex(f10(x)).  [clausify(42)].
Derived: zex(x) | -zex(f10(x)) | zex(y) | leq(x,y).  [resolve(47,a,46,a)].
48 mindim(x) | zex(x) | -leq(x,f10(x)).  [clausify(42)].
Derived: zex(x) | -leq(x,f10(x)) | zex(y) | leq(x,y).  [resolve(48,a,46,a)].

Eliminating c/2
49 c(x,y) | -cont(z,x) | -cont(z,y).  [clausify(14)].
50 -c(x,y) | cont(f1(x,y),x).  [clausify(14)].
51 -c(x,y) | cont(f1(x,y),y).  [clausify(14)].
Derived: -cont(x,y) | -cont(x,z) | cont(f1(y,z),y).  [resolve(49,a,50,a)].
Derived: -cont(x,y) | -cont(x,z) | cont(f1(y,z),z).  [resolve(49,a,51,a)].
52 c(x,y) | zex(intersection(x,y)).  [clausify(28)].
Derived: zex(intersection(x,y)) | cont(f1(x,y),x).  [resolve(52,a,50,a)].
Derived: zex(intersection(x,y)) | cont(f1(x,y),y).  [resolve(52,a,51,a)].
53 -c(x,y) | -zex(intersection(x,y)).  [clausify(28)].
Derived: -zex(intersection(x,y)) | -cont(z,x) | -cont(z,y).  [resolve(53,a,49,a)].

Eliminating gt/2
54 gt(x,y) | -lt(y,x).  [clausify(15)].
55 -gt(x,y) | lt(y,x).  [clausify(15)].

Eliminating geq/2
56 geq(x,y) | -leq(y,x).  [clausify(16)].
57 -geq(x,y) | leq(y,x).  [clausify(16)].

Eliminating sc/2
58 sc(x,y) | -cont(z,x) | -cont(z,y) | cont(f3(x,y),x).  [clausify(20)].
59 -sc(x,y) | cont(f2(x,y),x).  [clausify(20)].
60 -sc(x,y) | cont(f2(x,y),y).  [clausify(20)].
61 -sc(x,y) | -cont(z,x) | -cont(z,y) | lt(z,x).  [clausify(20)].
62 -sc(x,y) | -cont(z,x) | -cont(z,y) | lt(z,y).  [clausify(20)].
Derived: -cont(x,y) | -cont(x,z) | cont(f3(y,z),y) | cont(f2(y,z),y).  [resolve(58,a,59,a)].
Derived: -cont(x,y) | -cont(x,z) | cont(f3(y,z),y) | cont(f2(y,z),z).  [resolve(58,a,60,a)].
Derived: -cont(x,y) | -cont(x,z) | cont(f3(y,z),y) | -cont(u,y) | -cont(u,z) | lt(u,y).  [resolve(58,a,61,a)].
Derived: -cont(x,y) | -cont(x,z) | cont(f3(y,z),y) | -cont(u,y) | -cont(u,z) | lt(u,z).  [resolve(58,a,62,a)].
63 sc(x,y) | -cont(z,x) | -cont(z,y) | cont(f3(x,y),y).  [clausify(20)].
Derived: -cont(x,y) | -cont(x,z) | cont(f3(y,z),z) | cont(f2(y,z),y).  [resolve(63,a,59,a)].
Derived: -cont(x,y) | -cont(x,z) | cont(f3(y,z),z) | cont(f2(y,z),z).  [resolve(63,a,60,a)].
Derived: -cont(x,y) | -cont(x,z) | cont(f3(y,z),z) | -cont(u,y) | -cont(u,z) | lt(u,y).  [resolve(63,a,61,a)].
Derived: -cont(x,y) | -cont(x,z) | cont(f3(y,z),z) | -cont(u,y) | -cont(u,z) | lt(u,z).  [resolve(63,a,62,a)].
64 sc(x,y) | -cont(z,x) | -cont(z,y) | -lt(f3(x,y),x) | -lt(f3(x,y),y).  [clausify(20)].
Derived: -cont(x,y) | -cont(x,z) | -lt(f3(y,z),y) | -lt(f3(y,z),z) | cont(f2(y,z),y).  [resolve(64,a,59,a)].
Derived: -cont(x,y) | -cont(x,z) | -lt(f3(y,z),y) | -lt(f3(y,z),z) | cont(f2(y,z),z).  [resolve(64,a,60,a)].
Derived: -cont(x,y) | -cont(x,z) | -lt(f3(y,z),y) | -lt(f3(y,z),z) | -cont(u,y) | -cont(u,z) | lt(u,y).  [resolve(64,a,61,a)].
Derived: -cont(x,y) | -cont(x,z) | -lt(f3(y,z),y) | -lt(f3(y,z),z) | -cont(u,y) | -cont(u,z) | lt(u,z).  [resolve(64,a,62,a)].

Eliminating po/2
65 po(x,y) | -p(z,x) | -p(z,y).  [clausify(21)].
66 -po(x,y) | p(f4(x,y),x).  [clausify(21)].
67 -po(x,y) | p(f4(x,y),y).  [clausify(21)].
Derived: -p(x,y) | -p(x,z) | p(f4(y,z),y).  [resolve(65,a,66,a)].
Derived: -p(x,y) | -p(x,z) | p(f4(y,z),z).  [resolve(65,a,67,a)].

Eliminating inc/2
68 inc(x,y) | -lt(z,x) | -cont(z,x) | -p(z,y).  [clausify(32)].
69 -inc(x,y) | lt(f5(x,y),x) | lt(f6(x,y),y).  [clausify(32)].
70 -inc(x,y) | lt(f5(x,y),x) | cont(f6(x,y),y).  [clausify(32)].
71 -inc(x,y) | lt(f5(x,y),x) | p(f6(x,y),x).  [clausify(32)].
72 -inc(x,y) | cont(f5(x,y),x) | lt(f6(x,y),y).  [clausify(32)].
73 -inc(x,y) | cont(f5(x,y),x) | cont(f6(x,y),y).  [clausify(32)].
74 -inc(x,y) | cont(f5(x,y),x) | p(f6(x,y),x).  [clausify(32)].
75 -inc(x,y) | p(f5(x,y),y) | lt(f6(x,y),y).  [clausify(32)].
76 -inc(x,y) | p(f5(x,y),y) | cont(f6(x,y),y).  [clausify(32)].
77 -inc(x,y) | p(f5(x,y),y) | p(f6(x,y),x).  [clausify(32)].
Derived: -lt(x,y) | -cont(x,y) | -p(x,z) | lt(f5(y,z),y) | lt(f6(y,z),z).  [resolve(68,a,69,a)].
Derived: -lt(x,y) | -cont(x,y) | -p(x,z) | lt(f5(y,z),y) | cont(f6(y,z),z).  [resolve(68,a,70,a)].
Derived: -lt(x,y) | -cont(x,y) | -p(x,z) | lt(f5(y,z),y) | p(f6(y,z),y).  [resolve(68,a,71,a)].
Derived: -lt(x,y) | -cont(x,y) | -p(x,z) | cont(f5(y,z),y) | lt(f6(y,z),z).  [resolve(68,a,72,a)].
Derived: -lt(x,y) | -cont(x,y) | -p(x,z) | cont(f5(y,z),y) | cont(f6(y,z),z).  [resolve(68,a,73,a)].
Derived: -lt(x,y) | -cont(x,y) | -p(x,z) | cont(f5(y,z),y) | p(f6(y,z),y).  [resolve(68,a,74,a)].
Derived: -lt(x,y) | -cont(x,y) | -p(x,z) | p(f5(y,z),z) | lt(f6(y,z),z).  [resolve(68,a,75,a)].
Derived: -lt(x,y) | -cont(x,y) | -p(x,z) | p(f5(y,z),z) | cont(f6(y,z),z).  [resolve(68,a,76,a)].
Derived: -lt(x,y) | -cont(x,y) | -p(x,z) | p(f5(y,z),z) | p(f6(y,z),y).  [resolve(68,a,77,a)].
78 inc(x,y) | -lt(z,y) | -cont(z,y) | -p(z,x).  [clausify(32)].
Derived: -lt(x,y) | -cont(x,y) | -p(x,z) | lt(f5(z,y),z) | lt(f6(z,y),y).  [resolve(78,a,69,a)].
Derived: -lt(x,y) | -cont(x,y) | -p(x,z) | lt(f5(z,y),z) | cont(f6(z,y),y).  [resolve(78,a,70,a)].
Derived: -lt(x,y) | -cont(x,y) | -p(x,z) | lt(f5(z,y),z) | p(f6(z,y),z).  [resolve(78,a,71,a)].
Derived: -lt(x,y) | -cont(x,y) | -p(x,z) | cont(f5(z,y),z) | lt(f6(z,y),y).  [resolve(78,a,72,a)].
Derived: -lt(x,y) | -cont(x,y) | -p(x,z) | cont(f5(z,y),z) | cont(f6(z,y),y).  [resolve(78,a,73,a)].
Derived: -lt(x,y) | -cont(x,y) | -p(x,z) | cont(f5(z,y),z) | p(f6(z,y),z).  [resolve(78,a,74,a)].
Derived: -lt(x,y) | -cont(x,y) | -p(x,z) | p(f5(z,y),y) | lt(f6(z,y),y).  [resolve(78,a,75,a)].
Derived: -lt(x,y) | -cont(x,y) | -p(x,z) | p(f5(z,y),y) | cont(f6(z,y),y).  [resolve(78,a,76,a)].
Derived: -lt(x,y) | -cont(x,y) | -p(x,z) | p(f5(z,y),y) | p(f6(z,y),z).  [resolve(78,a,77,a)].

Eliminating covers/2
79 covers(x,y) | -lt(y,x) | lt(y,f8(x,y)).  [clausify(40)].
80 -covers(x,y) | lt(y,x).  [clausify(40)].
81 -covers(x,y) | -lt(y,z) | -lt(z,x).  [clausify(40)].
Derived: -lt(x,y) | lt(x,f8(y,x)) | -lt(x,z) | -lt(z,y).  [resolve(79,a,81,a)].
82 covers(x,y) | -lt(y,x) | lt(f8(x,y),x).  [clausify(40)].
Derived: -lt(x,y) | lt(f8(y,x),y) | -lt(x,z) | -lt(z,y).  [resolve(82,a,81,a)].

Eliminating maxdim/1
83 maxdim(x) | zex(x) | -leq(f9(x),x).  [clausify(41)].
84 -maxdim(x) | -zex(x).  [clausify(41)].
85 -maxdim(x) | leq(y,x).  [clausify(41)].
Derived: zex(x) | -leq(f9(x),x) | leq(y,x).  [resolve(83,a,85,a)].

============================== end predicate elimination =============

Auto_denials:  (non-Horn, no changes).

Term ordering decisions:
Function symbol KB weights:  c1=1. c2=1. c3=1. c4=1. c5=1. c6=1. intersection=1. f1=1. f2=1. f3=1. f4=1. f5=1. f6=1. f7=1. f8=1. f9=1. f10=1.
Predicate symbol precedence:  predicate_order([ =, leq, eqdim, lt, p, cont, zex ]).
Function symbol precedence:  function_order([ c1, c2, c3, c4, c5, c6, intersection, f1, f2, f3, f4, f5, f6, f7, f8, f9, f10 ]).
Skipping inverse_order, because term ordering is KBO.
Unfolding symbols: (none).

Auto_inference settings:
  % set(paramodulation).  % (positive equality literals)
  % set(binary_resolution).  % (non-Horn)
  % set(neg_ur_resolution).  % (non-Horn, less than 100 clauses)

Auto_process settings:
  % set(factor).  % (non-Horn)
  % set(unit_deletion).  % (non-Horn)

============================== end of process initial clauses ========

============================== CLAUSES FOR SEARCH ====================

% Clauses after input processing:

formulas(usable).
end_of_list.

formulas(sos).
86 -lt(x,x).  [clausify(1)].
87 -lt(x,y) | -lt(y,x).  [clausify(2)].
88 -lt(x,y) | -lt(y,z) | lt(x,z).  [clausify(3)].
89 eqdim(x,x).  [clausify(4)].
90 -eqdim(x,y) | eqdim(y,x).  [clausify(5)].
91 -eqdim(x,y) | -eqdim(y,z) | eqdim(x,z).  [clausify(6)].
92 -lt(x,y) | -eqdim(x,y).  [clausify(7)].
93 -eqdim(x,y) | -lt(z,x) | lt(z,y).  [clausify(8)].
94 -eqdim(x,y) | -lt(x,z) | lt(y,z).  [clausify(9)].
95 -zex(c1).  [clausify(10)].
96 -lt(x,c1) | zex(x).  [clausify(10)].
97 -zex(x) | -zex(y) | y = x.  [clausify(11)].
98 -zex(x) | zex(y) | lt(x,y).  [clausify(12)].
99 -lt(x,y) | leq(x,y).  [clausify(17)].
100 lt(x,y) | -leq(x,y) | eqdim(x,y).  [clausify(17)].
101 -p(x,y) | cont(x,y).  [clausify(18)].
102 -p(x,y) | eqdim(x,y).  [clausify(18)].
103 p(x,y) | -cont(x,y) | -eqdim(x,y).  [clausify(18)].
104 zex(c3).  [clausify(19)].
105 zex(x) | cont(x,x).  [clausify(22)].
107 -cont(x,y) | -cont(y,x) | y = x.  [clausify(23)].
108 -cont(x,y) | -cont(y,z) | cont(x,z).  [clausify(24)].
109 -zex(x) | -cont(y,x).  [clausify(25)].
110 -zex(x) | -cont(x,y).  [clausify(25)].
111 -eqdim(x,y) | leq(x,y).  [clausify(27)].
112 -eqdim(x,y) | leq(y,x).  [clausify(27)].
113 eqdim(x,y) | -leq(x,y) | -leq(y,x).  [clausify(27)].
114 zex(intersection(x,y)) | cont(intersection(x,y),x).  [clausify(29)].
115 -cont(x,y) | -cont(x,z) | leq(x,intersection(y,z)).  [clausify(30)].
116 -cont(x,y) | -cont(x,z) | -eqdim(x,intersection(y,z)) | p(x,intersection(y,z)).  [clausify(31)].
117 cont(x,y) | -p(x,intersection(y,z)).  [clausify(31)].
118 cont(x,y) | -p(x,intersection(z,y)).  [clausify(31)].
119 -cont(x,y) | lt(x,y) | eqdim(x,y).  [clausify(33)].
120 cont(f7(x,y),x) | cont(f7(x,y),y) | x = y.  [clausify(34)].
121 -cont(f7(x,y),x) | -cont(f7(x,y),y) | x = y.  [clausify(34)].
122 leq(x,x).  [clausify(36)].
123 -leq(x,y) | -leq(y,z) | leq(x,z).  [clausify(37)].
124 -zex(x) | leq(x,y).  [clausify(39)].
125 cont(c6,c4).  [deny(43)].
126 cont(c6,c5).  [deny(43)].
127 eqdim(c6,c4).  [deny(43)].
128 eqdim(c6,c5).  [deny(43)].
129 -cont(c6,intersection(c4,c5)).  [deny(43)].
130 -zex(c2).  [resolve(44,a,45,a)].
131 zex(x) | leq(c2,x).  [resolve(46,a,45,a)].
132 zex(x) | -zex(f10(x)) | zex(y) | leq(x,y).  [resolve(47,a,46,a)].
133 zex(x) | -leq(x,f10(x)) | zex(y) | leq(x,y).  [resolve(48,a,46,a)].
134 -cont(x,y) | -cont(x,z) | cont(f1(y,z),y).  [resolve(49,a,50,a)].
135 -cont(x,y) | -cont(x,z) | cont(f1(y,z),z).  [resolve(49,a,51,a)].
136 zex(intersection(x,y)) | cont(f1(x,y),x).  [resolve(52,a,50,a)].
137 zex(intersection(x,y)) | cont(f1(x,y),y).  [resolve(52,a,51,a)].
138 -zex(intersection(x,y)) | -cont(z,x) | -cont(z,y).  [resolve(53,a,49,a)].
139 -cont(x,y) | -cont(x,z) | cont(f3(y,z),y) | cont(f2(y,z),y).  [resolve(58,a,59,a)].
140 -cont(x,y) | -cont(x,z) | cont(f3(y,z),y) | cont(f2(y,z),z).  [resolve(58,a,60,a)].
143 -cont(x,y) | -cont(x,z) | cont(f3(y,z),z) | cont(f2(y,z),y).  [resolve(63,a,59,a)].
144 -cont(x,y) | -cont(x,z) | cont(f3(y,z),z) | cont(f2(y,z),z).  [resolve(63,a,60,a)].
147 -cont(x,y) | -cont(x,z) | -lt(f3(y,z),y) | -lt(f3(y,z),z) | cont(f2(y,z),y).  [resolve(64,a,59,a)].
148 -cont(x,y) | -cont(x,z) | -lt(f3(y,z),y) | -lt(f3(y,z),z) | cont(f2(y,z),z).  [resolve(64,a,60,a)].
151 -p(x,y) | -p(x,z) | p(f4(y,z),y).  [resolve(65,a,66,a)].
152 -p(x,y) | -p(x,z) | p(f4(y,z),z).  [resolve(65,a,67,a)].
153 -lt(x,y) | -cont(x,y) | -p(x,z) | lt(f5(y,z),y) | lt(f6(y,z),z).  [resolve(68,a,69,a)].
154 -lt(x,y) | -cont(x,y) | -p(x,z) | lt(f5(y,z),y) | cont(f6(y,z),z).  [resolve(68,a,70,a)].
155 -lt(x,y) | -cont(x,y) | -p(x,z) | lt(f5(y,z),y) | p(f6(y,z),y).  [resolve(68,a,71,a)].
156 -lt(x,y) | -cont(x,y) | -p(x,z) | cont(f5(y,z),y) | lt(f6(y,z),z).  [resolve(68,a,72,a)].
157 -lt(x,y) | -cont(x,y) | -p(x,z) | cont(f5(y,z),y) | cont(f6(y,z),z).  [resolve(68,a,73,a)].
158 -lt(x,y) | -cont(x,y) | -p(x,z) | cont(f5(y,z),y) | p(f6(y,z),y).  [resolve(68,a,74,a)].
159 -lt(x,y) | -cont(x,y) | -p(x,z) | p(f5(y,z),z) | lt(f6(y,z),z).  [resolve(68,a,75,a)].
160 -lt(x,y) | -cont(x,y) | -p(x,z) | p(f5(y,z),z) | cont(f6(y,z),z).  [resolve(68,a,76,a)].
161 -lt(x,y) | -cont(x,y) | -p(x,z) | p(f5(y,z),z) | p(f6(y,z),y).  [resolve(68,a,77,a)].
162 -lt(x,y) | -cont(x,y) | -p(x,z) | lt(f5(z,y),z) | lt(f6(z,y),y).  [resolve(78,a,69,a)].
163 -lt(x,y) | -cont(x,y) | -p(x,z) | lt(f5(z,y),z) | cont(f6(z,y),y).  [resolve(78,a,70,a)].
164 -lt(x,y) | -cont(x,y) | -p(x,z) | lt(f5(z,y),z) | p(f6(z,y),z).  [resolve(78,a,71,a)].
165 -lt(x,y) | -cont(x,y) | -p(x,z) | cont(f5(z,y),z) | lt(f6(z,y),y).  [resolve(78,a,72,a)].
166 -lt(x,y) | -cont(x,y) | -p(x,z) | cont(f5(z,y),z) | cont(f6(z,y),y).  [resolve(78,a,73,a)].
167 -lt(x,y) | -cont(x,y) | -p(x,z) | cont(f5(z,y),z) | p(f6(z,y),z).  [resolve(78,a,74,a)].
168 -lt(x,y) | -cont(x,y) | -p(x,z) | p(f5(z,y),y) | lt(f6(z,y),y).  [resolve(78,a,75,a)].
169 -lt(x,y) | -cont(x,y) | -p(x,z) | p(f5(z,y),y) | cont(f6(z,y),y).  [resolve(78,a,76,a)].
170 -lt(x,y) | -cont(x,y) | -p(x,z) | p(f5(z,y),y) | p(f6(z,y),z).  [resolve(78,a,77,a)].
171 -lt(x,y) | lt(x,f8(y,x)) | -lt(x,z) | -lt(z,y).  [resolve(79,a,81,a)].
172 -lt(x,y) | lt(f8(y,x),y) | -lt(x,z) | -lt(z,y).  [resolve(82,a,81,a)].
173 zex(x) | -leq(f9(x),x) | leq(y,x).  [resolve(83,a,85,a)].
174 -cont(x,y) | leq(x,intersection(y,y)).  [factor(115,a,b)].
175 -cont(x,y) | -eqdim(x,intersection(y,y)) | p(x,intersection(y,y)).  [factor(116,a,b)].
176 -cont(x,y) | cont(f1(y,y),y).  [factor(134,a,b)].
177 -zex(intersection(x,x)) | -cont(y,x).  [factor(138,b,c)].
178 -cont(x,y) | cont(f3(y,y),y) | cont(f2(y,y),y).  [factor(139,a,b)].
180 -cont(x,y) | -cont(x,z) | cont(f3(y,z),y) | lt(x,y).  [factor(141,a,d),merge(d)].
181 -cont(x,y) | cont(f3(y,y),y) | lt(x,y).  [factor(141,a,e),merge(b),merge(d)].
182 -cont(x,y) | -cont(x,z) | cont(f3(y,z),y) | lt(x,z).  [factor(142,a,d),merge(d)].
183 -cont(x,y) | -cont(x,z) | cont(f3(y,z),z) | lt(x,y).  [factor(145,a,d),merge(d)].
184 -cont(x,y) | -cont(x,z) | cont(f3(y,z),z) | lt(x,z).  [factor(146,a,d),merge(d)].
185 -cont(x,y) | -lt(f3(y,y),y) | cont(f2(y,y),y).  [factor(147,a,b),merge(c)].
187 -cont(x,y) | -cont(x,z) | -lt(f3(y,z),y) | -lt(f3(y,z),z) | lt(x,y).  [factor(149,a,e),merge(e)].
188 -cont(x,y) | -lt(f3(y,y),y) | lt(x,y).  [factor(149,a,f),merge(b),merge(d),merge(e)].
189 -cont(x,y) | -cont(x,z) | -lt(f3(y,z),y) | -lt(f3(y,z),z) | lt(x,z).  [factor(150,a,e),merge(e)].
190 -p(x,y) | p(f4(y,y),y).  [factor(151,a,b)].
end_of_list.

formulas(demodulators).
end_of_list.

============================== end of clauses for search =============

============================== SEARCH ================================

% Starting search at 0.01 seconds.

given #1 (I,wt=3): 86 -lt(x,x).  [clausify(1)].

given #2 (I,wt=6): 87 -lt(x,y) | -lt(y,x).  [clausify(2)].

given #3 (I,wt=9): 88 -lt(x,y) | -lt(y,z) | lt(x,z).  [clausify(3)].

given #4 (I,wt=3): 89 eqdim(x,x).  [clausify(4)].

given #5 (I,wt=6): 90 -eqdim(x,y) | eqdim(y,x).  [clausify(5)].

given #6 (I,wt=9): 91 -eqdim(x,y) | -eqdim(y,z) | eqdim(x,z).  [clausify(6)].

given #7 (I,wt=6): 92 -lt(x,y) | -eqdim(x,y).  [clausify(7)].

given #8 (I,wt=9): 93 -eqdim(x,y) | -lt(z,x) | lt(z,y).  [clausify(8)].

given #9 (I,wt=9): 94 -eqdim(x,y) | -lt(x,z) | lt(y,z).  [clausify(9)].

given #10 (I,wt=2): 95 -zex(c1).  [clausify(10)].

given #11 (I,wt=5): 96 -lt(x,c1) | zex(x).  [clausify(10)].

given #12 (I,wt=7): 97 -zex(x) | -zex(y) | y = x.  [clausify(11)].

given #13 (I,wt=7): 98 -zex(x) | zex(y) | lt(x,y).  [clausify(12)].

given #14 (I,wt=6): 99 -lt(x,y) | leq(x,y).  [clausify(17)].

given #15 (I,wt=9): 100 lt(x,y) | -leq(x,y) | eqdim(x,y).  [clausify(17)].

given #16 (I,wt=6): 101 -p(x,y) | cont(x,y).  [clausify(18)].

given #17 (I,wt=6): 102 -p(x,y) | eqdim(x,y).  [clausify(18)].

given #18 (I,wt=9): 103 p(x,y) | -cont(x,y) | -eqdim(x,y).  [clausify(18)].

given #19 (I,wt=2): 104 zex(c3).  [clausify(19)].

given #20 (I,wt=5): 105 zex(x) | cont(x,x).  [clausify(22)].

given #21 (I,wt=9): 107 -cont(x,y) | -cont(y,x) | y = x.  [clausify(23)].

given #22 (I,wt=9): 108 -cont(x,y) | -cont(y,z) | cont(x,z).  [clausify(24)].

given #23 (I,wt=5): 109 -zex(x) | -cont(y,x).  [clausify(25)].

given #24 (I,wt=5): 110 -zex(x) | -cont(x,y).  [clausify(25)].

given #25 (I,wt=6): 111 -eqdim(x,y) | leq(x,y).  [clausify(27)].

given #26 (I,wt=6): 112 -eqdim(x,y) | leq(y,x).  [clausify(27)].

given #27 (I,wt=9): 113 eqdim(x,y) | -leq(x,y) | -leq(y,x).  [clausify(27)].

given #28 (I,wt=9): 114 zex(intersection(x,y)) | cont(intersection(x,y),x).  [clausify(29)].

given #29 (I,wt=11): 115 -cont(x,y) | -cont(x,z) | leq(x,intersection(y,z)).  [clausify(30)].

given #30 (I,wt=16): 116 -cont(x,y) | -cont(x,z) | -eqdim(x,intersection(y,z)) | p(x,intersection(y,z)).  [clausify(31)].

given #31 (I,wt=8): 117 cont(x,y) | -p(x,intersection(y,z)).  [clausify(31)].

given #32 (I,wt=8): 118 cont(x,y) | -p(x,intersection(z,y)).  [clausify(31)].

given #33 (I,wt=9): 119 -cont(x,y) | lt(x,y) | eqdim(x,y).  [clausify(33)].

given #34 (I,wt=13): 120 cont(f7(x,y),x) | cont(f7(x,y),y) | x = y.  [clausify(34)].

given #35 (I,wt=13): 121 -cont(f7(x,y),x) | -cont(f7(x,y),y) | x = y.  [clausify(34)].

given #36 (I,wt=3): 122 leq(x,x).  [clausify(36)].

given #37 (I,wt=9): 123 -leq(x,y) | -leq(y,z) | leq(x,z).  [clausify(37)].

given #38 (I,wt=5): 124 -zex(x) | leq(x,y).  [clausify(39)].

given #39 (I,wt=3): 125 cont(c6,c4).  [deny(43)].

given #40 (I,wt=3): 126 cont(c6,c5).  [deny(43)].

given #41 (I,wt=3): 127 eqdim(c6,c4).  [deny(43)].

given #42 (I,wt=3): 128 eqdim(c6,c5).  [deny(43)].

given #43 (I,wt=5): 129 -cont(c6,intersection(c4,c5)).  [deny(43)].

given #44 (I,wt=2): 130 -zex(c2).  [resolve(44,a,45,a)].

given #45 (I,wt=5): 131 zex(x) | leq(c2,x).  [resolve(46,a,45,a)].

given #46 (I,wt=10): 132 zex(x) | -zex(f10(x)) | zex(y) | leq(x,y).  [resolve(47,a,46,a)].

given #47 (I,wt=11): 133 zex(x) | -leq(x,f10(x)) | zex(y) | leq(x,y).  [resolve(48,a,46,a)].

given #48 (I,wt=11): 134 -cont(x,y) | -cont(x,z) | cont(f1(y,z),y).  [resolve(49,a,50,a)].

given #49 (I,wt=11): 135 -cont(x,y) | -cont(x,z) | cont(f1(y,z),z).  [resolve(49,a,51,a)].

given #50 (I,wt=9): 136 zex(intersection(x,y)) | cont(f1(x,y),x).  [resolve(52,a,50,a)].

given #51 (I,wt=9): 137 zex(intersection(x,y)) | cont(f1(x,y),y).  [resolve(52,a,51,a)].

given #52 (I,wt=10): 138 -zex(intersection(x,y)) | -cont(z,x) | -cont(z,y).  [resolve(53,a,49,a)].

given #53 (I,wt=16): 139 -cont(x,y) | -cont(x,z) | cont(f3(y,z),y) | cont(f2(y,z),y).  [resolve(58,a,59,a)].

given #54 (I,wt=16): 140 -cont(x,y) | -cont(x,z) | cont(f3(y,z),y) | cont(f2(y,z),z).  [resolve(58,a,60,a)].

given #55 (I,wt=16): 143 -cont(x,y) | -cont(x,z) | cont(f3(y,z),z) | cont(f2(y,z),y).  [resolve(63,a,59,a)].

given #56 (I,wt=16): 144 -cont(x,y) | -cont(x,z) | cont(f3(y,z),z) | cont(f2(y,z),z).  [resolve(63,a,60,a)].

given #57 (I,wt=21): 147 -cont(x,y) | -cont(x,z) | -lt(f3(y,z),y) | -lt(f3(y,z),z) | cont(f2(y,z),y).  [resolve(64,a,59,a)].

given #58 (I,wt=21): 148 -cont(x,y) | -cont(x,z) | -lt(f3(y,z),y) | -lt(f3(y,z),z) | cont(f2(y,z),z).  [resolve(64,a,60,a)].

given #59 (I,wt=11): 151 -p(x,y) | -p(x,z) | p(f4(y,z),y).  [resolve(65,a,66,a)].

given #60 (I,wt=11): 152 -p(x,y) | -p(x,z) | p(f4(y,z),z).  [resolve(65,a,67,a)].

given #61 (I,wt=19): 153 -lt(x,y) | -cont(x,y) | -p(x,z) | lt(f5(y,z),y) | lt(f6(y,z),z).  [resolve(68,a,69,a)].

given #62 (I,wt=19): 154 -lt(x,y) | -cont(x,y) | -p(x,z) | lt(f5(y,z),y) | cont(f6(y,z),z).  [resolve(68,a,70,a)].

given #63 (I,wt=19): 155 -lt(x,y) | -cont(x,y) | -p(x,z) | lt(f5(y,z),y) | p(f6(y,z),y).  [resolve(68,a,71,a)].

given #64 (I,wt=19): 156 -lt(x,y) | -cont(x,y) | -p(x,z) | cont(f5(y,z),y) | lt(f6(y,z),z).  [resolve(68,a,72,a)].

given #65 (I,wt=19): 157 -lt(x,y) | -cont(x,y) | -p(x,z) | cont(f5(y,z),y) | cont(f6(y,z),z).  [resolve(68,a,73,a)].

given #66 (I,wt=19): 158 -lt(x,y) | -cont(x,y) | -p(x,z) | cont(f5(y,z),y) | p(f6(y,z),y).  [resolve(68,a,74,a)].

given #67 (I,wt=19): 159 -lt(x,y) | -cont(x,y) | -p(x,z) | p(f5(y,z),z) | lt(f6(y,z),z).  [resolve(68,a,75,a)].

given #68 (I,wt=19): 160 -lt(x,y) | -cont(x,y) | -p(x,z) | p(f5(y,z),z) | cont(f6(y,z),z).  [resolve(68,a,76,a)].

given #69 (I,wt=19): 161 -lt(x,y) | -cont(x,y) | -p(x,z) | p(f5(y,z),z) | p(f6(y,z),y).  [resolve(68,a,77,a)].

given #70 (I,wt=19): 162 -lt(x,y) | -cont(x,y) | -p(x,z) | lt(f5(z,y),z) | lt(f6(z,y),y).  [resolve(78,a,69,a)].

given #71 (I,wt=19): 163 -lt(x,y) | -cont(x,y) | -p(x,z) | lt(f5(z,y),z) | cont(f6(z,y),y).  [resolve(78,a,70,a)].

given #72 (I,wt=19): 164 -lt(x,y) | -cont(x,y) | -p(x,z) | lt(f5(z,y),z) | p(f6(z,y),z).  [resolve(78,a,71,a)].

given #73 (I,wt=19): 165 -lt(x,y) | -cont(x,y) | -p(x,z) | cont(f5(z,y),z) | lt(f6(z,y),y).  [resolve(78,a,72,a)].

given #74 (I,wt=19): 166 -lt(x,y) | -cont(x,y) | -p(x,z) | cont(f5(z,y),z) | cont(f6(z,y),y).  [resolve(78,a,73,a)].

given #75 (I,wt=19): 167 -lt(x,y) | -cont(x,y) | -p(x,z) | cont(f5(z,y),z) | p(f6(z,y),z).  [resolve(78,a,74,a)].

given #76 (I,wt=19): 168 -lt(x,y) | -cont(x,y) | -p(x,z) | p(f5(z,y),y) | lt(f6(z,y),y).  [resolve(78,a,75,a)].

given #77 (I,wt=19): 169 -lt(x,y) | -cont(x,y) | -p(x,z) | p(f5(z,y),y) | cont(f6(z,y),y).  [resolve(78,a,76,a)].

given #78 (I,wt=19): 170 -lt(x,y) | -cont(x,y) | -p(x,z) | p(f5(z,y),y) | p(f6(z,y),z).  [resolve(78,a,77,a)].

given #79 (I,wt=14): 171 -lt(x,y) | lt(x,f8(y,x)) | -lt(x,z) | -lt(z,y).  [resolve(79,a,81,a)].

given #80 (I,wt=14): 172 -lt(x,y) | lt(f8(y,x),y) | -lt(x,z) | -lt(z,y).  [resolve(82,a,81,a)].

given #81 (I,wt=9): 173 zex(x) | -leq(f9(x),x) | leq(y,x).  [resolve(83,a,85,a)].

given #82 (I,wt=8): 174 -cont(x,y) | leq(x,intersection(y,y)).  [factor(115,a,b)].

given #83 (I,wt=13): 175 -cont(x,y) | -eqdim(x,intersection(y,y)) | p(x,intersection(y,y)).  [factor(116,a,b)].

given #84 (I,wt=8): 176 -cont(x,y) | cont(f1(y,y),y).  [factor(134,a,b)].

given #85 (I,wt=7): 177 -zex(intersection(x,x)) | -cont(y,x).  [factor(138,b,c)].

given #86 (I,wt=13): 178 -cont(x,y) | cont(f3(y,y),y) | cont(f2(y,y),y).  [factor(139,a,b)].

given #87 (I,wt=14): 180 -cont(x,y) | -cont(x,z) | cont(f3(y,z),y) | lt(x,y).  [factor(141,a,d),merge(d)].

given #88 (I,wt=11): 181 -cont(x,y) | cont(f3(y,y),y) | lt(x,y).  [factor(141,a,e),merge(b),merge(d)].

given #89 (I,wt=14): 182 -cont(x,y) | -cont(x,z) | cont(f3(y,z),y) | lt(x,z).  [factor(142,a,d),merge(d)].

given #90 (I,wt=14): 183 -cont(x,y) | -cont(x,z) | cont(f3(y,z),z) | lt(x,y).  [factor(145,a,d),merge(d)].

given #91 (I,wt=14): 184 -cont(x,y) | -cont(x,z) | cont(f3(y,z),z) | lt(x,z).  [factor(146,a,d),merge(d)].

given #92 (I,wt=13): 185 -cont(x,y) | -lt(f3(y,y),y) | cont(f2(y,y),y).  [factor(147,a,b),merge(c)].

given #93 (I,wt=19): 187 -cont(x,y) | -cont(x,z) | -lt(f3(y,z),y) | -lt(f3(y,z),z) | lt(x,y).  [factor(149,a,e),merge(e)].

given #94 (I,wt=11): 188 -cont(x,y) | -lt(f3(y,y),y) | lt(x,y).  [factor(149,a,f),merge(b),merge(d),merge(e)].

given #95 (I,wt=19): 189 -cont(x,y) | -cont(x,z) | -lt(f3(y,z),y) | -lt(f3(y,z),z) | lt(x,z).  [factor(150,a,e),merge(e)].

given #96 (I,wt=8): 190 -p(x,y) | p(f4(y,y),y).  [factor(151,a,b)].

given #97 (A,wt=5): 191 zex(x) | lt(c3,x).  [resolve(104,a,98,a)].

given #98 (F,wt=2): 236 -zex(c6).  [ur(110,b,125,a)].

given #99 (F,wt=2): 237 -zex(c4).  [ur(109,b,125,a)].

given #100 (F,wt=2): 246 -zex(c5).  [ur(109,b,126,a)].

given #101 (F,wt=3): 198 -cont(x,c3).  [resolve(109,a,104,a)].

given #102 (T,wt=3): 196 cont(c1,c1).  [resolve(105,a,95,a)].

given #103 (T,wt=3): 227 leq(c3,x).  [resolve(124,a,104,a)].

given #104 (T,wt=3): 235 p(c6,c4).  [resolve(125,a,103,b),unit_del(b,127)].

given #105 (T,wt=3): 245 p(c6,c5).  [resolve(126,a,103,b),unit_del(b,128)].

given #106 (A,wt=5): 192 -zex(x) | c3 = x.  [resolve(104,a,97,b)].

given #107 (F,wt=3): 200 -cont(c3,x).  [resolve(110,a,104,a)].

given #108 (F,wt=3): 252 -lt(c6,c4).  [ur(94,a,127,a,c,86,a)].

given #109 (F,wt=3): 253 -lt(c4,c6).  [ur(93,a,127,a,c,86,a)].

given #110 (F,wt=3): 259 -lt(c6,c5).  [ur(94,a,128,a,c,86,a)].

given #111 (T,wt=3): 247 leq(c4,c6).  [resolve(127,a,112,a)].

given #112 (T,wt=3): 248 leq(c6,c4).  [resolve(127,a,111,a)].

given #113 (T,wt=3): 251 eqdim(c4,c6).  [resolve(127,a,90,a)].

given #114 (T,wt=3): 254 leq(c5,c6).  [resolve(128,a,112,a)].

given #115 (A,wt=8): 193 cont(x,x) | zex(y) | lt(x,y).  [resolve(105,a,98,a)].

given #116 (F,wt=3): 260 -lt(c5,c6).  [ur(93,a,128,a,c,86,a)].

given #117 (F,wt=3): 267 -lt(c2,c1).  [ur(96,b,130,a)].

given #118 (F,wt=3): 481 -lt(c6,c1).  [ur(96,b,236,a)].

given #119 (F,wt=3): 485 -lt(c4,c1).  [ur(96,b,237,a)].

given #120 (T,wt=3): 255 leq(c6,c5).  [resolve(128,a,111,a)].

given #121 (T,wt=3): 258 eqdim(c5,c6).  [resolve(128,a,90,a)].

given #122 (T,wt=3): 266 cont(c2,c2).  [resolve(130,a,105,a)].

given #123 (T,wt=3): 274 leq(c2,c1).  [resolve(131,a,95,a)].

given #124 (A,wt=8): 194 cont(x,x) | -zex(y) | x = y.  [resolve(105,a,97,b)].

given #125 (F,wt=3): 489 -lt(c5,c1).  [ur(96,b,246,a)].

given #126 (F,wt=3): 494 -p(x,c3).  [ur(101,b,198,a)].

given #127 (F,wt=3): 540 -p(c3,x).  [ur(101,b,200,a)].

given #128 (F,wt=3): 547 -lt(c4,c5).  [ur(94,a,251,a,c,259,a)].

given #129 (T,wt=3): 470 lt(c3,c2).  [resolve(191,a,130,a)].

given #130 (T,wt=3): 477 lt(c3,c1).  [resolve(191,a,95,a)].

given #131 (T,wt=3): 478 lt(c3,c6).  [resolve(236,a,191,a)].

given #132 (T,wt=3): 479 leq(c2,c6).  [resolve(236,a,131,a)].

given #133 (A,wt=8): 195 cont(x,x) | -zex(y) | y = x.  [resolve(105,a,97,a)].

given #134 (F,wt=3): 565 -lt(c5,c4).  [ur(93,a,251,a,c,260,a)].

given #135 (F,wt=3): 615 -eqdim(c3,c2).  [resolve(470,a,92,a)].

given #136 (F,wt=3): 618 -lt(c2,c3).  [resolve(470,a,87,b)].

given #137 (F,wt=3): 619 -eqdim(c2,c3).  [ur(93,b,470,a,c,86,a)].

given #138 (T,wt=3): 480 cont(c6,c6).  [resolve(236,a,105,a)].

given #139 (T,wt=3): 482 lt(c3,c4).  [resolve(237,a,191,a)].

given #140 (T,wt=3): 483 leq(c2,c4).  [resolve(237,a,131,a)].

given #141 (T,wt=3): 484 cont(c4,c4).  [resolve(237,a,105,a)].

given #142 (A,wt=6): 197 -cont(x,y) | cont(y,y).  [resolve(109,a,105,a)].

given #143 (F,wt=3): 628 -eqdim(c3,c1).  [resolve(477,a,92,a)].

given #144 (F,wt=3): 631 -lt(c1,c3).  [resolve(477,a,87,b)].

given #145 (F,wt=3): 632 -eqdim(c3,c5).  [ur(94,b,477,a,c,489,a)].

given #146 (F,wt=3): 633 -eqdim(c3,c4).  [ur(94,b,477,a,c,485,a)].

given #147 (T,wt=3): 486 lt(c3,c5).  [resolve(246,a,191,a)].

given #148 (T,wt=3): 487 leq(c2,c5).  [resolve(246,a,131,a)].

given #149 (T,wt=3): 488 cont(c5,c5).  [resolve(246,a,105,a)].

given #150 (T,wt=3): 517 p(c1,c1).  [resolve(196,a,103,b),unit_del(b,89)].

given #151 (A,wt=6): 199 -cont(x,y) | cont(x,x).  [resolve(110,a,105,a)].

given #152 (F,wt=3): 634 -eqdim(c3,c6).  [ur(94,b,477,a,c,481,a)].

given #153 (F,wt=3): 635 -eqdim(c1,c3).  [ur(93,b,477,a,c,86,a)].

given #154 (F,wt=3): 636 -lt(c5,c3).  [ur(88,b,477,a,c,489,a)].

given #155 (F,wt=3): 637 -lt(c4,c3).  [ur(88,b,477,a,c,485,a)].

given #156 (T,wt=3): 592 p(c2,c2).  [resolve(266,a,103,b),unit_del(b,89)].

given #157 (T,wt=3): 598 eqdim(c2,c1).  [resolve(274,a,100,b),unit_del(a,267)].

given #158 (T,wt=3): 682 p(c6,c6).  [resolve(480,a,103,b),unit_del(b,89)].

given #159 (T,wt=3): 723 p(c4,c4).  [resolve(484,a,103,b),unit_del(b,89)].

given #160 (A,wt=10): 201 cont(intersection(x,y),x) | -cont(intersection(x,y),z).  [resolve(114,a,110,a)].

given #161 (F,wt=3): 638 -lt(c6,c3).  [ur(88,b,477,a,c,481,a)].

given #162 (F,wt=3): 649 -eqdim(c6,c3).  [ur(93,b,478,a,c,86,a)].

given #163 (F,wt=3): 659 -leq(c2,c3).  [ur(113,a,615,a,b,227,a)].

given #164 (F,wt=3): 698 -eqdim(c4,c3).  [ur(93,b,482,a,c,86,a)].

given #165 (T,wt=3): 764 p(c5,c5).  [resolve(488,a,103,b),unit_del(b,89)].

given #166 (T,wt=3): 778 leq(c1,c2).  [resolve(598,a,112,a)].

given #167 (T,wt=3): 781 eqdim(c1,c2).  [resolve(598,a,90,a)].

given #168 (T,wt=5): 399 leq(c6,intersection(c5,c5)).  [resolve(174,a,126,a)].

given #169 (A,wt=10): 202 cont(intersection(x,y),x) | -cont(z,intersection(x,y)).  [resolve(114,a,109,a)].

given #170 (F,wt=3): 726 -leq(c1,c3).  [ur(113,a,628,a,b,227,a)].

given #171 (F,wt=3): 727 -leq(c5,c3).  [ur(113,a,632,a,b,227,a)].

given #172 (F,wt=3): 728 -eqdim(c5,c3).  [ur(90,b,632,a)].

given #173 (F,wt=3): 729 -leq(c4,c3).  [ur(113,a,633,a,b,227,a)].

given #174 (T,wt=5): 400 leq(c6,intersection(c4,c4)).  [resolve(174,a,125,a)].

given #175 (T,wt=5): 407 cont(f1(c5,c5),c5).  [resolve(176,a,126,a)].

given #176 (T,wt=5): 408 cont(f1(c4,c4),c4).  [resolve(176,a,125,a)].

given #177 (T,wt=5): 423 cont(f3(c5,c5),c5).  [resolve(181,a,126,a),unit_del(b,259)].

given #178 (A,wt=12): 203 cont(intersection(x,y),x) | zex(z) | lt(intersection(x,y),z).  [resolve(114,a,98,a)].

given #179 (F,wt=3): 772 -leq(c6,c3).  [ur(113,a,634,a,b,227,a)].

given #180 (F,wt=3): 782 -lt(c5,c2).  [ur(93,a,598,a,c,489,a)].

given #181 (F,wt=3): 783 -lt(c4,c2).  [ur(93,a,598,a,c,485,a)].

given #182 (F,wt=3): 784 -lt(c6,c2).  [ur(93,a,598,a,c,481,a)].

given #183 (T,wt=5): 424 cont(f3(c4,c4),c4).  [resolve(181,a,125,a),unit_del(b,252)].

given #184 (T,wt=5): 504 cont(f3(c1,c1),c1).  [resolve(196,a,181,a),unit_del(b,86)].

given #185 (T,wt=5): 506 cont(f1(c1,c1),c1).  [resolve(196,a,176,a)].

given #186 (T,wt=5): 508 leq(c1,intersection(c1,c1)).  [resolve(196,a,174,a)].

given #187 (A,wt=12): 204 cont(intersection(x,y),x) | -zex(z) | intersection(x,y) = z.  [resolve(114,a,97,b)].

given #188 (F,wt=3): 785 -lt(c1,c2).  [ur(93,a,598,a,c,86,a)].

given #189 (F,wt=4): 306 -zex(intersection(c5,c5)).  [ur(138,b,126,a,c,126,a)].

given #190 (F,wt=4): 307 -zex(intersection(c5,c4)).  [ur(138,b,126,a,c,125,a)].

given #191 (F,wt=4): 308 -zex(intersection(c4,c5)).  [ur(138,b,125,a,c,126,a)].

given #192 (T,wt=5): 523 p(f4(c4,c4),c4).  [resolve(235,a,190,a)].

given #193 (T,wt=5): 528 p(f4(c5,c5),c5).  [resolve(245,a,190,a)].

given #194 (T,wt=5): 579 cont(f3(c2,c2),c2).  [resolve(266,a,181,a),unit_del(b,86)].

given #195 (T,wt=5): 581 cont(f1(c2,c2),c2).  [resolve(266,a,176,a)].

given #196 (A,wt=18): 205 cont(f7(x,y),y) | x = y | lt(f7(x,y),x) | eqdim(f7(x,y),x).  [resolve(120,a,119,a)].

given #197 (F,wt=4): 309 -zex(intersection(c4,c4)).  [ur(138,b,125,a,c,125,a)].

given #198 (F,wt=4): 518 -zex(intersection(c1,c1)).  [ur(177,b,196,a)].

given #199 (F,wt=4): 593 -zex(intersection(c2,c2)).  [ur(177,b,266,a)].

given #200 (F,wt=4): 683 -zex(intersection(c6,c6)).  [ur(177,b,480,a)].

given #201 (T,wt=5): 583 leq(c2,intersection(c2,c2)).  [resolve(266,a,174,a)].

given #202 (T,wt=5): 669 cont(f3(c6,c6),c6).  [resolve(480,a,181,a),unit_del(b,86)].

given #203 (T,wt=5): 671 cont(f1(c6,c6),c6).  [resolve(480,a,176,a)].

given #204 (T,wt=5): 673 leq(c6,intersection(c6,c6)).  [resolve(480,a,174,a)].

given #205 (A,wt=27): 206 cont(f7(x,y),y) | x = y | -cont(f7(x,y),z) | -eqdim(f7(x,y),intersection(z,x)) | p(f7(x,y),intersection(z,x)).  [resolve(120,a,116,b)].

given #206 (F,wt=4): 684 -zex(intersection(c5,c6)).  [ur(138,b,126,a,c,480,a)].

given #207 (F,wt=4): 685 -zex(intersection(c4,c6)).  [ur(138,b,125,a,c,480,a)].

given #208 (F,wt=4): 686 -zex(intersection(c6,c5)).  [ur(138,b,480,a,c,126,a)].

given #209 (F,wt=4): 687 -zex(intersection(c6,c4)).  [ur(138,b,480,a,c,125,a)].

given #210 (T,wt=5): 714 leq(c4,intersection(c4,c4)).  [resolve(484,a,174,a)].

given #211 (T,wt=5): 755 leq(c5,intersection(c5,c5)).  [resolve(488,a,174,a)].

given #212 (T,wt=5): 765 p(f4(c1,c1),c1).  [resolve(517,a,190,a)].

given #213 (T,wt=5): 773 p(f4(c2,c2),c2).  [resolve(592,a,190,a)].

given #214 (A,wt=27): 207 cont(f7(x,y),y) | x = y | -cont(f7(x,y),z) | -eqdim(f7(x,y),intersection(x,z)) | p(f7(x,y),intersection(x,z)).  [resolve(120,a,116,a)].

given #215 (F,wt=4): 875 -zex(f1(c5,c5)).  [ur(110,b,407,a)].

given #216 (F,wt=4): 934 -zex(f1(c4,c4)).  [ur(110,b,408,a)].

given #217 (F,wt=4): 960 -zex(f3(c5,c5)).  [ur(110,b,423,a)].

given #218 (F,wt=4): 1005 -zex(f3(c4,c4)).  [ur(110,b,424,a)].

given #219 (T,wt=5): 786 p(f4(c6,c6),c6).  [resolve(682,a,190,a)].

given #220 (T,wt=5): 951 eqdim(f3(c5,c5),c5).  [resolve(423,a,119,a),unit_del(a,457)].

given #221 (T,wt=5): 959 p(f3(c5,c5),c5).  [resolve(423,a,103,b),unit_del(b,951)].

given #222 (T,wt=5): 996 eqdim(f3(c4,c4),c4).  [resolve(424,a,119,a),unit_del(a,458)].

given #223 (A,wt=20): 208 cont(f7(x,y),y) | x = y | -cont(f7(x,y),z) | leq(f7(x,y),intersection(z,x)).  [resolve(120,a,115,b)].

given #224 (F,wt=4): 1031 -zex(f3(c1,c1)).  [ur(110,b,504,a)].

given #225 (F,wt=4): 1090 -zex(f1(c1,c1)).  [ur(110,b,506,a)].

given #226 (F,wt=4): 1167 -zex(f3(c2,c2)).  [ur(110,b,579,a)].

given #227 (F,wt=4): 1226 -zex(f1(c2,c2)).  [ur(110,b,581,a)].

given #228 (T,wt=5): 1004 p(f3(c4,c4),c4).  [resolve(424,a,103,b),unit_del(b,996)].

given #229 (T,wt=5): 1022 eqdim(f3(c1,c1),c1).  [resolve(504,a,119,a),unit_del(a,497)].

given #230 (T,wt=5): 1030 p(f3(c1,c1),c1).  [resolve(504,a,103,b),unit_del(b,1022)].

given #231 (T,wt=5): 1107 lt(c3,intersection(c5,c5)).  [resolve(306,a,191,a)].

given #232 (A,wt=20): 209 cont(f7(x,y),y) | x = y | -cont(f7(x,y),z) | leq(f7(x,y),intersection(x,z)).  [resolve(120,a,115,a)].

given #233 (F,wt=4): 1351 -zex(f3(c6,c6)).  [ur(110,b,669,a)].

given #234 (F,wt=4): 1410 -zex(f1(c6,c6)).  [ur(110,b,671,a)].

given #235 (F,wt=5): 263 -cont(c5,intersection(c4,c5)).  [ur(108,a,126,a,c,129,a)].

given #236 (F,wt=5): 264 -cont(c4,intersection(c4,c5)).  [ur(108,a,125,a,c,129,a)].

given #237 (T,wt=5): 1108 leq(c2,intersection(c5,c5)).  [resolve(306,a,131,a)].

given #238 (T,wt=5): 1109 cont(intersection(c5,c5),c5).  [resolve(306,a,114,a)].

given #239 (T,wt=5): 1114 lt(c3,intersection(c5,c4)).  [resolve(307,a,191,a)].

given #240 (T,wt=5): 1115 cont(f1(c5,c4),c4).  [resolve(307,a,137,a)].

given #241 (A,wt=16): 210 cont(f7(x,y),y) | x = y | -cont(z,f7(x,y)) | cont(z,x).  [resolve(120,a,108,b)].

given #242 (F,wt=4): 1740 -zex(f1(c5,c4)).  [ur(110,b,1115,a)].

given #243 (F,wt=5): 265 -p(c6,intersection(c4,c5)).  [ur(101,b,129,a)].

given #244 (F,wt=5): 457 -lt(f3(c5,c5),c5).  [factor(449,b,c),unit_del(a,126)].

given #245 (F,wt=5): 458 -lt(f3(c4,c4),c4).  [factor(450,b,c),unit_del(a,125)].

given #246 (T,wt=5): 1116 cont(f1(c5,c4),c5).  [resolve(307,a,136,a)].

given #247 (T,wt=5): 1117 leq(c2,intersection(c5,c4)).  [resolve(307,a,131,a)].

given #248 (T,wt=5): 1118 cont(intersection(c5,c4),c5).  [resolve(307,a,114,a)].

given #249 (T,wt=5): 1123 lt(c3,intersection(c4,c5)).  [resolve(308,a,191,a)].

given #250 (A,wt=16): 211 cont(f7(x,y),y) | x = y | -cont(x,z) | cont(f7(x,y),z).  [resolve(120,a,108,a)].

given #251 (F,wt=5): 492 -p(x,intersection(y,c3)).  [ur(118,a,198,a)].

given #252 (F,wt=5): 493 -p(x,intersection(c3,y)).  [ur(117,a,198,a)].

given #253 (F,wt=5): 497 -lt(f3(c1,c1),c1).  [resolve(196,a,188,a),unit_del(b,86)].

given #254 (F,wt=5): 572 -lt(f3(c2,c2),c2).  [resolve(266,a,188,a),unit_del(b,86)].

given #255 (T,wt=5): 1124 cont(f1(c4,c5),c5).  [resolve(308,a,137,a)].

given #256 (T,wt=5): 1125 cont(f1(c4,c5),c4).  [resolve(308,a,136,a)].

given #257 (T,wt=5): 1126 leq(c2,intersection(c4,c5)).  [resolve(308,a,131,a)].

given #258 (T,wt=5): 1127 cont(intersection(c4,c5),c4).  [resolve(308,a,114,a)].

given #259 (A,wt=18): 212 cont(f7(x,y),y) | x = y | -cont(x,f7(x,y)) | f7(x,y) = x.  [resolve(120,a,107,b)].

given #260 (F,wt=4): 1983 -zex(f1(c4,c5)).  [ur(110,b,1124,a)].

given #261 (F,wt=5): 662 -lt(f3(c6,c6),c6).  [resolve(480,a,188,a),unit_del(b,86)].

given #262 (F,wt=5): 795 -cont(intersection(c3,x),y).  [ur(201,a,198,a)].

given #263 (F,wt=5): 811 -cont(x,intersection(c3,y)).  [ur(202,a,198,a)].

given #264 (T,wt=5): 1134 eqdim(f4(c4,c4),c4).  [resolve(523,a,102,a)].

given #265 (T,wt=5): 1135 cont(f4(c4,c4),c4).  [resolve(523,a,101,a)].

given #266 (T,wt=5): 1140 eqdim(f4(c5,c5),c5).  [resolve(528,a,102,a)].

given #267 (T,wt=5): 1141 cont(f4(c5,c5),c5).  [resolve(528,a,101,a)].

given #268 (A,wt=18): 213 cont(f7(x,y),y) | x = y | p(f7(x,y),x) | -eqdim(f7(x,y),x).  [resolve(120,a,103,b)].

given #269 (F,wt=4): 2166 -zex(f4(c4,c4)).  [ur(110,b,1135,a)].

given #270 (F,wt=4): 2208 -zex(f4(c5,c5)).  [ur(110,b,1141,a)].

given #271 (F,wt=5): 978 -leq(intersection(c4,c4),c3).  [ur(123,a,400,a,c,772,a)].

given #272 (F,wt=5): 979 -leq(intersection(c5,c5),c3).  [ur(123,a,399,a,c,772,a)].

given #273 (T,wt=5): 1158 eqdim(f3(c2,c2),c2).  [resolve(579,a,119,a),unit_del(a,572)].

given #274 (T,wt=5): 1166 p(f3(c2,c2),c2).  [resolve(579,a,103,b),unit_del(b,1158)].

given #275 (T,wt=5): 1295 lt(c3,intersection(c4,c4)).  [resolve(309,a,191,a)].

given #276 (T,wt=5): 1296 leq(c2,intersection(c4,c4)).  [resolve(309,a,131,a)].

given #277 (A,wt=18): 214 cont(f7(x,y),x) | x = y | lt(f7(x,y),y) | eqdim(f7(x,y),y).  [resolve(120,b,119,a)].

given #278 (F,wt=5): 1096 -leq(intersection(c1,c1),c3).  [ur(123,a,508,a,c,726,a)].

given #279 (F,wt=5): 1111 -lt(intersection(c5,c5),c1).  [ur(96,b,306,a)].

given #280 (F,wt=5): 1120 -lt(intersection(c5,c4),c1).  [ur(96,b,307,a)].

given #281 (F,wt=5): 1129 -lt(intersection(c4,c5),c1).  [ur(96,b,308,a)].

given #282 (T,wt=5): 1297 cont(intersection(c4,c4),c4).  [resolve(309,a,114,a)].

given #283 (T,wt=5): 1302 lt(c3,intersection(c1,c1)).  [resolve(518,a,191,a)].

given #284 (T,wt=5): 1303 leq(c2,intersection(c1,c1)).  [resolve(518,a,131,a)].

given #285 (T,wt=5): 1304 cont(intersection(c1,c1),c1).  [resolve(518,a,114,a)].

given #286 (A,wt=27): 215 cont(f7(x,y),x) | x = y | -cont(f7(x,y),z) | -eqdim(f7(x,y),intersection(z,y)) | p(f7(x,y),intersection(z,y)).  [resolve(120,b,116,b)].

given #287 (F,wt=5): 1299 -lt(intersection(c4,c4),c1).  [ur(96,b,309,a)].

given #288 (F,wt=5): 1306 -lt(intersection(c1,c1),c1).  [ur(96,b,518,a)].

given #289 (F,wt=5): 1312 -lt(intersection(c2,c2),c1).  [ur(96,b,593,a)].

given #290 (F,wt=5): 1319 -lt(intersection(c6,c6),c1).  [ur(96,b,683,a)].

given #291 (T,wt=5): 1309 lt(c3,intersection(c2,c2)).  [resolve(593,a,191,a)].

given #292 (T,wt=5): 1310 cont(intersection(c2,c2),c2).  [resolve(593,a,114,a)].

given #293 (T,wt=5): 1315 lt(c3,intersection(c6,c6)).  [resolve(683,a,191,a)].

given #294 (T,wt=5): 1316 leq(c2,intersection(c6,c6)).  [resolve(683,a,131,a)].

given #295 (A,wt=27): 216 cont(f7(x,y),x) | x = y | -cont(f7(x,y),z) | -eqdim(f7(x,y),intersection(y,z)) | p(f7(x,y),intersection(y,z)).  [resolve(120,b,116,a)].

given #296 (F,wt=5): 1325 -leq(intersection(c2,c2),c3).  [ur(123,a,583,a,c,659,a)].

given #297 (F,wt=5): 1416 -leq(intersection(c6,c6),c3).  [ur(123,a,673,a,c,772,a)].

given #298 (F,wt=5): 1425 -lt(intersection(c5,c6),c1).  [ur(96,b,684,a)].

given #299 (F,wt=5): 1434 -lt(intersection(c4,c6),c1).  [ur(96,b,685,a)].

given #300 (T,wt=5): 1317 cont(intersection(c6,c6),c6).  [resolve(683,a,114,a)].

given #301 (T,wt=5): 1342 eqdim(f3(c6,c6),c6).  [resolve(669,a,119,a),unit_del(a,662)].

given #302 (T,wt=5): 1350 p(f3(c6,c6),c6).  [resolve(669,a,103,b),unit_del(b,1342)].

given #303 (T,wt=5): 1419 lt(c3,intersection(c5,c6)).  [resolve(684,a,191,a)].

given #304 (A,wt=20): 217 cont(f7(x,y),x) | x = y | -cont(f7(x,y),z) | leq(f7(x,y),intersection(z,y)).  [resolve(120,b,115,b)].

given #305 (F,wt=5): 1443 -lt(intersection(c6,c5),c1).  [ur(96,b,686,a)].

given #306 (F,wt=5): 1452 -lt(intersection(c6,c4),c1).  [ur(96,b,687,a)].

given #307 (F,wt=5): 1479 -lt(f1(c5,c5),c1).  [ur(96,b,875,a)].

given #308 (F,wt=5): 1484 -lt(f1(c4,c4),c1).  [ur(96,b,934,a)].

given #309 (T,wt=5): 1420 cont(f1(c5,c6),c6).  [resolve(684,a,137,a)].

given #310 (T,wt=5): 1421 cont(f1(c5,c6),c5).  [resolve(684,a,136,a)].

given #311 (T,wt=5): 1422 leq(c2,intersection(c5,c6)).  [resolve(684,a,131,a)].

given #312 (T,wt=5): 1423 cont(intersection(c5,c6),c5).  [resolve(684,a,114,a)].

given #313 (A,wt=20): 218 cont(f7(x,y),x) | x = y | -cont(f7(x,y),z) | leq(f7(x,y),intersection(y,z)).  [resolve(120,b,115,a)].

given #314 (F,wt=4): 2654 -zex(f1(c5,c6)).  [ur(110,b,1420,a)].

given #315 (F,wt=5): 1489 -lt(f3(c5,c5),c1).  [ur(96,b,960,a)].

given #316 (F,wt=5): 1494 -lt(f3(c4,c4),c1).  [ur(96,b,1005,a)].

given #317 (F,wt=5): 1506 -lt(f3(c5,c5),c2).  [ur(94,a,951,a,c,782,a)].

given #318 (T,wt=5): 1428 lt(c3,intersection(c4,c6)).  [resolve(685,a,191,a)].

given #319 (T,wt=5): 1429 cont(f1(c4,c6),c6).  [resolve(685,a,137,a)].

given #320 (T,wt=5): 1430 cont(f1(c4,c6),c4).  [resolve(685,a,136,a)].

given #321 (T,wt=5): 1431 leq(c2,intersection(c4,c6)).  [resolve(685,a,131,a)].

given #322 (A,wt=16): 219 cont(f7(x,y),x) | x = y | -cont(z,f7(x,y)) | cont(z,y).  [resolve(120,b,108,b)].

given #323 (F,wt=4): 2858 -zex(f1(c4,c6)).  [ur(110,b,1429,a)].

given #324 (F,wt=5): 1507 -lt(f3(c5,c5),c3).  [ur(94,a,951,a,c,636,a)].

given #325 (F,wt=5): 1508 -lt(f3(c5,c5),c4).  [ur(94,a,951,a,c,565,a)].

given #326 (F,wt=5): 1509 -lt(f3(c5,c5),c6).  [ur(94,a,951,a,c,260,a)].

given #327 (T,wt=5): 1432 cont(intersection(c4,c6),c4).  [resolve(685,a,114,a)].

given #328 (T,wt=5): 1437 lt(c3,intersection(c6,c5)).  [resolve(686,a,191,a)].

given #329 (T,wt=5): 1438 cont(f1(c6,c5),c5).  [resolve(686,a,137,a)].

given #330 (T,wt=5): 1439 cont(f1(c6,c5),c6).  [resolve(686,a,136,a)].

given #331 (A,wt=16): 220 cont(f7(x,y),x) | x = y | -cont(y,z) | cont(f7(x,y),z).  [resolve(120,b,108,a)].

given #332 (F,wt=4): 3066 -zex(f1(c6,c5)).  [ur(110,b,1438,a)].

given #333 (F,wt=5): 1510 -lt(c4,f3(c5,c5)).  [ur(93,a,951,a,c,547,a)].

given #334 (F,wt=5): 1511 -lt(c6,f3(c5,c5)).  [ur(93,a,951,a,c,259,a)].

given #335 (F,wt=5): 1512 -lt(c5,f3(c5,c5)).  [ur(93,a,951,a,c,86,a)].

given #336 (T,wt=5): 1440 leq(c2,intersection(c6,c5)).  [resolve(686,a,131,a)].

given #337 (T,wt=5): 1441 cont(intersection(c6,c5),c6).  [resolve(686,a,114,a)].

given #338 (T,wt=5): 1446 lt(c3,intersection(c6,c4)).  [resolve(687,a,191,a)].

given #339 (T,wt=5): 1447 cont(f1(c6,c4),c4).  [resolve(687,a,137,a)].

given #340 (A,wt=18): 221 cont(f7(x,y),x) | x = y | -cont(y,f7(x,y)) | f7(x,y) = y.  [resolve(120,b,107,b)].

given #341 (F,wt=4): 3349 -zex(f1(c6,c4)).  [ur(110,b,1447,a)].

given #342 (F,wt=5): 1513 -eqdim(c3,f3(c5,c5)).  [ur(91,b,951,a,c,632,a)].

given #343 (F,wt=5): 1523 -lt(f3(c4,c4),c2).  [ur(94,a,996,a,c,783,a)].

given #344 (F,wt=5): 1524 -lt(f3(c4,c4),c3).  [ur(94,a,996,a,c,637,a)].

given #345 (T,wt=5): 1448 cont(f1(c6,c4),c6).  [resolve(687,a,136,a)].

given #346 (T,wt=5): 1449 leq(c2,intersection(c6,c4)).  [resolve(687,a,131,a)].

given #347 (T,wt=5): 1450 cont(intersection(c6,c4),c6).  [resolve(687,a,114,a)].

given #348 (T,wt=5): 1467 eqdim(f4(c1,c1),c1).  [resolve(765,a,102,a)].

given #349 (A,wt=18): 222 cont(f7(x,y),x) | x = y | p(f7(x,y),y) | -eqdim(f7(x,y),y).  [resolve(120,b,103,b)].

given #350 (F,wt=5): 1525 -lt(f3(c4,c4),c5).  [ur(94,a,996,a,c,547,a)].

given #351 (F,wt=5): 1526 -lt(f3(c4,c4),c6).  [ur(94,a,996,a,c,253,a)].

given #352 (F,wt=5): 1527 -lt(c5,f3(c4,c4)).  [ur(93,a,996,a,c,565,a)].

given #353 (F,wt=5): 1528 -lt(c6,f3(c4,c4)).  [ur(93,a,996,a,c,252,a)].

given #354 (T,wt=5): 1468 cont(f4(c1,c1),c1).  [resolve(765,a,101,a)].

given #355 (T,wt=5): 1473 eqdim(f4(c2,c2),c2).  [resolve(773,a,102,a)].

given #356 (T,wt=5): 1474 cont(f4(c2,c2),c2).  [resolve(773,a,101,a)].

given #357 (T,wt=5): 1477 lt(c3,f1(c5,c5)).  [resolve(875,a,191,a)].

given #358 (A,wt=11): 223 cont(f7(x,y),y) | x = y | -cont(x,y).  [factor(211,a,d)].

given #359 (F,wt=4): 3547 -zex(f4(c1,c1)).  [ur(110,b,1468,a)].

given #360 (F,wt=4): 3592 -zex(f4(c2,c2)).  [ur(110,b,1474,a)].

given #361 (F,wt=5): 1529 -lt(c4,f3(c4,c4)).  [ur(93,a,996,a,c,86,a)].

given #362 (F,wt=5): 1530 -eqdim(c3,f3(c4,c4)).  [ur(91,b,996,a,c,633,a)].

given #363 (T,wt=5): 1478 leq(c2,f1(c5,c5)).  [resolve(875,a,131,a)].

given #364 (T,wt=5): 1482 lt(c3,f1(c4,c4)).  [resolve(934,a,191,a)].

given #365 (T,wt=5): 1483 leq(c2,f1(c4,c4)).  [resolve(934,a,131,a)].

given #366 (T,wt=5): 1487 lt(c3,f3(c5,c5)).  [resolve(960,a,191,a)].

given #367 (A,wt=11): 224 cont(f7(x,y),x) | x = y | -cont(y,x).  [factor(220,a,d)].

given #368 (F,wt=5): 1539 -lt(f1(c1,c1),c1).  [ur(96,b,1090,a)].

given #369 (F,wt=5): 1552 -lt(f3(c2,c2),c1).  [ur(96,b,1167,a)].

given #370 (F,wt=5): 1557 -lt(f1(c2,c2),c1).  [ur(96,b,1226,a)].

given #371 (F,wt=5): 1567 -lt(f3(c1,c1),c2).  [ur(94,a,1022,a,c,785,a)].

given #372 (T,wt=5): 1488 leq(c2,f3(c5,c5)).  [resolve(960,a,131,a)].

given #373 (T,wt=5): 1492 lt(c3,f3(c4,c4)).  [resolve(1005,a,191,a)].

given #374 (T,wt=5): 1493 leq(c2,f3(c4,c4)).  [resolve(1005,a,131,a)].

given #375 (T,wt=5): 1499 eqdim(f4(c6,c6),c6).  [resolve(786,a,102,a)].

given #376 (A,wt=10): 225 leq(intersection(x,y),z) | cont(intersection(x,y),x).  [resolve(124,a,114,a)].

given #377 (F,wt=5): 1568 -lt(f3(c1,c1),c3).  [ur(94,a,1022,a,c,631,a)].

given #378 (F,wt=5): 1569 -lt(c5,f3(c1,c1)).  [ur(93,a,1022,a,c,489,a)].

given #379 (F,wt=5): 1570 -lt(c4,f3(c1,c1)).  [ur(93,a,1022,a,c,485,a)].

given #380 (F,wt=5): 1571 -lt(c6,f3(c1,c1)).  [ur(93,a,1022,a,c,481,a)].

given #381 (T,wt=5): 1500 cont(f4(c6,c6),c6).  [resolve(786,a,101,a)].

given #382 (T,wt=5): 1501 leq(c5,f3(c5,c5)).  [resolve(951,a,112,a)].

given #383 (T,wt=5): 1502 leq(f3(c5,c5),c5).  [resolve(951,a,111,a)].

given #384 (T,wt=5): 1505 eqdim(c5,f3(c5,c5)).  [resolve(951,a,90,a)].

given #385 (A,wt=6): 226 leq(x,y) | cont(x,x).  [resolve(124,a,105,a)].

given #386 (F,wt=4): 3817 -zex(f4(c6,c6)).  [ur(110,b,1500,a)].

given #387 (F,wt=5): 1572 -lt(c2,f3(c1,c1)).  [ur(93,a,1022,a,c,267,a)].

given #388 (F,wt=5): 1573 -lt(c1,f3(c1,c1)).  [ur(93,a,1022,a,c,86,a)].

given #389 (F,wt=5): 1574 -eqdim(c3,f3(c1,c1)).  [ur(91,b,1022,a,c,628,a)].

given #390 (T,wt=5): 1518 leq(c4,f3(c4,c4)).  [resolve(996,a,112,a)].

given #391 (T,wt=5): 1519 leq(f3(c4,c4),c4).  [resolve(996,a,111,a)].

given #392 (T,wt=5): 1522 eqdim(c4,f3(c4,c4)).  [resolve(996,a,90,a)].

given #393 (T,wt=5): 1533 lt(c3,f3(c1,c1)).  [resolve(1031,a,191,a)].

given #394 (A,wt=13): 228 -cont(c6,x) | -eqdim(c6,intersection(x,c4)) | p(c6,intersection(x,c4)).  [resolve(125,a,116,b)].

given #395 (F,wt=5): 1587 -eqdim(c3,intersection(c5,c5)).  [resolve(1107,a,92,a)].

given #396 (F,wt=5): 1590 -lt(intersection(c5,c5),c3).  [resolve(1107,a,87,b)].

given #397 (F,wt=5): 1591 -eqdim(intersection(c5,c5),c3).  [ur(93,b,1107,a,c,86,a)].

given #398 (F,wt=5): 1596 -lt(f3(c6,c6),c1).  [ur(96,b,1351,a)].

given #399 (T,wt=5): 1534 leq(c2,f3(c1,c1)).  [resolve(1031,a,131,a)].

given #400 (T,wt=5): 1537 lt(c3,f1(c1,c1)).  [resolve(1090,a,191,a)].

given #401 (T,wt=5): 1538 leq(c2,f1(c1,c1)).  [resolve(1090,a,131,a)].

given #402 (T,wt=5): 1540 eqdim(f1(c1,c1),c1).  [back_unit_del(1081),unit_del(a,1539)].

given #403 (A,wt=13): 229 -cont(c6,x) | -eqdim(c6,intersection(c4,x)) | p(c6,intersection(c4,x)).  [resolve(125,a,116,a)].

given #404 (F,wt=5): 1601 -lt(f1(c6,c6),c1).  [ur(96,b,1410,a)].

given #405 (F,wt=5): 1604 -p(c5,intersection(c4,c5)).  [ur(101,b,263,a)].

given #406 (F,wt=5): 1607 -p(c4,intersection(c4,c5)).  [ur(101,b,264,a)].

given #407 (F,wt=5): 1677 -eqdim(c3,intersection(c5,c4)).  [resolve(1114,a,92,a)].

given #408 (T,wt=5): 1547 p(f1(c1,c1),c1).  [back_unit_del(1089),unit_del(b,1540)].

given #409 (T,wt=5): 1550 lt(c3,f3(c2,c2)).  [resolve(1167,a,191,a)].

given #410 (T,wt=5): 1551 leq(c2,f3(c2,c2)).  [resolve(1167,a,131,a)].

given #411 (T,wt=5): 1555 lt(c3,f1(c2,c2)).  [resolve(1226,a,191,a)].

given #412 (A,wt=8): 230 -cont(c6,x) | leq(c6,intersection(x,c4)).  [resolve(125,a,115,b)].

given #413 (F,wt=5): 1680 -lt(intersection(c5,c4),c3).  [resolve(1114,a,87,b)].

given #414 (F,wt=5): 1681 -eqdim(intersection(c5,c4),c3).  [ur(93,b,1114,a,c,86,a)].

given #415 (F,wt=5): 1750 -lt(f1(c5,c4),c1).  [ur(96,b,1740,a)].

given #416 (F,wt=5): 1751 -eqdim(c6,intersection(c4,c5)).  [ur(116,a,125,a,b,126,a,d,265,a)].

given #417 (T,wt=5): 1556 leq(c2,f1(c2,c2)).  [resolve(1226,a,131,a)].

given #418 (T,wt=5): 1562 leq(c1,f3(c1,c1)).  [resolve(1022,a,112,a)].

given #419 (T,wt=5): 1563 leq(f3(c1,c1),c1).  [resolve(1022,a,111,a)].

given #420 (T,wt=5): 1566 eqdim(c1,f3(c1,c1)).  [resolve(1022,a,90,a)].

given #421 (A,wt=8): 231 -cont(c6,x) | leq(c6,intersection(c4,x)).  [resolve(125,a,115,a)].

given #422 (F,wt=5): 1814 -leq(intersection(c5,c4),c3).  [ur(123,a,1117,a,c,659,a)].

given #423 (F,wt=5): 1880 -eqdim(c3,intersection(c4,c5)).  [resolve(1123,a,92,a)].

given #424 (F,wt=5): 1883 -lt(intersection(c4,c5),c3).  [resolve(1123,a,87,b)].

given #425 (F,wt=5): 1884 -eqdim(intersection(c4,c5),c3).  [ur(93,b,1123,a,c,86,a)].

given #426 (T,wt=5): 1594 lt(c3,f3(c6,c6)).  [resolve(1351,a,191,a)].

given #427 (T,wt=5): 1595 leq(c2,f3(c6,c6)).  [resolve(1351,a,131,a)].

given #428 (T,wt=5): 1599 lt(c3,f1(c6,c6)).  [resolve(1410,a,191,a)].

given #429 (T,wt=5): 1600 leq(c2,f1(c6,c6)).  [resolve(1410,a,131,a)].

given #430 (A,wt=6): 232 -cont(x,c6) | cont(x,c4).  [resolve(125,a,108,b)].

given #431 (F,wt=5): 1922 -eqdim(c3,f3(c2,c2)).  [ur(94,b,470,a,c,572,a)].

given #432 (F,wt=5): 1923 -lt(f3(c2,c2),c3).  [ur(88,b,470,a,c,572,a)].

given #433 (F,wt=5): 2049 -leq(intersection(c4,c5),c3).  [ur(123,a,1126,a,c,659,a)].

given #434 (F,wt=5): 2112 -lt(f1(c4,c5),c1).  [ur(96,b,1983,a)].

given #435 (T,wt=5): 1748 lt(c3,f1(c5,c4)).  [resolve(1740,a,191,a)].

given #436 (T,wt=5): 1749 leq(c2,f1(c5,c4)).  [resolve(1740,a,131,a)].

given #437 (T,wt=5): 2110 lt(c3,f1(c4,c5)).  [resolve(1983,a,191,a)].

given #438 (T,wt=5): 2111 leq(c2,f1(c4,c5)).  [resolve(1983,a,131,a)].

given #439 (A,wt=6): 233 -cont(c4,x) | cont(c6,x).  [resolve(125,a,108,a)].

given #440 (F,wt=5): 2113 -eqdim(c3,f3(c6,c6)).  [ur(94,b,478,a,c,662,a)].

given #441 (F,wt=5): 2114 -lt(f3(c6,c6),c5).  [ur(93,a,258,a,c,662,a)].

given #442 (F,wt=5): 2115 -lt(f3(c6,c6),c4).  [ur(93,a,251,a,c,662,a)].

given #443 (F,wt=5): 2116 -lt(f3(c6,c6),c3).  [ur(88,b,478,a,c,662,a)].

given #444 (T,wt=5): 2126 leq(c4,f4(c4,c4)).  [resolve(1134,a,112,a)].

given #445 (T,wt=5): 2127 leq(f4(c4,c4),c4).  [resolve(1134,a,111,a)].

given #446 (T,wt=5): 2130 eqdim(c4,f4(c4,c4)).  [resolve(1134,a,90,a)].

given #447 (T,wt=5): 2168 leq(c5,f4(c5,c5)).  [resolve(1140,a,112,a)].

given #448 (A,wt=6): 234 -cont(c4,c6) | c6 = c4.  [resolve(125,a,107,b)].

given #449 (F,wt=5): 2118 -p(intersection(c3,x),y).  [ur(101,b,795,a)].

given #450 (F,wt=5): 2131 -lt(f4(c4,c4),c2).  [ur(94,a,1134,a,c,783,a)].

given #451 (F,wt=5): 2132 -lt(f4(c4,c4),c3).  [ur(94,a,1134,a,c,637,a)].

given #452 (F,wt=5): 2133 -lt(f4(c4,c4),c5).  [ur(94,a,1134,a,c,547,a)].

given #453 (T,wt=5): 2169 leq(f4(c5,c5),c5).  [resolve(1140,a,111,a)].

given #454 (T,wt=5): 2172 eqdim(c5,f4(c5,c5)).  [resolve(1140,a,90,a)].

given #455 (T,wt=5): 2212 lt(c3,f4(c4,c4)).  [resolve(2166,a,191,a)].

given #456 (T,wt=5): 2213 leq(c2,f4(c4,c4)).  [resolve(2166,a,131,a)].

given #457 (A,wt=13): 238 -cont(c6,x) | -eqdim(c6,intersection(x,c5)) | p(c6,intersection(x,c5)).  [resolve(126,a,116,b)].

given #458 (F,wt=5): 2134 -lt(f4(c4,c4),c1).  [ur(94,a,1134,a,c,485,a)].

given #459 (F,wt=5): 2135 -lt(f4(c4,c4),c6).  [ur(94,a,1134,a,c,253,a)].

given #460 (F,wt=5): 2136 -lt(f4(c4,c4),c4).  [ur(94,a,1134,a,c,86,a)].

given #461 (F,wt=5): 2137 -lt(c5,f4(c4,c4)).  [ur(93,a,1134,a,c,565,a)].

given #462 (T,wt=5): 2216 lt(c3,f4(c5,c5)).  [resolve(2208,a,191,a)].

given #463 (T,wt=5): 2217 leq(c2,f4(c5,c5)).  [resolve(2208,a,131,a)].

given #464 (T,wt=5): 2221 leq(f3(c2,c2),c2).  [resolve(1158,a,111,a)].

given #465 (T,wt=5): 2224 eqdim(c2,f3(c2,c2)).  [resolve(1158,a,90,a)].

given #466 (A,wt=13): 239 -cont(c6,x) | -eqdim(c6,intersection(c5,x)) | p(c6,intersection(c5,x)).  [resolve(126,a,116,a)].

given #467 (F,wt=5): 2139 -lt(c6,f4(c4,c4)).  [ur(93,a,1134,a,c,252,a)].

given #468 (F,wt=5): 2140 -lt(c4,f4(c4,c4)).  [ur(93,a,1134,a,c,86,a)].

given #469 (F,wt=5): 2141 -eqdim(c3,f4(c4,c4)).  [ur(91,b,1134,a,c,633,a)].

given #470 (F,wt=5): 2173 -lt(f4(c5,c5),c2).  [ur(94,a,1140,a,c,782,a)].

given #471 (T,wt=5): 2415 eqdim(intersection(c1,c1),c1).  [resolve(1304,a,119,a),unit_del(a,1306)].

given #472 (T,wt=5): 2423 p(intersection(c1,c1),c1).  [resolve(1304,a,103,b),unit_del(b,2415)].

given #473 (T,wt=5): 2463 eqdim(intersection(c2,c2),c2).  [resolve(1310,a,119,a),unit_del(a,2431)].

given #474 (T,wt=5): 2471 p(intersection(c2,c2),c2).  [resolve(1310,a,103,b),unit_del(b,2463)].

given #475 (A,wt=8): 240 -cont(c6,x) | leq(c6,intersection(x,c5)).  [resolve(126,a,115,b)].

given #476 (F,wt=5): 2174 -lt(f4(c5,c5),c3).  [ur(94,a,1140,a,c,636,a)].

given #477 (F,wt=5): 2175 -lt(f4(c5,c5),c4).  [ur(94,a,1140,a,c,565,a)].

given #478 (F,wt=5): 2176 -lt(f4(c5,c5),c1).  [ur(94,a,1140,a,c,489,a)].

given #479 (F,wt=5): 2177 -lt(f4(c5,c5),c6).  [ur(94,a,1140,a,c,260,a)].

given #480 (T,wt=5): 2555 leq(c6,f3(c6,c6)).  [resolve(1342,a,112,a)].

given #481 (T,wt=5): 2556 leq(f3(c6,c6),c6).  [resolve(1342,a,111,a)].

given #482 (T,wt=5): 2559 eqdim(c6,f3(c6,c6)).  [resolve(1342,a,90,a)].

given #483 (T,wt=5): 2782 lt(c3,f1(c5,c6)).  [resolve(2654,a,191,a)].

given #484 (A,wt=8): 241 -cont(c6,x) | leq(c6,intersection(c5,x)).  [resolve(126,a,115,a)].

given #485 (F,wt=5): 2178 -lt(f4(c5,c5),c5).  [ur(94,a,1140,a,c,86,a)].

given #486 (F,wt=5): 2179 -lt(c4,f4(c5,c5)).  [ur(93,a,1140,a,c,547,a)].

given #487 (F,wt=5): 2181 -lt(c6,f4(c5,c5)).  [ur(93,a,1140,a,c,259,a)].

given #488 (F,wt=5): 2182 -lt(c5,f4(c5,c5)).  [ur(93,a,1140,a,c,86,a)].

given #489 (T,wt=5): 2783 leq(c2,f1(c5,c6)).  [resolve(2654,a,131,a)].

given #490 (T,wt=5): 2931 lt(c3,f1(c4,c6)).  [resolve(2858,a,191,a)].

given #491 (T,wt=5): 2932 leq(c2,f1(c4,c6)).  [resolve(2858,a,131,a)].

given #492 (T,wt=5): 3204 lt(c3,f1(c6,c5)).  [resolve(3066,a,191,a)].

given #493 (A,wt=6): 242 -cont(x,c6) | cont(x,c5).  [resolve(126,a,108,b)].

given #494 (F,wt=5): 2183 -eqdim(c3,f4(c5,c5)).  [ur(91,b,1140,a,c,632,a)].

given #495 (F,wt=5): 2218 -eqdim(c3,intersection(c4,c4)).  [ur(112,b,978,a)].

given #496 (F,wt=5): 2219 -eqdim(intersection(c4,c4),c3).  [ur(111,b,978,a)].

given #497 (F,wt=5): 2220 -lt(intersection(c4,c4),c3).  [ur(99,b,978,a)].

given #498 (T,wt=5): 3205 leq(c2,f1(c6,c5)).  [resolve(3066,a,131,a)].

given #499 (T,wt=5): 3354 lt(c3,f1(c6,c4)).  [resolve(3349,a,191,a)].

given #500 (T,wt=5): 3355 leq(c2,f1(c6,c4)).  [resolve(3349,a,131,a)].

given #501 (T,wt=5): 3488 leq(c1,f4(c1,c1)).  [resolve(1467,a,112,a)].

given #502 (A,wt=6): 243 -cont(c5,x) | cont(c6,x).  [resolve(126,a,108,a)].

given #503 (F,wt=5): 2225 -lt(c1,f3(c2,c2)).  [ur(93,a,1158,a,c,785,a)].

given #504 (F,wt=5): 2226 -lt(c6,f3(c2,c2)).  [ur(93,a,1158,a,c,784,a)].

given #505 (F,wt=5): 2227 -lt(c4,f3(c2,c2)).  [ur(93,a,1158,a,c,783,a)].

given #506 (F,wt=5): 2228 -lt(c5,f3(c2,c2)).  [ur(93,a,1158,a,c,782,a)].

given #507 (T,wt=5): 3489 leq(f4(c1,c1),c1).  [resolve(1467,a,111,a)].

given #508 (T,wt=5): 3492 eqdim(c1,f4(c1,c1)).  [resolve(1467,a,90,a)].

given #509 (T,wt=5): 3550 leq(c2,f4(c2,c2)).  [resolve(1473,a,112,a)].

given #510 (T,wt=5): 3551 leq(f4(c2,c2),c2).  [resolve(1473,a,111,a)].

given #511 (A,wt=6): 244 -cont(c5,c6) | c6 = c5.  [resolve(126,a,107,b)].

given #512 (F,wt=5): 2229 -lt(c2,f3(c2,c2)).  [ur(93,a,1158,a,c,86,a)].

given #513 (F,wt=5): 2318 -eqdim(c3,intersection(c1,c1)).  [ur(112,b,1096,a)].

given #514 (F,wt=5): 2319 -eqdim(intersection(c1,c1),c3).  [ur(111,b,1096,a)].

given #515 (F,wt=5): 2320 -lt(intersection(c1,c1),c3).  [ur(99,b,1096,a)].

given #516 (T,wt=5): 3554 eqdim(c2,f4(c2,c2)).  [resolve(1473,a,90,a)].

given #517 (T,wt=5): 3608 lt(c3,f4(c1,c1)).  [resolve(3547,a,191,a)].

given #518 (T,wt=5): 3609 leq(c2,f4(c1,c1)).  [resolve(3547,a,131,a)].

given #519 (T,wt=5): 3612 lt(c3,f4(c2,c2)).  [resolve(3592,a,191,a)].

given #520 (A,wt=6): 249 -eqdim(x,c6) | eqdim(x,c4).  [resolve(127,a,91,b)].

given #521 (F,wt=5): 2322 -lt(intersection(c5,c5),c2).  [ur(93,a,598,a,c,1111,a)].

given #522 (F,wt=5): 2324 -lt(intersection(c5,c4),c2).  [ur(93,a,598,a,c,1120,a)].

given #523 (F,wt=5): 2326 -lt(intersection(c4,c5),c2).  [ur(93,a,598,a,c,1129,a)].

given #524 (F,wt=5): 2426 -lt(intersection(c4,c4),c2).  [ur(93,a,598,a,c,1299,a)].

given #525 (T,wt=3): 4361 eqdim(c5,c4).  [resolve(249,a,258,a)].

given #526 (T,wt=3): 4374 leq(c4,c5).  [resolve(4361,a,112,a)].

given #527 (T,wt=3): 4375 leq(c5,c4).  [resolve(4361,a,111,a)].

given #528 (T,wt=3): 4378 eqdim(c4,c5).  [resolve(4361,a,90,a)].

given #529 (A,wt=6): 250 -eqdim(c4,x) | eqdim(c6,x).  [resolve(127,a,91,a)].

given #530 (F,wt=5): 2428 -lt(intersection(c1,c1),c2).  [ur(93,a,598,a,c,1306,a)].

given #531 (F,wt=5): 2429 -eqdim(c3,intersection(c2,c2)).  [ur(94,b,477,a,c,1312,a)].

given #532 (F,wt=5): 2431 -lt(intersection(c2,c2),c2).  [ur(93,a,598,a,c,1312,a)].

given #533 (F,wt=5): 2432 -lt(intersection(c2,c2),c3).  [ur(88,b,477,a,c,1312,a)].

given #534 (T,wt=5): 3661 eqdim(f1(c2,c2),c2).  [back_unit_del(1217),unit_del(a,3659)].

given #535 (T,wt=5): 3668 p(f1(c2,c2),c2).  [back_unit_del(1225),unit_del(b,3661)].

given #536 (T,wt=5): 3691 leq(c6,f4(c6,c6)).  [resolve(1499,a,112,a)].

given #537 (T,wt=5): 3692 leq(f4(c6,c6),c6).  [resolve(1499,a,111,a)].

given #538 (A,wt=6): 256 -eqdim(x,c6) | eqdim(x,c5).  [resolve(128,a,91,b)].

given #539 (F,wt=5): 2433 -eqdim(c3,intersection(c6,c6)).  [ur(94,b,477,a,c,1319,a)].

given #540 (F,wt=5): 2435 -lt(intersection(c6,c6),c2).  [ur(93,a,598,a,c,1319,a)].

given #541 (F,wt=5): 2436 -lt(intersection(c6,c6),c3).  [ur(88,b,477,a,c,1319,a)].

given #542 (F,wt=5): 2447 -eqdim(intersection(c2,c2),c3).  [ur(93,b,1309,a,c,86,a)].

given #543 (T,wt=5): 3695 eqdim(c6,f4(c6,c6)).  [resolve(1499,a,90,a)].

given #544 (T,wt=5): 3712 leq(intersection(c3,x),y).  [resolve(225,b,795,a)].

given #545 (T,wt=5): 3859 leq(x,intersection(x,x)).  [factor(3845,a,b)].

given #546 (T,wt=5): 3864 lt(c3,f4(c6,c6)).  [resolve(3817,a,191,a)].

given #547 (A,wt=6): 257 -eqdim(c5,x) | eqdim(c6,x).  [resolve(128,a,91,a)].

given #548 (F,wt=5): 2483 -eqdim(intersection(c6,c6),c3).  [ur(93,b,1315,a,c,86,a)].

given #549 (F,wt=5): 2489 -eqdim(c3,intersection(c5,c6)).  [ur(94,b,477,a,c,1425,a)].

given #550 (F,wt=5): 2491 -lt(intersection(c5,c6),c2).  [ur(93,a,598,a,c,1425,a)].

given #551 (F,wt=5): 2492 -lt(intersection(c5,c6),c3).  [ur(88,b,477,a,c,1425,a)].

given #552 (T,wt=5): 3865 leq(c2,f4(c6,c6)).  [resolve(3817,a,131,a)].

given #553 (T,wt=5): 3893 eqdim(c2,f3(c1,c1)).  [resolve(1534,a,100,b),unit_del(a,1572)].

given #554 (T,wt=5): 3911 leq(c1,f1(c1,c1)).  [resolve(1540,a,112,a)].

given #555 (T,wt=5): 3912 leq(f1(c1,c1),c1).  [resolve(1540,a,111,a)].

given #556 (A,wt=7): 261 -p(c6,intersection(x,intersection(c4,c5))).  [ur(118,a,129,a)].

given #557 (F,wt=5): 2493 -eqdim(c3,intersection(c4,c6)).  [ur(94,b,477,a,c,1434,a)].

given #558 (F,wt=5): 2495 -lt(intersection(c4,c6),c2).  [ur(93,a,598,a,c,1434,a)].

given #559 (F,wt=5): 2496 -lt(intersection(c4,c6),c3).  [ur(88,b,477,a,c,1434,a)].

given #560 (F,wt=5): 2560 -lt(f3(c6,c6),c2).  [ur(94,a,1342,a,c,784,a)].

given #561 (T,wt=5): 3915 eqdim(c1,f1(c1,c1)).  [resolve(1540,a,90,a)].

given #562 (T,wt=5): 3940 eqdim(c2,f1(c1,c1)).  [back_unit_del(3909),unit_del(a,3938)].

given #563 (T,wt=5): 3977 leq(c6,intersection(c6,c4)).  [resolve(230,a,480,a)].

given #564 (T,wt=5): 3978 leq(c6,intersection(c5,c4)).  [resolve(230,a,126,a)].

given #565 (A,wt=7): 262 -p(c6,intersection(intersection(c4,c5),x)).  [ur(117,a,129,a)].

given #566 (F,wt=5): 2561 -lt(c5,f3(c6,c6)).  [ur(93,a,1342,a,c,260,a)].

given #567 (F,wt=5): 2562 -lt(c4,f3(c6,c6)).  [ur(93,a,1342,a,c,253,a)].

given #568 (F,wt=5): 2563 -lt(c6,f3(c6,c6)).  [ur(93,a,1342,a,c,86,a)].

given #569 (F,wt=5): 2578 -eqdim(intersection(c5,c6),c3).  [ur(93,b,1419,a,c,86,a)].

given #570 (T,wt=5): 3999 leq(c6,intersection(c4,c6)).  [resolve(231,a,480,a)].

given #571 (T,wt=5): 4000 leq(c6,intersection(c4,c5)).  [resolve(231,a,126,a)].

given #572 (T,wt=5): 4035 cont(f4(c6,c6),c4).  [resolve(232,a,1500,a)].

given #573 (T,wt=5): 4036 cont(intersection(c6,c4),c4).  [resolve(232,a,1450,a)].

given #574 (A,wt=6): 268 leq(c2,x) | leq(x,y).  [resolve(131,a,124,a)].

given #575 (F,wt=5): 2579 -eqdim(c3,intersection(c6,c5)).  [ur(94,b,477,a,c,1443,a)].

given #576 (F,wt=5): 2581 -lt(intersection(c6,c5),c2).  [ur(93,a,598,a,c,1443,a)].

given #577 (F,wt=5): 2582 -lt(intersection(c6,c5),c3).  [ur(88,b,477,a,c,1443,a)].

given #578 (F,wt=5): 2583 -eqdim(c3,intersection(c6,c4)).  [ur(94,b,477,a,c,1452,a)].

given #579 (T,wt=5): 4037 cont(intersection(c6,c5),c4).  [resolve(232,a,1441,a)].

given #580 (T,wt=5): 4038 cont(f1(c6,c5),c4).  [resolve(232,a,1439,a)].

given #581 (T,wt=5): 4039 cont(f1(c5,c6),c4).  [resolve(232,a,1420,a)].

given #582 (T,wt=5): 4040 cont(intersection(c6,c6),c4).  [resolve(232,a,1317,a)].

given #583 (A,wt=6): 269 leq(c2,x) | -cont(x,y).  [resolve(131,a,110,a)].

given #584 (F,wt=5): 2585 -lt(intersection(c6,c4),c2).  [ur(93,a,598,a,c,1452,a)].

given #585 (F,wt=5): 2586 -lt(intersection(c6,c4),c3).  [ur(88,b,477,a,c,1452,a)].

given #586 (F,wt=5): 2587 -eqdim(c3,f1(c5,c5)).  [ur(94,b,477,a,c,1479,a)].

given #587 (F,wt=5): 2589 -lt(f1(c5,c5),c2).  [ur(93,a,598,a,c,1479,a)].

given #588 (T,wt=5): 4041 cont(f1(c6,c6),c4).  [resolve(232,a,671,a)].

given #589 (T,wt=5): 4042 cont(f3(c6,c6),c4).  [resolve(232,a,669,a)].

given #590 (T,wt=5): 4151 leq(intersection(c1,c1),c1).  [resolve(2415,a,111,a)].

given #591 (T,wt=5): 4154 eqdim(c1,intersection(c1,c1)).  [resolve(2415,a,90,a)].

given #592 (A,wt=6): 270 leq(c2,x) | -cont(y,x).  [resolve(131,a,109,a)].

given #593 (F,wt=5): 2590 -lt(f1(c5,c5),c3).  [ur(88,b,477,a,c,1479,a)].

given #594 (F,wt=5): 2591 -eqdim(c3,f1(c4,c4)).  [ur(94,b,477,a,c,1484,a)].

given #595 (F,wt=5): 2593 -lt(f1(c4,c4),c2).  [ur(93,a,598,a,c,1484,a)].

given #596 (F,wt=5): 2594 -lt(f1(c4,c4),c3).  [ur(88,b,477,a,c,1484,a)].

given #597 (T,wt=5): 4183 p(c1,intersection(c1,c1)).  [back_unit_del(507),unit_del(a,4154)].

given #598 (T,wt=5): 4189 leq(intersection(c2,c2),c2).  [resolve(2463,a,111,a)].

given #599 (T,wt=5): 4192 eqdim(c2,intersection(c2,c2)).  [resolve(2463,a,90,a)].

given #600 (T,wt=5): 4204 p(c2,intersection(c2,c2)).  [back_unit_del(582),unit_del(a,4192)].

given #601 (A,wt=8): 271 leq(c2,x) | zex(y) | lt(x,y).  [resolve(131,a,98,a)].

given #602 (F,wt=5): 2720 -leq(intersection(c5,c6),c3).  [ur(123,a,1422,a,c,659,a)].

given #603 (F,wt=5): 2784 -lt(f1(c5,c6),c1).  [ur(96,b,2654,a)].

given #604 (F,wt=5): 2798 -eqdim(intersection(c4,c6),c3).  [ur(93,b,1428,a,c,86,a)].

given #605 (F,wt=5): 2924 -leq(intersection(c4,c6),c3).  [ur(123,a,1431,a,c,659,a)].

given #606 (T,wt=5): 4209 leq(c6,intersection(c6,c5)).  [resolve(240,a,480,a)].

given #607 (T,wt=5): 4235 leq(c6,intersection(c5,c6)).  [resolve(241,a,480,a)].

given #608 (T,wt=5): 4275 cont(f4(c6,c6),c5).  [resolve(242,a,1500,a)].

given #609 (T,wt=5): 4276 cont(intersection(c6,c4),c5).  [resolve(242,a,1450,a)].

given #610 (A,wt=8): 272 leq(c2,x) | -zex(y) | x = y.  [resolve(131,a,97,b)].

given #611 (F,wt=5): 2933 -lt(f1(c4,c6),c1).  [ur(96,b,2858,a)].

given #612 (F,wt=5): 3006 -eqdim(intersection(c6,c5),c3).  [ur(93,b,1437,a,c,86,a)].

given #613 (F,wt=5): 3206 -lt(f1(c6,c5),c1).  [ur(96,b,3066,a)].

given #614 (F,wt=5): 3216 -leq(intersection(c6,c5),c3).  [ur(123,a,1440,a,c,659,a)].

given #615 (T,wt=5): 4277 cont(f1(c6,c4),c5).  [resolve(242,a,1448,a)].

given #616 (T,wt=5): 4278 cont(intersection(c6,c5),c5).  [resolve(242,a,1441,a)].

given #617 (T,wt=5): 4279 cont(f1(c4,c6),c5).  [resolve(242,a,1429,a)].

given #618 (T,wt=5): 4280 cont(intersection(c6,c6),c5).  [resolve(242,a,1317,a)].

given #619 (A,wt=8): 273 leq(c2,x) | -zex(y) | y = x.  [resolve(131,a,97,a)].

given #620 (F,wt=5): 3288 -eqdim(intersection(c6,c4),c3).  [ur(93,b,1446,a,c,86,a)].

given #621 (F,wt=5): 3356 -lt(f1(c6,c4),c1).  [ur(96,b,3349,a)].

given #622 (F,wt=5): 3357 -leq(f3(c5,c5),c3).  [ur(113,a,1513,a,b,227,a)].

given #623 (F,wt=5): 3358 -eqdim(f3(c5,c5),c3).  [ur(90,b,1513,a)].

given #624 (T,wt=5): 4281 cont(f1(c6,c6),c5).  [resolve(242,a,671,a)].

given #625 (T,wt=5): 4282 cont(f3(c6,c6),c5).  [resolve(242,a,669,a)].

given #626 (T,wt=5): 4348 eqdim(c2,f4(c1,c1)).  [resolve(3609,a,100,b),unit_del(a,3515)].

given #627 (T,wt=5): 4359 eqdim(f4(c6,c6),c4).  [resolve(249,a,1499,a)].

given #628 (A,wt=11): 275 zex(x) | zex(y) | leq(x,y) | leq(c2,f10(x)).  [resolve(132,b,131,a)].

given #629 (F,wt=5): 3426 -leq(intersection(c6,c4),c3).  [ur(123,a,1449,a,c,659,a)].

given #630 (F,wt=5): 3493 -lt(f4(c1,c1),c2).  [ur(94,a,1467,a,c,785,a)].

given #631 (F,wt=5): 3494 -lt(f4(c1,c1),c3).  [ur(94,a,1467,a,c,631,a)].

given #632 (F,wt=5): 3495 -lt(f4(c1,c1),c1).  [ur(94,a,1467,a,c,86,a)].

given #633 (T,wt=5): 4360 eqdim(f3(c6,c6),c4).  [resolve(249,a,1342,a)].

given #634 (T,wt=5): 4385 eqdim(c6,f4(c4,c4)).  [resolve(250,a,2130,a)].

given #635 (T,wt=5): 4386 eqdim(c6,f3(c4,c4)).  [resolve(250,a,1522,a)].

given #636 (T,wt=5): 4390 leq(f1(c2,c2),c2).  [resolve(3661,a,111,a)].

given #637 (A,wt=12): 276 zex(x) | zex(y) | leq(x,y) | cont(f10(x),f10(x)).  [resolve(132,b,105,a)].

given #638 (F,wt=5): 3512 -lt(c5,f4(c1,c1)).  [ur(93,a,1467,a,c,489,a)].

given #639 (F,wt=5): 3513 -lt(c4,f4(c1,c1)).  [ur(93,a,1467,a,c,485,a)].

given #640 (F,wt=5): 3514 -lt(c6,f4(c1,c1)).  [ur(93,a,1467,a,c,481,a)].

given #641 (F,wt=5): 3515 -lt(c2,f4(c1,c1)).  [ur(93,a,1467,a,c,267,a)].

given #642 (T,wt=5): 4393 eqdim(c2,f1(c2,c2)).  [resolve(3661,a,90,a)].

given #643 (T,wt=5): 4421 eqdim(f4(c6,c6),c5).  [resolve(256,a,1499,a)].

given #644 (T,wt=5): 4422 eqdim(f3(c6,c6),c5).  [resolve(256,a,1342,a)].

given #645 (T,wt=5): 4469 eqdim(c6,f4(c5,c5)).  [resolve(257,a,2172,a)].

given #646 (A,wt=8): 277 -cont(c6,x) | cont(f1(c5,x),c5).  [resolve(134,a,126,a)].

given #647 (F,wt=5): 3516 -lt(c1,f4(c1,c1)).  [ur(93,a,1467,a,c,86,a)].

given #648 (F,wt=5): 3517 -eqdim(c3,f4(c1,c1)).  [ur(91,b,1467,a,c,628,a)].

given #649 (F,wt=5): 3555 -lt(f4(c2,c2),c3).  [ur(94,a,1473,a,c,618,a)].

given #650 (F,wt=5): 3556 -lt(f4(c2,c2),c1).  [ur(94,a,1473,a,c,267,a)].

given #651 (T,wt=5): 4470 eqdim(c6,f3(c5,c5)).  [resolve(257,a,1505,a)].

given #652 (T,wt=5): 4480 leq(f3(c1,c1),c2).  [resolve(3893,a,112,a)].

given #653 (T,wt=5): 4483 eqdim(f3(c1,c1),c2).  [resolve(3893,a,90,a)].

given #654 (T,wt=5): 4497 leq(f1(c1,c1),c2).  [resolve(3940,a,112,a)].

given #655 (A,wt=8): 278 -cont(c6,x) | cont(f1(c4,x),c4).  [resolve(134,a,125,a)].

given #656 (F,wt=5): 3557 -lt(f4(c2,c2),c2).  [ur(94,a,1473,a,c,86,a)].

given #657 (F,wt=5): 3560 -lt(c1,f4(c2,c2)).  [ur(93,a,1473,a,c,785,a)].

given #658 (F,wt=5): 3561 -lt(c6,f4(c2,c2)).  [ur(93,a,1473,a,c,784,a)].

given #659 (F,wt=5): 3562 -lt(c4,f4(c2,c2)).  [ur(93,a,1473,a,c,783,a)].

given #660 (T,wt=5): 4500 eqdim(f1(c1,c1),c2).  [resolve(3940,a,90,a)].

given #661 (T,wt=5): 4520 lt(c6,intersection(c4,c5)).  [resolve(4000,a,100,b),unit_del(b,1751)].
-------- Proof 1 -------- 

============================== PROOF =================================

% Proof 1 at 0.75 (+ 0.06) seconds.
% Length of proof is 42.
% Level of proof is 6.
% Maximum clause weight is 16.
% Given clauses 661.

1 (all x11 -lt(x11,x11)) # label(non_clause).  [assumption].
3 (all x32 all x31 all x33 (lt(x32,x31) & lt(x31,x33) -> lt(x32,x33))) # label(non_clause).  [assumption].
8 (all x82 all x81 all x83 (eqdim(x82,x81) -> (lt(x83,x82) -> lt(x83,x81)))) # label(non_clause).  [assumption].
9 (all x92 all x91 all x93 (eqdim(x92,x91) -> (lt(x92,x93) -> lt(x91,x93)))) # label(non_clause).  [assumption].
14 (all x12 all x11 (c(x12,x11) <-> (exists x13 (cont(x13,x12) & cont(x13,x11))))) # label(non_clause).  [assumption].
17 (all x32 all x31 (lt(x32,x31) <-> leq(x32,x31) & -eqdim(x32,x31))) # label(non_clause).  [assumption].
18 (all x12 all x11 (p(x12,x11) <-> cont(x12,x11) & eqdim(x12,x11))) # label(non_clause).  [assumption].
28 (all x12 all x11 (-c(x12,x11) <-> zex(intersection(x12,x11)))) # label(non_clause).  [assumption].
29 (all x22 all x21 (-zex(intersection(x22,x21)) -> cont(intersection(x22,x21),x22))) # label(non_clause).  [assumption].
30 (all x32 all x31 all x33 (cont(x33,x32) & cont(x33,x31) -> leq(x33,intersection(x32,x31)))) # label(non_clause).  [assumption].
31 (all x42 all x41 all x43 (cont(x43,x42) & cont(x43,x41) & eqdim(x43,intersection(x42,x41)) <-> p(x43,intersection(x42,x41)))) # label(non_clause).  [assumption].
33 (all x12 all x11 (cont(x12,x11) -> lt(x12,x11) | eqdim(x12,x11))) # label(non_clause).  [assumption].
43 (all x72 all x71 all x73 (cont(x73,x72) & cont(x73,x71) & eqdim(x73,x72) & eqdim(x73,x71) -> cont(x73,intersection(x72,x71)))) # label(non_clause) # label(goal).  [goal].
49 c(x,y) | -cont(z,x) | -cont(z,y).  [clausify(14)].
53 -c(x,y) | -zex(intersection(x,y)).  [clausify(28)].
86 -lt(x,x).  [clausify(1)].
88 -lt(x,y) | -lt(y,z) | lt(x,z).  [clausify(3)].
93 -eqdim(x,y) | -lt(z,x) | lt(z,y).  [clausify(8)].
94 -eqdim(x,y) | -lt(x,z) | lt(y,z).  [clausify(9)].
100 lt(x,y) | -leq(x,y) | eqdim(x,y).  [clausify(17)].
101 -p(x,y) | cont(x,y).  [clausify(18)].
114 zex(intersection(x,y)) | cont(intersection(x,y),x).  [clausify(29)].
115 -cont(x,y) | -cont(x,z) | leq(x,intersection(y,z)).  [clausify(30)].
116 -cont(x,y) | -cont(x,z) | -eqdim(x,intersection(y,z)) | p(x,intersection(y,z)).  [clausify(31)].
119 -cont(x,y) | lt(x,y) | eqdim(x,y).  [clausify(33)].
125 cont(c6,c4).  [deny(43)].
126 cont(c6,c5).  [deny(43)].
127 eqdim(c6,c4).  [deny(43)].
129 -cont(c6,intersection(c4,c5)).  [deny(43)].
138 -zex(intersection(x,y)) | -cont(z,x) | -cont(z,y).  [resolve(53,a,49,a)].
231 -cont(c6,x) | leq(c6,intersection(c4,x)).  [resolve(125,a,115,a)].
252 -lt(c6,c4).  [ur(94,a,127,a,c,86,a)].
265 -p(c6,intersection(c4,c5)).  [ur(101,b,129,a)].
308 -zex(intersection(c4,c5)).  [ur(138,b,125,a,c,126,a)].
1127 cont(intersection(c4,c5),c4).  [resolve(308,a,114,a)].
1751 -eqdim(c6,intersection(c4,c5)).  [ur(116,a,125,a,b,126,a,d,265,a)].
2099 lt(intersection(c4,c5),c4) | eqdim(intersection(c4,c5),c4).  [resolve(1127,a,119,a)].
4000 leq(c6,intersection(c4,c5)).  [resolve(231,a,126,a)].
4520 lt(c6,intersection(c4,c5)).  [resolve(4000,a,100,b),unit_del(b,1751)].
5813 -eqdim(intersection(c4,c5),c4).  [ur(93,b,4520,a,c,252,a)].
5820 -lt(intersection(c4,c5),c4).  [ur(88,a,4520,a,c,252,a)].
5822 $F.  [back_unit_del(2099),unit_del(a,5820),unit_del(b,5813)].

============================== end of proof ==========================

============================== STATISTICS ============================

Given=661. Generated=12233. Kept=5736. proofs=1.
Usable=625. Sos=4493. Demods=2. Limbo=9, Disabled=744. Hints=0.
Weight_deleted=0. Literals_deleted=0.
Forward_subsumed=6496. Back_subsumed=372.
Sos_limit_deleted=0. Sos_displaced=0. Sos_removed=0.
New_demodulators=2 (0 lex), Back_demodulated=206. Back_unit_deleted=31.
Demod_attempts=17251. Demod_rewrites=257.
Res_instance_prunes=0. Para_instance_prunes=0. Basic_paramod_prunes=0.
Nonunit_fsub_feature_tests=40298. Nonunit_bsub_feature_tests=23991.
Megabytes=4.36.
User_CPU=0.75, System_CPU=0.06, Wall_clock=1.

============================== end of statistics =====================

============================== end of search =========================

THEOREM PROVED

THEOREM PROVED

Exiting with 1 proof.

------ process 1116 exit (max_proofs) ------

Process 1116 exit (max_proofs) Sun Jun 24 00:57:38 2018
============================= C:\Reasoning\prover9-bin\bin-win32\prover9 ================================
execution finished: Sun Jun 24 00:57:39 2018
total CPU time used: 0
The command was "C:\Reasoning\prover9-bin\bin-win32\prover9 -t600 -f C:\Users\torsten\Documents\github\colore\ontologies\multidim_mereotopology_dim\conversions\dim_basic.p9 C:\Users\torsten\Documents\github\colore\ontologies\multidim_mereotopology_dim\conversions\dim_prime_linear.p9 C:\Users\torsten\Documents\github\colore\ontologies\multidim_mereotopology_cont\definitions\conversions\c.p9 C:\Users\torsten\Documents\github\colore\ontologies\multidim_mereotopology_dim\definitions\conversions\dim_basic_defs.p9 C:\Users\torsten\Documents\github\colore\ontologies\multidim_mereotopology_codi\theorems\conversions\codi_int_theorems_goal07.p9 C:\Users\torsten\Documents\github\colore\ontologies\multidim_mereotopology_codi\definitions\conversions\ep.p9 C:\Users\torsten\Documents\github\colore\ontologies\multidim_mereotopology_zex\conversions\zex.p9 C:\Users\torsten\Documents\github\colore\ontologies\multidim_mereotopology_codi\definitions\conversions\sc.p9 C:\Users\torsten\Documents\github\colore\ontologies\multidim_mereotopology_cont\conversions\cont_c_ext.p9 C:\Users\torsten\Documents\github\colore\ontologies\multidim_mereotopology_codi\definitions\conversions\po.p9 C:\Users\torsten\Documents\github\colore\ontologies\multidim_mereotopology_cont\conversions\cont_basic.p9 C:\Users\torsten\Documents\github\colore\ontologies\multidim_mereotopology_dim\definitions\conversions\eq_dim.p9 C:\Users\torsten\Documents\github\colore\ontologies\multidim_mereotopology_dim\definitions\conversions\dim_defs.p9 C:\Users\torsten\Documents\github\colore\ontologies\multidim_mereotopology_codi\conversions\codi_int.p9 C:\Users\torsten\Documents\github\colore\ontologies\multidim_mereotopology_codi\definitions\conversions\inc.p9 C:\Users\torsten\Documents\github\colore\ontologies\multidim_mereotopology_codi\conversions\codi_basic.p9 C:\Users\torsten\Documents\github\colore\ontologies\multidim_mereotopology_cont\conversions\cont_ext.p9 C:\Users\torsten\Documents\github\colore\ontologies\multidim_mereotopology_codi\conversions\codi_linear.p9 C:\Users\torsten\Documents\github\colore\ontologies\multidim_mereotopology_dim\conversions\dim_prime_linear_unbounded.p9 C:\Users\torsten\Documents\github\colore\ontologies\multidim_mereotopology_dim\definitions\conversions\covers.p9 C:\Users\torsten\Documents\github\colore\ontologies\multidim_mereotopology_dim\definitions\conversions\min_max_dim.p9 C:\Users\torsten\Documents\github\colore\ontologies\multidim_mereotopology_codi\generated\codi_int_relevance1.order"
Input read from 
============================ end of footer ===========================
