Hi Geoff, go and have some cold beer while I am trying to solve this very hard problem!
% remaining time: 1199 next slice time: 3
dis-4_5_bd=off:bs=off:ep=RST:fde=none:lcm=predicate:nwc=2.0:nicw=on:ptb=off:ssec=off:ss=included:st=5.0:sio=off:spl=backtracking:updr=off_1 on unknown
Refutation found. Thanks to Tanya!
% SZS status Theorem for unknown
% SZS output start Proof for unknown
fof(f28096,plain,(
  $false),
  inference(subsumption_resolution,[],[f28027,f9265])).
fof(f9265,plain,(
  cont(sK0,sK1)),
  inference(backtracking_split_refutation,[],[f9241,f9249_D,f9263])).
fof(f9263,plain,(
  $false | $spl150),
  inference(subsumption_resolution,[],[f9255,f208])).
fof(f208,plain,(
  zex(difference(sK0,sK1))),
  inference(cnf_transformation,[],[f153])).
fof(f153,plain,(
  zex(difference(sK0,sK1)) & zex(difference(sK1,sK0)) & ~zex(sK0) & ~zex(sK1) & ~p(sK1,sK0)),
  inference(skolemisation,[status(esa)],[f110])).
fof(f110,plain,(
  ? [X0,X1] : (zex(difference(X0,X1)) & zex(difference(X1,X0)) & ~zex(X0) & ~zex(X1) & ~p(X1,X0))),
  inference(flattening,[],[f109])).
fof(f109,plain,(
  ? [X0,X1] : ((zex(difference(X0,X1)) & zex(difference(X1,X0)) & ~zex(X0) & ~zex(X1)) & ~p(X1,X0))),
  inference(ennf_transformation,[],[f40])).
fof(f40,plain,(
  ~! [X0,X1] : ((zex(difference(X0,X1)) & zex(difference(X1,X0)) & ~zex(X0) & ~zex(X1)) => p(X1,X0))),
  inference(flattening,[],[f1])).
fof(f1,negated_conjecture,(
  ~! [X0] : ! [X1] : ((zex(difference(X0,X1)) & zex(difference(X1,X0)) & ~zex(X0) & ~zex(X1)) => p(X1,X0))),
  file(unknown,unknown)).
fof(f9255,plain,(
  ~zex(difference(sK0,sK1)) | $spl150),
  inference(resolution,[],[f9249,f482])).
fof(f482,plain,(
  ( ! [X0] : (cont(sK0,X0) | ~zex(difference(sK0,X0))) )),
  inference(resolution,[],[f281,f210])).
fof(f210,plain,(
  ~zex(sK0)),
  inference(cnf_transformation,[],[f153])).
fof(f281,plain,(
  ( ! [X0,X1] : (zex(X0) | cont(X0,X1) | ~zex(difference(X0,X1))) )),
  inference(cnf_transformation,[],[f203])).
fof(f203,plain,(
  ! [X0,X1] : ((~zex(difference(X0,X1)) | zex(X0) | cont(X0,X1)) & ((~zex(X0) & ~cont(X0,X1)) | zex(difference(X0,X1))))),
  inference(flattening,[],[f202])).
fof(f202,plain,(
  ! [X0,X1] : ((~zex(difference(X0,X1)) | (zex(X0) | cont(X0,X1))) & ((~zex(X0) & ~cont(X0,X1)) | zex(difference(X0,X1))))),
  inference(nnf_transformation,[],[f90])).
fof(f90,plain,(
  ! [X0,X1] : (zex(difference(X0,X1)) <=> (zex(X0) | cont(X0,X1)))),
  inference(flattening,[],[f89])).
fof(f89,plain,(
  ! [X0] : ! [X1] : (zex(difference(X0,X1)) <=> (zex(X0) | cont(X0,X1)))),
  inference(rectify,[],[f8])).
fof(f8,axiom,(
  ! [X18] : ! [X19] : (zex(difference(X18,X19)) <=> (zex(X18) | cont(X18,X19)))),
  file(unknown,unknown)).
fof(f9249,plain,(
  ~cont(sK0,sK1) | $spl150),
  inference(cnf_transformation,[],[f9249_D])).
fof(f9249_D,plain,(
  ~cont(sK0,sK1) <=> ~$spl150),
  introduced(backtracking_splitting_component,[])).
fof(f9241,plain,(
  ( ! [X4,X5] : (~less(sK10(sK1,X4),X4) | ~cont(X5,sK1) | ~cont(X5,X4) | ~cont(sK0,sK1) | ~cont(sK0,X4) | ~less(sK10(sK1,X4),sK1)) ) | ($spl1 | $spl27)),
  inference(resolution,[],[f9226,f1370])).
fof(f1370,plain,(
  ( ! [X2,X0,X3,X1] : (less(X3,X0) | ~less(sK10(X0,X1),X1) | ~cont(X2,X0) | ~cont(X2,X1) | ~cont(X3,X0) | ~cont(X3,X1) | ~less(sK10(X0,X1),X0)) )),
  inference(resolution,[],[f253,f250])).
fof(f250,plain,(
  ( ! [X0,X3,X1] : (~sc(X0,X1) | ~cont(X3,X1) | ~cont(X3,X0) | less(X3,X1)) )),
  inference(cnf_transformation,[],[f180])).
fof(f180,plain,(
  ! [X0,X1] : ((~sc(X0,X1) | ((cont(sK9(X1,X0),X0) & cont(sK9(X1,X0),X1)) & ! [X3] : (~cont(X3,X0) | ~cont(X3,X1) | (less(X3,X0) & less(X3,X1))))) & (! [X4] : (~cont(X4,X0) | ~cont(X4,X1)) | (cont(sK10(X1,X0),X0) & cont(sK10(X1,X0),X1) & (~less(sK10(X1,X0),X0) | ~less(sK10(X1,X0),X1))) | sc(X0,X1)))),
  inference(skolemisation,[status(esa)],[f179])).
fof(f179,plain,(
  ! [X0,X1] : ((~sc(X0,X1) | (? [X2] : (cont(X2,X0) & cont(X2,X1)) & ! [X3] : (~cont(X3,X0) | ~cont(X3,X1) | (less(X3,X0) & less(X3,X1))))) & (! [X4] : (~cont(X4,X0) | ~cont(X4,X1)) | ? [X5] : (cont(X5,X0) & cont(X5,X1) & (~less(X5,X0) | ~less(X5,X1))) | sc(X0,X1)))),
  inference(rectify,[],[f178])).
fof(f178,plain,(
  ! [X0,X1] : ((~sc(X0,X1) | (? [X2] : (cont(X2,X0) & cont(X2,X1)) & ! [X3] : (~cont(X3,X0) | ~cont(X3,X1) | (less(X3,X0) & less(X3,X1))))) & (! [X2] : (~cont(X2,X0) | ~cont(X2,X1)) | ? [X3] : (cont(X3,X0) & cont(X3,X1) & (~less(X3,X0) | ~less(X3,X1))) | sc(X0,X1)))),
  inference(flattening,[],[f177])).
fof(f177,plain,(
  ! [X0,X1] : ((~sc(X0,X1) | (? [X2] : (cont(X2,X0) & cont(X2,X1)) & ! [X3] : (~cont(X3,X0) | ~cont(X3,X1) | (less(X3,X0) & less(X3,X1))))) & ((! [X2] : (~cont(X2,X0) | ~cont(X2,X1)) | ? [X3] : (cont(X3,X0) & cont(X3,X1) & (~less(X3,X0) | ~less(X3,X1)))) | sc(X0,X1)))),
  inference(nnf_transformation,[],[f134])).
fof(f134,plain,(
  ! [X0,X1] : (sc(X0,X1) <=> (? [X2] : (cont(X2,X0) & cont(X2,X1)) & ! [X3] : (~cont(X3,X0) | ~cont(X3,X1) | (less(X3,X0) & less(X3,X1)))))),
  inference(flattening,[],[f133])).
fof(f133,plain,(
  ! [X0,X1] : (sc(X0,X1) <=> (? [X2] : (cont(X2,X0) & cont(X2,X1)) & ! [X3] : ((~cont(X3,X0) | ~cont(X3,X1)) | (less(X3,X0) & less(X3,X1)))))),
  inference(ennf_transformation,[],[f74])).
fof(f74,plain,(
  ! [X0,X1] : (sc(X0,X1) <=> (? [X2] : (cont(X2,X0) & cont(X2,X1)) & ! [X3] : ((cont(X3,X0) & cont(X3,X1)) => (less(X3,X0) & less(X3,X1)))))),
  inference(flattening,[],[f73])).
fof(f73,plain,(
  ! [X0] : ! [X1] : (sc(X0,X1) <=> (? [X2] : (cont(X2,X0) & cont(X2,X1)) & ! [X3] : ((cont(X3,X0) & cont(X3,X1)) => (less(X3,X0) & less(X3,X1)))))),
  inference(rectify,[],[f32])).
fof(f32,axiom,(
  ! [X70] : ! [X71] : (sc(X70,X71) <=> (? [X72] : (cont(X72,X70) & cont(X72,X71)) & ! [X73] : ((cont(X73,X70) & cont(X73,X71)) => (less(X73,X70) & less(X73,X71)))))),
  file(unknown,unknown)).
fof(f253,plain,(
  ( ! [X4,X0,X1] : (sc(X0,X1) | ~less(sK10(X1,X0),X1) | ~less(sK10(X1,X0),X0) | ~cont(X4,X1) | ~cont(X4,X0)) )),
  inference(cnf_transformation,[],[f180])).
fof(f9226,plain,(
  ~less(sK0,sK1) | ($spl1 | $spl27)),
  inference(resolution,[],[f6010,f1473])).
fof(f1473,plain,(
  less(sK1,sK5(sK0)) | $spl27),
  inference(cnf_transformation,[],[f1473_D])).
fof(f1473_D,plain,(
  less(sK1,sK5(sK0)) <=> ~$spl27),
  introduced(backtracking_splitting_component,[])).
fof(f6010,plain,(
  ( ! [X91] : (~less(X91,sK5(sK0)) | ~less(sK0,X91)) ) | $spl1),
  inference(resolution,[],[f1738,f467])).
fof(f467,plain,(
  less(sK5(sK0),sK0) | $spl1),
  inference(subsumption_resolution,[],[f465,f210])).
fof(f465,plain,(
  less(sK5(sK0),sK0) | zex(sK0) | $spl1),
  inference(resolution,[],[f458,f223])).
fof(f223,plain,(
  ( ! [X0] : (mindim(X0) | less(sK5(X0),X0) | zex(X0)) )),
  inference(cnf_transformation,[],[f168])).
fof(f168,plain,(
  ! [X0] : ((~mindim(X0) | (~zex(X0) & ! [X1] : (~less(X1,X0) | zex(X1)))) & (zex(X0) | (less(sK5(X0),X0) & ~zex(sK5(X0))) | mindim(X0)))),
  inference(skolemisation,[status(esa)],[f167])).
fof(f167,plain,(
  ! [X0] : ((~mindim(X0) | (~zex(X0) & ! [X1] : (~less(X1,X0) | zex(X1)))) & (zex(X0) | ? [X2] : (less(X2,X0) & ~zex(X2)) | mindim(X0)))),
  inference(rectify,[],[f166])).
fof(f166,plain,(
  ! [X0] : ((~mindim(X0) | (~zex(X0) & ! [X1] : (~less(X1,X0) | zex(X1)))) & (zex(X0) | ? [X1] : (less(X1,X0) & ~zex(X1)) | mindim(X0)))),
  inference(flattening,[],[f165])).
fof(f165,plain,(
  ! [X0] : ((~mindim(X0) | (~zex(X0) & ! [X1] : (~less(X1,X0) | zex(X1)))) & ((zex(X0) | ? [X1] : (less(X1,X0) & ~zex(X1))) | mindim(X0)))),
  inference(nnf_transformation,[],[f113])).
fof(f113,plain,(
  ! [X0] : (mindim(X0) <=> (~zex(X0) & ! [X1] : (~less(X1,X0) | zex(X1))))),
  inference(ennf_transformation,[],[f44])).
fof(f44,plain,(
  ! [X0] : (mindim(X0) <=> (~zex(X0) & ! [X1] : (less(X1,X0) => zex(X1))))),
  inference(rectify,[],[f28])).
fof(f28,axiom,(
  ! [X58] : (mindim(X58) <=> (~zex(X58) & ! [X59] : (less(X59,X58) => zex(X59))))),
  file(unknown,unknown)).
fof(f458,plain,(
  ~mindim(sK0) | $spl1),
  inference(cnf_transformation,[],[f458_D])).
fof(f458_D,plain,(
  ~mindim(sK0) <=> ~$spl1),
  introduced(backtracking_splitting_component,[])).
fof(f1738,plain,(
  ( ! [X10,X8,X9] : (~less(X8,X9) | ~less(X9,X10) | ~less(X10,X8)) )),
  inference(resolution,[],[f514,f231])).
fof(f231,plain,(
  ( ! [X0,X1] : (~less(X1,X0) | ~less(X0,X1)) )),
  inference(cnf_transformation,[],[f118])).
fof(f118,plain,(
  ! [X0,X1] : (~less(X0,X1) | ~less(X1,X0))),
  inference(ennf_transformation,[],[f52])).
fof(f52,plain,(
  ! [X0,X1] : (less(X0,X1) => ~less(X1,X0))),
  inference(flattening,[],[f51])).
fof(f51,plain,(
  ! [X0] : ! [X1] : (less(X0,X1) => ~less(X1,X0))),
  inference(rectify,[],[f20])).
fof(f20,axiom,(
  ! [X42] : ! [X43] : (less(X42,X43) => ~less(X43,X42))),
  file(unknown,unknown)).
fof(f514,plain,(
  ( ! [X4,X5,X3] : (less(X3,X4) | ~less(X3,X5) | ~less(X5,X4)) )),
  inference(resolution,[],[f288,f276])).
fof(f276,plain,(
  ( ! [X0,X1] : (leq(X0,X1) | ~less(X0,X1)) )),
  inference(cnf_transformation,[],[f198])).
fof(f198,plain,(
  ! [X0,X1] : ((~leq(X0,X1) | less(X0,X1) | eqdim(X0,X1)) & ((~less(X0,X1) & ~eqdim(X0,X1)) | leq(X0,X1)))),
  inference(flattening,[],[f197])).
fof(f197,plain,(
  ! [X0,X1] : ((~leq(X0,X1) | (less(X0,X1) | eqdim(X0,X1))) & ((~less(X0,X1) & ~eqdim(X0,X1)) | leq(X0,X1)))),
  inference(nnf_transformation,[],[f86])).
fof(f86,plain,(
  ! [X0,X1] : (leq(X0,X1) <=> (less(X0,X1) | eqdim(X0,X1)))),
  inference(flattening,[],[f85])).
fof(f85,plain,(
  ! [X0] : ! [X1] : (leq(X0,X1) <=> (less(X0,X1) | eqdim(X0,X1)))),
  inference(rectify,[],[f26])).
fof(f26,axiom,(
  ! [X54] : ! [X55] : (leq(X54,X55) <=> (less(X54,X55) | eqdim(X54,X55)))),
  file(unknown,unknown)).
fof(f288,plain,(
  ( ! [X2,X0,X1] : (~leq(X1,X2) | less(X0,X2) | ~less(X0,X1)) )),
  inference(cnf_transformation,[],[f146])).
fof(f146,plain,(
  ! [X0,X1,X2] : (~less(X0,X1) | ~leq(X1,X2) | less(X0,X2))),
  inference(flattening,[],[f145])).
fof(f145,plain,(
  ! [X0,X1,X2] : ((~less(X0,X1) | ~leq(X1,X2)) | less(X0,X2))),
  inference(ennf_transformation,[],[f100])).
fof(f100,plain,(
  ! [X0,X1,X2] : ((less(X0,X1) & leq(X1,X2)) => less(X0,X2))),
  inference(flattening,[],[f99])).
fof(f99,plain,(
  ! [X0] : ! [X1] : ! [X2] : ((less(X0,X1) & leq(X1,X2)) => less(X0,X2))),
  inference(rectify,[],[f21])).
fof(f21,axiom,(
  ! [X44] : ! [X45] : ! [X46] : ((less(X44,X45) & leq(X45,X46)) => less(X44,X46))),
  file(unknown,unknown)).
fof(f28027,plain,(
  ~cont(sK0,sK1)),
  inference(resolution,[],[f27927,f1689])).
fof(f1689,plain,(
  ( ! [X6,X5] : (~less(X6,X5) | ~cont(X5,X6)) )),
  inference(subsumption_resolution,[],[f1661,f273])).
fof(f273,plain,(
  ( ! [X0,X1] : (~less(X1,X0) | ~eqdim(X0,X1)) )),
  inference(cnf_transformation,[],[f196])).
fof(f196,plain,(
  ! [X0,X1] : ((~eqdim(X0,X1) | (~less(X0,X1) & ~less(X1,X0))) & (less(X0,X1) | less(X1,X0) | eqdim(X0,X1)))),
  inference(flattening,[],[f195])).
fof(f195,plain,(
  ! [X0,X1] : ((~eqdim(X0,X1) | (~less(X0,X1) & ~less(X1,X0))) & ((less(X0,X1) | less(X1,X0)) | eqdim(X0,X1)))),
  inference(nnf_transformation,[],[f136])).
fof(f136,plain,(
  ! [X0,X1] : (eqdim(X0,X1) <=> (~less(X0,X1) & ~less(X1,X0)))),
  inference(ennf_transformation,[],[f84])).
fof(f84,plain,(
  ! [X0,X1] : (eqdim(X0,X1) <=> (~less(X0,X1) & ~less(X1,X0)))),
  inference(flattening,[],[f83])).
fof(f83,plain,(
  ! [X0] : ! [X1] : (eqdim(X0,X1) <=> (~less(X0,X1) & ~less(X1,X0)))),
  inference(rectify,[],[f25])).
fof(f25,axiom,(
  ! [X52] : ! [X53] : (eqdim(X52,X53) <=> (~less(X52,X53) & ~less(X53,X52)))),
  file(unknown,unknown)).
fof(f1661,plain,(
  ( ! [X6,X5] : (eqdim(X5,X6) | ~cont(X5,X6) | ~less(X6,X5)) )),
  inference(resolution,[],[f463,f231])).
fof(f463,plain,(
  ( ! [X4,X5] : (less(X4,X5) | eqdim(X4,X5) | ~cont(X4,X5)) )),
  inference(resolution,[],[f275,f232])).
fof(f232,plain,(
  ( ! [X0,X1] : (leq(X0,X1) | ~cont(X0,X1)) )),
  inference(cnf_transformation,[],[f119])).
fof(f119,plain,(
  ! [X0,X1] : (~cont(X0,X1) | leq(X0,X1))),
  inference(ennf_transformation,[],[f54])).
fof(f54,plain,(
  ! [X0,X1] : (cont(X0,X1) => leq(X0,X1))),
  inference(flattening,[],[f53])).
fof(f53,plain,(
  ! [X0] : ! [X1] : (cont(X0,X1) => leq(X0,X1))),
  inference(rectify,[],[f16])).
fof(f16,axiom,(
  ! [X36] : ! [X37] : (cont(X36,X37) => leq(X36,X37))),
  file(unknown,unknown)).
fof(f275,plain,(
  ( ! [X0,X1] : (~leq(X0,X1) | less(X0,X1) | eqdim(X0,X1)) )),
  inference(cnf_transformation,[],[f198])).
fof(f27927,plain,(
  less(sK1,sK0)),
  inference(backtracking_split_refutation,[],[f27659,f27831_D,f27925])).
fof(f27925,plain,(
  $false | $spl663),
  inference(subsumption_resolution,[],[f27924,f10353])).
fof(f10353,plain,(
  cont(sK1,sK0)),
  inference(backtracking_split_refutation,[],[f10297,f10298_D,f10351])).
fof(f10351,plain,(
  $false | $spl197),
  inference(subsumption_resolution,[],[f10342,f209])).
fof(f209,plain,(
  zex(difference(sK1,sK0))),
  inference(cnf_transformation,[],[f153])).
fof(f10342,plain,(
  ~zex(difference(sK1,sK0)) | $spl197),
  inference(resolution,[],[f10298,f483])).
fof(f483,plain,(
  ( ! [X1] : (cont(sK1,X1) | ~zex(difference(sK1,X1))) )),
  inference(resolution,[],[f281,f211])).
fof(f211,plain,(
  ~zex(sK1)),
  inference(cnf_transformation,[],[f153])).
fof(f10298,plain,(
  ~cont(sK1,sK0) | $spl197),
  inference(cnf_transformation,[],[f10298_D])).
fof(f10298_D,plain,(
  ~cont(sK1,sK0) <=> ~$spl197),
  introduced(backtracking_splitting_component,[])).
fof(f10297,plain,(
  ( ! [X68,X69] : (~less(sK10(X68,sK0),X68) | ~cont(X69,sK0) | ~cont(sK1,X68) | ~cont(sK1,sK0) | ~cont(X69,X68) | ~mindim(X68) | ~mindim(sK10(X68,sK0))) )),
  inference(subsumption_resolution,[],[f10234,f5872])).
fof(f5872,plain,(
  ( ! [X57,X56] : (~less(X56,X57) | ~eqdim(X56,sK0) | ~mindim(X57)) )),
  inference(subsumption_resolution,[],[f5796,f1696])).
fof(f1696,plain,(
  ( ! [X6,X7,X5] : (~less(X5,X6) | ~eqdim(X6,X7) | ~eqdim(X5,X7)) )),
  inference(resolution,[],[f513,f272])).
fof(f272,plain,(
  ( ! [X0,X1] : (~less(X0,X1) | ~eqdim(X0,X1)) )),
  inference(cnf_transformation,[],[f196])).
fof(f513,plain,(
  ( ! [X2,X0,X1] : (less(X0,X1) | ~less(X0,X2) | ~eqdim(X2,X1)) )),
  inference(resolution,[],[f288,f277])).
fof(f277,plain,(
  ( ! [X0,X1] : (leq(X0,X1) | ~eqdim(X0,X1)) )),
  inference(cnf_transformation,[],[f198])).
fof(f5796,plain,(
  ( ! [X57,X56] : (~less(X56,X57) | ~eqdim(X56,sK0) | eqdim(X57,sK0) | ~mindim(X57)) )),
  inference(resolution,[],[f1737,f430])).
fof(f430,plain,(
  ( ! [X10] : (less(X10,sK0) | eqdim(X10,sK0) | ~mindim(X10)) )),
  inference(resolution,[],[f274,f328])).
fof(f328,plain,(
  ( ! [X0] : (~less(sK0,X0) | ~mindim(X0)) )),
  inference(resolution,[],[f222,f210])).
fof(f222,plain,(
  ( ! [X0,X1] : (zex(X1) | ~less(X1,X0) | ~mindim(X0)) )),
  inference(cnf_transformation,[],[f168])).
fof(f274,plain,(
  ( ! [X0,X1] : (less(X1,X0) | eqdim(X0,X1) | less(X0,X1)) )),
  inference(cnf_transformation,[],[f196])).
fof(f1737,plain,(
  ( ! [X6,X7,X5] : (~less(X6,X7) | ~less(X5,X6) | ~eqdim(X5,X7)) )),
  inference(resolution,[],[f514,f272])).
fof(f10234,plain,(
  ( ! [X68,X69] : (~less(sK10(X68,sK0),X68) | ~cont(X69,sK0) | ~cont(sK1,X68) | ~cont(sK1,sK0) | ~cont(X69,X68) | ~mindim(X68) | eqdim(sK10(X68,sK0),sK0) | ~mindim(sK10(X68,sK0))) )),
  inference(resolution,[],[f3062,f430])).
fof(f3062,plain,(
  ( ! [X74,X75,X73] : (~less(sK10(X73,X74),X74) | ~less(sK10(X73,X74),X73) | ~cont(X75,X74) | ~cont(sK1,X73) | ~cont(sK1,X74) | ~cont(X75,X73) | ~mindim(X73)) )),
  inference(resolution,[],[f1370,f329])).
fof(f329,plain,(
  ( ! [X1] : (~less(sK1,X1) | ~mindim(X1)) )),
  inference(resolution,[],[f222,f211])).
fof(f27924,plain,(
  ~cont(sK1,sK0) | $spl663),
  inference(subsumption_resolution,[],[f27898,f212])).
fof(f212,plain,(
  ~p(sK1,sK0)),
  inference(cnf_transformation,[],[f153])).
fof(f27898,plain,(
  p(sK1,sK0) | ~cont(sK1,sK0) | $spl663),
  inference(resolution,[],[f27831,f271])).
fof(f271,plain,(
  ( ! [X0,X1] : (~eqdim(X0,X1) | p(X0,X1) | ~cont(X0,X1)) )),
  inference(cnf_transformation,[],[f194])).
fof(f194,plain,(
  ! [X0,X1] : ((~p(X0,X1) | (cont(X0,X1) & eqdim(X0,X1))) & (~cont(X0,X1) | ~eqdim(X0,X1) | p(X0,X1)))),
  inference(flattening,[],[f193])).
fof(f193,plain,(
  ! [X0,X1] : ((~p(X0,X1) | (cont(X0,X1) & eqdim(X0,X1))) & ((~cont(X0,X1) | ~eqdim(X0,X1)) | p(X0,X1)))),
  inference(nnf_transformation,[],[f82])).
fof(f82,plain,(
  ! [X0,X1] : (p(X0,X1) <=> (cont(X0,X1) & eqdim(X0,X1)))),
  inference(flattening,[],[f81])).
fof(f81,plain,(
  ! [X0] : ! [X1] : (p(X0,X1) <=> (cont(X0,X1) & eqdim(X0,X1)))),
  inference(rectify,[],[f18])).
fof(f18,axiom,(
  ! [X39] : ! [X40] : (p(X39,X40) <=> (cont(X39,X40) & eqdim(X39,X40)))),
  file(unknown,unknown)).
fof(f27831,plain,(
  eqdim(sK1,sK0) | $spl663),
  inference(cnf_transformation,[],[f27831_D])).
fof(f27831_D,plain,(
  eqdim(sK1,sK0) <=> ~$spl663),
  introduced(backtracking_splitting_component,[])).
fof(f27659,plain,(
  less(sK1,sK0) | eqdim(sK1,sK0)),
  inference(resolution,[],[f27613,f275])).
fof(f27613,plain,(
  leq(sK1,sK0)),
  inference(backtracking_split_refutation,[],[f27605,f27606_D,f27611])).
fof(f27611,plain,(
  $false | $spl648),
  inference(subsumption_resolution,[],[f27609,f10353])).
fof(f27609,plain,(
  ~cont(sK1,sK0) | $spl648),
  inference(resolution,[],[f27606,f232])).
fof(f27606,plain,(
  ~leq(sK1,sK0) | $spl648),
  inference(cnf_transformation,[],[f27606_D])).
fof(f27606_D,plain,(
  ~leq(sK1,sK0) <=> ~$spl648),
  introduced(backtracking_splitting_component,[])).
fof(f27605,plain,(
  ~less(intersection(sK1,sK0),sK1) | ~leq(sK1,sK0) | $spl106),
  inference(subsumption_resolution,[],[f27582,f309])).
fof(f309,plain,(
  cont(sK1,sK1)),
  inference(resolution,[],[f225,f211])).
fof(f225,plain,(
  ( ! [X0] : (zex(X0) | cont(X0,X0)) )),
  inference(cnf_transformation,[],[f169])).
fof(f169,plain,(
  ! [X0] : ((zex(X0) | cont(X0,X0)) & (~cont(X0,X0) | ~zex(X0)))),
  inference(nnf_transformation,[],[f114])).
fof(f114,plain,(
  ! [X0] : (~zex(X0) <=> cont(X0,X0))),
  inference(ennf_transformation,[],[f45])).
fof(f45,plain,(
  ! [X0] : (~zex(X0) <=> cont(X0,X0))),
  inference(rectify,[],[f36])).
fof(f36,axiom,(
  ! [X84] : (~zex(X84) <=> cont(X84,X84))),
  file(unknown,unknown)).
fof(f27582,plain,(
  ~less(intersection(sK1,sK0),sK1) | ~cont(sK1,sK1) | ~leq(sK1,sK0) | $spl106),
  inference(resolution,[],[f27568,f285])).
fof(f285,plain,(
  ( ! [X2,X0,X1] : (cont(X2,difference(X0,X1)) | ~less(intersection(X2,X1),X2) | ~cont(X2,X0) | ~leq(X0,X1)) )),
  inference(cnf_transformation,[],[f140])).
fof(f140,plain,(
  ! [X0,X1,X2] : (~leq(X0,X1) | ~cont(X2,X0) | ~less(intersection(X2,X1),X2) | cont(X2,difference(X0,X1)))),
  inference(flattening,[],[f139])).
fof(f139,plain,(
  ! [X0,X1,X2] : ((~leq(X0,X1) | ~cont(X2,X0) | ~less(intersection(X2,X1),X2)) | cont(X2,difference(X0,X1)))),
  inference(ennf_transformation,[],[f94])).
fof(f94,plain,(
  ! [X0,X1,X2] : ((leq(X0,X1) & cont(X2,X0) & less(intersection(X2,X1),X2)) => cont(X2,difference(X0,X1)))),
  inference(flattening,[],[f93])).
fof(f93,plain,(
  ! [X0] : ! [X1] : ! [X2] : ((leq(X0,X1) & cont(X2,X0) & less(intersection(X2,X1),X2)) => cont(X2,difference(X0,X1)))),
  inference(rectify,[],[f5])).
fof(f5,axiom,(
  ! [X9] : ! [X10] : ! [X11] : ((leq(X9,X10) & cont(X11,X9) & less(intersection(X11,X10),X11)) => cont(X11,difference(X9,X10)))),
  file(unknown,unknown)).
fof(f27568,plain,(
  ~cont(sK1,difference(sK1,sK0)) | $spl106),
  inference(resolution,[],[f24935,f283])).
fof(f283,plain,(
  ( ! [X0,X1] : (zex(difference(X0,X1)) | ~cont(X0,X1)) )),
  inference(cnf_transformation,[],[f203])).
fof(f24935,plain,(
  ~zex(difference(sK1,difference(sK1,sK0))) | $spl106),
  inference(resolution,[],[f4103,f10353])).
fof(f4103,plain,(
  ( ! [X17] : (~cont(sK1,X17) | ~zex(difference(sK1,difference(sK1,X17)))) ) | $spl106),
  inference(cnf_transformation,[],[f4103_D])).
fof(f4103_D,plain,(
  ( ! [X17] : (~cont(sK1,X17) | ~zex(difference(sK1,difference(sK1,X17)))) ) <=> ~$spl106),
  introduced(backtracking_splitting_component,[])).
% SZS output end Proof for unknown
------------------------------
Version: Vampire 0.6 (revision 903)
Termination reason: Refutation

Active clauses: 1737
Passive clauses: 15271
Generated clauses: 28211
Final active clauses: 1475
Final passive clauses: 11278
Input formulas: 39
Initial clauses: 92

Selected by SInE selection: 39
SInE iterations: 1

Duplicate literals: 159
Fw subsumption resolutions: 1112

Simple tautologies: 78
Forward subsumptions: 11067

Binary resolution: 25634
Factoring: 55

Backtracking splits: 663
Backtracking splits refuted: 119
Backtracking splits refuted at zero level: 44

Memory used: 5373KB
Time elapsed: 0.300 s
------------------------------
% Success in time 0.329 s
