Hi Geoff, go and have some cold beer while I am trying to solve this very hard problem!
% remaining time: 5999 next slice time: 3
dis-4_5_bd=off:bs=off:ep=RST:fde=none:lcm=predicate:n=on:nicw=on:nwc=2:ptb=off:sio=off:spl=backtracking:ss=included:ssec=off:st=5:updr=off_3 on C:\Users\torsten\Documents\github\colore\ontologies\multidim_mereotopology_codi\theorems\conversions\codi_int_theorems_goal11.all
Time limit reached!
------------------------------
Version: Vampire 0.6 (revision 903)
Termination reason: Time limit

Active clauses: 544
Passive clauses: 1959
Generated clauses: 4073
Final active clauses: 539
Final passive clauses: 1292
Input formulas: 43
Initial clauses: 89

Selected by SInE selection: 43
SInE iterations: 1

Duplicate literals: 54
Fw subsumption resolutions: 164

Simple tautologies: 46
Forward subsumptions: 1827

Binary resolution: 3648
Factoring: 13

Backtracking splits: 83
Backtracking splits refuted: 10
Backtracking splits refuted at zero level: 1

Memory used: 895KB
Time elapsed: 0.404 s
------------------------------
% remaining time: 5993 next slice time: 13
dis-1010_2_bs=off:ep=on:n=on:nwc=1.5:sgo=on:sp=occurrence:ss=included:sswn=on:sswsr=on:st=1.5_13 on C:\Users\torsten\Documents\github\colore\ontologies\multidim_mereotopology_codi\theorems\conversions\codi_int_theorems_goal11.all
Refutation found. Thanks to Tanya!
3691. $false (4:0) [subsumption resolution 3683,548]
548. ~zex(sK0) (2:2) [resolution 508,212]
212. sc(sK0,sK1) (0:3) [cnf transformation 167]
167. sc(sK0,sK1) & ~lt(intersection(sK0,sK1),sK0)[skolemisation 119]
119. ? [X0,X1] : (sc(X0,X1) & ~lt(intersection(X0,X1),X0))[ennf transformation 44]
44. ~! [X0,X1] : (sc(X0,X1) => lt(intersection(X0,X1),X0))[flattening 1]
1. ~! [X0] : ! [X1] : (sc(X0,X1) => lt(intersection(X0,X1),X0))[negated conjecture]
508. ~sc(X2,X3) | ~zex(X2) (1:5) [resolution 264,227]
227. ~cont(X1,X0) | ~zex(X0) (0:5) [cnf transformation 125]
125. ! [X0,X1] : (~zex(X0) | (~cont(X1,X0) & ~cont(X0,X1)))[ennf transformation 54]
54. ! [X0,X1] : (zex(X0) => (~cont(X1,X0) & ~cont(X0,X1)))[flattening 53]
53. ! [X0] : ! [X1] : (zex(X0) => (~cont(X1,X0) & ~cont(X0,X1)))[rectify 26]
26. ! [X51] : ! [X52] : (zex(X51) => (~cont(X52,X51) & ~cont(X51,X52)))[input]
264. cont(sK10(X1,X0),X0) | ~sc(X0,X1) (0:8) [cnf transformation 201]
201. ! [X0,X1] : ((~sc(X0,X1) | ((cont(sK10(X1,X0),X0) & cont(sK10(X1,X0),X1)) & ! [X3] : (~cont(X3,X0) | ~cont(X3,X1) | (lt(X3,X0) & lt(X3,X1))))) & (! [X4] : (~cont(X4,X0) | ~cont(X4,X1)) | (cont(sK11(X1,X0),X0) & cont(sK11(X1,X0),X1) & (~lt(sK11(X1,X0),X0) | ~lt(sK11(X1,X0),X1))) | sc(X0,X1)))[skolemisation 200]
200. ! [X0,X1] : ((~sc(X0,X1) | (? [X2] : (cont(X2,X0) & cont(X2,X1)) & ! [X3] : (~cont(X3,X0) | ~cont(X3,X1) | (lt(X3,X0) & lt(X3,X1))))) & (! [X4] : (~cont(X4,X0) | ~cont(X4,X1)) | ? [X5] : (cont(X5,X0) & cont(X5,X1) & (~lt(X5,X0) | ~lt(X5,X1))) | sc(X0,X1)))[rectify 199]
199. ! [X0,X1] : ((~sc(X0,X1) | (? [X2] : (cont(X2,X0) & cont(X2,X1)) & ! [X3] : (~cont(X3,X0) | ~cont(X3,X1) | (lt(X3,X0) & lt(X3,X1))))) & (! [X2] : (~cont(X2,X0) | ~cont(X2,X1)) | ? [X3] : (cont(X3,X0) & cont(X3,X1) & (~lt(X3,X0) | ~lt(X3,X1))) | sc(X0,X1)))[flattening 198]
198. ! [X0,X1] : ((~sc(X0,X1) | (? [X2] : (cont(X2,X0) & cont(X2,X1)) & ! [X3] : (~cont(X3,X0) | ~cont(X3,X1) | (lt(X3,X0) & lt(X3,X1))))) & ((! [X2] : (~cont(X2,X0) | ~cont(X2,X1)) | ? [X3] : (cont(X3,X0) & cont(X3,X1) & (~lt(X3,X0) | ~lt(X3,X1)))) | sc(X0,X1)))[nnf transformation 147]
147. ! [X0,X1] : (sc(X0,X1) <=> (? [X2] : (cont(X2,X0) & cont(X2,X1)) & ! [X3] : (~cont(X3,X0) | ~cont(X3,X1) | (lt(X3,X0) & lt(X3,X1)))))[flattening 146]
146. ! [X0,X1] : (sc(X0,X1) <=> (? [X2] : (cont(X2,X0) & cont(X2,X1)) & ! [X3] : ((~cont(X3,X0) | ~cont(X3,X1)) | (lt(X3,X0) & lt(X3,X1)))))[ennf transformation 93]
93. ! [X0,X1] : (sc(X0,X1) <=> (? [X2] : (cont(X2,X0) & cont(X2,X1)) & ! [X3] : ((cont(X3,X0) & cont(X3,X1)) => (lt(X3,X0) & lt(X3,X1)))))[flattening 92]
92. ! [X0] : ! [X1] : (sc(X0,X1) <=> (? [X2] : (cont(X2,X0) & cont(X2,X1)) & ! [X3] : ((cont(X3,X0) & cont(X3,X1)) => (lt(X3,X0) & lt(X3,X1)))))[rectify 21]
21. ! [X39] : ! [X40] : (sc(X39,X40) <=> (? [X41] : (cont(X41,X39) & cont(X41,X40)) & ! [X41] : ((cont(X41,X39) & cont(X41,X40)) => (lt(X41,X39) & lt(X41,X40)))))[input]
3683. zex(sK0) (4:2) [resolution 3667,324]
324. ~zex(intersection(sK0,sK1)) | zex(sK0) (1:6) [resolution 237,213]
213. ~lt(intersection(sK0,sK1),sK0) (0:5) [cnf transformation 167]
237. lt(X0,X1) | zex(X1) | ~zex(X0) (0:7) [cnf transformation 140]
140. ! [X0,X1] : (~zex(X0) | zex(X1) | lt(X0,X1))[flattening 139]
139. ! [X0,X1] : ((~zex(X0) | zex(X1)) | lt(X0,X1))[ennf transformation 71]
71. ! [X0,X1] : ((zex(X0) & ~zex(X1)) => lt(X0,X1))[flattening 70]
70. ! [X0] : ! [X1] : ((zex(X0) & ~zex(X1)) => lt(X0,X1))[rectify 13]
13. ! [X24] : ! [X25] : ((zex(X24) & ~zex(X25)) => lt(X24,X25))[input]
3667. zex(intersection(sK0,sK1)) (3:4) [subsumption resolution 3649,212]
3649. zex(intersection(sK0,sK1)) | ~sc(sK0,sK1) (3:7) [resolution 1857,1236]
1236. ~cont(intersection(sK0,sK1),X0) | ~sc(sK0,X0) (2:8) [subsumption resolution 1226,228]
228. ~cont(X0,X1) | ~zex(X0) (0:5) [cnf transformation 125]
1226. ~cont(intersection(sK0,sK1),X0) | ~sc(sK0,X0) | zex(intersection(sK0,sK1)) (2:12) [resolution 866,239]
239. cont(intersection(X0,X1),X0) | zex(intersection(X0,X1)) (0:9) [cnf transformation 143]
143. ! [X0,X1] : (zex(intersection(X0,X1)) | cont(intersection(X0,X1),X0))[ennf transformation 75]
75. ! [X0,X1] : (~zex(intersection(X0,X1)) => cont(intersection(X0,X1),X0))[flattening 74]
74. ! [X0] : ! [X1] : (~zex(intersection(X0,X1)) => cont(intersection(X0,X1),X0))[rectify 30]
30. ! [X59] : ! [X60] : (~zex(intersection(X59,X60)) => cont(intersection(X59,X60),X59))[input]
866. ~cont(intersection(sK0,sK1),sK0) | ~cont(intersection(sK0,sK1),X26) | ~sc(sK0,X26) (1:13) [resolution 266,213]
266. lt(X3,X0) | ~cont(X3,X1) | ~cont(X3,X0) | ~sc(X0,X1) (0:12) [cnf transformation 201]
1857. cont(intersection(X0,X1),X1) | zex(intersection(X0,X1)) (2:9) [subsumption resolution 1835,215]
215. eqdim(X0,X0) (0:3) [cnf transformation 46]
46. ! [X0] : eqdim(X0,X0)[rectify 5]
5. ! [X8] : eqdim(X8,X8)[input]
1835. ~eqdim(intersection(X0,X1),intersection(X0,X1)) | cont(intersection(X0,X1),X1) | zex(intersection(X0,X1)) (2:16) [resolution 585,223]
223. cont(X0,X0) | zex(X0) (0:5) [cnf transformation 176]
176. ! [X0] : ((zex(X0) | cont(X0,X0)) & (~cont(X0,X0) | ~zex(X0)))[nnf transformation 122]
122. ! [X0] : (~zex(X0) <=> cont(X0,X0))[ennf transformation 49]
49. ! [X0] : (~zex(X0) <=> cont(X0,X0))[rectify 23]
23. ! [X45] : (~zex(X45) <=> cont(X45,X45))[input]
585. ~cont(X9,intersection(X10,X11)) | ~eqdim(X9,intersection(X10,X11)) | cont(X9,X11) (1:13) [resolution 263,288]
288. ~p(X2,intersection(X0,X1)) | cont(X2,X1) (0:8) [cnf transformation 208]
208. ! [X0,X1,X2] : ((~cont(X2,X0) | ~cont(X2,X1) | ~eqdim(X2,intersection(X0,X1)) | p(X2,intersection(X0,X1))) & (~p(X2,intersection(X0,X1)) | (cont(X2,X0) & cont(X2,X1) & eqdim(X2,intersection(X0,X1)))))[flattening 207]
207. ! [X0,X1,X2] : (((~cont(X2,X0) | ~cont(X2,X1) | ~eqdim(X2,intersection(X0,X1))) | p(X2,intersection(X0,X1))) & (~p(X2,intersection(X0,X1)) | (cont(X2,X0) & cont(X2,X1) & eqdim(X2,intersection(X0,X1)))))[nnf transformation 115]
115. ! [X0,X1,X2] : ((cont(X2,X0) & cont(X2,X1) & eqdim(X2,intersection(X0,X1))) <=> p(X2,intersection(X0,X1)))[flattening 114]
114. ! [X0] : ! [X1] : ! [X2] : ((cont(X2,X0) & cont(X2,X1) & eqdim(X2,intersection(X0,X1))) <=> p(X2,intersection(X0,X1)))[rectify 32]
32. ! [X64] : ! [X65] : ! [X66] : ((cont(X66,X64) & cont(X66,X65) & eqdim(X66,intersection(X64,X65))) <=> p(X66,intersection(X64,X65)))[input]
263. p(X0,X1) | ~eqdim(X0,X1) | ~cont(X0,X1) (0:9) [cnf transformation 197]
197. ! [X0,X1] : ((~p(X0,X1) | (cont(X0,X1) & eqdim(X0,X1))) & (~cont(X0,X1) | ~eqdim(X0,X1) | p(X0,X1)))[flattening 196]
196. ! [X0,X1] : ((~p(X0,X1) | (cont(X0,X1) & eqdim(X0,X1))) & ((~cont(X0,X1) | ~eqdim(X0,X1)) | p(X0,X1)))[nnf transformation 91]
91. ! [X0,X1] : (p(X0,X1) <=> (cont(X0,X1) & eqdim(X0,X1)))[flattening 90]
90. ! [X0] : ! [X1] : (p(X0,X1) <=> (cont(X0,X1) & eqdim(X0,X1)))[rectify 19]
19. ! [X36] : ! [X37] : (p(X36,X37) <=> (cont(X36,X37) & eqdim(X36,X37)))[input]
------------------------------
Version: Vampire 0.6 (revision 903)
Termination reason: Refutation

Active clauses: 446
Passive clauses: 1633
Generated clauses: 3474
Final active clauses: 446
Final passive clauses: 1078
Input formulas: 43
Initial clauses: 84

Unused predicate definitions: 2
Selected by SInE selection: 43
SInE iterations: 1

Duplicate literals: 76
Fw subsumption resolutions: 202

Simple tautologies: 71
Equational tautologies: 3
Forward subsumptions: 1595

Binary resolution: 2061
Factoring: 46
Forward superposition: 962
Backward superposition: 46

Unique components: 2

Memory used: 767KB
Time elapsed: 0.472 s
------------------------------
% Success in time 1.386 s
============================= C:\Reasoning\vampire_win ================================
execution finished: Sun Jun 24 00:58:23 2018
total CPU time used: 0
The command was "C:\Reasoning\vampire_win --mode casc --proof tptp -t 600 --input_file C:\Users\torsten\Documents\github\colore\ontologies\multidim_mereotopology_codi\theorems\conversions\codi_int_theorems_goal11.all.tptp"
Input read from 
============================ end of footer ===========================
