Hi Geoff, go and have some cold beer while I am trying to solve this very hard problem!
% remaining time: 5999 next slice time: 3
dis-4_5_bd=off:bs=off:ep=RST:fde=none:lcm=predicate:n=on:nicw=on:nwc=2:ptb=off:sio=off:spl=backtracking:ss=included:ssec=off:st=5:updr=off_3 on theorems\conversions\codi_down_theoremsT6-T10_goal02.all
Time limit reached!
------------------------------
Version: Vampire 0.6 (revision 903)
Termination reason: Time limit

Active clauses: 1309
Passive clauses: 8822
Generated clauses: 17149
Final active clauses: 1300
Final passive clauses: 7104
Input formulas: 67
Initial clauses: 108

Selected by SInE selection: 67
SInE iterations: 1

Duplicate literals: 123
Fw subsumption resolutions: 516

Simple tautologies: 59
Forward subsumptions: 7695

Binary resolution: 16187
Factoring: 25

Backtracking splits: 182
Backtracking splits refuted: 7
Backtracking splits refuted at zero level: 3

Memory used: 3198KB
Time elapsed: 0.405 s
------------------------------
% remaining time: 5995 next slice time: 13
dis-1010_2_bs=off:ep=on:n=on:nwc=1.5:sgo=on:sp=occurrence:ss=included:sswn=on:sswsr=on:st=1.5_13 on theorems\conversions\codi_down_theoremsT6-T10_goal02.all
Time limit reached!
------------------------------
Version: Vampire 0.6 (revision 903)
Termination reason: Time limit

Active clauses: 2035
Passive clauses: 17739
Generated clauses: 38828
Final active clauses: 2035
Final passive clauses: 15285
Input formulas: 67
Initial clauses: 107

Selected by SInE selection: 67
SInE iterations: 1

Duplicate literals: 874
Fw subsumption resolutions: 2906

Simple tautologies: 591
Equational tautologies: 19
Forward subsumptions: 17179

Binary resolution: 26596
Factoring: 102
Forward superposition: 8213
Backward superposition: 92

Unique components: 2

Memory used: 6268KB
Time elapsed: 1.403 s
------------------------------
% remaining time: 5981 next slice time: 32
lrs+11_14_bd=off:bs=off:bsr=on:cond=on:drc=off:fde=none:fsr=off:gsp=input_only:lcm=reverse:n=on:nwc=10:ptb=off:sfv=off:sgo=on:sio=off:sos=on:sp=reverse_arity:spl=backtracking:ssec=off:stl=81_32 on theorems\conversions\codi_down_theoremsT6-T10_goal02.all
Time limit reached!
------------------------------
Version: Vampire 0.6 (revision 903)
Termination reason: Time limit

Active clauses: 640
Passive clauses: 647
Generated clauses: 968
Final active clauses: 640
Final passive clauses: 110
Input formulas: 67
Initial clauses: 105

Forward subsumptions: 320

Binary resolution: 966

Backtracking splits: 1

Memory used: 7419KB
Time elapsed: 3.307 s
------------------------------
% remaining time: 5948 next slice time: 95
dis+2_4_bs=off:ep=on:n=on:nicw=on:nwc=1.5:ptb=off:sac=on:sio=off:spl=backtracking:ssec=off_95 on theorems\conversions\codi_down_theoremsT6-T10_goal02.all
Refutation found. Thanks to Tanya!
44241. $false (4:0) [subsumption resolution 44240,566]
566. p(sK2,sK0) (1:3) [resolution 331,239]
239. p(sK2,difference(sK0,intersection(sK0,sK1))) (0:7) [cnf transformation 221]
221. p(sK2,difference(sK0,intersection(sK0,sK1))) & ~p(sK2,difference(sK0,sK1))[skolemisation 137]
137. ? [X0,X1,X2] : (p(X2,difference(X0,intersection(X0,X1))) & ~p(X2,difference(X0,X1)))[ennf transformation 68]
68. ~! [X0,X1,X2] : (~p(X2,difference(X0,intersection(X0,X1))) | p(X2,difference(X0,X1)))[flattening 1]
1. ~! [X0] : ! [X1] : ! [X2] : (~p(X2,difference(X0,intersection(X0,X1))) | p(X2,difference(X0,X1)))[negated conjecture]
331. ~p(X2,difference(X0,X1)) | p(X2,X0) (0:8) [cnf transformation 199]
199. ! [X0,X1,X2] : (~p(X2,difference(X0,X1)) | p(X2,X0))[ennf transformation 126]
126. ! [X0,X1,X2] : (~p(X2,difference(X0,X1)) | p(X2,X0))[flattening 65]
65. ! [X0] : ! [X1] : ! [X2] : (~p(X2,difference(X0,X1)) | p(X2,X0))[input]
44240. ~p(sK2,sK0) (4:3) [subsumption resolution 44237,240]
240. ~p(sK2,difference(sK0,sK1)) (0:5) [cnf transformation 221]
44237. p(sK2,difference(sK0,sK1)) | ~p(sK2,sK0) (4:8) [resolution 44224,338]
338. po(X2,intersection(X0,X1)) | p(X2,difference(X0,X1)) | ~p(X2,X0) (0:13) [cnf transformation 212]
212. ! [X0,X1,X2] : (~p(X2,X0) | po(X2,intersection(X0,X1)) | p(X2,difference(X0,X1)))[flattening 211]
211. ! [X0,X1,X2] : ((~p(X2,X0) | po(X2,intersection(X0,X1))) | p(X2,difference(X0,X1)))[ennf transformation 133]
133. ! [X0,X1,X2] : (~(p(X2,X0) & ~po(X2,intersection(X0,X1))) | p(X2,difference(X0,X1)))[flattening 67]
67. ! [X0] : ! [X1] : ! [X2] : (~(p(X2,X0) & ~po(X2,intersection(X0,X1))) | p(X2,difference(X0,X1)))[input]
44224. ~po(sK2,intersection(sK0,sK1)) (3:5) [resolution 43978,310]
310. eqdim(intersection(X0,X1),X0) | ~po(X0,X1) (0:8) [cnf transformation 173]
173. ! [X0,X1] : (~po(X0,X1) | eqdim(intersection(X0,X1),X0))[ennf transformation 108]
108. ! [X0,X1] : (~po(X0,X1) | eqdim(intersection(X0,X1),X0))[flattening 42]
42. ! [X0] : ! [X1] : (~po(X0,X1) | eqdim(intersection(X0,X1),X0))[input]
43978. ~eqdim(intersection(sK2,intersection(sK0,sK1)),sK2) (2:7) [resolution 43813,359]
359. ~lt(X3,X4) | ~eqdim(X3,X4) (1:6) [resolution 290,287]
287. leq(X1,X0) | ~eqdim(X0,X1) (0:6) [cnf transformation 163]
163. ! [X0,X1] : ((~eqdim(X0,X1) | (leq(X0,X1) & leq(X1,X0))) & (~leq(X0,X1) | ~leq(X1,X0) | eqdim(X0,X1)))[flattening 162]
162. ! [X0,X1] : ((~eqdim(X0,X1) | (leq(X0,X1) & leq(X1,X0))) & ((~leq(X0,X1) | ~leq(X1,X0)) | eqdim(X0,X1)))[ennf transformation 93]
93. ! [X0,X1] : ((~eqdim(X0,X1) | (leq(X0,X1) & leq(X1,X0))) & (~(leq(X0,X1) & leq(X1,X0)) | eqdim(X0,X1)))[flattening 34]
34. ! [X0] : ! [X1] : ((~eqdim(X0,X1) | (leq(X0,X1) & leq(X1,X0))) & (~(leq(X0,X1) & leq(X1,X0)) | eqdim(X0,X1)))[input]
290. ~leq(X1,X0) | ~lt(X0,X1) (0:6) [cnf transformation 165]
165. ! [X0,X1] : ((~lt(X0,X1) | (leq(X0,X1) & ~leq(X1,X0))) & (~leq(X0,X1) | leq(X1,X0) | lt(X0,X1)))[flattening 164]
164. ! [X0,X1] : ((~lt(X0,X1) | (leq(X0,X1) & ~leq(X1,X0))) & ((~leq(X0,X1) | leq(X1,X0)) | lt(X0,X1)))[ennf transformation 94]
94. ! [X0,X1] : ((~lt(X0,X1) | (leq(X0,X1) & ~leq(X1,X0))) & (~(leq(X0,X1) & ~leq(X1,X0)) | lt(X0,X1)))[flattening 32]
32. ! [X0] : ! [X1] : ((~lt(X0,X1) | (leq(X0,X1) & ~leq(X1,X0))) & (~(leq(X0,X1) & ~leq(X1,X0)) | lt(X0,X1)))[input]
43813. lt(intersection(sK2,intersection(sK0,sK1)),sK2) (1:7) [backtracking split refutation 1806,1814,43812]
43812. $false {4} (12:0) [subsumption resolution 43765,20373]
20373. p(sK0,difference(sK0,sK1)) {4} (8:5) [subsumption resolution 20366,2011]
2011. p(sK0,sK0) (5:3) [backtracking split refutation 1996,2007,2009]
2009. $false {5} (6:0) [subsumption resolution 2008,367]
367. ~zex(sK0) (3:2) [resolution 296,366]
366. ~zex(difference(sK0,intersection(sK0,sK1))) (2:6) [resolution 364,239]
364. ~p(X3,X4) | ~zex(X4) (1:5) [resolution 292,307]
307. ~cont(X1,X0) | ~zex(X0) (0:5) [cnf transformation 171]
171. ! [X0,X1] : (~zex(X0) | (~cont(X1,X0) & ~cont(X0,X1)))[ennf transformation 106]
106. ! [X0,X1] : (~zex(X0) | (~cont(X1,X0) & ~cont(X0,X1)))[flattening 22]
22. ! [X0] : ! [X1] : (~zex(X0) | (~cont(X1,X0) & ~cont(X0,X1)))[input]
292. cont(X0,X1) | ~p(X0,X1) (0:6) [cnf transformation 167]
167. ! [X0,X1] : ((~p(X0,X1) | (cont(X0,X1) & eqdim(X0,X1))) & (~cont(X0,X1) | ~eqdim(X0,X1) | p(X0,X1)))[flattening 166]
166. ! [X0,X1] : ((~p(X0,X1) | (cont(X0,X1) & eqdim(X0,X1))) & ((~cont(X0,X1) | ~eqdim(X0,X1)) | p(X0,X1)))[ennf transformation 95]
95. ! [X0,X1] : ((~p(X0,X1) | (cont(X0,X1) & eqdim(X0,X1))) & (~(cont(X0,X1) & eqdim(X0,X1)) | p(X0,X1)))[flattening 3]
3. ! [X0] : ! [X1] : ((~p(X0,X1) | (cont(X0,X1) & eqdim(X0,X1))) & (~(cont(X0,X1) & eqdim(X0,X1)) | p(X0,X1)))[input]
296. zex(difference(X0,X1)) | ~zex(X0) (0:6) [cnf transformation 168]
168. ! [X0,X1] : ((~zex(difference(X0,X1)) | zex(X0) | cont(X0,X1)) & ((~zex(X0) & ~cont(X0,X1)) | zex(difference(X0,X1))))[ennf transformation 96]
96. ! [X0,X1] : ((~zex(difference(X0,X1)) | zex(X0) | cont(X0,X1)) & (~(zex(X0) | cont(X0,X1)) | zex(difference(X0,X1))))[flattening 12]
12. ! [X0] : ! [X1] : ((~zex(difference(X0,X1)) | zex(X0) | cont(X0,X1)) & (~(zex(X0) | cont(X0,X1)) | zex(difference(X0,X1))))[input]
2008. zex(sK0) {5} (6:2) [resolution 2007,651]
651. p(X0,X0) | zex(X0) (3:5) [resolution 649,242]
242. cont(X0,X0) | zex(X0) (0:5) [cnf transformation 138]
138. ! [X0] : ((zex(X0) | cont(X0,X0)) & (~cont(X0,X0) | ~zex(X0)))[ennf transformation 19]
19. ! [X0] : ((zex(X0) | cont(X0,X0)) & (~cont(X0,X0) | ~zex(X0)))[input]
649. ~cont(X4,X4) | p(X4,X4) (2:6) [resolution 294,626]
626. eqdim(X0,X0) (1:3) [subsumption resolution 618,241]
241. leq(X0,X0) (0:3) [cnf transformation 26]
26. ! [X0] : leq(X0,X0)[input]
618. eqdim(X0,X0) | ~leq(X0,X0) (1:6) [resolution 288,241]
288. ~leq(X1,X0) | eqdim(X0,X1) | ~leq(X0,X1) (0:9) [cnf transformation 163]
294. ~eqdim(X0,X1) | p(X0,X1) | ~cont(X0,X1) (0:9) [cnf transformation 167]
2007. ~p(sK0,sK0) {5} (5:3) [backtracking splitting component]
1996. ~p(sK0,sK1) | ~p(sK0,sK0) (5:6) [resolution 1933,380]
380. ~p(sK0,intersection(sK0,sK1)) (4:5) [resolution 379,292]
379. ~cont(sK0,intersection(sK0,sK1)) (3:5) [resolution 297,366]
297. zex(difference(X0,X1)) | ~cont(X0,X1) (0:7) [cnf transformation 168]
1933. p(X2,intersection(X0,X1)) | ~p(X2,X1) | ~p(X2,X0) (0:11) [subsumption resolution 333,279]
279. ~p(X3,X1) | po(X0,X1) | ~p(X3,X0) (0:9) [cnf transformation 235]
235. ! [X0,X1] : ((~po(X0,X1) | (p(sK8(X1,X0),X0) & p(sK8(X1,X0),X1))) & (! [X3] : (~p(X3,X0) | ~p(X3,X1)) | po(X0,X1)))[skolemisation 158]
158. ! [X0,X1] : ((~po(X0,X1) | ? [X2] : (p(X2,X0) & p(X2,X1))) & (! [X3] : (~p(X3,X0) | ~p(X3,X1)) | po(X0,X1)))[ennf transformation 89]
89. ! [X0,X1] : ((~po(X0,X1) | ? [X2] : (p(X2,X0) & p(X2,X1))) & (~? [X3] : (p(X3,X0) & p(X3,X1)) | po(X0,X1)))[flattening 88]
88. ! [X0] : ! [X1] : ((~po(X0,X1) | ? [X2] : (p(X2,X0) & p(X2,X1))) & (~? [X3] : (p(X3,X0) & p(X3,X1)) | po(X0,X1)))[rectify 4]
4. ! [X0] : ! [X1] : ((~po(X0,X1) | ? [X2] : (p(X2,X0) & p(X2,X1))) & (~? [X2] : (p(X2,X0) & p(X2,X1)) | po(X0,X1)))[input]
333. p(X2,intersection(X0,X1)) | ~p(X2,X1) | ~p(X2,X0) | ~po(X0,X1) (0:14) [cnf transformation 202]
202. ! [X0,X1,X2] : (~po(X0,X1) | ~p(X2,X0) | ~p(X2,X1) | p(X2,intersection(X0,X1)))[flattening 201]
201. ! [X0,X1,X2] : ((~po(X0,X1) | ~p(X2,X0) | ~p(X2,X1)) | p(X2,intersection(X0,X1)))[ennf transformation 128]
128. ! [X0,X1,X2] : (~(po(X0,X1) & p(X2,X0) & p(X2,X1)) | p(X2,intersection(X0,X1)))[flattening 46]
46. ! [X0] : ! [X1] : ! [X2] : (~(po(X0,X1) & p(X2,X0) & p(X2,X1)) | p(X2,intersection(X0,X1)))[input]
20366. p(sK0,difference(sK0,sK1)) | ~p(sK0,sK0) {4} (8:8) [resolution 20337,338]
20337. ~po(sK0,intersection(sK0,sK1)) {4} (7:5) [resolution 20235,310]
20235. ~eqdim(intersection(X8,intersection(sK0,sK1)),sK0) {4} (6:7) [resolution 20190,359]
20190. lt(intersection(X4,intersection(sK0,sK1)),sK0) {4} (5:7) [subsumption resolution 20157,1824]
1824. lt(X0,sK0) | ~zex(X0) {4} (3:5) [resolution 1814,1009]
1009. leq(X23,X24) | lt(X25,X23) | ~zex(X25) (2:8) [resolution 797,633]
633. leq(X1,X0) | lt(X0,X1) (0:6) [subsumption resolution 291,298]
298. leq(X1,X0) | leq(X0,X1) (0:6) [cnf transformation 97]
97. ! [X0,X1] : (leq(X0,X1) | leq(X1,X0))[flattening 27]
27. ! [X0] : ! [X1] : (leq(X0,X1) | leq(X1,X0))[input]
291. lt(X0,X1) | leq(X1,X0) | ~leq(X0,X1) (0:9) [cnf transformation 165]
797. ~leq(X20,X22) | leq(X20,X21) | ~zex(X22) (1:8) [resolution 334,305]
305. leq(X0,X1) | ~zex(X0) (0:5) [cnf transformation 169]
169. ! [X0,X1] : (~zex(X0) | leq(X0,X1))[ennf transformation 104]
104. ! [X0,X1] : (~zex(X0) | leq(X0,X1))[flattening 30]
30. ! [X0] : ! [X1] : (~zex(X0) | leq(X0,X1))[input]
334. ~leq(X1,X2) | leq(X0,X2) | ~leq(X0,X1) (0:9) [cnf transformation 204]
204. ! [X0,X1,X2] : (~leq(X0,X1) | ~leq(X1,X2) | leq(X0,X2))[flattening 203]
203. ! [X0,X1,X2] : ((~leq(X0,X1) | ~leq(X1,X2)) | leq(X0,X2))[ennf transformation 129]
129. ! [X0,X1,X2] : (~(leq(X0,X1) & leq(X1,X2)) | leq(X0,X2))[flattening 28]
28. ! [X0] : ! [X1] : ! [X2] : (~(leq(X0,X1) & leq(X1,X2)) | leq(X0,X2))[input]
20157. lt(intersection(X4,intersection(sK0,sK1)),sK0) | zex(intersection(X4,intersection(sK0,sK1))) {4} (5:13) [resolution 19824,1255]
1255. cont(intersection(X4,X5),X5) | zex(intersection(X4,X5)) (1:9) [resolution 302,326]
326. ~p(X2,intersection(X0,X1)) | cont(X2,X0) (0:8) [cnf transformation 197]
197. ! [X0,X1,X2] : ((~cont(X2,X0) | ~cont(X2,X1) | ~eqdim(X2,intersection(X0,X1)) | p(X2,intersection(X0,X1))) & (~p(X2,intersection(X0,X1)) | (cont(X2,X0) & cont(X2,X1) & eqdim(X2,intersection(X0,X1)))))[flattening 196]
196. ! [X0,X1,X2] : (((~cont(X2,X0) | ~cont(X2,X1) | ~eqdim(X2,intersection(X0,X1))) | p(X2,intersection(X0,X1))) & (~p(X2,intersection(X0,X1)) | (cont(X2,X0) & cont(X2,X1) & eqdim(X2,intersection(X0,X1)))))[ennf transformation 123]
123. ! [X0,X1,X2] : ((~(cont(X2,X0) & cont(X2,X1) & eqdim(X2,intersection(X0,X1))) | p(X2,intersection(X0,X1))) & (~p(X2,intersection(X0,X1)) | (cont(X2,X0) & cont(X2,X1) & eqdim(X2,intersection(X0,X1)))))[flattening 16]
16. ! [X0] : ! [X1] : ! [X2] : ((~(cont(X2,X0) & cont(X2,X1) & eqdim(X2,intersection(X0,X1))) | p(X2,intersection(X0,X1))) & (~p(X2,intersection(X0,X1)) | (cont(X2,X0) & cont(X2,X1) & eqdim(X2,intersection(X0,X1)))))[input]
302. p(intersection(X1,X0),intersection(X0,X1)) | zex(intersection(X1,X0)) (0:11) [cnf transformation 101]
101. ! [X0,X1] : (zex(intersection(X1,X0)) | p(intersection(X1,X0),intersection(X0,X1)))[flattening 36]
36. ! [X0] : ! [X1] : (zex(intersection(X1,X0)) | p(intersection(X1,X0),intersection(X0,X1)))[input]
19824. ~cont(X12,intersection(sK0,sK1)) | lt(X12,sK0) {4} (4:8) [resolution 16151,779]
779. ~lt(X10,X9) | ~cont(X9,X10) (2:6) [subsumption resolution 775,360]
360. ~lt(X5,X6) | ~eqdim(X6,X5) (1:6) [resolution 290,286]
286. leq(X0,X1) | ~eqdim(X0,X1) (0:6) [cnf transformation 163]
775. eqdim(X9,X10) | ~cont(X9,X10) | ~lt(X10,X9) (2:9) [resolution 313,358]
358. ~lt(X2,X1) | ~lt(X1,X2) (1:6) [resolution 290,289]
289. leq(X0,X1) | ~lt(X0,X1) (0:6) [cnf transformation 165]
313. lt(X0,X1) | eqdim(X0,X1) | ~cont(X0,X1) (0:9) [cnf transformation 176]
176. ! [X0,X1] : (~cont(X0,X1) | lt(X0,X1) | eqdim(X0,X1))[ennf transformation 111]
111. ! [X0,X1] : (~cont(X0,X1) | lt(X0,X1) | eqdim(X0,X1))[flattening 17]
17. ! [X0] : ! [X1] : (~cont(X0,X1) | lt(X0,X1) | eqdim(X0,X1))[input]
16151. lt(intersection(sK0,sK1),X77) | lt(X77,sK0) {4} (3:8) [resolution 2599,1814]
2599. leq(X23,X24) | lt(X24,X25) | lt(X25,X23) (2:9) [resolution 798,633]
798. ~leq(X23,X25) | leq(X23,X24) | lt(X24,X25) (1:9) [resolution 334,633]
43765. ~p(sK0,difference(sK0,sK1)) (12:5) [resolution 41956,240]
41956. p(sK2,X3) | ~p(sK0,X3) (11:6) [subsumption resolution 41910,18402]
18402. cont(sK2,X6) | ~p(sK0,X6) (7:6) [resolution 18311,850]
850. ~cont(X5,X7) | cont(X5,X6) | ~p(X7,X6) (1:9) [resolution 340,292]
340. ~cont(X1,X2) | cont(X0,X2) | ~cont(X0,X1) (0:9) [cnf transformation 216]
216. ! [X0,X1,X2] : (~cont(X0,X1) | ~cont(X1,X2) | cont(X0,X2))[flattening 215]
215. ! [X0,X1,X2] : ((~cont(X0,X1) | ~cont(X1,X2)) | cont(X0,X2))[ennf transformation 135]
135. ! [X0,X1,X2] : (~(cont(X0,X1) & cont(X1,X2)) | cont(X0,X2))[flattening 21]
21. ! [X0] : ! [X1] : ! [X2] : (~(cont(X0,X1) & cont(X1,X2)) | cont(X0,X2))[input]
18311. cont(sK2,sK0) (6:3) [subsumption resolution 18310,365]
365. ~zex(sK2) (2:2) [resolution 363,239]
363. ~p(X1,X2) | ~zex(X1) (1:5) [resolution 292,308]
308. ~cont(X0,X1) | ~zex(X0) (0:5) [cnf transformation 171]
18310. zex(sK2) | cont(sK2,sK0) (6:5) [subsumption resolution 18215,343]
343. zex(sK11) (0:2) [cnf transformation 238]
238. zex(sK11)[skolemisation 18]
18. ? [X0] : zex(X0)[input]
18215. ~zex(sK11) | zex(sK2) | cont(sK2,sK0) (6:7) [superposition 295,18139]
18139. difference(sK2,sK0) = sK11 (5:5) [subsumption resolution 18125,403]
403. ~zex(X7) | difference(X7,X8) = sK11 (3:7) [resolution 392,296]
392. ~zex(X0) | sK11 = X0 (2:5) [resolution 383,343]
383. ~zex(X1) | ~zex(X0) | X0 = X1 (1:7) [resolution 346,350]
350. ~sQ1_eqProxy(X0,X1) | X0 = X1 (0:6) [equality proxy axiom]
346. sQ1_eqProxy(X0,X1) | ~zex(X1) | ~zex(X0) (0:7) [equality proxy replacement 316]
316. X0 = X1 | ~zex(X1) | ~zex(X0) (0:7) [cnf transformation 180]
180. ! [X0,X1] : (~zex(X0) | ~zex(X1) | X0 = X1)[flattening 179]
179. ! [X0,X1] : ((~zex(X0) | ~zex(X1)) | X0 = X1)[ennf transformation 114]
114. ! [X0,X1] : (~(zex(X0) & zex(X1)) | X0 = X1)[flattening 29]
29. ! [X0] : ! [X1] : (~(zex(X0) & zex(X1)) | X0 = X1)[input]
18125. difference(sK2,sK0) = sK11 | zex(sK2) (5:7) [resolution 16386,651]
16386. ~p(X10,sK2) | difference(X10,sK0) = sK11 (4:8) [resolution 16362,402]
402. ~cont(X5,X6) | difference(X5,X6) = sK11 (3:8) [resolution 392,297]
16362. cont(X41,sK0) | ~p(X41,sK2) (3:6) [resolution 2692,566]
2692. ~p(X7,X6) | cont(X5,X6) | ~p(X5,X7) (2:9) [resolution 850,292]
295. ~zex(difference(X0,X1)) | zex(X0) | cont(X0,X1) (0:9) [cnf transformation 168]
41910. ~p(sK0,X3) | p(sK2,X3) | ~cont(sK2,X3) (11:9) [resolution 40085,294]
40085. eqdim(sK2,X1) | ~p(sK0,X1) (10:6) [resolution 38294,637]
637. eqdim(X0,X1) | ~p(X1,X0) (2:6) [resolution 627,293]
293. eqdim(X0,X1) | ~p(X0,X1) (0:6) [cnf transformation 167]
627. ~eqdim(X4,X3) | eqdim(X3,X4) (1:6) [subsumption resolution 620,287]
620. eqdim(X3,X4) | ~leq(X3,X4) | ~eqdim(X4,X3) (1:9) [resolution 288,286]
38294. ~eqdim(X1,sK0) | eqdim(sK2,X1) (9:6) [subsumption resolution 38276,37243]
37243. leq(sK2,X3) | ~eqdim(X3,sK0) (7:6) [resolution 37234,793]
793. ~leq(X8,X10) | leq(X8,X9) | ~eqdim(X9,X10) (1:9) [resolution 334,287]
37234. leq(sK2,sK0) (6:3) [backtracking split refutation 26575,37189,37231]
37231. $false {20} (8:0) [subsumption resolution 37224,566]
37224. ~p(sK2,sK0) {20} (8:3) [resolution 37195,293]
37195. ~eqdim(sK2,sK0) {20} (7:3) [resolution 37189,286]
37189. ~leq(sK2,sK0) {20} (6:3) [backtracking splitting component]
26575. ~cont(X27,sK2) | ~leq(sK2,sK0) | ~sc(X27,sK0) (6:9) [subsumption resolution 18262,609]
609. ~cont(X7,sK11) (7:3) [resolution 604,490]
490. ~c(sK11,X1) (6:3) [resolution 487,259]
259. ~zex(intersection(X0,X1)) | ~c(X0,X1) (0:7) [cnf transformation 153]
153. ! [X0,X1] : ((c(X0,X1) | zex(intersection(X0,X1))) & (~zex(intersection(X0,X1)) | ~c(X0,X1)))[ennf transformation 82]
82. ! [X0,X1] : ((c(X0,X1) | zex(intersection(X0,X1))) & (~zex(intersection(X0,X1)) | ~c(X0,X1)))[flattening 13]
13. ! [X0] : ! [X1] : ((c(X0,X1) | zex(intersection(X0,X1))) & (~zex(intersection(X0,X1)) | ~c(X0,X1)))[input]
487. zex(intersection(sK11,X0)) (5:4) [subsumption resolution 486,343]
486. ~zex(sK11) | zex(intersection(sK11,X0)) (5:6) [superposition 314,420]
420. intersection(X0,sK11) = sK11 (4:5) [resolution 401,343]
401. ~zex(X4) | intersection(X3,X4) = sK11 (3:7) [resolution 392,306]
306. zex(intersection(X0,X1)) | ~zex(X1) (0:6) [cnf transformation 170]
170. ! [X0,X1] : (~zex(X1) | zex(intersection(X0,X1)))[ennf transformation 105]
105. ! [X0,X1] : (~zex(X1) | zex(intersection(X0,X1)))[flattening 59]
59. ! [X0] : ! [X1] : (~zex(X1) | zex(intersection(X0,X1)))[input]
314. ~zex(intersection(X1,X0)) | zex(intersection(X0,X1)) (0:8) [cnf transformation 177]
177. ! [X0,X1] : (~zex(intersection(X1,X0)) | zex(intersection(X0,X1)))[ennf transformation 112]
112. ! [X0,X1] : (~zex(intersection(X1,X0)) | zex(intersection(X0,X1)))[flattening 37]
37. ! [X0] : ! [X1] : (~zex(intersection(X1,X0)) | zex(intersection(X0,X1)))[input]
604. c(X0,X1) | ~cont(X1,X0) (1:6) [subsumption resolution 596,308]
596. c(X0,X1) | ~cont(X1,X0) | zex(X1) (1:8) [resolution 285,242]
285. ~cont(X3,X1) | c(X0,X1) | ~cont(X3,X0) (0:9) [cnf transformation 236]
236. ! [X0,X1] : ((~c(X0,X1) | (cont(sK9(X1,X0),X0) & cont(sK9(X1,X0),X1))) & (! [X3] : (~cont(X3,X0) | ~cont(X3,X1)) | c(X0,X1)))[skolemisation 161]
161. ! [X0,X1] : ((~c(X0,X1) | ? [X2] : (cont(X2,X0) & cont(X2,X1))) & (! [X3] : (~cont(X3,X0) | ~cont(X3,X1)) | c(X0,X1)))[ennf transformation 92]
92. ! [X0,X1] : ((~c(X0,X1) | ? [X2] : (cont(X2,X0) & cont(X2,X1))) & (~? [X3] : (cont(X3,X0) & cont(X3,X1)) | c(X0,X1)))[flattening 91]
91. ! [X0] : ! [X1] : ((~c(X0,X1) | ? [X2] : (cont(X2,X0) & cont(X2,X1))) & (~? [X3] : (cont(X3,X0) & cont(X3,X1)) | c(X0,X1)))[rectify 24]
24. ! [X0] : ! [X1] : ((~c(X0,X1) | ? [X2] : (cont(X2,X0) & cont(X2,X1))) & (~? [X2] : (cont(X2,X0) & cont(X2,X1)) | c(X0,X1)))[input]
18262. cont(X27,sK11) | ~cont(X27,sK2) | ~leq(sK2,sK0) | ~sc(X27,sK0) (6:12) [superposition 2052,18139]
2052. cont(X0,difference(X1,X2)) | ~cont(X0,X1) | ~leq(X1,X2) | ~sc(X0,X2) (1:14) [resolution 335,309]
309. lt(intersection(X0,X1),X0) | ~sc(X0,X1) (0:8) [cnf transformation 172]
172. ! [X0,X1] : (~sc(X0,X1) | lt(intersection(X0,X1),X0))[ennf transformation 107]
107. ! [X0,X1] : (~sc(X0,X1) | lt(intersection(X0,X1),X0))[flattening 45]
45. ! [X0] : ! [X1] : (~sc(X0,X1) | lt(intersection(X0,X1),X0))[input]
335. ~lt(intersection(X2,X1),X2) | cont(X2,difference(X0,X1)) | ~cont(X2,X0) | ~leq(X0,X1) (0:16) [cnf transformation 206]
206. ! [X0,X1,X2] : (~leq(X0,X1) | ~cont(X2,X0) | ~lt(intersection(X2,X1),X2) | cont(X2,difference(X0,X1)))[flattening 205]
205. ! [X0,X1,X2] : ((~leq(X0,X1) | ~cont(X2,X0) | ~lt(intersection(X2,X1),X2)) | cont(X2,difference(X0,X1)))[ennf transformation 130]
130. ! [X0,X1,X2] : (~(leq(X0,X1) & cont(X2,X0) & lt(intersection(X2,X1),X2)) | cont(X2,difference(X0,X1)))[flattening 9]
9. ! [X0] : ! [X1] : ! [X2] : (~(leq(X0,X1) & cont(X2,X0) & lt(intersection(X2,X1),X2)) | cont(X2,difference(X0,X1)))[input]
38276. ~eqdim(X1,sK0) | eqdim(sK2,X1) | ~leq(sK2,X1) (9:9) [resolution 37424,288]
37424. leq(X11,sK2) | ~eqdim(X11,sK0) (8:6) [resolution 37410,2346]
2346. ~eqdim(X7,X6) | leq(X5,X6) | ~eqdim(X5,X7) (2:9) [resolution 792,286]
792. ~leq(X5,X7) | leq(X5,X6) | ~eqdim(X7,X6) (1:9) [resolution 334,286]
37410. eqdim(sK0,sK2) (7:3) [backtracking split refutation 37235,37303,37408]
37408. $false {21} (9:0) [subsumption resolution 37402,566]
37402. ~p(sK2,sK0) {21} (9:3) [resolution 37305,637]
37305. ~eqdim(sK0,sK2) {21} (8:3) [resolution 37303,286]
37303. ~leq(sK0,sK2) {21} (7:3) [backtracking splitting component]
37235. eqdim(sK0,sK2) | ~leq(sK0,sK2) (7:6) [resolution 37234,288]
1814. ~leq(sK0,intersection(sK0,sK1)) {4} (1:5) [backtracking splitting component]
1806. lt(intersection(sK2,intersection(sK0,sK1)),sK2) | ~leq(sK0,intersection(sK0,sK1)) (1:12) [resolution 336,239]
336. ~p(X2,difference(X0,X1)) | lt(intersection(X2,X1),X2) | ~leq(X0,X1) (0:13) [cnf transformation 208]
208. ! [X0,X1,X2] : (~leq(X0,X1) | ~p(X2,difference(X0,X1)) | lt(intersection(X2,X1),X2))[flattening 207]
207. ! [X0,X1,X2] : ((~leq(X0,X1) | ~p(X2,difference(X0,X1))) | lt(intersection(X2,X1),X2))[ennf transformation 131]
131. ! [X0,X1,X2] : (~(leq(X0,X1) & p(X2,difference(X0,X1))) | lt(intersection(X2,X1),X2))[flattening 11]
11. ! [X0] : ! [X1] : ! [X2] : (~(leq(X0,X1) & p(X2,difference(X0,X1))) | lt(intersection(X2,X1),X2))[input]
------------------------------
Version: Vampire 0.6 (revision 903)
Termination reason: Refutation

Active clauses: 1970
Passive clauses: 19484
Generated clauses: 45247
Final active clauses: 1076
Final passive clauses: 11097
Input formulas: 67
Initial clauses: 107

Duplicate literals: 693
Fw subsumption resolutions: 2860
Fw demodulations: 2370
Bw demodulations: 232

Simple tautologies: 548
Equational tautologies: 14
Forward subsumptions: 20399

Binary resolution: 32513
Factoring: 13
Forward superposition: 2498
Backward superposition: 2715
Self superposition: 1

Backtracking splits: 23
Backtracking splits refuted: 12
Backtracking splits refuted at zero level: 8

Memory used: 6908KB
Time elapsed: 2.021 s
------------------------------
% Success in time 7.236 s
