Hi Geoff, go and have some cold beer while I am trying to solve this very hard problem!
% remaining time: 5999 next slice time: 3
dis-4_5_bd=off:bs=off:ep=RST:fde=none:lcm=predicate:n=on:nicw=on:nwc=2:ptb=off:sio=off:spl=backtracking:ss=included:ssec=off:st=5:updr=off_3 on C:\Users\torsten\Documents\github\colore\ontologies\multidim_mereotopology_codi\theorems\conversions\codi_int_theorems_goal19.all
Refutation found. Thanks to Tanya!
430. $false (2:0) [subsumption resolution 429,214]
214. zex(intersection(sK0,y)) (0:4) [cnf transformation 167]
167. zex(intersection(sK0,y)) & ~zex(intersection(sK0,intersection(sK0,y)))[skolemisation 119]
119. ? [X0] : (zex(intersection(X0,y)) & ~zex(intersection(X0,intersection(X0,y))))[ennf transformation 1]
1. ~! [X0] : (zex(intersection(X0,y)) => zex(intersection(X0,intersection(X0,y))))[negated conjecture]
429. ~zex(intersection(sK0,y)) (2:4) [resolution 418,365]
365. c(sK0,intersection(sK0,y)) (1:5) [resolution 283,215]
215. ~zex(intersection(sK0,intersection(sK0,y))) (0:6) [cnf transformation 167]
283. zex(intersection(X0,X1)) | c(X0,X1) (0:7) [cnf transformation 208]
208. ! [X0,X1] : ((c(X0,X1) | zex(intersection(X0,X1))) & (~zex(intersection(X0,X1)) | ~c(X0,X1)))[nnf transformation 149]
149. ! [X0,X1] : (~c(X0,X1) <=> zex(intersection(X0,X1)))[ennf transformation 99]
99. ! [X0,X1] : (~c(X0,X1) <=> zex(intersection(X0,X1)))[flattening 98]
98. ! [X0] : ! [X1] : (~c(X0,X1) <=> zex(intersection(X0,X1)))[rectify 24]
24. ! [X48] : ! [X49] : (~c(X48,X49) <=> zex(intersection(X48,X49)))[input]
418. ~c(X2,X3) | ~zex(X3) (1:5) [resolution 272,229]
229. ~cont(X1,X0) | ~zex(X0) (0:5) [cnf transformation 125]
125. ! [X0,X1] : (~zex(X0) | (~cont(X1,X0) & ~cont(X0,X1)))[ennf transformation 53]
53. ! [X0,X1] : (zex(X0) => (~cont(X1,X0) & ~cont(X0,X1)))[flattening 52]
52. ! [X0] : ! [X1] : (zex(X0) => (~cont(X1,X0) & ~cont(X0,X1)))[rectify 20]
20. ! [X40] : ! [X0] : (zex(X40) => (~cont(X0,X40) & ~cont(X40,X0)))[input]
272. cont(sK10(X1,X0),X1) | ~c(X0,X1) (0:8) [cnf transformation 201]
201. ! [X0,X1] : ((~c(X0,X1) | (cont(sK10(X1,X0),X0) & cont(sK10(X1,X0),X1))) & (! [X3] : (~cont(X3,X0) | ~cont(X3,X1)) | c(X0,X1)))[skolemisation 200]
200. ! [X0,X1] : ((~c(X0,X1) | ? [X2] : (cont(X2,X0) & cont(X2,X1))) & (! [X3] : (~cont(X3,X0) | ~cont(X3,X1)) | c(X0,X1)))[rectify 199]
199. ! [X0,X1] : ((~c(X0,X1) | ? [X2] : (cont(X2,X0) & cont(X2,X1))) & (! [X2] : (~cont(X2,X0) | ~cont(X2,X1)) | c(X0,X1)))[nnf transformation 91]
91. ! [X0,X1] : (c(X0,X1) <=> ? [X2] : (cont(X2,X0) & cont(X2,X1)))[flattening 90]
90. ! [X0] : ! [X1] : (c(X0,X1) <=> ? [X2] : (cont(X2,X0) & cont(X2,X1)))[rectify 2]
2. ! [X1] : ! [X2] : (c(X1,X2) <=> ? [X3] : (cont(X3,X1) & cont(X3,X2)))[input]
------------------------------
Version: Vampire 0.6 (revision 903)
Termination reason: Refutation

Active clauses: 95
Passive clauses: 154
Generated clauses: 211
Final active clauses: 95
Final passive clauses: 49
Input formulas: 43
Initial clauses: 89

Selected by SInE selection: 43
SInE iterations: 1

Duplicate literals: 4
Fw subsumption resolutions: 1

Simple tautologies: 6
Forward subsumptions: 55

Binary resolution: 115
Factoring: 2

Memory used: 255KB
Time elapsed: 0.016 s
------------------------------
% Success in time 0.078 s
============================= C:\Reasoning\vampire_win ================================
execution finished: Sun Jun 24 23:35:41 2018
total CPU time used: 0
The command was "C:\Reasoning\vampire_win --mode casc --proof tptp -t 600 --input_file C:\Users\torsten\Documents\github\colore\ontologies\multidim_mereotopology_codi\theorems\conversions\codi_int_theorems_goal19.all.tptp"
Input read from 
============================ end of footer ===========================
