============================== Mace4 =================================
Mace4 (32) version Dec-2007, Dec 2007.
Process 18260 was started by torsten on torsten-2016,
Sun Jun 24 00:58:40 2018
The command was "/cygdrive/c/Reasoning/prover9-bin/bin-win32/mace4 -v0 -t600 -s60 -n2 -N20 -f C:\Users\torsten\Documents\github\colore\ontologies\multidim_mereotopology_dim\conversions\dim_basic.p9 C:\Users\torsten\Documents\github\colore\ontologies\multidim_mereotopology_dim\conversions\dim_prime_linear.p9 C:\Users\torsten\Documents\github\colore\ontologies\multidim_mereotopology_cont\definitions\conversions\c.p9 C:\Users\torsten\Documents\github\colore\ontologies\multidim_mereotopology_dim\definitions\conversions\dim_basic_defs.p9 C:\Users\torsten\Documents\github\colore\ontologies\multidim_mereotopology_codi\definitions\conversions\ep.p9 C:\Users\torsten\Documents\github\colore\ontologies\multidim_mereotopology_zex\conversions\zex.p9 C:\Users\torsten\Documents\github\colore\ontologies\multidim_mereotopology_codi\definitions\conversions\sc.p9 C:\Users\torsten\Documents\github\colore\ontologies\multidim_mereotopology_cont\conversions\cont_c_ext.p9 C:\Users\torsten\Documents\github\colore\ontologies\multidim_mereotopology_codi\definitions\conversions\po.p9 C:\Users\torsten\Documents\github\colore\ontologies\multidim_mereotopology_cont\conversions\cont_basic.p9 C:\Users\torsten\Documents\github\colore\ontologies\multidim_mereotopology_dim\definitions\conversions\eq_dim.p9 C:\Users\torsten\Documents\github\colore\ontologies\multidim_mereotopology_dim\definitions\conversions\dim_defs.p9 C:\Users\torsten\Documents\github\colore\ontologies\multidim_mereotopology_codi\theorems\conversions\codi_int_theorems_goal13.p9 C:\Users\torsten\Documents\github\colore\ontologies\multidim_mereotopology_codi\conversions\codi_int.p9 C:\Users\torsten\Documents\github\colore\ontologies\multidim_mereotopology_codi\definitions\conversions\inc.p9 C:\Users\torsten\Documents\github\colore\ontologies\multidim_mereotopology_codi\conversions\codi_basic.p9 C:\Users\torsten\Documents\github\colore\ontologies\multidim_mereotopology_cont\conversions\cont_ext.p9 C:\Users\torsten\Documents\github\colore\ontologies\multidim_mereotopology_codi\conversions\codi_linear.p9 C:\Users\torsten\Documents\github\colore\ontologies\multidim_mereotopology_dim\conversions\dim_prime_linear_unbounded.p9 C:\Users\torsten\Documents\github\colore\ontologies\multidim_mereotopology_dim\definitions\conversions\covers.p9 C:\Users\torsten\Documents\github\colore\ontologies\multidim_mereotopology_dim\definitions\conversions\min_max_dim.p9".
============================== end of head ===========================

============================== INPUT =================================

% Reading from file C:\Users\torsten\Documents\github\colore\ontologies\multidim_mereotopology_dim\conversions\dim_basic.p9


formulas(sos).
(all x11 -lt(x11,x11)).
(all x22 all x21 (lt(x22,x21) -> -lt(x21,x22))).
(all x32 all x31 all x33 (lt(x32,x31) & lt(x31,x33) -> lt(x32,x33))).
(all x41 eqdim(x41,x41)).
(all x52 all x51 (eqdim(x52,x51) -> eqdim(x51,x52))).
(all x62 all x61 all x63 (eqdim(x62,x61) & eqdim(x61,x63) -> eqdim(x62,x63))).
(all x72 all x71 (lt(x72,x71) -> -eqdim(x72,x71))).
(all x82 all x81 all x83 (eqdim(x82,x81) -> (lt(x83,x82) -> lt(x83,x81)))).
(all x92 all x91 all x93 (eqdim(x92,x91) -> (lt(x92,x93) -> lt(x91,x93)))).
(exists x102 (-zex(x102) & (all x101 (lt(x101,x102) -> zex(x101))))).
(all x112 all x111 (zex(x112) & zex(x111) -> x112 = x111)).
(all x122 all x121 (zex(x122) & -zex(x121) -> lt(x122,x121))).
end_of_list.

% Reading from file C:\Users\torsten\Documents\github\colore\ontologies\multidim_mereotopology_dim\conversions\dim_prime_linear.p9


formulas(sos).
(exists x2 mindim(x2)).
end_of_list.

% Reading from file C:\Users\torsten\Documents\github\colore\ontologies\multidim_mereotopology_cont\definitions\conversions\c.p9


formulas(sos).
(all x12 all x11 (c(x12,x11) <-> (exists x13 (cont(x13,x12) & cont(x13,x11))))).
end_of_list.

% Reading from file C:\Users\torsten\Documents\github\colore\ontologies\multidim_mereotopology_dim\definitions\conversions\dim_basic_defs.p9


formulas(sos).
(all x12 all x11 (gt(x12,x11) <-> lt(x11,x12))).
(all x22 all x21 (geq(x22,x21) <-> leq(x21,x22))).
(all x32 all x31 (lt(x32,x31) <-> leq(x32,x31) & -eqdim(x32,x31))).
end_of_list.

% Reading from file C:\Users\torsten\Documents\github\colore\ontologies\multidim_mereotopology_codi\definitions\conversions\ep.p9


formulas(sos).
(all x12 all x11 (p(x12,x11) <-> cont(x12,x11) & eqdim(x12,x11))).
end_of_list.

% Reading from file C:\Users\torsten\Documents\github\colore\ontologies\multidim_mereotopology_zex\conversions\zex.p9


formulas(sos).
(exists x2 zex(x2)).
end_of_list.

% Reading from file C:\Users\torsten\Documents\github\colore\ontologies\multidim_mereotopology_codi\definitions\conversions\sc.p9


formulas(sos).
(all x12 all x11 (sc(x12,x11) <-> (exists x13 (cont(x13,x12) & cont(x13,x11))) & (all x13 (cont(x13,x12) & cont(x13,x11) -> lt(x13,x12) & lt(x13,x11))))).
end_of_list.

% Reading from file C:\Users\torsten\Documents\github\colore\ontologies\multidim_mereotopology_cont\conversions\cont_c_ext.p9


formulas(sos).
end_of_list.

% Reading from file C:\Users\torsten\Documents\github\colore\ontologies\multidim_mereotopology_codi\definitions\conversions\po.p9


formulas(sos).
(all x12 all x11 (po(x12,x11) <-> (exists x13 (p(x13,x12) & p(x13,x11))))).
end_of_list.

% Reading from file C:\Users\torsten\Documents\github\colore\ontologies\multidim_mereotopology_cont\conversions\cont_basic.p9


formulas(sos).
(all x11 (-zex(x11) <-> cont(x11,x11))).
(all x22 all x21 (cont(x22,x21) & cont(x21,x22) -> x22 = x21)).
(all x32 all x31 all x33 (cont(x32,x31) & cont(x31,x33) -> cont(x32,x33))).
(all x42 all x41 (zex(x42) -> -cont(x41,x42) & -cont(x42,x41))).
(all x52 all x51 (zex(x52) & zex(x51) -> x52 = x51)).
end_of_list.

% Reading from file C:\Users\torsten\Documents\github\colore\ontologies\multidim_mereotopology_dim\definitions\conversions\eq_dim.p9


formulas(sos).
(all x12 all x11 (eqdim(x12,x11) <-> leq(x12,x11) & leq(x11,x12))).
end_of_list.

% Reading from file C:\Users\torsten\Documents\github\colore\ontologies\multidim_mereotopology_dim\definitions\conversions\dim_defs.p9


formulas(sos).
end_of_list.

% Reading from file C:\Users\torsten\Documents\github\colore\ontologies\multidim_mereotopology_codi\theorems\conversions\codi_int_theorems_goal13.p9


formulas(goals).
(all x131 (-zex(x131) & -zex(intersection(x131,x131)) -> p(intersection(x131,x131),x131))).
end_of_list.

% Reading from file C:\Users\torsten\Documents\github\colore\ontologies\multidim_mereotopology_codi\conversions\codi_int.p9


formulas(sos).
(all x12 all x11 (-c(x12,x11) <-> zex(intersection(x12,x11)))).
(all x22 all x21 (-zex(intersection(x22,x21)) -> cont(intersection(x22,x21),x22))).
(all x32 all x31 all x33 (cont(x33,x32) & cont(x33,x31) -> leq(x33,intersection(x32,x31)))).
(all x42 all x41 all x43 (cont(x43,x42) & cont(x43,x41) & eqdim(x43,intersection(x42,x41)) <-> p(x43,intersection(x42,x41)))).
end_of_list.

% Reading from file C:\Users\torsten\Documents\github\colore\ontologies\multidim_mereotopology_codi\definitions\conversions\inc.p9


formulas(sos).
(all x12 all x11 (inc(x12,x11) <-> (exists x13 (lt(x13,x12) & cont(x13,x12) & p(x13,x11))) | (exists x13 (lt(x13,x11) & cont(x13,x11) & p(x13,x12))))).
end_of_list.

% Reading from file C:\Users\torsten\Documents\github\colore\ontologies\multidim_mereotopology_codi\conversions\codi_basic.p9


formulas(sos).
(all x12 all x11 (cont(x12,x11) -> lt(x12,x11) | eqdim(x12,x11))).
end_of_list.

% Reading from file C:\Users\torsten\Documents\github\colore\ontologies\multidim_mereotopology_cont\conversions\cont_ext.p9


formulas(sos).
(all x12 all x11 ((all x13 (cont(x13,x12) <-> cont(x13,x11))) -> x12 = x11)).
end_of_list.

% Reading from file C:\Users\torsten\Documents\github\colore\ontologies\multidim_mereotopology_codi\conversions\codi_linear.p9


formulas(sos).
(all x12 all x11 (cont(x12,x11) -> lt(x12,x11) | eqdim(x12,x11))).
end_of_list.

% Reading from file C:\Users\torsten\Documents\github\colore\ontologies\multidim_mereotopology_dim\conversions\dim_prime_linear_unbounded.p9


formulas(sos).
(all x11 leq(x11,x11)).
(all x22 all x21 all x23 (leq(x22,x21) & leq(x21,x23) -> leq(x22,x23))).
(all x32 all x31 (zex(x32) & zex(x31) -> x32 = x31)).
(all x42 all x41 (zex(x42) -> leq(x42,x41))).
end_of_list.

% Reading from file C:\Users\torsten\Documents\github\colore\ontologies\multidim_mereotopology_dim\definitions\conversions\covers.p9


formulas(sos).
(all x12 all x11 (covers(x12,x11) <-> lt(x11,x12) & (all x13 -(lt(x11,x13) & lt(x13,x12))))).
end_of_list.

% Reading from file C:\Users\torsten\Documents\github\colore\ontologies\multidim_mereotopology_dim\definitions\conversions\min_max_dim.p9


formulas(sos).
(all x12 (maxdim(x12) <-> -zex(x12) & (all x11 leq(x11,x12)))).
(all x22 (mindim(x22) <-> -zex(x22) & (all x21 (-zex(x21) -> leq(x22,x21))))).
end_of_list.

% From the command line: clear(verbose).

% From the command line: assign(max_seconds, 600).

% From the command line: assign(max_seconds_per, 60).
    % assign(domain_size, 2) -> assign(start_size, 2).
    % assign(domain_size, 2) -> assign(end_size, 2).

% From the command line: assign(domain_size, 2).

% From the command line: assign(end_size, 20).

============================== end of input ==========================

============================== PROCESS NON-CLAUSAL FORMULAS ==========

% Formulas that are not ordinary clauses:
1 (all x11 -lt(x11,x11)) # label(non_clause).  [assumption].
2 (all x22 all x21 (lt(x22,x21) -> -lt(x21,x22))) # label(non_clause).  [assumption].
3 (all x32 all x31 all x33 (lt(x32,x31) & lt(x31,x33) -> lt(x32,x33))) # label(non_clause).  [assumption].
4 (all x41 eqdim(x41,x41)) # label(non_clause).  [assumption].
5 (all x52 all x51 (eqdim(x52,x51) -> eqdim(x51,x52))) # label(non_clause).  [assumption].
6 (all x62 all x61 all x63 (eqdim(x62,x61) & eqdim(x61,x63) -> eqdim(x62,x63))) # label(non_clause).  [assumption].
7 (all x72 all x71 (lt(x72,x71) -> -eqdim(x72,x71))) # label(non_clause).  [assumption].
8 (all x82 all x81 all x83 (eqdim(x82,x81) -> (lt(x83,x82) -> lt(x83,x81)))) # label(non_clause).  [assumption].
9 (all x92 all x91 all x93 (eqdim(x92,x91) -> (lt(x92,x93) -> lt(x91,x93)))) # label(non_clause).  [assumption].
10 (exists x102 (-zex(x102) & (all x101 (lt(x101,x102) -> zex(x101))))) # label(non_clause).  [assumption].
11 (all x112 all x111 (zex(x112) & zex(x111) -> x112 = x111)) # label(non_clause).  [assumption].
12 (all x122 all x121 (zex(x122) & -zex(x121) -> lt(x122,x121))) # label(non_clause).  [assumption].
13 (exists x2 mindim(x2)) # label(non_clause).  [assumption].
14 (all x12 all x11 (c(x12,x11) <-> (exists x13 (cont(x13,x12) & cont(x13,x11))))) # label(non_clause).  [assumption].
15 (all x12 all x11 (gt(x12,x11) <-> lt(x11,x12))) # label(non_clause).  [assumption].
16 (all x22 all x21 (geq(x22,x21) <-> leq(x21,x22))) # label(non_clause).  [assumption].
17 (all x32 all x31 (lt(x32,x31) <-> leq(x32,x31) & -eqdim(x32,x31))) # label(non_clause).  [assumption].
18 (all x12 all x11 (p(x12,x11) <-> cont(x12,x11) & eqdim(x12,x11))) # label(non_clause).  [assumption].
19 (exists x2 zex(x2)) # label(non_clause).  [assumption].
20 (all x12 all x11 (sc(x12,x11) <-> (exists x13 (cont(x13,x12) & cont(x13,x11))) & (all x13 (cont(x13,x12) & cont(x13,x11) -> lt(x13,x12) & lt(x13,x11))))) # label(non_clause).  [assumption].
21 (all x12 all x11 (po(x12,x11) <-> (exists x13 (p(x13,x12) & p(x13,x11))))) # label(non_clause).  [assumption].
22 (all x11 (-zex(x11) <-> cont(x11,x11))) # label(non_clause).  [assumption].
23 (all x22 all x21 (cont(x22,x21) & cont(x21,x22) -> x22 = x21)) # label(non_clause).  [assumption].
24 (all x32 all x31 all x33 (cont(x32,x31) & cont(x31,x33) -> cont(x32,x33))) # label(non_clause).  [assumption].
25 (all x42 all x41 (zex(x42) -> -cont(x41,x42) & -cont(x42,x41))) # label(non_clause).  [assumption].
26 (all x52 all x51 (zex(x52) & zex(x51) -> x52 = x51)) # label(non_clause).  [assumption].
27 (all x12 all x11 (eqdim(x12,x11) <-> leq(x12,x11) & leq(x11,x12))) # label(non_clause).  [assumption].
28 (all x12 all x11 (-c(x12,x11) <-> zex(intersection(x12,x11)))) # label(non_clause).  [assumption].
29 (all x22 all x21 (-zex(intersection(x22,x21)) -> cont(intersection(x22,x21),x22))) # label(non_clause).  [assumption].
30 (all x32 all x31 all x33 (cont(x33,x32) & cont(x33,x31) -> leq(x33,intersection(x32,x31)))) # label(non_clause).  [assumption].
31 (all x42 all x41 all x43 (cont(x43,x42) & cont(x43,x41) & eqdim(x43,intersection(x42,x41)) <-> p(x43,intersection(x42,x41)))) # label(non_clause).  [assumption].
32 (all x12 all x11 (inc(x12,x11) <-> (exists x13 (lt(x13,x12) & cont(x13,x12) & p(x13,x11))) | (exists x13 (lt(x13,x11) & cont(x13,x11) & p(x13,x12))))) # label(non_clause).  [assumption].
33 (all x12 all x11 (cont(x12,x11) -> lt(x12,x11) | eqdim(x12,x11))) # label(non_clause).  [assumption].
34 (all x12 all x11 ((all x13 (cont(x13,x12) <-> cont(x13,x11))) -> x12 = x11)) # label(non_clause).  [assumption].
35 (all x12 all x11 (cont(x12,x11) -> lt(x12,x11) | eqdim(x12,x11))) # label(non_clause).  [assumption].
36 (all x11 leq(x11,x11)) # label(non_clause).  [assumption].
37 (all x22 all x21 all x23 (leq(x22,x21) & leq(x21,x23) -> leq(x22,x23))) # label(non_clause).  [assumption].
38 (all x32 all x31 (zex(x32) & zex(x31) -> x32 = x31)) # label(non_clause).  [assumption].
39 (all x42 all x41 (zex(x42) -> leq(x42,x41))) # label(non_clause).  [assumption].
40 (all x12 all x11 (covers(x12,x11) <-> lt(x11,x12) & (all x13 -(lt(x11,x13) & lt(x13,x12))))) # label(non_clause).  [assumption].
41 (all x12 (maxdim(x12) <-> -zex(x12) & (all x11 leq(x11,x12)))) # label(non_clause).  [assumption].
42 (all x22 (mindim(x22) <-> -zex(x22) & (all x21 (-zex(x21) -> leq(x22,x21))))) # label(non_clause).  [assumption].
43 (all x131 (-zex(x131) & -zex(intersection(x131,x131)) -> p(intersection(x131,x131),x131))) # label(non_clause) # label(goal).  [goal].

============================== end of process non-clausal formulas ===

============================== CLAUSES FOR SEARCH ====================

formulas(mace4_clauses).
-lt(x,x).
-lt(x,y) | -lt(y,x).
-lt(x,y) | -lt(y,z) | lt(x,z).
eqdim(x,x).
-eqdim(x,y) | eqdim(y,x).
-eqdim(x,y) | -eqdim(y,z) | eqdim(x,z).
-lt(x,y) | -eqdim(x,y).
-eqdim(x,y) | -lt(z,x) | lt(z,y).
-eqdim(x,y) | -lt(x,z) | lt(y,z).
-zex(c1).
-lt(x,c1) | zex(x).
-zex(x) | -zex(y) | y = x.
-zex(x) | zex(y) | lt(x,y).
mindim(c2).
-c(x,y) | cont(f1(x,y),x).
-c(x,y) | cont(f1(x,y),y).
c(x,y) | -cont(z,x) | -cont(z,y).
-gt(x,y) | lt(y,x).
gt(x,y) | -lt(y,x).
-geq(x,y) | leq(y,x).
geq(x,y) | -leq(y,x).
-lt(x,y) | leq(x,y).
-lt(x,y) | -eqdim(x,y).
lt(x,y) | -leq(x,y) | eqdim(x,y).
-p(x,y) | cont(x,y).
-p(x,y) | eqdim(x,y).
p(x,y) | -cont(x,y) | -eqdim(x,y).
zex(c3).
-sc(x,y) | cont(f2(x,y),x).
-sc(x,y) | cont(f2(x,y),y).
-sc(x,y) | -cont(z,x) | -cont(z,y) | lt(z,x).
-sc(x,y) | -cont(z,x) | -cont(z,y) | lt(z,y).
sc(x,y) | -cont(z,x) | -cont(z,y) | cont(f3(x,y),x).
sc(x,y) | -cont(z,x) | -cont(z,y) | cont(f3(x,y),y).
sc(x,y) | -cont(z,x) | -cont(z,y) | -lt(f3(x,y),x) | -lt(f3(x,y),y).
-po(x,y) | p(f4(x,y),x).
-po(x,y) | p(f4(x,y),y).
po(x,y) | -p(z,x) | -p(z,y).
zex(x) | cont(x,x).
-zex(x) | -cont(x,x).
-cont(x,y) | -cont(y,x) | y = x.
-cont(x,y) | -cont(y,z) | cont(x,z).
-zex(x) | -cont(y,x).
-zex(x) | -cont(x,y).
-zex(x) | -zex(y) | y = x.
-eqdim(x,y) | leq(x,y).
-eqdim(x,y) | leq(y,x).
eqdim(x,y) | -leq(x,y) | -leq(y,x).
c(x,y) | zex(intersection(x,y)).
-c(x,y) | -zex(intersection(x,y)).
zex(intersection(x,y)) | cont(intersection(x,y),x).
-cont(x,y) | -cont(x,z) | leq(x,intersection(y,z)).
-cont(x,y) | -cont(x,z) | -eqdim(x,intersection(y,z)) | p(x,intersection(y,z)).
cont(x,y) | -p(x,intersection(y,z)).
cont(x,y) | -p(x,intersection(z,y)).
eqdim(x,intersection(y,z)) | -p(x,intersection(y,z)).
-inc(x,y) | lt(f5(x,y),x) | lt(f6(x,y),y).
-inc(x,y) | lt(f5(x,y),x) | cont(f6(x,y),y).
-inc(x,y) | lt(f5(x,y),x) | p(f6(x,y),x).
-inc(x,y) | cont(f5(x,y),x) | lt(f6(x,y),y).
-inc(x,y) | cont(f5(x,y),x) | cont(f6(x,y),y).
-inc(x,y) | cont(f5(x,y),x) | p(f6(x,y),x).
-inc(x,y) | p(f5(x,y),y) | lt(f6(x,y),y).
-inc(x,y) | p(f5(x,y),y) | cont(f6(x,y),y).
-inc(x,y) | p(f5(x,y),y) | p(f6(x,y),x).
inc(x,y) | -lt(z,x) | -cont(z,x) | -p(z,y).
inc(x,y) | -lt(z,y) | -cont(z,y) | -p(z,x).
-cont(x,y) | lt(x,y) | eqdim(x,y).
cont(f7(x,y),x) | cont(f7(x,y),y) | x = y.
-cont(f7(x,y),x) | -cont(f7(x,y),y) | x = y.
-cont(x,y) | lt(x,y) | eqdim(x,y).
leq(x,x).
-leq(x,y) | -leq(y,z) | leq(x,z).
-zex(x) | -zex(y) | y = x.
-zex(x) | leq(x,y).
-covers(x,y) | lt(y,x).
-covers(x,y) | -lt(y,z) | -lt(z,x).
covers(x,y) | -lt(y,x) | lt(y,f8(x,y)).
covers(x,y) | -lt(y,x) | lt(f8(x,y),x).
-maxdim(x) | -zex(x).
-maxdim(x) | leq(y,x).
maxdim(x) | zex(x) | -leq(f9(x),x).
-mindim(x) | -zex(x).
-mindim(x) | zex(y) | leq(x,y).
mindim(x) | zex(x) | -zex(f10(x)).
mindim(x) | zex(x) | -leq(x,f10(x)).
-zex(c4).
-zex(intersection(c4,c4)).
-p(intersection(c4,c4),c4).
end_of_list.

============================== end of clauses for search =============

% There are no domain elements in the input.

============================== DOMAIN SIZE 2 =========================

=== Mace4 starting on domain size 2. ===

============================== STATISTICS ============================

For domain size 2.

Current CPU time: 0.00 seconds (total CPU time: 0.01 seconds).
Ground clauses: seen=400, kept=314.
Selections=1, assignments=1, propagations=26, current_models=0.
Rewrite_terms=24, rewrite_bools=65, indexes=12.
Rules_from_neg_clauses=3, cross_offs=3.

============================== end of statistics =====================

============================== DOMAIN SIZE 3 =========================

=== Mace4 starting on domain size 3. ===

============================== STATISTICS ============================

For domain size 3.

Current CPU time: 0.00 seconds (total CPU time: 0.01 seconds).
Ground clauses: seen=1065, kept=903.
Selections=5, assignments=12, propagations=139, current_models=0.
Rewrite_terms=321, rewrite_bools=1303, indexes=39.
Rules_from_neg_clauses=16, cross_offs=38.

============================== end of statistics =====================

============================== DOMAIN SIZE 4 =========================

=== Mace4 starting on domain size 4. ===

============================== STATISTICS ============================

For domain size 4.

Current CPU time: 0.00 seconds (total CPU time: 0.03 seconds).
Ground clauses: seen=2210, kept=1950.
Selections=10, assignments=32, propagations=257, current_models=0.
Rewrite_terms=599, rewrite_bools=3341, indexes=134.
Rules_from_neg_clauses=7, cross_offs=93.

============================== end of statistics =====================

============================== DOMAIN SIZE 5 =========================

=== Mace4 starting on domain size 5. ===

============================== STATISTICS ============================

For domain size 5.

Current CPU time: 0.00 seconds (total CPU time: 0.03 seconds).
Ground clauses: seen=3961, kept=3581.
Selections=10, assignments=33, propagations=330, current_models=0.
Rewrite_terms=831, rewrite_bools=5445, indexes=218.
Rules_from_neg_clauses=9, cross_offs=125.

============================== end of statistics =====================

============================== DOMAIN SIZE 6 =========================

=== Mace4 starting on domain size 6. ===

============================== STATISTICS ============================

For domain size 6.

Current CPU time: 0.00 seconds (total CPU time: 0.05 seconds).
Ground clauses: seen=6444, kept=5922.
Selections=10, assignments=33, propagations=385, current_models=0.
Rewrite_terms=1057, rewrite_bools=7658, indexes=289.
Rules_from_neg_clauses=11, cross_offs=148.

============================== end of statistics =====================

============================== DOMAIN SIZE 7 =========================

=== Mace4 starting on domain size 7. ===

============================== STATISTICS ============================

For domain size 7.

Current CPU time: 0.00 seconds (total CPU time: 0.08 seconds).
Ground clauses: seen=9785, kept=9099.
Selections=10, assignments=33, propagations=440, current_models=0.
Rewrite_terms=1311, rewrite_bools=10229, indexes=360.
Rules_from_neg_clauses=13, cross_offs=175.

============================== end of statistics =====================

============================== DOMAIN SIZE 8 =========================

=== Mace4 starting on domain size 8. ===

============================== STATISTICS ============================

For domain size 8.

Current CPU time: 0.00 seconds (total CPU time: 0.11 seconds).
Ground clauses: seen=14110, kept=13238.
Selections=10, assignments=33, propagations=495, current_models=0.
Rewrite_terms=1593, rewrite_bools=13158, indexes=431.
Rules_from_neg_clauses=15, cross_offs=206.

============================== end of statistics =====================

============================== DOMAIN SIZE 9 =========================

=== Mace4 starting on domain size 9. ===

============================== STATISTICS ============================

For domain size 9.

Current CPU time: 0.00 seconds (total CPU time: 0.17 seconds).
Ground clauses: seen=19545, kept=18465.
Selections=10, assignments=33, propagations=550, current_models=0.
Rewrite_terms=1903, rewrite_bools=16445, indexes=502.
Rules_from_neg_clauses=17, cross_offs=241.

============================== end of statistics =====================

============================== DOMAIN SIZE 10 ========================

=== Mace4 starting on domain size 10. ===

============================== STATISTICS ============================

For domain size 10.

Current CPU time: 0.00 seconds (total CPU time: 0.17 seconds).
Ground clauses: seen=26216, kept=24906.
Selections=10, assignments=33, propagations=605, current_models=0.
Rewrite_terms=2241, rewrite_bools=20090, indexes=573.
Rules_from_neg_clauses=19, cross_offs=280.

============================== end of statistics =====================

============================== DOMAIN SIZE 11 ========================

=== Mace4 starting on domain size 11. ===

============================== STATISTICS ============================

For domain size 11.

Current CPU time: 0.00 seconds (total CPU time: 0.23 seconds).
Ground clauses: seen=34249, kept=32687.
Selections=10, assignments=33, propagations=660, current_models=0.
Rewrite_terms=2607, rewrite_bools=24093, indexes=644.
Rules_from_neg_clauses=21, cross_offs=323.

============================== end of statistics =====================

============================== DOMAIN SIZE 12 ========================

=== Mace4 starting on domain size 12. ===

============================== STATISTICS ============================

For domain size 12.

Current CPU time: 0.00 seconds (total CPU time: 0.31 seconds).
Ground clauses: seen=43770, kept=41934.
Selections=10, assignments=33, propagations=715, current_models=0.
Rewrite_terms=3001, rewrite_bools=28454, indexes=715.
Rules_from_neg_clauses=23, cross_offs=370.

============================== end of statistics =====================

============================== DOMAIN SIZE 13 ========================

=== Mace4 starting on domain size 13. ===

============================== STATISTICS ============================

For domain size 13.

Current CPU time: 0.00 seconds (total CPU time: 0.47 seconds).
Ground clauses: seen=54905, kept=52773.
Selections=10, assignments=33, propagations=770, current_models=0.
Rewrite_terms=3423, rewrite_bools=33173, indexes=786.
Rules_from_neg_clauses=25, cross_offs=421.

============================== end of statistics =====================

============================== DOMAIN SIZE 14 ========================

=== Mace4 starting on domain size 14. ===

============================== STATISTICS ============================

For domain size 14.

Current CPU time: 0.00 seconds (total CPU time: 0.59 seconds).
Ground clauses: seen=67780, kept=65330.
Selections=10, assignments=33, propagations=825, current_models=0.
Rewrite_terms=3873, rewrite_bools=38250, indexes=857.
Rules_from_neg_clauses=27, cross_offs=476.

============================== end of statistics =====================

============================== DOMAIN SIZE 15 ========================

=== Mace4 starting on domain size 15. ===

============================== STATISTICS ============================

For domain size 15.

Current CPU time: 0.00 seconds (total CPU time: 0.75 seconds).
Ground clauses: seen=82521, kept=79731.
Selections=10, assignments=33, propagations=880, current_models=0.
Rewrite_terms=4351, rewrite_bools=43685, indexes=928.
Rules_from_neg_clauses=29, cross_offs=535.

============================== end of statistics =====================

============================== DOMAIN SIZE 16 ========================

=== Mace4 starting on domain size 16. ===

============================== STATISTICS ============================

For domain size 16.

Current CPU time: 0.00 seconds (total CPU time: 0.94 seconds).
Ground clauses: seen=99254, kept=96102.
Selections=10, assignments=33, propagations=935, current_models=0.
Rewrite_terms=4857, rewrite_bools=49478, indexes=999.
Rules_from_neg_clauses=31, cross_offs=598.

============================== end of statistics =====================

============================== DOMAIN SIZE 17 ========================

=== Mace4 starting on domain size 17. ===

============================== STATISTICS ============================

For domain size 17.

Current CPU time: 0.00 seconds (total CPU time: 1.14 seconds).
Ground clauses: seen=118105, kept=114569.
Selections=10, assignments=33, propagations=990, current_models=0.
Rewrite_terms=5391, rewrite_bools=55629, indexes=1070.
Rules_from_neg_clauses=33, cross_offs=665.

============================== end of statistics =====================

============================== DOMAIN SIZE 18 ========================

=== Mace4 starting on domain size 18. ===

============================== STATISTICS ============================

For domain size 18.

Current CPU time: 0.00 seconds (total CPU time: 1.41 seconds).
Ground clauses: seen=139200, kept=135258.
Selections=10, assignments=33, propagations=1045, current_models=0.
Rewrite_terms=5953, rewrite_bools=62138, indexes=1141.
Rules_from_neg_clauses=35, cross_offs=736.

============================== end of statistics =====================

============================== DOMAIN SIZE 19 ========================

=== Mace4 starting on domain size 19. ===

============================== STATISTICS ============================

For domain size 19.

Current CPU time: 0.00 seconds (total CPU time: 1.73 seconds).
Ground clauses: seen=162665, kept=158295.
Selections=10, assignments=33, propagations=1100, current_models=0.
Rewrite_terms=6543, rewrite_bools=69005, indexes=1212.
Rules_from_neg_clauses=37, cross_offs=811.

============================== end of statistics =====================

============================== DOMAIN SIZE 20 ========================

=== Mace4 starting on domain size 20. ===

============================== STATISTICS ============================

For domain size 20.

Current CPU time: 0.00 seconds (total CPU time: 2.11 seconds).
Ground clauses: seen=188626, kept=183806.
Selections=10, assignments=33, propagations=1155, current_models=0.
Rewrite_terms=7161, rewrite_bools=76230, indexes=1283.
Rules_from_neg_clauses=39, cross_offs=890.

============================== end of statistics =====================

------ process 18260 exit (exhausted) ------

User_CPU=2.11, System_CPU=0.06, Wall_clock=4.

Exiting with failure.

Process 18260 exit (exhausted) Sun Jun 24 00:58:44 2018
The process finished Sun Jun 24 00:58:44 2018
============================= C:\Reasoning\prover9-bin\bin-win32\mace4 ================================
execution finished: Sun Jun 24 00:58:45 2018
total CPU time used: 1.6
The command was "C:\Reasoning\prover9-bin\bin-win32\mace4 -v0 -t600 -s60 -n2 -N20 -f C:\Users\torsten\Documents\github\colore\ontologies\multidim_mereotopology_dim\conversions\dim_basic.p9 C:\Users\torsten\Documents\github\colore\ontologies\multidim_mereotopology_dim\conversions\dim_prime_linear.p9 C:\Users\torsten\Documents\github\colore\ontologies\multidim_mereotopology_cont\definitions\conversions\c.p9 C:\Users\torsten\Documents\github\colore\ontologies\multidim_mereotopology_dim\definitions\conversions\dim_basic_defs.p9 C:\Users\torsten\Documents\github\colore\ontologies\multidim_mereotopology_codi\definitions\conversions\ep.p9 C:\Users\torsten\Documents\github\colore\ontologies\multidim_mereotopology_zex\conversions\zex.p9 C:\Users\torsten\Documents\github\colore\ontologies\multidim_mereotopology_codi\definitions\conversions\sc.p9 C:\Users\torsten\Documents\github\colore\ontologies\multidim_mereotopology_cont\conversions\cont_c_ext.p9 C:\Users\torsten\Documents\github\colore\ontologies\multidim_mereotopology_codi\definitions\conversions\po.p9 C:\Users\torsten\Documents\github\colore\ontologies\multidim_mereotopology_cont\conversions\cont_basic.p9 C:\Users\torsten\Documents\github\colore\ontologies\multidim_mereotopology_dim\definitions\conversions\eq_dim.p9 C:\Users\torsten\Documents\github\colore\ontologies\multidim_mereotopology_dim\definitions\conversions\dim_defs.p9 C:\Users\torsten\Documents\github\colore\ontologies\multidim_mereotopology_codi\theorems\conversions\codi_int_theorems_goal13.p9 C:\Users\torsten\Documents\github\colore\ontologies\multidim_mereotopology_codi\conversions\codi_int.p9 C:\Users\torsten\Documents\github\colore\ontologies\multidim_mereotopology_codi\definitions\conversions\inc.p9 C:\Users\torsten\Documents\github\colore\ontologies\multidim_mereotopology_codi\conversions\codi_basic.p9 C:\Users\torsten\Documents\github\colore\ontologies\multidim_mereotopology_cont\conversions\cont_ext.p9 C:\Users\torsten\Documents\github\colore\ontologies\multidim_mereotopology_codi\conversions\codi_linear.p9 C:\Users\torsten\Documents\github\colore\ontologies\multidim_mereotopology_dim\conversions\dim_prime_linear_unbounded.p9 C:\Users\torsten\Documents\github\colore\ontologies\multidim_mereotopology_dim\definitions\conversions\covers.p9 C:\Users\torsten\Documents\github\colore\ontologies\multidim_mereotopology_dim\definitions\conversions\min_max_dim.p9"
Input read from 
============================ end of footer ===========================
