Hi Geoff, go and have some cold beer while I am trying to solve this very hard problem!
% remaining time: 5999 next slice time: 3
dis-4_5_bd=off:bs=off:ep=RST:fde=none:lcm=predicate:n=on:nicw=on:nwc=2:ptb=off:sio=off:spl=backtracking:ss=included:ssec=off:st=5:updr=off_3 on C:\Users\torsten\Documents\github\colore\ontologies\multidim_mereotopology_codi\theorems\conversions\codi_int_theorems_goal08.all
Time limit reached!
------------------------------
Version: Vampire 0.6 (revision 903)
Termination reason: Time limit

Active clauses: 487
Passive clauses: 1748
Generated clauses: 3725
Final active clauses: 485
Final passive clauses: 1178
Input formulas: 43
Initial clauses: 89

Selected by SInE selection: 43
SInE iterations: 1

Duplicate literals: 38
Fw subsumption resolutions: 86

Simple tautologies: 38
Forward subsumptions: 1857

Binary resolution: 3509
Factoring: 16

Backtracking splits: 35
Backtracking splits refuted: 6

Memory used: 767KB
Time elapsed: 0.402 s
------------------------------
% remaining time: 5993 next slice time: 13
dis-1010_2_bs=off:ep=on:n=on:nwc=1.5:sgo=on:sp=occurrence:ss=included:sswn=on:sswsr=on:st=1.5_13 on C:\Users\torsten\Documents\github\colore\ontologies\multidim_mereotopology_codi\theorems\conversions\codi_int_theorems_goal08.all
Time limit reached!
------------------------------
Version: Vampire 0.6 (revision 903)
Termination reason: Time limit

Active clauses: 848
Passive clauses: 3570
Generated clauses: 8561
Final active clauses: 848
Final passive clauses: 2461
Input formulas: 43
Initial clauses: 84

Unused predicate definitions: 2
Selected by SInE selection: 43
SInE iterations: 1

Duplicate literals: 140
Fw subsumption resolutions: 580

Simple tautologies: 174
Equational tautologies: 5
Forward subsumptions: 4353

Binary resolution: 5452
Factoring: 91
Forward superposition: 2174
Backward superposition: 50

Unique components: 2

Memory used: 1407KB
Time elapsed: 1.402 s
------------------------------
% remaining time: 5972 next slice time: 32
lrs+11_14_bd=off:bs=off:bsr=on:cond=on:drc=off:fde=none:fsr=off:gsp=input_only:lcm=reverse:n=on:nwc=10:ptb=off:sfv=off:sgo=on:sio=off:sos=on:sp=reverse_arity:spl=backtracking:ssec=off:stl=81_32 on C:\Users\torsten\Documents\github\colore\ontologies\multidim_mereotopology_codi\theorems\conversions\codi_int_theorems_goal08.all
Time limit reached!
------------------------------
Version: Vampire 0.6 (revision 903)
Termination reason: Time limit

Active clauses: 1876
Passive clauses: 4364
Generated clauses: 14922
Final active clauses: 1834
Final passive clauses: 2266
Input formulas: 43
Initial clauses: 82

Unused predicate definitions: 2

Duplicate literals: 162
Bw subsumption resolutions: 59
Fw demodulations: 434
Condensations: 36

Simple tautologies: 74
Equational tautologies: 260
Forward subsumptions: 9438

Binary resolution: 13561
Factoring: 24
Forward superposition: 163
Backward superposition: 249

Backtracking splits: 92
Backtracking splits refuted: 43
Backtracking splits refuted at zero level: 1

Memory used: 3837KB
Time elapsed: 3.310 s
------------------------------
% remaining time: 5937 next slice time: 95
dis+2_4_bs=off:ep=on:n=on:nicw=on:nwc=1.5:ptb=off:sac=on:sio=off:spl=backtracking:ssec=off_95 on C:\Users\torsten\Documents\github\colore\ontologies\multidim_mereotopology_codi\theorems\conversions\codi_int_theorems_goal08.all
============================= C:\Reasoning\vampire_win ================================
execution finished: Sun Jun 24 00:57:54 2018
total CPU time used: 0
The command was "C:\Reasoning\vampire_win --mode casc --proof tptp -t 600 --input_file C:\Users\torsten\Documents\github\colore\ontologies\multidim_mereotopology_codi\theorems\conversions\codi_int_theorems_goal08.all.tptp"
Input read from 
============================ end of footer ===========================
