Hi Geoff, go and have some cold beer while I am trying to solve this very hard problem!
% remaining time: 5999 next slice time: 3
dis-4_5_bd=off:bs=off:ep=RST:fde=none:lcm=predicate:n=on:nicw=on:nwc=2:ptb=off:sio=off:spl=backtracking:ss=included:ssec=off:st=5:updr=off_3 on theorems\conversions\codi_down_theoremsT6-T10_goal01b.all
Time limit reached!
------------------------------
Version: Vampire 0.6 (revision 903)
Termination reason: Time limit

Active clauses: 1398
Passive clauses: 8947
Generated clauses: 17116
Final active clauses: 1359
Final passive clauses: 6914
Input formulas: 67
Initial clauses: 111

Selected by SInE selection: 67
SInE iterations: 1

Duplicate literals: 147
Fw subsumption resolutions: 613

Simple tautologies: 53
Forward subsumptions: 7251

Binary resolution: 15838
Factoring: 24

Backtracking splits: 313
Backtracking splits refuted: 41
Backtracking splits refuted at zero level: 10

Memory used: 3198KB
Time elapsed: 0.404 s
------------------------------
% remaining time: 5995 next slice time: 13
dis-1010_2_bs=off:ep=on:n=on:nwc=1.5:sgo=on:sp=occurrence:ss=included:sswn=on:sswsr=on:st=1.5_13 on theorems\conversions\codi_down_theoremsT6-T10_goal01b.all
Refutation found. Thanks to Tanya!
6641. $false (5:0) [resolution 6597,4561]
4561. zex(difference(difference(X0,X0),X1)) (3:6) [resolution 2097,829]
829. p(difference(difference(X4,X5),X6),X4) | zex(difference(difference(X4,X5),X6)) (1:13) [resolution 304,335]
335. ~p(X2,difference(X0,X1)) | p(X2,X0) (0:8) [cnf transformation 200]
200. ! [X0,X1,X2] : (~p(X2,difference(X0,X1)) | p(X2,X0))[ennf transformation 126]
126. ! [X0,X1,X2] : (~p(X2,difference(X0,X1)) | p(X2,X0))[flattening 65]
65. ! [X0] : ! [X1] : ! [X2] : (~p(X2,difference(X0,X1)) | p(X2,X0))[input]
304. p(difference(X0,X1),X0) | zex(difference(X0,X1)) (0:9) [cnf transformation 99]
99. ! [X0,X1] : (zex(difference(X0,X1)) | p(difference(X0,X1),X0))[flattening 60]
60. ! [X0] : ! [X1] : (zex(difference(X0,X1)) | p(difference(X0,X1),X0))[input]
2097. ~p(difference(difference(X6,X7),X8),X7) (2:7) [subsumption resolution 2087,368]
368. ~p(X1,X2) | ~zex(X1) (1:5) [resolution 296,312]
312. ~cont(X0,X1) | ~zex(X0) (0:5) [cnf transformation 172]
172. ! [X0,X1] : (~zex(X0) | (~cont(X1,X0) & ~cont(X0,X1)))[ennf transformation 106]
106. ! [X0,X1] : (~zex(X0) | (~cont(X1,X0) & ~cont(X0,X1)))[flattening 22]
22. ! [X0] : ! [X1] : (~zex(X0) | (~cont(X1,X0) & ~cont(X0,X1)))[input]
296. cont(X0,X1) | ~p(X0,X1) (0:6) [cnf transformation 168]
168. ! [X0,X1] : ((~p(X0,X1) | (cont(X0,X1) & eqdim(X0,X1))) & (~cont(X0,X1) | ~eqdim(X0,X1) | p(X0,X1)))[flattening 167]
167. ! [X0,X1] : ((~p(X0,X1) | (cont(X0,X1) & eqdim(X0,X1))) & ((~cont(X0,X1) | ~eqdim(X0,X1)) | p(X0,X1)))[ennf transformation 95]
95. ! [X0,X1] : ((~p(X0,X1) | (cont(X0,X1) & eqdim(X0,X1))) & (~(cont(X0,X1) & eqdim(X0,X1)) | p(X0,X1)))[flattening 3]
3. ! [X0] : ! [X1] : ((~p(X0,X1) | (cont(X0,X1) & eqdim(X0,X1))) & (~(cont(X0,X1) & eqdim(X0,X1)) | p(X0,X1)))[input]
2087. ~p(difference(difference(X6,X7),X8),X7) | zex(difference(difference(X6,X7),X8)) (2:13) [resolution 1299,304]
1299. ~p(X0,difference(X1,X2)) | ~p(X0,X2) (1:8) [resolution 1298,283]
283. po(X0,X1) | ~p(X3,X1) | ~p(X3,X0) (0:9) [cnf transformation 236]
236. ! [X0,X1] : ((~po(X0,X1) | (p(sK8(X1,X0),X0) & p(sK8(X1,X0),X1))) & (! [X3] : (~p(X3,X0) | ~p(X3,X1)) | po(X0,X1)))[skolemisation 159]
159. ! [X0,X1] : ((~po(X0,X1) | ? [X2] : (p(X2,X0) & p(X2,X1))) & (! [X3] : (~p(X3,X0) | ~p(X3,X1)) | po(X0,X1)))[ennf transformation 89]
89. ! [X0,X1] : ((~po(X0,X1) | ? [X2] : (p(X2,X0) & p(X2,X1))) & (~? [X3] : (p(X3,X0) & p(X3,X1)) | po(X0,X1)))[flattening 88]
88. ! [X0] : ! [X1] : ((~po(X0,X1) | ? [X2] : (p(X2,X0) & p(X2,X1))) & (~? [X3] : (p(X3,X0) & p(X3,X1)) | po(X0,X1)))[rectify 4]
4. ! [X0] : ! [X1] : ((~po(X0,X1) | ? [X2] : (p(X2,X0) & p(X2,X1))) & (~? [X2] : (p(X2,X0) & p(X2,X1)) | po(X0,X1)))[input]
1298. ~po(X1,difference(X0,X1)) (0:5) [subsumption resolution 1297,565]
565. ~po(X0,X1) | ~zex(X1) (2:5) [resolution 282,369]
369. ~p(X3,X4) | ~zex(X4) (1:5) [resolution 296,311]
311. ~cont(X1,X0) | ~zex(X0) (0:5) [cnf transformation 172]
282. p(sK8(X1,X0),X1) | ~po(X0,X1) (0:8) [cnf transformation 236]
1297. ~po(X1,difference(X0,X1)) | zex(difference(X0,X1)) (0:9) [subsumption resolution 326,559]
559. ~po(X0,X1) | ~zex(X0) (2:5) [resolution 281,369]
281. p(sK8(X1,X0),X0) | ~po(X0,X1) (0:8) [cnf transformation 236]
326. ~po(X1,difference(X0,X1)) | zex(difference(X0,X1)) | zex(X1) (0:11) [cnf transformation 193]
193. ! [X0,X1] : (zex(X1) | zex(difference(X0,X1)) | ~po(X1,difference(X0,X1)))[flattening 192]
192. ! [X0,X1] : ((zex(X1) | zex(difference(X0,X1))) | ~po(X1,difference(X0,X1)))[ennf transformation 120]
120. ! [X0,X1] : (~(~zex(X1) & ~zex(difference(X0,X1))) | ~po(X1,difference(X0,X1)))[flattening 63]
63. ! [X0] : ! [X1] : (~(~zex(X1) & ~zex(difference(X0,X1))) | ~po(X1,difference(X0,X1)))[input]
6597. ~zex(X8) (4:2) [subsumption resolution 6596,242]
242. ~zex(sK0) (0:2) [cnf transformation 222]
222. p(sK2,difference(sK0,sK1)) & ~zex(sK2) & ~zex(sK0) & zex(intersection(sK0,sK1)) & ~p(sK2,difference(sK0,intersection(sK0,sK1)))[skolemisation 138]
138. ? [X0,X1,X2] : (p(X2,difference(X0,X1)) & ~zex(X2) & ~zex(X0) & zex(intersection(X0,X1)) & ~p(X2,difference(X0,intersection(X0,X1))))[flattening 137]
137. ? [X0,X1,X2] : ((p(X2,difference(X0,X1)) & ~zex(X2) & ~zex(X0) & zex(intersection(X0,X1))) & ~p(X2,difference(X0,intersection(X0,X1))))[ennf transformation 68]
68. ~! [X0,X1,X2] : (~(p(X2,difference(X0,X1)) & ~zex(X2) & ~zex(X0) & zex(intersection(X0,X1))) | p(X2,difference(X0,intersection(X0,X1))))[flattening 1]
1. ~! [X0] : ! [X1] : ! [X2] : (~(p(X2,difference(X0,X1)) & ~zex(X2) & ~zex(X0) & zex(intersection(X0,X1))) | p(X2,difference(X0,intersection(X0,X1))))[negated conjecture]
6596. ~zex(X8) | zex(sK0) (4:4) [subsumption resolution 6586,6052]
6052. ~mindim(sK0) (13:2) [subsumption resolution 6047,242]
6047. ~mindim(sK0) | zex(sK0) (13:4) [resolution 6024,246]
246. cont(X0,X0) | zex(X0) (0:5) [cnf transformation 139]
139. ! [X0] : ((zex(X0) | cont(X0,X0)) & (~cont(X0,X0) | ~zex(X0)))[ennf transformation 19]
19. ! [X0] : ((zex(X0) | cont(X0,X0)) & (~cont(X0,X0) | ~zex(X0)))[input]
6024. ~cont(sK0,sK0) | ~mindim(sK0) (12:5) [subsumption resolution 6020,888]
888. eqdim(X9,X10) | ~cont(X9,X10) | ~mindim(X10) (2:8) [subsumption resolution 881,312]
881. eqdim(X9,X10) | ~cont(X9,X10) | ~mindim(X10) | zex(X9) (2:10) [resolution 317,380]
380. ~lt(X0,X1) | ~mindim(X1) | zex(X0) (1:7) [resolution 249,294]
294. ~leq(X1,X0) | ~lt(X0,X1) (0:6) [cnf transformation 166]
166. ! [X0,X1] : ((~lt(X0,X1) | (leq(X0,X1) & ~leq(X1,X0))) & (~leq(X0,X1) | leq(X1,X0) | lt(X0,X1)))[flattening 165]
165. ! [X0,X1] : ((~lt(X0,X1) | (leq(X0,X1) & ~leq(X1,X0))) & ((~leq(X0,X1) | leq(X1,X0)) | lt(X0,X1)))[ennf transformation 94]
94. ! [X0,X1] : ((~lt(X0,X1) | (leq(X0,X1) & ~leq(X1,X0))) & (~(leq(X0,X1) & ~leq(X1,X0)) | lt(X0,X1)))[flattening 32]
32. ! [X0] : ! [X1] : ((~lt(X0,X1) | (leq(X0,X1) & ~leq(X1,X0))) & (~(leq(X0,X1) & ~leq(X1,X0)) | lt(X0,X1)))[input]
249. leq(X0,X1) | zex(X1) | ~mindim(X0) (0:7) [cnf transformation 223]
223. ! [X0] : ((~mindim(X0) | (~zex(X0) & ! [X1] : (zex(X1) | leq(X0,X1)))) & (zex(X0) | (~zex(sK3(X0)) & ~leq(X0,sK3(X0))) | mindim(X0)))[skolemisation 141]
141. ! [X0] : ((~mindim(X0) | (~zex(X0) & ! [X1] : (zex(X1) | leq(X0,X1)))) & (zex(X0) | ? [X2] : (~zex(X2) & ~leq(X0,X2)) | mindim(X0)))[flattening 140]
140. ! [X0] : ((~mindim(X0) | (~zex(X0) & ! [X1] : (zex(X1) | leq(X0,X1)))) & ((zex(X0) | ? [X2] : (~zex(X2) & ~leq(X0,X2))) | mindim(X0)))[ennf transformation 69]
69. ! [X0] : ((~mindim(X0) | (~zex(X0) & ! [X1] : (zex(X1) | leq(X0,X1)))) & (~(~zex(X0) & ! [X2] : (zex(X2) | leq(X0,X2))) | mindim(X0)))[rectify 31]
31. ! [X0] : ((~mindim(X0) | (~zex(X0) & ! [X1] : (zex(X1) | leq(X0,X1)))) & (~(~zex(X0) & ! [X1] : (zex(X1) | leq(X0,X1))) | mindim(X0)))[input]
317. lt(X0,X1) | eqdim(X0,X1) | ~cont(X0,X1) (0:9) [cnf transformation 177]
177. ! [X0,X1] : (~cont(X0,X1) | lt(X0,X1) | eqdim(X0,X1))[ennf transformation 111]
111. ! [X0,X1] : (~cont(X0,X1) | lt(X0,X1) | eqdim(X0,X1))[flattening 17]
17. ! [X0] : ! [X1] : (~cont(X0,X1) | lt(X0,X1) | eqdim(X0,X1))[input]
6020. ~mindim(sK0) | ~eqdim(sK0,sK0) | ~cont(sK0,sK0) (12:8) [resolution 6017,298]
298. p(X0,X1) | ~eqdim(X0,X1) | ~cont(X0,X1) (0:9) [cnf transformation 168]
6017. ~p(sK0,sK0) | ~mindim(sK0) (11:5) [subsumption resolution 6004,522]
522. ~zex(sK1) (3:2) [resolution 505,240]
240. p(sK2,difference(sK0,sK1)) (0:5) [cnf transformation 222]
505. ~p(sK2,difference(sK0,X0)) | ~zex(X0) (2:7) [subsumption resolution 410,243]
243. zex(intersection(sK0,sK1)) (0:4) [cnf transformation 222]
410. ~p(sK2,difference(sK0,X0)) | ~zex(X0) | ~zex(intersection(sK0,sK1)) (2:11) [superposition 244,393]
393. X0 = X1 | ~zex(X1) | ~zex(X0) (1:7) [resolution 350,354]
354. ~sQ1_eqProxy(X0,X1) | X0 = X1 (0:6) [equality proxy axiom]
350. sQ1_eqProxy(X0,X1) | ~zex(X1) | ~zex(X0) (0:7) [equality proxy replacement 320]
320. X0 = X1 | ~zex(X1) | ~zex(X0) (0:7) [cnf transformation 181]
181. ! [X0,X1] : (~zex(X0) | ~zex(X1) | X0 = X1)[flattening 180]
180. ! [X0,X1] : ((~zex(X0) | ~zex(X1)) | X0 = X1)[ennf transformation 114]
114. ! [X0,X1] : (~(zex(X0) & zex(X1)) | X0 = X1)[flattening 29]
29. ! [X0] : ! [X1] : (~(zex(X0) & zex(X1)) | X0 = X1)[input]
244. ~p(sK2,difference(sK0,intersection(sK0,sK1))) (0:7) [cnf transformation 222]
6004. ~p(sK0,sK0) | zex(sK1) | ~mindim(sK0) (11:7) [resolution 5991,249]
5991. ~leq(sK0,sK1) | ~p(sK0,sK0) (10:6) [resolution 4428,1515]
1515. ~p(sK0,difference(X1,sK1)) | ~leq(X1,sK1) (2:8) [subsumption resolution 1503,688]
688. p(sK2,sK0) (1:3) [resolution 335,240]
1503. ~p(sK0,difference(X1,sK1)) | ~leq(X1,sK1) | ~p(sK2,sK0) (2:11) [resolution 340,622]
622. ~lt(intersection(sK0,sK1),sK0) | ~p(sK2,sK0) (1:8) [superposition 244,316]
316. difference(X0,X1) = X0 | ~lt(X1,X0) (0:8) [cnf transformation 176]
176. ! [X0,X1] : (~lt(X1,X0) | difference(X0,X1) = X0)[ennf transformation 110]
110. ! [X0,X1] : (~lt(X1,X0) | difference(X0,X1) = X0)[flattening 8]
8. ! [X0] : ! [X1] : (~lt(X1,X0) | difference(X0,X1) = X0)[input]
340. lt(intersection(X2,X1),X2) | ~p(X2,difference(X0,X1)) | ~leq(X0,X1) (0:13) [cnf transformation 209]
209. ! [X0,X1,X2] : (~leq(X0,X1) | ~p(X2,difference(X0,X1)) | lt(intersection(X2,X1),X2))[flattening 208]
208. ! [X0,X1,X2] : ((~leq(X0,X1) | ~p(X2,difference(X0,X1))) | lt(intersection(X2,X1),X2))[ennf transformation 131]
131. ! [X0,X1,X2] : (~(leq(X0,X1) & p(X2,difference(X0,X1))) | lt(intersection(X2,X1),X2))[flattening 11]
11. ! [X0] : ! [X1] : ! [X2] : (~(leq(X0,X1) & p(X2,difference(X0,X1))) | lt(intersection(X2,X1),X2))[input]
4428. p(X0,difference(sK0,sK1)) | ~p(X0,sK0) (9:8) [resolution 4327,342]
342. po(X2,intersection(X0,X1)) | p(X2,difference(X0,X1)) | ~p(X2,X0) (0:13) [cnf transformation 213]
213. ! [X0,X1,X2] : (~p(X2,X0) | po(X2,intersection(X0,X1)) | p(X2,difference(X0,X1)))[flattening 212]
212. ! [X0,X1,X2] : ((~p(X2,X0) | po(X2,intersection(X0,X1))) | p(X2,difference(X0,X1)))[ennf transformation 133]
133. ! [X0,X1,X2] : (~(p(X2,X0) & ~po(X2,intersection(X0,X1))) | p(X2,difference(X0,X1)))[flattening 67]
67. ! [X0] : ! [X1] : ! [X2] : (~(p(X2,X0) & ~po(X2,intersection(X0,X1))) | p(X2,difference(X0,X1)))[input]
4327. ~po(X15,intersection(sK0,sK1)) (8:5) [resolution 4304,282]
4304. ~p(X3,intersection(sK0,sK1)) (7:5) [subsumption resolution 4264,331]
331. ~p(X2,intersection(X0,X1)) | cont(X2,X1) (0:8) [cnf transformation 198]
198. ! [X0,X1,X2] : ((~cont(X2,X0) | ~cont(X2,X1) | ~eqdim(X2,intersection(X0,X1)) | p(X2,intersection(X0,X1))) & (~p(X2,intersection(X0,X1)) | (cont(X2,X0) & cont(X2,X1) & eqdim(X2,intersection(X0,X1)))))[flattening 197]
197. ! [X0,X1,X2] : (((~cont(X2,X0) | ~cont(X2,X1) | ~eqdim(X2,intersection(X0,X1))) | p(X2,intersection(X0,X1))) & (~p(X2,intersection(X0,X1)) | (cont(X2,X0) & cont(X2,X1) & eqdim(X2,intersection(X0,X1)))))[ennf transformation 123]
123. ! [X0,X1,X2] : ((~(cont(X2,X0) & cont(X2,X1) & eqdim(X2,intersection(X0,X1))) | p(X2,intersection(X0,X1))) & (~p(X2,intersection(X0,X1)) | (cont(X2,X0) & cont(X2,X1) & eqdim(X2,intersection(X0,X1)))))[flattening 16]
16. ! [X0] : ! [X1] : ! [X2] : ((~(cont(X2,X0) & cont(X2,X1) & eqdim(X2,intersection(X0,X1))) | p(X2,intersection(X0,X1))) & (~p(X2,intersection(X0,X1)) | (cont(X2,X0) & cont(X2,X1) & eqdim(X2,intersection(X0,X1)))))[input]
4264. ~cont(X3,sK1) | ~p(X3,intersection(sK0,sK1)) (7:8) [resolution 3618,296]
3618. ~cont(X0,intersection(sK0,sK1)) | ~cont(X0,sK1) (6:8) [resolution 3605,289]
289. c(X0,X1) | ~cont(X3,X1) | ~cont(X3,X0) (0:9) [cnf transformation 237]
237. ! [X0,X1] : ((~c(X0,X1) | (cont(sK9(X1,X0),X0) & cont(sK9(X1,X0),X1))) & (! [X3] : (~cont(X3,X0) | ~cont(X3,X1)) | c(X0,X1)))[skolemisation 162]
162. ! [X0,X1] : ((~c(X0,X1) | ? [X2] : (cont(X2,X0) & cont(X2,X1))) & (! [X3] : (~cont(X3,X0) | ~cont(X3,X1)) | c(X0,X1)))[ennf transformation 92]
92. ! [X0,X1] : ((~c(X0,X1) | ? [X2] : (cont(X2,X0) & cont(X2,X1))) & (~? [X3] : (cont(X3,X0) & cont(X3,X1)) | c(X0,X1)))[flattening 91]
91. ! [X0] : ! [X1] : ((~c(X0,X1) | ? [X2] : (cont(X2,X0) & cont(X2,X1))) & (~? [X3] : (cont(X3,X0) & cont(X3,X1)) | c(X0,X1)))[rectify 24]
24. ! [X0] : ! [X1] : ((~c(X0,X1) | ? [X2] : (cont(X2,X0) & cont(X2,X1))) & (~? [X2] : (cont(X2,X0) & cont(X2,X1)) | c(X0,X1)))[input]
3605. ~c(intersection(sK0,sK1),sK1) (5:5) [resolution 3570,1370]
1370. ~zex(intersection(X0,intersection(X0,X1))) | ~c(intersection(X1,X0),X0) (1:11) [resolution 259,263]
263. ~zex(intersection(X0,X1)) | ~c(X0,X1) (0:7) [cnf transformation 154]
154. ! [X0,X1] : ((c(X0,X1) | zex(intersection(X0,X1))) & (~zex(intersection(X0,X1)) | ~c(X0,X1)))[ennf transformation 82]
82. ! [X0,X1] : ((c(X0,X1) | zex(intersection(X0,X1))) & (~zex(intersection(X0,X1)) | ~c(X0,X1)))[flattening 13]
13. ! [X0] : ! [X1] : ((c(X0,X1) | zex(intersection(X0,X1))) & (~zex(intersection(X0,X1)) | ~c(X0,X1)))[input]
259. zex(intersection(intersection(X0,X1),X1)) | ~zex(intersection(X1,intersection(X1,X0))) (0:12) [cnf transformation 229]
229. ! [X0,X1] : (~zex(intersection(X1,intersection(X1,X0))) | zex(intersection(intersection(X0,X1),X1)))[rectify 149]
149. ! [X1,X0] : (~zex(intersection(X0,intersection(X0,X1))) | zex(intersection(intersection(X1,X0),X0)))[ennf transformation 81]
81. ! [X1,X0] : (~zex(intersection(X0,intersection(X0,X1))) | zex(intersection(intersection(X1,X0),X0)))[flattening 80]
80. ! [X1] : ! [X0] : (~zex(intersection(X0,intersection(X0,X1))) | zex(intersection(intersection(X1,X0),X0)))[closure 58]
58. ! [X0] : (~zex(intersection(X0,intersection(X0,X1))) | zex(intersection(intersection(X1,X0),X0)))[input]
3570. zex(intersection(sK1,intersection(sK1,sK0))) (4:6) [resolution 1804,860]
860. ~cont(intersection(sK1,X5),sK0) (3:5) [subsumption resolution 856,312]
856. zex(intersection(sK1,X5)) | ~cont(intersection(sK1,X5),sK0) (3:9) [resolution 305,708]
708. ~cont(X0,sK1) | ~cont(X0,sK0) (2:6) [resolution 289,384]
384. ~c(sK0,sK1) (1:3) [resolution 263,243]
305. cont(intersection(X0,X1),X0) | zex(intersection(X0,X1)) (0:9) [cnf transformation 100]
100. ! [X0,X1] : (zex(intersection(X0,X1)) | cont(intersection(X0,X1),X0))[flattening 14]
14. ! [X0] : ! [X1] : (zex(intersection(X0,X1)) | cont(intersection(X0,X1),X0))[input]
1804. cont(intersection(X2,intersection(X2,X3)),X3) | zex(intersection(X2,intersection(X2,X3))) (1:13) [resolution 1770,331]
1770. p(intersection(X0,intersection(X0,X1)),intersection(X0,X1)) | zex(intersection(X0,intersection(X0,X1))) (0:15) [subsumption resolution 327,310]
310. zex(intersection(X0,X1)) | ~zex(X1) (0:6) [cnf transformation 171]
171. ! [X0,X1] : (~zex(X1) | zex(intersection(X0,X1)))[ennf transformation 105]
105. ! [X0,X1] : (~zex(X1) | zex(intersection(X0,X1)))[flattening 59]
59. ! [X0] : ! [X1] : (~zex(X1) | zex(intersection(X0,X1)))[input]
327. p(intersection(X0,intersection(X0,X1)),intersection(X0,X1)) | zex(intersection(X0,intersection(X0,X1))) | zex(intersection(X0,X1)) (0:19) [cnf transformation 195]
195. ! [X0,X1] : (zex(intersection(X0,X1)) | zex(intersection(X0,intersection(X0,X1))) | p(intersection(X0,intersection(X0,X1)),intersection(X0,X1)))[flattening 194]
194. ! [X0,X1] : ((zex(intersection(X0,X1)) | zex(intersection(X0,intersection(X0,X1)))) | p(intersection(X0,intersection(X0,X1)),intersection(X0,X1)))[ennf transformation 121]
121. ! [X0,X1] : (~(~zex(intersection(X0,X1)) & ~zex(intersection(X0,intersection(X0,X1)))) | p(intersection(X0,intersection(X0,X1)),intersection(X0,X1)))[flattening 54]
54. ! [X0] : ! [X1] : (~(~zex(intersection(X0,X1)) & ~zex(intersection(X0,intersection(X0,X1)))) | p(intersection(X0,intersection(X0,X1)),intersection(X0,X1)))[input]
6586. ~zex(X8) | mindim(sK0) | zex(sK0) (4:6) [resolution 6579,755]
755. lt(sK3(X2),X2) | mindim(X2) | zex(X2) (1:8) [resolution 737,251]
251. ~leq(X0,sK3(X0)) | mindim(X0) | zex(X0) (0:8) [cnf transformation 223]
737. leq(X1,X0) | lt(X0,X1) (0:6) [subsumption resolution 295,302]
302. leq(X1,X0) | leq(X0,X1) (0:6) [cnf transformation 97]
97. ! [X0,X1] : (leq(X0,X1) | leq(X1,X0))[flattening 27]
27. ! [X0] : ! [X1] : (leq(X0,X1) | leq(X1,X0))[input]
295. lt(X0,X1) | leq(X1,X0) | ~leq(X0,X1) (0:9) [cnf transformation 166]
6579. ~lt(X44,sK0) | ~zex(X45) (3:5) [subsumption resolution 6578,688]
6578. ~lt(X44,sK0) | ~p(sK2,sK0) | ~zex(X45) (3:8) [subsumption resolution 6562,309]
309. leq(X0,X1) | ~zex(X0) (0:5) [cnf transformation 170]
170. ! [X0,X1] : (~zex(X0) | leq(X0,X1))[ennf transformation 104]
104. ! [X0,X1] : (~zex(X0) | leq(X0,X1))[flattening 30]
30. ! [X0] : ! [X1] : (~zex(X0) | leq(X0,X1))[input]
6562. ~lt(X44,sK0) | ~leq(X45,X44) | ~p(sK2,sK0) | ~zex(X45) (3:11) [resolution 2117,644]
644. ~lt(X0,sK0) | ~p(sK2,sK0) | ~zex(X0) (2:8) [subsumption resolution 642,243]
642. ~lt(X0,sK0) | ~p(sK2,sK0) | ~zex(X0) | ~zex(intersection(sK0,sK1)) (2:12) [superposition 622,393]
2117. lt(X27,X29) | ~lt(X28,X29) | ~leq(X27,X28) (2:9) [resolution 904,737]
904. ~leq(X2,X0) | ~leq(X0,X1) | ~lt(X1,X2) (1:9) [resolution 338,294]
338. leq(X0,X2) | ~leq(X1,X2) | ~leq(X0,X1) (0:9) [cnf transformation 205]
205. ! [X0,X1,X2] : (~leq(X0,X1) | ~leq(X1,X2) | leq(X0,X2))[flattening 204]
204. ! [X0,X1,X2] : ((~leq(X0,X1) | ~leq(X1,X2)) | leq(X0,X2))[ennf transformation 129]
129. ! [X0,X1,X2] : (~(leq(X0,X1) & leq(X1,X2)) | leq(X0,X2))[flattening 28]
28. ! [X0] : ! [X1] : ! [X2] : (~(leq(X0,X1) & leq(X1,X2)) | leq(X0,X2))[input]
------------------------------
Version: Vampire 0.6 (revision 903)
Termination reason: Refutation

Active clauses: 671
Passive clauses: 2377
Generated clauses: 6354
Final active clauses: 671
Final passive clauses: 1605
Input formulas: 67
Initial clauses: 110

Selected by SInE selection: 67
SInE iterations: 1

Duplicate literals: 119
Fw subsumption resolutions: 401

Simple tautologies: 193
Equational tautologies: 5
Forward subsumptions: 3362

Binary resolution: 2992
Factoring: 15
Forward superposition: 2665
Backward superposition: 98

Unique components: 5

Memory used: 1023KB
Time elapsed: 0.175 s
------------------------------
% Success in time 0.634 s
