% ott+11_2:1_add=large:afp=40000:afq=2.0:amm=sco:anc=none:br=off:cond=on:irw=on:nwc=1:sd=2:ss=axioms:st=2.0:sos=all:urr=on:updr=off_3 on codi_down_sum_theorems_goal03.all
% Time limit reached!
% ------------------------------
% Version: Vampire 4.4.0 (commit f9be976 on 2020-01-20 19:56:10 +0000)
% Termination reason: Time limit
% Termination phase: Saturation

% Memory used [KB]: 7803
% Time elapsed: 0.600 s
% ------------------------------
% ------------------------------
% dis+1010_10_afr=on:afp=100000:afq=2.0:amm=sco:anc=none:ep=RS:fde=unused:gs=on:nwc=1:sos=on:sac=on:sp=occurrence_2 on codi_down_sum_theorems_goal03.all
% Refutation not found, incomplete strategy% ------------------------------
% Version: Vampire 4.4.0 (commit f9be976 on 2020-01-20 19:56:10 +0000)
% Termination reason: Refutation not found, incomplete strategy

% Memory used [KB]: 9978
% Time elapsed: 0.017 s
% ------------------------------
% ------------------------------
% ott+1010_5:4_av=off:bd=off:fde=none:irw=on:lma=on:nm=32:nwc=2.5:sd=2:ss=axioms:st=3.0:urr=on_5 on codi_down_sum_theorems_goal03.all
% Time limit reached!
% ------------------------------
% Version: Vampire 4.4.0 (commit f9be976 on 2020-01-20 19:56:10 +0000)
% Termination reason: Time limit
% Termination phase: Saturation

% Memory used [KB]: 4477
% Time elapsed: 0.900 s
% ------------------------------
% ------------------------------
% WARNING: value z3 for option sas not known
% lrs+4_2_av=off:gs=on:gsem=on:lma=on:nm=16:nwc=1:sas=z3:stl=30:sos=on:urr=on_3 on codi_down_sum_theorems_goal03.all
% Time limit reached!
% ------------------------------
% Version: Vampire 4.4.0 (commit f9be976 on 2020-01-20 19:56:10 +0000)
% Termination reason: Time limit

% Memory used [KB]: 9338
% Time elapsed: 0.621 s
% ------------------------------
% ------------------------------
% lrs+1011_3:1_add=off:afr=on:afp=10000:afq=1.1:amm=off:bce=on:cond=on:ep=R:fsr=off:nm=16:nwc=1:stl=30:sos=all:sp=reverse_arity:updr=off_2 on codi_down_sum_theorems_goal03.all
% Time limit reached!
% ------------------------------
% Version: Vampire 4.4.0 (commit f9be976 on 2020-01-20 19:56:10 +0000)
% Termination reason: Time limit
% Termination phase: Saturation

% Memory used [KB]: 9338
% Time elapsed: 0.500 s
% ------------------------------
% ------------------------------
% dis+1011_10_aac=none:add=large:afp=10000:afq=1.1:amm=off:anc=none:fsr=off:gs=on:gsem=off:irw=on:nm=6:newcnf=on:nwc=2.5:sp=reverse_arity:updr=off_2 on codi_down_sum_theorems_goal03.all
% Time limit reached!
% ------------------------------
% Version: Vampire 4.4.0 (commit f9be976 on 2020-01-20 19:56:10 +0000)
% Termination reason: Time limit
% Termination phase: Saturation

% Memory used [KB]: 13560
% Time elapsed: 0.500 s
% ------------------------------
% ------------------------------
% ott+1002_2_av=off:bd=preordered:irw=on:lma=on:nm=64:nwc=10:sp=reverse_arity:updr=off_22 on codi_down_sum_theorems_goal03.all
% Time limit reached!
% ------------------------------
% Version: Vampire 4.4.0 (commit f9be976 on 2020-01-20 19:56:10 +0000)
% Termination reason: Time limit
% Termination phase: Saturation

% Memory used [KB]: 6012
% Time elapsed: 3.0000 s
% ------------------------------
% ------------------------------
% lrs+1_2:3_aac=none:afr=on:afp=100000:afq=1.0:amm=sco:bd=off:fde=none:gs=on:gsem=on:irw=on:nm=4:nwc=1:stl=30:sos=on:sac=on:sp=occurrence:urr=ec_only:updr=off:uhcvi=on_16 on codi_down_sum_theorems_goal03.all
% Refutation not found, incomplete strategy% ------------------------------
% Version: Vampire 4.4.0 (commit f9be976 on 2020-01-20 19:56:10 +0000)
% Termination reason: Refutation not found, incomplete strategy

% Memory used [KB]: 9978
% Time elapsed: 0.019 s
% ------------------------------
% ------------------------------
% dis+1011_24_add=large:afr=on:afp=4000:afq=1.0:anc=none:bs=unit_only:bce=on:cond=fast:gs=on:nm=32:nwc=2.5:nicw=on:sp=occurrence:updr=off_4 on codi_down_sum_theorems_goal03.all
% Time limit reached!
% ------------------------------
% Version: Vampire 4.4.0 (commit f9be976 on 2020-01-20 19:56:10 +0000)
% Termination reason: Time limit
% Termination phase: Saturation

% Memory used [KB]: 13304
% Time elapsed: 0.800 s
% ------------------------------
% ------------------------------
% dis+11_4_afr=on:afp=1000:afq=1.4:amm=off:anc=none:lcm=reverse:lma=on:lwlo=on:nm=6:newcnf=on:nwc=1:sd=2:ss=axioms:st=2.0:sp=reverse_arity_2 on codi_down_sum_theorems_goal03.all
% Time limit reached!
% ------------------------------
% Version: Vampire 4.4.0 (commit f9be976 on 2020-01-20 19:56:10 +0000)
% Termination reason: Time limit
% Termination phase: Saturation

% Memory used [KB]: 7036
% Time elapsed: 0.500 s
% ------------------------------
% ------------------------------
% dis-3_5_av=off:cond=on:gs=on:gsem=off:lcm=predicate:nm=0:nwc=1:sos=on:sp=reverse_arity_3 on codi_down_sum_theorems_goal03.all
% Time limit reached!
% ------------------------------
% Version: Vampire 4.4.0 (commit f9be976 on 2020-01-20 19:56:10 +0000)
% Termination reason: Time limit

% Memory used [KB]: 9210
% Time elapsed: 0.617 s
% ------------------------------
% ------------------------------
% lrs+1011_3:2_av=off:er=known:lma=on:nm=2:newcnf=on:nwc=2:stl=30:sd=2:ss=axioms:st=3.0:urr=on:updr=off_5 on codi_down_sum_theorems_goal03.all
% Time limit reached!
% ------------------------------
% Version: Vampire 4.4.0 (commit f9be976 on 2020-01-20 19:56:10 +0000)
% Termination reason: Time limit
% Termination phase: Saturation

% Memory used [KB]: 4861
% Time elapsed: 0.900 s
% ------------------------------
% ------------------------------
% lrs+1003_2_acc=on:afp=4000:afq=2.0:amm=sco:bd=off:ccuc=small_ones:fsr=off:fde=unused:gsp=input_only:nm=64:newcnf=on:nwc=2.5:nicw=on:stl=30:urr=ec_only_8 on codi_down_sum_theorems_goal03.all
% Time limit reached!
% ------------------------------
% Version: Vampire 4.4.0 (commit f9be976 on 2020-01-20 19:56:10 +0000)
% Termination reason: Time limit
% Termination phase: Saturation

% Memory used [KB]: 11257
% Time elapsed: 1.200 s
% ------------------------------
% ------------------------------
% lrs+2_1_add=large:afp=100000:afq=1.0:amm=off:anc=none:bd=off:bs=unit_only:bsr=on:gsp=input_only:lma=on:lwlo=on:newcnf=on:nwc=1:stl=30:sos=theory:sp=reverse_arity:updr=off_14 on codi_down_sum_theorems_goal03.all
% Time limit reached!
% ------------------------------
% Version: Vampire 4.4.0 (commit f9be976 on 2020-01-20 19:56:10 +0000)
% Termination reason: Time limit
% Termination phase: Saturation

% Memory used [KB]: 10746
% Time elapsed: 2.0000 s
% ------------------------------
% ------------------------------
% ott+1_8_av=off:bd=off:bs=on:cond=on:gsp=input_only:gs=on:gsem=off:irw=on:lcm=predicate:lwlo=on:nwc=1:sos=on_10 on codi_down_sum_theorems_goal03.all
% Refutation not found, incomplete strategy% ------------------------------
% Version: Vampire 4.4.0 (commit f9be976 on 2020-01-20 19:56:10 +0000)
% Termination reason: Refutation not found, incomplete strategy

% Memory used [KB]: 5500
% Time elapsed: 0.021 s
% ------------------------------
% ------------------------------
% dis+1010_3:2_acc=on:afr=on:afp=1000:afq=1.2:amm=sco:bs=on:ccuc=first:fde=none:nm=0:nwc=4:sd=3:ss=axioms:st=5.0:urr=ec_only_4 on codi_down_sum_theorems_goal03.all
% Time limit reached!
% ------------------------------
% Version: Vampire 4.4.0 (commit f9be976 on 2020-01-20 19:56:10 +0000)
% Termination reason: Time limit
% Termination phase: Saturation

% Memory used [KB]: 8315
% Time elapsed: 0.800 s
% ------------------------------
% ------------------------------
% dis+11_3:1_add=off:afr=on:afp=100000:afq=1.2:amm=off:anc=none:bd=off:bs=unit_only:irw=on:lcm=predicate:lma=on:nm=2:nwc=1:sd=2:ss=axioms:sos=all:sp=occurrence:updr=off_1 on codi_down_sum_theorems_goal03.all
% Refutation not found, incomplete strategy% ------------------------------
% Version: Vampire 4.4.0 (commit f9be976 on 2020-01-20 19:56:10 +0000)
% Termination reason: Refutation not found, incomplete strategy

% Memory used [KB]: 5500
% Time elapsed: 0.014 s
% ------------------------------
% ------------------------------
% lrs+1002_3_aac=none:acc=on:add=off:afp=4000:afq=1.1:amm=sco:anc=none:cond=on:fsr=off:gs=on:irw=on:nm=32:newcnf=on:nwc=1.1:nicw=on:stl=30:sd=2:ss=axioms:st=5.0:sos=on:sp=occurrence:updr=off_24 on codi_down_sum_theorems_goal03.all
% Refutation not found, incomplete strategy% ------------------------------
% Version: Vampire 4.4.0 (commit f9be976 on 2020-01-20 19:56:10 +0000)
% Termination reason: Refutation not found, incomplete strategy

% Memory used [KB]: 9978
% Time elapsed: 0.015 s
% ------------------------------
% ------------------------------
% WARNING: value z3 for option sas not known
% dis+1010_4_afp=10000:afq=1.2:anc=none:irw=on:lma=on:nm=64:nwc=10:sas=z3:sac=on:sp=reverse_arity:updr=off_2 on codi_down_sum_theorems_goal03.all
% Time limit reached!
% ------------------------------
% Version: Vampire 4.4.0 (commit f9be976 on 2020-01-20 19:56:10 +0000)
% Termination reason: Time limit
% Termination phase: Saturation

% Memory used [KB]: 7164
% Time elapsed: 0.500 s
% lrs+1011_2:3_av=off:gs=on:gsem=off:nwc=1.5:stl=30:sos=theory:sp=occurrence:urr=ec_only:updr=off_36 on codi_down_sum_theorems_goal03.all
% Time limit reached!
% ------------------------------
% Version: Vampire 4.4.0 (commit f9be976 on 2020-01-20 19:56:10 +0000)
% Termination reason: Time limit
% Termination phase: Saturation

% Memory used [KB]: 23794
% Time elapsed: 4.800 s
% ------------------------------
% ------------------------------
% WARNING: value z3 for option sas not known
% ott+1004_12_awrs=converge:awrsf=64:aac=none:afr=on:afp=4000:afq=1.4:amm=sco:anc=none:bs=on:cond=fast:fsr=off:gs=on:gsaa=full_model:gsem=on:lma=on:nwc=5:nicw=on:sas=z3:sos=all:sac=on:sp=occurrence:urr=ec_only_2 on codi_down_sum_theorems_goal03.all
% Time limit reached!
% ------------------------------
% Version: Vampire 4.4.0 (commit f9be976 on 2020-01-20 19:56:10 +0000)
% Termination reason: Time limit
% Termination phase: Saturation

% Memory used [KB]: 14200
% Time elapsed: 0.500 s
% dis+11_28_av=off:fsr=off:irw=on:lcm=predicate:nm=2:newcnf=on:nwc=5:sp=occurrence:urr=on:updr=off_2 on codi_down_sum_theorems_goal03.all
% Time limit reached!
% ------------------------------
% Version: Vampire 4.4.0 (commit f9be976 on 2020-01-20 19:56:10 +0000)
% Termination reason: Time limit
% Termination phase: Saturation

% Memory used [KB]: 2942
% Time elapsed: 0.500 s
% ------------------------------
% ------------------------------
% dis+1011_5:4_acc=model:afr=on:afp=10000:afq=1.4:amm=off:anc=none:bd=off:ccuc=small_ones:cond=fast:fde=unused:gs=on:nm=2:newcnf=on:nwc=1:nicw=on:sos=on:sac=on:sp=occurrence:updr=off_72 on codi_down_sum_theorems_goal03.alAborted by signal SIGTERM on Dropbox/Shirly_PhD_Work/codi_down_sum_theorems_rerun/codi_down_sum_theorems_goal03.all.tptp
Aborted by signal SIGTERM on Dropbox/Shirly_PhD_Work/codi_down_sum_theorems_rerun/codi_down_sum_theorems_goal03.all.tptp
s
% ------------------------------
% ------------------------------
% dis-10_1_aac=none:afr=on:afp=10000:afq=1.0:amm=off:anc=none:fsr=off:gs=on:gsem=off:irw=on:nm=4:newcnf=on:nwc=2:sp=occurrence_2 on codi_down_sum_theorems_goal03.all
% Time limit reached!
% ------------------------------
% Version: Vampire 4.4.0 (commit f9be976 on 2020-01-20 19:56:10 +0000)
% Termination reason: Time limit
% Termination phase: Saturation

% Memory used [KB]: 14328
% Time elapsed: 0.500 s
% ------------------------------
% ------------------------------
% lrs+1011_4:1_av=off:fsr=off:irw=on:nwc=1:stl=30:sd=4:ss=axioms:st=1.5:sp=reverse_arity_12 on codi_down_sum_theorems_goal03.all
% Time limit reached!
% ------------------------------
% Version: Vampire 4.4.0 (commit f9be976 on 2020-01-20 19:56:10 +0000)
% Termination reason: Time limit
% Termination phase: Saturation

% Memory used [KB]: 6524
% Time elapsed: 1.700 s
% ------------------------------
% ------------------------------
% dis+11_5_av=off:bd=off:bs=unit_only:bsr=on:cond=on:lcm=reverse:nm=0:nwc=1.2_5 on codi_down_sum_theorems_goal03.all
% Time limit reached!
% ------------------------------
% Version: Vampire 4.4.0 (commit f9be976 on 2020-01-20 19:56:10 +0000)
% Termination reason: Time limit
% Termination phase: Saturation

% Memory used [KB]: 3837
% Time elapsed: 0.900 s
% ------------------------------
% ------------------------------
% ott+1002_128_av=off:bd=off:bs=on:bsr=on:cond=on:fsr=off:nm=6:newcnf=on:nwc=1:sp=reverse_arity:updr=off_9 on codi_down_sum_theorems_goal03.all
% Time limit reached!
% ------------------------------
% Version: Vampire 4.4.0 (commit f9be976 on 2020-01-20 19:56:10 +0000)
% Termination reason: Time limit
% Termination phase: Saturation

% Memory used [KB]: 2942
% Time elapsed: 1.300 s
% ------------------------------
% ------------------------------
% dis+1003_64_add=off:afr=on:afp=100000:afq=1.1:anc=none:cond=fast:fde=none:irw=on:nm=6:newcnf=on:nwc=1.3:uhcvi=on_5 on codi_down_sum_theorems_goal03.all
% Time limit reached!
% ------------------------------
% Version: Vampire 4.4.0 (commit f9be976 on 2020-01-20 19:56:10 +0000)
% Termination reason: Time limit

% Memory used [KB]: 8059
% Time elapsed: 0.907 s
% ------------------------------
% ------------------------------
% lrs+10_6_aac=none:acc=model:add=large:afr=on:afp=10000:afq=1.2:amm=off:anc=none:bd=off:ccuc=small_ones:irw=on:lcm=reverse:nm=0:nwc=1:nicw=on:stl=30:sos=on:sp=reverse_arity:updr=off_2 on codi_down_sum_theorems_goal03.all
% Time limit reached!
% ------------------------------
% Version: Vampire 4.4.0 (commit f9be976 on 2020-01-20 19:56:10 +0000)
% Termination reason: Time limit
% Termination phase: Saturation

% Memory used [KB]: 9466
% Time elapsed: 0.500 s
% ------------------------------
% ------------------------------
% ott+11_8_amm=off:anc=none:bsr=on:cond=on:irw=on:nm=2:nwc=1.1:ss=axioms:st=2.0:sac=on_1 on codi_down_sum_theorems_goal03.all
% Time limit reached!
% ------------------------------
% Version: Vampire 4.4.0 (commit f9be976 on 2020-01-20 19:56:10 +0000)
% Termination reason: Time limit
% Termination phase: Saturation

% Memory used [KB]: 6652
% Time elapsed: 0.400 s
% ------------------------------
% ------------------------------
% lrs+1011_5_add=large:afp=1000:afq=1.2:anc=none:fsr=off:irw=on:lma=on:nm=64:newcnf=on:nwc=1:stl=30:sd=3:ss=axioms:st=2.0:sos=on:sac=on:sp=reverse_arity:urr=on:updr=off_4 on codi_down_sum_theorems_goal03.all
% Time limit reached!
% ------------------------------
% Version: Vampire 4.4.0 (commit f9be976 on 2020-01-20 19:56:10 +0000)
% Termination reason: Time limit
% Termination phase: Saturation

% Memory used [KB]: 8315
% Time elapsed: 0.800 s
% ------------------------------
% ------------------------------
% lrs+10_1_afr=on:afp=100000:afq=1.2:amm=sco:anc=none:br=off:cond=on:gs=on:gsem=on:irw=on:nm=16:nwc=1:stl=30:sac=on:sp=occurrence:urr=on:updr=off_12 on codi_down_sum_theorems_goal03.all
% Time limit reached!
% ------------------------------
% Version: Vampire 4.4.0 (commit f9be976 on 2020-01-20 19:56:10 +0000)
% Termination reason: Time limit
% Termination phase: Saturation

% Memory used [KB]: 19445
% Time elapsed: 1.700 s
% ------------------------------
% ------------------------------
% ott-3_3_av=off:cond=fast:fde=none:lcm=reverse:nm=6:nwc=1:sd=5:ss=axioms:st=2.0:sos=on:sp=reverse_arity:updr=off:uhcvi=on_17 on codi_down_sum_theorems_goal03.all
% Time limit reached!
% ------------------------------
% Version: Vampire 4.4.0 (commit f9be976 on 2020-01-20 19:56:10 +0000)
% Termination reason: Time limit
% Termination phase: Saturation

% Memory used [KB]: 7547
% Time elapsed: 2.400 s
% ------------------------------
% ------------------------------
% lrs+10_2:3_afp=1000:afq=1.1:amm=sco:anc=none:er=known:lcm=reverse:lwlo=on:nm=64:newcnf=on:nwc=2:stl=30:sd=5:ss=axioms:sos=theory:sac=on:sp=occurrence_233 on codi_down_sum_theorems_goal03.all
% Time limit reached!
% ------------------------------
% Version: Vampire 4.4.0 (commit f9be976 on 2020-01-20 19:56:10 +0000)
% Termination reason: Time limit
% Termination phase: Saturation

% Memory used [KB]: 70617
% Time elapsed: 30.400 s
% ------------------------------
% ------------------------------
% dis+11_32_av=off:ep=RST:fsr=off:lwlo=on:nm=6:nwc=1.1:sd=5:ss=axioms:st=5.0:sp=reverse_arity:uhcvi=on_2 on codi_down_sum_theorems_goal03.all
% Time limit reached!
% ------------------------------
% Version: Vampire 4.4.0 (commit f9be976 on 2020-01-20 19:56:10 +0000)
% Termination reason: Time limit
% Termination phase: Saturation

% Memory used [KB]: 2686
% Time elapsed: 0.500 s
% ------------------------------
% ------------------------------
% ott+1_5_afp=40000:afq=1.0:anc=all:fde=none:gs=on:irw=on:lma=on:nm=32:nwc=2:sos=all:sac=on:sp=occurrence:urr=ec_only:uhcvi=on_125 on codi_down_sum_theorems_goal03.all
% Refutation not found, incomplete strategy% ------------------------------
% Version: Vampire 4.4.0 (commit f9be976 on 2020-01-20 19:56:10 +0000)
% Termination reason: Refutation not found, incomplete strategy

% Memory used [KB]: 10106
% Time elapsed: 0.032 s
% ------------------------------
% ------------------------------
% ott+1_8:1_av=off:bd=preordered:bsr=on:lma=on:nm=64:newcnf=on:nwc=1.2:uhcvi=on_205 on codi_down_sum_theorems_goal03.all
% Time limit reached!
% ------------------------------
% Version: Vampire 4.4.0 (commit f9be976 on 2020-01-20 19:56:10 +0000)
% Termination reason: Time limit

% Memory used [KB]: 46054
% Time elapsed: 26.971 s
% ------------------------------
% ------------------------------
% lrs+1011_2:1_av=off:irw=on:lwlo=on:nm=16:newcnf=on:nwc=2:stl=30:sd=4:ss=axioms:st=3.0:sp=occurrence_30 on codi_down_sum_theorems_goal03.all
% Time limit reached!
% ------------------------------
% Version: Vampire 4.4.0 (commit f9be976 on 2020-01-20 19:56:10 +0000)
% Termination reason: Time limit

% Memory used [KB]: 7036
% Time elapsed: 4.141 s
% ------------------------------
% ------------------------------
% dis+1002_8_add=large:afp=100000:afq=1.2:amm=off:bs=on:irw=on:nm=2:newcnf=on:nwc=1.1:sos=on:sp=reverse_arity:urr=ec_only:updr=off_259 on codi_down_sum_theorems_goal03.all
% Refutation not found, incomplete strategy% ------------------------------
% Version: Vampire 4.4.0 (commit f9be976 on 2020-01-20 19:56:10 +0000)
% Termination reason: Refutation not found, incomplete strategy

% Memory used [KB]: 5628
% Time elapsed: 0.043 s
% ------------------------------
% ------------------------------
% lrs+1011_5:4_acc=on:add=large:afr=on:afp=10000:afq=2.0:amm=sco:anc=none:bsr=on:ccuc=first:cond=on:fde=unused:gs=on:gsaa=from_current:gsem=off:irw=on:nm=2:newcnf=on:nwc=1.2:stl=30:sos=on:sac=on:sp=reverse_arity:updr=off_5 on codi_down_sum_theorems_goal03.all
% Time limit reached!
% ------------------------------
% Version: Vampire 4.4.0 (commit f9be976 on 2020-01-20 19:56:10 +0000)
% Termination reason: Time limit
% Termination phase: Saturation

% Memory used [KB]: 12409
% Time elapsed: 0.900 s
% ------------------------------
% ------------------------------
% dis+11_10_av=off:lma=on:nm=64:nwc=5:sp=reverse_arity_3 on codi_down_sum_theorems_goal03.all
% Time limit reached!
% ------------------------------
% Version: Vampire 4.4.0 (commit f9be976 on 2020-01-20 19:56:10 +0000)
% Termination reason: Time limit
% Termination phase: Saturation

% Memory used [KB]: 1663
% Time elapsed: 0.608 s
% ------------------------------
% ------------------------------
% WARNING: value z3 for option sas not known
% ott-11_12_aac=none:afp=100000:afq=1.2:amm=sco:bs=on:bce=on:cond=fast:er=known:gs=on:gsaa=from_current:gsem=off:irw=on:nm=4:nwc=2:sas=z3:sos=all:sp=occurrence:urr=ec_only:updr=off_253 on codi_down_sum_theorems_goal03.all
% Time limit reached!
% ------------------------------
% Version: Vampire 4.4.0 (commit f9be976 on 2020-01-20 19:56:10 +0000)
% Termination reason: Time limit
% Termination phase: Saturation

% Memory used [KB]: 39530
% Time elapsed: 33.0000 s
% WARNING: value z3 for option sas not known
% ott+10_2:3_add=large:afp=40000:afq=1.1:amm=off:anc=all_dependent:bd=preordered:bs=unit_only:cond=fast:er=filter:gs=on:gsaa=from_current:lma=on:nm=32:nwc=1.1:sas=z3:sac=on:sp=occurrence:urr=ec_only:updr=off_679 on codi_down_sum_theorems_goal03.all
% Time limit reached!
% ------------------------------
% Version: Vampire 4.4.0 (commit f9be976 on 2020-01-20 19:56:10 +0000)
% Termination reason: Time limit
% Termination phase: Saturation

% Memory used [KB]: 83026
% Time elapsed: 88.400 s
% lrs+1011_3:2_aac=none:afp=10000:afq=1.2:amm=off:anc=all:cond=on:fde=none:gs=on:gsem=on:irw=on:lma=on:nm=32:newcnf=on:nwc=3:nicw=on:stl=30:sac=on:sp=reverse_arity:urr=ec_only:updr=off:uhcvi=on_21 on codi_down_sum_theorems_goal03.all
% Time limit reached!
% ------------------------------
% Version: Vampire 4.4.0 (commit f9be976 on 2020-01-20 19:56:10 +0000)
% Termination reason: Time limit

% Memory used [KB]: 13816
% Time elapsed: 2.918 s
% ------------------------------
% ------------------------------
% lrs+10_128_acc=model:afp=100000:afq=2.0:anc=all_dependent:bs=on:bsr=on:cond=fast:er=filter:gs=on:gsem=off:lcm=reverse:lma=on:nm=32:nwc=3:stl=30:sac=on:sp=occurrence:urr=ec_only_70 on codi_down_sum_theorems_goal03.all
% Time limit reached!
% ------------------------------
% Version: Vampire 4.4.0 (commit f9be976 on 2020-01-20 19:56:10 +0000)
% Termination reason: Time limit
% Termination phase: Saturation

% Memory used [KB]: 14967
% Time elapsed: 9.300 s
% ------------------------------
% ------------------------------
% lrs+1011_3:1_av=off:cond=on:irw=on:lma=on:nm=16:nwc=1:stl=30:sos=all:updr=off_51 on codi_down_sum_theorems_goal03.all
% Time limit reached!
% ------------------------------
% Version: Vampire 4.4.0 (commit f9be976 on 2020-01-20 19:56:10 +0000)
% Termination reason: Time limit
% Termination phase: Saturation

% Memory used [KB]: 4477
% Time elapsed: 6.800 s
% ------------------------------
% ------------------------------
% lrs+1010_5:4_av=off:bd=off:bsr=on:irw=on:lwlo=on:newcnf=on:nwc=1.1:stl=90:sos=all:sp=occurrence:uhcvi=on_145 on codi_down_sum_theorems_goal03.all
% Time limit reached!
% ------------------------------
% Version: Vampire 4.4.0 (commit f9be976 on 2020-01-20 19:56:10 +0000)
% Termination reason: Time limit
% Termination phase: Saturation

% Memory used [KB]: 8955
% Time elapsed: 19.0000 s
% ------------------------------
% ------------------------------
% lrs+11_4_av=off:gsp=input_only:irw=on:lma=on:nm=0:nwc=1.2:stl=30:sd=2:ss=axioms:sp=reverse_arity:urr=on:updr=off_59 on codi_down_sum_theorems_goal03.all
% Time limit reached!
% ------------------------------
% Version: Vampire 4.4.0 (commit f9be976 on 2020-01-20 19:56:10 +0000)
% Termination reason: Time limit
% Termination phase: Saturation

% Memory used [KB]: 6396
% Time elapsed: 7.800 s
% ------------------------------
% ------------------------------
% lrs+1011_14_av=off:fsr=off:irw=on:nwc=1:stl=30:sos=on:sp=occurrence:urr=ec_only:updr=off_53 on codi_down_sum_theorems_goal03.all
% Time limit reached!
% ------------------------------
% Version: Vampire 4.4.0 (commit f9be976 on 2020-01-20 19:56:10 +0000)
% Termination reason: Time limit
% Termination phase: Saturation

% Memory used [KB]: 6268
% Time elapsed: 7.0000 s
% ------------------------------
% ------------------------------
% dis+11_5_afp=40000:afq=1.4:anc=none:br=off:cond=on:fsr=off:irw=on:lma=on:nm=4:nwc=1:sd=3:ss=axioms:st=2.0:urr=on:updr=off_5 on codi_down_sum_theorems_goal03.all
% Time limit reached!
% ------------------------------
% Version: Vampire 4.4.0 (commit f9be976 on 2020-01-20 19:56:10 +0000)
% Termination reason: Time limit
% Termination phase: Saturation

% Memory used [KB]: 6396
% Time elapsed: 0.900 s
% ------------------------------
% ------------------------------
% lrs+1_3:2_aac=none:add=large:anc=all_dependent:bce=on:cond=fast:ep=RST:fsr=off:lma=on:nm=2:nwc=1:stl=30:sos=on:sp=occurrence:urr=on:updr=off:uhcvi=on_5 on codi_down_sum_theorems_goal03.all
% Time limit reached!
% ------------------------------
% Version: Vampire 4.4.0 (commit f9be976 on 2020-01-20 19:56:10 +0000)
% Termination reason: Time limit
% Termination phase: Saturation

% Memory used [KB]: 7419
% Time elapsed: 0.900 s
% ------------------------------
% ------------------------------
% lrs-11_8_afr=on:afp=100000:afq=2.0:anc=none:bd=off:cond=on:gs=on:lma=on:nm=2:newcnf=on:nwc=3:stl=30:sac=on:sp=occurrence_3 on codi_down_sum_theorems_goal03.all
% Time limit reached!
% ------------------------------
% Version: Vampire 4.4.0 (commit f9be976 on 2020-01-20 19:56:10 +0000)
% Termination reason: Time limit
% Termination phase: Saturation

% Memory used [KB]: 10874
% Time elapsed: 0.607 s
% ------------------------------
% ------------------------------
% dis+1010_3:1_av=off:irw=on:nm=32:nwc=1:sos=all:urr=ec_only:updr=off_158 on codi_down_sum_theorems_goal03.all
% Time limit reached!
% ------------------------------
% Version: Vampire 4.4.0 (commit f9be976 on 2020-01-20 19:56:10 +0000)
% Termination reason: Time limit
% Termination phase: Saturation

% Memory used [KB]: 15607
% Time elapsed: 20.700 s
% ------------------------------
% ------------------------------
% lrs+1010_3:2_afr=on:afp=100000:afq=1.1:anc=none:gsp=input_only:irw=on:lwlo=on:nm=2:newcnf=on:nwc=1.7:sac=on:sp=occurrence_300 on codi_down_sum_theorems_goal03.all
% Refutation not found, non-redundant clauses discarded% ------------------------------
% Version: Vampire 4.4.0 (commit f9be976 on 2020-01-20 19:56:10 +0000)
% Termination reason: Refutation not found, non-redundant clauses discarded

% Memory used [KB]: 20212
% Time elapsed: 39.196 s
% ------------------------------
% ------------------------------
% lrs+1_4_afp=100000:afq=1.2:anc=none:bd=off:cond=on:gs=on:gsem=off:nm=64:nwc=1:sd=2:ss=axioms:st=2.0:sos=all:updr=off_300 on codi_down_sum_theorems_goal03.all
% Time limit reached!
% ------------------------------
% Version: Vampire 4.4.0 (commit f9be976 on 2020-01-20 19:56:10 +0000)
% Termination reason: Time limit
% Termination phase: Saturation

% Memory used [KB]: 45415
% Time elapsed: 39.200 s
% ------------------------------
% ------------------------------
% WARNING: value z3 for option sas not known
% WARNING: option thi not known.
% dis+1002_4_add=large:afp=40000:afq=1.0:anc=none:cond=fast:fde=none:gs=on:gsaa=full_model:lma=on:lwlo=on:nm=0:nwc=1.5:sas=z3:sp=reverse_arity:tha=off:thi=strong_300 on codi_down_sum_theorems_goal03.all
% Time limit reached!
% ------------------------------
% Version: Vampire 4.4.0 (commit f9be976 on 2020-01-20 19:56:10 +0000)
% Termination reason: Time limit

% Memory used [KB]: 51811
% Time elapsed: 39.243 s
% ------------------------------
% ------------------------------
% lrs+1011_2:1_av=off:irw=on:lwlo=on:nm=16:newcnf=on:nwc=2:sd=4:ss=axioms:st=3.0:sp=occurrence_300 on codi_down_sum_theorems_goal03.all
% Time limit reached!
% ------------------------------
% Version: Vampire 4.4.0 (commit f9be976 on 2020-01-20 19:56:10 +0000)
% Termination reason: Time limit
% Termination phase: Saturation

% Memory used [KB]: 13816
% Time elapsed: 39.200 s
% ------------------------------
% ------------------------------
% lrs+1002_1_av=off:fde=unused:lwlo=on:nm=16:nwc=4:sp=occurrence_300 on codi_down_sum_theorems_goal03.all
% Refutation not found, non-redundant clauses discarded% ------------------------------
% Version: Vampire 4.4.0 (commit f9be976 on 2020-01-20 19:56:10 +0000)
% Termination reason: Refutation not found, non-redundant clauses discarded

% Memory used [KB]: 9978
% Time elapsed: 39.174 s
% ------------------------------
% ------------------------------
% WARNING: value z3 for option sas not known
% lrs+11_3:2_add=large:afr=on:afp=10000:afq=1.2:amm=off:anc=none:bs=unit_only:cond=on:gs=on:gsaa=full_model:gsem=off:irw=on:lwlo=on:nm=32:nwc=1.2:sas=z3:sac=on_900 on codi_down_sum_theorems_goal03.all
% Refutation not found, non-redundant clauses discarded% ------------------------------
% Version: Vampire 4.4.0 (commit f9be976 on 2020-01-20 19:56:10 +0000)
% Termination reason: Refutation not found, non-redundant clauses discarded

% Memory used [KB]: 82002
% Time elapsed: 116.957 s
% ------------------------------
% ------------------------------
% lrs+1011_3:1_add=off:afr=on:afp=10000:afq=1.1:amm=off:bce=on:cond=on:ep=R:fsr=off:nm=16:nwc=1:sos=all:sp=reverse_arity:updr=off_300 on codi_down_sum_theorems_goal03.all
% Time limit reached!
% ------------------------------
% Version: Vampire 4.4.0 (commit f9be976 on 2020-01-20 19:56:10 +0000)
% Termination reason: Time limit
% Termination phase: Saturation

% Memory used [KB]: 37099
% Time elapsed: 39.212 s
% ------------------------------
% ------------------------------
% WARNING: value z3 for option sas not known
% WARNING: option thi not known.
% dis+1_3_add=large:afp=4000:afq=1.0:anc=none:gs=on:gsem=off:inw=on:lcm=reverse:lwlo=on:nm=64:nwc=1:sas=z3:sos=all:sac=on:thi=all:uwa=all:updr=off:uhcvi=on_300 on codi_down_sum_theorems_goal03.all
% Time limit reached!
% ------------------------------
% Version: Vampire 4.4.0 (commit f9be976 on 2020-01-20 19:56:10 +0000)
% Termination reason: Time limit
% Termination phase: Saturation

% Memory used [KB]: 78548
% Time elapsed: 39.200 s
% lrs+1011_8:1_afr=on:afp=1000:afq=2.0:br=off:gsp=input_only:gs=on:nm=16:nwc=1:sos=all:sp=occurrence:urr=on_300 on codi_down_sum_theorems_goal03.all
% Time limit reached!
% ------------------------------
% Version: Vampire 4.4.0 (commit f9be976 on 2020-01-20 19:56:10 +0000)
% Termination reason: Time limit
% Termination phase: Saturation

% Memory used [KB]: 37227
% Time elapsed: 39.200 s
% ------------------------------
% ------------------------------
% lrs+1011_1_afp=40000:afq=1.4:bd=off:cond=fast:fde=unused:gs=on:gsem=on:irw=on:lma=on:nm=16:nwc=1:sd=2:ss=axioms:sos=all:sp=occurrence_300 on codi_down_sum_theorems_goal03.all
% Time limit reached!
% ------------------------------
% Version: Vampire 4.4.0 (commit f9be976 on 2020-01-20 19:56:10 +0000)
% Termination reason: Time limit
% Termination phase: Saturation

% Memory used [KB]: 33773
% Time elapsed: 39.200 s
% ------------------------------
% ------------------------------
% dis+1011_5:4_acc=model:afr=on:afp=10000:afq=1.4:amm=off:anc=none:bd=off:ccuc=small_ones:cond=fast:fde=unused:gs=on:nm=2:newcnf=on:nwc=1:nicw=on:sos=on:sac=on:sp=occurrence:updr=off_300 on codi_down_sum_theorems_goal03.all
% Time limit reached!
% ------------------------------
% Version: Vampire 4.4.0 (commit f9be976 on 2020-01-20 19:56:10 +0000)
% Termination reason: Time limit
% Termination phase: Saturation

% Memory used [KB]: 30447
% Time elapsed: 39.200 s
% ------------------------------
% ------------------------------
% lrs+10_5:4_av=off:cond=on:fde=unused:gs=on:gsem=on:lcm=reverse:lma=on:lwlo=on:nm=32:nwc=1.7:sd=2:ss=axioms:st=2.0:sos=all_300 on codi_down_sum_theorems_goal03.all
% Time limit reached!
% ------------------------------
% Version: Vampire 4.4.0 (commit f9be976 on 2020-01-20 19:56:10 +0000)
% Termination reason: Time limit
% Termination phase: Saturation

% Memory used [KB]: 26737
% Time elapsed: 39.200 s
% ------------------------------
% ------------------------------
% WARNING: value z3 for option sas not known
% lrs+2_3:1_add=large:afr=on:afp=10000:afq=1.1:amm=off:anc=none:er=known:fde=unused:gs=on:gsaa=from_current:gsem=on:lma=on:nm=32:newcnf=on:nwc=4:sas=z3:sd=1:ss=axioms:st=5.0:sac=on:sp=occurrence:updr=off_300 on codi_down_sum_theorems_goal03.all
% Time limit reached!
% ------------------------------
% Version: Vampire 4.4.0 (commit f9be976 on 2020-01-20 19:56:10 +0000)
% Termination reason: Time limit
% Termination phase: Saturation

% Memory used [KB]: 45159
% Time elapsed: 39.233 s
% lrs+1_1024_av=off:bs=on:fde=none:inw=on:irw=on:nm=64:nwc=1.2:sp=reverse_arity:tha=off:urr=on:updr=off:uhcvi=on_600 on codi_down_sum_theorems_goal03.all
% Time limit reached!
% ------------------------------
% Version: Vampire 4.4.0 (commit f9be976 on 2020-01-20 19:56:10 +0000)
% Termination reason: Time limit
% Termination phase: Saturation

% Memory used [KB]: 51171
% Time elapsed: 78.200 s
% ------------------------------
% ------------------------------
% lrs+11_1_av=off:bsr=on:gsp=input_only:gs=on:lcm=predicate:nm=64:nwc=1:sd=2:ss=axioms:st=1.5:sos=all:sp=occurrence:updr=off_300 on codi_down_sum_theorems_goal03.all
% Time limit reached!
% ------------------------------
% Version: Vampire 4.4.0 (commit f9be976 on 2020-01-20 19:56:10 +0000)
% Termination reason: Time limit
% Termination phase: Saturation

% Memory used [KB]: 31470
% Time elapsed: 39.200 s
% ------------------------------
% ------------------------------
% WARNING: value z3 for option sas not known
% dis+1010_2:3_add=off:afr=on:afp=10000:afq=1.1:anc=none:fsr=off:gs=on:gsem=off:nwc=1:sas=z3:sos=all:sac=on:sp=reverse_arity:tha=off_300 on codi_down_sum_theorems_goal03.all
% Time limit reached!
% ------------------------------
% Version: Vampire 4.4.0 (commit f9be976 on 2020-01-20 19:56:10 +0000)
% Termination reason: Time limit
% Termination phase: Saturation

% Memory used [KB]: 89039
% Time elapsed: 39.200 s
% dis+1010_7_afr=on:afp=10000:afq=1.1:amm=sco:anc=none:bd=off:bsr=on:cond=on:fsr=off:lma=on:nm=32:newcnf=on:nwc=1:urr=ec_only:updr=off_300 on codi_down_sum_theorems_goal03.all
% Time limit reached!
% ------------------------------
% Version: Vampire 4.4.0 (commit f9be976 on 2020-01-20 19:56:10 +0000)
% Termination reason: Time limit
% Termination phase: Saturation

% Memory used [KB]: 35564
% Time elapsed: 39.200 s
% ------------------------------
% ------------------------------
% lrs+11_1024_afr=on:afp=40000:afq=2.0:anc=none:br=off:ep=RSTC:gs=on:nm=16:nwc=1:sp=occurrence:urr=on_300 on codi_down_sum_theorems_goal03.all
% Time limit reached!
% ------------------------------
% Version: Vampire 4.4.0 (commit f9be976 on 2020-01-20 19:56:10 +0000)
% Termination reason: Time limit
% Termination phase: Saturation

% Memory used [KB]: 61790
% Time elapsed: 39.207 s
% ------------------------------
% ------------------------------
% lrs+1011_5_add=large:afp=1000:afq=1.2:anc=none:fsr=off:irw=on:lma=on:nm=64:newcnf=on:nwc=1:sd=3:ss=axioms:st=2.0:sos=on:sac=on:sp=reverse_arity:urr=on:updr=off_300 on codi_down_sum_theorems_goal03.all
% Time limit reached!
% ------------------------------
% Version: Vampire 4.4.0 (commit f9be976 on 2020-01-20 19:56:10 +0000)
% Termination reason: Time limit
% Termination phase: Saturation

% Memory used [KB]: 32366
% Time elapsed: 39.209 s
% ------------------------------
% ------------------------------
% ott+4_32_av=off:bsr=on:cond=on:er=known:fsr=off:gsp=input_only:gs=on:gsem=on:irw=on:lma=on:nm=4:nwc=1.2:sos=theory_300 on codi_down_sum_theorems_goal03.all
% Time limit reached!
% ------------------------------
% Version: Vampire 4.4.0 (commit f9be976 on 2020-01-20 19:56:10 +0000)
% Termination reason: Time limit
% Termination phase: Saturation

% Memory used [KB]: 42600
% Time elapsed: 39.200 s
% ------------------------------
% ------------------------------
% dis+11_32_av=off:ep=RST:fsr=off:lwlo=on:nm=6:nwc=1.1:sd=5:ss=axioms:st=5.0:sp=reverse_arity:uhcvi=on_1500 on codi_down_sum_theorems_goal03.all
% Time limit reached!
% ------------------------------
% Version: Vampire 4.4.0 (commit f9be976 on 2020-01-20 19:56:10 +0000)
% Termination reason: Time limit
% Termination phase: Saturation

% Memory used [KB]: 116160
% Time elapsed: 195.100 s
% ------------------------------
% ------------------------------
% lrs+1002_8:1_av=off:cond=on:gsp=input_only:gs=on:irw=on:lma=on:nm=0:nwc=1.7:sd=2:ss=axioms:sos=on:sp=occurrence:urr=on_300 on codi_down_sum_theorems_goal03.all
% Time limit reached!
% ------------------------------
% Version: Vampire 4.4.0 (commit f9be976 on 2020-01-20 19:56:10 +0000)
% Termination reason: Time limit
% Termination phase: Saturation

% Memory used [KB]: 33389
% Time elapsed: 39.200 s
% ------------------------------
% ------------------------------
% lrs+11_50_afp=100000:afq=1.1:amm=sco:anc=none:bs=unit_only:cond=on:irw=on:lma=on:nm=32:nwc=1.1:sp=reverse_arity_300 on codi_down_sum_theorems_goal03.all
% Time limit reached!
% ------------------------------
% Version: Vampire 4.4.0 (commit f9be976 on 2020-01-20 19:56:10 +0000)
% Termination reason: Time limit
% Termination phase: Saturation

% Memory used [KB]: 32494
% Time elapsed: 39.225 s
% ------------------------------
% ------------------------------
% lrs+1011_7_add=large:afr=on:afp=40000:afq=1.4:amm=off:anc=none:cond=on:er=known:fsr=off:lma=on:nm=4:nwc=2.5:sp=reverse_arity:updr=off_300 on codi_down_sum_theorems_goal03.all
% Refutation not found, non-redundant clauses discarded% ------------------------------
% Version: Vampire 4.4.0 (commit f9be976 on 2020-01-20 19:56:10 +0000)
% Termination reason: Refutation not found, non-redundant clauses discarded

% Memory used [KB]: 36459
% Time elapsed: 39.188 s
% ------------------------------
% ------------------------------
% lrs+1_1_aac=none:acc=model:add=large:afp=100000:afq=1.2:anc=none:bd=off:bs=on:bsr=on:ccuc=first:cond=on:fde=unused:irw=on:nm=2:newcnf=on:nwc=1:sd=3:ss=axioms:st=2.0:sos=on:sac=on:uhcvi=on_300 on codi_down_sum_theorems_goal03.all
% Refutation not found, incomplete strategy% ------------------------------
% Version: Vampire 4.4.0 (commit f9be976 on 2020-01-20 19:56:10 +0000)
% Termination reason: Refutation not found, incomplete strategy

% Memory used [KB]: 5500
% Time elapsed: 0.087 s
% ------------------------------
% ------------------------------
% dis+1002_6_add=large:afp=40000:afq=2.0:bsr=on:cond=on:irw=on:lma=on:nm=2:nwc=2.5:nicw=on:sp=reverse_arity:updr=off_300 on codi_down_sum_theorems_goal03.all
% Time limit reached!
% ------------------------------
% Version: Vampire 4.4.0 (commit f9be976 on 2020-01-20 19:56:10 +0000)
% Termination reason: Time limit
% Termination phase: Saturation

% Memory used [KB]: 28528
% Time elapsed: 39.200 s
% ------------------------------
% ------------------------------
% WARNING: value z3 for option sas not known
% dis+1011_2:3_add=off:afr=on:afp=4000:afq=1.4:anc=none:bs=unit_only:fsr=off:gs=on:gsem=on:lwlo=on:nm=16:nwc=1.3:nicw=on:sas=z3:sac=on:tha=off_300 on codi_down_sum_theorems_goal03.all
% Time limit reached!
% ------------------------------
% Version: Vampire 4.4.0 (commit f9be976 on 2020-01-20 19:56:10 +0000)
% Termination reason: Time limit
% Termination phase: Saturation

% Memory used [KB]: 92109
% Time elapsed: 39.200 s
% ott+4_40_av=off:bce=on:cond=fast:fde=none:nm=0:nwc=1:sos=all:updr=off_300 on codi_down_sum_theorems_goal03.all
% Time limit reached!
% ------------------------------
% Version: Vampire 4.4.0 (commit f9be976 on 2020-01-20 19:56:10 +0000)
% Termination reason: Time limit
% Termination phase: Saturation

% Memory used [KB]: 29295
% Time elapsed: 39.200 s
% ------------------------------
% ------------------------------
% dis+1002_7_acc=on:afr=on:afp=10000:afq=2.0:amm=sco:anc=none:ccuc=first:fsr=off:gsp=input_only:gs=on:gsem=on:nm=6:nwc=1.1:nicw=on:sos=on:sac=on:sp=occurrence:urr=ec_only_300 on codi_down_sum_theorems_goal03.all
% Refutation not found, incomplete strategy% ------------------------------
% Version: Vampire 4.4.0 (commit f9be976 on 2020-01-20 19:56:10 +0000)
% Termination reason: Refutation not found, incomplete strategy

% Memory used [KB]: 10106
% Time elapsed: 0.134 s
% ------------------------------
% ------------------------------
% lrs+1011_8_add=large:afp=100000:afq=1.1:er=filter:gsp=input_only:gs=on:gsem=on:lma=on:nm=6:nwc=1:sd=2:ss=axioms:st=1.5:sos=on_300 on codi_down_sum_theorems_goal03.all
% Time limit reached!
% ------------------------------
% Version: Vampire 4.4.0 (commit f9be976 on 2020-01-20 19:56:10 +0000)
% Termination reason: Time limit
% Termination phase: Saturation

% Memory used [KB]: 29807
% Time elapsed: 39.200 s
% ------------------------------
% ------------------------------
% lrs+11_8:1_av=off:bd=off:bs=unit_only:gs=on:gsem=on:lma=on:lwlo=on:nm=0:nwc=1:sd=1:ss=axioms:sos=all:urr=on:updr=off_300 on codi_down_sum_theorems_goal03.all
% Refutation not found, incomplete strategy% ------------------------------
% Version: Vampire 4.4.0 (commit f9be976 on 2020-01-20 19:56:10 +0000)
% Termination reason: Refutation not found, incomplete strategy

% Memory used [KB]: 5373
% Time elapsed: 0.024 s
% ------------------------------
% ------------------------------
% ott+11_8:1_av=off:fde=unused:nm=2:newcnf=on:nwc=1:sd=2:ss=axioms:st=3.0:sos=all:sp=reverse_arity:updr=off:uhcvi=on_300 on codi_down_sum_theorems_goal03.all
% Time limit reached!
% ------------------------------
% Version: Vampire 4.4.0 (commit f9be976 on 2020-01-20 19:56:10 +0000)
% Termination reason: Time limit

% Memory used [KB]: 20084
% Time elapsed: 39.481 s
% ------------------------------
% ------------------------------
% ott+1002_128_av=off:bd=off:bs=on:bsr=on:cond=on:fsr=off:nm=6:newcnf=on:nwc=1:sp=reverse_arity:updr=off_300 on codi_down_sum_theorems_goal03.all
% Time limit reached!
% ------------------------------
% Version: Vampire 4.4.0 (commit f9be976 on 2020-01-20 19:56:10 +0000)
% Termination reason: Time limit
% Termination phase: Saturation

% Memory used [KB]: 9722
% Time elapsed: 39.200 s
% ------------------------------
% ------------------------------
% WARNING: value z3 for option sas not known
% ott+1011_4:1_add=off:afr=on:afp=10000:afq=1.0:anc=none:bd=preordered:cond=fast:nm=32:newcnf=on:nwc=1.2:sas=z3:sac=on:sp=occurrence:urr=on:updr=off_300 on codi_down_sum_theorems_goal03.all
% Time limit reached!
% ------------------------------
% Version: Vampire 4.4.0 (commit f9be976 on 2020-01-20 19:56:10 +0000)
% Termination reason: Time limit
% Termination phase: Saturation

% Memory used [KB]: 20340
% Time elapsed: 39.200 s
% ott-11_3_add=large:afp=100000:afq=1.2:anc=none:bs=on:cond=fast:fde=none:gs=on:gsem=off:lma=on:lwlo=on:nm=64:newcnf=on:nwc=1:sos=all:sp=occurrence:tha=off:urr=on:uhcvi=on_300 on codi_down_sum_theorems_goal03.all
% Time limit reached!
% ------------------------------
% Version: Vampire 4.4.0 (commit f9be976 on 2020-01-20 19:56:10 +0000)
% Termination reason: Time limit

% Memory used [KB]: 40937
% Time elapsed: 39.315 s
% ------------------------------
% ------------------------------
% dis-11_3_add=off:afp=40000:afq=1.0:amm=sco:anc=none:gs=on:irw=on:lcm=reverse:nm=6:nwc=1:sd=4:ss=axioms:st=3.0:sos=on:sac=on_300 on codi_down_sum_theorems_goal03.all
% Time limit reached!
% ------------------------------
% Version: Vampire 4.4.0 (commit f9be976 on 2020-01-20 19:56:10 +0000)
% Termination reason: Time limit
% Termination phase: Saturation

% Memory used [KB]: 48741
% Time elapsed: 39.200 s
% ------------------------------
% ------------------------------
% lrs+10_3:1_av=off:bsr=on:cond=on:er=known:gs=on:lcm=reverse:nm=32:nwc=4:sp=occurrence:urr=on:updr=off_300 on codi_down_sum_theorems_goal03.all
% Time limit reached!
% ------------------------------
% Version: Vampire 4.4.0 (commit f9be976 on 2020-01-20 19:56:10 +0000)
% Termination reason: Time limit
% Termination phase: Saturation

% Memory used [KB]: 37355
% Time elapsed: 39.200 s
% ------------------------------
% ------------------------------
% lrs-2_3:2_av=off:bce=on:cond=on:gsp=input_only:gs=on:gsem=on:lcm=predicate:lma=on:newcnf=on:nwc=1:sd=2:ss=axioms:st=5.0:sos=all:sp=occurrence:updr=off:uhcvi=on_300 on codi_down_sum_theorems_goal03.all
% Refutation not found, incomplete strategy% ------------------------------
% Version: Vampire 4.4.0 (commit f9be976 on 2020-01-20 19:56:10 +0000)
% Termination reason: Refutation not found, incomplete strategy

% Memory used [KB]: 5500
% Time elapsed: 0.114 s
% ------------------------------
% ------------------------------
% WARNING: value z3 for option sas not known
% lrs+1010_2:3_afr=on:afp=40000:afq=1.4:amm=sco:anc=none:bd=off:gs=on:gsem=off:nm=16:nwc=1:nicw=on:sas=z3:sd=2:ss=axioms:st=1.5:updr=off_300 on codi_down_sum_theorems_goal03.all
% Time limit reached!
% ------------------------------
% Version: Vampire 4.4.0 (commit f9be976 on 2020-01-20 19:56:10 +0000)
% Termination reason: Time limit
% Termination phase: Saturation

% Memory used [KB]: 34924
% Time elapsed: 39.200 s
% dis+1010_1_acc=model:add=large:afr=on:amm=off:anc=none:bd=off:bsr=on:ccuc=small_ones:gs=on:gsem=on:nm=16:nwc=2:urr=ec_only:updr=off_300 on codi_down_sum_theorems_goal03.all
% Time limit reached!
% ------------------------------
% Version: Vampire 4.4.0 (commit f9be976 on 2020-01-20 19:56:10 +0000)
% Termination reason: Time limit

% Memory used [KB]: 61662
% Time elapsed: 39.268 s
% ------------------------------
% ------------------------------
% lrs+1011_5:4_acc=on:add=large:afr=on:afp=10000:afq=2.0:amm=sco:anc=none:bsr=on:ccuc=first:cond=on:fde=unused:gs=on:gsaa=from_current:gsem=off:irw=on:nm=2:newcnf=on:nwc=1.2:sos=on:sac=on:sp=reverse_arity:updr=off_300 on codi_down_sum_theorems_goal03.all
% Time limit reached!
% ------------------------------
% Version: Vampire 4.4.0 (commit f9be976 on 2020-01-20 19:56:10 +0000)
% Termination reason: Time limit
% Termination phase: Saturation

% Memory used [KB]: 31342
% Time elapsed: 39.200 s
% ------------------------------
% ------------------------------
% lrs+1011_1_av=off:cond=on:gs=on:lma=on:nm=4:nwc=1:sd=3:ss=axioms:sos=all:sp=reverse_arity:updr=off_300 on codi_down_sum_theorems_goal03.all
% Time limit reached!
% ------------------------------
% Version: Vampire 4.4.0 (commit f9be976 on 2020-01-20 19:56:10 +0000)
% Termination reason: Time limit
% Termination phase: Saturation

% Memory used [KB]: 35180
% Time elapsed: 39.200 s
% ------------------------------
% ------------------------------
% WARNING: value z3 for option sas not known
% ott+11_20_afp=10000:afq=1.1:anc=none:bs=unit_only:bsr=on:bce=on:fsr=off:gs=on:gsem=on:nwc=2.5:sas=z3:sp=occurrence:updr=off:uhcvi=on_600 on codi_down_sum_theorems_goal03.all
% Time limit reached!
% ------------------------------
% Version: Vampire 4.4.0 (commit f9be976 on 2020-01-20 19:56:10 +0000)
% Termination reason: Time limit
% Termination phase: Saturation

% Memory used [KB]: 64092
% Time elapsed: 78.203 s
% lrs+1002_2:1_acc=on:add=large:afr=on:afp=10000:afq=1.4:amm=sco:anc=none:bd=off:ccuc=first:fsr=off:gs=on:irw=on:nm=32:newcnf=on:nwc=1:sd=2:ss=axioms:sos=on:sp=reverse_arity_300 on codi_down_sum_theorems_goal03.all
% Refutation not found, incomplete strategy% ------------------------------
% Version: Vampire 4.4.0 (commit f9be976 on 2020-01-20 19:56:10 +0000)
% Termination reason: Refutation not found, incomplete strategy

% Memory used [KB]: 9850
% Time elapsed: 0.134 s
% ------------------------------
% ------------------------------
% ott+11_2:1_av=off:bd=off:bsr=on:br=off:cond=on:fsr=off:gsp=input_only:lma=on:nm=32:nwc=1:sd=3:ss=axioms:st=1.2:sos=all:sp=reverse_arity:urr=on:updr=off_300 on codi_down_sum_theorems_goal03.all
% Refutation found. Thanks to Tanya!
% SZS status Theorem for codi_down_sum_theorems_goal03.all
% SZS output start Proof for codi_down_sum_theorems_goal03.all
fof(f43100,plain,(
  $false),
  inference(subsumption_resolution,[],[f34110,f43027])).
fof(f43027,plain,(
  lt(intersection(difference(sum(sK0,sK0),sK0),sK0),difference(sum(sK0,sK0),sK0))),
  inference(unit_resulting_resolution,[],[f7351,f42820,f361])).
fof(f361,plain,(
  ( ! [X2,X0,X1] : (lt(intersection(X2,X1),X2) | ~p(X2,difference(X0,X1)) | ~leq(X0,X1)) )),
  inference(cnf_transformation,[],[f235])).
fof(f235,plain,(
  ! [X0,X1,X2] : (lt(intersection(X2,X1),X2) | ~p(X2,difference(X0,X1)) | ~leq(X0,X1))),
  inference(flattening,[],[f234])).
fof(f234,plain,(
  ! [X0,X1,X2] : (lt(intersection(X2,X1),X2) | (~p(X2,difference(X0,X1)) | ~leq(X0,X1)))),
  inference(ennf_transformation,[],[f154])).
fof(f154,plain,(
  ! [X0,X1,X2] : (lt(intersection(X2,X1),X2) | ~(p(X2,difference(X0,X1)) & leq(X0,X1)))),
  inference(flattening,[],[f11])).
fof(f11,axiom,(
  ! [X0] : ! [X1] : ! [X2] : (lt(intersection(X2,X1),X2) | ~(p(X2,difference(X0,X1)) & leq(X0,X1)))),
  file('Dropbox/Shirly_PhD_Work/codi_down_sum_theorems_rerun/codi_down_sum_theorems_goal03.all.tptp',axiom15190)).
fof(f42820,plain,(
  leq(sum(sK0,sK0),sK0)),
  inference(unit_resulting_resolution,[],[f4303,f42675,f371])).
fof(f371,plain,(
  ( ! [X0,X1] : (lt(X0,X1) | leq(X1,X0) | ~leq(X0,X1)) )),
  inference(cnf_transformation,[],[f247])).
fof(f247,plain,(
  ! [X0,X1] : ((lt(X0,X1) | leq(X1,X0) | ~leq(X0,X1)) & ((~leq(X1,X0) & leq(X0,X1)) | ~lt(X0,X1)))),
  inference(flattening,[],[f246])).
fof(f246,plain,(
  ! [X0,X1] : ((lt(X0,X1) | (leq(X1,X0) | ~leq(X0,X1))) & ((~leq(X1,X0) & leq(X0,X1)) | ~lt(X0,X1)))),
  inference(ennf_transformation,[],[f162])).
fof(f162,plain,(
  ! [X0,X1] : ((lt(X0,X1) | ~(~leq(X1,X0) & leq(X0,X1))) & ((~leq(X1,X0) & leq(X0,X1)) | ~lt(X0,X1)))),
  inference(flattening,[],[f103])).
fof(f103,axiom,(
  ! [X0] : ! [X1] : ((lt(X0,X1) | ~(~leq(X1,X0) & leq(X0,X1))) & ((~leq(X1,X0) & leq(X0,X1)) | ~lt(X0,X1)))),
  file('Dropbox/Shirly_PhD_Work/codi_down_sum_theorems_rerun/codi_down_sum_theorems_goal03.all.tptp',axiom89280)).
fof(f42675,plain,(
  ~lt(sK0,sum(sK0,sK0))),
  inference(unit_resulting_resolution,[],[f7346,f34985,f400])).
fof(f400,plain,(
  ( ! [X2,X0,X1] : (lt(X2,X1) | ~lt(X2,X0) | ~eqdim(X0,X1)) )),
  inference(cnf_transformation,[],[f179])).
fof(f179,plain,(
  ! [X0,X1,X2] : (lt(X2,X1) | ~lt(X2,X0) | ~eqdim(X0,X1))),
  inference(flattening,[],[f80])).
fof(f80,axiom,(
  ! [X0] : ! [X1] : ! [X2] : (lt(X2,X1) | ~lt(X2,X0) | ~eqdim(X0,X1))),
  file('Dropbox/Shirly_PhD_Work/codi_down_sum_theorems_rerun/codi_down_sum_theorems_goal03.all.tptp',axiom89460)).
fof(f34985,plain,(
  ~lt(sK0,difference(sum(sK0,sK0),sK0))),
  inference(unit_resulting_resolution,[],[f26847,f370])).
fof(f370,plain,(
  ( ! [X0,X1] : (~leq(X1,X0) | ~lt(X0,X1)) )),
  inference(cnf_transformation,[],[f247])).
fof(f26847,plain,(
  leq(difference(sum(sK0,sK0),sK0),sK0)),
  inference(forward_demodulation,[],[f26843,f785])).
fof(f785,plain,(
  sK0 = intersection(sK0,sK0)),
  inference(unit_resulting_resolution,[],[f482,f513,f384])).
fof(f384,plain,(
  ( ! [X0,X1] : (X0 = X1 | ~cont(X1,X0) | ~cont(X0,X1)) )),
  inference(cnf_transformation,[],[f253])).
fof(f253,plain,(
  ! [X0,X1] : (X0 = X1 | ~cont(X1,X0) | ~cont(X0,X1))),
  inference(flattening,[],[f252])).
fof(f252,plain,(
  ! [X0,X1] : (X0 = X1 | (~cont(X1,X0) | ~cont(X0,X1)))),
  inference(ennf_transformation,[],[f166])).
fof(f166,plain,(
  ! [X0,X1] : (X0 = X1 | ~(cont(X1,X0) & cont(X0,X1)))),
  inference(flattening,[],[f86])).
fof(f86,axiom,(
  ! [X0] : ! [X1] : (X0 = X1 | ~(cont(X1,X0) & cont(X0,X1)))),
  file('Dropbox/Shirly_PhD_Work/codi_down_sum_theorems_rerun/codi_down_sum_theorems_goal03.all.tptp',axiom89520)).
fof(f513,plain,(
  cont(intersection(sK0,sK0),sK0)),
  inference(unit_resulting_resolution,[],[f437,f348])).
fof(f348,plain,(
  ( ! [X0,X1] : (cont(intersection(X0,X1),X0) | zex(intersection(X0,X1))) )),
  inference(cnf_transformation,[],[f148])).
fof(f148,plain,(
  ! [X0,X1] : (cont(intersection(X0,X1),X0) | zex(intersection(X0,X1)))),
  inference(flattening,[],[f66])).
fof(f66,axiom,(
  ! [X0] : ! [X1] : (cont(intersection(X0,X1),X0) | zex(intersection(X0,X1)))),
  file('Dropbox/Shirly_PhD_Work/codi_down_sum_theorems_rerun/codi_down_sum_theorems_goal03.all.tptp',axiom87200)).
fof(f437,plain,(
  ~zex(intersection(sK0,sK0))),
  inference(unit_resulting_resolution,[],[f310,f343])).
fof(f343,plain,(
  ( ! [X0] : (zex(X0) | ~zex(intersection(X0,X0))) )),
  inference(cnf_transformation,[],[f55])).
fof(f55,axiom,(
  ! [X0] : (zex(X0) | ~zex(intersection(X0,X0)))),
  file('Dropbox/Shirly_PhD_Work/codi_down_sum_theorems_rerun/codi_down_sum_theorems_goal03.all.tptp',axiom87090)).
fof(f310,plain,(
  ~zex(sK0)),
  inference(cnf_transformation,[],[f288])).
fof(f288,plain,(
  ~p(sum(sK0,sK0),sK0) & ~zex(sK0) & ~zex(sum(sK0,sK0))),
  inference(skolemisation,[status(esa),new_symbols(skolem,[sK0])],[f201,f287])).
fof(f287,plain,(
  ? [X0] : (~p(sum(X0,X0),X0) & ~zex(X0) & ~zex(sum(X0,X0))) => (~p(sum(sK0,sK0),sK0) & ~zex(sK0) & ~zex(sum(sK0,sK0)))),
  introduced(choice_axiom,[])).
fof(f201,plain,(
  ? [X0] : (~p(sum(X0,X0),X0) & ~zex(X0) & ~zex(sum(X0,X0)))),
  inference(flattening,[],[f200])).
fof(f200,plain,(
  ? [X0] : (~p(sum(X0,X0),X0) & (~zex(X0) & ~zex(sum(X0,X0))))),
  inference(ennf_transformation,[],[f2])).
fof(f2,negated_conjecture,(
  ~! [X0] : (p(sum(X0,X0),X0) | ~(~zex(X0) & ~zex(sum(X0,X0))))),
  inference(negated_conjecture,[],[f1])).
fof(f1,conjecture,(
  ! [X0] : (p(sum(X0,X0),X0) | ~(~zex(X0) & ~zex(sum(X0,X0))))),
  file('Dropbox/Shirly_PhD_Work/codi_down_sum_theorems_rerun/codi_down_sum_theorems_goal03.all.tptp',conjecture30)).
fof(f482,plain,(
  cont(sK0,intersection(sK0,sK0))),
  inference(unit_resulting_resolution,[],[f440,f414,f414,f440,f397])).
fof(f397,plain,(
  ( ! [X2,X0,X1] : (cont(X2,intersection(X0,X1)) | ~eqdim(X2,X1) | ~eqdim(X2,X0) | ~cont(X2,X1) | ~cont(X2,X0)) )),
  inference(cnf_transformation,[],[f265])).
fof(f265,plain,(
  ! [X0,X1,X2] : (cont(X2,intersection(X0,X1)) | ~eqdim(X2,X1) | ~eqdim(X2,X0) | ~cont(X2,X1) | ~cont(X2,X0))),
  inference(flattening,[],[f264])).
fof(f264,plain,(
  ! [X0,X1,X2] : (cont(X2,intersection(X0,X1)) | (~eqdim(X2,X1) | ~eqdim(X2,X0) | ~cont(X2,X1) | ~cont(X2,X0)))),
  inference(ennf_transformation,[],[f176])).
fof(f176,plain,(
  ! [X0,X1,X2] : (cont(X2,intersection(X0,X1)) | ~(eqdim(X2,X1) & eqdim(X2,X0) & cont(X2,X1) & cont(X2,X0)))),
  inference(flattening,[],[f46])).
fof(f46,axiom,(
  ! [X0] : ! [X1] : ! [X2] : (cont(X2,intersection(X0,X1)) | ~(eqdim(X2,X1) & eqdim(X2,X0) & cont(X2,X1) & cont(X2,X0)))),
  file('Dropbox/Shirly_PhD_Work/codi_down_sum_theorems_rerun/codi_down_sum_theorems_goal03.all.tptp',axiom87000)).
fof(f414,plain,(
  ( ! [X0] : (eqdim(X0,X0)) )),
  inference(cnf_transformation,[],[f76])).
fof(f76,axiom,(
  ! [X0] : eqdim(X0,X0)),
  file('Dropbox/Shirly_PhD_Work/codi_down_sum_theorems_rerun/codi_down_sum_theorems_goal03.all.tptp',axiom89420)).
fof(f440,plain,(
  cont(sK0,sK0)),
  inference(unit_resulting_resolution,[],[f310,f357])).
fof(f357,plain,(
  ( ! [X0] : (cont(X0,X0) | zex(X0)) )),
  inference(cnf_transformation,[],[f85])).
fof(f85,axiom,(
  ! [X0] : ((~zex(X0) | ~cont(X0,X0)) & (cont(X0,X0) | zex(X0)))),
  file('Dropbox/Shirly_PhD_Work/codi_down_sum_theorems_rerun/codi_down_sum_theorems_goal03.all.tptp',axiom89510)).
fof(f26843,plain,(
  leq(difference(sum(sK0,sK0),sK0),intersection(sK0,sK0))),
  inference(unit_resulting_resolution,[],[f8907,f8907,f359])).
fof(f359,plain,(
  ( ! [X2,X0,X1] : (leq(X2,intersection(X0,X1)) | ~cont(X2,X1) | ~cont(X2,X0)) )),
  inference(cnf_transformation,[],[f231])).
fof(f231,plain,(
  ! [X0,X1,X2] : (leq(X2,intersection(X0,X1)) | ~cont(X2,X1) | ~cont(X2,X0))),
  inference(flattening,[],[f230])).
fof(f230,plain,(
  ! [X0,X1,X2] : (leq(X2,intersection(X0,X1)) | (~cont(X2,X1) | ~cont(X2,X0)))),
  inference(ennf_transformation,[],[f152])).
fof(f152,plain,(
  ! [X0,X1,X2] : (leq(X2,intersection(X0,X1)) | ~(cont(X2,X1) & cont(X2,X0)))),
  inference(flattening,[],[f67])).
fof(f67,axiom,(
  ! [X0] : ! [X1] : ! [X2] : (leq(X2,intersection(X0,X1)) | ~(cont(X2,X1) & cont(X2,X0)))),
  file('Dropbox/Shirly_PhD_Work/codi_down_sum_theorems_rerun/codi_down_sum_theorems_goal03.all.tptp',axiom87210)).
fof(f8907,plain,(
  cont(difference(sum(sK0,sK0),sK0),sK0)),
  inference(unit_resulting_resolution,[],[f458,f7344,f330])).
fof(f330,plain,(
  ( ! [X2,X0,X1] : (cont(difference(X2,X0),X1) | cont(X2,X0) | ~cont(X2,sum(X0,X1))) )),
  inference(cnf_transformation,[],[f221])).
fof(f221,plain,(
  ! [X0,X1,X2] : (cont(difference(X2,X0),X1) | cont(X2,X0) | ~cont(X2,sum(X0,X1)))),
  inference(flattening,[],[f220])).
fof(f220,plain,(
  ! [X0,X1,X2] : (cont(difference(X2,X0),X1) | (cont(X2,X0) | ~cont(X2,sum(X0,X1))))),
  inference(ennf_transformation,[],[f133])).
fof(f133,plain,(
  ! [X0,X1,X2] : (cont(difference(X2,X0),X1) | ~(~cont(X2,X0) & cont(X2,sum(X0,X1))))),
  inference(flattening,[],[f6])).
fof(f6,axiom,(
  ! [X0] : ! [X1] : ! [X2] : (cont(difference(X2,X0),X1) | ~(~cont(X2,X0) & cont(X2,sum(X0,X1))))),
  file('Dropbox/Shirly_PhD_Work/codi_down_sum_theorems_rerun/codi_down_sum_theorems_goal03.all.tptp',axiom40)).
fof(f7344,plain,(
  ~cont(sum(sK0,sK0),sK0)),
  inference(unit_resulting_resolution,[],[f2142,f356])).
fof(f356,plain,(
  ( ! [X0,X1] : (zex(difference(X0,X1)) | ~cont(X0,X1)) )),
  inference(cnf_transformation,[],[f229])).
fof(f229,plain,(
  ! [X0,X1] : ((zex(difference(X0,X1)) | (~cont(X0,X1) & ~zex(X0))) & (cont(X0,X1) | zex(X0) | ~zex(difference(X0,X1))))),
  inference(ennf_transformation,[],[f151])).
fof(f151,plain,(
  ! [X0,X1] : ((zex(difference(X0,X1)) | ~(cont(X0,X1) | zex(X0))) & (cont(X0,X1) | zex(X0) | ~zex(difference(X0,X1))))),
  inference(flattening,[],[f113])).
fof(f113,axiom,(
  ! [X0] : ! [X1] : ((zex(difference(X0,X1)) | ~(cont(X0,X1) | zex(X0))) & (cont(X0,X1) | zex(X0) | ~zex(difference(X0,X1))))),
  file('Dropbox/Shirly_PhD_Work/codi_down_sum_theorems_rerun/codi_down_sum_theorems_goal03.all.tptp',axiom31710)).
fof(f2142,plain,(
  ~zex(difference(sum(sK0,sK0),sK0))),
  inference(unit_resulting_resolution,[],[f310,f309,f311,f680,f320])).
fof(f320,plain,(
  ( ! [X0,X1] : (p(X1,X0) | zex(X1) | zex(X0) | ~zex(difference(X1,X0)) | ~zex(difference(X0,X1))) )),
  inference(cnf_transformation,[],[f211])).
fof(f211,plain,(
  ! [X0,X1] : (p(X1,X0) | zex(X1) | zex(X0) | ~zex(difference(X1,X0)) | ~zex(difference(X0,X1)))),
  inference(flattening,[],[f210])).
fof(f210,plain,(
  ! [X0,X1] : (p(X1,X0) | (zex(X1) | zex(X0) | ~zex(difference(X1,X0)) | ~zex(difference(X0,X1))))),
  inference(ennf_transformation,[],[f126])).
fof(f126,plain,(
  ! [X0,X1] : (p(X1,X0) | ~(~zex(X1) & ~zex(X0) & zex(difference(X1,X0)) & zex(difference(X0,X1))))),
  inference(flattening,[],[f38])).
fof(f38,axiom,(
  ! [X0] : ! [X1] : (p(X1,X0) | ~(~zex(X1) & ~zex(X0) & zex(difference(X1,X0)) & zex(difference(X0,X1))))),
  file('Dropbox/Shirly_PhD_Work/codi_down_sum_theorems_rerun/codi_down_sum_theorems_goal03.all.tptp',axiom74450)).
fof(f680,plain,(
  zex(difference(sK0,sum(sK0,sK0)))),
  inference(unit_resulting_resolution,[],[f470,f356])).
fof(f470,plain,(
  cont(sK0,sum(sK0,sK0))),
  inference(unit_resulting_resolution,[],[f375,f440,f331])).
fof(f331,plain,(
  ( ! [X2,X0,X1] : (cont(X2,sum(X0,X1)) | ~cont(X2,X1) | ~leq(X0,X1)) )),
  inference(cnf_transformation,[],[f223])).
fof(f223,plain,(
  ! [X0,X1,X2] : (cont(X2,sum(X0,X1)) | ~cont(X2,X1) | ~leq(X0,X1))),
  inference(flattening,[],[f222])).
fof(f222,plain,(
  ! [X0,X1,X2] : (cont(X2,sum(X0,X1)) | (~cont(X2,X1) | ~leq(X0,X1)))),
  inference(ennf_transformation,[],[f134])).
fof(f134,plain,(
  ! [X0,X1,X2] : (cont(X2,sum(X0,X1)) | ~(cont(X2,X1) & leq(X0,X1)))),
  inference(flattening,[],[f5])).
fof(f5,axiom,(
  ! [X0] : ! [X1] : ! [X2] : (cont(X2,sum(X0,X1)) | ~(cont(X2,X1) & leq(X0,X1)))),
  file('Dropbox/Shirly_PhD_Work/codi_down_sum_theorems_rerun/codi_down_sum_theorems_goal03.all.tptp',axiom30)).
fof(f375,plain,(
  ( ! [X0] : (leq(X0,X0)) )),
  inference(cnf_transformation,[],[f95])).
fof(f95,axiom,(
  ! [X0] : leq(X0,X0)),
  file('Dropbox/Shirly_PhD_Work/codi_down_sum_theorems_rerun/codi_down_sum_theorems_goal03.all.tptp',axiom89100)).
fof(f311,plain,(
  ~p(sum(sK0,sK0),sK0)),
  inference(cnf_transformation,[],[f288])).
fof(f309,plain,(
  ~zex(sum(sK0,sK0))),
  inference(cnf_transformation,[],[f288])).
fof(f458,plain,(
  cont(sum(sK0,sK0),sum(sK0,sK0))),
  inference(unit_resulting_resolution,[],[f309,f357])).
fof(f7346,plain,(
  eqdim(sum(sK0,sK0),difference(sum(sK0,sK0),sK0))),
  inference(unit_resulting_resolution,[],[f2142,f406])).
fof(f406,plain,(
  ( ! [X0,X1] : (eqdim(X0,difference(X0,X1)) | zex(difference(X0,X1))) )),
  inference(cnf_transformation,[],[f182])).
fof(f182,plain,(
  ! [X0,X1] : (eqdim(X0,difference(X0,X1)) | zex(difference(X0,X1)))),
  inference(flattening,[],[f7])).
fof(f7,axiom,(
  ! [X0] : ! [X1] : (eqdim(X0,difference(X0,X1)) | zex(difference(X0,X1)))),
  file('Dropbox/Shirly_PhD_Work/codi_down_sum_theorems_rerun/codi_down_sum_theorems_goal03.all.tptp',axiom15150)).
fof(f4303,plain,(
  leq(sK0,sum(sK0,sK0))),
  inference(superposition,[],[f684,f1747])).
fof(f1747,plain,(
  sum(sK0,sK0) = intersection(sum(sK0,sK0),sum(sK0,sK0))),
  inference(unit_resulting_resolution,[],[f598,f648,f384])).
fof(f648,plain,(
  cont(intersection(sum(sK0,sK0),sum(sK0,sK0)),sum(sK0,sK0))),
  inference(unit_resulting_resolution,[],[f455,f348])).
fof(f455,plain,(
  ~zex(intersection(sum(sK0,sK0),sum(sK0,sK0)))),
  inference(unit_resulting_resolution,[],[f309,f343])).
fof(f598,plain,(
  cont(sum(sK0,sK0),intersection(sum(sK0,sK0),sum(sK0,sK0)))),
  inference(unit_resulting_resolution,[],[f458,f414,f414,f458,f397])).
fof(f684,plain,(
  leq(sK0,intersection(sum(sK0,sK0),sum(sK0,sK0)))),
  inference(unit_resulting_resolution,[],[f470,f470,f359])).
fof(f7351,plain,(
  p(difference(sum(sK0,sK0),sK0),difference(sum(sK0,sK0),sK0))),
  inference(unit_resulting_resolution,[],[f2142,f432,f432,f2142,f321])).
fof(f321,plain,(
  ( ! [X0,X1] : (p(X0,X1) | zex(X1) | zex(X0) | ~zex(difference(X1,X0)) | ~zex(difference(X0,X1))) )),
  inference(cnf_transformation,[],[f213])).
fof(f213,plain,(
  ! [X0,X1] : (p(X0,X1) | zex(X1) | zex(X0) | ~zex(difference(X1,X0)) | ~zex(difference(X0,X1)))),
  inference(flattening,[],[f212])).
fof(f212,plain,(
  ! [X0,X1] : (p(X0,X1) | (zex(X1) | zex(X0) | ~zex(difference(X1,X0)) | ~zex(difference(X0,X1))))),
  inference(ennf_transformation,[],[f127])).
fof(f127,plain,(
  ! [X0,X1] : (p(X0,X1) | ~(~zex(X1) & ~zex(X0) & zex(difference(X1,X0)) & zex(difference(X0,X1))))),
  inference(flattening,[],[f37])).
fof(f37,axiom,(
  ! [X0] : ! [X1] : (p(X0,X1) | ~(~zex(X1) & ~zex(X0) & zex(difference(X1,X0)) & zex(difference(X0,X1))))),
  file('Dropbox/Shirly_PhD_Work/codi_down_sum_theorems_rerun/codi_down_sum_theorems_goal03.all.tptp',axiom74440)).
fof(f432,plain,(
  ( ! [X1] : (zex(difference(X1,X1))) )),
  inference(equality_resolution,[],[f390])).
fof(f390,plain,(
  ( ! [X0,X1] : (zex(difference(X0,X1)) | X0 != X1) )),
  inference(cnf_transformation,[],[f172])).
fof(f172,plain,(
  ! [X0,X1] : (zex(difference(X0,X1)) | X0 != X1)),
  inference(flattening,[],[f36])).
fof(f36,axiom,(
  ! [X0] : ! [X1] : (zex(difference(X0,X1)) | X0 != X1)),
  file('Dropbox/Shirly_PhD_Work/codi_down_sum_theorems_rerun/codi_down_sum_theorems_goal03.all.tptp',axiom74430)).
fof(f34110,plain,(
  ~lt(intersection(difference(sum(sK0,sK0),sK0),sK0),difference(sum(sK0,sK0),sK0))),
  inference(unit_resulting_resolution,[],[f2191,f8907,f375,f5034])).
fof(f5034,plain,(
  ( ! [X21] : (~leq(sK0,sK0) | ~lt(intersection(X21,sK0),X21) | ~cont(X21,sK0) | cont(X21,sK1)) )),
  inference(superposition,[],[f364,f2253])).
fof(f2253,plain,(
  sK1 = difference(sK0,sK0)),
  inference(forward_demodulation,[],[f2226,f785])).
fof(f2226,plain,(
  sK1 = difference(sK0,intersection(sK0,sK0))),
  inference(unit_resulting_resolution,[],[f329,f711,f387])).
fof(f387,plain,(
  ( ! [X0,X1] : (X0 = X1 | ~zex(X1) | ~zex(X0)) )),
  inference(cnf_transformation,[],[f259])).
fof(f259,plain,(
  ! [X0,X1] : (X0 = X1 | ~zex(X1) | ~zex(X0))),
  inference(flattening,[],[f258])).
fof(f258,plain,(
  ! [X0,X1] : (X0 = X1 | (~zex(X1) | ~zex(X0)))),
  inference(ennf_transformation,[],[f169])).
fof(f169,plain,(
  ! [X0,X1] : (X0 = X1 | ~(zex(X1) & zex(X0)))),
  inference(flattening,[],[f89])).
fof(f89,axiom,(
  ! [X0] : ! [X1] : (X0 = X1 | ~(zex(X1) & zex(X0)))),
  file('Dropbox/Shirly_PhD_Work/codi_down_sum_theorems_rerun/codi_down_sum_theorems_goal03.all.tptp',axiom89550)).
fof(f711,plain,(
  zex(difference(sK0,intersection(sK0,sK0)))),
  inference(unit_resulting_resolution,[],[f482,f356])).
fof(f329,plain,(
  zex(sK1)),
  inference(cnf_transformation,[],[f290])).
fof(f290,plain,(
  zex(sK1)),
  inference(skolemisation,[status(esa),new_symbols(skolem,[sK1])],[f107,f289])).
fof(f289,plain,(
  ? [X0] : zex(X0) => zex(sK1)),
  introduced(choice_axiom,[])).
fof(f107,axiom,(
  ? [X0] : zex(X0)),
  file('Dropbox/Shirly_PhD_Work/codi_down_sum_theorems_rerun/codi_down_sum_theorems_goal03.all.tptp',axiom87750)).
fof(f364,plain,(
  ( ! [X2,X0,X1] : (cont(X2,difference(X0,X1)) | ~lt(intersection(X2,X1),X2) | ~cont(X2,X0) | ~leq(X0,X1)) )),
  inference(cnf_transformation,[],[f241])).
fof(f241,plain,(
  ! [X0,X1,X2] : (cont(X2,difference(X0,X1)) | ~lt(intersection(X2,X1),X2) | ~cont(X2,X0) | ~leq(X0,X1))),
  inference(flattening,[],[f240])).
fof(f240,plain,(
  ! [X0,X1,X2] : (cont(X2,difference(X0,X1)) | (~lt(intersection(X2,X1),X2) | ~cont(X2,X0) | ~leq(X0,X1)))),
  inference(ennf_transformation,[],[f157])).
fof(f157,plain,(
  ! [X0,X1,X2] : (cont(X2,difference(X0,X1)) | ~(lt(intersection(X2,X1),X2) & cont(X2,X0) & leq(X0,X1)))),
  inference(flattening,[],[f110])).
fof(f110,axiom,(
  ! [X0] : ! [X1] : ! [X2] : (cont(X2,difference(X0,X1)) | ~(lt(intersection(X2,X1),X2) & cont(X2,X0) & leq(X0,X1)))),
  file('Dropbox/Shirly_PhD_Work/codi_down_sum_theorems_rerun/codi_down_sum_theorems_goal03.all.tptp',axiom31680)).
fof(f2191,plain,(
  ( ! [X0] : (~cont(X0,sK1)) )),
  inference(forward_demodulation,[],[f2145,f2166])).
fof(f2166,plain,(
  sK1 = difference(sK0,sum(sK0,sK0))),
  inference(unit_resulting_resolution,[],[f329,f680,f387])).
fof(f2145,plain,(
  ( ! [X0] : (~cont(X0,difference(sK0,sum(sK0,sK0)))) )),
  inference(unit_resulting_resolution,[],[f680,f349])).
fof(f349,plain,(
  ( ! [X0,X1] : (~cont(X1,X0) | ~zex(X0)) )),
  inference(cnf_transformation,[],[f149])).
fof(f149,plain,(
  ! [X0,X1] : ((~cont(X0,X1) & ~cont(X1,X0)) | ~zex(X0))),
  inference(flattening,[],[f88])).
fof(f88,axiom,(
  ! [X0] : ! [X1] : ((~cont(X0,X1) & ~cont(X1,X0)) | ~zex(X0))),
  file('Dropbox/Shirly_PhD_Work/codi_down_sum_theorems_rerun/codi_down_sum_theorems_goal03.all.tptp',axiom89540)).
% SZS output end Proof for codi_down_sum_theorems_goal03.all
% ------------------------------
% Version: Vampire 4.4.0 (commit f9be976 on 2020-01-20 19:56:10 +0000)
% Termination reason: Refutation

% Memory used [KB]: 10490
% Time elapsed: 12.165 s
% ------------------------------
% ------------------------------
% Success in time 2154.07 s
