Hi Geoff, go and have some cold beer while I am trying to solve this very hard problem!
% remaining time: 5999 next slice time: 3
dis-4_5_bd=off:bs=off:ep=RST:fde=none:lcm=predicate:n=on:nicw=on:nwc=2:ptb=off:sio=off:spl=backtracking:ss=included:ssec=off:st=5:updr=off_3 on C:\Users\torsten\Documents\github\colore\ontologies\multidim_mereotopology_codi\theorems\conversions\codi_int_theorems_goal24.all
Time limit reached!
------------------------------
Version: Vampire 0.6 (revision 903)
Termination reason: Time limit

Active clauses: 592
Passive clauses: 1952
Generated clauses: 4536
Final active clauses: 592
Final passive clauses: 1269
Input formulas: 43
Initial clauses: 89

Selected by SInE selection: 43
SInE iterations: 1

Duplicate literals: 37
Fw subsumption resolutions: 43

Simple tautologies: 29
Forward subsumptions: 2533

Binary resolution: 4339
Factoring: 27

Backtracking splits: 31
Backtracking splits refuted: 4

Memory used: 895KB
Time elapsed: 0.402 s
------------------------------
% remaining time: 5995 next slice time: 13
dis-1010_2_bs=off:ep=on:n=on:nwc=1.5:sgo=on:sp=occurrence:ss=included:sswn=on:sswsr=on:st=1.5_13 on C:\Users\torsten\Documents\github\colore\ontologies\multidim_mereotopology_codi\theorems\conversions\codi_int_theorems_goal24.all
Refutation found. Thanks to Tanya!
880. $false (7:0) [subsumption resolution 879,513]
513. c(y,sK0) (3:3) [resolution 507,277]
277. zex(intersection(X0,X1)) | c(X0,X1) (0:7) [cnf transformation 206]
206. ! [X0,X1] : ((c(X0,X1) | zex(intersection(X0,X1))) & (~zex(intersection(X0,X1)) | ~c(X0,X1)))[nnf transformation 149]
149. ! [X0,X1] : (~c(X0,X1) <=> zex(intersection(X0,X1)))[ennf transformation 99]
99. ! [X0,X1] : (~c(X0,X1) <=> zex(intersection(X0,X1)))[flattening 98]
98. ! [X0] : ! [X1] : (~c(X0,X1) <=> zex(intersection(X0,X1)))[rectify 24]
24. ! [X49] : ! [X50] : (~c(X49,X50) <=> zex(intersection(X49,X50)))[input]
507. ~zex(intersection(y,sK0)) (2:4) [resolution 502,326]
326. c(intersection(y,sK0),sK0) (1:5) [resolution 277,213]
213. ~zex(intersection(intersection(y,sK0),sK0)) (0:6) [cnf transformation 167]
167. zex(intersection(sK0,intersection(sK0,y))) & ~zex(intersection(intersection(y,sK0),sK0))[skolemisation 119]
119. ? [X0] : (zex(intersection(X0,intersection(X0,y))) & ~zex(intersection(intersection(y,X0),X0)))[ennf transformation 1]
1. ~! [X0] : (zex(intersection(X0,intersection(X0,y))) => zex(intersection(intersection(y,X0),X0)))[negated conjecture]
502. ~c(X2,X3) | ~zex(X2) (1:5) [resolution 265,227]
227. ~cont(X1,X0) | ~zex(X0) (0:5) [cnf transformation 125]
125. ! [X0,X1] : (~zex(X0) | (~cont(X1,X0) & ~cont(X0,X1)))[ennf transformation 53]
53. ! [X0,X1] : (zex(X0) => (~cont(X1,X0) & ~cont(X0,X1)))[flattening 52]
52. ! [X0] : ! [X1] : (zex(X0) => (~cont(X1,X0) & ~cont(X0,X1)))[rectify 20]
20. ! [X40] : ! [X41] : (zex(X40) => (~cont(X41,X40) & ~cont(X40,X41)))[input]
265. cont(sK10(X1,X0),X0) | ~c(X0,X1) (0:8) [cnf transformation 199]
199. ! [X0,X1] : ((~c(X0,X1) | (cont(sK10(X1,X0),X0) & cont(sK10(X1,X0),X1))) & (! [X3] : (~cont(X3,X0) | ~cont(X3,X1)) | c(X0,X1)))[skolemisation 198]
198. ! [X0,X1] : ((~c(X0,X1) | ? [X2] : (cont(X2,X0) & cont(X2,X1))) & (! [X3] : (~cont(X3,X0) | ~cont(X3,X1)) | c(X0,X1)))[rectify 197]
197. ! [X0,X1] : ((~c(X0,X1) | ? [X2] : (cont(X2,X0) & cont(X2,X1))) & (! [X2] : (~cont(X2,X0) | ~cont(X2,X1)) | c(X0,X1)))[nnf transformation 91]
91. ! [X0,X1] : (c(X0,X1) <=> ? [X2] : (cont(X2,X0) & cont(X2,X1)))[flattening 90]
90. ! [X0] : ! [X1] : (c(X0,X1) <=> ? [X2] : (cont(X2,X0) & cont(X2,X1)))[rectify 2]
2. ! [X1] : ! [X2] : (c(X1,X2) <=> ? [X3] : (cont(X3,X1) & cont(X3,X2)))[input]
879. ~c(y,sK0) (7:3) [duplicate literal removal 870]
870. ~c(y,sK0) | ~c(y,sK0) (7:6) [resolution 670,265]
670. ~cont(sK10(sK0,X6),y) | ~c(X6,sK0) (6:8) [resolution 621,266]
266. cont(sK10(X1,X0),X1) | ~c(X0,X1) (0:8) [cnf transformation 199]
621. ~cont(X1,sK0) | ~cont(X1,y) (5:6) [resolution 606,267]
267. c(X0,X1) | ~cont(X3,X1) | ~cont(X3,X0) (0:9) [cnf transformation 199]
606. ~c(sK0,y) (4:3) [resolution 602,278]
278. ~zex(intersection(X0,X1)) | ~c(X0,X1) (0:7) [cnf transformation 206]
602. zex(intersection(sK0,y)) (3:4) [subsumption resolution 588,239]
239. cont(intersection(X0,X1),X0) | zex(intersection(X0,X1)) (0:9) [cnf transformation 143]
143. ! [X0,X1] : (zex(intersection(X0,X1)) | cont(intersection(X0,X1),X0))[ennf transformation 75]
75. ! [X0,X1] : (~zex(intersection(X0,X1)) => cont(intersection(X0,X1),X0))[flattening 74]
74. ! [X0] : ! [X1] : (~zex(intersection(X0,X1)) => cont(intersection(X0,X1),X0))[rectify 25]
25. ! [X51] : ! [X0] : (~zex(intersection(X51,X0)) => cont(intersection(X51,X0),X51))[input]
588. ~cont(intersection(sK0,y),sK0) | zex(intersection(sK0,y)) (3:9) [resolution 583,223]
223. cont(X0,X0) | zex(X0) (0:5) [cnf transformation 176]
176. ! [X0] : ((zex(X0) | cont(X0,X0)) & (~cont(X0,X0) | ~zex(X0)))[nnf transformation 122]
122. ! [X0] : (~zex(X0) <=> cont(X0,X0))[ennf transformation 48]
48. ! [X0] : (~zex(X0) <=> cont(X0,X0))[rectify 17]
17. ! [X34] : (~zex(X34) <=> cont(X34,X34))[input]
583. ~cont(X0,intersection(sK0,y)) | ~cont(X0,sK0) (2:8) [resolution 267,327]
327. ~c(sK0,intersection(sK0,y)) (1:5) [resolution 278,212]
212. zex(intersection(sK0,intersection(sK0,y))) (0:6) [cnf transformation 167]
------------------------------
Version: Vampire 0.6 (revision 903)
Termination reason: Refutation

Active clauses: 132
Passive clauses: 357
Generated clauses: 663
Final active clauses: 132
Final passive clauses: 200
Input formulas: 43
Initial clauses: 84

Unused predicate definitions: 2
Selected by SInE selection: 43
SInE iterations: 1

Duplicate literals: 28
Fw subsumption resolutions: 48

Simple tautologies: 23
Equational tautologies: 1
Forward subsumptions: 222

Binary resolution: 232
Factoring: 5
Forward superposition: 218
Backward superposition: 48

Unique components: 2

Memory used: 255KB
Time elapsed: 0.035 s
------------------------------
% Success in time 0.603 s
============================= C:\Reasoning\vampire_win ================================
execution finished: Sun Jun 24 23:39:47 2018
total CPU time used: 0
The command was "C:\Reasoning\vampire_win --mode casc --proof tptp -t 600 --input_file C:\Users\torsten\Documents\github\colore\ontologies\multidim_mereotopology_codi\theorems\conversions\codi_int_theorems_goal24.all.tptp"
Input read from 
============================ end of footer ===========================
