Hi Geoff, go and have some cold beer while I am trying to solve this very hard problem!
% remaining time: 1199 next slice time: 3
dis-4_5_bd=off:bs=off:ep=RST:fde=none:lcm=predicate:nwc=2.0:nicw=on:ptb=off:ssec=off:ss=included:st=5.0:sio=off:spl=backtracking:updr=off_1 on unknown
Time limit reached!
------------------------------
Version: Vampire 0.6 (revision 903)
Termination reason: Time limit
Termination phase: Saturation

Active clauses: 1928
Passive clauses: 18419
Generated clauses: 32247
Input formulas: 52
Initial clauses: 108

Selected by SInE selection: 52
SInE iterations: 1

Duplicate literals: 257
Fw subsumption resolutions: 2224

Simple tautologies: 148
Forward subsumptions: 10110

Binary resolution: 27977
Factoring: 37

Backtracking splits: 1183
Backtracking splits refuted: 237
Backtracking splits refuted at zero level: 4

Memory used: 6524KB
Time elapsed: 0.400 s
------------------------------
% remaining time: 1195 next slice time: 13
dis-1010_2_bs=off:ep=on:nwc=1.5:sswn=on:sswsr=on:ss=included:st=1.5:sgo=on:sp=occurrence_9 on unknown
Refutation found. Thanks to Tanya!
% SZS status Theorem for unknown
% SZS output start Proof for unknown
fof(f7928,plain,(
  $false),
  inference(resolution,[],[f7885,f376])).
fof(f376,plain,(
  zex(sK21)),
  inference(cnf_transformation,[],[f271])).
fof(f271,plain,(
  zex(sK21)),
  inference(skolemisation,[status(esa)],[f147])).
fof(f147,plain,(
  ? [X0] : zex(X0)),
  inference(rectify,[],[f30])).
fof(f30,axiom,(
  ? [X73] : zex(X73)),
  file(unknown,unknown)).
fof(f7885,plain,(
  ( ! [X25] : (~zex(X25)) )),
  inference(resolution,[],[f7872,f2887])).
fof(f2887,plain,(
  ( ! [X0] : (zex(difference(difference(sK0,sK1),X0))) )),
  inference(resolution,[],[f705,f1017])).
fof(f1017,plain,(
  ( ! [X4,X5] : (~p(difference(difference(X4,sK1),X5),sK0)) )),
  inference(subsumption_resolution,[],[f1007,f398])).
fof(f398,plain,(
  ( ! [X2,X1] : (~p(X1,X2) | ~zex(X1)) )),
  inference(resolution,[],[f354,f291])).
fof(f291,plain,(
  ( ! [X0,X1] : (~cont(X0,X1) | ~zex(X0)) )),
  inference(cnf_transformation,[],[f155])).
fof(f155,plain,(
  ! [X0,X1] : (~zex(X0) | (~cont(X1,X0) & ~cont(X0,X1)))),
  inference(ennf_transformation,[],[f61])).
fof(f61,plain,(
  ! [X0,X1] : (zex(X0) => (~cont(X1,X0) & ~cont(X0,X1)))),
  inference(flattening,[],[f60])).
fof(f60,plain,(
  ! [X0] : ! [X1] : (zex(X0) => (~cont(X1,X0) & ~cont(X0,X1)))),
  inference(rectify,[],[f52])).
fof(f52,axiom,(
  ! [X125] : ! [X126] : (zex(X125) => (~cont(X126,X125) & ~cont(X125,X126)))),
  file(unknown,unknown)).
fof(f354,plain,(
  ( ! [X0,X1] : (cont(X0,X1) | ~p(X0,X1)) )),
  inference(cnf_transformation,[],[f265])).
fof(f265,plain,(
  ! [X0,X1] : ((~p(X0,X1) | (cont(X0,X1) & eqdim(X0,X1))) & (~cont(X0,X1) | ~eqdim(X0,X1) | p(X0,X1)))),
  inference(flattening,[],[f264])).
fof(f264,plain,(
  ! [X0,X1] : ((~p(X0,X1) | (cont(X0,X1) & eqdim(X0,X1))) & ((~cont(X0,X1) | ~eqdim(X0,X1)) | p(X0,X1)))),
  inference(nnf_transformation,[],[f119])).
fof(f119,plain,(
  ! [X0,X1] : (p(X0,X1) <=> (cont(X0,X1) & eqdim(X0,X1)))),
  inference(flattening,[],[f118])).
fof(f118,plain,(
  ! [X0] : ! [X1] : (p(X0,X1) <=> (cont(X0,X1) & eqdim(X0,X1)))),
  inference(rectify,[],[f31])).
fof(f31,axiom,(
  ! [X74] : ! [X75] : (p(X74,X75) <=> (cont(X74,X75) & eqdim(X74,X75)))),
  file(unknown,unknown)).
fof(f1007,plain,(
  ( ! [X4,X5] : (~p(difference(difference(X4,sK1),X5),sK0) | zex(difference(difference(X4,sK1),X5))) )),
  inference(resolution,[],[f952,f316])).
fof(f316,plain,(
  ( ! [X0,X1] : (p(difference(X0,X1),X0) | zex(difference(X0,X1))) )),
  inference(cnf_transformation,[],[f184])).
fof(f184,plain,(
  ! [X0,X1] : (zex(difference(X0,X1)) | p(difference(X0,X1),X0))),
  inference(ennf_transformation,[],[f99])).
fof(f99,plain,(
  ! [X0,X1] : (~zex(difference(X0,X1)) => p(difference(X0,X1),X0))),
  inference(flattening,[],[f98])).
fof(f98,plain,(
  ! [X0] : ! [X1] : (~zex(difference(X0,X1)) => p(difference(X0,X1),X0))),
  inference(rectify,[],[f21])).
fof(f21,axiom,(
  ! [X52] : ! [X53] : (~zex(difference(X52,X53)) => p(difference(X52,X53),X52))),
  file(unknown,unknown)).
fof(f952,plain,(
  ( ! [X0,X1] : (~p(X0,difference(X1,sK1)) | ~p(X0,sK0)) )),
  inference(resolution,[],[f932,f353])).
fof(f353,plain,(
  ( ! [X0,X3,X1] : (po(X0,X1) | ~p(X3,X1) | ~p(X3,X0)) )),
  inference(cnf_transformation,[],[f263])).
fof(f263,plain,(
  ! [X0,X1] : ((~po(X0,X1) | (p(sK19(X1,X0),X0) & p(sK19(X1,X0),X1))) & (! [X3] : (~p(X3,X0) | ~p(X3,X1)) | po(X0,X1)))),
  inference(skolemisation,[status(esa)],[f262])).
fof(f262,plain,(
  ! [X0,X1] : ((~po(X0,X1) | ? [X2] : (p(X2,X0) & p(X2,X1))) & (! [X3] : (~p(X3,X0) | ~p(X3,X1)) | po(X0,X1)))),
  inference(rectify,[],[f261])).
fof(f261,plain,(
  ! [X0,X1] : ((~po(X0,X1) | ? [X2] : (p(X2,X0) & p(X2,X1))) & (! [X2] : (~p(X2,X0) | ~p(X2,X1)) | po(X0,X1)))),
  inference(nnf_transformation,[],[f117])).
fof(f117,plain,(
  ! [X0,X1] : (po(X0,X1) <=> ? [X2] : (p(X2,X0) & p(X2,X1)))),
  inference(flattening,[],[f116])).
fof(f116,plain,(
  ! [X0] : ! [X1] : (po(X0,X1) <=> ? [X2] : (p(X2,X0) & p(X2,X1)))),
  inference(rectify,[],[f43])).
fof(f43,axiom,(
  ! [X98] : ! [X99] : (po(X98,X99) <=> ? [X100] : (p(X100,X98) & p(X100,X99)))),
  file(unknown,unknown)).
fof(f932,plain,(
  ( ! [X0] : (~po(sK0,difference(X0,sK1))) )),
  inference(resolution,[],[f923,f273])).
fof(f273,plain,(
  ( ! [X2] : (po(sK1,X2) | ~po(sK0,X2)) )),
  inference(cnf_transformation,[],[f212])).
fof(f212,plain,(
  ~zex(sK0) & ! [X2] : (~po(sK0,X2) | po(sK1,X2)) & ~p(sK0,sK1)),
  inference(skolemisation,[status(esa)],[f149])).
fof(f149,plain,(
  ? [X0,X1] : (~zex(X0) & ! [X2] : (~po(X0,X2) | po(X1,X2)) & ~p(X0,X1))),
  inference(flattening,[],[f148])).
fof(f148,plain,(
  ? [X0,X1] : ((~zex(X0) & ! [X2] : (~po(X0,X2) | po(X1,X2))) & ~p(X0,X1))),
  inference(ennf_transformation,[],[f53])).
fof(f53,plain,(
  ~! [X0,X1] : ((~zex(X0) & ! [X2] : (po(X0,X2) => po(X1,X2))) => p(X0,X1))),
  inference(flattening,[],[f1])).
fof(f1,negated_conjecture,(
  ~! [X0] : ! [X1] : ((~zex(X0) & ! [X2] : (po(X0,X2) => po(X1,X2))) => p(X0,X1))),
  file(unknown,unknown)).
fof(f923,plain,(
  ( ! [X0,X1] : (~po(X1,difference(X0,X1))) )),
  inference(subsumption_resolution,[],[f922,f626])).
fof(f626,plain,(
  ( ! [X0,X1] : (~po(X0,X1) | ~zex(X1)) )),
  inference(resolution,[],[f352,f399])).
fof(f399,plain,(
  ( ! [X4,X3] : (~p(X3,X4) | ~zex(X4)) )),
  inference(resolution,[],[f354,f290])).
fof(f290,plain,(
  ( ! [X0,X1] : (~cont(X1,X0) | ~zex(X0)) )),
  inference(cnf_transformation,[],[f155])).
fof(f352,plain,(
  ( ! [X0,X1] : (p(sK19(X1,X0),X1) | ~po(X0,X1)) )),
  inference(cnf_transformation,[],[f263])).
fof(f922,plain,(
  ( ! [X0,X1] : (~po(X1,difference(X0,X1)) | zex(difference(X0,X1))) )),
  inference(subsumption_resolution,[],[f310,f613])).
fof(f613,plain,(
  ( ! [X0,X1] : (~po(X0,X1) | ~zex(X0)) )),
  inference(resolution,[],[f351,f399])).
fof(f351,plain,(
  ( ! [X0,X1] : (p(sK19(X1,X0),X0) | ~po(X0,X1)) )),
  inference(cnf_transformation,[],[f263])).
fof(f310,plain,(
  ( ! [X0,X1] : (~po(X1,difference(X0,X1)) | zex(difference(X0,X1)) | zex(X1)) )),
  inference(cnf_transformation,[],[f178])).
fof(f178,plain,(
  ! [X0,X1] : (zex(X1) | zex(difference(X0,X1)) | ~po(X1,difference(X0,X1)))),
  inference(flattening,[],[f177])).
fof(f177,plain,(
  ! [X0,X1] : ((zex(X1) | zex(difference(X0,X1))) | ~po(X1,difference(X0,X1)))),
  inference(ennf_transformation,[],[f89])).
fof(f89,plain,(
  ! [X0,X1] : ((~zex(X1) & ~zex(difference(X0,X1))) => ~po(X1,difference(X0,X1)))),
  inference(flattening,[],[f88])).
fof(f88,plain,(
  ! [X0] : ! [X1] : ((~zex(X1) & ~zex(difference(X0,X1))) => ~po(X1,difference(X0,X1)))),
  inference(rectify,[],[f24])).
fof(f24,axiom,(
  ! [X58] : ! [X59] : ((~zex(X59) & ~zex(difference(X58,X59))) => ~po(X59,difference(X58,X59)))),
  file(unknown,unknown)).
fof(f705,plain,(
  ( ! [X12,X10,X11] : (p(difference(difference(X10,X11),X12),X10) | zex(difference(difference(X10,X11),X12))) )),
  inference(resolution,[],[f316,f361])).
fof(f361,plain,(
  ( ! [X2,X0,X1] : (~p(X2,difference(X0,X1)) | p(X2,X0)) )),
  inference(cnf_transformation,[],[f192])).
fof(f192,plain,(
  ! [X0,X1,X2] : (~p(X2,difference(X0,X1)) | p(X2,X0))),
  inference(ennf_transformation,[],[f125])).
fof(f125,plain,(
  ! [X0,X1,X2] : (p(X2,difference(X0,X1)) => p(X2,X0))),
  inference(flattening,[],[f124])).
fof(f124,plain,(
  ! [X0] : ! [X1] : ! [X2] : (p(X2,difference(X0,X1)) => p(X2,X0))),
  inference(rectify,[],[f26])).
fof(f26,axiom,(
  ! [X62] : ! [X63] : ! [X64] : (p(X64,difference(X62,X63)) => p(X64,X62))),
  file(unknown,unknown)).
fof(f7872,plain,(
  ( ! [X10,X9] : (~zex(X10) | ~zex(X9)) )),
  inference(subsumption_resolution,[],[f7862,f272])).
fof(f272,plain,(
  ~zex(sK0)),
  inference(cnf_transformation,[],[f212])).
fof(f7862,plain,(
  ( ! [X10,X9] : (~zex(X9) | zex(sK0) | ~zex(X10)) )),
  inference(resolution,[],[f7799,f299])).
fof(f299,plain,(
  ( ! [X0,X1] : (less(X0,X1) | zex(X1) | ~zex(X0)) )),
  inference(cnf_transformation,[],[f164])).
fof(f164,plain,(
  ! [X0,X1] : (~zex(X0) | zex(X1) | less(X0,X1))),
  inference(flattening,[],[f163])).
fof(f163,plain,(
  ! [X0,X1] : ((~zex(X0) | zex(X1)) | less(X0,X1))),
  inference(ennf_transformation,[],[f75])).
fof(f75,plain,(
  ! [X0,X1] : ((zex(X0) & ~zex(X1)) => less(X0,X1))),
  inference(flattening,[],[f74])).
fof(f74,plain,(
  ! [X0] : ! [X1] : ((zex(X0) & ~zex(X1)) => less(X0,X1))),
  inference(rectify,[],[f36])).
fof(f36,axiom,(
  ! [X84] : ! [X85] : ((zex(X84) & ~zex(X85)) => less(X84,X85))),
  file(unknown,unknown)).
fof(f7799,plain,(
  ( ! [X0,X1] : (~less(X1,sK0) | ~zex(X0)) )),
  inference(subsumption_resolution,[],[f7774,f272])).
fof(f7774,plain,(
  ( ! [X0,X1] : (~zex(X0) | ~less(X1,sK0) | zex(sK0)) )),
  inference(resolution,[],[f7767,f2098])).
fof(f2098,plain,(
  ( ! [X0,X1] : (p(X0,X0) | ~less(X1,X0) | zex(X0)) )),
  inference(duplicate_literal_removal,[],[f2097])).
fof(f2097,plain,(
  ( ! [X0,X1] : (zex(X0) | p(X0,X0) | ~less(X1,X0) | ~less(X1,X0)) )),
  inference(superposition,[],[f708,f295])).
fof(f295,plain,(
  ( ! [X0,X1] : (difference(X0,X1) = X0 | ~less(X1,X0)) )),
  inference(cnf_transformation,[],[f158])).
fof(f158,plain,(
  ! [X0,X1] : (~less(X1,X0) | difference(X0,X1) = X0)),
  inference(ennf_transformation,[],[f67])).
fof(f67,plain,(
  ! [X0,X1] : (less(X1,X0) => difference(X0,X1) = X0)),
  inference(flattening,[],[f66])).
fof(f66,plain,(
  ! [X0] : ! [X1] : (less(X1,X0) => difference(X0,X1) = X0)),
  inference(rectify,[],[f8])).
fof(f8,axiom,(
  ! [X20] : ! [X21] : (less(X21,X20) => difference(X20,X21) = X20)),
  file(unknown,unknown)).
fof(f708,plain,(
  ( ! [X0,X1] : (zex(difference(X0,X1)) | p(X0,X0) | ~less(X1,X0)) )),
  inference(superposition,[],[f316,f295])).
fof(f7767,plain,(
  ( ! [X0,X1] : (~p(X1,sK0) | ~zex(X0)) )),
  inference(duplicate_literal_removal,[],[f7763])).
fof(f7763,plain,(
  ( ! [X0,X1] : (~zex(X0) | ~p(X1,sK0) | ~p(X1,sK0)) )),
  inference(resolution,[],[f7755,f353])).
fof(f7755,plain,(
  ( ! [X0] : (~po(sK0,sK0) | ~zex(X0)) )),
  inference(resolution,[],[f7750,f273])).
fof(f7750,plain,(
  ( ! [X0] : (~po(sK1,sK0) | ~zex(X0)) )),
  inference(duplicate_literal_removal,[],[f7739])).
fof(f7739,plain,(
  ( ! [X0] : (~zex(X0) | ~po(sK1,sK0) | ~po(sK1,sK0)) )),
  inference(resolution,[],[f3414,f352])).
fof(f3414,plain,(
  ( ! [X30,X29] : (~p(sK19(X30,sK1),sK0) | ~zex(X29) | ~po(sK1,X30)) )),
  inference(resolution,[],[f3111,f351])).
fof(f3111,plain,(
  ( ! [X0,X1] : (~p(X1,sK1) | ~zex(X0) | ~p(X1,sK0)) )),
  inference(resolution,[],[f3083,f353])).
fof(f3083,plain,(
  ( ! [X2] : (~po(sK0,sK1) | ~zex(X2)) )),
  inference(resolution,[],[f3066,f1670])).
fof(f1670,plain,(
  ~cont(sK0,sK1) | ~po(sK0,sK1)),
  inference(resolution,[],[f937,f786])).
fof(f786,plain,(
  less(sK0,sK1) | ~cont(sK0,sK1)),
  inference(subsumption_resolution,[],[f779,f297])).
fof(f297,plain,(
  ( ! [X0,X1] : (leq(X0,X1) | ~cont(X0,X1)) )),
  inference(cnf_transformation,[],[f160])).
fof(f160,plain,(
  ! [X0,X1] : (~cont(X0,X1) | leq(X0,X1))),
  inference(ennf_transformation,[],[f71])).
fof(f71,plain,(
  ! [X0,X1] : (cont(X0,X1) => leq(X0,X1))),
  inference(flattening,[],[f70])).
fof(f70,plain,(
  ! [X0] : ! [X1] : (cont(X0,X1) => leq(X0,X1))),
  inference(rectify,[],[f29])).
fof(f29,axiom,(
  ! [X71] : ! [X72] : (cont(X71,X72) => leq(X71,X72))),
  file(unknown,unknown)).
fof(f779,plain,(
  ~cont(sK0,sK1) | less(sK0,sK1) | ~leq(sK0,sK1)),
  inference(resolution,[],[f775,f342])).
fof(f342,plain,(
  ( ! [X0,X1] : (eqdim(X0,X1) | less(X0,X1) | ~leq(X0,X1)) )),
  inference(cnf_transformation,[],[f255])).
fof(f255,plain,(
  ! [X0,X1] : ((~leq(X0,X1) | less(X0,X1) | eqdim(X0,X1)) & ((~less(X0,X1) & ~eqdim(X0,X1)) | leq(X0,X1)))),
  inference(flattening,[],[f254])).
fof(f254,plain,(
  ! [X0,X1] : ((~leq(X0,X1) | (less(X0,X1) | eqdim(X0,X1))) & ((~less(X0,X1) & ~eqdim(X0,X1)) | leq(X0,X1)))),
  inference(nnf_transformation,[],[f111])).
fof(f111,plain,(
  ! [X0,X1] : (leq(X0,X1) <=> (less(X0,X1) | eqdim(X0,X1)))),
  inference(flattening,[],[f110])).
fof(f110,plain,(
  ! [X0] : ! [X1] : (leq(X0,X1) <=> (less(X0,X1) | eqdim(X0,X1)))),
  inference(rectify,[],[f39])).
fof(f39,axiom,(
  ! [X89] : ! [X90] : (leq(X89,X90) <=> (less(X89,X90) | eqdim(X89,X90)))),
  file(unknown,unknown)).
fof(f775,plain,(
  ~eqdim(sK0,sK1) | ~cont(sK0,sK1)),
  inference(resolution,[],[f356,f274])).
fof(f274,plain,(
  ~p(sK0,sK1)),
  inference(cnf_transformation,[],[f212])).
fof(f356,plain,(
  ( ! [X0,X1] : (p(X0,X1) | ~eqdim(X0,X1) | ~cont(X0,X1)) )),
  inference(cnf_transformation,[],[f265])).
fof(f937,plain,(
  ( ! [X0,X1] : (~less(X1,X0) | ~po(X1,X0)) )),
  inference(superposition,[],[f923,f295])).
fof(f3066,plain,(
  ( ! [X0] : (cont(sK0,sK1) | ~zex(X0)) )),
  inference(subsumption_resolution,[],[f3057,f272])).
fof(f3057,plain,(
  ( ! [X0] : (~zex(X0) | zex(sK0) | cont(sK0,sK1)) )),
  inference(resolution,[],[f3036,f357])).
fof(f357,plain,(
  ( ! [X0,X1] : (~zex(difference(X0,X1)) | zex(X0) | cont(X0,X1)) )),
  inference(cnf_transformation,[],[f267])).
fof(f267,plain,(
  ! [X0,X1] : ((~zex(difference(X0,X1)) | zex(X0) | cont(X0,X1)) & ((~zex(X0) & ~cont(X0,X1)) | zex(difference(X0,X1))))),
  inference(flattening,[],[f266])).
fof(f266,plain,(
  ! [X0,X1] : ((~zex(difference(X0,X1)) | (zex(X0) | cont(X0,X1))) & ((~zex(X0) & ~cont(X0,X1)) | zex(difference(X0,X1))))),
  inference(nnf_transformation,[],[f121])).
fof(f121,plain,(
  ! [X0,X1] : (zex(difference(X0,X1)) <=> (zex(X0) | cont(X0,X1)))),
  inference(flattening,[],[f120])).
fof(f120,plain,(
  ! [X0] : ! [X1] : (zex(difference(X0,X1)) <=> (zex(X0) | cont(X0,X1)))),
  inference(rectify,[],[f12])).
fof(f12,axiom,(
  ! [X31] : ! [X32] : (zex(difference(X31,X32)) <=> (zex(X31) | cont(X31,X32)))),
  file(unknown,unknown)).
fof(f3036,plain,(
  ( ! [X1] : (zex(difference(sK0,sK1)) | ~zex(X1)) )),
  inference(resolution,[],[f2917,f290])).
fof(f2917,plain,(
  ( ! [X0] : (cont(difference(sK0,sK1),X0) | zex(difference(sK0,sK1))) )),
  inference(resolution,[],[f2887,f357])).
% SZS output end Proof for unknown
------------------------------
Version: Vampire 0.6 (revision 903)
Termination reason: Refutation

Active clauses: 870
Passive clauses: 3353
Generated clauses: 7633
Final active clauses: 870
Final passive clauses: 2375
Input formulas: 52
Initial clauses: 107

Selected by SInE selection: 52
SInE iterations: 1

Duplicate literals: 114
Fw subsumption resolutions: 525

Simple tautologies: 163
Equational tautologies: 11
Forward subsumptions: 3581

Binary resolution: 3839
Factoring: 31
Forward superposition: 2989
Backward superposition: 53

Unique components: 3

Memory used: 1535KB
Time elapsed: 0.123 s
------------------------------
% Success in time 0.553 s
