% Starting sequential portfolio solving with schedule "casc"
% spawned child 10030 with time: 4 (total remaining time 2999)
% WARNING: value z3 for option sas not known
% dis+1010_4_afp=10000:afq=1.2:anc=none:irw=on:lma=on:nm=64:nwc=10:sas=z3:sac=on:sp=reverse_arity:updr=off_2 on codi_down_sum_theorems_goal06.all
% Time limit reached!
% ------------------------------
% Version: Vampire 4.2.2 (commit e1949dd on 2017-12-14 18:39:21 +0000)
% Termination reason: Time limit
% Termination phase: Saturation

% Memory used [KB]: 6780
% Time elapsed: 0.500 s
% spawned child 10031 with time: 10 (total remaining time 2994)
% ott+11_8_amm=off:anc=none:bsr=on:cond=on:irw=on:nm=2:nwc=1.1:ss=axioms:st=2.0:sac=on_8 on codi_down_sum_theorems_goal06.all
% Time limit reached!
% ------------------------------
% Version: Vampire 4.2.2 (commit e1949dd on 2017-12-14 18:39:21 +0000)
% Termination reason: Time limit
% Termination phase: Saturation

% Memory used [KB]: 7931
% Time elapsed: 1.100 s
% ------------------------------
% ------------------------------
% spawned child 10032 with time: 4 (total remaining time 2984)
% dis+1011_10_aac=none:add=large:afp=10000:afq=1.1:amm=off:anc=none:fsr=off:gs=on:gsem=off:irw=on:nm=6:newcnf=on:nwc=2.5:sp=reverse_arity:updr=off_2 on codi_down_sum_theorems_goal06.all
% Time limit reached!
% ------------------------------
% Version: Vampire 4.2.2 (commit e1949dd on 2017-12-14 18:39:21 +0000)
% Termination reason: Time limit
% Termination phase: Saturation

% Memory used [KB]: 10746
% Time elapsed: 0.500 s
% ------------------------------
% ------------------------------
% spawned child 10033 with time: 6 (total remaining time 2979)
% dis+11_28_av=off:fsr=off:irw=on:lcm=predicate:nm=2:newcnf=on:nwc=5:sp=occurrence:urr=on:updr=off_4 on codi_down_sum_theorems_goal06.all
% Time limit reached!
% ------------------------------
% Version: Vampire 4.2.2 (commit e1949dd on 2017-12-14 18:39:21 +0000)
% Termination reason: Time limit
% Termination phase: Saturation

% Memory used [KB]: 4221
% Time elapsed: 0.700 s
% ------------------------------
% ------------------------------
% spawned child 10034 with time: 6 (total remaining time 2972)
% lrs+1011_5_add=large:afp=1000:afq=1.2:anc=none:fsr=off:irw=on:lma=on:nm=64:newcnf=on:nwc=1:stl=30:sd=3:ss=axioms:st=2.0:sos=on:sac=on:sp=reverse_arity:urr=on:updr=off_4 on codi_down_sum_theorems_goal06.all
% Refutation found. Thanks to Tanya!
% SZS status Theorem for codi_down_sum_theorems_goal06.all
% SZS output start Proof for codi_down_sum_theorems_goal06.all
fof(f1,conjecture,(
  ! [X0] : ! [X1] : (sum(X0,X1) = X0 | ~zex(X1))),
  file('Dropbox/Experiments/codi_down_theoremsT6-T10_goals/codi_down_sum_theorems_goal06.all.tptp',conjecture60)).
fof(f2,negated_conjecture,(
  ~! [X0] : ! [X1] : (sum(X0,X1) = X0 | ~zex(X1))),
  inference(negated_conjecture,[],[f1])).
fof(f3,axiom,(
  ! [X0] : ! [X1] : sum(X0,X1) = sum(X1,X0)),
  file('Dropbox/Experiments/codi_down_theoremsT6-T10_goals/codi_down_sum_theorems_goal06.all.tptp',axiom10)).
fof(f4,axiom,(
  ! [X0] : ! [X1] : (sum(X0,X1) = X1 | ~lt(X0,X1))),
  file('Dropbox/Experiments/codi_down_theoremsT6-T10_goals/codi_down_sum_theorems_goal06.all.tptp',axiom20)).
fof(f6,axiom,(
  ! [X0] : ! [X1] : ! [X2] : (cont(difference(X2,X0),X1) | ~(~cont(X2,X0) & cont(X2,sum(X0,X1))))),
  file('Dropbox/Experiments/codi_down_theoremsT6-T10_goals/codi_down_sum_theorems_goal06.all.tptp',axiom40)).
fof(f84,axiom,(
  ! [X0] : ! [X1] : (lt(X0,X1) | ~(~zex(X1) & zex(X0)))),
  file('Dropbox/Experiments/codi_down_theoremsT6-T10_goals/codi_down_sum_theorems_goal06.all.tptp',axiom89500)).
fof(f88,axiom,(
  ! [X0] : ! [X1] : ((~cont(X0,X1) & ~cont(X1,X0)) | ~zex(X0))),
  file('Dropbox/Experiments/codi_down_theoremsT6-T10_goals/codi_down_sum_theorems_goal06.all.tptp',axiom89540)).
fof(f89,axiom,(
  ! [X0] : ! [X1] : (X0 = X1 | ~(zex(X1) & zex(X0)))),
  file('Dropbox/Experiments/codi_down_theoremsT6-T10_goals/codi_down_sum_theorems_goal06.all.tptp',axiom89550)).
fof(f90,axiom,(
  ! [X0] : ! [X1] : (X0 = X1 | ~! [X2] : ((cont(X2,X0) | ~cont(X2,X1)) & (cont(X2,X1) | ~cont(X2,X0))))),
  file('Dropbox/Experiments/codi_down_theoremsT6-T10_goals/codi_down_sum_theorems_goal06.all.tptp',axiom89560)).
fof(f98,axiom,(
  ! [X0] : ! [X1] : (X0 = X1 | ~(zex(X1) & zex(X0)))),
  file('Dropbox/Experiments/codi_down_theoremsT6-T10_goals/codi_down_sum_theorems_goal06.all.tptp',axiom89130)).
fof(f118,plain,(
  ~! [X0,X1] : (sum(X0,X1) = X0 | ~zex(X1))),
  inference(flattening,[],[f2])).
fof(f119,plain,(
  ! [X0,X1] : (X0 = X1 | ~! [X2] : ((cont(X2,X0) | ~cont(X2,X1)) & (cont(X2,X1) | ~cont(X2,X0))))),
  inference(flattening,[],[f90])).
fof(f122,plain,(
  ! [X0,X1] : (X0 = X1 | ~(zex(X1) & zex(X0)))),
  inference(flattening,[],[f89])).
fof(f124,plain,(
  ! [X0,X1] : (X0 = X1 | ~(zex(X1) & zex(X0)))),
  inference(flattening,[],[f98])).
fof(f129,plain,(
  ! [X0,X1,X2] : (cont(difference(X2,X0),X1) | ~(~cont(X2,X0) & cont(X2,sum(X0,X1))))),
  inference(flattening,[],[f6])).
fof(f131,plain,(
  ! [X0,X1] : (sum(X0,X1) = X1 | ~lt(X0,X1))),
  inference(flattening,[],[f4])).
fof(f132,plain,(
  ! [X0,X1] : sum(X0,X1) = sum(X1,X0)),
  inference(flattening,[],[f3])).
fof(f169,plain,(
  ! [X0,X1] : ((~cont(X0,X1) & ~cont(X1,X0)) | ~zex(X0))),
  inference(flattening,[],[f88])).
fof(f200,plain,(
  ! [X0,X1] : (lt(X0,X1) | ~(~zex(X1) & zex(X0)))),
  inference(flattening,[],[f84])).
fof(f212,plain,(
  ? [X0,X1] : (sum(X0,X1) != X0 & zex(X1))),
  inference(ennf_transformation,[],[f118])).
fof(f213,plain,(
  ! [X0,X1] : (X0 = X1 | ? [X2] : ((~cont(X2,X0) & cont(X2,X1)) | (~cont(X2,X1) & cont(X2,X0))))),
  inference(ennf_transformation,[],[f119])).
fof(f217,plain,(
  ! [X0,X1] : (X0 = X1 | (~zex(X1) | ~zex(X0)))),
  inference(ennf_transformation,[],[f122])).
fof(f218,plain,(
  ! [X0,X1] : (X0 = X1 | ~zex(X1) | ~zex(X0))),
  inference(flattening,[],[f217])).
fof(f221,plain,(
  ! [X0,X1] : (X0 = X1 | (~zex(X1) | ~zex(X0)))),
  inference(ennf_transformation,[],[f124])).
fof(f222,plain,(
  ! [X0,X1] : (X0 = X1 | ~zex(X1) | ~zex(X0))),
  inference(flattening,[],[f221])).
fof(f225,plain,(
  ! [X0,X1,X2] : (cont(difference(X2,X0),X1) | (cont(X2,X0) | ~cont(X2,sum(X0,X1))))),
  inference(ennf_transformation,[],[f129])).
fof(f226,plain,(
  ! [X0,X1,X2] : (cont(difference(X2,X0),X1) | cont(X2,X0) | ~cont(X2,sum(X0,X1)))),
  inference(flattening,[],[f225])).
fof(f292,plain,(
  ! [X0,X1] : (lt(X0,X1) | (zex(X1) | ~zex(X0)))),
  inference(ennf_transformation,[],[f200])).
fof(f293,plain,(
  ! [X0,X1] : (lt(X0,X1) | zex(X1) | ~zex(X0))),
  inference(flattening,[],[f292])).
fof(f304,plain,(
  zex(sK1)),
  inference(cnf_transformation,[],[f212])).
fof(f305,plain,(
  sum(sK0,sK1) != sK0),
  inference(cnf_transformation,[],[f212])).
fof(f307,plain,(
  ( ! [X0,X1] : (cont(sK2(X0,X1),X1) | cont(sK2(X0,X1),X0) | X0 = X1) )),
  inference(cnf_transformation,[],[f213])).
fof(f311,plain,(
  ( ! [X0,X1] : (~zex(X0) | ~zex(X1) | X0 = X1) )),
  inference(cnf_transformation,[],[f218])).
fof(f313,plain,(
  ( ! [X0,X1] : (~zex(X0) | ~zex(X1) | X0 = X1) )),
  inference(cnf_transformation,[],[f222])).
fof(f320,plain,(
  ( ! [X2,X0,X1] : (cont(difference(X2,X0),X1) | cont(X2,X0) | ~cont(X2,sum(X0,X1))) )),
  inference(cnf_transformation,[],[f226])).
fof(f322,plain,(
  ( ! [X0,X1] : (~lt(X0,X1) | sum(X0,X1) = X1) )),
  inference(cnf_transformation,[],[f131])).
fof(f323,plain,(
  ( ! [X0,X1] : (sum(X0,X1) = sum(X1,X0)) )),
  inference(cnf_transformation,[],[f132])).
fof(f363,plain,(
  ( ! [X0,X1] : (~zex(X0) | ~cont(X1,X0)) )),
  inference(cnf_transformation,[],[f169])).
fof(f412,plain,(
  ( ! [X0,X1] : (~zex(X0) | zex(X1) | lt(X0,X1)) )),
  inference(cnf_transformation,[],[f293])).
fof(f453,plain,(
  ( ! [X0] : (~cont(X0,sK1)) )),
  inference(unit_resulting_resolution,[],[f304,f363])).
fof(f461,plain,(
  ( ! [X0] : (~zex(X0) | sK1 = X0) )),
  inference(resolution,[],[f304,f311])).
fof(f471,plain,(
  ( ! [X8] : (lt(sK1,X8) | zex(X8)) )),
  inference(resolution,[],[f304,f412])).
fof(f484,plain,(
  ( ! [X0] : (~cont(X0,sum(sK1,sK1))) )),
  inference(unit_resulting_resolution,[],[f453,f453,f320])).
fof(f1003,plain,(
  ( ! [X2] : (sum(sK1,X2) = X2 | zex(X2)) )),
  inference(resolution,[],[f471,f322])).
fof(f1031,plain,(
  sum(sK1,sK1) = sK1),
  inference(unit_resulting_resolution,[],[f453,f484,f307])).
fof(f2270,plain,(
  ( ! [X1] : (sum(X1,sK1) = X1 | zex(X1)) )),
  inference(superposition,[],[f1003,f323])).
fof(f2908,plain,(
  zex(sK0)),
  inference(unit_resulting_resolution,[],[f305,f2270])).
fof(f2933,plain,(
  ~zex(sum(sK0,sK1))),
  inference(unit_resulting_resolution,[],[f305,f2908,f313])).
fof(f2948,plain,(
  sK0 = sK1),
  inference(unit_resulting_resolution,[],[f2908,f461])).
fof(f3011,plain,(
  sum(sK0,sK0) = sK0),
  inference(backward_demodulation,[],[f2948,f1031])).
fof(f3200,plain,(
  ~zex(sum(sK0,sK0))),
  inference(forward_demodulation,[],[f2933,f2948])).
fof(f3201,plain,(
  ~zex(sK0)),
  inference(forward_demodulation,[],[f3200,f3011])).
fof(f3223,plain,(
  $false),
  inference(resolution,[],[f3201,f2908])).
% SZS output end Proof for codi_down_sum_theorems_goal06.all
% ------------------------------
% Version: Vampire 4.2.2 (commit e1949dd on 2017-12-14 18:39:21 +0000)
% Termination reason: Refutation

% Memory used [KB]: 6012
% Time elapsed: 0.232 s
% ------------------------------
% ------------------------------
% Success in time 3.088 s
