Hi Geoff, go and have some cold beer while I am trying to solve this very hard problem!
% remaining time: 5999 next slice time: 3
dis-4_5_bd=off:bs=off:ep=RST:fde=none:lcm=predicate:n=on:nicw=on:nwc=2:ptb=off:sio=off:spl=backtracking:ss=included:ssec=off:st=5:updr=off_3 on C:\Users\torsten\Documents\github\colore\ontologies\multidim_mereotopology_codi\theorems\conversions\codi_int_theorems_goal05.all
Refutation found. Thanks to Tanya!
352. $false (1:0) [subsumption resolution 351,214]
214. zex(intersection(sK0,sK1)) (0:4) [cnf transformation 167]
167. zex(intersection(sK0,sK1)) & c(sK0,sK1)[skolemisation 119]
119. ? [X0,X1,X2] : (zex(intersection(X0,X1)) & c(X0,X1))[ennf transformation 44]
44. ~! [X0,X1,X2] : (zex(intersection(X0,X1)) => ~c(X0,X1))[flattening 1]
1. ~! [X0] : ! [X1] : ! [X2] : (zex(intersection(X0,X1)) => ~c(X0,X1))[negated conjecture]
351. ~zex(intersection(sK0,sK1)) (1:4) [resolution 284,215]
215. c(sK0,sK1) (0:3) [cnf transformation 167]
284. ~c(X0,X1) | ~zex(intersection(X0,X1)) (0:7) [cnf transformation 208]
208. ! [X0,X1] : ((c(X0,X1) | zex(intersection(X0,X1))) & (~zex(intersection(X0,X1)) | ~c(X0,X1)))[nnf transformation 149]
149. ! [X0,X1] : (~c(X0,X1) <=> zex(intersection(X0,X1)))[ennf transformation 99]
99. ! [X0,X1] : (~c(X0,X1) <=> zex(intersection(X0,X1)))[flattening 98]
98. ! [X0] : ! [X1] : (~c(X0,X1) <=> zex(intersection(X0,X1)))[rectify 29]
29. ! [X58] : ! [X59] : (~c(X58,X59) <=> zex(intersection(X58,X59)))[input]
------------------------------
Version: Vampire 0.6 (revision 903)
Termination reason: Refutation

Active clauses: 56
Passive clauses: 109
Generated clauses: 133
Final active clauses: 56
Final passive clauses: 50
Input formulas: 43
Initial clauses: 89

Selected by SInE selection: 43
SInE iterations: 1

Duplicate literals: 2
Fw subsumption resolutions: 1

Simple tautologies: 4
Forward subsumptions: 19

Binary resolution: 40
Factoring: 1

Memory used: 127KB
Time elapsed: 0.009 s
------------------------------
% Success in time 0.041 s
============================= C:\Reasoning\vampire_win ================================
execution finished: Sun Jun 24 00:57:24 2018
total CPU time used: 0
The command was "C:\Reasoning\vampire_win --mode casc --proof tptp -t 600 --input_file C:\Users\torsten\Documents\github\colore\ontologies\multidim_mereotopology_codi\theorems\conversions\codi_int_theorems_goal05.all.tptp"
Input read from 
============================ end of footer ===========================
