Paradox, version 3.0, 2008-07-29.
+++ PROBLEM: codi\tptp\codi_plp_g.all.tptp
Reading 'codi\tptp\codi_plp_g.all.tptp' ... OK
+++ SOLVING: codi\tptp\codi_plp_g.all.tptp
domain size 1
+++ BEGIN MODEL
SZS output start FiniteModel for codi\tptp\codi_plp_g.all.tptp
% domain size is 1
fof(domain, fi_domain,
  (![X] : (X = "1"))
).

fof('C', fi_predicates,
  ( 'C'("1","1") <=> $true
  )
).

fof('Cont', fi_predicates,
  ( 'Cont'("1","1") <=> $true
  )
).

fof('Covers', fi_predicates,
  ( 'Covers'("1","1") <=> $false
  )
).

fof('EqDim', fi_predicates,
  ( 'EqDim'("1","1") <=> $true
  )
).

fof('Inc', fi_predicates,
  ( 'Inc'("1","1") <=> $false
  )
).

fof('L', fi_predicates,
  ( 'L'("1") <=> $false
  )
).

fof('LEQ', fi_predicates,
  ( 'LEQ'("1","1") <=> $true
  )
).

fof('LESS', fi_predicates,
  ( 'LESS'("1","1") <=> $false
  )
).

fof('Max', fi_predicates,
  ( 'Max'("1") <=> $true
  )
).

fof('MaxDim', fi_predicates,
  ( 'MaxDim'("1") <=> $true
  )
).

fof('Min', fi_predicates,
  ( 'Min'("1") <=> $true
  )
).

fof('MinDim', fi_predicates,
  ( 'MinDim'("1") <=> $true
  )
).

fof('P', fi_predicates,
  ( 'P'("1","1") <=> $true
  )
).

fof('PO', fi_predicates,
  ( 'PO'("1","1") <=> $true
  )
).

fof('PP', fi_predicates,
  ( 'PP'("1","1") <=> $false
  )
).

fof('Pl', fi_predicates,
  ( 'Pl'("1") <=> $false
  )
).

fof('Pt', fi_predicates,
  ( 'Pt'("1") <=> $true
  )
).

fof('SC', fi_predicates,
  ( 'SC'("1","1") <=> $false
  )
).

fof('ZEX', fi_predicates,
  ( 'ZEX'("1") <=> $false
  )
).
SZS output end FiniteModel for codi\tptp\codi_plp_g.all.tptp
+++ END MODEL
+++ RESULT: Satisfiable
SZS status Satisfiable for codi\tptp\codi_plp_g.all.tptp
