Paradox, version 4.0, 2010-06-29.
+++ PROBLEM: /stl/torsten/git/macleod/qs/multidim_mereotopology_codi/consistency/conversions/point_all_nontrivial.all.tptp
Reading '/stl/torsten/git/macleod/qs/multidim_mereotopology_codi/consistency/conversions/point_all_nontrivial.all.tptp' ... OK
+++ SOLVING: /stl/torsten/git/macleod/qs/multidim_mereotopology_codi/consistency/conversions/point_all_nontrivial.all.tptp
domain size 1
domain size 2
domain size 3
domain size 4
domain size 5
Verified 11657 original and 0 eliminated clauses.
+++ BEGIN MODEL
SZS output start FiniteModel for /stl/torsten/git/macleod/qs/multidim_mereotopology_codi/consistency/conversions/point_all_nontrivial.all.tptp
% domain size is 5
fof(domain, fi_domain,
  (![X] : (X = "1" | X = "2" | X = "3" | X = "4" | X = "5"))
).

fof(c, fi_predicates,
  ( (c("1","1") <=> $true)
  & (c("1","2") <=> $true)
  & (c("1","3") <=> $false)
  & (c("1","4") <=> $true)
  & (c("1","5") <=> $false)
  & (c("2","1") <=> $true)
  & (c("2","2") <=> $true)
  & (c("2","3") <=> $false)
  & (c("2","4") <=> $true)
  & (c("2","5") <=> $false)
  & (c("3","1") <=> $false)
  & (c("3","2") <=> $false)
  & (c("3","3") <=> $false)
  & (c("3","4") <=> $false)
  & (c("3","5") <=> $false)
  & (c("4","1") <=> $true)
  & (c("4","2") <=> $true)
  & (c("4","3") <=> $false)
  & (c("4","4") <=> $true)
  & (c("4","5") <=> $true)
  & (c("5","1") <=> $false)
  & (c("5","2") <=> $false)
  & (c("5","3") <=> $false)
  & (c("5","4") <=> $true)
  & (c("5","5") <=> $true)
  )
).

fof(clifsym1, fi_predicates,
  ( (clifsym1("1","1") <=> $true)
  & (clifsym1("1","2") <=> $false)
  & (clifsym1("1","3") <=> $true)
  & (clifsym1("1","4") <=> $false)
  & (clifsym1("1","5") <=> $false)
  & (clifsym1("2","1") <=> $true)
  & (clifsym1("2","2") <=> $true)
  & (clifsym1("2","3") <=> $true)
  & (clifsym1("2","4") <=> $true)
  & (clifsym1("2","5") <=> $true)
  & (clifsym1("3","1") <=> $false)
  & (clifsym1("3","2") <=> $false)
  & (clifsym1("3","3") <=> $true)
  & (clifsym1("3","4") <=> $false)
  & (clifsym1("3","5") <=> $false)
  & (clifsym1("4","1") <=> $true)
  & (clifsym1("4","2") <=> $true)
  & (clifsym1("4","3") <=> $true)
  & (clifsym1("4","4") <=> $true)
  & (clifsym1("4","5") <=> $true)
  & (clifsym1("5","1") <=> $true)
  & (clifsym1("5","2") <=> $true)
  & (clifsym1("5","3") <=> $true)
  & (clifsym1("5","4") <=> $true)
  & (clifsym1("5","5") <=> $true)
  )
).

fof(clifsym2, fi_predicates,
  ( (clifsym2("1","1") <=> $false)
  & (clifsym2("1","2") <=> $false)
  & (clifsym2("1","3") <=> $true)
  & (clifsym2("1","4") <=> $false)
  & (clifsym2("1","5") <=> $false)
  & (clifsym2("2","1") <=> $true)
  & (clifsym2("2","2") <=> $false)
  & (clifsym2("2","3") <=> $true)
  & (clifsym2("2","4") <=> $false)
  & (clifsym2("2","5") <=> $false)
  & (clifsym2("3","1") <=> $false)
  & (clifsym2("3","2") <=> $false)
  & (clifsym2("3","3") <=> $false)
  & (clifsym2("3","4") <=> $false)
  & (clifsym2("3","5") <=> $false)
  & (clifsym2("4","1") <=> $true)
  & (clifsym2("4","2") <=> $false)
  & (clifsym2("4","3") <=> $true)
  & (clifsym2("4","4") <=> $false)
  & (clifsym2("4","5") <=> $false)
  & (clifsym2("5","1") <=> $true)
  & (clifsym2("5","2") <=> $false)
  & (clifsym2("5","3") <=> $true)
  & (clifsym2("5","4") <=> $false)
  & (clifsym2("5","5") <=> $false)
  )
).

fof(cont, fi_predicates,
  ( (cont("1","1") <=> $true)
  & (cont("1","2") <=> $true)
  & (cont("1","3") <=> $false)
  & (cont("1","4") <=> $true)
  & (cont("1","5") <=> $false)
  & (cont("2","1") <=> $false)
  & (cont("2","2") <=> $true)
  & (cont("2","3") <=> $false)
  & (cont("2","4") <=> $false)
  & (cont("2","5") <=> $false)
  & (cont("3","1") <=> $false)
  & (cont("3","2") <=> $false)
  & (cont("3","3") <=> $false)
  & (cont("3","4") <=> $false)
  & (cont("3","5") <=> $false)
  & (cont("4","1") <=> $false)
  & (cont("4","2") <=> $false)
  & (cont("4","3") <=> $false)
  & (cont("4","4") <=> $true)
  & (cont("4","5") <=> $false)
  & (cont("5","1") <=> $false)
  & (cont("5","2") <=> $false)
  & (cont("5","3") <=> $false)
  & (cont("5","4") <=> $true)
  & (cont("5","5") <=> $true)
  )
).

fof(covers, fi_predicates,
  ( (covers("1","1") <=> $false)
  & (covers("1","2") <=> $false)
  & (covers("1","3") <=> $true)
  & (covers("1","4") <=> $false)
  & (covers("1","5") <=> $false)
  & (covers("2","1") <=> $true)
  & (covers("2","2") <=> $false)
  & (covers("2","3") <=> $false)
  & (covers("2","4") <=> $false)
  & (covers("2","5") <=> $false)
  & (covers("3","1") <=> $false)
  & (covers("3","2") <=> $false)
  & (covers("3","3") <=> $false)
  & (covers("3","4") <=> $false)
  & (covers("3","5") <=> $false)
  & (covers("4","1") <=> $true)
  & (covers("4","2") <=> $false)
  & (covers("4","3") <=> $false)
  & (covers("4","4") <=> $false)
  & (covers("4","5") <=> $false)
  & (covers("5","1") <=> $true)
  & (covers("5","2") <=> $false)
  & (covers("5","3") <=> $false)
  & (covers("5","4") <=> $false)
  & (covers("5","5") <=> $false)
  )
).

fof(eqdim, fi_predicates,
  ( (eqdim("1","1") <=> $true)
  & (eqdim("1","2") <=> $false)
  & (eqdim("1","3") <=> $false)
  & (eqdim("1","4") <=> $false)
  & (eqdim("1","5") <=> $false)
  & (eqdim("2","1") <=> $false)
  & (eqdim("2","2") <=> $true)
  & (eqdim("2","3") <=> $false)
  & (eqdim("2","4") <=> $true)
  & (eqdim("2","5") <=> $true)
  & (eqdim("3","1") <=> $false)
  & (eqdim("3","2") <=> $false)
  & (eqdim("3","3") <=> $true)
  & (eqdim("3","4") <=> $false)
  & (eqdim("3","5") <=> $false)
  & (eqdim("4","1") <=> $false)
  & (eqdim("4","2") <=> $true)
  & (eqdim("4","3") <=> $false)
  & (eqdim("4","4") <=> $true)
  & (eqdim("4","5") <=> $true)
  & (eqdim("5","1") <=> $false)
  & (eqdim("5","2") <=> $true)
  & (eqdim("5","3") <=> $false)
  & (eqdim("5","4") <=> $true)
  & (eqdim("5","5") <=> $true)
  )
).

fof(inc, fi_predicates,
  ( (inc("1","1") <=> $false)
  & (inc("1","2") <=> $true)
  & (inc("1","3") <=> $false)
  & (inc("1","4") <=> $true)
  & (inc("1","5") <=> $false)
  & (inc("2","1") <=> $true)
  & (inc("2","2") <=> $false)
  & (inc("2","3") <=> $false)
  & (inc("2","4") <=> $false)
  & (inc("2","5") <=> $false)
  & (inc("3","1") <=> $false)
  & (inc("3","2") <=> $false)
  & (inc("3","3") <=> $false)
  & (inc("3","4") <=> $false)
  & (inc("3","5") <=> $false)
  & (inc("4","1") <=> $true)
  & (inc("4","2") <=> $false)
  & (inc("4","3") <=> $false)
  & (inc("4","4") <=> $false)
  & (inc("4","5") <=> $false)
  & (inc("5","1") <=> $false)
  & (inc("5","2") <=> $false)
  & (inc("5","3") <=> $false)
  & (inc("5","4") <=> $false)
  & (inc("5","5") <=> $false)
  )
).

fof(leq, fi_predicates,
  ( (leq("1","1") <=> $true)
  & (leq("1","2") <=> $true)
  & (leq("1","3") <=> $false)
  & (leq("1","4") <=> $true)
  & (leq("1","5") <=> $true)
  & (leq("2","1") <=> $false)
  & (leq("2","2") <=> $true)
  & (leq("2","3") <=> $false)
  & (leq("2","4") <=> $true)
  & (leq("2","5") <=> $true)
  & (leq("3","1") <=> $true)
  & (leq("3","2") <=> $true)
  & (leq("3","3") <=> $true)
  & (leq("3","4") <=> $true)
  & (leq("3","5") <=> $true)
  & (leq("4","1") <=> $false)
  & (leq("4","2") <=> $true)
  & (leq("4","3") <=> $false)
  & (leq("4","4") <=> $true)
  & (leq("4","5") <=> $true)
  & (leq("5","1") <=> $false)
  & (leq("5","2") <=> $true)
  & (leq("5","3") <=> $false)
  & (leq("5","4") <=> $true)
  & (leq("5","5") <=> $true)
  )
).

fof(less, fi_predicates,
  ( (less("1","1") <=> $false)
  & (less("1","2") <=> $true)
  & (less("1","3") <=> $false)
  & (less("1","4") <=> $true)
  & (less("1","5") <=> $true)
  & (less("2","1") <=> $false)
  & (less("2","2") <=> $false)
  & (less("2","3") <=> $false)
  & (less("2","4") <=> $false)
  & (less("2","5") <=> $false)
  & (less("3","1") <=> $true)
  & (less("3","2") <=> $true)
  & (less("3","3") <=> $false)
  & (less("3","4") <=> $true)
  & (less("3","5") <=> $true)
  & (less("4","1") <=> $false)
  & (less("4","2") <=> $false)
  & (less("4","3") <=> $false)
  & (less("4","4") <=> $false)
  & (less("4","5") <=> $false)
  & (less("5","1") <=> $false)
  & (less("5","2") <=> $false)
  & (less("5","3") <=> $false)
  & (less("5","4") <=> $false)
  & (less("5","5") <=> $false)
  )
).

fof(max, fi_predicates,
  ( (max("1") <=> $true)
  & (max("2") <=> $true)
  & (max("3") <=> $false)
  & (max("4") <=> $true)
  & (max("5") <=> $false)
  )
).

fof(maxdim, fi_predicates,
  ( (maxdim("1") <=> $false)
  & (maxdim("2") <=> $true)
  & (maxdim("3") <=> $false)
  & (maxdim("4") <=> $true)
  & (maxdim("5") <=> $true)
  )
).

fof(min, fi_predicates,
  ( (min("1") <=> $true)
  & (min("2") <=> $true)
  & (min("3") <=> $false)
  & (min("4") <=> $false)
  & (min("5") <=> $true)
  )
).

fof(mindim, fi_predicates,
  ( (mindim("1") <=> $true)
  & (mindim("2") <=> $false)
  & (mindim("3") <=> $false)
  & (mindim("4") <=> $false)
  & (mindim("5") <=> $false)
  )
).

fof(p, fi_predicates,
  ( (p("1","1") <=> $true)
  & (p("1","2") <=> $false)
  & (p("1","3") <=> $false)
  & (p("1","4") <=> $false)
  & (p("1","5") <=> $false)
  & (p("2","1") <=> $false)
  & (p("2","2") <=> $true)
  & (p("2","3") <=> $false)
  & (p("2","4") <=> $false)
  & (p("2","5") <=> $false)
  & (p("3","1") <=> $false)
  & (p("3","2") <=> $false)
  & (p("3","3") <=> $false)
  & (p("3","4") <=> $false)
  & (p("3","5") <=> $false)
  & (p("4","1") <=> $false)
  & (p("4","2") <=> $false)
  & (p("4","3") <=> $false)
  & (p("4","4") <=> $true)
  & (p("4","5") <=> $false)
  & (p("5","1") <=> $false)
  & (p("5","2") <=> $false)
  & (p("5","3") <=> $false)
  & (p("5","4") <=> $true)
  & (p("5","5") <=> $true)
  )
).

fof(po, fi_predicates,
  ( (po("1","1") <=> $true)
  & (po("1","2") <=> $false)
  & (po("1","3") <=> $false)
  & (po("1","4") <=> $false)
  & (po("1","5") <=> $false)
  & (po("2","1") <=> $false)
  & (po("2","2") <=> $true)
  & (po("2","3") <=> $false)
  & (po("2","4") <=> $false)
  & (po("2","5") <=> $false)
  & (po("3","1") <=> $false)
  & (po("3","2") <=> $false)
  & (po("3","3") <=> $false)
  & (po("3","4") <=> $false)
  & (po("3","5") <=> $false)
  & (po("4","1") <=> $false)
  & (po("4","2") <=> $false)
  & (po("4","3") <=> $false)
  & (po("4","4") <=> $true)
  & (po("4","5") <=> $true)
  & (po("5","1") <=> $false)
  & (po("5","2") <=> $false)
  & (po("5","3") <=> $false)
  & (po("5","4") <=> $true)
  & (po("5","5") <=> $true)
  )
).

fof(point, fi_predicates,
  ( (point("1") <=> $true)
  & (point("2") <=> $false)
  & (point("3") <=> $false)
  & (point("4") <=> $false)
  & (point("5") <=> $false)
  )
).

fof(pp, fi_predicates,
  ( (pp("1","1") <=> $false)
  & (pp("1","2") <=> $false)
  & (pp("1","3") <=> $false)
  & (pp("1","4") <=> $false)
  & (pp("1","5") <=> $false)
  & (pp("2","1") <=> $false)
  & (pp("2","2") <=> $false)
  & (pp("2","3") <=> $false)
  & (pp("2","4") <=> $false)
  & (pp("2","5") <=> $false)
  & (pp("3","1") <=> $false)
  & (pp("3","2") <=> $false)
  & (pp("3","3") <=> $false)
  & (pp("3","4") <=> $false)
  & (pp("3","5") <=> $false)
  & (pp("4","1") <=> $false)
  & (pp("4","2") <=> $false)
  & (pp("4","3") <=> $false)
  & (pp("4","4") <=> $false)
  & (pp("4","5") <=> $false)
  & (pp("5","1") <=> $false)
  & (pp("5","2") <=> $false)
  & (pp("5","3") <=> $false)
  & (pp("5","4") <=> $true)
  & (pp("5","5") <=> $false)
  )
).

fof(sK0_sos10_X13, fi_functors,
  ( (sK0_sos10_X13("1","1") = "5")
  & (sK0_sos10_X13("1","2") = "5")
  & (sK0_sos10_X13("1","3") = "5")
  & (sK0_sos10_X13("1","4") = "5")
  & (sK0_sos10_X13("1","5") = "5")
  & (sK0_sos10_X13("2","1") = "5")
  & (sK0_sos10_X13("2","2") = "3")
  & (sK0_sos10_X13("2","3") = "5")
  & (sK0_sos10_X13("2","4") = "1")
  & (sK0_sos10_X13("2","5") = "3")
  & (sK0_sos10_X13("3","1") = "5")
  & (sK0_sos10_X13("3","2") = "5")
  & (sK0_sos10_X13("3","3") = "1")
  & (sK0_sos10_X13("3","4") = "5")
  & (sK0_sos10_X13("3","5") = "3")
  & (sK0_sos10_X13("4","1") = "5")
  & (sK0_sos10_X13("4","2") = "1")
  & (sK0_sos10_X13("4","3") = "5")
  & (sK0_sos10_X13("4","4") = "2")
  & (sK0_sos10_X13("4","5") = "5")
  & (sK0_sos10_X13("5","1") = "5")
  & (sK0_sos10_X13("5","2") = "1")
  & (sK0_sos10_X13("5","3") = "5")
  & (sK0_sos10_X13("5","4") = "1")
  & (sK0_sos10_X13("5","5") = "1")
  )
).

fof(sK104_sos410_X411, fi_functors,
  ( (sK104_sos410_X411 = "1")
  )
).

fof(sK105_sos420_X422, fi_functors,
  ( (sK105_sos420_X422 = "2")
  )
).

fof(sK106_sos420_X421, fi_functors,
  ( (sK106_sos420_X421 = "1")
  )
).

fof(sK107_sos430_X432, fi_functors,
  ( (sK107_sos430_X432 = "3")
  )
).

fof(sK108_sos430_X431, fi_functors,
  ( (sK108_sos430_X431 = "2")
  )
).

fof(sK109_sos440_X442, fi_functors,
  ( (sK109_sos440_X442 = "4")
  )
).

fof(sK110_sos440_X441, fi_functors,
  ( (sK110_sos440_X441 = "2")
  )
).

fof(sK111_sos450_X452, fi_functors,
  ( (sK111_sos450_X452 = "1")
  )
).

fof(sK112_sos450_X451, fi_functors,
  ( (sK112_sos450_X451 = "2")
  )
).

fof(sK113_sos460_X461, fi_functors,
  ( (sK113_sos460_X461 = "5")
  )
).

fof(sK114_sos470_X471, fi_functors,
  ( (sK114_sos470_X471 = "1")
  )
).

fof(sK115_sos480_X482, fi_functors,
  ( (sK115_sos480_X482 = "1")
  )
).

fof(sK116_sos480_X481, fi_functors,
  ( (sK116_sos480_X481 = "5")
  )
).

fof(sK117_sos490_X492, fi_functors,
  ( (sK117_sos490_X492 = "5")
  )
).

fof(sK118_sos490_X491, fi_functors,
  ( (sK118_sos490_X491 = "1")
  )
).

fof(sK119_sos500_X501, fi_functors,
  ( (sK119_sos500_X501 = "1")
  )
).

fof(sK120_sos510_X511, fi_functors,
  ( (sK120_sos510_X511 = "5")
  )
).

fof(sK121_sos520_X521, fi_functors,
  ( (sK121_sos520_X521 = "3")
  )
).

fof(sK122_sos530_X531, fi_functors,
  ( (sK122_sos530_X531 = "5")
  )
).

fof(sK123_sos540_X541, fi_functors,
  ( (sK123_sos540_X541 = "1")
  )
).

fof(sK124_sos550_X551, fi_functors,
  ( (sK124_sos550_X551 = "4")
  )
).

fof(sK125_sos560_X562, fi_functors,
  ( (sK125_sos560_X562 = "2")
  )
).

fof(sK126_sos560_X561, fi_functors,
  ( (sK126_sos560_X561 = "5")
  )
).

fof(sK127_sos570_X572, fi_functors,
  ( (sK127_sos570_X572 = "1")
  )
).

fof(sK128_sos570_X571, fi_functors,
  ( (sK128_sos570_X571 = "4")
  )
).

fof(sK129_sos580_X581, fi_functors,
  ( (sK129_sos580_X581 = "1")
  )
).

fof(sK12_sos40_X41, fi_functors,
  ( (sK12_sos40_X41("1") = "5")
  & (sK12_sos40_X41("2") = "4")
  & (sK12_sos40_X41("3") = "5")
  & (sK12_sos40_X41("4") = "5")
  & (sK12_sos40_X41("5") = "5")
  )
).

fof(sK130_sos590_X591, fi_functors,
  ( (sK130_sos590_X591 = "5")
  )
).

fof(sK131_sos600_X602, fi_functors,
  ( (sK131_sos600_X602 = "4")
  )
).

fof(sK132_sos600_X601, fi_functors,
  ( (sK132_sos600_X601 = "5")
  )
).

fof(sK133_sos610_X612, fi_functors,
  ( (sK133_sos610_X612 = "5")
  )
).

fof(sK134_sos610_X611, fi_functors,
  ( (sK134_sos610_X611 = "3")
  )
).

fof(sK135_sos620_X622, fi_functors,
  ( (sK135_sos620_X622 = "5")
  )
).

fof(sK136_sos620_X621, fi_functors,
  ( (sK136_sos620_X621 = "4")
  )
).

fof(sK137_sos630_X632, fi_functors,
  ( (sK137_sos630_X632 = "2")
  )
).

fof(sK138_sos630_X631, fi_functors,
  ( (sK138_sos630_X631 = "5")
  )
).

fof(sK139_sos640_X642, fi_functors,
  ( (sK139_sos640_X642 = "4")
  )
).

fof(sK140_sos640_X641, fi_functors,
  ( (sK140_sos640_X641 = "1")
  )
).

fof(sK141_sos650_X652, fi_functors,
  ( (sK141_sos650_X652 = "4")
  )
).

fof(sK142_sos650_X651, fi_functors,
  ( (sK142_sos650_X651 = "5")
  )
).

fof(sK143_sos660_X662, fi_functors,
  ( (sK143_sos660_X662 = "2")
  )
).

fof(sK144_sos660_X661, fi_functors,
  ( (sK144_sos660_X661 = "4")
  )
).

fof(sK145_sos670_X672, fi_functors,
  ( (sK145_sos670_X672 = "1")
  )
).

fof(sK146_sos670_X671, fi_functors,
  ( (sK146_sos670_X671 = "5")
  )
).

fof(sK147_sos680_X682, fi_functors,
  ( (sK147_sos680_X682 = "3")
  )
).

fof(sK148_sos680_X681, fi_functors,
  ( (sK148_sos680_X681 = "5")
  )
).

fof(sK149_sos690_X692, fi_functors,
  ( (sK149_sos690_X692 = "5")
  )
).

fof(sK150_sos690_X691, fi_functors,
  ( (sK150_sos690_X691 = "3")
  )
).

fof(sK151_sos700_X702, fi_functors,
  ( (sK151_sos700_X702 = "4")
  )
).

fof(sK152_sos700_X701, fi_functors,
  ( (sK152_sos700_X701 = "5")
  )
).

fof(sK153_sos710_X712, fi_functors,
  ( (sK153_sos710_X712 = "5")
  )
).

fof(sK154_sos710_X711, fi_functors,
  ( (sK154_sos710_X711 = "1")
  )
).

fof(sK155_sos720_X721, fi_functors,
  ( (sK155_sos720_X721 = "1")
  )
).

fof(sK156_sos730_X731, fi_functors,
  ( (sK156_sos730_X731 = "5")
  )
).

fof(sK157_sos740_X742, fi_functors,
  ( (sK157_sos740_X742 = "4")
  )
).

fof(sK158_sos740_X741, fi_functors,
  ( (sK158_sos740_X741 = "5")
  )
).

fof(sK159_sos750_X752, fi_functors,
  ( (sK159_sos750_X752 = "3")
  )
).

fof(sK15_sos50_X51, fi_functors,
  ( (sK15_sos50_X51("1") = "4")
  & (sK15_sos50_X51("2") = "1")
  & (sK15_sos50_X51("3") = "5")
  & (sK15_sos50_X51("4") = "1")
  & (sK15_sos50_X51("5") = "1")
  )
).

fof(sK160_sos750_X751, fi_functors,
  ( (sK160_sos750_X751 = "4")
  )
).

fof(sK161_sos760_X762, fi_functors,
  ( (sK161_sos760_X762 = "4")
  )
).

fof(sK162_sos760_X761, fi_functors,
  ( (sK162_sos760_X761 = "5")
  )
).

fof(sK163_sos770_X772, fi_functors,
  ( (sK163_sos770_X772 = "1")
  )
).

fof(sK164_sos770_X771, fi_functors,
  ( (sK164_sos770_X771 = "5")
  )
).

fof(sK165_sos780_X782, fi_functors,
  ( (sK165_sos780_X782 = "3")
  )
).

fof(sK166_sos780_X781, fi_functors,
  ( (sK166_sos780_X781 = "2")
  )
).

fof(sK167_sos790_X792, fi_functors,
  ( (sK167_sos790_X792 = "4")
  )
).

fof(sK168_sos790_X791, fi_functors,
  ( (sK168_sos790_X791 = "1")
  )
).

fof(sK18_sos60_X63, fi_functors,
  ( (sK18_sos60_X63("1","1") = "3")
  & (sK18_sos60_X63("1","2") = "2")
  & (sK18_sos60_X63("1","3") = "1")
  & (sK18_sos60_X63("1","4") = "5")
  & (sK18_sos60_X63("1","5") = "1")
  & (sK18_sos60_X63("2","1") = "2")
  & (sK18_sos60_X63("2","2") = "3")
  & (sK18_sos60_X63("2","3") = "1")
  & (sK18_sos60_X63("2","4") = "2")
  & (sK18_sos60_X63("2","5") = "2")
  & (sK18_sos60_X63("3","1") = "1")
  & (sK18_sos60_X63("3","2") = "2")
  & (sK18_sos60_X63("3","3") = "4")
  & (sK18_sos60_X63("3","4") = "4")
  & (sK18_sos60_X63("3","5") = "5")
  & (sK18_sos60_X63("4","1") = "5")
  & (sK18_sos60_X63("4","2") = "2")
  & (sK18_sos60_X63("4","3") = "1")
  & (sK18_sos60_X63("4","4") = "5")
  & (sK18_sos60_X63("4","5") = "4")
  & (sK18_sos60_X63("5","1") = "5")
  & (sK18_sos60_X63("5","2") = "5")
  & (sK18_sos60_X63("5","3") = "5")
  & (sK18_sos60_X63("5","4") = "4")
  & (sK18_sos60_X63("5","5") = "1")
  )
).

fof(sK1_sos10_X13, fi_functors,
  ( (sK1_sos10_X13("1","1") = "1")
  & (sK1_sos10_X13("1","2") = "1")
  & (sK1_sos10_X13("1","3") = "5")
  & (sK1_sos10_X13("1","4") = "1")
  & (sK1_sos10_X13("1","5") = "5")
  & (sK1_sos10_X13("2","1") = "1")
  & (sK1_sos10_X13("2","2") = "2")
  & (sK1_sos10_X13("2","3") = "4")
  & (sK1_sos10_X13("2","4") = "1")
  & (sK1_sos10_X13("2","5") = "5")
  & (sK1_sos10_X13("3","1") = "1")
  & (sK1_sos10_X13("3","2") = "1")
  & (sK1_sos10_X13("3","3") = "3")
  & (sK1_sos10_X13("3","4") = "5")
  & (sK1_sos10_X13("3","5") = "1")
  & (sK1_sos10_X13("4","1") = "1")
  & (sK1_sos10_X13("4","2") = "4")
  & (sK1_sos10_X13("4","3") = "4")
  & (sK1_sos10_X13("4","4") = "4")
  & (sK1_sos10_X13("4","5") = "5")
  & (sK1_sos10_X13("5","1") = "1")
  & (sK1_sos10_X13("5","2") = "5")
  & (sK1_sos10_X13("5","3") = "4")
  & (sK1_sos10_X13("5","4") = "5")
  & (sK1_sos10_X13("5","5") = "5")
  )
).

fof(sK21_sos70_X73, fi_functors,
  ( (sK21_sos70_X73("1","1") = "1")
  & (sK21_sos70_X73("1","2") = "1")
  & (sK21_sos70_X73("1","3") = "5")
  & (sK21_sos70_X73("1","4") = "5")
  & (sK21_sos70_X73("1","5") = "1")
  & (sK21_sos70_X73("2","1") = "5")
  & (sK21_sos70_X73("2","2") = "2")
  & (sK21_sos70_X73("2","3") = "5")
  & (sK21_sos70_X73("2","4") = "5")
  & (sK21_sos70_X73("2","5") = "5")
  & (sK21_sos70_X73("3","1") = "5")
  & (sK21_sos70_X73("3","2") = "5")
  & (sK21_sos70_X73("3","3") = "5")
  & (sK21_sos70_X73("3","4") = "5")
  & (sK21_sos70_X73("3","5") = "5")
  & (sK21_sos70_X73("4","1") = "5")
  & (sK21_sos70_X73("4","2") = "5")
  & (sK21_sos70_X73("4","3") = "5")
  & (sK21_sos70_X73("4","4") = "5")
  & (sK21_sos70_X73("4","5") = "5")
  & (sK21_sos70_X73("5","1") = "5")
  & (sK21_sos70_X73("5","2") = "5")
  & (sK21_sos70_X73("5","3") = "3")
  & (sK21_sos70_X73("5","4") = "5")
  & (sK21_sos70_X73("5","5") = "5")
  )
).

fof(sK45_sos170_X172, fi_functors,
  ( (sK45_sos170_X172 = "1")
  )
).

fof(sK51_sos200_X201, fi_functors,
  ( (sK51_sos200_X201("1") = "1")
  & (sK51_sos200_X201("2") = "5")
  & (sK51_sos200_X201("3") = "5")
  & (sK51_sos200_X201("4") = "5")
  & (sK51_sos200_X201("5") = "4")
  )
).

fof(sK54_sos210_X211, fi_functors,
  ( (sK54_sos210_X211("1") = "3")
  & (sK54_sos210_X211("2") = "3")
  & (sK54_sos210_X211("3") = "5")
  & (sK54_sos210_X211("4") = "5")
  & (sK54_sos210_X211("5") = "1")
  )
).

fof(sK67_sos270_X273, fi_functors,
  ( (sK67_sos270_X273("1","1") = "3")
  & (sK67_sos270_X273("1","2") = "4")
  & (sK67_sos270_X273("1","3") = "4")
  & (sK67_sos270_X273("1","4") = "2")
  & (sK67_sos270_X273("1","5") = "4")
  & (sK67_sos270_X273("2","1") = "1")
  & (sK67_sos270_X273("2","2") = "3")
  & (sK67_sos270_X273("2","3") = "1")
  & (sK67_sos270_X273("2","4") = "2")
  & (sK67_sos270_X273("2","5") = "2")
  & (sK67_sos270_X273("3","1") = "1")
  & (sK67_sos270_X273("3","2") = "1")
  & (sK67_sos270_X273("3","3") = "1")
  & (sK67_sos270_X273("3","4") = "1")
  & (sK67_sos270_X273("3","5") = "1")
  & (sK67_sos270_X273("4","1") = "5")
  & (sK67_sos270_X273("4","2") = "3")
  & (sK67_sos270_X273("4","3") = "4")
  & (sK67_sos270_X273("4","4") = "1")
  & (sK67_sos270_X273("4","5") = "3")
  & (sK67_sos270_X273("5","1") = "1")
  & (sK67_sos270_X273("5","2") = "3")
  & (sK67_sos270_X273("5","3") = "3")
  & (sK67_sos270_X273("5","4") = "2")
  & (sK67_sos270_X273("5","5") = "1")
  )
).

fof(sK6_sos20_X23, fi_functors,
  ( (sK6_sos20_X23("1","1") = "1")
  & (sK6_sos20_X23("1","2") = "1")
  & (sK6_sos20_X23("1","3") = "5")
  & (sK6_sos20_X23("1","4") = "1")
  & (sK6_sos20_X23("1","5") = "1")
  & (sK6_sos20_X23("2","1") = "1")
  & (sK6_sos20_X23("2","2") = "1")
  & (sK6_sos20_X23("2","3") = "5")
  & (sK6_sos20_X23("2","4") = "1")
  & (sK6_sos20_X23("2","5") = "1")
  & (sK6_sos20_X23("3","1") = "5")
  & (sK6_sos20_X23("3","2") = "5")
  & (sK6_sos20_X23("3","3") = "3")
  & (sK6_sos20_X23("3","4") = "5")
  & (sK6_sos20_X23("3","5") = "3")
  & (sK6_sos20_X23("4","1") = "1")
  & (sK6_sos20_X23("4","2") = "1")
  & (sK6_sos20_X23("4","3") = "5")
  & (sK6_sos20_X23("4","4") = "4")
  & (sK6_sos20_X23("4","5") = "5")
  & (sK6_sos20_X23("5","1") = "1")
  & (sK6_sos20_X23("5","2") = "1")
  & (sK6_sos20_X23("5","3") = "5")
  & (sK6_sos20_X23("5","4") = "5")
  & (sK6_sos20_X23("5","5") = "5")
  )
).

fof(sK94_sos390_X393, fi_functors,
  ( (sK94_sos390_X393("1","1") = "1")
  & (sK94_sos390_X393("1","2") = "1")
  & (sK94_sos390_X393("1","3") = "1")
  & (sK94_sos390_X393("1","4") = "1")
  & (sK94_sos390_X393("1","5") = "5")
  & (sK94_sos390_X393("2","1") = "3")
  & (sK94_sos390_X393("2","2") = "1")
  & (sK94_sos390_X393("2","3") = "4")
  & (sK94_sos390_X393("2","4") = "5")
  & (sK94_sos390_X393("2","5") = "1")
  & (sK94_sos390_X393("3","1") = "3")
  & (sK94_sos390_X393("3","2") = "5")
  & (sK94_sos390_X393("3","3") = "5")
  & (sK94_sos390_X393("3","4") = "3")
  & (sK94_sos390_X393("3","5") = "1")
  & (sK94_sos390_X393("4","1") = "3")
  & (sK94_sos390_X393("4","2") = "5")
  & (sK94_sos390_X393("4","3") = "1")
  & (sK94_sos390_X393("4","4") = "5")
  & (sK94_sos390_X393("4","5") = "5")
  & (sK94_sos390_X393("5","1") = "1")
  & (sK94_sos390_X393("5","2") = "1")
  & (sK94_sos390_X393("5","3") = "2")
  & (sK94_sos390_X393("5","4") = "3")
  & (sK94_sos390_X393("5","5") = "5")
  )
).

fof(sK95_sos390_X393, fi_functors,
  ( (sK95_sos390_X393("1","1") = "5")
  & (sK95_sos390_X393("1","2") = "2")
  & (sK95_sos390_X393("1","3") = "5")
  & (sK95_sos390_X393("1","4") = "4")
  & (sK95_sos390_X393("1","5") = "2")
  & (sK95_sos390_X393("2","1") = "1")
  & (sK95_sos390_X393("2","2") = "3")
  & (sK95_sos390_X393("2","3") = "5")
  & (sK95_sos390_X393("2","4") = "5")
  & (sK95_sos390_X393("2","5") = "3")
  & (sK95_sos390_X393("3","1") = "1")
  & (sK95_sos390_X393("3","2") = "3")
  & (sK95_sos390_X393("3","3") = "3")
  & (sK95_sos390_X393("3","4") = "1")
  & (sK95_sos390_X393("3","5") = "4")
  & (sK95_sos390_X393("4","1") = "1")
  & (sK95_sos390_X393("4","2") = "3")
  & (sK95_sos390_X393("4","3") = "1")
  & (sK95_sos390_X393("4","4") = "1")
  & (sK95_sos390_X393("4","5") = "3")
  & (sK95_sos390_X393("5","1") = "5")
  & (sK95_sos390_X393("5","2") = "3")
  & (sK95_sos390_X393("5","3") = "4")
  & (sK95_sos390_X393("5","4") = "1")
  & (sK95_sos390_X393("5","5") = "1")
  )
).

fof(sP96_sos390_or, fi_predicates,
  ( (sP96_sos390_or("1","1") <=> $false)
  & (sP96_sos390_or("1","2") <=> $false)
  & (sP96_sos390_or("1","3") <=> $false)
  & (sP96_sos390_or("1","4") <=> $false)
  & (sP96_sos390_or("1","5") <=> $false)
  & (sP96_sos390_or("2","1") <=> $true)
  & (sP96_sos390_or("2","2") <=> $false)
  & (sP96_sos390_or("2","3") <=> $false)
  & (sP96_sos390_or("2","4") <=> $false)
  & (sP96_sos390_or("2","5") <=> $false)
  & (sP96_sos390_or("3","1") <=> $false)
  & (sP96_sos390_or("3","2") <=> $false)
  & (sP96_sos390_or("3","3") <=> $false)
  & (sP96_sos390_or("3","4") <=> $false)
  & (sP96_sos390_or("3","5") <=> $false)
  & (sP96_sos390_or("4","1") <=> $true)
  & (sP96_sos390_or("4","2") <=> $false)
  & (sP96_sos390_or("4","3") <=> $false)
  & (sP96_sos390_or("4","4") <=> $false)
  & (sP96_sos390_or("4","5") <=> $false)
  & (sP96_sos390_or("5","1") <=> $false)
  & (sP96_sos390_or("5","2") <=> $false)
  & (sP96_sos390_or("5","3") <=> $false)
  & (sP96_sos390_or("5","4") <=> $false)
  & (sP96_sos390_or("5","5") <=> $false)
  )
).

fof(sc, fi_predicates,
  ( (sc("1","1") <=> $false)
  & (sc("1","2") <=> $false)
  & (sc("1","3") <=> $false)
  & (sc("1","4") <=> $false)
  & (sc("1","5") <=> $false)
  & (sc("2","1") <=> $false)
  & (sc("2","2") <=> $false)
  & (sc("2","3") <=> $false)
  & (sc("2","4") <=> $true)
  & (sc("2","5") <=> $false)
  & (sc("3","1") <=> $false)
  & (sc("3","2") <=> $false)
  & (sc("3","3") <=> $false)
  & (sc("3","4") <=> $false)
  & (sc("3","5") <=> $false)
  & (sc("4","1") <=> $false)
  & (sc("4","2") <=> $true)
  & (sc("4","3") <=> $false)
  & (sc("4","4") <=> $false)
  & (sc("4","5") <=> $false)
  & (sc("5","1") <=> $false)
  & (sc("5","2") <=> $false)
  & (sc("5","3") <=> $false)
  & (sc("5","4") <=> $false)
  & (sc("5","5") <=> $false)
  )
).

fof(zex, fi_predicates,
  ( (zex("1") <=> $false)
  & (zex("2") <=> $false)
  & (zex("3") <=> $true)
  & (zex("4") <=> $false)
  & (zex("5") <=> $false)
  )
).
SZS output end FiniteModel for /stl/torsten/git/macleod/qs/multidim_mereotopology_codi/consistency/conversions/point_all_nontrivial.all.tptp
+++ END MODEL
+++ RESULT: Satisfiable
SZS status Satisfiable for /stl/torsten/git/macleod/qs/multidim_mereotopology_codi/consistency/conversions/point_all_nontrivial.all.tptp
============================= paradox ================================
execution finished: Tue Oct 08 16:55:34 2013
total CPU time used: 4
The command was "paradox --time 3000 --verbose 2 --model --tstp /stl/torsten/git/macleod/qs/multidim_mereotopology_codi/consistency/conversions/point_all_nontrivial.all.tptp"
Input read from 
============================ end of footer ===========================
