Paradox, version 4.0, 2010-06-29.
+++ PROBLEM: /stl/torsten/git/macleod/qs/multidim_mereotopology_codi/definitions/conversions/voluminous_region.all.tptp
Reading '/stl/torsten/git/macleod/qs/multidim_mereotopology_codi/definitions/conversions/voluminous_region.all.tptp' ... OK
+++ SOLVING: /stl/torsten/git/macleod/qs/multidim_mereotopology_codi/definitions/conversions/voluminous_region.all.tptp
domain size 1
Verified 97 original and 0 eliminated clauses.
+++ BEGIN MODEL
SZS output start FiniteModel for /stl/torsten/git/macleod/qs/multidim_mereotopology_codi/definitions/conversions/voluminous_region.all.tptp
% domain size is 1
fof(domain, fi_domain,
  (![X] : (X = "1"))
).

fof(arealregion, fi_predicates,
  ( (arealregion("1") <=> $true)
  )
).

fof(c, fi_predicates,
  ( (c("1","1") <=> $true)
  )
).

fof(clifsym1, fi_predicates,
  ( (clifsym1("1","1") <=> $true)
  )
).

fof(clifsym2, fi_predicates,
  ( (clifsym2("1","1") <=> $false)
  )
).

fof(cont, fi_predicates,
  ( (cont("1","1") <=> $true)
  )
).

fof(covers, fi_predicates,
  ( (covers("1","1") <=> $false)
  )
).

fof(curve, fi_predicates,
  ( (curve("1") <=> $false)
  )
).

fof(eqdim, fi_predicates,
  ( (eqdim("1","1") <=> $true)
  )
).

fof(inc, fi_predicates,
  ( (inc("1","1") <=> $false)
  )
).

fof(leq, fi_predicates,
  ( (leq("1","1") <=> $true)
  )
).

fof(less, fi_predicates,
  ( (less("1","1") <=> $false)
  )
).

fof(max, fi_predicates,
  ( (max("1") <=> $true)
  )
).

fof(maxdim, fi_predicates,
  ( (maxdim("1") <=> $true)
  )
).

fof(min, fi_predicates,
  ( (min("1") <=> $true)
  )
).

fof(mindim, fi_predicates,
  ( (mindim("1") <=> $true)
  )
).

fof(p, fi_predicates,
  ( (p("1","1") <=> $true)
  )
).

fof(po, fi_predicates,
  ( (po("1","1") <=> $true)
  )
).

fof(point, fi_predicates,
  ( (point("1") <=> $true)
  )
).

fof(pp, fi_predicates,
  ( (pp("1","1") <=> $false)
  )
).

fof(sK0_sos10_X13, fi_functors,
  ( (sK0_sos10_X13("1","1") = "1")
  )
).

fof(sK100_sos410_X413, fi_functors,
  ( (sK100_sos410_X413("1","1") = "1")
  )
).

fof(sK108_sos420_X421, fi_functors,
  ( (sK108_sos420_X421("1") = "1")
  )
).

fof(sK10_sos50_X51, fi_functors,
  ( (sK10_sos50_X51("1") = "1")
  )
).

fof(sK111_sos430_X431, fi_functors,
  ( (sK111_sos430_X431 = "1")
  )
).

fof(sK39_sos180_X182, fi_functors,
  ( (sK39_sos180_X182 = "1")
  )
).

fof(sK56_sos260_X261, fi_functors,
  ( (sK56_sos260_X261("1") = "1")
  )
).

fof(sK61_sos280_X283, fi_functors,
  ( (sK61_sos280_X283("1","1") = "1")
  )
).

fof(sK62_sos280_X283, fi_functors,
  ( (sK62_sos280_X283("1","1") = "1")
  )
).

fof(sK77_sos340_X343, fi_functors,
  ( (sK77_sos340_X343("1","1") = "1")
  )
).

fof(sK7_sos40_X41, fi_functors,
  ( (sK7_sos40_X41("1") = "1")
  )
).

fof(sK80_sos350_X351, fi_functors,
  ( (sK80_sos350_X351("1") = "1")
  )
).

fof(sK83_sos360_X361, fi_functors,
  ( (sK83_sos360_X361("1") = "1")
  )
).

fof(sK86_sos370_X373, fi_functors,
  ( (sK86_sos370_X373("1","1") = "1")
  )
).

fof(sK90_sos380_X381, fi_functors,
  ( (sK90_sos380_X381("1") = "1")
  )
).

fof(sK95_sos400_X403, fi_functors,
  ( (sK95_sos400_X403("1","1") = "1")
  )
).

fof(sK99_sos410_X413, fi_functors,
  ( (sK99_sos410_X413("1","1") = "1")
  )
).

fof(sP101_sos410_or, fi_predicates,
  ( (sP101_sos410_or("1","1") <=> $false)
  )
).

fof(sc, fi_predicates,
  ( (sc("1","1") <=> $false)
  )
).

fof(voluminousregion, fi_predicates,
  ( (voluminousregion("1") <=> $false)
  )
).

fof(zex, fi_predicates,
  ( (zex("1") <=> $false)
  )
).
SZS output end FiniteModel for /stl/torsten/git/macleod/qs/multidim_mereotopology_codi/definitions/conversions/voluminous_region.all.tptp
+++ END MODEL
+++ RESULT: Satisfiable
SZS status Satisfiable for /stl/torsten/git/macleod/qs/multidim_mereotopology_codi/definitions/conversions/voluminous_region.all.tptp
============================= paradox ================================
execution finished: Fri Aug 09 19:23:47 2013
total CPU time used: 0
The command was "paradox --time 3000 --verbose 2 --model --tstp /stl/torsten/git/macleod/qs/multidim_mereotopology_codi/definitions/conversions/voluminous_region.all.tptp"
Input read from 
============================ end of footer ===========================
