% lrs-3_4:1_afp=1000:afq=1.4:amm=sco:fde=none:gs=on:lcm=reverse:lma=on:nwc=1.5:stl=30:sd=1:ss=axioms:sp=reverse_arity:urr=on:updr=off:uhcvi=on_11 on sos560
% Time limit reached!
% ------------------------------
% Version: Vampire 4.2.2 (commit c6486af3 on 2018-01-23 13:53:44 +0000)
% Termination reason: Time limit
% Termination phase: Saturation

% Memory used [KB]: 13816
% Time elapsed: 1.300 s
% ------------------------------
----  Runtime statistics ----
clauses created: 1607
clauses deleted: 261
ssat_new_components: 144
ssat_non_splittable_sat_clauses: 6
ssat_reused_components: 161
ssat_sat_clauses: 143
total_frozen: 210
total_unfrozen: 48
unworthy child removed: 107
-----------------------------
% ------------------------------
% WARNING: value z3 for option sas not known
% ott+1002_8:1_add=off:afr=on:afp=100000:afq=1.1:amm=off:anc=none:bd=off:bs=unit_only:fsr=off:gs=on:gsem=off:nm=32:nwc=10:sas=z3:sp=occurrence:urr=on:updr=off_17 on sos560
% Time limit reached!
% ------------------------------
% Version: Vampire 4.2.2 (commit c6486af3 on 2018-01-23 13:53:44 +0000)
% Termination reason: Time limit
% Termination phase: Saturation

% Memory used [KB]: 16375
% Time elapsed: 1.900 s
% ------------------------------
----  Runtime statistics ----
clauses created: 7068
clauses deleted: 2017
fast_clauses_not_restored: 100
fast_clauses_restored: 27
global_subsumption_by_number_of_removed_literals:
  1: 26
  2: 7
  4: 1
ssat_new_components: 99
ssat_reused_components: 37
ssat_sat_clauses: 117
total_frozen: 1282
total_unfrozen: 95
unworthy child removed: 95
-----------------------------
% lrs+1011_7_add=large:afr=on:afp=40000:afq=1.4:amm=off:anc=none:cond=on:er=known:fsr=off:lma=on:nm=4:nwc=2.5:stl=30:sp=reverse_arity:updr=off_2 on sos560
% Time limit reached!
% ------------------------------
% Version: Vampire 4.2.2 (commit c6486af3 on 2018-01-23 13:53:44 +0000)
% Termination reason: Time limit
% Termination phase: Saturation

% Memory used [KB]: 7291
% Time elapsed: 0.500 s
% ------------------------------
----  Runtime statistics ----
clauses created: 3487
clauses deleted: 243
fast_clauses_not_restored: 33
fast_clauses_restored: 9
naming_introduced_defs: 4
ssat_new_components: 290
ssat_reused_components: 121
ssat_sat_clauses: 241
total_frozen: 572
total_unfrozen: 132
unworthy child removed: 489
-----------------------------
% ------------------------------
% WARNING: value z3 for option sas not known
% ott+11_16_av=off:gs=on:gsem=on:irw=on:lma=on:nm=64:newcnf=on:nwc=1.3:sas=z3:sp=reverse_arity_16 on sos560
% Time limit reached!
% ------------------------------
% Version: Vampire 4.2.2 (commit c6486af3 on 2018-01-23 13:53:44 +0000)
% Termination reason: Time limit
% Termination phase: Saturation

% Memory used [KB]: 11641
% Time elapsed: 1.800 s
% ------------------------------
----  Runtime statistics ----
clauses created: 10547
clauses deleted: 6461
global_subsumption_by_number_of_removed_literals:
  1: 24
-----------------------------
% dis+10_4_av=off:bsr=on:cond=fast:er=filter:fde=none:gsp=input_only:lcm=reverse:lma=on:nwc=4:sp=occurrence:urr=on_8 on sos560
% Time limit reached!
% ------------------------------
% Version: Vampire 4.2.2 (commit c6486af3 on 2018-01-23 13:53:44 +0000)
% Termination reason: Time limit
% Termination phase: Saturation

% Memory used [KB]: 3709
% Time elapsed: 1.100 s
% ------------------------------
----  Runtime statistics ----
clauses created: 9740
clauses deleted: 4513
-----------------------------
% ------------------------------
% WARNING: value z3 for option sas not known
% dis+1011_5_add=off:afr=on:afp=10000:afq=1.1:amm=off:anc=none:cond=on:fsr=off:nm=32:nwc=1:sas=z3:sd=3:ss=axioms:st=2.0:sp=occurrence:updr=off_2 on sos560
% Time limit reached!
% ------------------------------
% Version: Vampire 4.2.2 (commit c6486af3 on 2018-01-23 13:53:44 +0000)
% Termination reason: Time limit
% Termination phase: Saturation

% Memory used [KB]: 6908
% Time elapsed: 0.500 s
% ------------------------------
----  Runtime statistics ----
clauses created: 2776
clauses deleted: 109
fast_clauses_not_restored: 32
splitter_tautology: 1
ssat_new_components: 253
ssat_reused_components: 328
ssat_sat_clauses: 282
total_frozen: 527
total_unfrozen: 231
unworthy child removed: 132
-----------------------------
% lrs+1011_5:4_acc=on:add=large:afr=on:afp=10000:afq=2.0:amm=sco:anc=none:bsr=on:ccuc=first:cond=on:fde=unused:gs=on:gsaa=from_current:gsem=off:irw=on:nm=2:newcnf=on:nwc=1.2:stl=30:sos=on:sac=on:sp=reverse_arity:updr=off_38 on sos560
% Refutation found. Thanks to Tanya!
% SZS status Theorem for sos560
% SZS output start Proof for sos560
fof(f22,axiom,(
  ! [X49] : ! [X50] : (pp(X49,X50) <=> (X49 != X50 & p(X49,X50)))),
  file('sos560.tptp',sos220)).
fof(f49,axiom,(
  ! [X115] : ! [X116] : ! [X117] : ! [X118] : ! [X119] : ((path(X115,X118,X119) & path(X115,X116,X117)) => (X117 = X119 & X116 = X118))),
  file('sos560.tptp',sos500)).
fof(f52,axiom,(
  ! [X134] : ! [X135] : (connects(X134,X135) <=> ? [X136] : ? [X137] : ? [X138] : (path(X135,X137,X138) & path(X134,X136,X137)))),
  file('sos560.tptp',sos530)).
fof(f55,conjecture,(
  ! [X149] : ! [X150] : ! [X151] : ! [X152] : ! [X153] : ((pp(X149,X151) & path(X149,X152,X150) & path(X151,X152,X153)) => ? [X154] : (pp(X154,X151) & connects(X149,X154)))),
  file('sos560.tptp',sos560)).
fof(f56,negated_conjecture,(
  ~! [X149] : ! [X150] : ! [X151] : ! [X152] : ! [X153] : ((pp(X149,X151) & path(X149,X152,X150) & path(X151,X152,X153)) => ? [X154] : (pp(X154,X151) & connects(X149,X154)))),
  inference(negated_conjecture,[],[f55])).
fof(f58,axiom,(
  ! [X163] : ! [X164] : (connects(X163,X164) => (~p(X164,X163) & ~p(X163,X164)))),
  file('sos560.tptp',sos595)).
fof(f60,axiom,(
  ! [X175] : ! [X176] : ! [X177] : ! [X178] : ((pp(X175,X178) & path(X175,X176,X177)) => ? [X179] : ? [X180] : ? [X181] : ((connects(X179,X175) | connects(X175,X179)) & pp(X179,X178) & path(X179,X180,X181)))),
  file('sos560.tptp',sos620)).
fof(f63,plain,(
  ~! [X0] : ! [X1] : ! [X2] : ! [X3] : ! [X4] : ((pp(X0,X2) & path(X0,X3,X1) & path(X2,X3,X4)) => ? [X5] : (pp(X5,X2) & connects(X0,X5)))),
  inference(rectify,[],[f56])).
fof(f64,plain,(
  ~! [X0,X1,X2,X3,X4] : ((pp(X0,X2) & path(X0,X3,X1) & path(X2,X3,X4)) => ? [X5] : (pp(X5,X2) & connects(X0,X5)))),
  inference(flattening,[],[f63])).
fof(f85,plain,(
  ! [X0] : ! [X1] : (connects(X0,X1) => (~p(X1,X0) & ~p(X0,X1)))),
  inference(rectify,[],[f58])).
fof(f86,plain,(
  ! [X0,X1] : (connects(X0,X1) => (~p(X1,X0) & ~p(X0,X1)))),
  inference(flattening,[],[f85])).
fof(f119,plain,(
  ! [X0] : ! [X1] : (connects(X0,X1) <=> ? [X2] : ? [X3] : ? [X4] : (path(X1,X3,X4) & path(X0,X2,X3)))),
  inference(rectify,[],[f52])).
fof(f120,plain,(
  ! [X0,X1] : (connects(X0,X1) <=> ? [X2,X3,X4] : (path(X1,X3,X4) & path(X0,X2,X3)))),
  inference(flattening,[],[f119])).
fof(f125,plain,(
  ! [X0] : ! [X1] : (pp(X0,X1) <=> (X0 != X1 & p(X0,X1)))),
  inference(rectify,[],[f22])).
fof(f126,plain,(
  ! [X0,X1] : (pp(X0,X1) <=> (X0 != X1 & p(X0,X1)))),
  inference(flattening,[],[f125])).
fof(f153,plain,(
  ! [X0] : ! [X1] : ! [X2] : ! [X3] : ((pp(X0,X3) & path(X0,X1,X2)) => ? [X4] : ? [X5] : ? [X6] : ((connects(X4,X0) | connects(X0,X4)) & pp(X4,X3) & path(X4,X5,X6)))),
  inference(rectify,[],[f60])).
fof(f154,plain,(
  ! [X0,X1,X2,X3] : ((pp(X0,X3) & path(X0,X1,X2)) => ? [X4,X5,X6] : ((connects(X4,X0) | connects(X0,X4)) & pp(X4,X3) & path(X4,X5,X6)))),
  inference(flattening,[],[f153])).
fof(f157,plain,(
  ! [X0] : ! [X1] : ! [X2] : ! [X3] : ! [X4] : ((path(X0,X3,X4) & path(X0,X1,X2)) => (X2 = X4 & X1 = X3))),
  inference(rectify,[],[f49])).
fof(f158,plain,(
  ! [X0,X1,X2,X3,X4] : ((path(X0,X3,X4) & path(X0,X1,X2)) => (X2 = X4 & X1 = X3))),
  inference(flattening,[],[f157])).
fof(f171,plain,(
  ? [X0,X1,X2,X3,X4] : (! [X5] : (~pp(X5,X2) | ~connects(X0,X5)) & (pp(X0,X2) & path(X0,X3,X1) & path(X2,X3,X4)))),
  inference(ennf_transformation,[],[f64])).
fof(f172,plain,(
  ? [X0,X1,X2,X3,X4] : (! [X5] : (~pp(X5,X2) | ~connects(X0,X5)) & pp(X0,X2) & path(X0,X3,X1) & path(X2,X3,X4))),
  inference(flattening,[],[f171])).
fof(f183,plain,(
  ! [X0,X1] : ((~p(X1,X0) & ~p(X0,X1)) | ~connects(X0,X1))),
  inference(ennf_transformation,[],[f86])).
fof(f217,plain,(
  ! [X0,X1,X2,X3] : (? [X4,X5,X6] : ((connects(X4,X0) | connects(X0,X4)) & pp(X4,X3) & path(X4,X5,X6)) | (~pp(X0,X3) | ~path(X0,X1,X2)))),
  inference(ennf_transformation,[],[f154])).
fof(f218,plain,(
  ! [X0,X1,X2,X3] : (? [X4,X5,X6] : ((connects(X4,X0) | connects(X0,X4)) & pp(X4,X3) & path(X4,X5,X6)) | ~pp(X0,X3) | ~path(X0,X1,X2))),
  inference(flattening,[],[f217])).
fof(f221,plain,(
  ! [X0,X1,X2,X3,X4] : ((X2 = X4 & X1 = X3) | (~path(X0,X3,X4) | ~path(X0,X1,X2)))),
  inference(ennf_transformation,[],[f158])).
fof(f222,plain,(
  ! [X0,X1,X2,X3,X4] : ((X2 = X4 & X1 = X3) | ~path(X0,X3,X4) | ~path(X0,X1,X2))),
  inference(flattening,[],[f221])).
fof(f234,plain,(
  ( ! [X5] : (~connects(sK0,X5) | ~pp(X5,sK2)) )),
  inference(cnf_transformation,[],[f172])).
fof(f235,plain,(
  path(sK2,sK3,sK4)),
  inference(cnf_transformation,[],[f172])).
fof(f236,plain,(
  path(sK0,sK3,sK1)),
  inference(cnf_transformation,[],[f172])).
fof(f237,plain,(
  pp(sK0,sK2)),
  inference(cnf_transformation,[],[f172])).
fof(f269,plain,(
  ( ! [X0,X1] : (~connects(X0,X1) | ~p(X0,X1)) )),
  inference(cnf_transformation,[],[f183])).
fof(f320,plain,(
  ( ! [X0,X1] : (~connects(X0,X1) | path(X0,sK23(X0,X1),sK24(X0,X1))) )),
  inference(cnf_transformation,[],[f120])).
fof(f321,plain,(
  ( ! [X0,X1] : (~connects(X0,X1) | path(X1,sK24(X0,X1),sK25(X0,X1))) )),
  inference(cnf_transformation,[],[f120])).
fof(f322,plain,(
  ( ! [X4,X2,X0,X3,X1] : (~path(X0,X2,X3) | ~path(X1,X3,X4) | connects(X0,X1)) )),
  inference(cnf_transformation,[],[f120])).
fof(f329,plain,(
  ( ! [X0,X1] : (p(X0,X1) | ~pp(X0,X1)) )),
  inference(cnf_transformation,[],[f126])).
fof(f357,plain,(
  ( ! [X2,X0,X3,X1] : (~path(X0,X1,X2) | ~pp(X0,X3) | connects(X0,sK34(X0,X3)) | connects(sK34(X0,X3),X0)) )),
  inference(cnf_transformation,[],[f218])).
fof(f358,plain,(
  ( ! [X2,X0,X3,X1] : (~path(X0,X1,X2) | ~pp(X0,X3) | path(sK34(X0,X3),sK35(X0,X3),sK36(X0,X3))) )),
  inference(cnf_transformation,[],[f218])).
fof(f359,plain,(
  ( ! [X2,X0,X3,X1] : (pp(sK34(X0,X3),X3) | ~pp(X0,X3) | ~path(X0,X1,X2)) )),
  inference(cnf_transformation,[],[f218])).
fof(f363,plain,(
  ( ! [X4,X2,X0,X3,X1] : (~path(X0,X1,X2) | ~path(X0,X3,X4) | X1 = X3) )),
  inference(cnf_transformation,[],[f222])).
fof(f364,plain,(
  ( ! [X4,X2,X0,X3,X1] : (~path(X0,X1,X2) | ~path(X0,X3,X4) | X2 = X4) )),
  inference(cnf_transformation,[],[f222])).
fof(f382,plain,(
  spl42_0 <=> pp(sK0,sK2)),
  introduced(avatar_definition,[new_symbols(naming,[spl42_0])])).
fof(f383,plain,(
  pp(sK0,sK2) | ~spl42_0),
  inference(avatar_component_clause,[],[f382])).
fof(f384,plain,(
  spl42_0),
  inference(avatar_split_clause,[],[f237,f382])).
fof(f389,plain,(
  spl42_2 <=> path(sK2,sK3,sK4)),
  introduced(avatar_definition,[new_symbols(naming,[spl42_2])])).
fof(f390,plain,(
  path(sK2,sK3,sK4) | ~spl42_2),
  inference(avatar_component_clause,[],[f389])).
fof(f391,plain,(
  spl42_2),
  inference(avatar_split_clause,[],[f235,f389])).
fof(f396,plain,(
  spl42_4 <=> path(sK0,sK3,sK1)),
  introduced(avatar_definition,[new_symbols(naming,[spl42_4])])).
fof(f397,plain,(
  path(sK0,sK3,sK1) | ~spl42_4),
  inference(avatar_component_clause,[],[f396])).
fof(f398,plain,(
  spl42_4),
  inference(avatar_split_clause,[],[f236,f396])).
fof(f425,plain,(
  ( ! [X2] : (connects(sK34(sK0,X2),sK0) | connects(sK0,sK34(sK0,X2)) | ~pp(sK0,X2)) ) | ~spl42_4),
  inference(resolution,[],[f397,f357])).
fof(f426,plain,(
  ( ! [X3] : (~pp(sK0,X3) | path(sK34(sK0,X3),sK35(sK0,X3),sK36(sK0,X3))) ) | ~spl42_4),
  inference(resolution,[],[f397,f358])).
fof(f428,plain,(
  ( ! [X6,X7] : (~path(sK0,X6,X7) | sK3 = X6) ) | ~spl42_4),
  inference(resolution,[],[f397,f363])).
fof(f568,plain,(
  ( ! [X9] : (~pp(sK0,X9) | connects(sK0,sK34(sK0,X9)) | path(sK34(sK0,X9),sK23(sK34(sK0,X9),sK0),sK24(sK34(sK0,X9),sK0))) ) | ~spl42_4),
  inference(resolution,[],[f425,f320])).
fof(f569,plain,(
  ( ! [X10] : (~pp(sK0,X10) | connects(sK0,sK34(sK0,X10)) | path(sK0,sK24(sK34(sK0,X10),sK0),sK25(sK34(sK0,X10),sK0))) ) | ~spl42_4),
  inference(resolution,[],[f425,f321])).
fof(f581,plain,(
  path(sK34(sK0,sK2),sK35(sK0,sK2),sK36(sK0,sK2)) | (~spl42_0 | ~spl42_4)),
  inference(resolution,[],[f426,f383])).
fof(f961,plain,(
  spl42_60 <=> path(sK34(sK0,sK2),sK35(sK0,sK2),sK36(sK0,sK2))),
  introduced(avatar_definition,[new_symbols(naming,[spl42_60])])).
fof(f962,plain,(
  path(sK34(sK0,sK2),sK35(sK0,sK2),sK36(sK0,sK2)) | ~spl42_60),
  inference(avatar_component_clause,[],[f961])).
fof(f963,plain,(
  spl42_60 | ~spl42_0 | ~spl42_4),
  inference(avatar_split_clause,[],[f581,f396,f382,f961])).
fof(f986,plain,(
  ( ! [X0,X1] : (~path(X0,sK36(sK0,sK2),X1) | connects(sK34(sK0,sK2),X0)) ) | ~spl42_60),
  inference(resolution,[],[f962,f322])).
fof(f995,plain,(
  ( ! [X8,X9] : (~path(sK34(sK0,sK2),X8,X9) | sK36(sK0,sK2) = X9) ) | ~spl42_60),
  inference(resolution,[],[f962,f364])).
fof(f1457,plain,(
  connects(sK0,sK34(sK0,sK2)) | path(sK0,sK24(sK34(sK0,sK2),sK0),sK25(sK34(sK0,sK2),sK0)) | (~spl42_0 | ~spl42_4)),
  inference(resolution,[],[f569,f383])).
fof(f1463,plain,(
  connects(sK0,sK34(sK0,sK2)) | path(sK34(sK0,sK2),sK23(sK34(sK0,sK2),sK0),sK24(sK34(sK0,sK2),sK0)) | (~spl42_0 | ~spl42_4)),
  inference(resolution,[],[f568,f383])).
fof(f2136,plain,(
  spl42_232 <=> path(sK0,sK24(sK34(sK0,sK2),sK0),sK25(sK34(sK0,sK2),sK0))),
  introduced(avatar_definition,[new_symbols(naming,[spl42_232])])).
fof(f2137,plain,(
  path(sK0,sK24(sK34(sK0,sK2),sK0),sK25(sK34(sK0,sK2),sK0)) | ~spl42_232),
  inference(avatar_component_clause,[],[f2136])).
fof(f2139,plain,(
  spl42_235 <=> ~connects(sK0,sK34(sK0,sK2))),
  introduced(avatar_definition,[new_symbols(naming,[spl42_235])])).
fof(f2140,plain,(
  ~connects(sK0,sK34(sK0,sK2)) | ~spl42_235),
  inference(avatar_component_clause,[],[f2139])).
fof(f2142,plain,(
  spl42_234 <=> connects(sK0,sK34(sK0,sK2))),
  introduced(avatar_definition,[new_symbols(naming,[spl42_234])])).
fof(f2143,plain,(
  connects(sK0,sK34(sK0,sK2)) | ~spl42_234),
  inference(avatar_component_clause,[],[f2142])).
fof(f2144,plain,(
  spl42_232 | spl42_234 | ~spl42_0 | ~spl42_4),
  inference(avatar_split_clause,[],[f1457,f396,f382,f2142,f2136])).
fof(f2146,plain,(
  sK3 = sK24(sK34(sK0,sK2),sK0) | (~spl42_4 | ~spl42_232)),
  inference(resolution,[],[f2137,f428])).
fof(f2194,plain,(
  ~pp(sK34(sK0,sK2),sK2) | ~spl42_234),
  inference(resolution,[],[f2143,f234])).
fof(f2201,plain,(
  spl42_238 <=> pp(sK34(sK0,sK2),sK2)),
  introduced(avatar_definition,[new_symbols(naming,[spl42_238])])).
fof(f2202,plain,(
  pp(sK34(sK0,sK2),sK2) | ~spl42_238),
  inference(avatar_component_clause,[],[f2201])).
fof(f2204,plain,(
  spl42_239 <=> ~pp(sK34(sK0,sK2),sK2)),
  introduced(avatar_definition,[new_symbols(naming,[spl42_239])])).
fof(f2205,plain,(
  ~pp(sK34(sK0,sK2),sK2) | ~spl42_239),
  inference(avatar_component_clause,[],[f2204])).
fof(f2206,plain,(
  ~spl42_239 | ~spl42_234),
  inference(avatar_split_clause,[],[f2194,f2142,f2204])).
fof(f2228,plain,(
  ( ! [X0,X1] : (~pp(sK0,sK2) | ~path(sK0,X0,X1)) ) | ~spl42_239),
  inference(resolution,[],[f2205,f359])).
fof(f2230,plain,(
  ( ! [X0,X1] : (~path(sK0,X0,X1)) ) | (~spl42_0 | ~spl42_239)),
  inference(subsumption_resolution,[],[f2228,f383])).
fof(f2236,plain,(
  $false | (~spl42_0 | ~spl42_4 | ~spl42_239)),
  inference(subsumption_resolution,[],[f397,f2230])).
fof(f2238,plain,(
  ~spl42_0 | ~spl42_4 | spl42_239),
  inference(avatar_contradiction_clause,[],[f2236])).
fof(f2242,plain,(
  path(sK34(sK0,sK2),sK23(sK34(sK0,sK2),sK0),sK24(sK34(sK0,sK2),sK0)) | (~spl42_0 | ~spl42_4 | ~spl42_235)),
  inference(subsumption_resolution,[],[f1463,f2140])).
fof(f2248,plain,(
  path(sK34(sK0,sK2),sK23(sK34(sK0,sK2),sK0),sK3) | (~spl42_0 | ~spl42_4 | ~spl42_232 | ~spl42_235)),
  inference(backward_demodulation,[],[f2146,f2242])).
fof(f2283,plain,(
  spl42_244 <=> path(sK34(sK0,sK2),sK23(sK34(sK0,sK2),sK0),sK3)),
  introduced(avatar_definition,[new_symbols(naming,[spl42_244])])).
fof(f2284,plain,(
  path(sK34(sK0,sK2),sK23(sK34(sK0,sK2),sK0),sK3) | ~spl42_244),
  inference(avatar_component_clause,[],[f2283])).
fof(f2285,plain,(
  spl42_244 | ~spl42_0 | ~spl42_4 | ~spl42_232 | spl42_235),
  inference(avatar_split_clause,[],[f2248,f2139,f2136,f396,f382,f2283])).
fof(f2290,plain,(
  sK3 = sK36(sK0,sK2) | (~spl42_60 | ~spl42_244)),
  inference(resolution,[],[f2284,f995])).
fof(f2311,plain,(
  ( ! [X0,X1] : (~path(X0,sK3,X1) | connects(sK34(sK0,sK2),X0)) ) | (~spl42_60 | ~spl42_244)),
  inference(backward_demodulation,[],[f2290,f986])).
fof(f2394,plain,(
  connects(sK34(sK0,sK2),sK2) | (~spl42_2 | ~spl42_60 | ~spl42_244)),
  inference(resolution,[],[f2311,f390])).
fof(f2435,plain,(
  spl42_258 <=> connects(sK34(sK0,sK2),sK2)),
  introduced(avatar_definition,[new_symbols(naming,[spl42_258])])).
fof(f2436,plain,(
  connects(sK34(sK0,sK2),sK2) | ~spl42_258),
  inference(avatar_component_clause,[],[f2435])).
fof(f2437,plain,(
  spl42_258 | ~spl42_2 | ~spl42_60 | ~spl42_244),
  inference(avatar_split_clause,[],[f2394,f2283,f961,f389,f2435])).
fof(f2465,plain,(
  ~p(sK34(sK0,sK2),sK2) | ~spl42_258),
  inference(resolution,[],[f2436,f269])).
fof(f2499,plain,(
  spl42_267 <=> ~p(sK34(sK0,sK2),sK2)),
  introduced(avatar_definition,[new_symbols(naming,[spl42_267])])).
fof(f2500,plain,(
  ~p(sK34(sK0,sK2),sK2) | ~spl42_267),
  inference(avatar_component_clause,[],[f2499])).
fof(f2501,plain,(
  ~spl42_267 | ~spl42_258),
  inference(avatar_split_clause,[],[f2465,f2435,f2499])).
fof(f2767,plain,(
  ~pp(sK34(sK0,sK2),sK2) | ~spl42_267),
  inference(resolution,[],[f2500,f329])).
fof(f2770,plain,(
  $false | (~spl42_238 | ~spl42_267)),
  inference(subsumption_resolution,[],[f2767,f2202])).
fof(f2771,plain,(
  ~spl42_238 | spl42_267),
  inference(avatar_contradiction_clause,[],[f2770])).
fof(f2772,plain,(
  $false),
  inference(avatar_sat_refutation,[],[f384,f391,f398,f963,f2144,f2206,f2238,f2285,f2437,f2501,f2771])).
% SZS output end Proof for sos560
% ------------------------------
% Version: Vampire 4.2.2 (commit c6486af3 on 2018-01-23 13:53:44 +0000)
% Termination reason: Refutation

% Memory used [KB]: 12792
% Time elapsed: 0.668 s
% ------------------------------
----  Runtime statistics ----
clauses created: 2111
clauses deleted: 20
global_subsumption_by_number_of_removed_literals:
  2: 1
ssat_ground_clauses_for_congruence: 80
ssat_new_components: 157
ssat_non_splittable_sat_clauses: 80
ssat_reused_components: 18
ssat_sat_clauses: 131
total_frozen: 389
total_unfrozen: 56
unworthy child removed: 219
-----------------------------
% ------------------------------
% Success in time 7.861 s
