% lrs-3_4:1_afp=1000:afq=1.4:amm=sco:fde=none:gs=on:lcm=reverse:lma=on:nwc=1.5:stl=30:sd=1:ss=axioms:sp=reverse_arity:urr=on:updr=off:uhcvi=on_11 on sos570
% Time limit reached!
% ------------------------------
% Version: Vampire 4.2.2 (commit c6486af3 on 2018-01-23 13:53:44 +0000)
% Termination reason: Time limit

% Memory used [KB]: 12792
% Time elapsed: 1.322 s
% ------------------------------
----  Runtime statistics ----
clauses created: 1381
clauses deleted: 385
ssat_new_components: 130
ssat_non_splittable_sat_clauses: 7
ssat_reused_components: 138
ssat_sat_clauses: 127
total_frozen: 141
total_unfrozen: 40
unworthy child removed: 114
-----------------------------
% ------------------------------
% WARNING: value z3 for option sas not known
% ott+1002_8:1_add=off:afr=on:afp=100000:afq=1.1:amm=off:anc=none:bd=off:bs=unit_only:fsr=off:gs=on:gsem=off:nm=32:nwc=10:sas=z3:sp=occurrence:urr=on:updr=off_17 on sos570
% Time limit reached!
% ------------------------------
% Version: Vampire 4.2.2 (commit c6486af3 on 2018-01-23 13:53:44 +0000)
% Termination reason: Time limit
% Termination phase: Saturation

% Memory used [KB]: 14456
% Time elapsed: 1.900 s
% ------------------------------
----  Runtime statistics ----
clauses created: 5324
clauses deleted: 969
fast_clauses_not_restored: 30
global_subsumption_by_number_of_removed_literals:
  1: 13
  2: 7
ssat_new_components: 85
ssat_reused_components: 67
ssat_sat_clauses: 90
total_frozen: 1357
total_unfrozen: 216
unworthy child removed: 764
-----------------------------
% lrs+1011_7_add=large:afr=on:afp=40000:afq=1.4:amm=off:anc=none:cond=on:er=known:fsr=off:lma=on:nm=4:nwc=2.5:stl=30:sp=reverse_arity:updr=off_2 on sos570
% Time limit reached!
% ------------------------------
% Version: Vampire 4.2.2 (commit c6486af3 on 2018-01-23 13:53:44 +0000)
% Termination reason: Time limit
% Termination phase: Saturation

% Memory used [KB]: 7291
% Time elapsed: 0.500 s
% ------------------------------
----  Runtime statistics ----
clauses created: 3315
clauses deleted: 235
fast_clauses_not_restored: 24
fast_clauses_restored: 11
naming_introduced_defs: 4
ssat_new_components: 290
ssat_reused_components: 127
ssat_sat_clauses: 248
total_frozen: 550
total_unfrozen: 126
unworthy child removed: 511
-----------------------------
% ------------------------------
% WARNING: value z3 for option sas not known
% ott+11_16_av=off:gs=on:gsem=on:irw=on:lma=on:nm=64:newcnf=on:nwc=1.3:sas=z3:sp=reverse_arity_16 on sos570
% Time limit reached!
% ------------------------------
% Version: Vampire 4.2.2 (commit c6486af3 on 2018-01-23 13:53:44 +0000)
% Termination reason: Time limit
% Termination phase: Saturation

% Memory used [KB]: 11769
% Time elapsed: 1.800 s
% ------------------------------
----  Runtime statistics ----
clauses created: 11077
clauses deleted: 6853
global_subsumption_by_number_of_removed_literals:
  1: 24
-----------------------------
% dis+10_4_av=off:bsr=on:cond=fast:er=filter:fde=none:gsp=input_only:lcm=reverse:lma=on:nwc=4:sp=occurrence:urr=on_8 on sos570
% Time limit reached!
% ------------------------------
% Version: Vampire 4.2.2 (commit c6486af3 on 2018-01-23 13:53:44 +0000)
% Termination reason: Time limit
% Termination phase: Saturation

% Memory used [KB]: 3709
% Time elapsed: 1.100 s
% ------------------------------
----  Runtime statistics ----
clauses created: 9611
clauses deleted: 4456
-----------------------------
% ------------------------------
% WARNING: value z3 for option sas not known
% dis+1011_5_add=off:afr=on:afp=10000:afq=1.1:amm=off:anc=none:cond=on:fsr=off:nm=32:nwc=1:sas=z3:sd=3:ss=axioms:st=2.0:sp=occurrence:updr=off_2 on sos570
% Time limit reached!
% ------------------------------
% Version: Vampire 4.2.2 (commit c6486af3 on 2018-01-23 13:53:44 +0000)
% Termination reason: Time limit
% Termination phase: Saturation

% Memory used [KB]: 6780
% Time elapsed: 0.500 s
% ------------------------------
----  Runtime statistics ----
clauses created: 2616
clauses deleted: 102
fast_clauses_not_restored: 28
ssat_new_components: 216
ssat_reused_components: 367
ssat_sat_clauses: 275
total_frozen: 457
total_unfrozen: 211
unworthy child removed: 112
-----------------------------
% lrs+1011_5:4_acc=on:add=large:afr=on:afp=10000:afq=2.0:amm=sco:anc=none:bsr=on:ccuc=first:cond=on:fde=unused:gs=on:gsaa=from_current:gsem=off:irw=on:nm=2:newcnf=on:nwc=1.2:stl=30:sos=on:sac=on:sp=reverse_arity:updr=off_38 on sos570
% Refutation found. Thanks to Tanya!
% SZS status Theorem for sos570
% SZS output start Proof for sos570
fof(f22,axiom,(
  ! [X49] : ! [X50] : (pp(X49,X50) <=> (X49 != X50 & p(X49,X50)))),
  file('sos570.tptp',sos220)).
fof(f49,axiom,(
  ! [X115] : ! [X116] : ! [X117] : ! [X118] : ! [X119] : ((path(X115,X118,X119) & path(X115,X116,X117)) => (X117 = X119 & X116 = X118))),
  file('sos570.tptp',sos500)).
fof(f52,axiom,(
  ! [X134] : ! [X135] : (connects(X134,X135) <=> ? [X136] : ? [X137] : ? [X138] : (path(X135,X137,X138) & path(X134,X136,X137)))),
  file('sos570.tptp',sos530)).
fof(f55,conjecture,(
  ! [X149] : ! [X150] : ! [X151] : ! [X152] : ! [X153] : ((pp(X149,X151) & path(X149,X150,X153) & path(X151,X152,X153)) => ? [X154] : (pp(X154,X151) & connects(X154,X149)))),
  file('sos570.tptp',sos570)).
fof(f56,negated_conjecture,(
  ~! [X149] : ! [X150] : ! [X151] : ! [X152] : ! [X153] : ((pp(X149,X151) & path(X149,X150,X153) & path(X151,X152,X153)) => ? [X154] : (pp(X154,X151) & connects(X154,X149)))),
  inference(negated_conjecture,[],[f55])).
fof(f58,axiom,(
  ! [X163] : ! [X164] : (connects(X163,X164) => (~p(X164,X163) & ~p(X163,X164)))),
  file('sos570.tptp',sos595)).
fof(f60,axiom,(
  ! [X175] : ! [X176] : ! [X177] : ! [X178] : ((pp(X175,X178) & path(X175,X176,X177)) => ? [X179] : ? [X180] : ? [X181] : ((connects(X179,X175) | connects(X175,X179)) & pp(X179,X178) & path(X179,X180,X181)))),
  file('sos570.tptp',sos620)).
fof(f63,plain,(
  ~! [X0] : ! [X1] : ! [X2] : ! [X3] : ! [X4] : ((pp(X0,X2) & path(X0,X1,X4) & path(X2,X3,X4)) => ? [X5] : (pp(X5,X2) & connects(X5,X0)))),
  inference(rectify,[],[f56])).
fof(f64,plain,(
  ~! [X0,X1,X2,X3,X4] : ((pp(X0,X2) & path(X0,X1,X4) & path(X2,X3,X4)) => ? [X5] : (pp(X5,X2) & connects(X5,X0)))),
  inference(flattening,[],[f63])).
fof(f85,plain,(
  ! [X0] : ! [X1] : (connects(X0,X1) => (~p(X1,X0) & ~p(X0,X1)))),
  inference(rectify,[],[f58])).
fof(f86,plain,(
  ! [X0,X1] : (connects(X0,X1) => (~p(X1,X0) & ~p(X0,X1)))),
  inference(flattening,[],[f85])).
fof(f119,plain,(
  ! [X0] : ! [X1] : (connects(X0,X1) <=> ? [X2] : ? [X3] : ? [X4] : (path(X1,X3,X4) & path(X0,X2,X3)))),
  inference(rectify,[],[f52])).
fof(f120,plain,(
  ! [X0,X1] : (connects(X0,X1) <=> ? [X2,X3,X4] : (path(X1,X3,X4) & path(X0,X2,X3)))),
  inference(flattening,[],[f119])).
fof(f125,plain,(
  ! [X0] : ! [X1] : (pp(X0,X1) <=> (X0 != X1 & p(X0,X1)))),
  inference(rectify,[],[f22])).
fof(f126,plain,(
  ! [X0,X1] : (pp(X0,X1) <=> (X0 != X1 & p(X0,X1)))),
  inference(flattening,[],[f125])).
fof(f153,plain,(
  ! [X0] : ! [X1] : ! [X2] : ! [X3] : ((pp(X0,X3) & path(X0,X1,X2)) => ? [X4] : ? [X5] : ? [X6] : ((connects(X4,X0) | connects(X0,X4)) & pp(X4,X3) & path(X4,X5,X6)))),
  inference(rectify,[],[f60])).
fof(f154,plain,(
  ! [X0,X1,X2,X3] : ((pp(X0,X3) & path(X0,X1,X2)) => ? [X4,X5,X6] : ((connects(X4,X0) | connects(X0,X4)) & pp(X4,X3) & path(X4,X5,X6)))),
  inference(flattening,[],[f153])).
fof(f157,plain,(
  ! [X0] : ! [X1] : ! [X2] : ! [X3] : ! [X4] : ((path(X0,X3,X4) & path(X0,X1,X2)) => (X2 = X4 & X1 = X3))),
  inference(rectify,[],[f49])).
fof(f158,plain,(
  ! [X0,X1,X2,X3,X4] : ((path(X0,X3,X4) & path(X0,X1,X2)) => (X2 = X4 & X1 = X3))),
  inference(flattening,[],[f157])).
fof(f171,plain,(
  ? [X0,X1,X2,X3,X4] : (! [X5] : (~pp(X5,X2) | ~connects(X5,X0)) & (pp(X0,X2) & path(X0,X1,X4) & path(X2,X3,X4)))),
  inference(ennf_transformation,[],[f64])).
fof(f172,plain,(
  ? [X0,X1,X2,X3,X4] : (! [X5] : (~pp(X5,X2) | ~connects(X5,X0)) & pp(X0,X2) & path(X0,X1,X4) & path(X2,X3,X4))),
  inference(flattening,[],[f171])).
fof(f183,plain,(
  ! [X0,X1] : ((~p(X1,X0) & ~p(X0,X1)) | ~connects(X0,X1))),
  inference(ennf_transformation,[],[f86])).
fof(f217,plain,(
  ! [X0,X1,X2,X3] : (? [X4,X5,X6] : ((connects(X4,X0) | connects(X0,X4)) & pp(X4,X3) & path(X4,X5,X6)) | (~pp(X0,X3) | ~path(X0,X1,X2)))),
  inference(ennf_transformation,[],[f154])).
fof(f218,plain,(
  ! [X0,X1,X2,X3] : (? [X4,X5,X6] : ((connects(X4,X0) | connects(X0,X4)) & pp(X4,X3) & path(X4,X5,X6)) | ~pp(X0,X3) | ~path(X0,X1,X2))),
  inference(flattening,[],[f217])).
fof(f221,plain,(
  ! [X0,X1,X2,X3,X4] : ((X2 = X4 & X1 = X3) | (~path(X0,X3,X4) | ~path(X0,X1,X2)))),
  inference(ennf_transformation,[],[f158])).
fof(f222,plain,(
  ! [X0,X1,X2,X3,X4] : ((X2 = X4 & X1 = X3) | ~path(X0,X3,X4) | ~path(X0,X1,X2))),
  inference(flattening,[],[f221])).
fof(f234,plain,(
  ( ! [X5] : (~connects(X5,sK0) | ~pp(X5,sK2)) )),
  inference(cnf_transformation,[],[f172])).
fof(f235,plain,(
  path(sK2,sK3,sK4)),
  inference(cnf_transformation,[],[f172])).
fof(f236,plain,(
  path(sK0,sK1,sK4)),
  inference(cnf_transformation,[],[f172])).
fof(f237,plain,(
  pp(sK0,sK2)),
  inference(cnf_transformation,[],[f172])).
fof(f270,plain,(
  ( ! [X0,X1] : (~connects(X0,X1) | ~p(X1,X0)) )),
  inference(cnf_transformation,[],[f183])).
fof(f320,plain,(
  ( ! [X0,X1] : (~connects(X0,X1) | path(X0,sK23(X0,X1),sK24(X0,X1))) )),
  inference(cnf_transformation,[],[f120])).
fof(f321,plain,(
  ( ! [X0,X1] : (~connects(X0,X1) | path(X1,sK24(X0,X1),sK25(X0,X1))) )),
  inference(cnf_transformation,[],[f120])).
fof(f322,plain,(
  ( ! [X4,X2,X0,X3,X1] : (~path(X0,X2,X3) | ~path(X1,X3,X4) | connects(X0,X1)) )),
  inference(cnf_transformation,[],[f120])).
fof(f329,plain,(
  ( ! [X0,X1] : (p(X0,X1) | ~pp(X0,X1)) )),
  inference(cnf_transformation,[],[f126])).
fof(f357,plain,(
  ( ! [X2,X0,X3,X1] : (~path(X0,X1,X2) | ~pp(X0,X3) | connects(X0,sK34(X0,X3)) | connects(sK34(X0,X3),X0)) )),
  inference(cnf_transformation,[],[f218])).
fof(f359,plain,(
  ( ! [X2,X0,X3,X1] : (pp(sK34(X0,X3),X3) | ~pp(X0,X3) | ~path(X0,X1,X2)) )),
  inference(cnf_transformation,[],[f218])).
fof(f364,plain,(
  ( ! [X4,X2,X0,X3,X1] : (~path(X0,X1,X2) | ~path(X0,X3,X4) | X2 = X4) )),
  inference(cnf_transformation,[],[f222])).
fof(f382,plain,(
  spl42_0 <=> pp(sK0,sK2)),
  introduced(avatar_definition,[new_symbols(naming,[spl42_0])])).
fof(f383,plain,(
  pp(sK0,sK2) | ~spl42_0),
  inference(avatar_component_clause,[],[f382])).
fof(f384,plain,(
  spl42_0),
  inference(avatar_split_clause,[],[f237,f382])).
fof(f389,plain,(
  spl42_2 <=> path(sK2,sK3,sK4)),
  introduced(avatar_definition,[new_symbols(naming,[spl42_2])])).
fof(f390,plain,(
  path(sK2,sK3,sK4) | ~spl42_2),
  inference(avatar_component_clause,[],[f389])).
fof(f391,plain,(
  spl42_2),
  inference(avatar_split_clause,[],[f235,f389])).
fof(f396,plain,(
  spl42_4 <=> path(sK0,sK1,sK4)),
  introduced(avatar_definition,[new_symbols(naming,[spl42_4])])).
fof(f397,plain,(
  path(sK0,sK1,sK4) | ~spl42_4),
  inference(avatar_component_clause,[],[f396])).
fof(f398,plain,(
  spl42_4),
  inference(avatar_split_clause,[],[f236,f396])).
fof(f399,plain,(
  ( ! [X0,X1] : (~path(X0,sK4,X1) | connects(sK2,X0)) ) | ~spl42_2),
  inference(resolution,[],[f390,f322])).
fof(f425,plain,(
  ( ! [X2] : (connects(sK0,sK34(sK0,X2)) | ~pp(sK0,X2) | connects(sK34(sK0,X2),sK0)) ) | ~spl42_4),
  inference(resolution,[],[f397,f357])).
fof(f429,plain,(
  ( ! [X8,X9] : (~path(sK0,X8,X9) | sK4 = X9) ) | ~spl42_4),
  inference(resolution,[],[f397,f364])).
fof(f568,plain,(
  ( ! [X9] : (~pp(sK0,X9) | connects(sK34(sK0,X9),sK0) | path(sK0,sK23(sK0,sK34(sK0,X9)),sK24(sK0,sK34(sK0,X9)))) ) | ~spl42_4),
  inference(resolution,[],[f425,f320])).
fof(f569,plain,(
  ( ! [X10] : (~pp(sK0,X10) | connects(sK34(sK0,X10),sK0) | path(sK34(sK0,X10),sK24(sK0,sK34(sK0,X10)),sK25(sK0,sK34(sK0,X10)))) ) | ~spl42_4),
  inference(resolution,[],[f425,f321])).
fof(f1378,plain,(
  connects(sK34(sK0,sK2),sK0) | path(sK0,sK23(sK0,sK34(sK0,sK2)),sK24(sK0,sK34(sK0,sK2))) | (~spl42_0 | ~spl42_4)),
  inference(resolution,[],[f568,f383])).
fof(f1383,plain,(
  connects(sK34(sK0,sK2),sK0) | path(sK34(sK0,sK2),sK24(sK0,sK34(sK0,sK2)),sK25(sK0,sK34(sK0,sK2))) | (~spl42_0 | ~spl42_4)),
  inference(resolution,[],[f569,f383])).
fof(f3369,plain,(
  spl42_296 <=> path(sK0,sK23(sK0,sK34(sK0,sK2)),sK24(sK0,sK34(sK0,sK2)))),
  introduced(avatar_definition,[new_symbols(naming,[spl42_296])])).
fof(f3370,plain,(
  path(sK0,sK23(sK0,sK34(sK0,sK2)),sK24(sK0,sK34(sK0,sK2))) | ~spl42_296),
  inference(avatar_component_clause,[],[f3369])).
fof(f3375,plain,(
  spl42_298 <=> connects(sK34(sK0,sK2),sK0)),
  introduced(avatar_definition,[new_symbols(naming,[spl42_298])])).
fof(f3376,plain,(
  connects(sK34(sK0,sK2),sK0) | ~spl42_298),
  inference(avatar_component_clause,[],[f3375])).
fof(f3377,plain,(
  spl42_296 | spl42_298 | ~spl42_0 | ~spl42_4),
  inference(avatar_split_clause,[],[f1378,f396,f382,f3375,f3369])).
fof(f3378,plain,(
  sK4 = sK24(sK0,sK34(sK0,sK2)) | (~spl42_4 | ~spl42_296)),
  inference(resolution,[],[f3370,f429])).
fof(f3399,plain,(
  path(sK34(sK0,sK2),sK4,sK25(sK0,sK34(sK0,sK2))) | connects(sK34(sK0,sK2),sK0) | (~spl42_0 | ~spl42_4 | ~spl42_296)),
  inference(backward_demodulation,[],[f3378,f1383])).
fof(f3424,plain,(
  spl42_300 <=> path(sK34(sK0,sK2),sK4,sK25(sK0,sK34(sK0,sK2)))),
  introduced(avatar_definition,[new_symbols(naming,[spl42_300])])).
fof(f3425,plain,(
  path(sK34(sK0,sK2),sK4,sK25(sK0,sK34(sK0,sK2))) | ~spl42_300),
  inference(avatar_component_clause,[],[f3424])).
fof(f3426,plain,(
  spl42_298 | spl42_300 | ~spl42_0 | ~spl42_4 | ~spl42_296),
  inference(avatar_split_clause,[],[f3399,f3369,f396,f382,f3424,f3375])).
fof(f3437,plain,(
  connects(sK2,sK34(sK0,sK2)) | (~spl42_2 | ~spl42_300)),
  inference(resolution,[],[f3425,f399])).
fof(f3520,plain,(
  spl42_308 <=> connects(sK2,sK34(sK0,sK2))),
  introduced(avatar_definition,[new_symbols(naming,[spl42_308])])).
fof(f3521,plain,(
  connects(sK2,sK34(sK0,sK2)) | ~spl42_308),
  inference(avatar_component_clause,[],[f3520])).
fof(f3522,plain,(
  spl42_308 | ~spl42_2 | ~spl42_300),
  inference(avatar_split_clause,[],[f3437,f3424,f389,f3520])).
fof(f3563,plain,(
  ~p(sK34(sK0,sK2),sK2) | ~spl42_308),
  inference(resolution,[],[f3521,f270])).
fof(f3601,plain,(
  spl42_315 <=> ~p(sK34(sK0,sK2),sK2)),
  introduced(avatar_definition,[new_symbols(naming,[spl42_315])])).
fof(f3602,plain,(
  ~p(sK34(sK0,sK2),sK2) | ~spl42_315),
  inference(avatar_component_clause,[],[f3601])).
fof(f3603,plain,(
  ~spl42_315 | ~spl42_308),
  inference(avatar_split_clause,[],[f3563,f3520,f3601])).
fof(f3657,plain,(
  ~pp(sK34(sK0,sK2),sK2) | ~spl42_315),
  inference(resolution,[],[f3602,f329])).
fof(f4197,plain,(
  spl42_396 <=> pp(sK34(sK0,sK2),sK2)),
  introduced(avatar_definition,[new_symbols(naming,[spl42_396])])).
fof(f4198,plain,(
  pp(sK34(sK0,sK2),sK2) | ~spl42_396),
  inference(avatar_component_clause,[],[f4197])).
fof(f4200,plain,(
  spl42_397 <=> ~pp(sK34(sK0,sK2),sK2)),
  introduced(avatar_definition,[new_symbols(naming,[spl42_397])])).
fof(f4201,plain,(
  ~pp(sK34(sK0,sK2),sK2) | ~spl42_397),
  inference(avatar_component_clause,[],[f4200])).
fof(f4202,plain,(
  ~spl42_397 | spl42_315),
  inference(avatar_split_clause,[],[f3657,f3601,f4200])).
fof(f4324,plain,(
  ( ! [X0,X1] : (~pp(sK0,sK2) | ~path(sK0,X0,X1)) ) | ~spl42_397),
  inference(resolution,[],[f4201,f359])).
fof(f4326,plain,(
  ( ! [X0,X1] : (~path(sK0,X0,X1)) ) | (~spl42_0 | ~spl42_397)),
  inference(subsumption_resolution,[],[f4324,f383])).
fof(f4331,plain,(
  $false | (~spl42_0 | ~spl42_4 | ~spl42_397)),
  inference(subsumption_resolution,[],[f397,f4326])).
fof(f4332,plain,(
  ~spl42_0 | ~spl42_4 | spl42_397),
  inference(avatar_contradiction_clause,[],[f4331])).
fof(f4423,plain,(
  ~pp(sK34(sK0,sK2),sK2) | ~spl42_298),
  inference(resolution,[],[f3376,f234])).
fof(f4429,plain,(
  $false | (~spl42_298 | ~spl42_396)),
  inference(subsumption_resolution,[],[f4423,f4198])).
fof(f4430,plain,(
  ~spl42_298 | ~spl42_396),
  inference(avatar_contradiction_clause,[],[f4429])).
fof(f4431,plain,(
  $false),
  inference(avatar_sat_refutation,[],[f384,f391,f398,f3377,f3426,f3522,f3603,f4202,f4332,f4430])).
% SZS output end Proof for sos570
% ------------------------------
% Version: Vampire 4.2.2 (commit c6486af3 on 2018-01-23 13:53:44 +0000)
% Termination reason: Refutation

% Memory used [KB]: 14072
% Time elapsed: 1.036 s
% ------------------------------
----  Runtime statistics ----
clauses created: 3580
clauses deleted: 67
global_subsumption_by_number_of_removed_literals:
  2: 1
ssat_dp_conflict: 1
ssat_dp_conflict_clauses: 1
ssat_ground_clauses_for_congruence: 131
ssat_new_components: 217
ssat_non_splittable_sat_clauses: 131
ssat_reused_components: 32
ssat_sat_clauses: 199
total_frozen: 955
total_unfrozen: 314
unworthy child removed: 1158
-----------------------------
% ------------------------------
% Success in time 8.265 s
