Paradox, version 3.0, 2008-07-29.
+++ PROBLEM: C:\Users\torsten\GitHub\colore\ontologies\multidim_space_codi\conversions\codi_down_nontrivial.all.tptp
Reading 'C:\Users\torsten\GitHub\colore\ontologies\multidim_space_codi\conversions\codi_down_nontrivial.all.tptp' ... OK
+++ SOLVING: C:\Users\torsten\GitHub\colore\ontologies\multidim_space_codi\conversions\codi_down_nontrivial.all.tptp
domain size 1
domain size 2
domain size 3
domain size 4
domain size 5
+++ BEGIN MODEL
SZS output start FiniteModel for C:\Users\torsten\GitHub\colore\ontologies\multidim_space_codi\conversions\codi_down_nontrivial.all.tptp
% domain size is 5
fof(domain, fi_domain,
  (![X] : (X = "1" | X = "2" | X = "3" | X = "4" | X = "5"))
).

fof(c, fi_predicates,
  ( c("1","1") <=> $true
  & c("1","2") <=> $false
  & c("1","3") <=> $false
  & c("1","4") <=> $false
  & c("1","5") <=> $true
  & c("2","1") <=> $false
  & c("2","2") <=> $true
  & c("2","3") <=> $false
  & c("2","4") <=> $false
  & c("2","5") <=> $true
  & c("3","1") <=> $false
  & c("3","2") <=> $false
  & c("3","3") <=> $false
  & c("3","4") <=> $false
  & c("3","5") <=> $false
  & c("4","1") <=> $false
  & c("4","2") <=> $false
  & c("4","3") <=> $false
  & c("4","4") <=> $false
  & c("4","5") <=> $false
  & c("5","1") <=> $true
  & c("5","2") <=> $true
  & c("5","3") <=> $false
  & c("5","4") <=> $false
  & c("5","5") <=> $true
  )
).

fof(cont, fi_predicates,
  ( cont("1","1") <=> $true
  & cont("1","2") <=> $false
  & cont("1","3") <=> $false
  & cont("1","4") <=> $false
  & cont("1","5") <=> $true
  & cont("2","1") <=> $false
  & cont("2","2") <=> $true
  & cont("2","3") <=> $false
  & cont("2","4") <=> $false
  & cont("2","5") <=> $true
  & cont("3","1") <=> $false
  & cont("3","2") <=> $false
  & cont("3","3") <=> $false
  & cont("3","4") <=> $false
  & cont("3","5") <=> $false
  & cont("4","1") <=> $false
  & cont("4","2") <=> $false
  & cont("4","3") <=> $false
  & cont("4","4") <=> $false
  & cont("4","5") <=> $false
  & cont("5","1") <=> $false
  & cont("5","2") <=> $false
  & cont("5","3") <=> $false
  & cont("5","4") <=> $false
  & cont("5","5") <=> $true
  )
).

fof(difference, fi_functors,
  ( difference("1","1") = "4"
  & difference("1","2") = "1"
  & difference("1","3") = "5"
  & difference("1","4") = "1"
  & difference("1","5") = "4"
  & difference("2","1") = "2"
  & difference("2","2") = "4"
  & difference("2","3") = "5"
  & difference("2","4") = "2"
  & difference("2","5") = "4"
  & difference("3","1") = "5"
  & difference("3","2") = "5"
  & difference("3","3") = "2"
  & difference("3","4") = "5"
  & difference("3","5") = "1"
  & difference("4","1") = "4"
  & difference("4","2") = "4"
  & difference("4","3") = "4"
  & difference("4","4") = "4"
  & difference("4","5") = "4"
  & difference("5","1") = "2"
  & difference("5","2") = "1"
  & difference("5","3") = "2"
  & difference("5","4") = "5"
  & difference("5","5") = "4"
  )
).

fof(eqdim, fi_predicates,
  ( eqdim("1","1") <=> $true
  & eqdim("1","2") <=> $true
  & eqdim("1","3") <=> $false
  & eqdim("1","4") <=> $false
  & eqdim("1","5") <=> $true
  & eqdim("2","1") <=> $true
  & eqdim("2","2") <=> $true
  & eqdim("2","3") <=> $false
  & eqdim("2","4") <=> $false
  & eqdim("2","5") <=> $true
  & eqdim("3","1") <=> $false
  & eqdim("3","2") <=> $false
  & eqdim("3","3") <=> $false
  & eqdim("3","4") <=> $false
  & eqdim("3","5") <=> $false
  & eqdim("4","1") <=> $false
  & eqdim("4","2") <=> $false
  & eqdim("4","3") <=> $false
  & eqdim("4","4") <=> $true
  & eqdim("4","5") <=> $false
  & eqdim("5","1") <=> $true
  & eqdim("5","2") <=> $true
  & eqdim("5","3") <=> $false
  & eqdim("5","4") <=> $false
  & eqdim("5","5") <=> $true
  )
).

fof(geq, fi_predicates,
  ( geq("1","1") <=> $true
  & geq("1","2") <=> $true
  & geq("1","3") <=> $false
  & geq("1","4") <=> $true
  & geq("1","5") <=> $true
  & geq("2","1") <=> $true
  & geq("2","2") <=> $true
  & geq("2","3") <=> $false
  & geq("2","4") <=> $true
  & geq("2","5") <=> $true
  & geq("3","1") <=> $false
  & geq("3","2") <=> $false
  & geq("3","3") <=> $false
  & geq("3","4") <=> $false
  & geq("3","5") <=> $false
  & geq("4","1") <=> $false
  & geq("4","2") <=> $false
  & geq("4","3") <=> $false
  & geq("4","4") <=> $true
  & geq("4","5") <=> $false
  & geq("5","1") <=> $true
  & geq("5","2") <=> $true
  & geq("5","3") <=> $false
  & geq("5","4") <=> $true
  & geq("5","5") <=> $true
  )
).

fof(gt, fi_predicates,
  ( gt("1","1") <=> $false
  & gt("1","2") <=> $false
  & gt("1","3") <=> $false
  & gt("1","4") <=> $true
  & gt("1","5") <=> $false
  & gt("2","1") <=> $false
  & gt("2","2") <=> $false
  & gt("2","3") <=> $false
  & gt("2","4") <=> $true
  & gt("2","5") <=> $false
  & gt("3","1") <=> $false
  & gt("3","2") <=> $false
  & gt("3","3") <=> $false
  & gt("3","4") <=> $false
  & gt("3","5") <=> $false
  & gt("4","1") <=> $false
  & gt("4","2") <=> $false
  & gt("4","3") <=> $false
  & gt("4","4") <=> $false
  & gt("4","5") <=> $false
  & gt("5","1") <=> $false
  & gt("5","2") <=> $false
  & gt("5","3") <=> $false
  & gt("5","4") <=> $true
  & gt("5","5") <=> $false
  )
).

fof(intersection, fi_functors,
  ( intersection("1","1") = "1"
  & intersection("1","2") = "4"
  & intersection("1","3") = "3"
  & intersection("1","4") = "4"
  & intersection("1","5") = "1"
  & intersection("2","1") = "4"
  & intersection("2","2") = "2"
  & intersection("2","3") = "3"
  & intersection("2","4") = "4"
  & intersection("2","5") = "2"
  & intersection("3","1") = "3"
  & intersection("3","2") = "3"
  & intersection("3","3") = "3"
  & intersection("3","4") = "3"
  & intersection("3","5") = "3"
  & intersection("4","1") = "4"
  & intersection("4","2") = "4"
  & intersection("4","3") = "3"
  & intersection("4","4") = "4"
  & intersection("4","5") = "4"
  & intersection("5","1") = "1"
  & intersection("5","2") = "2"
  & intersection("5","3") = "3"
  & intersection("5","4") = "4"
  & intersection("5","5") = "5"
  )
).

fof(leq, fi_predicates,
  ( leq("1","1") <=> $true
  & leq("1","2") <=> $true
  & leq("1","3") <=> $false
  & leq("1","4") <=> $false
  & leq("1","5") <=> $true
  & leq("2","1") <=> $true
  & leq("2","2") <=> $true
  & leq("2","3") <=> $false
  & leq("2","4") <=> $false
  & leq("2","5") <=> $true
  & leq("3","1") <=> $false
  & leq("3","2") <=> $false
  & leq("3","3") <=> $false
  & leq("3","4") <=> $false
  & leq("3","5") <=> $false
  & leq("4","1") <=> $true
  & leq("4","2") <=> $true
  & leq("4","3") <=> $false
  & leq("4","4") <=> $true
  & leq("4","5") <=> $true
  & leq("5","1") <=> $true
  & leq("5","2") <=> $true
  & leq("5","3") <=> $false
  & leq("5","4") <=> $false
  & leq("5","5") <=> $true
  )
).

fof(lt, fi_predicates,
  ( lt("1","1") <=> $false
  & lt("1","2") <=> $false
  & lt("1","3") <=> $false
  & lt("1","4") <=> $false
  & lt("1","5") <=> $false
  & lt("2","1") <=> $false
  & lt("2","2") <=> $false
  & lt("2","3") <=> $false
  & lt("2","4") <=> $false
  & lt("2","5") <=> $false
  & lt("3","1") <=> $false
  & lt("3","2") <=> $false
  & lt("3","3") <=> $false
  & lt("3","4") <=> $false
  & lt("3","5") <=> $false
  & lt("4","1") <=> $true
  & lt("4","2") <=> $true
  & lt("4","3") <=> $false
  & lt("4","4") <=> $false
  & lt("4","5") <=> $true
  & lt("5","1") <=> $false
  & lt("5","2") <=> $false
  & lt("5","3") <=> $false
  & lt("5","4") <=> $false
  & lt("5","5") <=> $false
  )
).

fof(maxdim, fi_predicates,
  ( maxdim("1") <=> $true
  & maxdim("2") <=> $true
  & maxdim("3") <=> $false
  & maxdim("4") <=> $false
  & maxdim("5") <=> $true
  )
).

fof(mindim, fi_predicates,
  ( mindim("1") <=> $true
  & mindim("2") <=> $true
  & mindim("3") <=> $false
  & mindim("4") <=> $false
  & mindim("5") <=> $true
  )
).

fof(p, fi_predicates,
  ( p("1","1") <=> $true
  & p("1","2") <=> $false
  & p("1","3") <=> $false
  & p("1","4") <=> $false
  & p("1","5") <=> $true
  & p("2","1") <=> $false
  & p("2","2") <=> $true
  & p("2","3") <=> $false
  & p("2","4") <=> $false
  & p("2","5") <=> $true
  & p("3","1") <=> $false
  & p("3","2") <=> $false
  & p("3","3") <=> $false
  & p("3","4") <=> $false
  & p("3","5") <=> $false
  & p("4","1") <=> $false
  & p("4","2") <=> $false
  & p("4","3") <=> $false
  & p("4","4") <=> $false
  & p("4","5") <=> $false
  & p("5","1") <=> $false
  & p("5","2") <=> $false
  & p("5","3") <=> $false
  & p("5","4") <=> $false
  & p("5","5") <=> $true
  )
).

fof(s, fi_predicates,
  ( s("1") <=> $true
  & s("2") <=> $true
  & s("3") <=> $false
  & s("4") <=> $true
  & s("5") <=> $true
  )
).

fof(zex, fi_predicates,
  ( zex("1") <=> $false
  & zex("2") <=> $false
  & zex("3") <=> $false
  & zex("4") <=> $true
  & zex("5") <=> $false
  )
).
SZS output end FiniteModel for C:\Users\torsten\GitHub\colore\ontologies\multidim_space_codi\conversions\codi_down_nontrivial.all.tptp
+++ END MODEL
+++ RESULT: Satisfiable
SZS status Satisfiable for C:\Users\torsten\GitHub\colore\ontologies\multidim_space_codi\conversions\codi_down_nontrivial.all.tptp

========================== MACLEOD SUMMARY ===========================
reasoner: C:/Users/torsten/macleod/paradox3
status: MODEL
execution finished: Thu Feb 25 08:20:53 2021
total CPU time used: 0
The command was "C:/Users/torsten/macleod/paradox3 --time 6000 --verbose 2 --model --tstp C:\Users\torsten\GitHub\colore\ontologies\multidim_space_codi\conversions\codi_down_nontrivial.all.tptp"
============================ end of footer ===========================
