Hi Geoff, go and have some cold beer while I am trying to solve this very hard problem!
% remaining time: 59999 next slice time: 3
dis-4_5_bd=off:bs=off:ep=RST:fde=none:lcm=predicate:n=on:nicw=on:nwc=2:ptb=off:sio=off:spl=backtracking:ss=included:ssec=off:st=5:updr=off_3 on C:\Users\torsten\GitHub\colore\ontologies\multidim_space_codi\conversions\codi_nontrivial.all
Time limit reached!
------------------------------
Version: Vampire 0.6 (revision 903)
Termination reason: Time limit

Active clauses: 2084
Passive clauses: 6178
Generated clauses: 13475
Final active clauses: 1664
Final passive clauses: 2646
Input formulas: 55
Initial clauses: 125

Selected by SInE selection: 55
SInE iterations: 1

Duplicate literals: 79
Fw subsumption resolutions: 720

Simple tautologies: 56
Forward subsumptions: 6160

Binary resolution: 10777
Factoring: 63

Backtracking splits: 767
Backtracking splits refuted: 295
Backtracking splits refuted at zero level: 26

Memory used: 2302KB
Time elapsed: 0.403 s
------------------------------
% remaining time: 59995 next slice time: 13
dis-1010_2_bs=off:ep=on:n=on:nwc=1.5:sgo=on:sp=occurrence:ss=included:sswn=on:sswsr=on:st=1.5_13 on C:\Users\torsten\GitHub\colore\ontologies\multidim_space_codi\conversions\codi_nontrivial.all
Time limit reached!
------------------------------
Version: Vampire 0.6 (revision 903)
Termination reason: Time limit

Active clauses: 2523
Passive clauses: 8523
Generated clauses: 23291
Final active clauses: 2523
Final passive clauses: 5498
Input formulas: 55
Initial clauses: 124

Selected by SInE selection: 55
SInE iterations: 1

Duplicate literals: 1791
Fw subsumption resolutions: 1056

Simple tautologies: 222
Equational tautologies: 40
Forward subsumptions: 12363

Binary resolution: 12756
Factoring: 215
Forward superposition: 6434
Backward superposition: 1120

Memory used: 3070KB
Time elapsed: 1.406 s
------------------------------
% remaining time: 59980 next slice time: 32
lrs+11_14_bd=off:bs=off:bsr=on:cond=on:drc=off:fde=none:fsr=off:gsp=input_only:lcm=reverse:n=on:nwc=10:ptb=off:sfv=off:sgo=on:sio=off:sos=on:sp=reverse_arity:spl=backtracking:ssec=off:stl=81_32 on C:\Users\torsten\GitHub\colore\ontologies\multidim_space_codi\conversions\codi_nontrivial.all
Refutation not found with incomplete strategy!
------------------------------
Version: Vampire 0.6 (revision 903)
Termination reason: Refutation not found, incomplete strategy

Active clauses: 122
Final active clauses: 122
Input formulas: 55
Initial clauses: 122

Memory used: 255KB
Time elapsed: 0.009 s
------------------------------
% remaining time: 59980 next slice time: 95
dis+2_4_bs=off:ep=on:n=on:nicw=on:nwc=1.5:ptb=off:sac=on:sio=off:spl=backtracking:ssec=off_95 on C:\Users\torsten\GitHub\colore\ontologies\multidim_space_codi\conversions\codi_nontrivial.all

========================== MACLEOD SUMMARY ===========================
reasoner: C:/Users/torsten/macleod/vampire_win
status: 
execution finished: Thu Feb 25 11:18:04 2021
total CPU time used: 0
The command was "C:/Users/torsten/macleod/vampire_win --mode casc --proof tptp -t 6000 --input_file C:\Users\torsten\GitHub\colore\ontologies\multidim_space_codi\conversions\codi_nontrivial.all.tptp"
============================ end of footer ===========================
