Hi Geoff, go and have some cold beer while I am trying to solve this very hard problem!
% remaining time: 5999 next slice time: 3
dis-4_5_bd=off:bs=off:ep=RST:fde=none:lcm=predicate:n=on:nicw=on:nwc=2:ptb=off:sio=off:spl=backtracking:ss=included:ssec=off:st=5:updr=off_3 on C:\Users\torsten\Documents\github\colore\ontologies\multidim_space_codi\conversions\codi_atomic_2d_restricted.all
Time limit reached!
------------------------------
Version: Vampire 0.6 (revision 903)
Termination reason: Time limit

Active clauses: 1099
Passive clauses: 5174
Generated clauses: 8071
Final active clauses: 700
Final passive clauses: 2178
Input formulas: 38
Initial clauses: 103

Selected by SInE selection: 38
SInE iterations: 1

Duplicate literals: 85
Fw subsumption resolutions: 763

Simple tautologies: 88
Forward subsumptions: 1633

Binary resolution: 5800
Factoring: 46

Backtracking splits: 600
Backtracking splits refuted: 229
Backtracking splits refuted at zero level: 16

Memory used: 1663KB
Time elapsed: 0.403 s
------------------------------
% remaining time: 5995 next slice time: 13
dis-1010_2_bs=off:ep=on:n=on:nwc=1.5:sgo=on:sp=occurrence:ss=included:sswn=on:sswsr=on:st=1.5_13 on C:\Users\torsten\Documents\github\colore\ontologies\multidim_space_codi\conversions\codi_atomic_2d_restricted.all
Time limit reached!
------------------------------
Version: Vampire 0.6 (revision 903)
Termination reason: Time limit

Active clauses: 1804
Passive clauses: 6852
Generated clauses: 20128
Final active clauses: 1804
Final passive clauses: 4672
Input formulas: 38
Initial clauses: 95

Pure predicates: 2
Unused predicate definitions: 3
Selected by SInE selection: 38
SInE iterations: 1

Duplicate literals: 1956
Fw subsumption resolutions: 1612

Simple tautologies: 647
Equational tautologies: 54
Forward subsumptions: 9600

Binary resolution: 12505
Factoring: 156
Forward superposition: 3522
Backward superposition: 577

Memory used: 2942KB
Time elapsed: 1.403 s
------------------------------
% remaining time: 5981 next slice time: 32
lrs+11_14_bd=off:bs=off:bsr=on:cond=on:drc=off:fde=none:fsr=off:gsp=input_only:lcm=reverse:n=on:nwc=10:ptb=off:sfv=off:sgo=on:sio=off:sos=on:sp=reverse_arity:spl=backtracking:ssec=off:stl=81_32 on C:\Users\torsten\Documents\github\colore\ontologies\multidim_space_codi\conversions\codi_atomic_2d_restricted.all
Refutation not found with incomplete strategy!
------------------------------
Version: Vampire 0.6 (revision 903)
Termination reason: Refutation not found, incomplete strategy

Active clauses: 93
Final active clauses: 93
Input formulas: 38
Initial clauses: 93

Pure predicates: 2
Unused predicate definitions: 3

Memory used: 255KB
Time elapsed: 0.008 s
------------------------------
% remaining time: 5980 next slice time: 95
dis+2_4_bs=off:ep=on:n=on:nicw=on:nwc=1.5:ptb=off:sac=on:sio=off:spl=backtracking:ssec=off_95 on C:\Users\torsten\Documents\github\colore\ontologies\multidim_space_codi\conversions\codi_atomic_2d_restricted.all
============================= C:\Reasoning\vampire_win ================================
execution finished: Tue May 01 17:21:45 2018
total CPU time used: 0
The command was "C:\Reasoning\vampire_win --mode casc --proof tptp -t 600 --input_file C:\Users\torsten\Documents\github\colore\ontologies\multidim_space_codi\conversions\codi_atomic_2d_restricted.all.tptp"
Input read from 
============================ end of footer ===========================
