Paradox, version 3.0, 2008-07-29.
+++ PROBLEM: C:\Users\torsten\Documents\github\colore\ontologies\multidim_space_codi\conversions\codi_atomic_2d.all.tptp
Reading 'C:\Users\torsten\Documents\github\colore\ontologies\multidim_space_codi\conversions\codi_atomic_2d.all.tptp' ... OK
+++ SOLVING: C:\Users\torsten\Documents\github\colore\ontologies\multidim_space_codi\conversions\codi_atomic_2d.all.tptp
domain size 1
+++ BEGIN MODEL
SZS output start FiniteModel for C:\Users\torsten\Documents\github\colore\ontologies\multidim_space_codi\conversions\codi_atomic_2d.all.tptp
% domain size is 1
fof(domain, fi_domain,
  (![X] : (X = "1"))
).

fof(arealregion, fi_predicates,
  ( arealregion("1") <=> $true
  )
).

fof(c, fi_predicates,
  ( c("1","1") <=> $true
  )
).

fof(cont, fi_predicates,
  ( cont("1","1") <=> $true
  )
).

fof(covers, fi_predicates,
  ( covers("1","1") <=> $false
  )
).

fof(curve, fi_predicates,
  ( curve("1") <=> $false
  )
).

fof(eqdim, fi_predicates,
  ( eqdim("1","1") <=> $true
  )
).

fof(geq, fi_predicates,
  ( geq("1","1") <=> $true
  )
).

fof(gt, fi_predicates,
  ( gt("1","1") <=> $false
  )
).

fof(inc, fi_predicates,
  ( inc("1","1") <=> $false
  )
).

fof(leq, fi_predicates,
  ( leq("1","1") <=> $true
  )
).

fof(lt, fi_predicates,
  ( lt("1","1") <=> $false
  )
).

fof(max, fi_predicates,
  ( max("1") <=> $true
  )
).

fof(maxdim, fi_predicates,
  ( maxdim("1") <=> $true
  )
).

fof(min, fi_predicates,
  ( min("1") <=> $true
  )
).

fof(mindim, fi_predicates,
  ( mindim("1") <=> $true
  )
).

fof(not, fi_predicates,
  ( ![X1,X2,X3] : not(X1,X2,X3) <=> $true
  )
).

fof(p, fi_predicates,
  ( p("1","1") <=> $true
  )
).

fof(po, fi_predicates,
  ( po("1","1") <=> $true
  )
).

fof(pointregion, fi_predicates,
  ( pointregion("1") <=> $true
  )
).

fof(pp, fi_predicates,
  ( pp("1","1") <=> $false
  )
).

fof(s, fi_predicates,
  ( s("1") <=> $true
  )
).

fof(sc, fi_predicates,
  ( sc("1","1") <=> $false
  )
).

fof(zex, fi_predicates,
  ( zex("1") <=> $false
  )
).
SZS output end FiniteModel for C:\Users\torsten\Documents\github\colore\ontologies\multidim_space_codi\conversions\codi_atomic_2d.all.tptp
+++ END MODEL
+++ RESULT: Satisfiable
SZS status Satisfiable for C:\Users\torsten\Documents\github\colore\ontologies\multidim_space_codi\conversions\codi_atomic_2d.all.tptp
============================= C:\Reasoning\paradox3 ================================
execution finished: Tue May 01 17:19:36 2018
total CPU time used: 0
The command was "C:\Reasoning\paradox3 --time 600 --verbose 2 --model --tstp C:\Users\torsten\Documents\github\colore\ontologies\multidim_space_codi\conversions\codi_atomic_2d.all.tptp"
Input read from 
============================ end of footer ===========================
