Paradox, version 3.0, 2008-07-29.
+++ PROBLEM: C:\Users\torsten\GitHub\colore\ontologies\multidim_space_codi\conversions\codi.all.tptp
Reading 'C:\Users\torsten\GitHub\colore\ontologies\multidim_space_codi\conversions\codi.all.tptp' ... OK
+++ SOLVING: C:\Users\torsten\GitHub\colore\ontologies\multidim_space_codi\conversions\codi.all.tptp
domain size 1
+++ BEGIN MODEL
SZS output start FiniteModel for C:\Users\torsten\GitHub\colore\ontologies\multidim_space_codi\conversions\codi.all.tptp
% domain size is 1
fof(domain, fi_domain,
  (![X] : (X = "1"))
).

fof(c, fi_predicates,
  ( c("1","1") <=> $true
  )
).

fof(cont, fi_predicates,
  ( cont("1","1") <=> $true
  )
).

fof(eqdim, fi_predicates,
  ( eqdim("1","1") <=> $true
  )
).

fof(inc, fi_predicates,
  ( inc("1","1") <=> $false
  )
).

fof(leq, fi_predicates,
  ( leq("1","1") <=> $true
  )
).

fof(max, fi_predicates,
  ( max("1") <=> $true
  )
).

fof(maxdim, fi_predicates,
  ( maxdim("1") <=> $true
  )
).

fof(min, fi_predicates,
  ( min("1") <=> $true
  )
).

fof(mindim, fi_predicates,
  ( mindim("1") <=> $true
  )
).

fof(p, fi_predicates,
  ( p("1","1") <=> $true
  )
).

fof(po, fi_predicates,
  ( po("1","1") <=> $true
  )
).

fof(pp, fi_predicates,
  ( pp("1","1") <=> $false
  )
).

fof(s, fi_predicates,
  ( s("1") <=> $true
  )
).

fof(sc, fi_predicates,
  ( sc("1","1") <=> $false
  )
).

fof(zex, fi_predicates,
  ( zex("1") <=> $false
  )
).
SZS output end FiniteModel for C:\Users\torsten\GitHub\colore\ontologies\multidim_space_codi\conversions\codi.all.tptp
+++ END MODEL
+++ RESULT: Satisfiable
SZS status Satisfiable for C:\Users\torsten\GitHub\colore\ontologies\multidim_space_codi\conversions\codi.all.tptp

========================== MACLEOD SUMMARY ===========================
reasoner: C:/Users/torsten/macleod/paradox3
status: MODEL
execution finished: Wed Feb 24 04:46:22 2021
total CPU time used: 0
The command was "C:/Users/torsten/macleod/paradox3 --time 6000 --verbose 2 --model --tstp C:\Users\torsten\GitHub\colore\ontologies\multidim_space_codi\conversions\codi.all.tptp"
============================ end of footer ===========================
