============================== Mace4 =================================
Mace4 (32) version Oct-2007, Oct 2007.
Process 1124 was started by torsten on LAPTOP-UF9R3IH7,
Tue Feb 23 06:12:37 2021
The command was "/cygdrive/c/Users/torsten/macleod/mace4 -v0 -t600 -s60 -n2 -N40 -f C:\Users\torsten\GitHub\colore\ontologies\multidim_space_codi\conversions\codi.p9".
============================== end of head ===========================

============================== INPUT =================================

% Reading from file C:\Users\torsten\GitHub\colore\ontologies\multidim_space_codi\conversions\codi.p9


% From the command line: clear(verbose).

% From the command line: assign(max_seconds, 600).

% From the command line: assign(max_seconds_per, 60).

% From the command line: assign(domain_size, 2).

% From the command line: assign(iterate_up_to, 40).

============================== end of input ==========================

============================== PROCESS NON-CLAUSAL FORMULAS ==========

% Formulas that are not ordinary clauses:

============================== end of process non-clausal formulas ===

============================== CLAUSES FOR SEARCH ====================

formulas(mace4_clauses).
end_of_list.

============================== end of clauses for search =============

% The maximum domain element in the input is 0.

============================== DOMAIN SIZE 2 =========================

=== Mace4 starting on domain size 2. ===

============================== MODEL =================================

interpretation( 2, [number=1, seconds=0], [

]).

============================== end of model ==========================

============================== STATISTICS ============================

For domain size 2.

Current CPU time: 0.00 seconds (total CPU time: 0.01 seconds).
Ground clauses: seen=0, kept=0.
Selections=0, assignments=0, propagations=0, current_models=1.
Rewrite_terms=0, rewrite_bools=0, indexes=0.
Rules_from_neg_clauses=0, cross_offs=0.

============================== end of statistics =====================

------ process 1124 exit (max_models) ------

User_CPU=0.01, System_CPU=0.05, Wall_clock=0.

Exiting with 1 model.

Process 1124 exit (max_models) Tue Feb 23 06:12:37 2021
The process finished Tue Feb 23 06:12:37 2021

========================== MACLEOD SUMMARY ===========================
reasoner: C:/Users/torsten/macleod/mace4
status: MODEL
execution finished: Tue Feb 23 06:12:39 2021
total CPU time used: 0
The command was "C:/Users/torsten/macleod/mace4 -v0 -t600 -s60 -n2 -N40 -f C:\Users\torsten\GitHub\colore\ontologies\multidim_space_codi\conversions\codi.p9"
============================ end of footer ===========================
