============================== Prover9 ===============================
Prover9 (64) version 2009-11A, November 2009.
Process 23410 was started by cchui on stl-ws4.mie.utoronto.ca,
Tue Jul 30 21:35:28 2013
The command was "prover9 -t 120 -f test/p9/dolce_temporary_parthood.p9 test/p9/dolce_temporary_parthood2ideal_cem_wmg3.p9 test/p9/dolce_present.p9 test/p9/dolce_time_mereology.p9 test/p9/dolce_taxonomy.p9 test/p9/options.txt test/p9/ex0730_temporary_parthood3_7.p9".
============================== end of head ===========================

============================== INPUT =================================

% Reading from file test/p9/dolce_temporary_parthood.p9


formulas(sos).
(all x all y all t (tP(x,y,t) -> ED(x) & ED(y) & T(t))).
(all x all y all t (tP(x,y,t) -> (PED(x) <-> PED(y)))).
(all x all y all t (tP(x,y,t) -> (NPED(x) <-> NPED(y)))).
(all x all y all z all t (tP(x,y,t) & tP(y,z,t) -> tP(x,z,t))).
(all x all y all z all t (ED(x) & ED(y) & PRE(x,t) & PRE(y,t) & -tP(x,y,t) -> (exists z (tP(z,x,t) & -tO(z,y,t))))).
(all x all t (ED(x) & PRE(x,t) -> tP(x,x,t))).
(all x all y all t (tP(x,y,t) -> PRE(x,t) & PRE(y,t))).
(all x all y all t1 (tP(x,y,t1) -> (all t2 (P(t2,t1) -> tP(x,y,t2))))).
(all x all y all t (ED(x) & ED(y) & PRE(x,t) & PRE(y,t) & -tP(x,y,t) -> (exists z (tP(z,x,t) & tDJ(z,y,t))))).
(all x all y all t (tPP(x,y,t) <-> tP(x,y,t) & -tP(y,x,t))).
(all x all y all t (tO(x,y,t) <-> (exists z (tP(z,x,t) & tP(z,y,t))))).
(all x all y all t (tDJ(x,y,t) <-> -tO(x,y,t))).
(all x all y all t (tU(x,y,t) <-> (exists z (tP(x,z,t) & tP(y,z,t))))).
(all x all t (tAtP(x,t) <-> (all y (tP(y,x,t) -> y = x)))).
(all x all y all t (tU(x,y,t) -> (exists z all v (tO(v,z,t) <-> tO(v,x,t) | tO(v,y,t))))).
(all x all y all t (tO(x,y,t) -> (exists z all v (tPP(v,z,t) <-> tPP(v,x,t) & tPP(v,y,t))))).
end_of_list.

% Reading from file test/p9/dolce_temporary_parthood2ideal_cem_wmg3.p9


formulas(sos).
(all x all y (in3(x,y) <-> PRE(x,y) & T(y) & (PD(x) | Q(x)) | PRE(y,x) & T(x) & (PD(y) | Q(y)) | x = y & (PD(y) | Q(y) | T(y)))).
(all x (line3(x) <-> PD(x) | Q(x))).
(all x (point3(x) <-> T(x))).
(all x all y (part3(x,y) <-> P(x,y) & T(x) & T(y))).
(all x (L_1(x) <-> ED(x))).
(all x (L_2(x) <-> PD(x))).
(all x (L_3(x) <-> Q(x))).
(all x (L_4(x) <-> PED(x))).
(all x (L_5(x) <-> NPED(x))).
(all x (AtP(x) <-> atomic_part(x))).
(all x all y (DJ(x,y) <-> disjoint(x,y))).
(all x all y (O(x,y) <-> overlaps(x,y))).
(all x all y (PP(x,y) <-> ppart(x,y))).
(all x all y (U(x,y) <-> underlaps(x,y))).
(all x all y all z (SUM(z,x,y) <-> sum(x,y,z))).
(all x all y all z (T(x) & T(y) & T(z) -> (SUM(z,x,y) <-> (all w (T(w) -> (O(w,z) <-> O(w,x) | O(w,y))))))).
(all x all y all t (tPP(x,y,t) <-> tppart(x,y,t))).
(all x all y all t (tO(x,y,t) <-> toverlaps(x,y,t))).
(all x all y all t (tU(x,y,t) <-> tunderlaps(x,y,t))).
end_of_list.

% Reading from file test/p9/dolce_present.p9


formulas(sos).
(all x (ED(x) | PD(x) | Q(x) -> (exists t PRE(x,t)))).
(all x all t all t1 (PRE(x,t) & P(t1,t) -> PRE(x,t1))).
(all x all t (PRE(x,t) -> T(t))).
(all x all t all t1 all t2 (PRE(x,t1) & PRE(x,t2) & SUM(t,t1,t2) -> PRE(x,t))).
end_of_list.

% Reading from file test/p9/dolce_time_mereology.p9


formulas(sos).
(all x all y (P(x,y) -> T(y) & T(y))).
(all x all y (P(x,y) -> (T(x) <-> T(y)))).
(all x all y (T(x) -> P(x,x))).
(all x all y (T(x) & T(y) & P(x,y) & P(y,x) -> x = y)).
(all x all y all z (T(x) & T(y) & P(x,y) & P(y,z) -> P(x,z))).
(all x all y (T(x) & T(y) & -P(x,y) -> (exists z (T(z) & P(z,x) & -O(z,y))))).
(all x all y (T(x) & T(y) & -P(x,y) -> (exists z (P(z,x) & DJ(z,y) & T(z))))).
(all x all y (T(x) & T(y) -> (PP(x,y) <-> P(x,y) & -P(y,x)))).
(all x all y (T(x) & T(y) -> (O(x,y) <-> (exists z (P(z,x) & P(z,y) & T(z)))))).
(all x all y (T(x) & T(y) -> (DJ(x,y) <-> -O(x,y)))).
(all x all y (T(x) & T(y) -> (U(x,y) <-> (exists z (P(x,z) & P(y,z) & T(z)))))).
(all x (AtP(x) <-> T(x) & (all y (T(y) & P(y,x) -> y = x)))).
(all x all y (T(x) & T(y) & U(x,y) -> (exists z (T(z) & (all w (T(w) -> (O(w,z) <-> O(w,x) | O(w,y)))))))).
(all x all y (T(x) & T(y) & O(x,y) -> (exists z (T(z) & (all w (T(w) -> (PP(w,z) <-> PP(w,x) & PP(w,y)))))))).
(all x all y all z (T(x) & T(y) & T(z) -> (SUM(z,x,y) <-> (all w (T(w) -> (O(w,z) <-> O(w,x) | O(w,y))))))).
end_of_list.

% Reading from file test/p9/dolce_taxonomy.p9


formulas(sos).
(all x (ED(x) | PD(x) | Q(x) | AB(x) -> PT(x))).
(all x (PED(x) | NPED(x) | AS(x) -> ED(x))).
(all x (EV(x) | STV(x) -> PD(x))).
(all x (TQ(x) | PQ(x) | AQ(x) -> Q(x))).
(all x (R(x) -> AB(x))).
(all x (M(x) | F(x) | POB(x) -> PED(x))).
(all x (NPOB(x) -> NPED(x))).
(all x (ACH(x) | ACC(x) -> EV(x))).
(all x (ST(x) | PRO(x) -> STV(x))).
(all x (TL(x) -> TQ(x))).
(all x (SL(x) -> PQ(x))).
(all x (TR(x) | PR(x) | AR(x) -> R(x))).
(all x (APO(x) | NAPO(x) -> POB(x))).
(all x (MOB(x) | SOB(x) -> NPOB(x))).
(all x (T(x) -> TR(x))).
(all x (S(x) -> PR(x))).
(all x (ASO(x) | NASO(x) -> SOB(x))).
(all x (SAG(x) | SC(x) -> ASO(x))).
(all x (PT(x) <-> ED(x) | PD(x) | Q(x) | AB(x))).
(all x (ED(x) -> -PD(x) & -Q(x) & -AB(x))).
(all x (PD(x) -> -Q(x) & -AB(x))).
(all x (Q(x) -> -AB(x))).
(all x (ED(x) <-> PED(x) | NPED(x) | AS(x))).
(all x (PED(x) -> -NPED(x) & -AS(x))).
(all x (NPED(x) -> -AS(x))).
(all x (PD(x) <-> EV(x) | STV(x))).
(all x (EV(x) -> -STV(x))).
(all x (Q(x) <-> TQ(x) | PQ(x) | AQ(x))).
(all x (TQ(x) -> -PQ(x) & -AQ(x))).
(all x (PQ(x) -> -AQ(x))).
(all x (PED(x) <-> M(x) | F(x) | POB(x))).
(all x (M(x) -> -F(x) & -POB(x))).
(all x (F(x) -> -POB(x))).
(all x (EV(x) <-> ACH(x) | ACC(x))).
(all x (ACH(x) -> -ACC(x))).
(all x (STV(x) <-> ST(x) | PRO(x))).
(all x (ST(x) -> -PRO(x))).
(all x (R(x) <-> TR(x) | PR(x) | AR(x))).
(all x (TR(x) -> -PR(x) & -AR(x))).
(all x (PR(x) -> -AR(x))).
(all x (POB(x) <-> APO(x) | NAPO(x))).
(all x (APO(x) -> -NAPO(x))).
(all x (NPOB(x) <-> MOB(x) | SOB(x))).
(all x (MOB(x) -> -SOB(x))).
(all x (SOB(x) <-> ASO(x) | NASO(x))).
(all x (ASO(x) -> -NASO(x))).
(all x (ASO(x) <-> SAG(x) | SC(x))).
(all x (SAG(x) -> -SC(x))).
end_of_list.

% Reading from file test/p9/options.txt

clear(auto_denials).
clear(print_initial_clauses).
clear(print_kept).
clear(print_given).

% Reading from file test/p9/ex0730_temporary_parthood3_7.p9


formulas(goals).
(all x all y all z all l (point3(x) & point3(y) & line3(l) & in3(x,l) & in3(y,l) & sum(x,y,z) -> in3(z,l))).
end_of_list.

============================== end of input ==========================

% From the command line: assign(max_seconds, 120).

============================== PROCESS NON-CLAUSAL FORMULAS ==========

% Formulas that are not ordinary clauses:
1 (all x all y all t (tP(x,y,t) -> ED(x) & ED(y) & T(t))) # label(non_clause).  [assumption].
2 (all x all y all t (tP(x,y,t) -> (PED(x) <-> PED(y)))) # label(non_clause).  [assumption].
3 (all x all y all t (tP(x,y,t) -> (NPED(x) <-> NPED(y)))) # label(non_clause).  [assumption].
4 (all x all y all z all t (tP(x,y,t) & tP(y,z,t) -> tP(x,z,t))) # label(non_clause).  [assumption].
5 (all x all y all z all t (ED(x) & ED(y) & PRE(x,t) & PRE(y,t) & -tP(x,y,t) -> (exists z (tP(z,x,t) & -tO(z,y,t))))) # label(non_clause).  [assumption].
6 (all x all t (ED(x) & PRE(x,t) -> tP(x,x,t))) # label(non_clause).  [assumption].
7 (all x all y all t (tP(x,y,t) -> PRE(x,t) & PRE(y,t))) # label(non_clause).  [assumption].
8 (all x all y all t1 (tP(x,y,t1) -> (all t2 (P(t2,t1) -> tP(x,y,t2))))) # label(non_clause).  [assumption].
9 (all x all y all t (ED(x) & ED(y) & PRE(x,t) & PRE(y,t) & -tP(x,y,t) -> (exists z (tP(z,x,t) & tDJ(z,y,t))))) # label(non_clause).  [assumption].
10 (all x all y all t (tPP(x,y,t) <-> tP(x,y,t) & -tP(y,x,t))) # label(non_clause).  [assumption].
11 (all x all y all t (tO(x,y,t) <-> (exists z (tP(z,x,t) & tP(z,y,t))))) # label(non_clause).  [assumption].
12 (all x all y all t (tDJ(x,y,t) <-> -tO(x,y,t))) # label(non_clause).  [assumption].
13 (all x all y all t (tU(x,y,t) <-> (exists z (tP(x,z,t) & tP(y,z,t))))) # label(non_clause).  [assumption].
14 (all x all t (tAtP(x,t) <-> (all y (tP(y,x,t) -> y = x)))) # label(non_clause).  [assumption].
15 (all x all y all t (tU(x,y,t) -> (exists z all v (tO(v,z,t) <-> tO(v,x,t) | tO(v,y,t))))) # label(non_clause).  [assumption].
16 (all x all y all t (tO(x,y,t) -> (exists z all v (tPP(v,z,t) <-> tPP(v,x,t) & tPP(v,y,t))))) # label(non_clause).  [assumption].
17 (all x all y (in3(x,y) <-> PRE(x,y) & T(y) & (PD(x) | Q(x)) | PRE(y,x) & T(x) & (PD(y) | Q(y)) | x = y & (PD(y) | Q(y) | T(y)))) # label(non_clause).  [assumption].
18 (all x (line3(x) <-> PD(x) | Q(x))) # label(non_clause).  [assumption].
19 (all x (point3(x) <-> T(x))) # label(non_clause).  [assumption].
20 (all x all y (part3(x,y) <-> P(x,y) & T(x) & T(y))) # label(non_clause).  [assumption].
21 (all x (L_1(x) <-> ED(x))) # label(non_clause).  [assumption].
22 (all x (L_2(x) <-> PD(x))) # label(non_clause).  [assumption].
23 (all x (L_3(x) <-> Q(x))) # label(non_clause).  [assumption].
24 (all x (L_4(x) <-> PED(x))) # label(non_clause).  [assumption].
25 (all x (L_5(x) <-> NPED(x))) # label(non_clause).  [assumption].
26 (all x (AtP(x) <-> atomic_part(x))) # label(non_clause).  [assumption].
27 (all x all y (DJ(x,y) <-> disjoint(x,y))) # label(non_clause).  [assumption].
28 (all x all y (O(x,y) <-> overlaps(x,y))) # label(non_clause).  [assumption].
29 (all x all y (PP(x,y) <-> ppart(x,y))) # label(non_clause).  [assumption].
30 (all x all y (U(x,y) <-> underlaps(x,y))) # label(non_clause).  [assumption].
31 (all x all y all z (SUM(z,x,y) <-> sum(x,y,z))) # label(non_clause).  [assumption].
32 (all x all y all z (T(x) & T(y) & T(z) -> (SUM(z,x,y) <-> (all w (T(w) -> (O(w,z) <-> O(w,x) | O(w,y))))))) # label(non_clause).  [assumption].
33 (all x all y all t (tPP(x,y,t) <-> tppart(x,y,t))) # label(non_clause).  [assumption].
34 (all x all y all t (tO(x,y,t) <-> toverlaps(x,y,t))) # label(non_clause).  [assumption].
35 (all x all y all t (tU(x,y,t) <-> tunderlaps(x,y,t))) # label(non_clause).  [assumption].
36 (all x (ED(x) | PD(x) | Q(x) -> (exists t PRE(x,t)))) # label(non_clause).  [assumption].
37 (all x all t all t1 (PRE(x,t) & P(t1,t) -> PRE(x,t1))) # label(non_clause).  [assumption].
38 (all x all t (PRE(x,t) -> T(t))) # label(non_clause).  [assumption].
39 (all x all t all t1 all t2 (PRE(x,t1) & PRE(x,t2) & SUM(t,t1,t2) -> PRE(x,t))) # label(non_clause).  [assumption].
40 (all x all y (P(x,y) -> T(y) & T(y))) # label(non_clause).  [assumption].
41 (all x all y (P(x,y) -> (T(x) <-> T(y)))) # label(non_clause).  [assumption].
42 (all x all y (T(x) -> P(x,x))) # label(non_clause).  [assumption].
43 (all x all y (T(x) & T(y) & P(x,y) & P(y,x) -> x = y)) # label(non_clause).  [assumption].
44 (all x all y all z (T(x) & T(y) & P(x,y) & P(y,z) -> P(x,z))) # label(non_clause).  [assumption].
45 (all x all y (T(x) & T(y) & -P(x,y) -> (exists z (T(z) & P(z,x) & -O(z,y))))) # label(non_clause).  [assumption].
46 (all x all y (T(x) & T(y) & -P(x,y) -> (exists z (P(z,x) & DJ(z,y) & T(z))))) # label(non_clause).  [assumption].
47 (all x all y (T(x) & T(y) -> (PP(x,y) <-> P(x,y) & -P(y,x)))) # label(non_clause).  [assumption].
48 (all x all y (T(x) & T(y) -> (O(x,y) <-> (exists z (P(z,x) & P(z,y) & T(z)))))) # label(non_clause).  [assumption].
49 (all x all y (T(x) & T(y) -> (DJ(x,y) <-> -O(x,y)))) # label(non_clause).  [assumption].
50 (all x all y (T(x) & T(y) -> (U(x,y) <-> (exists z (P(x,z) & P(y,z) & T(z)))))) # label(non_clause).  [assumption].
51 (all x (AtP(x) <-> T(x) & (all y (T(y) & P(y,x) -> y = x)))) # label(non_clause).  [assumption].
52 (all x all y (T(x) & T(y) & U(x,y) -> (exists z (T(z) & (all w (T(w) -> (O(w,z) <-> O(w,x) | O(w,y)))))))) # label(non_clause).  [assumption].
53 (all x all y (T(x) & T(y) & O(x,y) -> (exists z (T(z) & (all w (T(w) -> (PP(w,z) <-> PP(w,x) & PP(w,y)))))))) # label(non_clause).  [assumption].
54 (all x all y all z (T(x) & T(y) & T(z) -> (SUM(z,x,y) <-> (all w (T(w) -> (O(w,z) <-> O(w,x) | O(w,y))))))) # label(non_clause).  [assumption].
55 (all x (ED(x) | PD(x) | Q(x) | AB(x) -> PT(x))) # label(non_clause).  [assumption].
56 (all x (PED(x) | NPED(x) | AS(x) -> ED(x))) # label(non_clause).  [assumption].
57 (all x (EV(x) | STV(x) -> PD(x))) # label(non_clause).  [assumption].
58 (all x (TQ(x) | PQ(x) | AQ(x) -> Q(x))) # label(non_clause).  [assumption].
59 (all x (R(x) -> AB(x))) # label(non_clause).  [assumption].
60 (all x (M(x) | F(x) | POB(x) -> PED(x))) # label(non_clause).  [assumption].
61 (all x (NPOB(x) -> NPED(x))) # label(non_clause).  [assumption].
62 (all x (ACH(x) | ACC(x) -> EV(x))) # label(non_clause).  [assumption].
63 (all x (ST(x) | PRO(x) -> STV(x))) # label(non_clause).  [assumption].
64 (all x (TL(x) -> TQ(x))) # label(non_clause).  [assumption].
65 (all x (SL(x) -> PQ(x))) # label(non_clause).  [assumption].
66 (all x (TR(x) | PR(x) | AR(x) -> R(x))) # label(non_clause).  [assumption].
67 (all x (APO(x) | NAPO(x) -> POB(x))) # label(non_clause).  [assumption].
68 (all x (MOB(x) | SOB(x) -> NPOB(x))) # label(non_clause).  [assumption].
69 (all x (T(x) -> TR(x))) # label(non_clause).  [assumption].
70 (all x (S(x) -> PR(x))) # label(non_clause).  [assumption].
71 (all x (ASO(x) | NASO(x) -> SOB(x))) # label(non_clause).  [assumption].
72 (all x (SAG(x) | SC(x) -> ASO(x))) # label(non_clause).  [assumption].
73 (all x (PT(x) <-> ED(x) | PD(x) | Q(x) | AB(x))) # label(non_clause).  [assumption].
74 (all x (ED(x) -> -PD(x) & -Q(x) & -AB(x))) # label(non_clause).  [assumption].
75 (all x (PD(x) -> -Q(x) & -AB(x))) # label(non_clause).  [assumption].
76 (all x (Q(x) -> -AB(x))) # label(non_clause).  [assumption].
77 (all x (ED(x) <-> PED(x) | NPED(x) | AS(x))) # label(non_clause).  [assumption].
78 (all x (PED(x) -> -NPED(x) & -AS(x))) # label(non_clause).  [assumption].
79 (all x (NPED(x) -> -AS(x))) # label(non_clause).  [assumption].
80 (all x (PD(x) <-> EV(x) | STV(x))) # label(non_clause).  [assumption].
81 (all x (EV(x) -> -STV(x))) # label(non_clause).  [assumption].
82 (all x (Q(x) <-> TQ(x) | PQ(x) | AQ(x))) # label(non_clause).  [assumption].
83 (all x (TQ(x) -> -PQ(x) & -AQ(x))) # label(non_clause).  [assumption].
84 (all x (PQ(x) -> -AQ(x))) # label(non_clause).  [assumption].
85 (all x (PED(x) <-> M(x) | F(x) | POB(x))) # label(non_clause).  [assumption].
86 (all x (M(x) -> -F(x) & -POB(x))) # label(non_clause).  [assumption].
87 (all x (F(x) -> -POB(x))) # label(non_clause).  [assumption].
88 (all x (EV(x) <-> ACH(x) | ACC(x))) # label(non_clause).  [assumption].
89 (all x (ACH(x) -> -ACC(x))) # label(non_clause).  [assumption].
90 (all x (STV(x) <-> ST(x) | PRO(x))) # label(non_clause).  [assumption].
91 (all x (ST(x) -> -PRO(x))) # label(non_clause).  [assumption].
92 (all x (R(x) <-> TR(x) | PR(x) | AR(x))) # label(non_clause).  [assumption].
93 (all x (TR(x) -> -PR(x) & -AR(x))) # label(non_clause).  [assumption].
94 (all x (PR(x) -> -AR(x))) # label(non_clause).  [assumption].
95 (all x (POB(x) <-> APO(x) | NAPO(x))) # label(non_clause).  [assumption].
96 (all x (APO(x) -> -NAPO(x))) # label(non_clause).  [assumption].
97 (all x (NPOB(x) <-> MOB(x) | SOB(x))) # label(non_clause).  [assumption].
98 (all x (MOB(x) -> -SOB(x))) # label(non_clause).  [assumption].
99 (all x (SOB(x) <-> ASO(x) | NASO(x))) # label(non_clause).  [assumption].
100 (all x (ASO(x) -> -NASO(x))) # label(non_clause).  [assumption].
101 (all x (ASO(x) <-> SAG(x) | SC(x))) # label(non_clause).  [assumption].
102 (all x (SAG(x) -> -SC(x))) # label(non_clause).  [assumption].
103 (all x all y all z all l (point3(x) & point3(y) & line3(l) & in3(x,l) & in3(y,l) & sum(x,y,z) -> in3(z,l))) # label(non_clause) # label(goal).  [goal].

============================== end of process non-clausal formulas ===

============================== PROCESS INITIAL CLAUSES ===============

============================== PREDICATE ELIMINATION =================

Eliminating tDJ/3
104 -tDJ(x,y,z) | -tO(x,y,z).  [clausify(12)].
105 -ED(x) | -ED(y) | -PRE(x,z) | -PRE(y,z) | tP(x,y,z) | tDJ(f2(x,y,z),y,z).  [clausify(9)].
Derived: -tO(f2(x,y,z),y,z) | -ED(x) | -ED(y) | -PRE(x,z) | -PRE(y,z) | tP(x,y,z).  [resolve(104,a,105,f)].
106 tDJ(x,y,z) | tO(x,y,z).  [clausify(12)].

Eliminating tU/3
107 tU(x,y,z) | -tP(x,u,z) | -tP(y,u,z).  [clausify(13)].
108 -tU(x,y,z) | tP(x,f4(x,y,z),z).  [clausify(13)].
109 -tU(x,y,z) | tP(y,f4(x,y,z),z).  [clausify(13)].
Derived: -tP(x,y,z) | -tP(u,y,z) | tP(x,f4(x,u,z),z).  [resolve(107,a,108,a)].
Derived: -tP(x,y,z) | -tP(u,y,z) | tP(u,f4(x,u,z),z).  [resolve(107,a,109,a)].
110 -tU(x,y,z) | -tO(u,f6(x,y,z),z) | tO(u,x,z) | tO(u,y,z).  [clausify(15)].
Derived: -tO(x,f6(y,z,u),u) | tO(x,y,u) | tO(x,z,u) | -tP(y,w,u) | -tP(z,w,u).  [resolve(110,a,107,a)].
111 -tU(x,y,z) | tO(u,f6(x,y,z),z) | -tO(u,x,z).  [clausify(15)].
Derived: tO(x,f6(y,z,u),u) | -tO(x,y,u) | -tP(y,w,u) | -tP(z,w,u).  [resolve(111,a,107,a)].
112 -tU(x,y,z) | tO(u,f6(x,y,z),z) | -tO(u,y,z).  [clausify(15)].
Derived: tO(x,f6(y,z,u),u) | -tO(x,z,u) | -tP(y,w,u) | -tP(z,w,u).  [resolve(112,a,107,a)].
113 -tU(x,y,z) | tunderlaps(x,y,z).  [clausify(35)].
Derived: tunderlaps(x,y,z) | -tP(x,u,z) | -tP(y,u,z).  [resolve(113,a,107,a)].
114 tU(x,y,z) | -tunderlaps(x,y,z).  [clausify(35)].
Derived: -tunderlaps(x,y,z) | tP(x,f4(x,y,z),z).  [resolve(114,a,108,a)].
Derived: -tunderlaps(x,y,z) | tP(y,f4(x,y,z),z).  [resolve(114,a,109,a)].
Derived: -tunderlaps(x,y,z) | -tO(u,f6(x,y,z),z) | tO(u,x,z) | tO(u,y,z).  [resolve(114,a,110,a)].
Derived: -tunderlaps(x,y,z) | tO(u,f6(x,y,z),z) | -tO(u,x,z).  [resolve(114,a,111,a)].
Derived: -tunderlaps(x,y,z) | tO(u,f6(x,y,z),z) | -tO(u,y,z).  [resolve(114,a,112,a)].

Eliminating tAtP/2
115 tAtP(x,y) | tP(f5(x,y),x,y).  [clausify(14)].
116 -tAtP(x,y) | -tP(z,x,y) | z = x.  [clausify(14)].
Derived: tP(f5(x,y),x,y) | -tP(z,x,y) | z = x.  [resolve(115,a,116,a)].
117 tAtP(x,y) | f5(x,y) != x.  [clausify(14)].
Derived: f5(x,y) != x | -tP(z,x,y) | z = x.  [resolve(117,a,116,a)].

Eliminating line3/1
118 line3(x) | -PD(x).  [clausify(18)].
119 -line3(x) | PD(x) | Q(x).  [clausify(18)].
120 line3(x) | -Q(x).  [clausify(18)].
121 line3(c4).  [deny(103)].
Derived: PD(c4) | Q(c4).  [resolve(121,a,119,a)].

Eliminating point3/1
122 point3(x) | -T(x).  [clausify(19)].
123 -point3(x) | T(x).  [clausify(19)].
124 point3(c1).  [deny(103)].
Derived: T(c1).  [resolve(124,a,123,a)].
125 point3(c2).  [deny(103)].
Derived: T(c2).  [resolve(125,a,123,a)].

Eliminating part3/2
126 part3(x,y) | -P(x,y) | -T(x) | -T(y).  [clausify(20)].
127 -part3(x,y) | P(x,y).  [clausify(20)].
128 -part3(x,y) | T(x).  [clausify(20)].
129 -part3(x,y) | T(y).  [clausify(20)].

Eliminating L_1/1
130 L_1(x) | -ED(x).  [clausify(21)].
131 -L_1(x) | ED(x).  [clausify(21)].

Eliminating L_2/1
132 L_2(x) | -PD(x).  [clausify(22)].
133 -L_2(x) | PD(x).  [clausify(22)].

Eliminating L_3/1
134 L_3(x) | -Q(x).  [clausify(23)].
135 -L_3(x) | Q(x).  [clausify(23)].

Eliminating L_4/1
136 L_4(x) | -PED(x).  [clausify(24)].
137 -L_4(x) | PED(x).  [clausify(24)].

Eliminating L_5/1
138 L_5(x) | -NPED(x).  [clausify(25)].
139 -L_5(x) | NPED(x).  [clausify(25)].

Eliminating AtP/1
140 AtP(x) | -atomic_part(x).  [clausify(26)].
141 -AtP(x) | atomic_part(x).  [clausify(26)].
142 -AtP(x) | T(x).  [clausify(51)].
Derived: T(x) | -atomic_part(x).  [resolve(142,a,140,a)].
143 -AtP(x) | -T(y) | -P(y,x) | y = x.  [clausify(51)].
Derived: -T(x) | -P(x,y) | x = y | -atomic_part(y).  [resolve(143,a,140,a)].
144 AtP(x) | -T(x) | T(f14(x)).  [clausify(51)].
Derived: -T(x) | T(f14(x)) | atomic_part(x).  [resolve(144,a,141,a)].
Derived: -T(x) | T(f14(x)) | -T(y) | -P(y,x) | y = x.  [resolve(144,a,143,a)].
145 AtP(x) | -T(x) | P(f14(x),x).  [clausify(51)].
Derived: -T(x) | P(f14(x),x) | atomic_part(x).  [resolve(145,a,141,a)].
Derived: -T(x) | P(f14(x),x) | -T(y) | -P(y,x) | y = x.  [resolve(145,a,143,a)].
146 AtP(x) | -T(x) | f14(x) != x.  [clausify(51)].
Derived: -T(x) | f14(x) != x | atomic_part(x).  [resolve(146,a,141,a)].
Derived: -T(x) | f14(x) != x | -T(y) | -P(y,x) | y = x.  [resolve(146,a,143,a)].

Eliminating DJ/2
147 DJ(x,y) | -disjoint(x,y).  [clausify(27)].
148 -DJ(x,y) | disjoint(x,y).  [clausify(27)].
149 -T(x) | -T(y) | P(x,y) | DJ(f11(x,y),y).  [clausify(46)].
Derived: -T(x) | -T(y) | P(x,y) | disjoint(f11(x,y),y).  [resolve(149,d,148,a)].
150 -T(x) | -T(y) | -DJ(x,y) | -O(x,y).  [clausify(49)].
Derived: -T(x) | -T(y) | -O(x,y) | -disjoint(x,y).  [resolve(150,c,147,a)].
Derived: -T(f11(x,y)) | -T(y) | -O(f11(x,y),y) | -T(x) | -T(y) | P(x,y).  [resolve(150,c,149,d)].
151 -T(x) | -T(y) | DJ(x,y) | O(x,y).  [clausify(49)].
Derived: -T(x) | -T(y) | O(x,y) | disjoint(x,y).  [resolve(151,c,148,a)].

Eliminating overlaps/2
152 O(x,y) | -overlaps(x,y).  [clausify(28)].
153 -O(x,y) | overlaps(x,y).  [clausify(28)].

Eliminating ppart/2
154 PP(x,y) | -ppart(x,y).  [clausify(29)].
155 -PP(x,y) | ppart(x,y).  [clausify(29)].

Eliminating U/2
156 U(x,y) | -underlaps(x,y).  [clausify(30)].
157 -U(x,y) | underlaps(x,y).  [clausify(30)].
158 -T(x) | -T(y) | -U(x,y) | P(x,f13(x,y)).  [clausify(50)].
Derived: -T(x) | -T(y) | P(x,f13(x,y)) | -underlaps(x,y).  [resolve(158,c,156,a)].
159 -T(x) | -T(y) | -U(x,y) | P(y,f13(x,y)).  [clausify(50)].
Derived: -T(x) | -T(y) | P(y,f13(x,y)) | -underlaps(x,y).  [resolve(159,c,156,a)].
160 -T(x) | -T(y) | -U(x,y) | T(f13(x,y)).  [clausify(50)].
Derived: -T(x) | -T(y) | T(f13(x,y)) | -underlaps(x,y).  [resolve(160,c,156,a)].
161 -T(x) | -T(y) | U(x,y) | -P(x,z) | -P(y,z) | -T(z).  [clausify(50)].
Derived: -T(x) | -T(y) | -P(x,z) | -P(y,z) | -T(z) | underlaps(x,y).  [resolve(161,c,157,a)].
Derived: -T(x) | -T(y) | -P(x,z) | -P(y,z) | -T(z) | -T(x) | -T(y) | P(x,f13(x,y)).  [resolve(161,c,158,c)].
Derived: -T(x) | -T(y) | -P(x,z) | -P(y,z) | -T(z) | -T(x) | -T(y) | P(y,f13(x,y)).  [resolve(161,c,159,c)].
Derived: -T(x) | -T(y) | -P(x,z) | -P(y,z) | -T(z) | -T(x) | -T(y) | T(f13(x,y)).  [resolve(161,c,160,c)].
162 -T(x) | -T(y) | -U(x,y) | T(f15(x,y)).  [clausify(52)].
Derived: -T(x) | -T(y) | T(f15(x,y)) | -underlaps(x,y).  [resolve(162,c,156,a)].
Derived: -T(x) | -T(y) | T(f15(x,y)) | -T(x) | -T(y) | -P(x,z) | -P(y,z) | -T(z).  [resolve(162,c,161,c)].
163 -T(x) | -T(y) | -U(x,y) | -T(z) | -O(z,f15(x,y)) | O(z,x) | O(z,y).  [clausify(52)].
Derived: -T(x) | -T(y) | -T(z) | -O(z,f15(x,y)) | O(z,x) | O(z,y) | -underlaps(x,y).  [resolve(163,c,156,a)].
Derived: -T(x) | -T(y) | -T(z) | -O(z,f15(x,y)) | O(z,x) | O(z,y) | -T(x) | -T(y) | -P(x,u) | -P(y,u) | -T(u).  [resolve(163,c,161,c)].
164 -T(x) | -T(y) | -U(x,y) | -T(z) | O(z,f15(x,y)) | -O(z,x).  [clausify(52)].
Derived: -T(x) | -T(y) | -T(z) | O(z,f15(x,y)) | -O(z,x) | -underlaps(x,y).  [resolve(164,c,156,a)].
Derived: -T(x) | -T(y) | -T(z) | O(z,f15(x,y)) | -O(z,x) | -T(x) | -T(y) | -P(x,u) | -P(y,u) | -T(u).  [resolve(164,c,161,c)].
165 -T(x) | -T(y) | -U(x,y) | -T(z) | O(z,f15(x,y)) | -O(z,y).  [clausify(52)].
Derived: -T(x) | -T(y) | -T(z) | O(z,f15(x,y)) | -O(z,y) | -underlaps(x,y).  [resolve(165,c,156,a)].
Derived: -T(x) | -T(y) | -T(z) | O(z,f15(x,y)) | -O(z,y) | -T(x) | -T(y) | -P(x,u) | -P(y,u) | -T(u).  [resolve(165,c,161,c)].

Eliminating SUM/3
166 SUM(x,y,z) | -sum(y,z,x).  [clausify(31)].
167 -SUM(x,y,z) | sum(y,z,x).  [clausify(31)].
168 -T(x) | -T(y) | -T(z) | -SUM(z,x,y) | -T(u) | -O(u,z) | O(u,x) | O(u,y).  [clausify(32)].
Derived: -T(x) | -T(y) | -T(z) | -T(u) | -O(u,z) | O(u,x) | O(u,y) | -sum(x,y,z).  [resolve(168,d,166,a)].
169 -T(x) | -T(y) | -T(z) | -SUM(z,x,y) | -T(u) | O(u,z) | -O(u,x).  [clausify(32)].
Derived: -T(x) | -T(y) | -T(z) | -T(u) | O(u,z) | -O(u,x) | -sum(x,y,z).  [resolve(169,d,166,a)].
170 -T(x) | -T(y) | -T(z) | -SUM(z,x,y) | -T(u) | O(u,z) | -O(u,y).  [clausify(32)].
Derived: -T(x) | -T(y) | -T(z) | -T(u) | O(u,z) | -O(u,y) | -sum(x,y,z).  [resolve(170,d,166,a)].
171 -T(x) | -T(y) | -T(z) | SUM(z,x,y) | T(f8(x,y,z)).  [clausify(32)].
Derived: -T(x) | -T(y) | -T(z) | T(f8(x,y,z)) | sum(x,y,z).  [resolve(171,d,167,a)].
Derived: -T(x) | -T(y) | -T(z) | T(f8(x,y,z)) | -T(x) | -T(y) | -T(z) | -T(u) | -O(u,z) | O(u,x) | O(u,y).  [resolve(171,d,168,d)].
Derived: -T(x) | -T(y) | -T(z) | T(f8(x,y,z)) | -T(x) | -T(y) | -T(z) | -T(u) | O(u,z) | -O(u,x).  [resolve(171,d,169,d)].
Derived: -T(x) | -T(y) | -T(z) | T(f8(x,y,z)) | -T(x) | -T(y) | -T(z) | -T(u) | O(u,z) | -O(u,y).  [resolve(171,d,170,d)].
172 -T(x) | -T(y) | -T(z) | SUM(z,x,y) | O(f8(x,y,z),z) | O(f8(x,y,z),x) | O(f8(x,y,z),y).  [clausify(32)].
Derived: -T(x) | -T(y) | -T(z) | O(f8(x,y,z),z) | O(f8(x,y,z),x) | O(f8(x,y,z),y) | sum(x,y,z).  [resolve(172,d,167,a)].
Derived: -T(x) | -T(y) | -T(z) | O(f8(x,y,z),z) | O(f8(x,y,z),x) | O(f8(x,y,z),y) | -T(x) | -T(y) | -T(z) | -T(u) | -O(u,z) | O(u,x) | O(u,y).  [resolve(172,d,168,d)].
Derived: -T(x) | -T(y) | -T(z) | O(f8(x,y,z),z) | O(f8(x,y,z),x) | O(f8(x,y,z),y) | -T(x) | -T(y) | -T(z) | -T(u) | O(u,z) | -O(u,x).  [resolve(172,d,169,d)].
Derived: -T(x) | -T(y) | -T(z) | O(f8(x,y,z),z) | O(f8(x,y,z),x) | O(f8(x,y,z),y) | -T(x) | -T(y) | -T(z) | -T(u) | O(u,z) | -O(u,y).  [resolve(172,d,170,d)].
173 -T(x) | -T(y) | -T(z) | SUM(z,x,y) | -O(f8(x,y,z),z) | -O(f8(x,y,z),x).  [clausify(32)].
Derived: -T(x) | -T(y) | -T(z) | -O(f8(x,y,z),z) | -O(f8(x,y,z),x) | sum(x,y,z).  [resolve(173,d,167,a)].
Derived: -T(x) | -T(y) | -T(z) | -O(f8(x,y,z),z) | -O(f8(x,y,z),x) | -T(x) | -T(y) | -T(z) | -T(u) | -O(u,z) | O(u,x) | O(u,y).  [resolve(173,d,168,d)].
Derived: -T(x) | -T(y) | -T(z) | -O(f8(x,y,z),z) | -O(f8(x,y,z),x) | -T(x) | -T(y) | -T(z) | -T(u) | O(u,z) | -O(u,x).  [resolve(173,d,169,d)].
Derived: -T(x) | -T(y) | -T(z) | -O(f8(x,y,z),z) | -O(f8(x,y,z),x) | -T(x) | -T(y) | -T(z) | -T(u) | O(u,z) | -O(u,y).  [resolve(173,d,170,d)].
174 -T(x) | -T(y) | -T(z) | SUM(z,x,y) | -O(f8(x,y,z),z) | -O(f8(x,y,z),y).  [clausify(32)].
Derived: -T(x) | -T(y) | -T(z) | -O(f8(x,y,z),z) | -O(f8(x,y,z),y) | sum(x,y,z).  [resolve(174,d,167,a)].
Derived: -T(x) | -T(y) | -T(z) | -O(f8(x,y,z),z) | -O(f8(x,y,z),y) | -T(x) | -T(y) | -T(z) | -T(u) | -O(u,z) | O(u,x) | O(u,y).  [resolve(174,d,168,d)].
Derived: -T(x) | -T(y) | -T(z) | -O(f8(x,y,z),z) | -O(f8(x,y,z),y) | -T(x) | -T(y) | -T(z) | -T(u) | O(u,z) | -O(u,x).  [resolve(174,d,169,d)].
Derived: -T(x) | -T(y) | -T(z) | -O(f8(x,y,z),z) | -O(f8(x,y,z),y) | -T(x) | -T(y) | -T(z) | -T(u) | O(u,z) | -O(u,y).  [resolve(174,d,170,d)].
175 -PRE(x,y) | -PRE(x,z) | -SUM(u,y,z) | PRE(x,u).  [clausify(39)].
Derived: -PRE(x,y) | -PRE(x,z) | PRE(x,u) | -sum(y,z,u).  [resolve(175,c,166,a)].
Derived: -PRE(x,y) | -PRE(x,z) | PRE(x,u) | -T(y) | -T(z) | -T(u) | T(f8(y,z,u)).  [resolve(175,c,171,d)].
Derived: -PRE(x,y) | -PRE(x,z) | PRE(x,u) | -T(y) | -T(z) | -T(u) | O(f8(y,z,u),u) | O(f8(y,z,u),y) | O(f8(y,z,u),z).  [resolve(175,c,172,d)].
Derived: -PRE(x,y) | -PRE(x,z) | PRE(x,u) | -T(y) | -T(z) | -T(u) | -O(f8(y,z,u),u) | -O(f8(y,z,u),y).  [resolve(175,c,173,d)].
Derived: -PRE(x,y) | -PRE(x,z) | PRE(x,u) | -T(y) | -T(z) | -T(u) | -O(f8(y,z,u),u) | -O(f8(y,z,u),z).  [resolve(175,c,174,d)].
176 -T(x) | -T(y) | -T(z) | -SUM(z,x,y) | -T(u) | -O(u,z) | O(u,x) | O(u,y).  [clausify(54)].
177 -T(x) | -T(y) | -T(z) | -SUM(z,x,y) | -T(u) | O(u,z) | -O(u,x).  [clausify(54)].
178 -T(x) | -T(y) | -T(z) | -SUM(z,x,y) | -T(u) | O(u,z) | -O(u,y).  [clausify(54)].
179 -T(x) | -T(y) | -T(z) | SUM(z,x,y) | T(f17(x,y,z)).  [clausify(54)].
Derived: -T(x) | -T(y) | -T(z) | T(f17(x,y,z)) | sum(x,y,z).  [resolve(179,d,167,a)].
Derived: -T(x) | -T(y) | -T(z) | T(f17(x,y,z)) | -T(x) | -T(y) | -T(z) | -T(u) | -O(u,z) | O(u,x) | O(u,y).  [resolve(179,d,168,d)].
Derived: -T(x) | -T(y) | -T(z) | T(f17(x,y,z)) | -T(x) | -T(y) | -T(z) | -T(u) | O(u,z) | -O(u,x).  [resolve(179,d,169,d)].
Derived: -T(x) | -T(y) | -T(z) | T(f17(x,y,z)) | -T(x) | -T(y) | -T(z) | -T(u) | O(u,z) | -O(u,y).  [resolve(179,d,170,d)].
Derived: -T(x) | -T(y) | -T(z) | T(f17(x,y,z)) | -PRE(u,x) | -PRE(u,y) | PRE(u,z).  [resolve(179,d,175,c)].
180 -T(x) | -T(y) | -T(z) | SUM(z,x,y) | O(f17(x,y,z),z) | O(f17(x,y,z),x) | O(f17(x,y,z),y).  [clausify(54)].
Derived: -T(x) | -T(y) | -T(z) | O(f17(x,y,z),z) | O(f17(x,y,z),x) | O(f17(x,y,z),y) | sum(x,y,z).  [resolve(180,d,167,a)].
Derived: -T(x) | -T(y) | -T(z) | O(f17(x,y,z),z) | O(f17(x,y,z),x) | O(f17(x,y,z),y) | -T(x) | -T(y) | -T(z) | -T(u) | -O(u,z) | O(u,x) | O(u,y).  [resolve(180,d,168,d)].
Derived: -T(x) | -T(y) | -T(z) | O(f17(x,y,z),z) | O(f17(x,y,z),x) | O(f17(x,y,z),y) | -T(x) | -T(y) | -T(z) | -T(u) | O(u,z) | -O(u,x).  [resolve(180,d,169,d)].
Derived: -T(x) | -T(y) | -T(z) | O(f17(x,y,z),z) | O(f17(x,y,z),x) | O(f17(x,y,z),y) | -T(x) | -T(y) | -T(z) | -T(u) | O(u,z) | -O(u,y).  [resolve(180,d,170,d)].
Derived: -T(x) | -T(y) | -T(z) | O(f17(x,y,z),z) | O(f17(x,y,z),x) | O(f17(x,y,z),y) | -PRE(u,x) | -PRE(u,y) | PRE(u,z).  [resolve(180,d,175,c)].
181 -T(x) | -T(y) | -T(z) | SUM(z,x,y) | -O(f17(x,y,z),z) | -O(f17(x,y,z),x).  [clausify(54)].
Derived: -T(x) | -T(y) | -T(z) | -O(f17(x,y,z),z) | -O(f17(x,y,z),x) | sum(x,y,z).  [resolve(181,d,167,a)].
Derived: -T(x) | -T(y) | -T(z) | -O(f17(x,y,z),z) | -O(f17(x,y,z),x) | -T(x) | -T(y) | -T(z) | -T(u) | -O(u,z) | O(u,x) | O(u,y).  [resolve(181,d,168,d)].
Derived: -T(x) | -T(y) | -T(z) | -O(f17(x,y,z),z) | -O(f17(x,y,z),x) | -T(x) | -T(y) | -T(z) | -T(u) | O(u,z) | -O(u,x).  [resolve(181,d,169,d)].
Derived: -T(x) | -T(y) | -T(z) | -O(f17(x,y,z),z) | -O(f17(x,y,z),x) | -T(x) | -T(y) | -T(z) | -T(u) | O(u,z) | -O(u,y).  [resolve(181,d,170,d)].
Derived: -T(x) | -T(y) | -T(z) | -O(f17(x,y,z),z) | -O(f17(x,y,z),x) | -PRE(u,x) | -PRE(u,y) | PRE(u,z).  [resolve(181,d,175,c)].
182 -T(x) | -T(y) | -T(z) | SUM(z,x,y) | -O(f17(x,y,z),z) | -O(f17(x,y,z),y).  [clausify(54)].
Derived: -T(x) | -T(y) | -T(z) | -O(f17(x,y,z),z) | -O(f17(x,y,z),y) | sum(x,y,z).  [resolve(182,d,167,a)].
Derived: -T(x) | -T(y) | -T(z) | -O(f17(x,y,z),z) | -O(f17(x,y,z),y) | -T(x) | -T(y) | -T(z) | -T(u) | -O(u,z) | O(u,x) | O(u,y).  [resolve(182,d,168,d)].
Derived: -T(x) | -T(y) | -T(z) | -O(f17(x,y,z),z) | -O(f17(x,y,z),y) | -T(x) | -T(y) | -T(z) | -T(u) | O(u,z) | -O(u,x).  [resolve(182,d,169,d)].
Derived: -T(x) | -T(y) | -T(z) | -O(f17(x,y,z),z) | -O(f17(x,y,z),y) | -T(x) | -T(y) | -T(z) | -T(u) | O(u,z) | -O(u,y).  [resolve(182,d,170,d)].
Derived: -T(x) | -T(y) | -T(z) | -O(f17(x,y,z),z) | -O(f17(x,y,z),y) | -PRE(u,x) | -PRE(u,y) | PRE(u,z).  [resolve(182,d,175,c)].

Eliminating tppart/3
183 tPP(x,y,z) | -tppart(x,y,z).  [clausify(33)].
184 -tPP(x,y,z) | tppart(x,y,z).  [clausify(33)].

Eliminating toverlaps/3
185 tO(x,y,z) | -toverlaps(x,y,z).  [clausify(34)].
186 -tO(x,y,z) | toverlaps(x,y,z).  [clausify(34)].

Eliminating PT/1
187 -PT(x) | ED(x) | PD(x) | Q(x) | AB(x).  [clausify(73)].
188 -ED(x) | PT(x).  [clausify(55)].
189 -PD(x) | PT(x).  [clausify(55)].
190 -Q(x) | PT(x).  [clausify(55)].
191 -AB(x) | PT(x).  [clausify(55)].
192 PT(x) | -ED(x).  [clausify(73)].
193 PT(x) | -PD(x).  [clausify(73)].
194 PT(x) | -Q(x).  [clausify(73)].
195 PT(x) | -AB(x).  [clausify(73)].

Eliminating AS/1
196 -ED(x) | PED(x) | NPED(x) | AS(x).  [clausify(77)].
197 -AS(x) | ED(x).  [clausify(56)].
198 ED(x) | -AS(x).  [clausify(77)].
199 -PED(x) | -AS(x).  [clausify(78)].
200 -NPED(x) | -AS(x).  [clausify(79)].

Eliminating EV/1
201 -ACH(x) | EV(x).  [clausify(62)].
202 -EV(x) | PD(x).  [clausify(57)].
Derived: -ACH(x) | PD(x).  [resolve(201,b,202,a)].
203 -ACC(x) | EV(x).  [clausify(62)].
Derived: -ACC(x) | PD(x).  [resolve(203,b,202,a)].
204 -PD(x) | EV(x) | STV(x).  [clausify(80)].
205 PD(x) | -EV(x).  [clausify(80)].
206 -EV(x) | -STV(x).  [clausify(81)].
Derived: -STV(x) | -ACH(x).  [resolve(206,a,201,b)].
Derived: -STV(x) | -ACC(x).  [resolve(206,a,203,b)].
207 -EV(x) | ACH(x) | ACC(x).  [clausify(88)].
Derived: ACH(x) | ACC(x) | -PD(x) | STV(x).  [resolve(207,a,204,b)].
208 EV(x) | -ACH(x).  [clausify(88)].
209 EV(x) | -ACC(x).  [clausify(88)].

Eliminating STV/1
210 -ST(x) | STV(x).  [clausify(63)].
211 -STV(x) | PD(x).  [clausify(57)].
Derived: -ST(x) | PD(x).  [resolve(210,b,211,a)].
212 -PRO(x) | STV(x).  [clausify(63)].
Derived: -PRO(x) | PD(x).  [resolve(212,b,211,a)].
213 PD(x) | -STV(x).  [clausify(80)].
214 -STV(x) | ST(x) | PRO(x).  [clausify(90)].
215 STV(x) | -ST(x).  [clausify(90)].
216 STV(x) | -PRO(x).  [clausify(90)].
217 -STV(x) | -ACH(x).  [resolve(206,a,201,b)].
Derived: -ACH(x) | -ST(x).  [resolve(217,a,210,b)].
Derived: -ACH(x) | -PRO(x).  [resolve(217,a,212,b)].
218 -STV(x) | -ACC(x).  [resolve(206,a,203,b)].
Derived: -ACC(x) | -ST(x).  [resolve(218,a,210,b)].
Derived: -ACC(x) | -PRO(x).  [resolve(218,a,212,b)].
219 ACH(x) | ACC(x) | -PD(x) | STV(x).  [resolve(207,a,204,b)].
Derived: ACH(x) | ACC(x) | -PD(x) | ST(x) | PRO(x).  [resolve(219,d,214,a)].

Eliminating TQ/1
220 -TL(x) | TQ(x).  [clausify(64)].
221 -TQ(x) | Q(x).  [clausify(58)].
Derived: -TL(x) | Q(x).  [resolve(220,b,221,a)].
222 -Q(x) | TQ(x) | PQ(x) | AQ(x).  [clausify(82)].
223 Q(x) | -TQ(x).  [clausify(82)].
224 -TQ(x) | -PQ(x).  [clausify(83)].
Derived: -PQ(x) | -TL(x).  [resolve(224,a,220,b)].
225 -TQ(x) | -AQ(x).  [clausify(83)].
Derived: -AQ(x) | -TL(x).  [resolve(225,a,220,b)].

Eliminating PQ/1
226 -SL(x) | PQ(x).  [clausify(65)].
227 -PQ(x) | Q(x).  [clausify(58)].
Derived: -SL(x) | Q(x).  [resolve(226,b,227,a)].
228 Q(x) | -PQ(x).  [clausify(82)].
229 -PQ(x) | -AQ(x).  [clausify(84)].
Derived: -AQ(x) | -SL(x).  [resolve(229,a,226,b)].
230 -PQ(x) | -TL(x).  [resolve(224,a,220,b)].
Derived: -TL(x) | -SL(x).  [resolve(230,a,226,b)].

Eliminating AQ/1

Eliminating R/1
231 -TR(x) | R(x).  [clausify(66)].
232 -R(x) | AB(x).  [clausify(59)].
Derived: -TR(x) | AB(x).  [resolve(231,b,232,a)].
233 -PR(x) | R(x).  [clausify(66)].
Derived: -PR(x) | AB(x).  [resolve(233,b,232,a)].
234 -AR(x) | R(x).  [clausify(66)].
Derived: -AR(x) | AB(x).  [resolve(234,b,232,a)].
235 -R(x) | TR(x) | PR(x) | AR(x).  [clausify(92)].
236 R(x) | -TR(x).  [clausify(92)].
237 R(x) | -PR(x).  [clausify(92)].
238 R(x) | -AR(x).  [clausify(92)].

Eliminating M/1
239 -PED(x) | M(x) | F(x) | POB(x).  [clausify(85)].
240 -M(x) | PED(x).  [clausify(60)].
241 PED(x) | -M(x).  [clausify(85)].
242 -M(x) | -F(x).  [clausify(86)].
243 -M(x) | -POB(x).  [clausify(86)].

Eliminating F/1

Eliminating POB/1
244 -APO(x) | POB(x).  [clausify(67)].
245 -POB(x) | PED(x).  [clausify(60)].
Derived: -APO(x) | PED(x).  [resolve(244,b,245,a)].
246 -NAPO(x) | POB(x).  [clausify(67)].
Derived: -NAPO(x) | PED(x).  [resolve(246,b,245,a)].
247 PED(x) | -POB(x).  [clausify(85)].
248 -POB(x) | APO(x) | NAPO(x).  [clausify(95)].
249 POB(x) | -APO(x).  [clausify(95)].
250 POB(x) | -NAPO(x).  [clausify(95)].

Eliminating NPOB/1
251 -MOB(x) | NPOB(x).  [clausify(68)].
252 -NPOB(x) | NPED(x).  [clausify(61)].
Derived: -MOB(x) | NPED(x).  [resolve(251,b,252,a)].
253 -SOB(x) | NPOB(x).  [clausify(68)].
Derived: -SOB(x) | NPED(x).  [resolve(253,b,252,a)].
254 -NPOB(x) | MOB(x) | SOB(x).  [clausify(97)].
255 NPOB(x) | -MOB(x).  [clausify(97)].
256 NPOB(x) | -SOB(x).  [clausify(97)].

Eliminating TR/1
257 -TR(x) | -PR(x).  [clausify(93)].
258 -T(x) | TR(x).  [clausify(69)].
Derived: -PR(x) | -T(x).  [resolve(257,a,258,b)].
259 -TR(x) | -AR(x).  [clausify(93)].
Derived: -AR(x) | -T(x).  [resolve(259,a,258,b)].
260 -TR(x) | AB(x).  [resolve(231,b,232,a)].
Derived: AB(x) | -T(x).  [resolve(260,a,258,b)].

Eliminating S/1

Eliminating ASO/1
261 -SAG(x) | ASO(x).  [clausify(72)].
262 -ASO(x) | SOB(x).  [clausify(71)].
Derived: -SAG(x) | SOB(x).  [resolve(261,b,262,a)].
263 -SC(x) | ASO(x).  [clausify(72)].
Derived: -SC(x) | SOB(x).  [resolve(263,b,262,a)].
264 -SOB(x) | ASO(x) | NASO(x).  [clausify(99)].
265 SOB(x) | -ASO(x).  [clausify(99)].
266 -ASO(x) | -NASO(x).  [clausify(100)].
Derived: -NASO(x) | -SAG(x).  [resolve(266,a,261,b)].
Derived: -NASO(x) | -SC(x).  [resolve(266,a,263,b)].
267 -ASO(x) | SAG(x) | SC(x).  [clausify(101)].
Derived: SAG(x) | SC(x) | -SOB(x) | NASO(x).  [resolve(267,a,264,b)].
268 ASO(x) | -SAG(x).  [clausify(101)].
269 ASO(x) | -SC(x).  [clausify(101)].

Eliminating NASO/1
270 SAG(x) | SC(x) | -SOB(x) | NASO(x).  [resolve(267,a,264,b)].
271 -NASO(x) | SOB(x).  [clausify(71)].
272 SOB(x) | -NASO(x).  [clausify(99)].
273 -NASO(x) | -SAG(x).  [resolve(266,a,261,b)].
274 -NASO(x) | -SC(x).  [resolve(266,a,263,b)].

Eliminating AB/1
275 -PR(x) | AB(x).  [resolve(233,b,232,a)].
276 -ED(x) | -AB(x).  [clausify(74)].
277 -PD(x) | -AB(x).  [clausify(75)].
278 -Q(x) | -AB(x).  [clausify(76)].
Derived: -PR(x) | -ED(x).  [resolve(275,b,276,b)].
Derived: -PR(x) | -PD(x).  [resolve(275,b,277,b)].
Derived: -PR(x) | -Q(x).  [resolve(275,b,278,b)].
279 -AR(x) | AB(x).  [resolve(234,b,232,a)].
Derived: -AR(x) | -ED(x).  [resolve(279,b,276,b)].
Derived: -AR(x) | -PD(x).  [resolve(279,b,277,b)].
Derived: -AR(x) | -Q(x).  [resolve(279,b,278,b)].
280 AB(x) | -T(x).  [resolve(260,a,258,b)].
Derived: -T(x) | -ED(x).  [resolve(280,a,276,b)].
Derived: -T(x) | -PD(x).  [resolve(280,a,277,b)].
Derived: -T(x) | -Q(x).  [resolve(280,a,278,b)].

Eliminating ACH/1
281 ACH(x) | ACC(x) | -PD(x) | ST(x) | PRO(x).  [resolve(219,d,214,a)].
282 -ACH(x) | -ACC(x).  [clausify(89)].
283 -ACH(x) | PD(x).  [resolve(201,b,202,a)].
284 -ACH(x) | -ST(x).  [resolve(217,a,210,b)].
285 -ACH(x) | -PRO(x).  [resolve(217,a,212,b)].

Eliminating ST/1

Eliminating PR/1

Eliminating APO/1

Eliminating MOB/1

Eliminating SAG/1

Eliminating sum/3
286 -T(x) | -T(y) | -T(z) | -T(u) | -O(u,z) | O(u,x) | O(u,y) | -sum(x,y,z).  [resolve(168,d,166,a)].
287 sum(c1,c2,c3).  [deny(103)].
Derived: -T(c1) | -T(c2) | -T(c3) | -T(x) | -O(x,c3) | O(x,c1) | O(x,c2).  [resolve(286,h,287,a)].
288 -T(x) | -T(y) | -T(z) | -T(u) | O(u,z) | -O(u,x) | -sum(x,y,z).  [resolve(169,d,166,a)].
Derived: -T(c1) | -T(c2) | -T(c3) | -T(x) | O(x,c3) | -O(x,c1).  [resolve(288,g,287,a)].
289 -T(x) | -T(y) | -T(z) | -T(u) | O(u,z) | -O(u,y) | -sum(x,y,z).  [resolve(170,d,166,a)].
Derived: -T(c1) | -T(c2) | -T(c3) | -T(x) | O(x,c3) | -O(x,c2).  [resolve(289,g,287,a)].
290 -T(x) | -T(y) | -T(z) | T(f8(x,y,z)) | sum(x,y,z).  [resolve(171,d,167,a)].
291 -T(x) | -T(y) | -T(z) | O(f8(x,y,z),z) | O(f8(x,y,z),x) | O(f8(x,y,z),y) | sum(x,y,z).  [resolve(172,d,167,a)].
292 -T(x) | -T(y) | -T(z) | -O(f8(x,y,z),z) | -O(f8(x,y,z),x) | sum(x,y,z).  [resolve(173,d,167,a)].
293 -T(x) | -T(y) | -T(z) | -O(f8(x,y,z),z) | -O(f8(x,y,z),y) | sum(x,y,z).  [resolve(174,d,167,a)].
294 -PRE(x,y) | -PRE(x,z) | PRE(x,u) | -sum(y,z,u).  [resolve(175,c,166,a)].
Derived: -PRE(x,c1) | -PRE(x,c2) | PRE(x,c3).  [resolve(294,d,287,a)].
295 -T(x) | -T(y) | -T(z) | T(f17(x,y,z)) | sum(x,y,z).  [resolve(179,d,167,a)].
296 -T(x) | -T(y) | -T(z) | O(f17(x,y,z),z) | O(f17(x,y,z),x) | O(f17(x,y,z),y) | sum(x,y,z).  [resolve(180,d,167,a)].
297 -T(x) | -T(y) | -T(z) | -O(f17(x,y,z),z) | -O(f17(x,y,z),x) | sum(x,y,z).  [resolve(181,d,167,a)].
298 -T(x) | -T(y) | -T(z) | -O(f17(x,y,z),z) | -O(f17(x,y,z),y) | sum(x,y,z).  [resolve(182,d,167,a)].

Eliminating tunderlaps/3
299 -tunderlaps(x,y,z) | tP(x,f4(x,y,z),z).  [resolve(114,a,108,a)].
300 tunderlaps(x,y,z) | -tP(x,u,z) | -tP(y,u,z).  [resolve(113,a,107,a)].
Derived: tP(x,f4(x,y,z),z) | -tP(x,u,z) | -tP(y,u,z).  [resolve(299,a,300,a)].
301 -tunderlaps(x,y,z) | tP(y,f4(x,y,z),z).  [resolve(114,a,109,a)].
Derived: tP(x,f4(y,x,z),z) | -tP(y,u,z) | -tP(x,u,z).  [resolve(301,a,300,a)].
302 -tunderlaps(x,y,z) | -tO(u,f6(x,y,z),z) | tO(u,x,z) | tO(u,y,z).  [resolve(114,a,110,a)].
Derived: -tO(x,f6(y,z,u),u) | tO(x,y,u) | tO(x,z,u) | -tP(y,w,u) | -tP(z,w,u).  [resolve(302,a,300,a)].
303 -tunderlaps(x,y,z) | tO(u,f6(x,y,z),z) | -tO(u,x,z).  [resolve(114,a,111,a)].
Derived: tO(x,f6(y,z,u),u) | -tO(x,y,u) | -tP(y,w,u) | -tP(z,w,u).  [resolve(303,a,300,a)].
304 -tunderlaps(x,y,z) | tO(u,f6(x,y,z),z) | -tO(u,y,z).  [resolve(114,a,112,a)].
Derived: tO(x,f6(y,z,u),u) | -tO(x,z,u) | -tP(y,w,u) | -tP(z,w,u).  [resolve(304,a,300,a)].

Eliminating atomic_part/1
305 -T(x) | T(f14(x)) | atomic_part(x).  [resolve(144,a,141,a)].
306 T(x) | -atomic_part(x).  [resolve(142,a,140,a)].
307 -T(x) | -P(x,y) | x = y | -atomic_part(y).  [resolve(143,a,140,a)].
308 -T(x) | P(f14(x),x) | atomic_part(x).  [resolve(145,a,141,a)].
309 -T(x) | f14(x) != x | atomic_part(x).  [resolve(146,a,141,a)].

Eliminating disjoint/2
310 -T(x) | -T(y) | -O(x,y) | -disjoint(x,y).  [resolve(150,c,147,a)].
311 -T(x) | -T(y) | P(x,y) | disjoint(f11(x,y),y).  [resolve(149,d,148,a)].
312 -T(x) | -T(y) | O(x,y) | disjoint(x,y).  [resolve(151,c,148,a)].

Eliminating underlaps/2
313 -T(x) | -T(y) | -P(x,z) | -P(y,z) | -T(z) | underlaps(x,y).  [resolve(161,c,157,a)].
314 -T(x) | -T(y) | P(x,f13(x,y)) | -underlaps(x,y).  [resolve(158,c,156,a)].
315 -T(x) | -T(y) | P(y,f13(x,y)) | -underlaps(x,y).  [resolve(159,c,156,a)].
316 -T(x) | -T(y) | T(f13(x,y)) | -underlaps(x,y).  [resolve(160,c,156,a)].
317 -T(x) | -T(y) | T(f15(x,y)) | -underlaps(x,y).  [resolve(162,c,156,a)].
318 -T(x) | -T(y) | -T(z) | -O(z,f15(x,y)) | O(z,x) | O(z,y) | -underlaps(x,y).  [resolve(163,c,156,a)].
319 -T(x) | -T(y) | -T(z) | O(z,f15(x,y)) | -O(z,x) | -underlaps(x,y).  [resolve(164,c,156,a)].
320 -T(x) | -T(y) | -T(z) | O(z,f15(x,y)) | -O(z,y) | -underlaps(x,y).  [resolve(165,c,156,a)].

Eliminating ACC/1

Eliminating PRO/1

Eliminating TL/1

Eliminating SL/1

Eliminating NAPO/1

Eliminating SOB/1
321 -SC(x) | SOB(x).  [resolve(263,b,262,a)].
322 -SOB(x) | NPED(x).  [resolve(253,b,252,a)].
Derived: -SC(x) | NPED(x).  [resolve(321,b,322,a)].

Eliminating AR/1

Eliminating SC/1

============================== end predicate elimination =============

Term ordering decisions:
Predicate symbol precedence:  predicate_order([ =, T, ED, PD, Q, NPED, PED, O, PRE, P, in3, PP, tP, tO, tPP ]).
Function symbol precedence:  function_order([ c1, c2, c3, c4, f5, f10, f11, f12, f13, f15, f16, f9, f14, f2, f3, f4, f6, f7, f8, f17, f1 ]).
After inverse_order:  (no changes).
Unfolding symbols: (none).

Auto_inference settings:
  % set(paramodulation).  % (positive equality literals)
  % set(binary_resolution).  % (non-Horn)

Auto_process settings:
  % set(factor).  % (non-Horn)
  % set(unit_deletion).  % (non-Horn)

============================== end of process initial clauses ========

============================== CLAUSES FOR SEARCH ====================

============================== end of clauses for search =============

============================== SEARCH ================================

% Starting search at 0.34 seconds.

Low Water (keep): wt=46.000, iters=6677

Low Water (keep): wt=35.000, iters=6993

Low Water (keep): wt=32.000, iters=6823

Low Water (keep): wt=30.000, iters=6740

Low Water (keep): wt=29.000, iters=6789

Low Water (keep): wt=28.000, iters=6815

Low Water (keep): wt=27.000, iters=6678

Low Water (keep): wt=26.000, iters=6668

Low Water (keep): wt=23.000, iters=6858

Low Water (keep): wt=22.000, iters=6818

Low Water (keep): wt=21.000, iters=6668

Low Water (keep): wt=20.000, iters=6694

Low Water (keep): wt=19.000, iters=6717

Low Water (displace): id=11769, wt=54.000

Low Water (displace): id=11764, wt=47.000

Low Water (displace): id=12351, wt=46.000

Low Water (displace): id=11708, wt=44.000

Low Water (displace): id=11765, wt=43.000

Low Water (displace): id=11707, wt=41.000

Low Water (displace): id=22663, wt=17.000

Low Water (displace): id=23135, wt=16.000

Low Water (displace): id=23144, wt=11.000

Low Water (keep): wt=18.000, iters=6681

Low Water (displace): id=23273, wt=10.000

Low Water (displace): id=23761, wt=9.000

Low Water (keep): wt=17.000, iters=6680

Low Water (keep): wt=16.000, iters=6668

Low Water (keep): wt=15.000, iters=6666

Low Water (keep): wt=14.000, iters=6678

============================== PROOF =================================

% Proof 1 at 119.02 (+ 4.93) seconds.
% Length of proof is 64.
% Level of proof is 20.
% Maximum clause weight is 12.000.
% Given clauses 14784.

17 (all x all y (in3(x,y) <-> PRE(x,y) & T(y) & (PD(x) | Q(x)) | PRE(y,x) & T(x) & (PD(y) | Q(y)) | x = y & (PD(y) | Q(y) | T(y)))) # label(non_clause).  [assumption].
18 (all x (line3(x) <-> PD(x) | Q(x))) # label(non_clause).  [assumption].
19 (all x (point3(x) <-> T(x))) # label(non_clause).  [assumption].
31 (all x all y all z (SUM(z,x,y) <-> sum(x,y,z))) # label(non_clause).  [assumption].
38 (all x all t (PRE(x,t) -> T(t))) # label(non_clause).  [assumption].
39 (all x all t all t1 all t2 (PRE(x,t1) & PRE(x,t2) & SUM(t,t1,t2) -> PRE(x,t))) # label(non_clause).  [assumption].
59 (all x (R(x) -> AB(x))) # label(non_clause).  [assumption].
66 (all x (TR(x) | PR(x) | AR(x) -> R(x))) # label(non_clause).  [assumption].
69 (all x (T(x) -> TR(x))) # label(non_clause).  [assumption].
75 (all x (PD(x) -> -Q(x) & -AB(x))) # label(non_clause).  [assumption].
76 (all x (Q(x) -> -AB(x))) # label(non_clause).  [assumption].
103 (all x all y all z all l (point3(x) & point3(y) & line3(l) & in3(x,l) & in3(y,l) & sum(x,y,z) -> in3(z,l))) # label(non_clause) # label(goal).  [goal].
119 -line3(x) | PD(x) | Q(x).  [clausify(18)].
121 line3(c4).  [deny(103)].
123 -point3(x) | T(x).  [clausify(19)].
124 point3(c1).  [deny(103)].
125 point3(c2).  [deny(103)].
166 SUM(x,y,z) | -sum(y,z,x).  [clausify(31)].
175 -PRE(x,y) | -PRE(x,z) | -SUM(u,y,z) | PRE(x,u).  [clausify(39)].
231 -TR(x) | R(x).  [clausify(66)].
232 -R(x) | AB(x).  [clausify(59)].
258 -T(x) | TR(x).  [clausify(69)].
260 -TR(x) | AB(x).  [resolve(231,b,232,a)].
277 -PD(x) | -AB(x).  [clausify(75)].
278 -Q(x) | -AB(x).  [clausify(76)].
280 AB(x) | -T(x).  [resolve(260,a,258,b)].
287 sum(c1,c2,c3).  [deny(103)].
294 -PRE(x,y) | -PRE(x,z) | PRE(x,u) | -sum(y,z,u).  [resolve(175,c,166,a)].
350 -in3(x,y) | T(y) | PRE(y,x) | y = x.  [clausify(17)].
358 in3(x,y) | -PRE(y,x) | -T(x) | -PD(y).  [clausify(17)].
359 in3(x,y) | -PRE(y,x) | -T(x) | -Q(y).  [clausify(17)].
367 -PRE(x,y) | T(y).  [clausify(38)].
395 in3(c1,c4).  [deny(103)].
396 in3(c2,c4).  [deny(103)].
397 -in3(c3,c4).  [deny(103)].
406 PD(c4) | Q(c4).  [resolve(121,a,119,a)].
407 T(c1).  [resolve(124,a,123,a)].
408 T(c2).  [resolve(125,a,123,a)].
485 -T(x) | -PD(x).  [resolve(280,a,277,b)].
486 -T(x) | -Q(x).  [resolve(280,a,278,b)].
493 -PRE(x,c1) | -PRE(x,c2) | PRE(x,c3).  [resolve(294,d,287,a)].
725 T(c4) | PRE(c4,c1) | c4 = c1.  [resolve(395,a,350,a)].
728 T(c4) | PRE(c4,c2) | c4 = c2.  [resolve(396,a,350,a)].
753 -T(c4) | PD(c4).  [resolve(486,b,406,b)].
1265 T(c4) | c4 = c2 | -PRE(c4,c1) | PRE(c4,c3).  [resolve(728,b,493,b)].
40680 T(c4) | c4 = c2 | PRE(c4,c3) | c4 = c1.  [resolve(1265,c,725,b),merge(d)].
53104 T(c4) | c4 = c2 | c4 = c1 | T(c3).  [resolve(40680,c,367,a)].
53105 T(c4) | c4 = c2 | c4 = c1 | -T(c3) | -Q(c4).  [resolve(40680,c,359,b),unit_del(d,397)].
53106 T(c4) | c4 = c2 | c4 = c1 | -T(c3) | -PD(c4).  [resolve(40680,c,358,b),unit_del(d,397)].
53108 c4 = c2 | c4 = c1 | T(c3) | PD(c4).  [resolve(53104,a,753,a)].
53113 c4 = c2 | c4 = c1 | T(c3) | -T(c4).  [resolve(53108,d,485,b)].
53116 c4 = c2 | c4 = c1 | T(c3).  [resolve(53113,d,53104,a),merge(d),merge(e),merge(f)].
63471 T(c4) | c4 = c2 | c4 = c1 | -T(c3) | PD(c4).  [resolve(53105,e,406,b)].
66282 T(c4) | c4 = c2 | c4 = c1 | PD(c4).  [resolve(63471,d,53116,c),merge(e),merge(f)].
66283 T(c4) | c4 = c2 | c4 = c1 | -T(c3).  [resolve(66282,d,53106,e),merge(d),merge(e),merge(f)].
66290 T(c4) | c4 = c2 | c4 = c1.  [resolve(66283,d,53116,c),merge(d),merge(e)].
66292 c4 = c2 | c4 = c1 | PD(c4).  [resolve(66290,a,753,a)].
66307 c4 = c2 | c4 = c1 | -T(c4).  [resolve(66292,c,485,b)].
66310 c4 = c2 | c4 = c1.  [resolve(66307,c,66290,a),merge(c),merge(d)].
66318 c4 = c1 | PD(c4).  [para(66310(a,1),753(a,1)),unit_del(b,408)].
66546 c4 = c1 | -T(c4).  [resolve(66318,b,485,b)].
66551 c4 = c1.  [para(66310(a,1),66546(b,1)),merge(b),unit_del(b,408)].
68119 PD(c1).  [back_rewrite(753),rewrite([66551(1),66551(3)]),unit_del(a,407)].
68128 $F.  [resolve(68119,a,485,b),unit_del(a,407)].

============================== end of proof ==========================

============================== STATISTICS ============================

Given=14784. Generated=10946458. Kept=67770. proofs=1.
Usable=13653. Sos=18187. Demods=1. Limbo=0, Disabled=36327. Hints=0.
Kept_by_rule=0, Deleted_by_rule=0.
Forward_subsumed=42957. Back_subsumed=1234.
Sos_limit_deleted=10835730. Sos_displaced=32329. Sos_removed=0.
New_demodulators=1 (0 lex), Back_demodulated=2150. Back_unit_deleted=217.
Demod_attempts=31735. Demod_rewrites=5361.
Res_instance_prunes=0. Para_instance_prunes=0. Basic_paramod_prunes=0.
Nonunit_fsub_feature_tests=1507354. Nonunit_bsub_feature_tests=1401979.
Megabytes=85.26.
User_CPU=119.02, System_CPU=4.93, Wall_clock=127.

============================== end of statistics =====================

============================== end of search =========================

THEOREM PROVED

Exiting with 1 proof.

Process 23410 exit (max_proofs) Tue Jul 30 21:37:35 2013
