============================== Prover9 ===============================
Prover9 (64) version 2009-11A, November 2009.
Process 22077 was started by cchui on stl-ws4.mie.utoronto.ca,
Mon Jul 22 02:50:51 2013
The command was "prover9 -t 600 -f test/p9/dolce_temporary_parthood.p9 test/p9/dolce_temporary_parthood2ideal_cem_downward_cem_foliation.p9 test/p9/dolce_present.p9 test/p9/dolce_time_mereology.p9 test/p9/dolce_taxonomy.p9 test/p9/options.txt test/p9/ex0722_temporary_parthood1_14.p9".
============================== end of head ===========================

============================== INPUT =================================

% Reading from file test/p9/dolce_temporary_parthood.p9


formulas(sos).
(all x all y all t (tP(x,y,t) -> ED(x) & ED(y) & T(t))).
(all x all y all t (tP(x,y,t) -> (PED(x) <-> PED(y)))).
(all x all y all t (tP(x,y,t) -> (NPED(x) <-> NPED(y)))).
(all x all y all z all t (tP(x,y,t) & tP(y,z,t) -> tP(x,z,t))).
(all x all y all z all t (ED(x) & ED(y) & PRE(x,t) & PRE(y,t) & -tP(x,y,t) -> (exists z (tP(z,x,t) & -tO(z,y,t))))).
(all x all t (ED(x) & PRE(x,t) -> tP(x,x,t))).
(all x all y all t (tP(x,y,t) -> PRE(x,t) & PRE(y,t))).
(all x all y all t1 (tP(x,y,t1) -> (all t2 (P(t2,t1) -> tP(x,y,t2))))).
(all x all y all t (PRE(x,t) & PRE(y,t) & -tP(x,y,t) -> (exists z (tP(z,x,t) & tDJ(z,y,t))))).
(all x all y all t (tPP(x,y,t) <-> tP(x,y,t) & -tP(y,x,t))).
(all x all y all t (tO(x,y,t) <-> (exists z (tP(z,x,t) & tP(z,y,t))))).
(all x all y all t (tDJ(x,y,t) <-> -tO(x,y,t))).
(all x all y all t (tU(x,y,t) <-> (exists z (tP(x,z,t) & tP(y,z,t))))).
(all x all t (tAtP(x,t) <-> (all y (tP(y,x,t) -> y = x)))).
(all x all y all t (tU(x,y,t) -> (exists z all v (tO(v,z,t) <-> tO(v,x,t) | tO(v,y,t))))).
(all x all y all t (tO(x,y,t) -> (exists z all v (tPP(v,z,t) <-> tPP(v,x,t) & tPP(v,y,t))))).
end_of_list.

% Reading from file test/p9/dolce_temporary_parthood2ideal_cem_downward_cem_foliation.p9


formulas(sos).
(all x all y (part1(x,y) <-> P(x,y) & T(x) & T(y))).
(all x all y (in1(x,y) <-> PRE(x,y) & T(y) & ED(x) | PRE(y,x) & T(x) & ED(y) | x = y & (ED(y) | T(y)))).
(all x (point1(x) <-> T(x))).
(all x (line1(x) <-> ED(x))).
(all x all y all z (tpart(x,y,z) <-> tP(x,y,z))).
(all x (L_1(x) <-> ED(x))).
(all x (L_2(x) <-> PD(x))).
(all x (L_3(x) <-> Q(x))).
(all x (L_4(x) <-> PED(x))).
(all x (L_5(x) <-> NPED(x))).
(all x all y (ppart(x,y) <-> PP(x,y) & T(x) & T(y))).
(all x all y (overlaps(x,y) <-> O(x,y) & T(x) & T(y))).
(all x all y (underlaps(x,y) <-> U(x,y) & T(x) & T(y))).
(all x all y (disjoint(x,y) <-> DJ(x,y) & T(x) & T(y))).
(all x all y all z (sum(x,y,z) -> SUM(z,x,y) & T(z) & T(x) & T(y))).
(all x all y all t (tppart(x,y,t) -> tPP(x,y,t))).
(all x all y all t (toverlaps(x,y,t) -> tO(x,y,t))).
(all x all y all t (tunderlaps(x,y,t) -> tU(x,y,t))).
(all x all y all t (tdisjoint(x,y,t) -> tDJ(x,y,t))).
end_of_list.

% Reading from file test/p9/dolce_present.p9


formulas(sos).
(all x (ED(x) | PD(x) | Q(x) -> (exists t PRE(x,t)))).
(all x all t all t1 (PRE(x,t) & P(t1,t) -> PRE(x,t1))).
(all x all t (PRE(x,t) -> T(t))).
(all x all t all t1 all t2 (PRE(x,t1) & PRE(x,t2) & SUM(t,t1,t2) -> PRE(x,t))).
end_of_list.

% Reading from file test/p9/dolce_time_mereology.p9


formulas(sos).
(all x all y (P(x,y) -> T(y) & T(y))).
(all x all y (P(x,y) -> (T(x) <-> T(y)))).
(all x all y (T(x) -> P(x,x))).
(all x all y (T(x) & T(y) & P(x,y) & P(y,x) -> x = y)).
(all x all y all z (T(x) & T(y) & P(x,y) & P(y,z) -> P(x,z))).
(all x all y (T(x) & T(y) & -P(x,y) -> (exists z (T(z) & P(z,x) & -O(z,y))))).
(all x all y (T(x) & T(y) & -P(x,y) -> (exists z (P(z,x) & DJ(z,y) & T(z))))).
(all x all y (T(x) & T(y) -> (PP(x,y) <-> P(x,y) & -P(y,x)))).
(all x all y (T(x) & T(y) -> (O(x,y) <-> (exists z (P(z,x) & P(z,y) & T(z)))))).
(all x all y (T(x) & T(y) -> (DJ(x,y) <-> -O(x,y)))).
(all x all y (T(x) & T(y) -> (U(x,y) <-> (exists z (P(x,z) & P(y,z) & T(z)))))).
(all x (AtP(x) <-> T(x) & (all y (T(y) & P(y,x) -> y = x)))).
(all x all y (T(x) & T(y) & U(x,y) -> (exists z (T(z) & (all w (T(w) -> (O(w,z) <-> O(w,x) | O(w,y)))))))).
(all x all y (T(x) & T(y) & O(x,y) -> (exists z (T(z) & (all w (T(w) -> (PP(w,z) <-> PP(w,x) & PP(w,y)))))))).
(all x all y all z (T(x) & T(y) & T(z) -> (SUM(z,x,y) <-> (all w (T(w) -> (O(w,z) <-> O(w,x) | O(w,y))))))).
end_of_list.

% Reading from file test/p9/dolce_taxonomy.p9


formulas(sos).
(all x (ED(x) | PD(x) | Q(x) | AB(x) -> PT(x))).
(all x (PED(x) | NPED(x) | AS(x) -> ED(x))).
(all x (EV(x) | STV(x) -> PD(x))).
(all x (TQ(x) | PQ(x) | AQ(x) -> Q(x))).
(all x (R(x) -> AB(x))).
(all x (M(x) | F(x) | POB(x) -> PED(x))).
(all x (NPOB(x) -> NPED(x))).
(all x (ACH(x) | ACC(x) -> EV(x))).
(all x (ST(x) | PRO(x) -> STV(x))).
(all x (TL(x) -> TQ(x))).
(all x (SL(x) -> PQ(x))).
(all x (TR(x) | PR(x) | AR(x) -> R(x))).
(all x (APO(x) | NAPO(x) -> POB(x))).
(all x (MOB(x) | SOB(x) -> NPOB(x))).
(all x (T(x) -> TR(x))).
(all x (S(x) -> PR(x))).
(all x (ASO(x) | NASO(x) -> SOB(x))).
(all x (SAG(x) | SC(x) -> ASO(x))).
(all x (PT(x) <-> ED(x) | PD(x) | Q(x) | AB(x))).
(all x (ED(x) -> -PD(x) & -Q(x) & -AB(x))).
(all x (PD(x) -> -Q(x) & -AB(x))).
(all x (Q(x) -> -AB(x))).
(all x (ED(x) <-> PED(x) | NPED(x) | AS(x))).
(all x (PED(x) -> -NPED(x) & -AS(x))).
(all x (NPED(x) -> -AS(x))).
(all x (PD(x) <-> EV(x) | STV(x))).
(all x (EV(x) -> -STV(x))).
(all x (Q(x) <-> TQ(x) | PQ(x) | AQ(x))).
(all x (TQ(x) -> -PQ(x) & -AQ(x))).
(all x (PQ(x) -> -AQ(x))).
(all x (PED(x) <-> M(x) | F(x) | POB(x))).
(all x (M(x) -> -F(x) & -POB(x))).
(all x (F(x) -> -POB(x))).
(all x (EV(x) <-> ACH(x) | ACC(x))).
(all x (ACH(x) -> -ACC(x))).
(all x (STV(x) <-> ST(x) | PRO(x))).
(all x (ST(x) -> -PRO(x))).
(all x (R(x) <-> TR(x) | PR(x) | AR(x))).
(all x (TR(x) -> -PR(x) & -AR(x))).
(all x (PR(x) -> -AR(x))).
(all x (POB(x) <-> APO(x) | NAPO(x))).
(all x (APO(x) -> -NAPO(x))).
(all x (NPOB(x) <-> MOB(x) | SOB(x))).
(all x (MOB(x) -> -SOB(x))).
(all x (SOB(x) <-> ASO(x) | NASO(x))).
(all x (ASO(x) -> -NASO(x))).
(all x (ASO(x) <-> SAG(x) | SC(x))).
(all x (SAG(x) -> -SC(x))).
end_of_list.

% Reading from file test/p9/options.txt

clear(auto_denials).
clear(print_initial_clauses).
clear(print_kept).
clear(print_given).

% Reading from file test/p9/ex0722_temporary_parthood1_14.p9


formulas(goals).
(all x (line1(x) -> (exists y (point1(y) & in1(x,y))))).
end_of_list.

============================== end of input ==========================

% From the command line: assign(max_seconds, 600).

============================== PROCESS NON-CLAUSAL FORMULAS ==========

% Formulas that are not ordinary clauses:
1 (all x all y all t (tP(x,y,t) -> ED(x) & ED(y) & T(t))) # label(non_clause).  [assumption].
2 (all x all y all t (tP(x,y,t) -> (PED(x) <-> PED(y)))) # label(non_clause).  [assumption].
3 (all x all y all t (tP(x,y,t) -> (NPED(x) <-> NPED(y)))) # label(non_clause).  [assumption].
4 (all x all y all z all t (tP(x,y,t) & tP(y,z,t) -> tP(x,z,t))) # label(non_clause).  [assumption].
5 (all x all y all z all t (ED(x) & ED(y) & PRE(x,t) & PRE(y,t) & -tP(x,y,t) -> (exists z (tP(z,x,t) & -tO(z,y,t))))) # label(non_clause).  [assumption].
6 (all x all t (ED(x) & PRE(x,t) -> tP(x,x,t))) # label(non_clause).  [assumption].
7 (all x all y all t (tP(x,y,t) -> PRE(x,t) & PRE(y,t))) # label(non_clause).  [assumption].
8 (all x all y all t1 (tP(x,y,t1) -> (all t2 (P(t2,t1) -> tP(x,y,t2))))) # label(non_clause).  [assumption].
9 (all x all y all t (PRE(x,t) & PRE(y,t) & -tP(x,y,t) -> (exists z (tP(z,x,t) & tDJ(z,y,t))))) # label(non_clause).  [assumption].
10 (all x all y all t (tPP(x,y,t) <-> tP(x,y,t) & -tP(y,x,t))) # label(non_clause).  [assumption].
11 (all x all y all t (tO(x,y,t) <-> (exists z (tP(z,x,t) & tP(z,y,t))))) # label(non_clause).  [assumption].
12 (all x all y all t (tDJ(x,y,t) <-> -tO(x,y,t))) # label(non_clause).  [assumption].
13 (all x all y all t (tU(x,y,t) <-> (exists z (tP(x,z,t) & tP(y,z,t))))) # label(non_clause).  [assumption].
14 (all x all t (tAtP(x,t) <-> (all y (tP(y,x,t) -> y = x)))) # label(non_clause).  [assumption].
15 (all x all y all t (tU(x,y,t) -> (exists z all v (tO(v,z,t) <-> tO(v,x,t) | tO(v,y,t))))) # label(non_clause).  [assumption].
16 (all x all y all t (tO(x,y,t) -> (exists z all v (tPP(v,z,t) <-> tPP(v,x,t) & tPP(v,y,t))))) # label(non_clause).  [assumption].
17 (all x all y (part1(x,y) <-> P(x,y) & T(x) & T(y))) # label(non_clause).  [assumption].
18 (all x all y (in1(x,y) <-> PRE(x,y) & T(y) & ED(x) | PRE(y,x) & T(x) & ED(y) | x = y & (ED(y) | T(y)))) # label(non_clause).  [assumption].
19 (all x (point1(x) <-> T(x))) # label(non_clause).  [assumption].
20 (all x (line1(x) <-> ED(x))) # label(non_clause).  [assumption].
21 (all x all y all z (tpart(x,y,z) <-> tP(x,y,z))) # label(non_clause).  [assumption].
22 (all x (L_1(x) <-> ED(x))) # label(non_clause).  [assumption].
23 (all x (L_2(x) <-> PD(x))) # label(non_clause).  [assumption].
24 (all x (L_3(x) <-> Q(x))) # label(non_clause).  [assumption].
25 (all x (L_4(x) <-> PED(x))) # label(non_clause).  [assumption].
26 (all x (L_5(x) <-> NPED(x))) # label(non_clause).  [assumption].
27 (all x all y (ppart(x,y) <-> PP(x,y) & T(x) & T(y))) # label(non_clause).  [assumption].
28 (all x all y (overlaps(x,y) <-> O(x,y) & T(x) & T(y))) # label(non_clause).  [assumption].
29 (all x all y (underlaps(x,y) <-> U(x,y) & T(x) & T(y))) # label(non_clause).  [assumption].
30 (all x all y (disjoint(x,y) <-> DJ(x,y) & T(x) & T(y))) # label(non_clause).  [assumption].
31 (all x all y all z (sum(x,y,z) -> SUM(z,x,y) & T(z) & T(x) & T(y))) # label(non_clause).  [assumption].
32 (all x all y all t (tppart(x,y,t) -> tPP(x,y,t))) # label(non_clause).  [assumption].
33 (all x all y all t (toverlaps(x,y,t) -> tO(x,y,t))) # label(non_clause).  [assumption].
34 (all x all y all t (tunderlaps(x,y,t) -> tU(x,y,t))) # label(non_clause).  [assumption].
35 (all x all y all t (tdisjoint(x,y,t) -> tDJ(x,y,t))) # label(non_clause).  [assumption].
36 (all x (ED(x) | PD(x) | Q(x) -> (exists t PRE(x,t)))) # label(non_clause).  [assumption].
37 (all x all t all t1 (PRE(x,t) & P(t1,t) -> PRE(x,t1))) # label(non_clause).  [assumption].
38 (all x all t (PRE(x,t) -> T(t))) # label(non_clause).  [assumption].
39 (all x all t all t1 all t2 (PRE(x,t1) & PRE(x,t2) & SUM(t,t1,t2) -> PRE(x,t))) # label(non_clause).  [assumption].
40 (all x all y (P(x,y) -> T(y) & T(y))) # label(non_clause).  [assumption].
41 (all x all y (P(x,y) -> (T(x) <-> T(y)))) # label(non_clause).  [assumption].
42 (all x all y (T(x) -> P(x,x))) # label(non_clause).  [assumption].
43 (all x all y (T(x) & T(y) & P(x,y) & P(y,x) -> x = y)) # label(non_clause).  [assumption].
44 (all x all y all z (T(x) & T(y) & P(x,y) & P(y,z) -> P(x,z))) # label(non_clause).  [assumption].
45 (all x all y (T(x) & T(y) & -P(x,y) -> (exists z (T(z) & P(z,x) & -O(z,y))))) # label(non_clause).  [assumption].
46 (all x all y (T(x) & T(y) & -P(x,y) -> (exists z (P(z,x) & DJ(z,y) & T(z))))) # label(non_clause).  [assumption].
47 (all x all y (T(x) & T(y) -> (PP(x,y) <-> P(x,y) & -P(y,x)))) # label(non_clause).  [assumption].
48 (all x all y (T(x) & T(y) -> (O(x,y) <-> (exists z (P(z,x) & P(z,y) & T(z)))))) # label(non_clause).  [assumption].
49 (all x all y (T(x) & T(y) -> (DJ(x,y) <-> -O(x,y)))) # label(non_clause).  [assumption].
50 (all x all y (T(x) & T(y) -> (U(x,y) <-> (exists z (P(x,z) & P(y,z) & T(z)))))) # label(non_clause).  [assumption].
51 (all x (AtP(x) <-> T(x) & (all y (T(y) & P(y,x) -> y = x)))) # label(non_clause).  [assumption].
52 (all x all y (T(x) & T(y) & U(x,y) -> (exists z (T(z) & (all w (T(w) -> (O(w,z) <-> O(w,x) | O(w,y)))))))) # label(non_clause).  [assumption].
53 (all x all y (T(x) & T(y) & O(x,y) -> (exists z (T(z) & (all w (T(w) -> (PP(w,z) <-> PP(w,x) & PP(w,y)))))))) # label(non_clause).  [assumption].
54 (all x all y all z (T(x) & T(y) & T(z) -> (SUM(z,x,y) <-> (all w (T(w) -> (O(w,z) <-> O(w,x) | O(w,y))))))) # label(non_clause).  [assumption].
55 (all x (ED(x) | PD(x) | Q(x) | AB(x) -> PT(x))) # label(non_clause).  [assumption].
56 (all x (PED(x) | NPED(x) | AS(x) -> ED(x))) # label(non_clause).  [assumption].
57 (all x (EV(x) | STV(x) -> PD(x))) # label(non_clause).  [assumption].
58 (all x (TQ(x) | PQ(x) | AQ(x) -> Q(x))) # label(non_clause).  [assumption].
59 (all x (R(x) -> AB(x))) # label(non_clause).  [assumption].
60 (all x (M(x) | F(x) | POB(x) -> PED(x))) # label(non_clause).  [assumption].
61 (all x (NPOB(x) -> NPED(x))) # label(non_clause).  [assumption].
62 (all x (ACH(x) | ACC(x) -> EV(x))) # label(non_clause).  [assumption].
63 (all x (ST(x) | PRO(x) -> STV(x))) # label(non_clause).  [assumption].
64 (all x (TL(x) -> TQ(x))) # label(non_clause).  [assumption].
65 (all x (SL(x) -> PQ(x))) # label(non_clause).  [assumption].
66 (all x (TR(x) | PR(x) | AR(x) -> R(x))) # label(non_clause).  [assumption].
67 (all x (APO(x) | NAPO(x) -> POB(x))) # label(non_clause).  [assumption].
68 (all x (MOB(x) | SOB(x) -> NPOB(x))) # label(non_clause).  [assumption].
69 (all x (T(x) -> TR(x))) # label(non_clause).  [assumption].
70 (all x (S(x) -> PR(x))) # label(non_clause).  [assumption].
71 (all x (ASO(x) | NASO(x) -> SOB(x))) # label(non_clause).  [assumption].
72 (all x (SAG(x) | SC(x) -> ASO(x))) # label(non_clause).  [assumption].
73 (all x (PT(x) <-> ED(x) | PD(x) | Q(x) | AB(x))) # label(non_clause).  [assumption].
74 (all x (ED(x) -> -PD(x) & -Q(x) & -AB(x))) # label(non_clause).  [assumption].
75 (all x (PD(x) -> -Q(x) & -AB(x))) # label(non_clause).  [assumption].
76 (all x (Q(x) -> -AB(x))) # label(non_clause).  [assumption].
77 (all x (ED(x) <-> PED(x) | NPED(x) | AS(x))) # label(non_clause).  [assumption].
78 (all x (PED(x) -> -NPED(x) & -AS(x))) # label(non_clause).  [assumption].
79 (all x (NPED(x) -> -AS(x))) # label(non_clause).  [assumption].
80 (all x (PD(x) <-> EV(x) | STV(x))) # label(non_clause).  [assumption].
81 (all x (EV(x) -> -STV(x))) # label(non_clause).  [assumption].
82 (all x (Q(x) <-> TQ(x) | PQ(x) | AQ(x))) # label(non_clause).  [assumption].
83 (all x (TQ(x) -> -PQ(x) & -AQ(x))) # label(non_clause).  [assumption].
84 (all x (PQ(x) -> -AQ(x))) # label(non_clause).  [assumption].
85 (all x (PED(x) <-> M(x) | F(x) | POB(x))) # label(non_clause).  [assumption].
86 (all x (M(x) -> -F(x) & -POB(x))) # label(non_clause).  [assumption].
87 (all x (F(x) -> -POB(x))) # label(non_clause).  [assumption].
88 (all x (EV(x) <-> ACH(x) | ACC(x))) # label(non_clause).  [assumption].
89 (all x (ACH(x) -> -ACC(x))) # label(non_clause).  [assumption].
90 (all x (STV(x) <-> ST(x) | PRO(x))) # label(non_clause).  [assumption].
91 (all x (ST(x) -> -PRO(x))) # label(non_clause).  [assumption].
92 (all x (R(x) <-> TR(x) | PR(x) | AR(x))) # label(non_clause).  [assumption].
93 (all x (TR(x) -> -PR(x) & -AR(x))) # label(non_clause).  [assumption].
94 (all x (PR(x) -> -AR(x))) # label(non_clause).  [assumption].
95 (all x (POB(x) <-> APO(x) | NAPO(x))) # label(non_clause).  [assumption].
96 (all x (APO(x) -> -NAPO(x))) # label(non_clause).  [assumption].
97 (all x (NPOB(x) <-> MOB(x) | SOB(x))) # label(non_clause).  [assumption].
98 (all x (MOB(x) -> -SOB(x))) # label(non_clause).  [assumption].
99 (all x (SOB(x) <-> ASO(x) | NASO(x))) # label(non_clause).  [assumption].
100 (all x (ASO(x) -> -NASO(x))) # label(non_clause).  [assumption].
101 (all x (ASO(x) <-> SAG(x) | SC(x))) # label(non_clause).  [assumption].
102 (all x (SAG(x) -> -SC(x))) # label(non_clause).  [assumption].
103 (all x (line1(x) -> (exists y (point1(y) & in1(x,y))))) # label(non_clause) # label(goal).  [goal].

============================== end of process non-clausal formulas ===

============================== PROCESS INITIAL CLAUSES ===============

============================== PREDICATE ELIMINATION =================

Eliminating tDJ/3
104 -tDJ(x,y,z) | -tO(x,y,z).  [clausify(12)].
105 -PRE(x,y) | -PRE(z,y) | tP(x,z,y) | tDJ(f2(x,z,y),z,y).  [clausify(9)].
Derived: -tO(f2(x,y,z),y,z) | -PRE(x,z) | -PRE(y,z) | tP(x,y,z).  [resolve(104,a,105,d)].
106 tDJ(x,y,z) | tO(x,y,z).  [clausify(12)].
107 -tdisjoint(x,y,z) | tDJ(x,y,z).  [clausify(35)].
Derived: -tdisjoint(x,y,z) | -tO(x,y,z).  [resolve(107,b,104,a)].

Eliminating tU/3
108 tU(x,y,z) | -tP(x,u,z) | -tP(y,u,z).  [clausify(13)].
109 -tU(x,y,z) | tP(x,f4(x,y,z),z).  [clausify(13)].
110 -tU(x,y,z) | tP(y,f4(x,y,z),z).  [clausify(13)].
Derived: -tP(x,y,z) | -tP(u,y,z) | tP(x,f4(x,u,z),z).  [resolve(108,a,109,a)].
Derived: -tP(x,y,z) | -tP(u,y,z) | tP(u,f4(x,u,z),z).  [resolve(108,a,110,a)].
111 -tU(x,y,z) | -tO(u,f6(x,y,z),z) | tO(u,x,z) | tO(u,y,z).  [clausify(15)].
Derived: -tO(x,f6(y,z,u),u) | tO(x,y,u) | tO(x,z,u) | -tP(y,w,u) | -tP(z,w,u).  [resolve(111,a,108,a)].
112 -tU(x,y,z) | tO(u,f6(x,y,z),z) | -tO(u,x,z).  [clausify(15)].
Derived: tO(x,f6(y,z,u),u) | -tO(x,y,u) | -tP(y,w,u) | -tP(z,w,u).  [resolve(112,a,108,a)].
113 -tU(x,y,z) | tO(u,f6(x,y,z),z) | -tO(u,y,z).  [clausify(15)].
Derived: tO(x,f6(y,z,u),u) | -tO(x,z,u) | -tP(y,w,u) | -tP(z,w,u).  [resolve(113,a,108,a)].
114 -tunderlaps(x,y,z) | tU(x,y,z).  [clausify(34)].
Derived: -tunderlaps(x,y,z) | tP(x,f4(x,y,z),z).  [resolve(114,b,109,a)].
Derived: -tunderlaps(x,y,z) | tP(y,f4(x,y,z),z).  [resolve(114,b,110,a)].
Derived: -tunderlaps(x,y,z) | -tO(u,f6(x,y,z),z) | tO(u,x,z) | tO(u,y,z).  [resolve(114,b,111,a)].
Derived: -tunderlaps(x,y,z) | tO(u,f6(x,y,z),z) | -tO(u,x,z).  [resolve(114,b,112,a)].
Derived: -tunderlaps(x,y,z) | tO(u,f6(x,y,z),z) | -tO(u,y,z).  [resolve(114,b,113,a)].

Eliminating tAtP/2
115 tAtP(x,y) | tP(f5(x,y),x,y).  [clausify(14)].
116 -tAtP(x,y) | -tP(z,x,y) | z = x.  [clausify(14)].
Derived: tP(f5(x,y),x,y) | -tP(z,x,y) | z = x.  [resolve(115,a,116,a)].
117 tAtP(x,y) | f5(x,y) != x.  [clausify(14)].
Derived: f5(x,y) != x | -tP(z,x,y) | z = x.  [resolve(117,a,116,a)].

Eliminating part1/2
118 part1(x,y) | -P(x,y) | -T(x) | -T(y).  [clausify(17)].
119 -part1(x,y) | P(x,y).  [clausify(17)].
120 -part1(x,y) | T(x).  [clausify(17)].
121 -part1(x,y) | T(y).  [clausify(17)].

Eliminating point1/1
122 point1(x) | -T(x).  [clausify(19)].
123 -point1(x) | T(x).  [clausify(19)].
124 -point1(x) | -in1(c1,x).  [deny(103)].
Derived: -in1(c1,x) | -T(x).  [resolve(124,a,122,a)].

Eliminating line1/1
125 line1(x) | -ED(x).  [clausify(20)].
126 -line1(x) | ED(x).  [clausify(20)].
127 line1(c1).  [deny(103)].
Derived: ED(c1).  [resolve(127,a,126,a)].

Eliminating tpart/3
128 tpart(x,y,z) | -tP(x,y,z).  [clausify(21)].
129 -tpart(x,y,z) | tP(x,y,z).  [clausify(21)].

Eliminating L_1/1
130 L_1(x) | -ED(x).  [clausify(22)].
131 -L_1(x) | ED(x).  [clausify(22)].

Eliminating L_2/1
132 L_2(x) | -PD(x).  [clausify(23)].
133 -L_2(x) | PD(x).  [clausify(23)].

Eliminating L_3/1
134 L_3(x) | -Q(x).  [clausify(24)].
135 -L_3(x) | Q(x).  [clausify(24)].

Eliminating L_4/1
136 L_4(x) | -PED(x).  [clausify(25)].
137 -L_4(x) | PED(x).  [clausify(25)].

Eliminating L_5/1
138 L_5(x) | -NPED(x).  [clausify(26)].
139 -L_5(x) | NPED(x).  [clausify(26)].

Eliminating ppart/2
140 ppart(x,y) | -PP(x,y) | -T(x) | -T(y).  [clausify(27)].
141 -ppart(x,y) | PP(x,y).  [clausify(27)].
142 -ppart(x,y) | T(x).  [clausify(27)].
143 -ppart(x,y) | T(y).  [clausify(27)].

Eliminating overlaps/2
144 overlaps(x,y) | -O(x,y) | -T(x) | -T(y).  [clausify(28)].
145 -overlaps(x,y) | O(x,y).  [clausify(28)].
146 -overlaps(x,y) | T(x).  [clausify(28)].
147 -overlaps(x,y) | T(y).  [clausify(28)].

Eliminating underlaps/2
148 underlaps(x,y) | -U(x,y) | -T(x) | -T(y).  [clausify(29)].
149 -underlaps(x,y) | U(x,y).  [clausify(29)].
150 -underlaps(x,y) | T(x).  [clausify(29)].
151 -underlaps(x,y) | T(y).  [clausify(29)].

Eliminating disjoint/2
152 disjoint(x,y) | -DJ(x,y) | -T(x) | -T(y).  [clausify(30)].
153 -disjoint(x,y) | DJ(x,y).  [clausify(30)].
154 -disjoint(x,y) | T(x).  [clausify(30)].
155 -disjoint(x,y) | T(y).  [clausify(30)].

Eliminating sum/3

Eliminating tppart/3

Eliminating toverlaps/3

Eliminating PD/1
156 -EV(x) | PD(x).  [clausify(57)].
157 -PD(x) | PRE(x,f8(x)).  [clausify(36)].
158 -PD(x) | PT(x).  [clausify(55)].
Derived: -EV(x) | PRE(x,f8(x)).  [resolve(156,b,157,a)].
Derived: -EV(x) | PT(x).  [resolve(156,b,158,a)].
159 -STV(x) | PD(x).  [clausify(57)].
Derived: -STV(x) | PRE(x,f8(x)).  [resolve(159,b,157,a)].
Derived: -STV(x) | PT(x).  [resolve(159,b,158,a)].
160 -PT(x) | ED(x) | PD(x) | Q(x) | AB(x).  [clausify(73)].
Derived: -PT(x) | ED(x) | Q(x) | AB(x) | PRE(x,f8(x)).  [resolve(160,c,157,a)].
161 PT(x) | -PD(x).  [clausify(73)].
162 -ED(x) | -PD(x).  [clausify(74)].
Derived: -ED(x) | -EV(x).  [resolve(162,b,156,b)].
Derived: -ED(x) | -STV(x).  [resolve(162,b,159,b)].
163 -PD(x) | -Q(x).  [clausify(75)].
Derived: -Q(x) | -EV(x).  [resolve(163,a,156,b)].
Derived: -Q(x) | -STV(x).  [resolve(163,a,159,b)].
164 -PD(x) | -AB(x).  [clausify(75)].
Derived: -AB(x) | -EV(x).  [resolve(164,a,156,b)].
Derived: -AB(x) | -STV(x).  [resolve(164,a,159,b)].
165 -PD(x) | EV(x) | STV(x).  [clausify(80)].
Derived: EV(x) | STV(x) | -PT(x) | ED(x) | Q(x) | AB(x).  [resolve(165,a,160,c)].
166 PD(x) | -EV(x).  [clausify(80)].
167 PD(x) | -STV(x).  [clausify(80)].

Eliminating Q/1
168 -TQ(x) | Q(x).  [clausify(58)].
169 -Q(x) | PRE(x,f8(x)).  [clausify(36)].
170 -Q(x) | PT(x).  [clausify(55)].
Derived: -TQ(x) | PRE(x,f8(x)).  [resolve(168,b,169,a)].
Derived: -TQ(x) | PT(x).  [resolve(168,b,170,a)].
171 -PQ(x) | Q(x).  [clausify(58)].
Derived: -PQ(x) | PRE(x,f8(x)).  [resolve(171,b,169,a)].
Derived: -PQ(x) | PT(x).  [resolve(171,b,170,a)].
172 -AQ(x) | Q(x).  [clausify(58)].
Derived: -AQ(x) | PRE(x,f8(x)).  [resolve(172,b,169,a)].
Derived: -AQ(x) | PT(x).  [resolve(172,b,170,a)].
173 PT(x) | -Q(x).  [clausify(73)].
174 -ED(x) | -Q(x).  [clausify(74)].
Derived: -ED(x) | -TQ(x).  [resolve(174,b,168,b)].
Derived: -ED(x) | -PQ(x).  [resolve(174,b,171,b)].
Derived: -ED(x) | -AQ(x).  [resolve(174,b,172,b)].
175 -Q(x) | -AB(x).  [clausify(76)].
Derived: -AB(x) | -TQ(x).  [resolve(175,a,168,b)].
Derived: -AB(x) | -PQ(x).  [resolve(175,a,171,b)].
Derived: -AB(x) | -AQ(x).  [resolve(175,a,172,b)].
176 -Q(x) | TQ(x) | PQ(x) | AQ(x).  [clausify(82)].
177 Q(x) | -TQ(x).  [clausify(82)].
178 Q(x) | -PQ(x).  [clausify(82)].
179 Q(x) | -AQ(x).  [clausify(82)].
180 -PT(x) | ED(x) | Q(x) | AB(x) | PRE(x,f8(x)).  [resolve(160,c,157,a)].
Derived: -PT(x) | ED(x) | AB(x) | PRE(x,f8(x)) | PRE(x,f8(x)).  [resolve(180,c,169,a)].
181 -Q(x) | -EV(x).  [resolve(163,a,156,b)].
Derived: -EV(x) | -TQ(x).  [resolve(181,a,168,b)].
Derived: -EV(x) | -PQ(x).  [resolve(181,a,171,b)].
Derived: -EV(x) | -AQ(x).  [resolve(181,a,172,b)].
182 -Q(x) | -STV(x).  [resolve(163,a,159,b)].
Derived: -STV(x) | -TQ(x).  [resolve(182,a,168,b)].
Derived: -STV(x) | -PQ(x).  [resolve(182,a,171,b)].
Derived: -STV(x) | -AQ(x).  [resolve(182,a,172,b)].
183 EV(x) | STV(x) | -PT(x) | ED(x) | Q(x) | AB(x).  [resolve(165,a,160,c)].
Derived: EV(x) | STV(x) | -PT(x) | ED(x) | AB(x) | TQ(x) | PQ(x) | AQ(x).  [resolve(183,e,176,a)].

Eliminating SUM/3
184 -T(x) | -T(y) | -T(z) | SUM(z,x,y) | T(f16(x,y,z)).  [clausify(54)].
185 -PRE(x,y) | -PRE(x,z) | -SUM(u,y,z) | PRE(x,u).  [clausify(39)].
186 -T(x) | -T(y) | -T(z) | -SUM(z,x,y) | -T(u) | -O(u,z) | O(u,x) | O(u,y).  [clausify(54)].
187 -T(x) | -T(y) | -T(z) | -SUM(z,x,y) | -T(u) | O(u,z) | -O(u,x).  [clausify(54)].
188 -T(x) | -T(y) | -T(z) | -SUM(z,x,y) | -T(u) | O(u,z) | -O(u,y).  [clausify(54)].
Derived: -T(x) | -T(y) | -T(z) | T(f16(x,y,z)) | -PRE(u,x) | -PRE(u,y) | PRE(u,z).  [resolve(184,d,185,c)].
Derived: -T(x) | -T(y) | -T(z) | T(f16(x,y,z)) | -T(x) | -T(y) | -T(z) | -T(u) | -O(u,z) | O(u,x) | O(u,y).  [resolve(184,d,186,d)].
Derived: -T(x) | -T(y) | -T(z) | T(f16(x,y,z)) | -T(x) | -T(y) | -T(z) | -T(u) | O(u,z) | -O(u,x).  [resolve(184,d,187,d)].
Derived: -T(x) | -T(y) | -T(z) | T(f16(x,y,z)) | -T(x) | -T(y) | -T(z) | -T(u) | O(u,z) | -O(u,y).  [resolve(184,d,188,d)].
189 -T(x) | -T(y) | -T(z) | SUM(z,x,y) | O(f16(x,y,z),z) | O(f16(x,y,z),x) | O(f16(x,y,z),y).  [clausify(54)].
Derived: -T(x) | -T(y) | -T(z) | O(f16(x,y,z),z) | O(f16(x,y,z),x) | O(f16(x,y,z),y) | -PRE(u,x) | -PRE(u,y) | PRE(u,z).  [resolve(189,d,185,c)].
Derived: -T(x) | -T(y) | -T(z) | O(f16(x,y,z),z) | O(f16(x,y,z),x) | O(f16(x,y,z),y) | -T(x) | -T(y) | -T(z) | -T(u) | -O(u,z) | O(u,x) | O(u,y).  [resolve(189,d,186,d)].
Derived: -T(x) | -T(y) | -T(z) | O(f16(x,y,z),z) | O(f16(x,y,z),x) | O(f16(x,y,z),y) | -T(x) | -T(y) | -T(z) | -T(u) | O(u,z) | -O(u,x).  [resolve(189,d,187,d)].
Derived: -T(x) | -T(y) | -T(z) | O(f16(x,y,z),z) | O(f16(x,y,z),x) | O(f16(x,y,z),y) | -T(x) | -T(y) | -T(z) | -T(u) | O(u,z) | -O(u,y).  [resolve(189,d,188,d)].
190 -T(x) | -T(y) | -T(z) | SUM(z,x,y) | -O(f16(x,y,z),z) | -O(f16(x,y,z),x).  [clausify(54)].
Derived: -T(x) | -T(y) | -T(z) | -O(f16(x,y,z),z) | -O(f16(x,y,z),x) | -PRE(u,x) | -PRE(u,y) | PRE(u,z).  [resolve(190,d,185,c)].
Derived: -T(x) | -T(y) | -T(z) | -O(f16(x,y,z),z) | -O(f16(x,y,z),x) | -T(x) | -T(y) | -T(z) | -T(u) | -O(u,z) | O(u,x) | O(u,y).  [resolve(190,d,186,d)].
Derived: -T(x) | -T(y) | -T(z) | -O(f16(x,y,z),z) | -O(f16(x,y,z),x) | -T(x) | -T(y) | -T(z) | -T(u) | O(u,z) | -O(u,x).  [resolve(190,d,187,d)].
Derived: -T(x) | -T(y) | -T(z) | -O(f16(x,y,z),z) | -O(f16(x,y,z),x) | -T(x) | -T(y) | -T(z) | -T(u) | O(u,z) | -O(u,y).  [resolve(190,d,188,d)].
191 -T(x) | -T(y) | -T(z) | SUM(z,x,y) | -O(f16(x,y,z),z) | -O(f16(x,y,z),y).  [clausify(54)].
Derived: -T(x) | -T(y) | -T(z) | -O(f16(x,y,z),z) | -O(f16(x,y,z),y) | -PRE(u,x) | -PRE(u,y) | PRE(u,z).  [resolve(191,d,185,c)].
Derived: -T(x) | -T(y) | -T(z) | -O(f16(x,y,z),z) | -O(f16(x,y,z),y) | -T(x) | -T(y) | -T(z) | -T(u) | -O(u,z) | O(u,x) | O(u,y).  [resolve(191,d,186,d)].
Derived: -T(x) | -T(y) | -T(z) | -O(f16(x,y,z),z) | -O(f16(x,y,z),y) | -T(x) | -T(y) | -T(z) | -T(u) | O(u,z) | -O(u,x).  [resolve(191,d,187,d)].
Derived: -T(x) | -T(y) | -T(z) | -O(f16(x,y,z),z) | -O(f16(x,y,z),y) | -T(x) | -T(y) | -T(z) | -T(u) | O(u,z) | -O(u,y).  [resolve(191,d,188,d)].

Eliminating DJ/2
192 -T(x) | -T(y) | -DJ(x,y) | -O(x,y).  [clausify(49)].
193 -T(x) | -T(y) | P(x,y) | DJ(f10(x,y),y).  [clausify(46)].
Derived: -T(f10(x,y)) | -T(y) | -O(f10(x,y),y) | -T(x) | -T(y) | P(x,y).  [resolve(192,c,193,d)].
194 -T(x) | -T(y) | DJ(x,y) | O(x,y).  [clausify(49)].

Eliminating U/2
195 -T(x) | -T(y) | U(x,y) | -P(x,z) | -P(y,z) | -T(z).  [clausify(50)].
196 -T(x) | -T(y) | -U(x,y) | P(x,f12(x,y)).  [clausify(50)].
197 -T(x) | -T(y) | -U(x,y) | P(y,f12(x,y)).  [clausify(50)].
198 -T(x) | -T(y) | -U(x,y) | T(f12(x,y)).  [clausify(50)].
Derived: -T(x) | -T(y) | -P(x,z) | -P(y,z) | -T(z) | -T(x) | -T(y) | P(x,f12(x,y)).  [resolve(195,c,196,c)].
Derived: -T(x) | -T(y) | -P(x,z) | -P(y,z) | -T(z) | -T(x) | -T(y) | P(y,f12(x,y)).  [resolve(195,c,197,c)].
Derived: -T(x) | -T(y) | -P(x,z) | -P(y,z) | -T(z) | -T(x) | -T(y) | T(f12(x,y)).  [resolve(195,c,198,c)].
199 -T(x) | -T(y) | -U(x,y) | T(f14(x,y)).  [clausify(52)].
Derived: -T(x) | -T(y) | T(f14(x,y)) | -T(x) | -T(y) | -P(x,z) | -P(y,z) | -T(z).  [resolve(199,c,195,c)].
200 -T(x) | -T(y) | -U(x,y) | -T(z) | -O(z,f14(x,y)) | O(z,x) | O(z,y).  [clausify(52)].
Derived: -T(x) | -T(y) | -T(z) | -O(z,f14(x,y)) | O(z,x) | O(z,y) | -T(x) | -T(y) | -P(x,u) | -P(y,u) | -T(u).  [resolve(200,c,195,c)].
201 -T(x) | -T(y) | -U(x,y) | -T(z) | O(z,f14(x,y)) | -O(z,x).  [clausify(52)].
Derived: -T(x) | -T(y) | -T(z) | O(z,f14(x,y)) | -O(z,x) | -T(x) | -T(y) | -P(x,u) | -P(y,u) | -T(u).  [resolve(201,c,195,c)].
202 -T(x) | -T(y) | -U(x,y) | -T(z) | O(z,f14(x,y)) | -O(z,y).  [clausify(52)].
Derived: -T(x) | -T(y) | -T(z) | O(z,f14(x,y)) | -O(z,y) | -T(x) | -T(y) | -P(x,u) | -P(y,u) | -T(u).  [resolve(202,c,195,c)].

Eliminating AtP/1
203 AtP(x) | -T(x) | T(f13(x)).  [clausify(51)].
204 -AtP(x) | T(x).  [clausify(51)].
205 -AtP(x) | -T(y) | -P(y,x) | y = x.  [clausify(51)].
Derived: -T(x) | T(f13(x)) | -T(y) | -P(y,x) | y = x.  [resolve(203,a,205,a)].
206 AtP(x) | -T(x) | P(f13(x),x).  [clausify(51)].
Derived: -T(x) | P(f13(x),x) | -T(y) | -P(y,x) | y = x.  [resolve(206,a,205,a)].
207 AtP(x) | -T(x) | f13(x) != x.  [clausify(51)].
Derived: -T(x) | f13(x) != x | -T(y) | -P(y,x) | y = x.  [resolve(207,a,205,a)].

Eliminating PT/1
208 -PT(x) | ED(x) | AB(x) | PRE(x,f8(x)) | PRE(x,f8(x)).  [resolve(180,c,169,a)].
209 -ED(x) | PT(x).  [clausify(55)].
210 -AB(x) | PT(x).  [clausify(55)].
211 PT(x) | -ED(x).  [clausify(73)].
212 PT(x) | -AB(x).  [clausify(73)].
213 -EV(x) | PT(x).  [resolve(156,b,158,a)].
214 -STV(x) | PT(x).  [resolve(159,b,158,a)].
215 -TQ(x) | PT(x).  [resolve(168,b,170,a)].
216 -PQ(x) | PT(x).  [resolve(171,b,170,a)].
217 -AQ(x) | PT(x).  [resolve(172,b,170,a)].
Derived: ED(x) | AB(x) | PRE(x,f8(x)) | PRE(x,f8(x)) | -EV(x).  [resolve(208,a,213,b)].
Derived: ED(x) | AB(x) | PRE(x,f8(x)) | PRE(x,f8(x)) | -STV(x).  [resolve(208,a,214,b)].
Derived: ED(x) | AB(x) | PRE(x,f8(x)) | PRE(x,f8(x)) | -TQ(x).  [resolve(208,a,215,b)].
Derived: ED(x) | AB(x) | PRE(x,f8(x)) | PRE(x,f8(x)) | -PQ(x).  [resolve(208,a,216,b)].
Derived: ED(x) | AB(x) | PRE(x,f8(x)) | PRE(x,f8(x)) | -AQ(x).  [resolve(208,a,217,b)].
218 EV(x) | STV(x) | -PT(x) | ED(x) | AB(x) | TQ(x) | PQ(x) | AQ(x).  [resolve(183,e,176,a)].

Eliminating AS/1
219 -ED(x) | PED(x) | NPED(x) | AS(x).  [clausify(77)].
220 -AS(x) | ED(x).  [clausify(56)].
221 ED(x) | -AS(x).  [clausify(77)].
222 -PED(x) | -AS(x).  [clausify(78)].
223 -NPED(x) | -AS(x).  [clausify(79)].

Eliminating R/1
224 -TR(x) | R(x).  [clausify(66)].
225 -R(x) | AB(x).  [clausify(59)].
Derived: -TR(x) | AB(x).  [resolve(224,b,225,a)].
226 -PR(x) | R(x).  [clausify(66)].
Derived: -PR(x) | AB(x).  [resolve(226,b,225,a)].
227 -AR(x) | R(x).  [clausify(66)].
Derived: -AR(x) | AB(x).  [resolve(227,b,225,a)].
228 -R(x) | TR(x) | PR(x) | AR(x).  [clausify(92)].
229 R(x) | -TR(x).  [clausify(92)].
230 R(x) | -PR(x).  [clausify(92)].
231 R(x) | -AR(x).  [clausify(92)].

Eliminating M/1
232 -PED(x) | M(x) | F(x) | POB(x).  [clausify(85)].
233 -M(x) | PED(x).  [clausify(60)].
234 PED(x) | -M(x).  [clausify(85)].
235 -M(x) | -F(x).  [clausify(86)].
236 -M(x) | -POB(x).  [clausify(86)].

Eliminating F/1

Eliminating POB/1
237 -APO(x) | POB(x).  [clausify(67)].
238 -POB(x) | PED(x).  [clausify(60)].
Derived: -APO(x) | PED(x).  [resolve(237,b,238,a)].
239 -NAPO(x) | POB(x).  [clausify(67)].
Derived: -NAPO(x) | PED(x).  [resolve(239,b,238,a)].
240 PED(x) | -POB(x).  [clausify(85)].
241 -POB(x) | APO(x) | NAPO(x).  [clausify(95)].
242 POB(x) | -APO(x).  [clausify(95)].
243 POB(x) | -NAPO(x).  [clausify(95)].

Eliminating NPOB/1
244 -MOB(x) | NPOB(x).  [clausify(68)].
245 -NPOB(x) | NPED(x).  [clausify(61)].
Derived: -MOB(x) | NPED(x).  [resolve(244,b,245,a)].
246 -SOB(x) | NPOB(x).  [clausify(68)].
Derived: -SOB(x) | NPED(x).  [resolve(246,b,245,a)].
247 -NPOB(x) | MOB(x) | SOB(x).  [clausify(97)].
248 NPOB(x) | -MOB(x).  [clausify(97)].
249 NPOB(x) | -SOB(x).  [clausify(97)].

Eliminating ACH/1
250 -EV(x) | ACH(x) | ACC(x).  [clausify(88)].
251 -ACH(x) | EV(x).  [clausify(62)].
252 EV(x) | -ACH(x).  [clausify(88)].
253 -ACH(x) | -ACC(x).  [clausify(89)].

Eliminating ACC/1

Eliminating ST/1
254 -STV(x) | ST(x) | PRO(x).  [clausify(90)].
255 -ST(x) | STV(x).  [clausify(63)].
256 STV(x) | -ST(x).  [clausify(90)].
257 -ST(x) | -PRO(x).  [clausify(91)].

Eliminating PRO/1

Eliminating TL/1

Eliminating SL/1

Eliminating TR/1
258 -TR(x) | -PR(x).  [clausify(93)].
259 -T(x) | TR(x).  [clausify(69)].
Derived: -PR(x) | -T(x).  [resolve(258,a,259,b)].
260 -TR(x) | -AR(x).  [clausify(93)].
Derived: -AR(x) | -T(x).  [resolve(260,a,259,b)].
261 -TR(x) | AB(x).  [resolve(224,b,225,a)].
Derived: AB(x) | -T(x).  [resolve(261,a,259,b)].

Eliminating S/1

Eliminating ASO/1
262 -SAG(x) | ASO(x).  [clausify(72)].
263 -ASO(x) | SOB(x).  [clausify(71)].
Derived: -SAG(x) | SOB(x).  [resolve(262,b,263,a)].
264 -SC(x) | ASO(x).  [clausify(72)].
Derived: -SC(x) | SOB(x).  [resolve(264,b,263,a)].
265 -SOB(x) | ASO(x) | NASO(x).  [clausify(99)].
266 SOB(x) | -ASO(x).  [clausify(99)].
267 -ASO(x) | -NASO(x).  [clausify(100)].
Derived: -NASO(x) | -SAG(x).  [resolve(267,a,262,b)].
Derived: -NASO(x) | -SC(x).  [resolve(267,a,264,b)].
268 -ASO(x) | SAG(x) | SC(x).  [clausify(101)].
Derived: SAG(x) | SC(x) | -SOB(x) | NASO(x).  [resolve(268,a,265,b)].
269 ASO(x) | -SAG(x).  [clausify(101)].
270 ASO(x) | -SC(x).  [clausify(101)].

Eliminating NASO/1
271 SAG(x) | SC(x) | -SOB(x) | NASO(x).  [resolve(268,a,265,b)].
272 -NASO(x) | SOB(x).  [clausify(71)].
273 SOB(x) | -NASO(x).  [clausify(99)].
274 -NASO(x) | -SAG(x).  [resolve(267,a,262,b)].
275 -NASO(x) | -SC(x).  [resolve(267,a,264,b)].

Eliminating AB/1
276 ED(x) | AB(x) | PRE(x,f8(x)) | PRE(x,f8(x)) | -EV(x).  [resolve(208,a,213,b)].
277 -ED(x) | -AB(x).  [clausify(74)].
278 -AB(x) | -EV(x).  [resolve(164,a,156,b)].
279 -AB(x) | -STV(x).  [resolve(164,a,159,b)].
280 -AB(x) | -TQ(x).  [resolve(175,a,168,b)].
281 -AB(x) | -PQ(x).  [resolve(175,a,171,b)].
282 -AB(x) | -AQ(x).  [resolve(175,a,172,b)].
Derived: ED(x) | PRE(x,f8(x)) | PRE(x,f8(x)) | -EV(x) | -EV(x).  [resolve(276,b,278,a)].
283 ED(x) | AB(x) | PRE(x,f8(x)) | PRE(x,f8(x)) | -STV(x).  [resolve(208,a,214,b)].
Derived: ED(x) | PRE(x,f8(x)) | PRE(x,f8(x)) | -STV(x) | -STV(x).  [resolve(283,b,279,a)].
284 ED(x) | AB(x) | PRE(x,f8(x)) | PRE(x,f8(x)) | -TQ(x).  [resolve(208,a,215,b)].
Derived: ED(x) | PRE(x,f8(x)) | PRE(x,f8(x)) | -TQ(x) | -TQ(x).  [resolve(284,b,280,a)].
285 ED(x) | AB(x) | PRE(x,f8(x)) | PRE(x,f8(x)) | -PQ(x).  [resolve(208,a,216,b)].
Derived: ED(x) | PRE(x,f8(x)) | PRE(x,f8(x)) | -PQ(x) | -PQ(x).  [resolve(285,b,281,a)].
286 ED(x) | AB(x) | PRE(x,f8(x)) | PRE(x,f8(x)) | -AQ(x).  [resolve(208,a,217,b)].
Derived: ED(x) | PRE(x,f8(x)) | PRE(x,f8(x)) | -AQ(x) | -AQ(x).  [resolve(286,b,282,a)].
287 -PR(x) | AB(x).  [resolve(226,b,225,a)].
Derived: -PR(x) | -ED(x).  [resolve(287,b,277,b)].
Derived: -PR(x) | -EV(x).  [resolve(287,b,278,a)].
Derived: -PR(x) | -STV(x).  [resolve(287,b,279,a)].
Derived: -PR(x) | -TQ(x).  [resolve(287,b,280,a)].
Derived: -PR(x) | -PQ(x).  [resolve(287,b,281,a)].
Derived: -PR(x) | -AQ(x).  [resolve(287,b,282,a)].
288 -AR(x) | AB(x).  [resolve(227,b,225,a)].
Derived: -AR(x) | -ED(x).  [resolve(288,b,277,b)].
Derived: -AR(x) | -EV(x).  [resolve(288,b,278,a)].
Derived: -AR(x) | -STV(x).  [resolve(288,b,279,a)].
Derived: -AR(x) | -TQ(x).  [resolve(288,b,280,a)].
Derived: -AR(x) | -PQ(x).  [resolve(288,b,281,a)].
Derived: -AR(x) | -AQ(x).  [resolve(288,b,282,a)].
289 AB(x) | -T(x).  [resolve(261,a,259,b)].
Derived: -T(x) | -ED(x).  [resolve(289,a,277,b)].
Derived: -T(x) | -EV(x).  [resolve(289,a,278,a)].
Derived: -T(x) | -STV(x).  [resolve(289,a,279,a)].
Derived: -T(x) | -TQ(x).  [resolve(289,a,280,a)].
Derived: -T(x) | -PQ(x).  [resolve(289,a,281,a)].
Derived: -T(x) | -AQ(x).  [resolve(289,a,282,a)].

Eliminating PR/1

Eliminating APO/1

Eliminating MOB/1

Eliminating SAG/1

Eliminating tdisjoint/3

Eliminating tunderlaps/3

Eliminating NAPO/1

Eliminating SOB/1
290 -SC(x) | SOB(x).  [resolve(264,b,263,a)].
291 -SOB(x) | NPED(x).  [resolve(246,b,245,a)].
Derived: -SC(x) | NPED(x).  [resolve(290,b,291,a)].

Eliminating AR/1

Eliminating SC/1

============================== end predicate elimination =============

Term ordering decisions:
Predicate symbol precedence:  predicate_order([ =, T, ED, NPED, PED, AQ, EV, PQ, STV, TQ, O, PRE, P, in1, PP, tP, tO, tPP ]).
Function symbol precedence:  function_order([ c1, f5, f9, f10, f11, f12, f14, f15, f8, f13, f2, f3, f4, f6, f7, f16, f1 ]).
After inverse_order:  (no changes).
Unfolding symbols: (none).

Auto_inference settings:
  % set(paramodulation).  % (positive equality literals)
  % set(binary_resolution).  % (non-Horn)

Auto_process settings:
  % set(factor).  % (non-Horn)
  % set(unit_deletion).  % (non-Horn)

============================== end of process initial clauses ========

============================== CLAUSES FOR SEARCH ====================

============================== end of clauses for search =============

============================== SEARCH ================================

% Starting search at 0.15 seconds.

============================== PROOF =================================

% Proof 1 at 0.17 (+ 0.01) seconds.
% Length of proof is 19.
% Level of proof is 6.
% Maximum clause weight is 10.000.
% Given clauses 280.

18 (all x all y (in1(x,y) <-> PRE(x,y) & T(y) & ED(x) | PRE(y,x) & T(x) & ED(y) | x = y & (ED(y) | T(y)))) # label(non_clause).  [assumption].
19 (all x (point1(x) <-> T(x))) # label(non_clause).  [assumption].
20 (all x (line1(x) <-> ED(x))) # label(non_clause).  [assumption].
36 (all x (ED(x) | PD(x) | Q(x) -> (exists t PRE(x,t)))) # label(non_clause).  [assumption].
38 (all x all t (PRE(x,t) -> T(t))) # label(non_clause).  [assumption].
103 (all x (line1(x) -> (exists y (point1(y) & in1(x,y))))) # label(non_clause) # label(goal).  [goal].
122 point1(x) | -T(x).  [clausify(19)].
124 -point1(x) | -in1(c1,x).  [deny(103)].
126 -line1(x) | ED(x).  [clausify(20)].
127 line1(c1).  [deny(103)].
325 in1(x,y) | -PRE(x,y) | -T(y) | -ED(x).  [clausify(18)].
329 -ED(x) | PRE(x,f8(x)).  [clausify(36)].
331 -PRE(x,y) | T(y).  [clausify(38)].
368 -in1(c1,x) | -T(x).  [resolve(124,a,122,a)].
369 ED(c1).  [resolve(127,a,126,a)].
595 PRE(c1,f8(c1)).  [resolve(369,a,329,a)].
610 T(f8(c1)).  [resolve(595,a,331,a)].
612 in1(c1,f8(c1)).  [resolve(595,a,325,b),unit_del(b,610),unit_del(c,369)].
639 $F.  [resolve(612,a,368,a),unit_del(a,610)].

============================== end of proof ==========================

============================== STATISTICS ============================

Given=280. Generated=879. Kept=322. proofs=1.
Usable=280. Sos=27. Demods=0. Limbo=0, Disabled=383. Hints=0.
Kept_by_rule=0, Deleted_by_rule=0.
Forward_subsumed=556. Back_subsumed=4.
Sos_limit_deleted=0. Sos_displaced=0. Sos_removed=0.
New_demodulators=0 (0 lex), Back_demodulated=0. Back_unit_deleted=11.
Demod_attempts=0. Demod_rewrites=0.
Res_instance_prunes=0. Para_instance_prunes=0. Basic_paramod_prunes=0.
Nonunit_fsub_feature_tests=1566. Nonunit_bsub_feature_tests=2615.
Megabytes=1.12.
User_CPU=0.17, System_CPU=0.01, Wall_clock=1.

============================== end of statistics =====================

============================== end of search =========================

THEOREM PROVED

Exiting with 1 proof.

Process 22077 exit (max_proofs) Mon Jul 22 02:50:52 2013
