============================== Prover9 ===============================
Prover9 (64) version 2009-11A, November 2009.
Process 20333 was started by cchui on stl-ws4.mie.utoronto.ca,
Mon Jul 22 00:37:59 2013
The command was "prover9 -t 600 -f test/p9/dolce_constitution.p9 test/p9/dolce_constitution2ideal_cem_lower_reflect_down_foliation1.p9 test/p9/dolce_temporary_parthood.p9 test/p9/dolce_present.p9 test/p9/dolce_time_mereology.p9 test/p9/dolce_taxonomy.p9 test/p9/options.txt test/p9/ex0721_constitution_1_6.p9".
============================== end of head ===========================

============================== INPUT =================================

% Reading from file test/p9/dolce_constitution.p9


formulas(sos).
(all x all y all t (K(x,y,t) -> (ED(x) | PD(x)) & (ED(y) | PD(y)) & T(t))).
(all x all y all t (K(x,y,t) -> (PED(x) <-> PED(y)))).
(all x all y all t (K(x,y,t) -> (NPED(x) <-> NPED(y)))).
(all x all y all t (K(x,y,t) -> (PD(x) <-> PD(y)))).
(all x all y all t (K(x,y,t) -> -K(y,x,t))).
(all x all y all z all t (K(x,y,t) & K(y,z,t) -> K(x,z,t))).
(all x all y all t (K(x,y,t) -> PRE(x,t) & PRE(y,t))).
(all x all y all t (K(x,y,t) <-> (all t2 (P(t2,t) -> K(x,y,t2))))).
(all x all y all t all y1 (K(x,y,t) & tP(y1,y,t) -> (exists x1 (tP(x1,x,t) & K(x1,y1,t))))).
(all x all t -K(x,x,t)).
end_of_list.

% Reading from file test/p9/dolce_constitution2ideal_cem_lower_reflect_down_foliation1.p9


formulas(sos).
(all x all y (part1(x,y) <-> P(x,y) & T(x) & T(y))).
(all x all y (in1(x,y) <-> PRE(x,y) & T(y) & ED(x) | PRE(y,x) & T(x) & ED(y) | x = y & (ED(y) | T(y)))).
(all x (point1(x) <-> T(x))).
(all x (line1(x) <-> ED(x))).
(all x all y all z (tpart(x,y,z) <-> tP(x,y,z) & ED(x) & ED(y) & T(z))).
(all x all y all z (tlt(x,y,z) <-> K(x,y,z) & ED(x) & ED(y) & T(z))).
(all x (L_1(x) <-> ED(x))).
(all x (L_2(x) <-> PD(x))).
(all x (L_3(x) <-> Q(x))).
(all x (L_4(x) <-> PED(x))).
(all x (L_5(x) <-> NPED(x))).
(all x all y (disjoint(x,y) -> DJ(x,y) & T(x) & T(y))).
(all x (poset_element(x) <-> ED(x))).
(all x (mereo_element(x) <-> PD(x))).
end_of_list.

% Reading from file test/p9/dolce_temporary_parthood.p9


formulas(sos).
(all x all y all t (tP(x,y,t) -> ED(x) & ED(y) & T(t))).
(all x all y all t (tP(x,y,t) -> (PED(x) <-> PED(y)))).
(all x all y all t (tP(x,y,t) -> (NPED(x) <-> NPED(y)))).
(all x all y all z all t (tP(x,y,t) & tP(y,z,t) -> tP(x,z,t))).
(all x all y all z all t (ED(x) & ED(y) & PRE(x,t) & PRE(y,t) & -tP(x,y,t) -> (exists z (tP(z,x,t) & -tO(z,y,t))))).
(all x all t (ED(x) & PRE(x,t) -> tP(x,x,t))).
(all x all y all t (tP(x,y,t) -> PRE(x,t) & PRE(y,t))).
(all x all y all t1 (tP(x,y,t1) -> (all t2 (P(t2,t1) -> tP(x,y,t2))))).
(all x all y all t (PRE(x,t) & PRE(y,t) & -tP(x,y,t) -> (exists z (tP(z,x,t) & tDJ(z,y,t))))).
(all x all y all t (tPP(x,y,t) <-> tP(x,y,t) & -tP(y,x,t))).
(all x all y all t (tO(x,y,t) <-> (exists z (tP(z,x,t) & tP(z,y,t))))).
(all x all y all t (tDJ(x,y,t) <-> -tO(x,y,t))).
(all x all y all t (tU(x,y,t) <-> (exists z (tP(x,z,t) & tP(y,z,t))))).
(all x all t (tAtP(x,t) <-> (all y (tP(y,x,t) -> y = x)))).
(all x all y all t (tU(x,y,t) -> (exists z all v (tO(v,z,t) <-> tO(v,x,t) | tO(v,y,t))))).
(all x all y all t (tO(x,y,t) -> (exists z all v (tPP(v,z,t) <-> tPP(v,x,t) & tPP(v,y,t))))).
end_of_list.

% Reading from file test/p9/dolce_present.p9


formulas(sos).
(all x (ED(x) | PD(x) | Q(x) -> (exists t PRE(x,t)))).
(all x all t all t1 (PRE(x,t) & P(t1,t) -> PRE(x,t1))).
(all x all t (PRE(x,t) -> T(t))).
(all x all t all t1 all t2 (PRE(x,t1) & PRE(x,t2) & SUM(t,t1,t2) -> PRE(x,t))).
end_of_list.

% Reading from file test/p9/dolce_time_mereology.p9


formulas(sos).
(all x all y (P(x,y) -> T(y) & T(y))).
(all x all y (P(x,y) -> (T(x) <-> T(y)))).
(all x all y (T(x) -> P(x,x))).
(all x all y (T(x) & T(y) & P(x,y) & P(y,x) -> x = y)).
(all x all y all z (T(x) & T(y) & P(x,y) & P(y,z) -> P(x,z))).
(all x all y (T(x) & T(y) & -P(x,y) -> (exists z (T(z) & P(z,x) & -O(z,y))))).
(all x all y (T(x) & T(y) & -P(x,y) -> (exists z (P(z,x) & DJ(z,y) & T(z))))).
(all x all y (T(x) & T(y) -> (PP(x,y) <-> P(x,y) & -P(y,x)))).
(all x all y (T(x) & T(y) -> (O(x,y) <-> (exists z (P(z,x) & P(z,y) & T(z)))))).
(all x all y (T(x) & T(y) -> (DJ(x,y) <-> -O(x,y)))).
(all x all y (T(x) & T(y) -> (U(x,y) <-> (exists z (P(x,z) & P(y,z) & T(z)))))).
(all x (AtP(x) <-> T(x) & (all y (T(y) & P(y,x) -> y = x)))).
(all x all y (T(x) & T(y) & U(x,y) -> (exists z (T(z) & (all w (T(w) -> (O(w,z) <-> O(w,x) | O(w,y)))))))).
(all x all y (T(x) & T(y) & O(x,y) -> (exists z (T(z) & (all w (T(w) -> (PP(w,z) <-> PP(w,x) & PP(w,y)))))))).
(all x all y all z (T(x) & T(y) & T(z) -> (SUM(z,x,y) <-> (all w (T(w) -> (O(w,z) <-> O(w,x) | O(w,y))))))).
end_of_list.

% Reading from file test/p9/dolce_taxonomy.p9


formulas(sos).
(all x (ED(x) | PD(x) | Q(x) | AB(x) -> PT(x))).
(all x (PED(x) | NPED(x) | AS(x) -> ED(x))).
(all x (EV(x) | STV(x) -> PD(x))).
(all x (TQ(x) | PQ(x) | AQ(x) -> Q(x))).
(all x (R(x) -> AB(x))).
(all x (M(x) | F(x) | POB(x) -> PED(x))).
(all x (NPOB(x) -> NPED(x))).
(all x (ACH(x) | ACC(x) -> EV(x))).
(all x (ST(x) | PRO(x) -> STV(x))).
(all x (TL(x) -> TQ(x))).
(all x (SL(x) -> PQ(x))).
(all x (TR(x) | PR(x) | AR(x) -> R(x))).
(all x (APO(x) | NAPO(x) -> POB(x))).
(all x (MOB(x) | SOB(x) -> NPOB(x))).
(all x (T(x) -> TR(x))).
(all x (S(x) -> PR(x))).
(all x (ASO(x) | NASO(x) -> SOB(x))).
(all x (SAG(x) | SC(x) -> ASO(x))).
(all x (PT(x) <-> ED(x) | PD(x) | Q(x) | AB(x))).
(all x (ED(x) -> -PD(x) & -Q(x) & -AB(x))).
(all x (PD(x) -> -Q(x) & -AB(x))).
(all x (Q(x) -> -AB(x))).
(all x (ED(x) <-> PED(x) | NPED(x) | AS(x))).
(all x (PED(x) -> -NPED(x) & -AS(x))).
(all x (NPED(x) -> -AS(x))).
(all x (PD(x) <-> EV(x) | STV(x))).
(all x (EV(x) -> -STV(x))).
(all x (Q(x) <-> TQ(x) | PQ(x) | AQ(x))).
(all x (TQ(x) -> -PQ(x) & -AQ(x))).
(all x (PQ(x) -> -AQ(x))).
(all x (PED(x) <-> M(x) | F(x) | POB(x))).
(all x (M(x) -> -F(x) & -POB(x))).
(all x (F(x) -> -POB(x))).
(all x (EV(x) <-> ACH(x) | ACC(x))).
(all x (ACH(x) -> -ACC(x))).
(all x (STV(x) <-> ST(x) | PRO(x))).
(all x (ST(x) -> -PRO(x))).
(all x (R(x) <-> TR(x) | PR(x) | AR(x))).
(all x (TR(x) -> -PR(x) & -AR(x))).
(all x (PR(x) -> -AR(x))).
(all x (POB(x) <-> APO(x) | NAPO(x))).
(all x (APO(x) -> -NAPO(x))).
(all x (NPOB(x) <-> MOB(x) | SOB(x))).
(all x (MOB(x) -> -SOB(x))).
(all x (SOB(x) <-> ASO(x) | NASO(x))).
(all x (ASO(x) -> -NASO(x))).
(all x (ASO(x) <-> SAG(x) | SC(x))).
(all x (SAG(x) -> -SC(x))).
end_of_list.

% Reading from file test/p9/options.txt

clear(auto_denials).
clear(print_initial_clauses).
clear(print_kept).
clear(print_given).

% Reading from file test/p9/ex0721_constitution_1_6.p9


formulas(goals).
(all x (L_4(x) -> -L_5(x))).
end_of_list.

============================== end of input ==========================

% From the command line: assign(max_seconds, 600).

============================== PROCESS NON-CLAUSAL FORMULAS ==========

% Formulas that are not ordinary clauses:
1 (all x all y all t (K(x,y,t) -> (ED(x) | PD(x)) & (ED(y) | PD(y)) & T(t))) # label(non_clause).  [assumption].
2 (all x all y all t (K(x,y,t) -> (PED(x) <-> PED(y)))) # label(non_clause).  [assumption].
3 (all x all y all t (K(x,y,t) -> (NPED(x) <-> NPED(y)))) # label(non_clause).  [assumption].
4 (all x all y all t (K(x,y,t) -> (PD(x) <-> PD(y)))) # label(non_clause).  [assumption].
5 (all x all y all t (K(x,y,t) -> -K(y,x,t))) # label(non_clause).  [assumption].
6 (all x all y all z all t (K(x,y,t) & K(y,z,t) -> K(x,z,t))) # label(non_clause).  [assumption].
7 (all x all y all t (K(x,y,t) -> PRE(x,t) & PRE(y,t))) # label(non_clause).  [assumption].
8 (all x all y all t (K(x,y,t) <-> (all t2 (P(t2,t) -> K(x,y,t2))))) # label(non_clause).  [assumption].
9 (all x all y all t all y1 (K(x,y,t) & tP(y1,y,t) -> (exists x1 (tP(x1,x,t) & K(x1,y1,t))))) # label(non_clause).  [assumption].
10 (all x all t -K(x,x,t)) # label(non_clause).  [assumption].
11 (all x all y (part1(x,y) <-> P(x,y) & T(x) & T(y))) # label(non_clause).  [assumption].
12 (all x all y (in1(x,y) <-> PRE(x,y) & T(y) & ED(x) | PRE(y,x) & T(x) & ED(y) | x = y & (ED(y) | T(y)))) # label(non_clause).  [assumption].
13 (all x (point1(x) <-> T(x))) # label(non_clause).  [assumption].
14 (all x (line1(x) <-> ED(x))) # label(non_clause).  [assumption].
15 (all x all y all z (tpart(x,y,z) <-> tP(x,y,z) & ED(x) & ED(y) & T(z))) # label(non_clause).  [assumption].
16 (all x all y all z (tlt(x,y,z) <-> K(x,y,z) & ED(x) & ED(y) & T(z))) # label(non_clause).  [assumption].
17 (all x (L_1(x) <-> ED(x))) # label(non_clause).  [assumption].
18 (all x (L_2(x) <-> PD(x))) # label(non_clause).  [assumption].
19 (all x (L_3(x) <-> Q(x))) # label(non_clause).  [assumption].
20 (all x (L_4(x) <-> PED(x))) # label(non_clause).  [assumption].
21 (all x (L_5(x) <-> NPED(x))) # label(non_clause).  [assumption].
22 (all x all y (disjoint(x,y) -> DJ(x,y) & T(x) & T(y))) # label(non_clause).  [assumption].
23 (all x (poset_element(x) <-> ED(x))) # label(non_clause).  [assumption].
24 (all x (mereo_element(x) <-> PD(x))) # label(non_clause).  [assumption].
25 (all x all y all t (tP(x,y,t) -> ED(x) & ED(y) & T(t))) # label(non_clause).  [assumption].
26 (all x all y all t (tP(x,y,t) -> (PED(x) <-> PED(y)))) # label(non_clause).  [assumption].
27 (all x all y all t (tP(x,y,t) -> (NPED(x) <-> NPED(y)))) # label(non_clause).  [assumption].
28 (all x all y all z all t (tP(x,y,t) & tP(y,z,t) -> tP(x,z,t))) # label(non_clause).  [assumption].
29 (all x all y all z all t (ED(x) & ED(y) & PRE(x,t) & PRE(y,t) & -tP(x,y,t) -> (exists z (tP(z,x,t) & -tO(z,y,t))))) # label(non_clause).  [assumption].
30 (all x all t (ED(x) & PRE(x,t) -> tP(x,x,t))) # label(non_clause).  [assumption].
31 (all x all y all t (tP(x,y,t) -> PRE(x,t) & PRE(y,t))) # label(non_clause).  [assumption].
32 (all x all y all t1 (tP(x,y,t1) -> (all t2 (P(t2,t1) -> tP(x,y,t2))))) # label(non_clause).  [assumption].
33 (all x all y all t (PRE(x,t) & PRE(y,t) & -tP(x,y,t) -> (exists z (tP(z,x,t) & tDJ(z,y,t))))) # label(non_clause).  [assumption].
34 (all x all y all t (tPP(x,y,t) <-> tP(x,y,t) & -tP(y,x,t))) # label(non_clause).  [assumption].
35 (all x all y all t (tO(x,y,t) <-> (exists z (tP(z,x,t) & tP(z,y,t))))) # label(non_clause).  [assumption].
36 (all x all y all t (tDJ(x,y,t) <-> -tO(x,y,t))) # label(non_clause).  [assumption].
37 (all x all y all t (tU(x,y,t) <-> (exists z (tP(x,z,t) & tP(y,z,t))))) # label(non_clause).  [assumption].
38 (all x all t (tAtP(x,t) <-> (all y (tP(y,x,t) -> y = x)))) # label(non_clause).  [assumption].
39 (all x all y all t (tU(x,y,t) -> (exists z all v (tO(v,z,t) <-> tO(v,x,t) | tO(v,y,t))))) # label(non_clause).  [assumption].
40 (all x all y all t (tO(x,y,t) -> (exists z all v (tPP(v,z,t) <-> tPP(v,x,t) & tPP(v,y,t))))) # label(non_clause).  [assumption].
41 (all x (ED(x) | PD(x) | Q(x) -> (exists t PRE(x,t)))) # label(non_clause).  [assumption].
42 (all x all t all t1 (PRE(x,t) & P(t1,t) -> PRE(x,t1))) # label(non_clause).  [assumption].
43 (all x all t (PRE(x,t) -> T(t))) # label(non_clause).  [assumption].
44 (all x all t all t1 all t2 (PRE(x,t1) & PRE(x,t2) & SUM(t,t1,t2) -> PRE(x,t))) # label(non_clause).  [assumption].
45 (all x all y (P(x,y) -> T(y) & T(y))) # label(non_clause).  [assumption].
46 (all x all y (P(x,y) -> (T(x) <-> T(y)))) # label(non_clause).  [assumption].
47 (all x all y (T(x) -> P(x,x))) # label(non_clause).  [assumption].
48 (all x all y (T(x) & T(y) & P(x,y) & P(y,x) -> x = y)) # label(non_clause).  [assumption].
49 (all x all y all z (T(x) & T(y) & P(x,y) & P(y,z) -> P(x,z))) # label(non_clause).  [assumption].
50 (all x all y (T(x) & T(y) & -P(x,y) -> (exists z (T(z) & P(z,x) & -O(z,y))))) # label(non_clause).  [assumption].
51 (all x all y (T(x) & T(y) & -P(x,y) -> (exists z (P(z,x) & DJ(z,y) & T(z))))) # label(non_clause).  [assumption].
52 (all x all y (T(x) & T(y) -> (PP(x,y) <-> P(x,y) & -P(y,x)))) # label(non_clause).  [assumption].
53 (all x all y (T(x) & T(y) -> (O(x,y) <-> (exists z (P(z,x) & P(z,y) & T(z)))))) # label(non_clause).  [assumption].
54 (all x all y (T(x) & T(y) -> (DJ(x,y) <-> -O(x,y)))) # label(non_clause).  [assumption].
55 (all x all y (T(x) & T(y) -> (U(x,y) <-> (exists z (P(x,z) & P(y,z) & T(z)))))) # label(non_clause).  [assumption].
56 (all x (AtP(x) <-> T(x) & (all y (T(y) & P(y,x) -> y = x)))) # label(non_clause).  [assumption].
57 (all x all y (T(x) & T(y) & U(x,y) -> (exists z (T(z) & (all w (T(w) -> (O(w,z) <-> O(w,x) | O(w,y)))))))) # label(non_clause).  [assumption].
58 (all x all y (T(x) & T(y) & O(x,y) -> (exists z (T(z) & (all w (T(w) -> (PP(w,z) <-> PP(w,x) & PP(w,y)))))))) # label(non_clause).  [assumption].
59 (all x all y all z (T(x) & T(y) & T(z) -> (SUM(z,x,y) <-> (all w (T(w) -> (O(w,z) <-> O(w,x) | O(w,y))))))) # label(non_clause).  [assumption].
60 (all x (ED(x) | PD(x) | Q(x) | AB(x) -> PT(x))) # label(non_clause).  [assumption].
61 (all x (PED(x) | NPED(x) | AS(x) -> ED(x))) # label(non_clause).  [assumption].
62 (all x (EV(x) | STV(x) -> PD(x))) # label(non_clause).  [assumption].
63 (all x (TQ(x) | PQ(x) | AQ(x) -> Q(x))) # label(non_clause).  [assumption].
64 (all x (R(x) -> AB(x))) # label(non_clause).  [assumption].
65 (all x (M(x) | F(x) | POB(x) -> PED(x))) # label(non_clause).  [assumption].
66 (all x (NPOB(x) -> NPED(x))) # label(non_clause).  [assumption].
67 (all x (ACH(x) | ACC(x) -> EV(x))) # label(non_clause).  [assumption].
68 (all x (ST(x) | PRO(x) -> STV(x))) # label(non_clause).  [assumption].
69 (all x (TL(x) -> TQ(x))) # label(non_clause).  [assumption].
70 (all x (SL(x) -> PQ(x))) # label(non_clause).  [assumption].
71 (all x (TR(x) | PR(x) | AR(x) -> R(x))) # label(non_clause).  [assumption].
72 (all x (APO(x) | NAPO(x) -> POB(x))) # label(non_clause).  [assumption].
73 (all x (MOB(x) | SOB(x) -> NPOB(x))) # label(non_clause).  [assumption].
74 (all x (T(x) -> TR(x))) # label(non_clause).  [assumption].
75 (all x (S(x) -> PR(x))) # label(non_clause).  [assumption].
76 (all x (ASO(x) | NASO(x) -> SOB(x))) # label(non_clause).  [assumption].
77 (all x (SAG(x) | SC(x) -> ASO(x))) # label(non_clause).  [assumption].
78 (all x (PT(x) <-> ED(x) | PD(x) | Q(x) | AB(x))) # label(non_clause).  [assumption].
79 (all x (ED(x) -> -PD(x) & -Q(x) & -AB(x))) # label(non_clause).  [assumption].
80 (all x (PD(x) -> -Q(x) & -AB(x))) # label(non_clause).  [assumption].
81 (all x (Q(x) -> -AB(x))) # label(non_clause).  [assumption].
82 (all x (ED(x) <-> PED(x) | NPED(x) | AS(x))) # label(non_clause).  [assumption].
83 (all x (PED(x) -> -NPED(x) & -AS(x))) # label(non_clause).  [assumption].
84 (all x (NPED(x) -> -AS(x))) # label(non_clause).  [assumption].
85 (all x (PD(x) <-> EV(x) | STV(x))) # label(non_clause).  [assumption].
86 (all x (EV(x) -> -STV(x))) # label(non_clause).  [assumption].
87 (all x (Q(x) <-> TQ(x) | PQ(x) | AQ(x))) # label(non_clause).  [assumption].
88 (all x (TQ(x) -> -PQ(x) & -AQ(x))) # label(non_clause).  [assumption].
89 (all x (PQ(x) -> -AQ(x))) # label(non_clause).  [assumption].
90 (all x (PED(x) <-> M(x) | F(x) | POB(x))) # label(non_clause).  [assumption].
91 (all x (M(x) -> -F(x) & -POB(x))) # label(non_clause).  [assumption].
92 (all x (F(x) -> -POB(x))) # label(non_clause).  [assumption].
93 (all x (EV(x) <-> ACH(x) | ACC(x))) # label(non_clause).  [assumption].
94 (all x (ACH(x) -> -ACC(x))) # label(non_clause).  [assumption].
95 (all x (STV(x) <-> ST(x) | PRO(x))) # label(non_clause).  [assumption].
96 (all x (ST(x) -> -PRO(x))) # label(non_clause).  [assumption].
97 (all x (R(x) <-> TR(x) | PR(x) | AR(x))) # label(non_clause).  [assumption].
98 (all x (TR(x) -> -PR(x) & -AR(x))) # label(non_clause).  [assumption].
99 (all x (PR(x) -> -AR(x))) # label(non_clause).  [assumption].
100 (all x (POB(x) <-> APO(x) | NAPO(x))) # label(non_clause).  [assumption].
101 (all x (APO(x) -> -NAPO(x))) # label(non_clause).  [assumption].
102 (all x (NPOB(x) <-> MOB(x) | SOB(x))) # label(non_clause).  [assumption].
103 (all x (MOB(x) -> -SOB(x))) # label(non_clause).  [assumption].
104 (all x (SOB(x) <-> ASO(x) | NASO(x))) # label(non_clause).  [assumption].
105 (all x (ASO(x) -> -NASO(x))) # label(non_clause).  [assumption].
106 (all x (ASO(x) <-> SAG(x) | SC(x))) # label(non_clause).  [assumption].
107 (all x (SAG(x) -> -SC(x))) # label(non_clause).  [assumption].
108 (all x (L_4(x) -> -L_5(x))) # label(non_clause) # label(goal).  [goal].

============================== end of process non-clausal formulas ===

============================== PROCESS INITIAL CLAUSES ===============

============================== PREDICATE ELIMINATION =================

Eliminating part1/2
109 part1(x,y) | -P(x,y) | -T(x) | -T(y).  [clausify(11)].
110 -part1(x,y) | P(x,y).  [clausify(11)].
111 -part1(x,y) | T(x).  [clausify(11)].
112 -part1(x,y) | T(y).  [clausify(11)].

Eliminating in1/2
113 in1(x,y) | -PRE(x,y) | -T(y) | -ED(x).  [clausify(12)].
114 -in1(x,y) | PRE(x,y) | PRE(y,x) | y = x.  [clausify(12)].
115 -in1(x,y) | PRE(x,y) | T(x) | y = x.  [clausify(12)].
116 -in1(x,y) | PRE(x,y) | ED(y) | y = x.  [clausify(12)].
117 -in1(x,y) | T(y) | PRE(y,x) | y = x.  [clausify(12)].
118 -in1(x,y) | T(y) | T(x) | y = x.  [clausify(12)].
119 -in1(x,y) | T(y) | ED(y).  [clausify(12)].
120 -in1(x,y) | ED(x) | PRE(y,x) | y = x.  [clausify(12)].
121 -in1(x,y) | ED(x) | T(x) | y = x.  [clausify(12)].
122 -in1(x,y) | ED(x) | ED(y) | y = x.  [clausify(12)].
123 in1(x,y) | -PRE(y,x) | -T(x) | -ED(y).  [clausify(12)].
124 in1(x,y) | y != x | -ED(y).  [clausify(12)].
125 in1(x,y) | y != x | -T(y).  [clausify(12)].

Eliminating point1/1
126 point1(x) | -T(x).  [clausify(13)].
127 -point1(x) | T(x).  [clausify(13)].

Eliminating line1/1
128 line1(x) | -ED(x).  [clausify(14)].
129 -line1(x) | ED(x).  [clausify(14)].

Eliminating tpart/3
130 tpart(x,y,z) | -tP(x,y,z) | -ED(x) | -ED(y) | -T(z).  [clausify(15)].
131 -tpart(x,y,z) | tP(x,y,z).  [clausify(15)].
132 -tpart(x,y,z) | ED(x).  [clausify(15)].
133 -tpart(x,y,z) | ED(y).  [clausify(15)].
134 -tpart(x,y,z) | T(z).  [clausify(15)].

Eliminating tlt/3
135 tlt(x,y,z) | -K(x,y,z) | -ED(x) | -ED(y) | -T(z).  [clausify(16)].
136 -tlt(x,y,z) | K(x,y,z).  [clausify(16)].
137 -tlt(x,y,z) | ED(x).  [clausify(16)].
138 -tlt(x,y,z) | ED(y).  [clausify(16)].
139 -tlt(x,y,z) | T(z).  [clausify(16)].

Eliminating L_1/1
140 L_1(x) | -ED(x).  [clausify(17)].
141 -L_1(x) | ED(x).  [clausify(17)].

Eliminating L_2/1
142 L_2(x) | -PD(x).  [clausify(18)].
143 -L_2(x) | PD(x).  [clausify(18)].

Eliminating L_3/1
144 L_3(x) | -Q(x).  [clausify(19)].
145 -L_3(x) | Q(x).  [clausify(19)].

Eliminating L_4/1
146 L_4(x) | -PED(x).  [clausify(20)].
147 -L_4(x) | PED(x).  [clausify(20)].
148 L_4(c1).  [deny(108)].
Derived: PED(c1).  [resolve(148,a,147,a)].

Eliminating L_5/1
149 L_5(x) | -NPED(x).  [clausify(21)].
150 -L_5(x) | NPED(x).  [clausify(21)].
151 L_5(c1).  [deny(108)].
Derived: NPED(c1).  [resolve(151,a,150,a)].

Eliminating disjoint/2

Eliminating poset_element/1
152 poset_element(x) | -ED(x).  [clausify(23)].
153 -poset_element(x) | ED(x).  [clausify(23)].

Eliminating mereo_element/1
154 mereo_element(x) | -PD(x).  [clausify(24)].
155 -mereo_element(x) | PD(x).  [clausify(24)].

Eliminating tDJ/3
156 -tDJ(x,y,z) | -tO(x,y,z).  [clausify(36)].
157 -PRE(x,y) | -PRE(z,y) | tP(x,z,y) | tDJ(f4(x,z,y),z,y).  [clausify(33)].
Derived: -tO(f4(x,y,z),y,z) | -PRE(x,z) | -PRE(y,z) | tP(x,y,z).  [resolve(156,a,157,d)].
158 tDJ(x,y,z) | tO(x,y,z).  [clausify(36)].

Eliminating tU/3
159 tU(x,y,z) | -tP(x,u,z) | -tP(y,u,z).  [clausify(37)].
160 -tU(x,y,z) | tP(x,f6(x,y,z),z).  [clausify(37)].
161 -tU(x,y,z) | tP(y,f6(x,y,z),z).  [clausify(37)].
Derived: -tP(x,y,z) | -tP(u,y,z) | tP(x,f6(x,u,z),z).  [resolve(159,a,160,a)].
Derived: -tP(x,y,z) | -tP(u,y,z) | tP(u,f6(x,u,z),z).  [resolve(159,a,161,a)].
162 -tU(x,y,z) | -tO(u,f8(x,y,z),z) | tO(u,x,z) | tO(u,y,z).  [clausify(39)].
Derived: -tO(x,f8(y,z,u),u) | tO(x,y,u) | tO(x,z,u) | -tP(y,w,u) | -tP(z,w,u).  [resolve(162,a,159,a)].
163 -tU(x,y,z) | tO(u,f8(x,y,z),z) | -tO(u,x,z).  [clausify(39)].
Derived: tO(x,f8(y,z,u),u) | -tO(x,y,u) | -tP(y,w,u) | -tP(z,w,u).  [resolve(163,a,159,a)].
164 -tU(x,y,z) | tO(u,f8(x,y,z),z) | -tO(u,y,z).  [clausify(39)].
Derived: tO(x,f8(y,z,u),u) | -tO(x,z,u) | -tP(y,w,u) | -tP(z,w,u).  [resolve(164,a,159,a)].

Eliminating tAtP/2
165 tAtP(x,y) | tP(f7(x,y),x,y).  [clausify(38)].
166 -tAtP(x,y) | -tP(z,x,y) | z = x.  [clausify(38)].
Derived: tP(f7(x,y),x,y) | -tP(z,x,y) | z = x.  [resolve(165,a,166,a)].
167 tAtP(x,y) | f7(x,y) != x.  [clausify(38)].
Derived: f7(x,y) != x | -tP(z,x,y) | z = x.  [resolve(167,a,166,a)].

Eliminating Q/1
168 -TQ(x) | Q(x).  [clausify(63)].
169 -Q(x) | PRE(x,f10(x)).  [clausify(41)].
170 -Q(x) | PT(x).  [clausify(60)].
Derived: -TQ(x) | PRE(x,f10(x)).  [resolve(168,b,169,a)].
Derived: -TQ(x) | PT(x).  [resolve(168,b,170,a)].
171 -PQ(x) | Q(x).  [clausify(63)].
Derived: -PQ(x) | PRE(x,f10(x)).  [resolve(171,b,169,a)].
Derived: -PQ(x) | PT(x).  [resolve(171,b,170,a)].
172 -AQ(x) | Q(x).  [clausify(63)].
Derived: -AQ(x) | PRE(x,f10(x)).  [resolve(172,b,169,a)].
Derived: -AQ(x) | PT(x).  [resolve(172,b,170,a)].
173 -PT(x) | ED(x) | PD(x) | Q(x) | AB(x).  [clausify(78)].
Derived: -PT(x) | ED(x) | PD(x) | AB(x) | PRE(x,f10(x)).  [resolve(173,d,169,a)].
174 PT(x) | -Q(x).  [clausify(78)].
175 -ED(x) | -Q(x).  [clausify(79)].
Derived: -ED(x) | -TQ(x).  [resolve(175,b,168,b)].
Derived: -ED(x) | -PQ(x).  [resolve(175,b,171,b)].
Derived: -ED(x) | -AQ(x).  [resolve(175,b,172,b)].
176 -PD(x) | -Q(x).  [clausify(80)].
Derived: -PD(x) | -TQ(x).  [resolve(176,b,168,b)].
Derived: -PD(x) | -PQ(x).  [resolve(176,b,171,b)].
Derived: -PD(x) | -AQ(x).  [resolve(176,b,172,b)].
177 -Q(x) | -AB(x).  [clausify(81)].
Derived: -AB(x) | -TQ(x).  [resolve(177,a,168,b)].
Derived: -AB(x) | -PQ(x).  [resolve(177,a,171,b)].
Derived: -AB(x) | -AQ(x).  [resolve(177,a,172,b)].
178 -Q(x) | TQ(x) | PQ(x) | AQ(x).  [clausify(87)].
Derived: TQ(x) | PQ(x) | AQ(x) | -PT(x) | ED(x) | PD(x) | AB(x).  [resolve(178,a,173,d)].
179 Q(x) | -TQ(x).  [clausify(87)].
180 Q(x) | -PQ(x).  [clausify(87)].
181 Q(x) | -AQ(x).  [clausify(87)].

Eliminating SUM/3
182 -T(x) | -T(y) | -T(z) | SUM(z,x,y) | T(f18(x,y,z)).  [clausify(59)].
183 -PRE(x,y) | -PRE(x,z) | -SUM(u,y,z) | PRE(x,u).  [clausify(44)].
184 -T(x) | -T(y) | -T(z) | -SUM(z,x,y) | -T(u) | -O(u,z) | O(u,x) | O(u,y).  [clausify(59)].
185 -T(x) | -T(y) | -T(z) | -SUM(z,x,y) | -T(u) | O(u,z) | -O(u,x).  [clausify(59)].
186 -T(x) | -T(y) | -T(z) | -SUM(z,x,y) | -T(u) | O(u,z) | -O(u,y).  [clausify(59)].
Derived: -T(x) | -T(y) | -T(z) | T(f18(x,y,z)) | -PRE(u,x) | -PRE(u,y) | PRE(u,z).  [resolve(182,d,183,c)].
Derived: -T(x) | -T(y) | -T(z) | T(f18(x,y,z)) | -T(x) | -T(y) | -T(z) | -T(u) | -O(u,z) | O(u,x) | O(u,y).  [resolve(182,d,184,d)].
Derived: -T(x) | -T(y) | -T(z) | T(f18(x,y,z)) | -T(x) | -T(y) | -T(z) | -T(u) | O(u,z) | -O(u,x).  [resolve(182,d,185,d)].
Derived: -T(x) | -T(y) | -T(z) | T(f18(x,y,z)) | -T(x) | -T(y) | -T(z) | -T(u) | O(u,z) | -O(u,y).  [resolve(182,d,186,d)].
187 -T(x) | -T(y) | -T(z) | SUM(z,x,y) | O(f18(x,y,z),z) | O(f18(x,y,z),x) | O(f18(x,y,z),y).  [clausify(59)].
Derived: -T(x) | -T(y) | -T(z) | O(f18(x,y,z),z) | O(f18(x,y,z),x) | O(f18(x,y,z),y) | -PRE(u,x) | -PRE(u,y) | PRE(u,z).  [resolve(187,d,183,c)].
Derived: -T(x) | -T(y) | -T(z) | O(f18(x,y,z),z) | O(f18(x,y,z),x) | O(f18(x,y,z),y) | -T(x) | -T(y) | -T(z) | -T(u) | -O(u,z) | O(u,x) | O(u,y).  [resolve(187,d,184,d)].
Derived: -T(x) | -T(y) | -T(z) | O(f18(x,y,z),z) | O(f18(x,y,z),x) | O(f18(x,y,z),y) | -T(x) | -T(y) | -T(z) | -T(u) | O(u,z) | -O(u,x).  [resolve(187,d,185,d)].
Derived: -T(x) | -T(y) | -T(z) | O(f18(x,y,z),z) | O(f18(x,y,z),x) | O(f18(x,y,z),y) | -T(x) | -T(y) | -T(z) | -T(u) | O(u,z) | -O(u,y).  [resolve(187,d,186,d)].
188 -T(x) | -T(y) | -T(z) | SUM(z,x,y) | -O(f18(x,y,z),z) | -O(f18(x,y,z),x).  [clausify(59)].
Derived: -T(x) | -T(y) | -T(z) | -O(f18(x,y,z),z) | -O(f18(x,y,z),x) | -PRE(u,x) | -PRE(u,y) | PRE(u,z).  [resolve(188,d,183,c)].
Derived: -T(x) | -T(y) | -T(z) | -O(f18(x,y,z),z) | -O(f18(x,y,z),x) | -T(x) | -T(y) | -T(z) | -T(u) | -O(u,z) | O(u,x) | O(u,y).  [resolve(188,d,184,d)].
Derived: -T(x) | -T(y) | -T(z) | -O(f18(x,y,z),z) | -O(f18(x,y,z),x) | -T(x) | -T(y) | -T(z) | -T(u) | O(u,z) | -O(u,x).  [resolve(188,d,185,d)].
Derived: -T(x) | -T(y) | -T(z) | -O(f18(x,y,z),z) | -O(f18(x,y,z),x) | -T(x) | -T(y) | -T(z) | -T(u) | O(u,z) | -O(u,y).  [resolve(188,d,186,d)].
189 -T(x) | -T(y) | -T(z) | SUM(z,x,y) | -O(f18(x,y,z),z) | -O(f18(x,y,z),y).  [clausify(59)].
Derived: -T(x) | -T(y) | -T(z) | -O(f18(x,y,z),z) | -O(f18(x,y,z),y) | -PRE(u,x) | -PRE(u,y) | PRE(u,z).  [resolve(189,d,183,c)].
Derived: -T(x) | -T(y) | -T(z) | -O(f18(x,y,z),z) | -O(f18(x,y,z),y) | -T(x) | -T(y) | -T(z) | -T(u) | -O(u,z) | O(u,x) | O(u,y).  [resolve(189,d,184,d)].
Derived: -T(x) | -T(y) | -T(z) | -O(f18(x,y,z),z) | -O(f18(x,y,z),y) | -T(x) | -T(y) | -T(z) | -T(u) | O(u,z) | -O(u,x).  [resolve(189,d,185,d)].
Derived: -T(x) | -T(y) | -T(z) | -O(f18(x,y,z),z) | -O(f18(x,y,z),y) | -T(x) | -T(y) | -T(z) | -T(u) | O(u,z) | -O(u,y).  [resolve(189,d,186,d)].

Eliminating DJ/2
190 -T(x) | -T(y) | -DJ(x,y) | -O(x,y).  [clausify(54)].
191 -T(x) | -T(y) | P(x,y) | DJ(f12(x,y),y).  [clausify(51)].
Derived: -T(f12(x,y)) | -T(y) | -O(f12(x,y),y) | -T(x) | -T(y) | P(x,y).  [resolve(190,c,191,d)].
192 -T(x) | -T(y) | DJ(x,y) | O(x,y).  [clausify(54)].

Eliminating U/2
193 -T(x) | -T(y) | U(x,y) | -P(x,z) | -P(y,z) | -T(z).  [clausify(55)].
194 -T(x) | -T(y) | -U(x,y) | P(x,f14(x,y)).  [clausify(55)].
195 -T(x) | -T(y) | -U(x,y) | P(y,f14(x,y)).  [clausify(55)].
196 -T(x) | -T(y) | -U(x,y) | T(f14(x,y)).  [clausify(55)].
Derived: -T(x) | -T(y) | -P(x,z) | -P(y,z) | -T(z) | -T(x) | -T(y) | P(x,f14(x,y)).  [resolve(193,c,194,c)].
Derived: -T(x) | -T(y) | -P(x,z) | -P(y,z) | -T(z) | -T(x) | -T(y) | P(y,f14(x,y)).  [resolve(193,c,195,c)].
Derived: -T(x) | -T(y) | -P(x,z) | -P(y,z) | -T(z) | -T(x) | -T(y) | T(f14(x,y)).  [resolve(193,c,196,c)].
197 -T(x) | -T(y) | -U(x,y) | T(f16(x,y)).  [clausify(57)].
Derived: -T(x) | -T(y) | T(f16(x,y)) | -T(x) | -T(y) | -P(x,z) | -P(y,z) | -T(z).  [resolve(197,c,193,c)].
198 -T(x) | -T(y) | -U(x,y) | -T(z) | -O(z,f16(x,y)) | O(z,x) | O(z,y).  [clausify(57)].
Derived: -T(x) | -T(y) | -T(z) | -O(z,f16(x,y)) | O(z,x) | O(z,y) | -T(x) | -T(y) | -P(x,u) | -P(y,u) | -T(u).  [resolve(198,c,193,c)].
199 -T(x) | -T(y) | -U(x,y) | -T(z) | O(z,f16(x,y)) | -O(z,x).  [clausify(57)].
Derived: -T(x) | -T(y) | -T(z) | O(z,f16(x,y)) | -O(z,x) | -T(x) | -T(y) | -P(x,u) | -P(y,u) | -T(u).  [resolve(199,c,193,c)].
200 -T(x) | -T(y) | -U(x,y) | -T(z) | O(z,f16(x,y)) | -O(z,y).  [clausify(57)].
Derived: -T(x) | -T(y) | -T(z) | O(z,f16(x,y)) | -O(z,y) | -T(x) | -T(y) | -P(x,u) | -P(y,u) | -T(u).  [resolve(200,c,193,c)].

Eliminating AtP/1
201 AtP(x) | -T(x) | T(f15(x)).  [clausify(56)].
202 -AtP(x) | T(x).  [clausify(56)].
203 -AtP(x) | -T(y) | -P(y,x) | y = x.  [clausify(56)].
Derived: -T(x) | T(f15(x)) | -T(y) | -P(y,x) | y = x.  [resolve(201,a,203,a)].
204 AtP(x) | -T(x) | P(f15(x),x).  [clausify(56)].
Derived: -T(x) | P(f15(x),x) | -T(y) | -P(y,x) | y = x.  [resolve(204,a,203,a)].
205 AtP(x) | -T(x) | f15(x) != x.  [clausify(56)].
Derived: -T(x) | f15(x) != x | -T(y) | -P(y,x) | y = x.  [resolve(205,a,203,a)].

Eliminating PT/1
206 -PT(x) | ED(x) | PD(x) | AB(x) | PRE(x,f10(x)).  [resolve(173,d,169,a)].
207 -ED(x) | PT(x).  [clausify(60)].
208 -PD(x) | PT(x).  [clausify(60)].
209 -AB(x) | PT(x).  [clausify(60)].
210 PT(x) | -ED(x).  [clausify(78)].
211 PT(x) | -PD(x).  [clausify(78)].
212 PT(x) | -AB(x).  [clausify(78)].
213 -TQ(x) | PT(x).  [resolve(168,b,170,a)].
214 -PQ(x) | PT(x).  [resolve(171,b,170,a)].
215 -AQ(x) | PT(x).  [resolve(172,b,170,a)].
Derived: ED(x) | PD(x) | AB(x) | PRE(x,f10(x)) | -TQ(x).  [resolve(206,a,213,b)].
Derived: ED(x) | PD(x) | AB(x) | PRE(x,f10(x)) | -PQ(x).  [resolve(206,a,214,b)].
Derived: ED(x) | PD(x) | AB(x) | PRE(x,f10(x)) | -AQ(x).  [resolve(206,a,215,b)].
216 TQ(x) | PQ(x) | AQ(x) | -PT(x) | ED(x) | PD(x) | AB(x).  [resolve(178,a,173,d)].

Eliminating AS/1
217 -ED(x) | PED(x) | NPED(x) | AS(x).  [clausify(82)].
218 -AS(x) | ED(x).  [clausify(61)].
219 ED(x) | -AS(x).  [clausify(82)].
220 -PED(x) | -AS(x).  [clausify(83)].
221 -NPED(x) | -AS(x).  [clausify(84)].

Eliminating EV/1
222 -ACH(x) | EV(x).  [clausify(67)].
223 -EV(x) | PD(x).  [clausify(62)].
Derived: -ACH(x) | PD(x).  [resolve(222,b,223,a)].
224 -ACC(x) | EV(x).  [clausify(67)].
Derived: -ACC(x) | PD(x).  [resolve(224,b,223,a)].
225 -PD(x) | EV(x) | STV(x).  [clausify(85)].
226 PD(x) | -EV(x).  [clausify(85)].
227 -EV(x) | -STV(x).  [clausify(86)].
Derived: -STV(x) | -ACH(x).  [resolve(227,a,222,b)].
Derived: -STV(x) | -ACC(x).  [resolve(227,a,224,b)].
228 -EV(x) | ACH(x) | ACC(x).  [clausify(93)].
Derived: ACH(x) | ACC(x) | -PD(x) | STV(x).  [resolve(228,a,225,b)].
229 EV(x) | -ACH(x).  [clausify(93)].
230 EV(x) | -ACC(x).  [clausify(93)].

Eliminating STV/1
231 -ST(x) | STV(x).  [clausify(68)].
232 -STV(x) | PD(x).  [clausify(62)].
Derived: -ST(x) | PD(x).  [resolve(231,b,232,a)].
233 -PRO(x) | STV(x).  [clausify(68)].
Derived: -PRO(x) | PD(x).  [resolve(233,b,232,a)].
234 PD(x) | -STV(x).  [clausify(85)].
235 -STV(x) | ST(x) | PRO(x).  [clausify(95)].
236 STV(x) | -ST(x).  [clausify(95)].
237 STV(x) | -PRO(x).  [clausify(95)].
238 -STV(x) | -ACH(x).  [resolve(227,a,222,b)].
Derived: -ACH(x) | -ST(x).  [resolve(238,a,231,b)].
Derived: -ACH(x) | -PRO(x).  [resolve(238,a,233,b)].
239 -STV(x) | -ACC(x).  [resolve(227,a,224,b)].
Derived: -ACC(x) | -ST(x).  [resolve(239,a,231,b)].
Derived: -ACC(x) | -PRO(x).  [resolve(239,a,233,b)].
240 ACH(x) | ACC(x) | -PD(x) | STV(x).  [resolve(228,a,225,b)].
Derived: ACH(x) | ACC(x) | -PD(x) | ST(x) | PRO(x).  [resolve(240,d,235,a)].

Eliminating R/1
241 -TR(x) | R(x).  [clausify(71)].
242 -R(x) | AB(x).  [clausify(64)].
Derived: -TR(x) | AB(x).  [resolve(241,b,242,a)].
243 -PR(x) | R(x).  [clausify(71)].
Derived: -PR(x) | AB(x).  [resolve(243,b,242,a)].
244 -AR(x) | R(x).  [clausify(71)].
Derived: -AR(x) | AB(x).  [resolve(244,b,242,a)].
245 -R(x) | TR(x) | PR(x) | AR(x).  [clausify(97)].
246 R(x) | -TR(x).  [clausify(97)].
247 R(x) | -PR(x).  [clausify(97)].
248 R(x) | -AR(x).  [clausify(97)].

Eliminating M/1
249 -PED(x) | M(x) | F(x) | POB(x).  [clausify(90)].
250 -M(x) | PED(x).  [clausify(65)].
251 PED(x) | -M(x).  [clausify(90)].
252 -M(x) | -F(x).  [clausify(91)].
253 -M(x) | -POB(x).  [clausify(91)].

Eliminating F/1

Eliminating POB/1
254 -APO(x) | POB(x).  [clausify(72)].
255 -POB(x) | PED(x).  [clausify(65)].
Derived: -APO(x) | PED(x).  [resolve(254,b,255,a)].
256 -NAPO(x) | POB(x).  [clausify(72)].
Derived: -NAPO(x) | PED(x).  [resolve(256,b,255,a)].
257 PED(x) | -POB(x).  [clausify(90)].
258 -POB(x) | APO(x) | NAPO(x).  [clausify(100)].
259 POB(x) | -APO(x).  [clausify(100)].
260 POB(x) | -NAPO(x).  [clausify(100)].

Eliminating NPOB/1
261 -MOB(x) | NPOB(x).  [clausify(73)].
262 -NPOB(x) | NPED(x).  [clausify(66)].
Derived: -MOB(x) | NPED(x).  [resolve(261,b,262,a)].
263 -SOB(x) | NPOB(x).  [clausify(73)].
Derived: -SOB(x) | NPED(x).  [resolve(263,b,262,a)].
264 -NPOB(x) | MOB(x) | SOB(x).  [clausify(102)].
265 NPOB(x) | -MOB(x).  [clausify(102)].
266 NPOB(x) | -SOB(x).  [clausify(102)].

Eliminating TL/1

Eliminating SL/1

Eliminating TR/1
267 -TR(x) | -PR(x).  [clausify(98)].
268 -T(x) | TR(x).  [clausify(74)].
Derived: -PR(x) | -T(x).  [resolve(267,a,268,b)].
269 -TR(x) | -AR(x).  [clausify(98)].
Derived: -AR(x) | -T(x).  [resolve(269,a,268,b)].
270 -TR(x) | AB(x).  [resolve(241,b,242,a)].
Derived: AB(x) | -T(x).  [resolve(270,a,268,b)].

Eliminating S/1

Eliminating ASO/1
271 -SAG(x) | ASO(x).  [clausify(77)].
272 -ASO(x) | SOB(x).  [clausify(76)].
Derived: -SAG(x) | SOB(x).  [resolve(271,b,272,a)].
273 -SC(x) | ASO(x).  [clausify(77)].
Derived: -SC(x) | SOB(x).  [resolve(273,b,272,a)].
274 -SOB(x) | ASO(x) | NASO(x).  [clausify(104)].
275 SOB(x) | -ASO(x).  [clausify(104)].
276 -ASO(x) | -NASO(x).  [clausify(105)].
Derived: -NASO(x) | -SAG(x).  [resolve(276,a,271,b)].
Derived: -NASO(x) | -SC(x).  [resolve(276,a,273,b)].
277 -ASO(x) | SAG(x) | SC(x).  [clausify(106)].
Derived: SAG(x) | SC(x) | -SOB(x) | NASO(x).  [resolve(277,a,274,b)].
278 ASO(x) | -SAG(x).  [clausify(106)].
279 ASO(x) | -SC(x).  [clausify(106)].

Eliminating NASO/1
280 SAG(x) | SC(x) | -SOB(x) | NASO(x).  [resolve(277,a,274,b)].
281 -NASO(x) | SOB(x).  [clausify(76)].
282 SOB(x) | -NASO(x).  [clausify(104)].
283 -NASO(x) | -SAG(x).  [resolve(276,a,271,b)].
284 -NASO(x) | -SC(x).  [resolve(276,a,273,b)].

Eliminating AB/1
285 ED(x) | PD(x) | AB(x) | PRE(x,f10(x)) | -TQ(x).  [resolve(206,a,213,b)].
286 -ED(x) | -AB(x).  [clausify(79)].
287 -PD(x) | -AB(x).  [clausify(80)].
288 -AB(x) | -TQ(x).  [resolve(177,a,168,b)].
289 -AB(x) | -PQ(x).  [resolve(177,a,171,b)].
290 -AB(x) | -AQ(x).  [resolve(177,a,172,b)].
Derived: ED(x) | PD(x) | PRE(x,f10(x)) | -TQ(x) | -TQ(x).  [resolve(285,c,288,a)].
291 ED(x) | PD(x) | AB(x) | PRE(x,f10(x)) | -PQ(x).  [resolve(206,a,214,b)].
Derived: ED(x) | PD(x) | PRE(x,f10(x)) | -PQ(x) | -PQ(x).  [resolve(291,c,289,a)].
292 ED(x) | PD(x) | AB(x) | PRE(x,f10(x)) | -AQ(x).  [resolve(206,a,215,b)].
Derived: ED(x) | PD(x) | PRE(x,f10(x)) | -AQ(x) | -AQ(x).  [resolve(292,c,290,a)].
293 -PR(x) | AB(x).  [resolve(243,b,242,a)].
Derived: -PR(x) | -ED(x).  [resolve(293,b,286,b)].
Derived: -PR(x) | -PD(x).  [resolve(293,b,287,b)].
Derived: -PR(x) | -TQ(x).  [resolve(293,b,288,a)].
Derived: -PR(x) | -PQ(x).  [resolve(293,b,289,a)].
Derived: -PR(x) | -AQ(x).  [resolve(293,b,290,a)].
294 -AR(x) | AB(x).  [resolve(244,b,242,a)].
Derived: -AR(x) | -ED(x).  [resolve(294,b,286,b)].
Derived: -AR(x) | -PD(x).  [resolve(294,b,287,b)].
Derived: -AR(x) | -TQ(x).  [resolve(294,b,288,a)].
Derived: -AR(x) | -PQ(x).  [resolve(294,b,289,a)].
Derived: -AR(x) | -AQ(x).  [resolve(294,b,290,a)].
295 AB(x) | -T(x).  [resolve(270,a,268,b)].
Derived: -T(x) | -ED(x).  [resolve(295,a,286,b)].
Derived: -T(x) | -PD(x).  [resolve(295,a,287,b)].
Derived: -T(x) | -TQ(x).  [resolve(295,a,288,a)].
Derived: -T(x) | -PQ(x).  [resolve(295,a,289,a)].
Derived: -T(x) | -AQ(x).  [resolve(295,a,290,a)].

Eliminating ACH/1
296 ACH(x) | ACC(x) | -PD(x) | ST(x) | PRO(x).  [resolve(240,d,235,a)].
297 -ACH(x) | -ACC(x).  [clausify(94)].
298 -ACH(x) | PD(x).  [resolve(222,b,223,a)].
299 -ACH(x) | -ST(x).  [resolve(238,a,231,b)].
300 -ACH(x) | -PRO(x).  [resolve(238,a,233,b)].

Eliminating ST/1

Eliminating PR/1

Eliminating APO/1

Eliminating MOB/1

Eliminating SAG/1

Eliminating ACC/1

Eliminating PRO/1

Eliminating NAPO/1

Eliminating SOB/1
301 -SC(x) | SOB(x).  [resolve(273,b,272,a)].
302 -SOB(x) | NPED(x).  [resolve(263,b,262,a)].
Derived: -SC(x) | NPED(x).  [resolve(301,b,302,a)].

Eliminating AR/1

Eliminating SC/1

============================== end predicate elimination =============

Term ordering decisions:
Predicate symbol precedence:  predicate_order([ =, T, ED, NPED, PED, PD, AQ, PQ, TQ, O, P, PRE, PP, tP, K, tO, tPP ]).
Function symbol precedence:  function_order([ c1, f7, f11, f12, f13, f14, f16, f17, f10, f15, f1, f4, f5, f6, f8, f9, f18, f2, f3 ]).
After inverse_order:  (no changes).
Unfolding symbols: (none).

Auto_inference settings:
  % set(paramodulation).  % (positive equality literals)
  % set(binary_resolution).  % (non-Horn)

Auto_process settings:
  % set(factor).  % (non-Horn)
  % set(unit_deletion).  % (non-Horn)

============================== end of process initial clauses ========

============================== CLAUSES FOR SEARCH ====================

============================== end of clauses for search =============

============================== SEARCH ================================

% Starting search at 0.13 seconds.

============================== PROOF =================================

% Proof 1 at 0.14 (+ 0.01) seconds.
% Length of proof is 12.
% Level of proof is 3.
% Maximum clause weight is 4.000.
% Given clauses 76.

20 (all x (L_4(x) <-> PED(x))) # label(non_clause).  [assumption].
21 (all x (L_5(x) <-> NPED(x))) # label(non_clause).  [assumption].
83 (all x (PED(x) -> -NPED(x) & -AS(x))) # label(non_clause).  [assumption].
108 (all x (L_4(x) -> -L_5(x))) # label(non_clause) # label(goal).  [goal].
147 -L_4(x) | PED(x).  [clausify(20)].
148 L_4(c1).  [deny(108)].
150 -L_5(x) | NPED(x).  [clausify(21)].
151 L_5(c1).  [deny(108)].
374 -PED(x) | -NPED(x).  [clausify(83)].
378 PED(c1).  [resolve(148,a,147,a)].
379 NPED(c1).  [resolve(151,a,150,a)].
622 $F.  [resolve(378,a,374,a),unit_del(a,379)].

============================== end of proof ==========================

============================== STATISTICS ============================

Given=76. Generated=783. Kept=296. proofs=1.
Usable=76. Sos=217. Demods=0. Limbo=0, Disabled=365. Hints=0.
Kept_by_rule=0, Deleted_by_rule=0.
Forward_subsumed=486. Back_subsumed=3.
Sos_limit_deleted=0. Sos_displaced=0. Sos_removed=0.
New_demodulators=0 (0 lex), Back_demodulated=0. Back_unit_deleted=0.
Demod_attempts=0. Demod_rewrites=0.
Res_instance_prunes=0. Para_instance_prunes=0. Basic_paramod_prunes=0.
Nonunit_fsub_feature_tests=1515. Nonunit_bsub_feature_tests=2595.
Megabytes=1.06.
User_CPU=0.14, System_CPU=0.01, Wall_clock=1.

============================== end of statistics =====================

============================== end of search =========================

THEOREM PROVED

Exiting with 1 proof.

Process 20333 exit (max_proofs) Mon Jul 22 00:38:00 2013
